<testsuite errors="0" failures="0" tests="53" skipped="0" name="org.elasticsearch.index.engine.InternalEngineTests" hostname="nohost.nodomain" time="38.429" timestamp="2016-09-18T12:46:38">
   <properties class="java.util.ArrayList">
      <property name="awt.toolkit" value="sun.awt.windows.WToolkit"/>
      <property name="file.encoding" value="Cp1252"/>
      <property name="file.encoding.pkg" value="sun.io"/>
      <property name="file.separator" value="\"/>
      <property name="java.awt.graphicsenv" value="sun.awt.Win32GraphicsEnvironment"/>
      <property name="java.awt.headless" value="true"/>
      <property name="java.awt.printerjob" value="sun.awt.windows.WPrinterJob"/>
      <property name="java.class.path" value="C:\Users\kmala\workspace\Team3\core\build\classes\test;C:\Users\kmala\workspace\Team3\core\build\resources\test;C:\Users\kmala\workspace\Team3\core\build\classes\main;C:\Users\kmala\workspace\Team3\core\build\resources\main;C:\Users\kmala\.gradle\caches\modules-2\files-2.1\org.apache.lucene\lucene-core\6.2.0\849ee62525a294416802be2cacc66c80352f6f13\lucene-core-6.2.0.jar;C:\Users\kmala\.gradle\caches\modules-2\files-2.1\org.apache.lucene\lucene-analyzers-common\6.2.0\d254d52dd394b5079129f3d5f3bf4f2d44a5936e\lucene-analyzers-common-6.2.0.jar;C:\Users\kmala\.gradle\caches\modules-2\files-2.1\org.apache.lucene\lucene-backward-codecs\6.2.0\b625bb21456b3c0d1e5e431bced125cb060c1abd\lucene-backward-codecs-6.2.0.jar;C:\Users\kmala\.gradle\caches\modules-2\files-2.1\org.apache.lucene\lucene-grouping\6.2.0\9527fedfd5acc624b2bb3f862bd99fb8f470b053\lucene-grouping-6.2.0.jar;C:\Users\kmala\.gradle\caches\modules-2\files-2.1\org.apache.lucene\lucene-highlighter\6.2.0\7ca342372a3f45e32bbd21cecaa757e38eccb8a5\lucene-highlighter-6.2.0.jar;C:\Users\kmala\.gradle\caches\modules-2\files-2.1\org.apache.lucene\lucene-join\6.2.0\da0b8de98511abd4fe9c7d48a353d17854c5ed46\lucene-join-6.2.0.jar;C:\Users\kmala\.gradle\caches\modules-2\files-2.1\org.apache.lucene\lucene-memory\6.2.0\bc9e075b1ee051c8e5246c237c38d8e71dab8a66\lucene-memory-6.2.0.jar;C:\Users\kmala\.gradle\caches\modules-2\files-2.1\org.apache.lucene\lucene-misc\6.2.0\94ddde6312566a4da4a50a88e453b6c82c759b41\lucene-misc-6.2.0.jar;C:\Users\kmala\.gradle\caches\modules-2\files-2.1\org.apache.lucene\lucene-queries\6.2.0\dce47238f78e3e97d91dc6fefa9f46f07866bc2b\lucene-queries-6.2.0.jar;C:\Users\kmala\.gradle\caches\modules-2\files-2.1\org.apache.lucene\lucene-queryparser\6.2.0\17ef728ac15e668bfa1105321611548424637645\lucene-queryparser-6.2.0.jar;C:\Users\kmala\.gradle\caches\modules-2\files-2.1\org.apache.lucene\lucene-sandbox\6.2.0\520183f7b9aba77a26e224760c420a3844b0631a\lucene-sandbox-6.2.0.jar;C:\Users\kmala\.gradle\caches\modules-2\files-2.1\org.apache.lucene\lucene-spatial\6.2.0\8dba929b66927b936fbc76103b109ad6c824daee\lucene-spatial-6.2.0.jar;C:\Users\kmala\.gradle\caches\modules-2\files-2.1\org.apache.lucene\lucene-spatial-extras\6.2.0\3b5a6ef5cd90c0218a72e9e2f7e60104be2447da\lucene-spatial-extras-6.2.0.jar;C:\Users\kmala\.gradle\caches\modules-2\files-2.1\org.apache.lucene\lucene-spatial3d\6.2.0\fcdb0567725722c5145149d1502848b6a96ec18d\lucene-spatial3d-6.2.0.jar;C:\Users\kmala\.gradle\caches\modules-2\files-2.1\org.apache.lucene\lucene-suggest\6.2.0\3d9d526c51f483d27f425c75d7e56bc0849242d6\lucene-suggest-6.2.0.jar;C:\Users\kmala\.gradle\caches\modules-2\files-2.1\org.elasticsearch\securesm\1.1\1e423447d020041534be94c0f31a49fbdc1f2950\securesm-1.1.jar;C:\Users\kmala\.gradle\caches\modules-2\files-2.1\net.sf.jopt-simple\jopt-simple\5.0.2\98cafc6081d5632b61be2c9e60650b64ddbc637c\jopt-simple-5.0.2.jar;C:\Users\kmala\.gradle\caches\modules-2\files-2.1\com.carrotsearch\hppc\0.7.1\8b5057f74ea378c0150a1860874a3ebdcb713767\hppc-0.7.1.jar;C:\Users\kmala\.gradle\caches\modules-2\files-2.1\joda-time\joda-time\2.9.4\1c295b462f16702ebe720bbb08f62e1ba80da41b\joda-time-2.9.4.jar;C:\Users\kmala\.gradle\caches\modules-2\files-2.1\org.joda\joda-convert\1.2\35ec554f0cd00c956cc69051514d9488b1374dec\joda-convert-1.2.jar;C:\Users\kmala\.gradle\caches\modules-2\files-2.1\org.yaml\snakeyaml\1.15\3b132bea69e8ee099f416044970997bde80f4ea6\snakeyaml-1.15.jar;C:\Users\kmala\.gradle\caches\modules-2\files-2.1\com.fasterxml.jackson.core\jackson-core\2.8.1\fd13b1c033741d48291315c6370f7d475a42dccf\jackson-core-2.8.1.jar;C:\Users\kmala\.gradle\caches\modules-2\files-2.1\com.fasterxml.jackson.dataformat\jackson-dataformat-smile\2.8.1\5b73867bc12224946fc67fc8d49d9f5e698d7f\jackson-dataformat-smile-2.8.1.jar;C:\Users\kmala\.gradle\caches\modules-2\files-2.1\com.fasterxml.jackson.dataformat\jackson-dataformat-yaml\2.8.1\eb63166c723b0b4b9fb5298fca232a2f6612ec34\jackson-dataformat-yaml-2.8.1.jar;C:\Users\kmala\.gradle\caches\modules-2\files-2.1\com.fasterxml.jackson.dataformat\jackson-dataformat-cbor\2.8.1\3a6fb7e75c9972559a78cf5cfc5a48a41a13ea40\jackson-dataformat-cbor-2.8.1.jar;C:\Users\kmala\.gradle\caches\modules-2\files-2.1\com.tdunning\t-digest\3.0\84ccf145ac2215e6bfa63baa3101c0af41017cfc\t-digest-3.0.jar;C:\Users\kmala\.gradle\caches\modules-2\files-2.1\org.hdrhistogram\HdrHistogram\2.1.6\7495feb7f71ee124bd2a7e7d83590e296d71d80e\HdrHistogram-2.1.6.jar;C:\Users\kmala\.gradle\caches\modules-2\files-2.1\org.locationtech.spatial4j\spatial4j\0.6\21b15310bddcfd8c72611c180f20cf23279809a3\spatial4j-0.6.jar;C:\Users\kmala\.gradle\caches\modules-2\files-2.1\com.vividsolutions\jts\1.13\3ccfb9b60f04d71add996a666ceb8902904fd805\jts-1.13.jar;C:\Users\kmala\.gradle\caches\modules-2\files-2.1\org.apache.logging.log4j\log4j-api\2.6.2\bd1b74a5d170686362091c7cf596bbc3adf5c09b\log4j-api-2.6.2.jar;C:\Users\kmala\.gradle\caches\modules-2\files-2.1\org.apache.logging.log4j\log4j-core\2.6.2\a91369f655eb1639c6aece5c5eb5108db18306\log4j-core-2.6.2.jar;C:\Users\kmala\.gradle\caches\modules-2\files-2.1\org.apache.logging.log4j\log4j-1.2-api\2.6.2\3b4c5a8b734b6a29b2f03380535a48da6284b210\log4j-1.2-api-2.6.2.jar;C:\Users\kmala\.gradle\caches\modules-2\files-2.1\net.java.dev.jna\jna\4.2.2\5012450aee579c3118ff09461d5ce210e0cdc2a9\jna-4.2.2.jar;C:\Users\kmala\workspace\Team3\test\framework\build\distributions\framework-5.0.0-alpha6-SNAPSHOT.jar;C:\Users\kmala\.gradle\caches\modules-2\files-2.1\com.carrotsearch.randomizedtesting\randomizedtesting-runner\2.3.2\307965917fe8a22b7ee72deba39ef4b8e6ebc069\randomizedtesting-runner-2.3.2.jar;C:\Users\kmala\.gradle\caches\modules-2\files-2.1\junit\junit\4.11\4e031bb61df09069aeb2bffb4019e7a5034a4ee0\junit-4.11.jar;C:\Users\kmala\.gradle\caches\modules-2\files-2.1\org.hamcrest\hamcrest-all\1.3\63a21ebc981131004ad02e0434e799fd7f3a8d5a\hamcrest-all-1.3.jar;C:\Users\kmala\.gradle\caches\modules-2\files-2.1\org.apache.lucene\lucene-test-framework\6.2.0\f5026be3983acfb40d4092dbfbc015ec6e6addab\lucene-test-framework-6.2.0.jar;C:\Users\kmala\.gradle\caches\modules-2\files-2.1\org.apache.lucene\lucene-codecs\6.2.0\99f887266b0ad9f2c286b3976c5bc48c8cd36624\lucene-codecs-6.2.0.jar;C:\Users\kmala\workspace\Team3\client\rest\build\distributions\rest-5.0.0-alpha6-SNAPSHOT.jar;C:\Users\kmala\.gradle\caches\modules-2\files-2.1\org.apache.httpcomponents\httpclient\4.5.2\733db77aa8d9b2d68015189df76ab06304406e50\httpclient-4.5.2.jar;C:\Users\kmala\.gradle\caches\modules-2\files-2.1\org.apache.httpcomponents\httpcore\4.4.5\e7501a1b34325abb00d17dde96150604a0658b54\httpcore-4.4.5.jar;C:\Users\kmala\.gradle\caches\modules-2\files-2.1\commons-logging\commons-logging\1.1.3\f6f66e966c70a83ffbdb6f17a0919eaf7c8aca7f\commons-logging-1.1.3.jar;C:\Users\kmala\.gradle\caches\modules-2\files-2.1\commons-codec\commons-codec\1.10\4b95f4897fa13f2cd904aee711aeafc0c5295cd8\commons-codec-1.10.jar;C:\Users\kmala\.gradle\caches\modules-2\files-2.1\org.elasticsearch\securemock\1.2\98201d4ad5ac93f6b415ae9172d52b5e7cda490e\securemock-1.2.jar;C:\Users\kmala\.gradle\caches\modules-2\files-2.1\org.apache.httpcomponents\httpasyncclient\4.1.2\95aa3e6fb520191a0970a73cf09f62948ee614be\httpasyncclient-4.1.2.jar;C:\Users\kmala\.gradle\caches\modules-2\files-2.1\org.apache.httpcomponents\httpcore-nio\4.4.5\f4be009e7505f6ceddf21e7960c759f413f15056\httpcore-nio-4.4.5.jar;C:\Users\kmala\.gradle\caches\modules-2\files-2.1\com.carrotsearch.randomizedtesting\junit4-ant\2.3.2\dc8f03f6111974092491f35b8269eb0fc57f52f7\junit4-ant-2.3.2.jar"/>
      <property name="java.class.version" value="52.0"/>
      <property name="java.endorsed.dirs" value="C:\Program Files\Java\jdk1.8.0_102\jre\lib\endorsed"/>
      <property name="java.ext.dirs" value="C:\Program Files\Java\jdk1.8.0_102\jre\lib\ext;C:\Windows\Sun\Java\lib\ext"/>
      <property name="java.home" value="C:\Program Files\Java\jdk1.8.0_102\jre"/>
      <property name="java.io.tmpdir" value="./temp"/>
      <property name="java.library.path" value="C:\Program Files\Java\jdk1.8.0_102\bin;C:\Windows\Sun\Java\bin;C:\Windows\system32;C:\Windows;C:\ProgramData\Oracle\Java\javapath;C:\Windows\system32;C:\Windows;C:\Windows\System32\Wbem;C:\Windows\System32\WindowsPowerShell\v1.0\;C:\Program Files (x86)\Skype\Phone\;C:\Tools\curl-7.50.1\bin;C:\Program Files\Git\cmd;C:\Tools\gradle-2.13\bin;C:\Tools\apache-maven-3.3.9\bin;C:\Program Files\doxygen\bin;C:\Tools\sonar-scanner-2.7\bin;C:\Windows\system32\config\systemprofile\.dnx\bin;C:\Program Files\Microsoft DNX\Dnvm\;C:\Program Files\Microsoft SQL Server\120\Tools\Binn\;C:\Users\kmala\AppData\Local\Microsoft\WindowsApps;;."/>
      <property name="java.runtime.name" value="Java(TM) SE Runtime Environment"/>
      <property name="java.runtime.version" value="1.8.0_102-b14"/>
      <property name="java.specification.name" value="Java Platform API Specification"/>
      <property name="java.specification.vendor" value="Oracle Corporation"/>
      <property name="java.specification.version" value="1.8"/>
      <property name="java.vendor" value="Oracle Corporation"/>
      <property name="java.vendor.url" value="http://java.oracle.com/"/>
      <property name="java.vendor.url.bug" value="http://bugreport.sun.com/bugreport/"/>
      <property name="java.version" value="1.8.0_102"/>
      <property name="java.vm.info" value="mixed mode"/>
      <property name="java.vm.name" value="Java HotSpot(TM) 64-Bit Server VM"/>
      <property name="java.vm.specification.name" value="Java Virtual Machine Specification"/>
      <property name="java.vm.specification.vendor" value="Oracle Corporation"/>
      <property name="java.vm.specification.version" value="1.8"/>
      <property name="java.vm.vendor" value="Oracle Corporation"/>
      <property name="java.vm.version" value="25.102-b14"/>
      <property name="jna.nosys" value="true"/>
      <property name="junit4.childvm.count" value="3"/>
      <property name="junit4.childvm.cwd" value="C:\Users\kmala\workspace\Team3\core\build\testrun\test\J0"/>
      <property name="junit4.childvm.id" value="0"/>
      <property name="junit4.memory.total" value="514850816"/>
      <property name="junit4.pidString" value="8784@DESKTOP-HP7QPF3"/>
      <property name="junit4.processors" value="4"/>
      <property name="line.separator" value="
"/>
      <property name="os.arch" value="amd64"/>
      <property name="os.name" value="Windows 10"/>
      <property name="os.version" value="10.0"/>
      <property name="path.separator" value=";"/>
      <property name="sun.arch.data.model" value="64"/>
      <property name="sun.boot.class.path" value="C:\Program Files\Java\jdk1.8.0_102\jre\lib\resources.jar;C:\Program Files\Java\jdk1.8.0_102\jre\lib\rt.jar;C:\Program Files\Java\jdk1.8.0_102\jre\lib\sunrsasign.jar;C:\Program Files\Java\jdk1.8.0_102\jre\lib\jsse.jar;C:\Program Files\Java\jdk1.8.0_102\jre\lib\jce.jar;C:\Program Files\Java\jdk1.8.0_102\jre\lib\charsets.jar;C:\Program Files\Java\jdk1.8.0_102\jre\lib\jfr.jar;C:\Program Files\Java\jdk1.8.0_102\jre\classes"/>
      <property name="sun.boot.library.path" value="C:\Program Files\Java\jdk1.8.0_102\jre\bin"/>
      <property name="sun.cpu.endian" value="little"/>
      <property name="sun.cpu.isalist" value="amd64"/>
      <property name="sun.desktop" value="windows"/>
      <property name="sun.io.unicode.encoding" value="UnicodeLittle"/>
      <property name="sun.java.command" value="com.carrotsearch.ant.tasks.junit4.slave.SlaveMainSafe -eventsfile C:\Users\kmala\workspace\Team3\core\build\testrun\test\temp\junit4-J0-20160918_124457_941.events @C:\Users\kmala\workspace\Team3\core\build\testrun\test\temp\junit4-J0-20160918_124457_941.suites -stdin"/>
      <property name="sun.java.launcher" value="SUN_STANDARD"/>
      <property name="sun.jnu.encoding" value="Cp1252"/>
      <property name="sun.management.compiler" value="HotSpot 64-Bit Tiered Compilers"/>
      <property name="sun.os.patch.level" value=""/>
      <property name="tests.artifact" value="core"/>
      <property name="tests.gradle" value="true"/>
      <property name="tests.ifNoTests" value="fail"/>
      <property name="tests.logger.level" value="WARN"/>
      <property name="tests.prefix" value="tests"/>
      <property name="tests.security.manager" value="true"/>
      <property name="tests.seed" value="FD13852EF36FC81C"/>
      <property name="tests.task" value=":core:test"/>
      <property name="user.country" value="US"/>
      <property name="user.dir" value="C:\Users\kmala\workspace\Team3\core\build\testrun\test\J0"/>
      <property name="user.home" value="C:\Users\kmala"/>
      <property name="user.language" value="en"/>
      <property name="user.name" value="kmala"/>
      <property name="user.script" value=""/>
      <property name="user.timezone" value=""/>
      <property name="user.variant" value=""/>
   </properties>
   <testcase classname="org.elasticsearch.index.engine.InternalEngineTests" name="testUpgradeOldIndex" time="2.638"/>
   <testcase classname="org.elasticsearch.index.engine.InternalEngineTests" name="testSearchResultRelease" time="0.13"/>
   <testcase classname="org.elasticsearch.index.engine.InternalEngineTests" name="testSycnedFlushSurvivesEngineRestart" time="0.186"/>
   <testcase classname="org.elasticsearch.index.engine.InternalEngineTests" name="testSegmentsStatsIncludingFileSizes" time="0.186"/>
   <testcase classname="org.elasticsearch.index.engine.InternalEngineTests" name="testForceMergeAndClose" time="3.0"/>
   <testcase classname="org.elasticsearch.index.engine.InternalEngineTests" name="testVersioningDeleteConflictWithFlush" time="0.286"/>
   <testcase classname="org.elasticsearch.index.engine.InternalEngineTests" name="testFailStart" time="2.986"/>
   <testcase classname="org.elasticsearch.index.engine.InternalEngineTests" name="testVersioningNewCreate" time="0.221"/>
   <testcase classname="org.elasticsearch.index.engine.InternalEngineTests" name="testSettings" time="0.093"/>
   <testcase classname="org.elasticsearch.index.engine.InternalEngineTests" name="testConcurrentGetAndFlush" time="0.675"/>
   <testcase classname="org.elasticsearch.index.engine.InternalEngineTests" name="testRecoverFromForeignTranslog" time="0.261"/>
   <testcase classname="org.elasticsearch.index.engine.InternalEngineTests" name="testCreatedFlagAfterFlush" time="0.153"/>
   <testcase classname="org.elasticsearch.index.engine.InternalEngineTests" name="testTranslogMultipleOperationsSameDocument" time="0.216"/>
   <testcase classname="org.elasticsearch.index.engine.InternalEngineTests" name="testEnableGcDeletes" time="1.123"/>
   <testcase classname="org.elasticsearch.index.engine.InternalEngineTests" name="testVersioningDeleteConflict" time="0.112"/>
   <testcase classname="org.elasticsearch.index.engine.InternalEngineTests" name="testIndexWriterIFDInfoStream" time="0.283"/>
   <testcase classname="org.elasticsearch.index.engine.InternalEngineTests" name="testVersioningReplicaConflict1" time="0.084"/>
   <testcase classname="org.elasticsearch.index.engine.InternalEngineTests" name="testVersioningNewIndex" time="0.162"/>
   <testcase classname="org.elasticsearch.index.engine.InternalEngineTests" name="testExternalVersioningNewIndex" time="0.168"/>
   <testcase classname="org.elasticsearch.index.engine.InternalEngineTests" name="testVersioningCreateExistsException" time="0.105"/>
   <testcase classname="org.elasticsearch.index.engine.InternalEngineTests" name="testVersioningIndexConflict" time="0.113"/>
   <testcase classname="org.elasticsearch.index.engine.InternalEngineTests" name="testExternalVersioningIndexConflictWithFlush" time="0.103"/>
   <testcase classname="org.elasticsearch.index.engine.InternalEngineTests" name="testSimpleOperations" time="0.34"/>
   <testcase classname="org.elasticsearch.index.engine.InternalEngineTests" name="testSycnedFlushVanishesOnReplay" time="0.293"/>
   <testcase classname="org.elasticsearch.index.engine.InternalEngineTests" name="testTranslogReplay" time="1.088"/>
   <testcase classname="org.elasticsearch.index.engine.InternalEngineTests" name="testRetryConcurrently" time="2.578"/>
   <testcase classname="org.elasticsearch.index.engine.InternalEngineTests" name="testShardNotAvailableExceptionWhenEngineClosedConcurrently" time="0.147"/>
   <testcase classname="org.elasticsearch.index.engine.InternalEngineTests" name="testMissingTranslog" time="0.136"/>
   <testcase classname="org.elasticsearch.index.engine.InternalEngineTests" name="testTranslogReplayWithFailure" time="0.409"/>
   <testcase classname="org.elasticsearch.index.engine.InternalEngineTests" name="testVersioningCreateExistsExceptionWithFlush" time="0.342"/>
   <testcase classname="org.elasticsearch.index.engine.InternalEngineTests" name="testVersioningReplicaConflict2" time="0.442"/>
   <testcase classname="org.elasticsearch.index.engine.InternalEngineTests" name="testDoubleDelivery" time="0.189"/>
   <testcase classname="org.elasticsearch.index.engine.InternalEngineTests" name="testBasicCreatedFlag" time="0.071"/>
   <testcase classname="org.elasticsearch.index.engine.InternalEngineTests" name="testForceMerge" time="4.207"/>
   <testcase classname="org.elasticsearch.index.engine.InternalEngineTests" name="testSegmentsWithMergeFlag" time="0.5"/>
   <testcase classname="org.elasticsearch.index.engine.InternalEngineTests" name="testCurrentTranslogIDisCommitted" time="0.257"/>
   <testcase classname="org.elasticsearch.index.engine.InternalEngineTests" name="testAppendConcurrently" time="0.378"/>
   <testcase classname="org.elasticsearch.index.engine.InternalEngineTests" name="testDocStats" time="0.213"/>
   <testcase classname="org.elasticsearch.index.engine.InternalEngineTests" name="testRenewSyncFlush" time="1.362"/>
   <testcase classname="org.elasticsearch.index.engine.InternalEngineTests" name="testSyncedFlush" time="0.228"/>
   <testcase classname="org.elasticsearch.index.engine.InternalEngineTests" name="testRetryWithAutogeneratedIdsAndWrongOrderWorksAndNoDuplicateDocs" time="0.455"/>
   <testcase classname="org.elasticsearch.index.engine.InternalEngineTests" name="testSkipTranslogReplay" time="3.422"/>
   <testcase classname="org.elasticsearch.index.engine.InternalEngineTests" name="testTranslogRecoveryDoesNotReplayIntoTranslog" time="2.582"/>
   <testcase classname="org.elasticsearch.index.engine.InternalEngineTests" name="testExtractShardId" time="1.468"/>
   <testcase classname="org.elasticsearch.index.engine.InternalEngineTests" name="testIndexSearcherWrapper" time="0.468"/>
   <testcase classname="org.elasticsearch.index.engine.InternalEngineTests" name="testFlushIsDisabledDuringTranslogRecovery" time="0.133"/>
   <testcase classname="org.elasticsearch.index.engine.InternalEngineTests" name="testIndexWriterInfoStream" time="0.268"/>
   <testcase classname="org.elasticsearch.index.engine.InternalEngineTests" name="testCommitStats" time="0.146"/>
   <testcase classname="org.elasticsearch.index.engine.InternalEngineTests" name="testRetryWithAutogeneratedIdWorksAndNoDuplicateDocs" time="0.142"/>
   <testcase classname="org.elasticsearch.index.engine.InternalEngineTests" name="testExternalVersioningIndexConflict" time="0.122"/>
   <testcase classname="org.elasticsearch.index.engine.InternalEngineTests" name="testVersioningIndexConflictWithFlush" time="0.548"/>
   <testcase classname="org.elasticsearch.index.engine.InternalEngineTests" name="testVerboseSegments" time="0.231"/>
   <testcase classname="org.elasticsearch.index.engine.InternalEngineTests" name="testSegments" time="0.459"/>
   <system-out><![CDATA[[2016-09-18T04:46:42,184][INFO ][org.elasticsearch.index.engine]  [index][1] starting segment upgrade upgradeOnlyAncientSegments=true
[2016-09-18T04:46:42,206][INFO ][org.elasticsearch.index.engine]  [index][1] finished segment upgrade
[2016-09-18T04:46:42,385][INFO ][org.elasticsearch.index.engine]  [index][1] starting segment upgrade upgradeOnlyAncientSegments=false
[2016-09-18T04:46:42,469][INFO ][org.elasticsearch.index.engine]  [index][1] finished segment upgrade
[2016-09-18T04:46:42,475][INFO ][org.elasticsearch.index.engine]  [index][1] starting segment upgrade upgradeOnlyAncientSegments=true
[2016-09-18T04:46:42,475][INFO ][org.elasticsearch.index.engine]  [index][1] finished segment upgrade
[2016-09-18T04:46:42,475][INFO ][org.elasticsearch.index.engine]  [index][1] starting segment upgrade upgradeOnlyAncientSegments=true
[2016-09-18T04:46:42,476][INFO ][org.elasticsearch.index.engine]  [index][1] finished segment upgrade
[2016-09-18T04:46:42,477][INFO ][org.elasticsearch.index.engine]  [index][1] starting segment upgrade upgradeOnlyAncientSegments=true
[2016-09-18T04:46:42,856][INFO ][org.elasticsearch.index.engine]  [index][1] finished segment upgrade
[2016-09-18T04:46:42,856][INFO ][org.elasticsearch.index.engine]  [index][1] starting segment upgrade upgradeOnlyAncientSegments=true
[2016-09-18T04:46:42,932][INFO ][org.elasticsearch.index.engine]  [index][1] starting segment upgrade upgradeOnlyAncientSegments=true
[2016-09-18T04:46:42,933][INFO ][org.elasticsearch.index.engine]  [index][1] finished segment upgrade
[2016-09-18T04:46:43,014][INFO ][org.elasticsearch.index.engine]  [index][1] starting segment upgrade upgradeOnlyAncientSegments=true
[2016-09-18T04:46:43,068][INFO ][org.elasticsearch.index.engine]  [index][1] finished segment upgrade
[2016-09-18T04:46:43,161][INFO ][org.elasticsearch.index.engine]  [index][1] starting segment upgrade upgradeOnlyAncientSegments=true
[2016-09-18T04:46:43,216][INFO ][org.elasticsearch.index.engine]  [index][1] finished segment upgrade
[2016-09-18T04:46:43,216][INFO ][org.elasticsearch.index.engine]  [index][1] starting segment upgrade upgradeOnlyAncientSegments=true
[2016-09-18T04:46:43,334][INFO ][org.elasticsearch.index.engine]  [index][1] finished segment upgrade
[2016-09-18T04:46:43,334][INFO ][org.elasticsearch.index.engine]  [index][1] starting segment upgrade upgradeOnlyAncientSegments=true
[2016-09-18T04:46:43,379][INFO ][org.elasticsearch.index.engine]  [index][1] starting segment upgrade upgradeOnlyAncientSegments=false
[2016-09-18T04:46:43,393][INFO ][org.elasticsearch.index.engine]  [index][1] finished segment upgrade
[2016-09-18T04:46:43,675][INFO ][org.elasticsearch.index.engine]  [index][1] starting segment upgrade upgradeOnlyAncientSegments=true
[2016-09-18T04:46:43,710][INFO ][org.elasticsearch.index.engine]  [index][1] finished segment upgrade
[2016-09-18T04:46:43,776][INFO ][org.elasticsearch.index.engine]  [index][1] starting segment upgrade upgradeOnlyAncientSegments=true
[2016-09-18T04:46:43,776][INFO ][org.elasticsearch.index.engine]  [index][1] finished segment upgrade
[2016-09-18T04:46:43,776][INFO ][org.elasticsearch.index.engine]  [index][1] starting segment upgrade upgradeOnlyAncientSegments=false
[2016-09-18T04:46:43,777][INFO ][org.elasticsearch.index.engine]  [index][1] finished segment upgrade
[2016-09-18T04:46:43,813][INFO ][org.elasticsearch.index.engine]  [index][1] starting segment upgrade upgradeOnlyAncientSegments=true
[2016-09-18T04:46:43,815][INFO ][org.elasticsearch.index.engine]  [index][1] finished segment upgrade
[2016-09-18T04:46:43,987][INFO ][org.elasticsearch.index.engine]  [index][1] starting segment upgrade upgradeOnlyAncientSegments=true
[2016-09-18T04:46:43,992][INFO ][org.elasticsearch.index.engine]  [index][1] finished segment upgrade
[2016-09-18T04:46:43,992][INFO ][org.elasticsearch.index.engine]  [index][1] starting segment upgrade upgradeOnlyAncientSegments=true
[2016-09-18T04:46:43,992][INFO ][org.elasticsearch.index.engine]  [index][1] finished segment upgrade
[2016-09-18T04:46:43,992][INFO ][org.elasticsearch.index.engine]  [index][1] starting segment upgrade upgradeOnlyAncientSegments=true
[2016-09-18T04:46:44,089][INFO ][org.elasticsearch.index.engine]  [index][1] finished segment upgrade
[2016-09-18T04:46:44,090][INFO ][org.elasticsearch.index.engine]  [index][1] starting segment upgrade upgradeOnlyAncientSegments=true
[2016-09-18T04:46:44,105][INFO ][org.elasticsearch.index.engine]  [index][1] finished segment upgrade
[2016-09-18T04:46:44,107][INFO ][org.elasticsearch.index.engine]  [index][1] starting segment upgrade upgradeOnlyAncientSegments=false
[2016-09-18T04:46:44,107][INFO ][org.elasticsearch.index.engine]  [index][1] finished segment upgrade
[2016-09-18T04:46:44,107][INFO ][org.elasticsearch.index.engine]  [index][1] starting segment upgrade upgradeOnlyAncientSegments=false
[2016-09-18T04:46:44,258][INFO ][org.elasticsearch.index.engine]  [index][1] finished segment upgrade
[2016-09-18T04:46:44,344][INFO ][org.elasticsearch.index.engine]  [index][1] starting segment upgrade upgradeOnlyAncientSegments=false
[2016-09-18T04:46:44,345][INFO ][org.elasticsearch.index.engine]  [index][1] finished segment upgrade
[2016-09-18T04:46:44,404][INFO ][org.elasticsearch.index.engine]  [index][1] starting segment upgrade upgradeOnlyAncientSegments=false
[2016-09-18T04:46:44,754][INFO ][org.elasticsearch.index.engine]  [index][1] finished segment upgrade
[2016-09-18T04:46:44,842][INFO ][org.elasticsearch.index.engine]  [index][1] starting segment upgrade upgradeOnlyAncientSegments=true
[2016-09-18T04:46:44,842][INFO ][org.elasticsearch.index.engine]  [index][1] finished segment upgrade
[2016-09-18T04:46:44,842][INFO ][org.elasticsearch.index.engine]  [index][1] starting segment upgrade upgradeOnlyAncientSegments=false
[2016-09-18T04:46:44,842][INFO ][org.elasticsearch.index.engine]  [index][1] finished segment upgrade
[2016-09-18T04:46:45,013][INFO ][org.elasticsearch.index.engine]  [index][1] starting segment upgrade upgradeOnlyAncientSegments=true
[2016-09-18T04:46:45,013][INFO ][org.elasticsearch.index.engine]  [index][1] finished segment upgrade
2016-09-18 04:46:51,358 TEST-InternalEngineTests.testIndexWriterIFDInfoStream-seed#[FD13852EF36FC81C] ERROR Attempted to append to non-started appender testIndexWriterIFDInfoStream
[2016-09-18T04:46:51,358][TRACE][org.elasticsearch.index.engine.lucene.iw.ifd]  [index][1] TEST-InternalEngineTests.testIndexWriterIFDInfoStream-seed#[FD13852EF36FC81C] IFD: now checkpoint "_0(6.2.0):c1 _1(6.2.0):c1" [2 segments ; isCommit = false]
2016-09-18 04:46:51,360 TEST-InternalEngineTests.testIndexWriterIFDInfoStream-seed#[FD13852EF36FC81C] ERROR Attempted to append to non-started appender testIndexWriterIFDInfoStream
[2016-09-18T04:46:51,359][TRACE][org.elasticsearch.index.engine.lucene.iw.ifd]  [index][1] TEST-InternalEngineTests.testIndexWriterIFDInfoStream-seed#[FD13852EF36FC81C] IFD: delete []
2016-09-18 04:46:51,360 TEST-InternalEngineTests.testIndexWriterIFDInfoStream-seed#[FD13852EF36FC81C] ERROR Attempted to append to non-started appender testIndexWriterIFDInfoStream
[2016-09-18T04:46:51,360][TRACE][org.elasticsearch.index.engine.lucene.iw.ifd]  [index][1] TEST-InternalEngineTests.testIndexWriterIFDInfoStream-seed#[FD13852EF36FC81C] IFD: 2 msec to checkpoint
2016-09-18 04:46:51,361 TEST-InternalEngineTests.testIndexWriterIFDInfoStream-seed#[FD13852EF36FC81C] ERROR Attempted to append to non-started appender testIndexWriterIFDInfoStream
[2016-09-18T04:46:51,361][TRACE][org.elasticsearch.index.engine.lucene.iw.ifd]  [index][1] TEST-InternalEngineTests.testIndexWriterIFDInfoStream-seed#[FD13852EF36FC81C] IFD: will delete new file "_1_Asserting_0.dvm"
[2016-09-18T04:46:51,362][TRACE][org.elasticsearch.index.engine.lucene.iw.ifd]  [index][1] TEST-InternalEngineTests.testIndexWriterIFDInfoStream-seed#[FD13852EF36FC81C] IFD: will delete new file "_1_Asserting_0.tip"
[2016-09-18T04:46:51,362][TRACE][org.elasticsearch.index.engine.lucene.iw.ifd]  [index][1] TEST-InternalEngineTests.testIndexWriterIFDInfoStream-seed#[FD13852EF36FC81C] IFD: will delete new file "_1.nvd"
[2016-09-18T04:46:51,362][TRACE][org.elasticsearch.index.engine.lucene.iw.ifd]  [index][1] TEST-InternalEngineTests.testIndexWriterIFDInfoStream-seed#[FD13852EF36FC81C] IFD: will delete new file "_1_Asserting_0.doc"
[2016-09-18T04:46:51,362][TRACE][org.elasticsearch.index.engine.lucene.iw.ifd]  [index][1] TEST-InternalEngineTests.testIndexWriterIFDInfoStream-seed#[FD13852EF36FC81C] IFD: will delete new file "_1_Asserting_0.tim"
[2016-09-18T04:46:51,362][TRACE][org.elasticsearch.index.engine.lucene.iw.ifd]  [index][1] TEST-InternalEngineTests.testIndexWriterIFDInfoStream-seed#[FD13852EF36FC81C] IFD: will delete new file "_1_Asserting_0.dvd"
[2016-09-18T04:46:51,362][TRACE][org.elasticsearch.index.engine.lucene.iw.ifd]  [index][1] TEST-InternalEngineTests.testIndexWriterIFDInfoStream-seed#[FD13852EF36FC81C] IFD: will delete new file "_1_Asserting_0.pos"
[2016-09-18T04:46:51,362][TRACE][org.elasticsearch.index.engine.lucene.iw.ifd]  [index][1] TEST-InternalEngineTests.testIndexWriterIFDInfoStream-seed#[FD13852EF36FC81C] IFD: will delete new file "_1.fdx"
[2016-09-18T04:46:51,362][TRACE][org.elasticsearch.index.engine.lucene.iw.ifd]  [index][1] TEST-InternalEngineTests.testIndexWriterIFDInfoStream-seed#[FD13852EF36FC81C] IFD: will delete new file "_1.nvm"
[2016-09-18T04:46:51,362][TRACE][org.elasticsearch.index.engine.lucene.iw.ifd]  [index][1] TEST-InternalEngineTests.testIndexWriterIFDInfoStream-seed#[FD13852EF36FC81C] IFD: will delete new file "_1.fnm"
[2016-09-18T04:46:51,362][TRACE][org.elasticsearch.index.engine.lucene.iw.ifd]  [index][1] TEST-InternalEngineTests.testIndexWriterIFDInfoStream-seed#[FD13852EF36FC81C] IFD: will delete new file "_1.fdt"
[2016-09-18T04:46:51,362][TRACE][org.elasticsearch.index.engine.lucene.iw.ifd]  [index][1] TEST-InternalEngineTests.testIndexWriterIFDInfoStream-seed#[FD13852EF36FC81C] IFD: delete [_1_Asserting_0.dvm, _1_Asserting_0.tip, _1.nvd, _1_Asserting_0.doc, _1_Asserting_0.tim, _1_Asserting_0.dvd, _1_Asserting_0.pos, _1.fdx, _1.nvm, _1.fnm, _1.fdt]
[2016-09-18T04:46:51,362][TRACE][org.elasticsearch.index.engine.lucene.iw.ifd]  [index][1] TEST-InternalEngineTests.testIndexWriterIFDInfoStream-seed#[FD13852EF36FC81C] IFD: now checkpoint "_0(6.2.0):c1 _1(6.2.0):c1" [2 segments ; isCommit = true]
[2016-09-18T04:46:51,363][TRACE][org.elasticsearch.index.engine.lucene.iw.ifd]  [index][1] TEST-InternalEngineTests.testIndexWriterIFDInfoStream-seed#[FD13852EF36FC81C] IFD: deleteCommits: now decRef commit "segments_2"
[2016-09-18T04:46:51,363][TRACE][org.elasticsearch.index.engine.lucene.iw.ifd]  [index][1] TEST-InternalEngineTests.testIndexWriterIFDInfoStream-seed#[FD13852EF36FC81C] IFD: delete [segments_2]
[2016-09-18T04:46:51,363][TRACE][org.elasticsearch.index.engine.lucene.iw.ifd]  [index][1] TEST-InternalEngineTests.testIndexWriterIFDInfoStream-seed#[FD13852EF36FC81C] IFD: 0 msec to checkpoint
[2016-09-18T04:46:51,363][TRACE][org.elasticsearch.index.engine.lucene.iw.ifd]  [index][1] TEST-InternalEngineTests.testIndexWriterIFDInfoStream-seed#[FD13852EF36FC81C] IFD: delete []
[2016-09-18T04:46:51,363][TRACE][org.elasticsearch.index.engine.lucene.iw.ifd]  [index][1] TEST-InternalEngineTests.testIndexWriterIFDInfoStream-seed#[FD13852EF36FC81C] IFD: delete []
[2016-09-18T04:46:56,626][INFO ][org.elasticsearch.index.engine]  [index][1] try with optimize
[2016-09-18T04:46:56,628][INFO ][org.elasticsearch.index.engine]  [index][1] exception caught: 
org.elasticsearch.index.engine.EngineClosedException: CurrentState[CLOSED] Closed
	at org.elasticsearch.index.engine.Engine.ensureOpen(Engine.java:380) ~[main/:?]
	at org.elasticsearch.index.engine.InternalEngine.forceMerge(InternalEngine.java:873) ~[main/:?]
	at org.elasticsearch.index.engine.InternalEngineTests$7.run(InternalEngineTests.java:2087) ~[test/:?]
[2016-09-18T04:47:14,068][TRACE][org.elasticsearch.index.engine]  [index][1] acquired flush lock immediately
2016-09-18 04:47:14,069 TEST-InternalEngineTests.testIndexWriterInfoStream-seed#[FD13852EF36FC81C] ERROR Attempted to append to non-started appender testIndexWriterInfoStream
[2016-09-18T04:47:14,079][TRACE][org.elasticsearch.index.translog]  [index][1] current translog set to [3]
2016-09-18 04:47:14,079 TEST-InternalEngineTests.testIndexWriterInfoStream-seed#[FD13852EF36FC81C] ERROR Attempted to append to non-started appender testIndexWriterInfoStream
[2016-09-18T04:47:14,080][TRACE][org.elasticsearch.index.engine]  [index][1] starting commit for flush; commitTranslog=true
2016-09-18 04:47:14,080 TEST-InternalEngineTests.testIndexWriterInfoStream-seed#[FD13852EF36FC81C] ERROR Attempted to append to non-started appender testIndexWriterInfoStream
[2016-09-18T04:47:14,080][TRACE][org.elasticsearch.index.engine]  [index][1] committing writer with translog id [3]  and sync id [null] 
2016-09-18 04:47:14,081 TEST-InternalEngineTests.testIndexWriterInfoStream-seed#[FD13852EF36FC81C] ERROR Attempted to append to non-started appender testIndexWriterInfoStream
[2016-09-18T04:47:14,081][TRACE][org.elasticsearch.index.engine.lucene.iw]  [index][1] TEST-InternalEngineTests.testIndexWriterInfoStream-seed#[FD13852EF36FC81C] IW: commit: start
[2016-09-18T04:47:14,081][TRACE][org.elasticsearch.index.engine.lucene.iw]  [index][1] TEST-InternalEngineTests.testIndexWriterInfoStream-seed#[FD13852EF36FC81C] IW: commit: enter lock
[2016-09-18T04:47:14,081][TRACE][org.elasticsearch.index.engine.lucene.iw]  [index][1] TEST-InternalEngineTests.testIndexWriterInfoStream-seed#[FD13852EF36FC81C] IW: commit: now prepare
[2016-09-18T04:47:14,081][TRACE][org.elasticsearch.index.engine.lucene.iw]  [index][1] TEST-InternalEngineTests.testIndexWriterInfoStream-seed#[FD13852EF36FC81C] IW: prepareCommit: flush
[2016-09-18T04:47:14,081][TRACE][org.elasticsearch.index.engine.lucene.iw]  [index][1] TEST-InternalEngineTests.testIndexWriterInfoStream-seed#[FD13852EF36FC81C] IW:   index before flush _0(6.2.0):c1
[2016-09-18T04:47:14,082][TRACE][org.elasticsearch.index.engine.lucene.iw]  [index][1] TEST-InternalEngineTests.testIndexWriterInfoStream-seed#[FD13852EF36FC81C] DW: startFullFlush
[2016-09-18T04:47:14,082][TRACE][org.elasticsearch.index.engine.lucene.iw]  [index][1] TEST-InternalEngineTests.testIndexWriterInfoStream-seed#[FD13852EF36FC81C] DW: anyChanges? numDocsInRam=1 deletes=false hasTickets:false pendingChangesInFullFlush: false
[2016-09-18T04:47:14,082][TRACE][org.elasticsearch.index.engine.lucene.iw]  [index][1] TEST-InternalEngineTests.testIndexWriterInfoStream-seed#[FD13852EF36FC81C] DWFC: addFlushableState DocumentsWriterPerThread [pendingDeletes=gen=0, segment=_1, aborted=false, numDocsInRAM=1, deleteQueue=DWDQ: [ generation: 4 ]]
[2016-09-18T04:47:14,082][TRACE][org.elasticsearch.index.engine.lucene.iw]  [index][1] TEST-InternalEngineTests.testIndexWriterInfoStream-seed#[FD13852EF36FC81C] DWPT: flush postings as segment _1 numDocs=1
[2016-09-18T04:47:14,082][TRACE][org.elasticsearch.index.engine.lucene.iw]  [index][1] TEST-InternalEngineTests.testIndexWriterInfoStream-seed#[FD13852EF36FC81C] IW: 0 msec to write norms
[2016-09-18T04:47:14,085][TRACE][org.elasticsearch.index.engine.lucene.iw]  [index][1] TEST-InternalEngineTests.testIndexWriterInfoStream-seed#[FD13852EF36FC81C] IW: 2 msec to write docValues
[2016-09-18T04:47:14,085][TRACE][org.elasticsearch.index.engine.lucene.iw]  [index][1] TEST-InternalEngineTests.testIndexWriterInfoStream-seed#[FD13852EF36FC81C] IW: 0 msec to write points
[2016-09-18T04:47:14,085][TRACE][org.elasticsearch.index.engine.lucene.iw]  [index][1] TEST-InternalEngineTests.testIndexWriterInfoStream-seed#[FD13852EF36FC81C] IW: 0 msec to finish stored fields
[2016-09-18T04:47:14,092][TRACE][org.elasticsearch.index.engine.lucene.iw]  [index][1] TEST-InternalEngineTests.testIndexWriterInfoStream-seed#[FD13852EF36FC81C] IW: 6 msec to write postings and finish vectors
[2016-09-18T04:47:14,092][TRACE][org.elasticsearch.index.engine.lucene.iw]  [index][1] TEST-InternalEngineTests.testIndexWriterInfoStream-seed#[FD13852EF36FC81C] IW: 0 msec to write fieldInfos
[2016-09-18T04:47:14,092][TRACE][org.elasticsearch.index.engine.lucene.iw]  [index][1] TEST-InternalEngineTests.testIndexWriterInfoStream-seed#[FD13852EF36FC81C] DWPT: new segment has 0 deleted docs
[2016-09-18T04:47:14,092][TRACE][org.elasticsearch.index.engine.lucene.iw]  [index][1] TEST-InternalEngineTests.testIndexWriterInfoStream-seed#[FD13852EF36FC81C] DWPT: new segment has no vectors; norms; docValues; prox; freqs
[2016-09-18T04:47:14,092][TRACE][org.elasticsearch.index.engine.lucene.iw]  [index][1] TEST-InternalEngineTests.testIndexWriterInfoStream-seed#[FD13852EF36FC81C] DWPT: flushedFiles=[_1_Asserting_0.dvm, _1_Asserting_0.tip, _1.nvd, _1_Asserting_0.doc, _1_Asserting_0.tim, _1_Asserting_0.dvd, _1_Asserting_0.pos, _1.fdx, _1.nvm, _1.fnm, _1.fdt]
[2016-09-18T04:47:14,093][TRACE][org.elasticsearch.index.engine.lucene.iw]  [index][1] TEST-InternalEngineTests.testIndexWriterInfoStream-seed#[FD13852EF36FC81C] DWPT: flushed codec=Asserting(Lucene62)
[2016-09-18T04:47:14,099][TRACE][org.elasticsearch.index.engine.lucene.iw]  [index][1] TEST-InternalEngineTests.testIndexWriterInfoStream-seed#[FD13852EF36FC81C] DWPT: flushed: segment=_1 ramUsed=0.087 MB newFlushedSize=0.001 MB docs/MB=771.012
[2016-09-18T04:47:14,099][TRACE][org.elasticsearch.index.engine.lucene.iw]  [index][1] TEST-InternalEngineTests.testIndexWriterInfoStream-seed#[FD13852EF36FC81C] IW: create compound file
[2016-09-18T04:47:14,105][TRACE][org.elasticsearch.index.engine.lucene.iw]  [index][1] TEST-InternalEngineTests.testIndexWriterInfoStream-seed#[FD13852EF36FC81C] DWPT: flush time 23.340137 msec
[2016-09-18T04:47:14,106][TRACE][org.elasticsearch.index.engine.lucene.iw]  [index][1] TEST-InternalEngineTests.testIndexWriterInfoStream-seed#[FD13852EF36FC81C] DW: publishFlushedSegment seg-private updates=null
[2016-09-18T04:47:14,106][TRACE][org.elasticsearch.index.engine.lucene.iw]  [index][1] TEST-InternalEngineTests.testIndexWriterInfoStream-seed#[FD13852EF36FC81C] IW: publishFlushedSegment
[2016-09-18T04:47:14,106][TRACE][org.elasticsearch.index.engine.lucene.iw]  [index][1] TEST-InternalEngineTests.testIndexWriterInfoStream-seed#[FD13852EF36FC81C] IW: publish sets newSegment delGen=6 seg=_1(6.2.0):c1
[2016-09-18T04:47:14,106][TRACE][org.elasticsearch.index.engine.lucene.iw.ifd]  [index][1] TEST-InternalEngineTests.testIndexWriterInfoStream-seed#[FD13852EF36FC81C] IFD: now checkpoint "_0(6.2.0):c1 _1(6.2.0):c1" [2 segments ; isCommit = false]
[2016-09-18T04:47:14,106][TRACE][org.elasticsearch.index.engine.lucene.iw.ifd]  [index][1] TEST-InternalEngineTests.testIndexWriterInfoStream-seed#[FD13852EF36FC81C] IFD: delete []
[2016-09-18T04:47:14,107][TRACE][org.elasticsearch.index.engine.lucene.iw.ifd]  [index][1] TEST-InternalEngineTests.testIndexWriterInfoStream-seed#[FD13852EF36FC81C] IFD: 0 msec to checkpoint
[2016-09-18T04:47:14,107][TRACE][org.elasticsearch.index.engine.lucene.iw.ifd]  [index][1] TEST-InternalEngineTests.testIndexWriterInfoStream-seed#[FD13852EF36FC81C] IFD: will delete new file "_1_Asserting_0.dvm"
[2016-09-18T04:47:14,107][TRACE][org.elasticsearch.index.engine.lucene.iw.ifd]  [index][1] TEST-InternalEngineTests.testIndexWriterInfoStream-seed#[FD13852EF36FC81C] IFD: will delete new file "_1_Asserting_0.tip"
[2016-09-18T04:47:14,107][TRACE][org.elasticsearch.index.engine.lucene.iw.ifd]  [index][1] TEST-InternalEngineTests.testIndexWriterInfoStream-seed#[FD13852EF36FC81C] IFD: will delete new file "_1.nvd"
[2016-09-18T04:47:14,107][TRACE][org.elasticsearch.index.engine.lucene.iw.ifd]  [index][1] TEST-InternalEngineTests.testIndexWriterInfoStream-seed#[FD13852EF36FC81C] IFD: will delete new file "_1_Asserting_0.doc"
[2016-09-18T04:47:14,107][TRACE][org.elasticsearch.index.engine.lucene.iw.ifd]  [index][1] TEST-InternalEngineTests.testIndexWriterInfoStream-seed#[FD13852EF36FC81C] IFD: will delete new file "_1_Asserting_0.tim"
[2016-09-18T04:47:14,107][TRACE][org.elasticsearch.index.engine.lucene.iw.ifd]  [index][1] TEST-InternalEngineTests.testIndexWriterInfoStream-seed#[FD13852EF36FC81C] IFD: will delete new file "_1_Asserting_0.dvd"
[2016-09-18T04:47:14,107][TRACE][org.elasticsearch.index.engine.lucene.iw.ifd]  [index][1] TEST-InternalEngineTests.testIndexWriterInfoStream-seed#[FD13852EF36FC81C] IFD: will delete new file "_1_Asserting_0.pos"
[2016-09-18T04:47:14,107][TRACE][org.elasticsearch.index.engine.lucene.iw.ifd]  [index][1] TEST-InternalEngineTests.testIndexWriterInfoStream-seed#[FD13852EF36FC81C] IFD: will delete new file "_1.fdx"
[2016-09-18T04:47:14,107][TRACE][org.elasticsearch.index.engine.lucene.iw.ifd]  [index][1] TEST-InternalEngineTests.testIndexWriterInfoStream-seed#[FD13852EF36FC81C] IFD: will delete new file "_1.nvm"
[2016-09-18T04:47:14,107][TRACE][org.elasticsearch.index.engine.lucene.iw.ifd]  [index][1] TEST-InternalEngineTests.testIndexWriterInfoStream-seed#[FD13852EF36FC81C] IFD: will delete new file "_1.fnm"
[2016-09-18T04:47:14,107][TRACE][org.elasticsearch.index.engine.lucene.iw.ifd]  [index][1] TEST-InternalEngineTests.testIndexWriterInfoStream-seed#[FD13852EF36FC81C] IFD: will delete new file "_1.fdt"
[2016-09-18T04:47:14,108][TRACE][org.elasticsearch.index.engine.lucene.iw.ifd]  [index][1] TEST-InternalEngineTests.testIndexWriterInfoStream-seed#[FD13852EF36FC81C] IFD: delete [_1_Asserting_0.dvm, _1_Asserting_0.tip, _1.nvd, _1_Asserting_0.doc, _1_Asserting_0.tim, _1_Asserting_0.dvd, _1_Asserting_0.pos, _1.fdx, _1.nvm, _1.fnm, _1.fdt]
[2016-09-18T04:47:14,108][TRACE][org.elasticsearch.index.store.deletes] [index][1] StoreDirectory.deleteFile: delete file _1_Asserting_0.dvm
[2016-09-18T04:47:14,108][TRACE][org.elasticsearch.index.store.deletes] [index][1] StoreDirectory.deleteFile: delete file _1_Asserting_0.tip
[2016-09-18T04:47:14,113][TRACE][org.elasticsearch.index.store.deletes] [index][1] StoreDirectory.deleteFile: delete file _1.nvd
[2016-09-18T04:47:14,113][TRACE][org.elasticsearch.index.store.deletes] [index][1] StoreDirectory.deleteFile: delete file _1_Asserting_0.doc
[2016-09-18T04:47:14,113][TRACE][org.elasticsearch.index.store.deletes] [index][1] StoreDirectory.deleteFile: delete file _1_Asserting_0.tim
[2016-09-18T04:47:14,113][TRACE][org.elasticsearch.index.store.deletes] [index][1] StoreDirectory.deleteFile: delete file _1_Asserting_0.dvd
[2016-09-18T04:47:14,113][TRACE][org.elasticsearch.index.store.deletes] [index][1] StoreDirectory.deleteFile: delete file _1_Asserting_0.pos
[2016-09-18T04:47:14,113][TRACE][org.elasticsearch.index.store.deletes] [index][1] StoreDirectory.deleteFile: delete file _1.fdx
[2016-09-18T04:47:14,113][TRACE][org.elasticsearch.index.store.deletes] [index][1] StoreDirectory.deleteFile: delete file _1.nvm
[2016-09-18T04:47:14,113][TRACE][org.elasticsearch.index.store.deletes] [index][1] StoreDirectory.deleteFile: delete file _1.fnm
[2016-09-18T04:47:14,113][TRACE][org.elasticsearch.index.store.deletes] [index][1] StoreDirectory.deleteFile: delete file _1.fdt
[2016-09-18T04:47:14,114][TRACE][org.elasticsearch.index.engine.lucene.iw]  [index][1] TEST-InternalEngineTests.testIndexWriterInfoStream-seed#[FD13852EF36FC81C] IW: apply all deletes during flush
[2016-09-18T04:47:14,114][TRACE][org.elasticsearch.index.engine.lucene.iw]  [index][1] TEST-InternalEngineTests.testIndexWriterInfoStream-seed#[FD13852EF36FC81C] IW: now apply all deletes for all segments maxDoc=2
[2016-09-18T04:47:14,114][TRACE][org.elasticsearch.index.engine.lucene.iw]  [index][1] TEST-InternalEngineTests.testIndexWriterInfoStream-seed#[FD13852EF36FC81C] BD: applyDeletes: open segment readers took 0 msec
[2016-09-18T04:47:14,114][TRACE][org.elasticsearch.index.engine.lucene.iw]  [index][1] TEST-InternalEngineTests.testIndexWriterInfoStream-seed#[FD13852EF36FC81C] BD: applyDeletes: no segments; skipping
[2016-09-18T04:47:14,114][TRACE][org.elasticsearch.index.engine.lucene.iw]  [index][1] TEST-InternalEngineTests.testIndexWriterInfoStream-seed#[FD13852EF36FC81C] BD: prune sis=segments_2: _0(6.2.0):c1 _1(6.2.0):c1 minGen=3 packetCount=0
[2016-09-18T04:47:14,114][TRACE][org.elasticsearch.index.engine.lucene.iw]  [index][1] TEST-InternalEngineTests.testIndexWriterInfoStream-seed#[FD13852EF36FC81C] DW: TEST-InternalEngineTests.testIndexWriterInfoStream-seed#[FD13852EF36FC81C] finishFullFlush success=true
[2016-09-18T04:47:14,114][TRACE][org.elasticsearch.index.engine.lucene.iw]  [index][1] TEST-InternalEngineTests.testIndexWriterInfoStream-seed#[FD13852EF36FC81C] IW: 
dir=store(MockDirectoryWrapper(RAMDirectory@2bdc2cb4 lockFactory=org.apache.lucene.store.SingleInstanceLockFactory@7cee964f))
index=_0(6.2.0):c1 _1(6.2.0):c1
version=6.2.0
analyzer=org.apache.lucene.analysis.MockAnalyzer
ramBufferSizeMB=256.0
maxBufferedDocs=-1
maxBufferedDeleteTerms=-1
mergedSegmentWarmer=null
delPolicy=org.apache.lucene.index.SnapshotDeletionPolicy
commit=null
openMode=CREATE
similarity=org.apache.lucene.search.similarities.RandomSimilarity
mergeScheduler=EngineMergeScheduler: maxThreadCount=2, maxMergeCount=7, ioThrottle=true
codec=Asserting(Lucene62)
infoStream=org.elasticsearch.common.lucene.LoggerInfoStream
mergePolicy=ElasticsearchMergePolicy([LogByteSizeMergePolicy: minMergeSize=1677721, mergeFactor=44, maxMergeSize=2147483648, maxMergeSizeForForcedMerge=9223372036854775807, calibrateSizeByDeletes=true, maxMergeDocs=2147483647, maxCFSSegmentSizeMB=8.796093022207999E12, noCFSRatio=0.0])
indexerThreadPool=org.apache.lucene.index.DocumentsWriterPerThreadPool@4b3b3d49
readerPooling=false
perThreadHardLimitMB=1945
useCompoundFile=true
commitOnClose=false
indexSort=null
writer=org.apache.lucene.index.IndexWriter@428b1ec0

[2016-09-18T04:47:14,115][TRACE][org.elasticsearch.index.engine.lucene.iw]  [index][1] TEST-InternalEngineTests.testIndexWriterInfoStream-seed#[FD13852EF36FC81C] IW: MMapDirectory.UNMAP_SUPPORTED=true
[2016-09-18T04:47:14,118][TRACE][org.elasticsearch.index.engine.lucene.iw]  [index][1] TEST-InternalEngineTests.testIndexWriterInfoStream-seed#[FD13852EF36FC81C] LMP: findMerges: 2 segments
[2016-09-18T04:47:14,118][TRACE][org.elasticsearch.index.engine.lucene.iw]  [index][1] TEST-InternalEngineTests.testIndexWriterInfoStream-seed#[FD13852EF36FC81C] LMP: seg=_0(6.2.0):c1 level=2.0281968 size=0.002 MB
[2016-09-18T04:47:14,118][TRACE][org.elasticsearch.index.engine.lucene.iw]  [index][1] TEST-InternalEngineTests.testIndexWriterInfoStream-seed#[FD13852EF36FC81C] LMP: seg=_1(6.2.0):c1 level=2.0281968 size=0.002 MB
[2016-09-18T04:47:14,118][TRACE][org.elasticsearch.index.engine.lucene.iw]  [index][1] TEST-InternalEngineTests.testIndexWriterInfoStream-seed#[FD13852EF36FC81C] LMP:   level -1.0 to 2.0281968: 2 segments
[2016-09-18T04:47:14,119][TRACE][org.elasticsearch.index.engine.lucene.iw]  [index][1] TEST-InternalEngineTests.testIndexWriterInfoStream-seed#[FD13852EF36FC81C] MS: now merge
[2016-09-18T04:47:14,119][TRACE][org.elasticsearch.index.engine.lucene.iw]  [index][1] TEST-InternalEngineTests.testIndexWriterInfoStream-seed#[FD13852EF36FC81C] MS:   index: _0(6.2.0):c1 _1(6.2.0):c1
[2016-09-18T04:47:14,119][TRACE][org.elasticsearch.index.engine.lucene.iw]  [index][1] TEST-InternalEngineTests.testIndexWriterInfoStream-seed#[FD13852EF36FC81C] MS:   no more merges pending; now return
[2016-09-18T04:47:14,119][TRACE][org.elasticsearch.index.engine.lucene.iw]  [index][1] TEST-InternalEngineTests.testIndexWriterInfoStream-seed#[FD13852EF36FC81C] IW: startCommit(): start
[2016-09-18T04:47:14,119][TRACE][org.elasticsearch.index.engine.lucene.iw]  [index][1] TEST-InternalEngineTests.testIndexWriterInfoStream-seed#[FD13852EF36FC81C] IW: startCommit index=_0(6.2.0):c1 _1(6.2.0):c1 changeCount=11
[2016-09-18T04:47:14,119][TRACE][org.elasticsearch.index.engine.lucene.iw]  [index][1] TEST-InternalEngineTests.testIndexWriterInfoStream-seed#[FD13852EF36FC81C] IW: startCommit: wrote pending segments file "pending_segments_3"
[2016-09-18T04:47:14,120][TRACE][org.elasticsearch.index.engine.lucene.iw]  [index][1] TEST-InternalEngineTests.testIndexWriterInfoStream-seed#[FD13852EF36FC81C] IW: done all syncs: [_1.cfs, _0.cfe, _0.si, _1.cfe, _1.si, _0.cfs]
[2016-09-18T04:47:14,120][TRACE][org.elasticsearch.index.engine.lucene.iw]  [index][1] TEST-InternalEngineTests.testIndexWriterInfoStream-seed#[FD13852EF36FC81C] IW: commit: pendingCommit != null
[2016-09-18T04:47:14,120][TRACE][org.elasticsearch.index.engine.lucene.iw]  [index][1] TEST-InternalEngineTests.testIndexWriterInfoStream-seed#[FD13852EF36FC81C] IW: commit: done writing segments file "segments_3"
[2016-09-18T04:47:14,121][TRACE][org.elasticsearch.index.engine.lucene.iw.ifd]  [index][1] TEST-InternalEngineTests.testIndexWriterInfoStream-seed#[FD13852EF36FC81C] IFD: now checkpoint "_0(6.2.0):c1 _1(6.2.0):c1" [2 segments ; isCommit = true]
[2016-09-18T04:47:14,121][TRACE][org.elasticsearch.index.engine.lucene.iw.ifd]  [index][1] TEST-InternalEngineTests.testIndexWriterInfoStream-seed#[FD13852EF36FC81C] IFD: deleteCommits: now decRef commit "segments_2"
[2016-09-18T04:47:14,121][TRACE][org.elasticsearch.index.engine.lucene.iw.ifd]  [index][1] TEST-InternalEngineTests.testIndexWriterInfoStream-seed#[FD13852EF36FC81C] IFD: delete [segments_2]
[2016-09-18T04:47:14,121][TRACE][org.elasticsearch.index.store.deletes] [index][1] StoreDirectory.deleteFile: delete file segments_2
[2016-09-18T04:47:14,121][TRACE][org.elasticsearch.index.engine.lucene.iw.ifd]  [index][1] TEST-InternalEngineTests.testIndexWriterInfoStream-seed#[FD13852EF36FC81C] IFD: 0 msec to checkpoint
[2016-09-18T04:47:14,121][TRACE][org.elasticsearch.index.engine.lucene.iw.ifd]  [index][1] TEST-InternalEngineTests.testIndexWriterInfoStream-seed#[FD13852EF36FC81C] IFD: delete []
[2016-09-18T04:47:14,121][TRACE][org.elasticsearch.index.engine.lucene.iw]  [index][1] TEST-InternalEngineTests.testIndexWriterInfoStream-seed#[FD13852EF36FC81C] IW: commit: took 40.0 msec
[2016-09-18T04:47:14,121][TRACE][org.elasticsearch.index.engine.lucene.iw]  [index][1] TEST-InternalEngineTests.testIndexWriterInfoStream-seed#[FD13852EF36FC81C] IW: commit: done
[2016-09-18T04:47:14,121][TRACE][org.elasticsearch.index.engine]  [index][1] finished commit for flush
[2016-09-18T04:47:14,121][TRACE][org.elasticsearch.index.engine.lucene.iw]  [index][1] TEST-InternalEngineTests.testIndexWriterInfoStream-seed#[FD13852EF36FC81C] IW: nrtIsCurrent: infoVersion matches: false; DW changes: false; BD changes: false
[2016-09-18T04:47:14,122][TRACE][org.elasticsearch.index.engine.lucene.iw]  [index][1] TEST-InternalEngineTests.testIndexWriterInfoStream-seed#[FD13852EF36FC81C] IW: flush at getReader
[2016-09-18T04:47:14,122][TRACE][org.elasticsearch.index.engine.lucene.iw]  [index][1] TEST-InternalEngineTests.testIndexWriterInfoStream-seed#[FD13852EF36FC81C] DW: startFullFlush
[2016-09-18T04:47:14,122][TRACE][org.elasticsearch.index.engine.lucene.iw]  [index][1] TEST-InternalEngineTests.testIndexWriterInfoStream-seed#[FD13852EF36FC81C] IW: apply all deletes during flush
[2016-09-18T04:47:14,122][TRACE][org.elasticsearch.index.engine.lucene.iw]  [index][1] TEST-InternalEngineTests.testIndexWriterInfoStream-seed#[FD13852EF36FC81C] IW: now apply all deletes for all segments maxDoc=2
[2016-09-18T04:47:14,122][TRACE][org.elasticsearch.index.engine.lucene.iw]  [index][1] TEST-InternalEngineTests.testIndexWriterInfoStream-seed#[FD13852EF36FC81C] BD: applyDeletes: open segment readers took 0 msec
[2016-09-18T04:47:14,122][TRACE][org.elasticsearch.index.engine.lucene.iw]  [index][1] TEST-InternalEngineTests.testIndexWriterInfoStream-seed#[FD13852EF36FC81C] BD: applyDeletes: no segments; skipping
[2016-09-18T04:47:14,122][TRACE][org.elasticsearch.index.engine.lucene.iw]  [index][1] TEST-InternalEngineTests.testIndexWriterInfoStream-seed#[FD13852EF36FC81C] BD: prune sis=segments_3: _0(6.2.0):c1 _1(6.2.0):c1 minGen=3 packetCount=0
[2016-09-18T04:47:14,124][TRACE][org.elasticsearch.index.engine.lucene.iw]  [index][1] TEST-InternalEngineTests.testIndexWriterInfoStream-seed#[FD13852EF36FC81C] IW: incRefDeleter for NRT reader version=11 segments=_0(6.2.0):c1 _1(6.2.0):c1
[2016-09-18T04:47:14,124][TRACE][org.elasticsearch.index.engine.lucene.iw]  [index][1] TEST-InternalEngineTests.testIndexWriterInfoStream-seed#[FD13852EF36FC81C] IW: return reader version=11 reader=StandardDirectoryReader(segments_3:11:nrt _0(6.2.0):c1 _1(6.2.0):c1)
[2016-09-18T04:47:14,124][TRACE][org.elasticsearch.index.engine.lucene.iw]  [index][1] TEST-InternalEngineTests.testIndexWriterInfoStream-seed#[FD13852EF36FC81C] DW: TEST-InternalEngineTests.testIndexWriterInfoStream-seed#[FD13852EF36FC81C] finishFullFlush success=true
[2016-09-18T04:47:14,124][TRACE][org.elasticsearch.index.engine.lucene.iw]  [index][1] TEST-InternalEngineTests.testIndexWriterInfoStream-seed#[FD13852EF36FC81C] IW: getReader took 2 msec
[2016-09-18T04:47:14,124][TRACE][org.elasticsearch.index.engine.lucene.iw.ifd]  [index][1] TEST-InternalEngineTests.testIndexWriterInfoStream-seed#[FD13852EF36FC81C] IFD: delete []
[2016-09-18T04:47:14,124][TRACE][org.elasticsearch.index.engine.lucene.iw]  [index][1] TEST-InternalEngineTests.testIndexWriterInfoStream-seed#[FD13852EF36FC81C] IW: decRefDeleter for NRT reader version=7 segments=_0(6.2.0):c1
[2016-09-18T04:47:14,124][TRACE][org.elasticsearch.index.translog]  [index][1] delete translog file - not referenced and not current anymore C:\Users\kmala\workspace\Team3\core\build\testrun\test\J0\temp\org.elasticsearch.index.engine.InternalEngineTests_FD13852EF36FC81C-001\translog-primary-047\translog-2.tlog
]]></system-out>
   <system-err><![CDATA[]]></system-err>
</testsuite>