<testsuite errors="0" failures="0" tests="9" skipped="0" name="org.elasticsearch.cluster.routing.allocation.decider.DiskThresholdDeciderTests" hostname="nohost.nodomain" time="18.762" timestamp="2016-09-18T12:44:59">
   <properties class="java.util.ArrayList">
      <property name="awt.toolkit" value="sun.awt.windows.WToolkit"/>
      <property name="file.encoding" value="Cp1252"/>
      <property name="file.encoding.pkg" value="sun.io"/>
      <property name="file.separator" value="\"/>
      <property name="java.awt.graphicsenv" value="sun.awt.Win32GraphicsEnvironment"/>
      <property name="java.awt.headless" value="true"/>
      <property name="java.awt.printerjob" value="sun.awt.windows.WPrinterJob"/>
      <property name="java.class.path" value="C:\Users\kmala\workspace\Team3\core\build\classes\test;C:\Users\kmala\workspace\Team3\core\build\resources\test;C:\Users\kmala\workspace\Team3\core\build\classes\main;C:\Users\kmala\workspace\Team3\core\build\resources\main;C:\Users\kmala\.gradle\caches\modules-2\files-2.1\org.apache.lucene\lucene-core\6.2.0\849ee62525a294416802be2cacc66c80352f6f13\lucene-core-6.2.0.jar;C:\Users\kmala\.gradle\caches\modules-2\files-2.1\org.apache.lucene\lucene-analyzers-common\6.2.0\d254d52dd394b5079129f3d5f3bf4f2d44a5936e\lucene-analyzers-common-6.2.0.jar;C:\Users\kmala\.gradle\caches\modules-2\files-2.1\org.apache.lucene\lucene-backward-codecs\6.2.0\b625bb21456b3c0d1e5e431bced125cb060c1abd\lucene-backward-codecs-6.2.0.jar;C:\Users\kmala\.gradle\caches\modules-2\files-2.1\org.apache.lucene\lucene-grouping\6.2.0\9527fedfd5acc624b2bb3f862bd99fb8f470b053\lucene-grouping-6.2.0.jar;C:\Users\kmala\.gradle\caches\modules-2\files-2.1\org.apache.lucene\lucene-highlighter\6.2.0\7ca342372a3f45e32bbd21cecaa757e38eccb8a5\lucene-highlighter-6.2.0.jar;C:\Users\kmala\.gradle\caches\modules-2\files-2.1\org.apache.lucene\lucene-join\6.2.0\da0b8de98511abd4fe9c7d48a353d17854c5ed46\lucene-join-6.2.0.jar;C:\Users\kmala\.gradle\caches\modules-2\files-2.1\org.apache.lucene\lucene-memory\6.2.0\bc9e075b1ee051c8e5246c237c38d8e71dab8a66\lucene-memory-6.2.0.jar;C:\Users\kmala\.gradle\caches\modules-2\files-2.1\org.apache.lucene\lucene-misc\6.2.0\94ddde6312566a4da4a50a88e453b6c82c759b41\lucene-misc-6.2.0.jar;C:\Users\kmala\.gradle\caches\modules-2\files-2.1\org.apache.lucene\lucene-queries\6.2.0\dce47238f78e3e97d91dc6fefa9f46f07866bc2b\lucene-queries-6.2.0.jar;C:\Users\kmala\.gradle\caches\modules-2\files-2.1\org.apache.lucene\lucene-queryparser\6.2.0\17ef728ac15e668bfa1105321611548424637645\lucene-queryparser-6.2.0.jar;C:\Users\kmala\.gradle\caches\modules-2\files-2.1\org.apache.lucene\lucene-sandbox\6.2.0\520183f7b9aba77a26e224760c420a3844b0631a\lucene-sandbox-6.2.0.jar;C:\Users\kmala\.gradle\caches\modules-2\files-2.1\org.apache.lucene\lucene-spatial\6.2.0\8dba929b66927b936fbc76103b109ad6c824daee\lucene-spatial-6.2.0.jar;C:\Users\kmala\.gradle\caches\modules-2\files-2.1\org.apache.lucene\lucene-spatial-extras\6.2.0\3b5a6ef5cd90c0218a72e9e2f7e60104be2447da\lucene-spatial-extras-6.2.0.jar;C:\Users\kmala\.gradle\caches\modules-2\files-2.1\org.apache.lucene\lucene-spatial3d\6.2.0\fcdb0567725722c5145149d1502848b6a96ec18d\lucene-spatial3d-6.2.0.jar;C:\Users\kmala\.gradle\caches\modules-2\files-2.1\org.apache.lucene\lucene-suggest\6.2.0\3d9d526c51f483d27f425c75d7e56bc0849242d6\lucene-suggest-6.2.0.jar;C:\Users\kmala\.gradle\caches\modules-2\files-2.1\org.elasticsearch\securesm\1.1\1e423447d020041534be94c0f31a49fbdc1f2950\securesm-1.1.jar;C:\Users\kmala\.gradle\caches\modules-2\files-2.1\net.sf.jopt-simple\jopt-simple\5.0.2\98cafc6081d5632b61be2c9e60650b64ddbc637c\jopt-simple-5.0.2.jar;C:\Users\kmala\.gradle\caches\modules-2\files-2.1\com.carrotsearch\hppc\0.7.1\8b5057f74ea378c0150a1860874a3ebdcb713767\hppc-0.7.1.jar;C:\Users\kmala\.gradle\caches\modules-2\files-2.1\joda-time\joda-time\2.9.4\1c295b462f16702ebe720bbb08f62e1ba80da41b\joda-time-2.9.4.jar;C:\Users\kmala\.gradle\caches\modules-2\files-2.1\org.joda\joda-convert\1.2\35ec554f0cd00c956cc69051514d9488b1374dec\joda-convert-1.2.jar;C:\Users\kmala\.gradle\caches\modules-2\files-2.1\org.yaml\snakeyaml\1.15\3b132bea69e8ee099f416044970997bde80f4ea6\snakeyaml-1.15.jar;C:\Users\kmala\.gradle\caches\modules-2\files-2.1\com.fasterxml.jackson.core\jackson-core\2.8.1\fd13b1c033741d48291315c6370f7d475a42dccf\jackson-core-2.8.1.jar;C:\Users\kmala\.gradle\caches\modules-2\files-2.1\com.fasterxml.jackson.dataformat\jackson-dataformat-smile\2.8.1\5b73867bc12224946fc67fc8d49d9f5e698d7f\jackson-dataformat-smile-2.8.1.jar;C:\Users\kmala\.gradle\caches\modules-2\files-2.1\com.fasterxml.jackson.dataformat\jackson-dataformat-yaml\2.8.1\eb63166c723b0b4b9fb5298fca232a2f6612ec34\jackson-dataformat-yaml-2.8.1.jar;C:\Users\kmala\.gradle\caches\modules-2\files-2.1\com.fasterxml.jackson.dataformat\jackson-dataformat-cbor\2.8.1\3a6fb7e75c9972559a78cf5cfc5a48a41a13ea40\jackson-dataformat-cbor-2.8.1.jar;C:\Users\kmala\.gradle\caches\modules-2\files-2.1\com.tdunning\t-digest\3.0\84ccf145ac2215e6bfa63baa3101c0af41017cfc\t-digest-3.0.jar;C:\Users\kmala\.gradle\caches\modules-2\files-2.1\org.hdrhistogram\HdrHistogram\2.1.6\7495feb7f71ee124bd2a7e7d83590e296d71d80e\HdrHistogram-2.1.6.jar;C:\Users\kmala\.gradle\caches\modules-2\files-2.1\org.locationtech.spatial4j\spatial4j\0.6\21b15310bddcfd8c72611c180f20cf23279809a3\spatial4j-0.6.jar;C:\Users\kmala\.gradle\caches\modules-2\files-2.1\com.vividsolutions\jts\1.13\3ccfb9b60f04d71add996a666ceb8902904fd805\jts-1.13.jar;C:\Users\kmala\.gradle\caches\modules-2\files-2.1\org.apache.logging.log4j\log4j-api\2.6.2\bd1b74a5d170686362091c7cf596bbc3adf5c09b\log4j-api-2.6.2.jar;C:\Users\kmala\.gradle\caches\modules-2\files-2.1\org.apache.logging.log4j\log4j-core\2.6.2\a91369f655eb1639c6aece5c5eb5108db18306\log4j-core-2.6.2.jar;C:\Users\kmala\.gradle\caches\modules-2\files-2.1\org.apache.logging.log4j\log4j-1.2-api\2.6.2\3b4c5a8b734b6a29b2f03380535a48da6284b210\log4j-1.2-api-2.6.2.jar;C:\Users\kmala\.gradle\caches\modules-2\files-2.1\net.java.dev.jna\jna\4.2.2\5012450aee579c3118ff09461d5ce210e0cdc2a9\jna-4.2.2.jar;C:\Users\kmala\workspace\Team3\test\framework\build\distributions\framework-5.0.0-alpha6-SNAPSHOT.jar;C:\Users\kmala\.gradle\caches\modules-2\files-2.1\com.carrotsearch.randomizedtesting\randomizedtesting-runner\2.3.2\307965917fe8a22b7ee72deba39ef4b8e6ebc069\randomizedtesting-runner-2.3.2.jar;C:\Users\kmala\.gradle\caches\modules-2\files-2.1\junit\junit\4.11\4e031bb61df09069aeb2bffb4019e7a5034a4ee0\junit-4.11.jar;C:\Users\kmala\.gradle\caches\modules-2\files-2.1\org.hamcrest\hamcrest-all\1.3\63a21ebc981131004ad02e0434e799fd7f3a8d5a\hamcrest-all-1.3.jar;C:\Users\kmala\.gradle\caches\modules-2\files-2.1\org.apache.lucene\lucene-test-framework\6.2.0\f5026be3983acfb40d4092dbfbc015ec6e6addab\lucene-test-framework-6.2.0.jar;C:\Users\kmala\.gradle\caches\modules-2\files-2.1\org.apache.lucene\lucene-codecs\6.2.0\99f887266b0ad9f2c286b3976c5bc48c8cd36624\lucene-codecs-6.2.0.jar;C:\Users\kmala\workspace\Team3\client\rest\build\distributions\rest-5.0.0-alpha6-SNAPSHOT.jar;C:\Users\kmala\.gradle\caches\modules-2\files-2.1\org.apache.httpcomponents\httpclient\4.5.2\733db77aa8d9b2d68015189df76ab06304406e50\httpclient-4.5.2.jar;C:\Users\kmala\.gradle\caches\modules-2\files-2.1\org.apache.httpcomponents\httpcore\4.4.5\e7501a1b34325abb00d17dde96150604a0658b54\httpcore-4.4.5.jar;C:\Users\kmala\.gradle\caches\modules-2\files-2.1\commons-logging\commons-logging\1.1.3\f6f66e966c70a83ffbdb6f17a0919eaf7c8aca7f\commons-logging-1.1.3.jar;C:\Users\kmala\.gradle\caches\modules-2\files-2.1\commons-codec\commons-codec\1.10\4b95f4897fa13f2cd904aee711aeafc0c5295cd8\commons-codec-1.10.jar;C:\Users\kmala\.gradle\caches\modules-2\files-2.1\org.elasticsearch\securemock\1.2\98201d4ad5ac93f6b415ae9172d52b5e7cda490e\securemock-1.2.jar;C:\Users\kmala\.gradle\caches\modules-2\files-2.1\org.apache.httpcomponents\httpasyncclient\4.1.2\95aa3e6fb520191a0970a73cf09f62948ee614be\httpasyncclient-4.1.2.jar;C:\Users\kmala\.gradle\caches\modules-2\files-2.1\org.apache.httpcomponents\httpcore-nio\4.4.5\f4be009e7505f6ceddf21e7960c759f413f15056\httpcore-nio-4.4.5.jar;C:\Users\kmala\.gradle\caches\modules-2\files-2.1\com.carrotsearch.randomizedtesting\junit4-ant\2.3.2\dc8f03f6111974092491f35b8269eb0fc57f52f7\junit4-ant-2.3.2.jar"/>
      <property name="java.class.version" value="52.0"/>
      <property name="java.endorsed.dirs" value="C:\Program Files\Java\jdk1.8.0_102\jre\lib\endorsed"/>
      <property name="java.ext.dirs" value="C:\Program Files\Java\jdk1.8.0_102\jre\lib\ext;C:\Windows\Sun\Java\lib\ext"/>
      <property name="java.home" value="C:\Program Files\Java\jdk1.8.0_102\jre"/>
      <property name="java.io.tmpdir" value="./temp"/>
      <property name="java.library.path" value="C:\Program Files\Java\jdk1.8.0_102\bin;C:\Windows\Sun\Java\bin;C:\Windows\system32;C:\Windows;C:\ProgramData\Oracle\Java\javapath;C:\Windows\system32;C:\Windows;C:\Windows\System32\Wbem;C:\Windows\System32\WindowsPowerShell\v1.0\;C:\Program Files (x86)\Skype\Phone\;C:\Tools\curl-7.50.1\bin;C:\Program Files\Git\cmd;C:\Tools\gradle-2.13\bin;C:\Tools\apache-maven-3.3.9\bin;C:\Program Files\doxygen\bin;C:\Tools\sonar-scanner-2.7\bin;C:\Windows\system32\config\systemprofile\.dnx\bin;C:\Program Files\Microsoft DNX\Dnvm\;C:\Program Files\Microsoft SQL Server\120\Tools\Binn\;C:\Users\kmala\AppData\Local\Microsoft\WindowsApps;;."/>
      <property name="java.runtime.name" value="Java(TM) SE Runtime Environment"/>
      <property name="java.runtime.version" value="1.8.0_102-b14"/>
      <property name="java.specification.name" value="Java Platform API Specification"/>
      <property name="java.specification.vendor" value="Oracle Corporation"/>
      <property name="java.specification.version" value="1.8"/>
      <property name="java.vendor" value="Oracle Corporation"/>
      <property name="java.vendor.url" value="http://java.oracle.com/"/>
      <property name="java.vendor.url.bug" value="http://bugreport.sun.com/bugreport/"/>
      <property name="java.version" value="1.8.0_102"/>
      <property name="java.vm.info" value="mixed mode"/>
      <property name="java.vm.name" value="Java HotSpot(TM) 64-Bit Server VM"/>
      <property name="java.vm.specification.name" value="Java Virtual Machine Specification"/>
      <property name="java.vm.specification.vendor" value="Oracle Corporation"/>
      <property name="java.vm.specification.version" value="1.8"/>
      <property name="java.vm.vendor" value="Oracle Corporation"/>
      <property name="java.vm.version" value="25.102-b14"/>
      <property name="jna.nosys" value="true"/>
      <property name="junit4.childvm.count" value="3"/>
      <property name="junit4.childvm.cwd" value="C:\Users\kmala\workspace\Team3\core\build\testrun\test\J1"/>
      <property name="junit4.childvm.id" value="1"/>
      <property name="junit4.memory.total" value="514850816"/>
      <property name="junit4.pidString" value="6936@DESKTOP-HP7QPF3"/>
      <property name="junit4.processors" value="4"/>
      <property name="line.separator" value="
"/>
      <property name="os.arch" value="amd64"/>
      <property name="os.name" value="Windows 10"/>
      <property name="os.version" value="10.0"/>
      <property name="path.separator" value=";"/>
      <property name="sun.arch.data.model" value="64"/>
      <property name="sun.boot.class.path" value="C:\Program Files\Java\jdk1.8.0_102\jre\lib\resources.jar;C:\Program Files\Java\jdk1.8.0_102\jre\lib\rt.jar;C:\Program Files\Java\jdk1.8.0_102\jre\lib\sunrsasign.jar;C:\Program Files\Java\jdk1.8.0_102\jre\lib\jsse.jar;C:\Program Files\Java\jdk1.8.0_102\jre\lib\jce.jar;C:\Program Files\Java\jdk1.8.0_102\jre\lib\charsets.jar;C:\Program Files\Java\jdk1.8.0_102\jre\lib\jfr.jar;C:\Program Files\Java\jdk1.8.0_102\jre\classes"/>
      <property name="sun.boot.library.path" value="C:\Program Files\Java\jdk1.8.0_102\jre\bin"/>
      <property name="sun.cpu.endian" value="little"/>
      <property name="sun.cpu.isalist" value="amd64"/>
      <property name="sun.desktop" value="windows"/>
      <property name="sun.io.unicode.encoding" value="UnicodeLittle"/>
      <property name="sun.java.command" value="com.carrotsearch.ant.tasks.junit4.slave.SlaveMainSafe -eventsfile C:\Users\kmala\workspace\Team3\core\build\testrun\test\temp\junit4-J1-20160918_124457_942.events @C:\Users\kmala\workspace\Team3\core\build\testrun\test\temp\junit4-J1-20160918_124457_942.suites -stdin"/>
      <property name="sun.java.launcher" value="SUN_STANDARD"/>
      <property name="sun.jnu.encoding" value="Cp1252"/>
      <property name="sun.management.compiler" value="HotSpot 64-Bit Tiered Compilers"/>
      <property name="sun.os.patch.level" value=""/>
      <property name="tests.artifact" value="core"/>
      <property name="tests.gradle" value="true"/>
      <property name="tests.ifNoTests" value="fail"/>
      <property name="tests.logger.level" value="WARN"/>
      <property name="tests.prefix" value="tests"/>
      <property name="tests.security.manager" value="true"/>
      <property name="tests.seed" value="FD13852EF36FC81C"/>
      <property name="tests.task" value=":core:test"/>
      <property name="user.country" value="US"/>
      <property name="user.dir" value="C:\Users\kmala\workspace\Team3\core\build\testrun\test\J1"/>
      <property name="user.home" value="C:\Users\kmala"/>
      <property name="user.language" value="en"/>
      <property name="user.name" value="kmala"/>
      <property name="user.script" value=""/>
      <property name="user.timezone" value=""/>
      <property name="user.variant" value=""/>
   </properties>
   <testcase classname="org.elasticsearch.cluster.routing.allocation.decider.DiskThresholdDeciderTests" name="testForSingleDataNode" time="2.961"/>
   <testcase classname="org.elasticsearch.cluster.routing.allocation.decider.DiskThresholdDeciderTests" name="testUnknownDiskUsage" time="0.128"/>
   <testcase classname="org.elasticsearch.cluster.routing.allocation.decider.DiskThresholdDeciderTests" name="testFreeDiskPercentageAfterShardAssigned" time="0.021"/>
   <testcase classname="org.elasticsearch.cluster.routing.allocation.decider.DiskThresholdDeciderTests" name="testCanRemainWithShardRelocatingAway" time="0.015"/>
   <testcase classname="org.elasticsearch.cluster.routing.allocation.decider.DiskThresholdDeciderTests" name="testDiskThreshold" time="0.498"/>
   <testcase classname="org.elasticsearch.cluster.routing.allocation.decider.DiskThresholdDeciderTests" name="testDiskThresholdWithAbsoluteSizes" time="0.155"/>
   <testcase classname="org.elasticsearch.cluster.routing.allocation.decider.DiskThresholdDeciderTests" name="testAverageUsage" time="0.006"/>
   <testcase classname="org.elasticsearch.cluster.routing.allocation.decider.DiskThresholdDeciderTests" name="testShardRelocationsTakenIntoAccount" time="0.283"/>
   <testcase classname="org.elasticsearch.cluster.routing.allocation.decider.DiskThresholdDeciderTests" name="testDiskThresholdWithShardSizes" time="0.054"/>
   <system-out><![CDATA[[2016-09-18T18:45:16,019][INFO ][org.elasticsearch.cluster.routing.allocation.decider] --> adding one master node, one data node
[2016-09-18T18:45:16,472][INFO ][org.elasticsearch.cluster.routing.allocation.decider] --> calling fake getClusterInfo
[2016-09-18T18:45:16,524][INFO ][org.elasticsearch.cluster.routing.allocation.decider] --> adding node3
[2016-09-18T18:45:16,530][INFO ][org.elasticsearch.cluster.routing.allocation.decider] --> calling fake getClusterInfo
[2016-09-18T18:45:16,840][INFO ][org.elasticsearch.cluster.routing.allocation.decider] --> adding node1
[2016-09-18T18:45:16,841][INFO ][org.elasticsearch.cluster.routing.allocation.decider] --> calling fake getClusterInfo
[2016-09-18T18:45:16,901][INFO ][org.elasticsearch.cluster.routing.allocation.decider] --> start the shards (primaries)
[2016-09-18T18:45:16,902][INFO ][org.elasticsearch.cluster.routing.allocation.decider] --> calling fake getClusterInfo
[2016-09-18T18:45:16,931][INFO ][org.elasticsearch.cluster.routing.allocation] Cluster health status changed from [YELLOW] to [GREEN] (reason: [shards started [[test][0]] ...]).
[2016-09-18T18:45:16,932][INFO ][org.elasticsearch.cluster.routing.allocation.decider] --> counts: total: 1, unassigned: 0, initializing: 0, relocating: 0, started: 1
[2016-09-18T18:45:16,933][INFO ][org.elasticsearch.cluster.routing.allocation.decider] --> unassigned: [], initializing: [], relocating: [], started: [[test][0], node[node1], [P], s[STARTED], a[id=_V1UIhCDQfKfoSk8HuvXeg]]
[2016-09-18T18:45:16,967][INFO ][org.elasticsearch.cluster.routing.allocation.decider] --> calling fake getClusterInfo
[2016-09-18T18:45:16,981][INFO ][org.elasticsearch.cluster.routing.allocation.decider] --> adding two nodes
[2016-09-18T18:45:16,981][INFO ][org.elasticsearch.cluster.routing.allocation.decider] --> calling fake getClusterInfo
[2016-09-18T18:45:17,010][INFO ][org.elasticsearch.cluster.routing.allocation.decider] --> counts: total: 1, unassigned: 1, initializing: 1, relocating: 0, started: 0
[2016-09-18T18:45:17,363][INFO ][org.elasticsearch.cluster.routing.allocation.decider] --> unassigned: [[test][0], node[null], [R], recovery_source[peer recovery], s[UNASSIGNED], unassigned_info[[reason=INDEX_CREATED], at[2016-09-18T10:45:16.981Z], delayed=false, allocation_status[no_attempt]]], initializing: [[test][0], node[node2], [P], recovery_source[new shard recovery], s[INITIALIZING], a[id=1Nt3-CDyTXKtAzRpgl-ewQ], unassigned_info[[reason=INDEX_CREATED], at[2016-09-18T10:45:16.981Z], delayed=false, allocation_status[no_attempt]], expected_shard_size[10]], relocating: [], started: []
[2016-09-18T18:45:17,364][INFO ][org.elasticsearch.cluster.routing.allocation.decider] --> start the shards (primaries)
[2016-09-18T18:45:17,364][INFO ][org.elasticsearch.cluster.routing.allocation.decider] --> calling fake getClusterInfo
[2016-09-18T18:45:17,372][INFO ][org.elasticsearch.cluster.routing.allocation.decider] --> counts: total: 1, unassigned: 1, initializing: 0, relocating: 0, started: 1
[2016-09-18T18:45:17,372][INFO ][org.elasticsearch.cluster.routing.allocation.decider] --> unassigned: [[test][0], node[null], [R], recovery_source[peer recovery], s[UNASSIGNED], unassigned_info[[reason=INDEX_CREATED], at[2016-09-18T10:45:16.981Z], delayed=false, allocation_status[no_attempt]]], initializing: [], relocating: [], started: [[test][0], node[node2], [P], s[STARTED], a[id=1Nt3-CDyTXKtAzRpgl-ewQ]]
[2016-09-18T18:45:17,373][INFO ][org.elasticsearch.cluster.routing.allocation.decider] --> start the shards (replicas)
[2016-09-18T18:45:17,373][INFO ][org.elasticsearch.cluster.routing.allocation.decider] --> counts: total: 1, unassigned: 1, initializing: 0, relocating: 0, started: 1
[2016-09-18T18:45:17,373][INFO ][org.elasticsearch.cluster.routing.allocation.decider] --> unassigned: [[test][0], node[null], [R], recovery_source[peer recovery], s[UNASSIGNED], unassigned_info[[reason=INDEX_CREATED], at[2016-09-18T10:45:16.981Z], delayed=false, allocation_status[no_attempt]]], initializing: [], relocating: [], started: [[test][0], node[node2], [P], s[STARTED], a[id=1Nt3-CDyTXKtAzRpgl-ewQ]]
[2016-09-18T18:45:17,374][INFO ][org.elasticsearch.cluster.routing.allocation.decider] --> adding node3
[2016-09-18T18:45:17,375][INFO ][org.elasticsearch.cluster.routing.allocation.decider] --> calling fake getClusterInfo
[2016-09-18T18:45:17,378][INFO ][org.elasticsearch.cluster.routing.allocation.decider] --> counts: total: 2, unassigned: 0, initializing: 1, relocating: 0, started: 1
[2016-09-18T18:45:17,378][INFO ][org.elasticsearch.cluster.routing.allocation.decider] --> unassigned: [], initializing: [[test][0], node[node3], [R], recovery_source[peer recovery], s[INITIALIZING], a[id=lOqb6iBWTd2qrMwpJKqKig], unassigned_info[[reason=INDEX_CREATED], at[2016-09-18T10:45:16.981Z], delayed=false, allocation_status[no_attempt]], expected_shard_size[10]], relocating: [], started: [[test][0], node[node2], [P], s[STARTED], a[id=1Nt3-CDyTXKtAzRpgl-ewQ]]
[2016-09-18T18:45:17,379][INFO ][org.elasticsearch.cluster.routing.allocation.decider] --> start the shards (replicas)
[2016-09-18T18:45:17,379][INFO ][org.elasticsearch.cluster.routing.allocation.decider] --> calling fake getClusterInfo
[2016-09-18T18:45:17,380][INFO ][org.elasticsearch.cluster.routing.allocation] Cluster health status changed from [YELLOW] to [GREEN] (reason: [shards started [[test][0]] ...]).
[2016-09-18T18:45:17,381][INFO ][org.elasticsearch.cluster.routing.allocation.decider] --> counts: total: 2, unassigned: 0, initializing: 0, relocating: 0, started: 2
[2016-09-18T18:45:17,386][INFO ][org.elasticsearch.cluster.routing.allocation.decider] --> unassigned: [], initializing: [], relocating: [], started: [[test][0], node[node2], [P], s[STARTED], a[id=1Nt3-CDyTXKtAzRpgl-ewQ], [test][0], node[node3], [R], s[STARTED], a[id=lOqb6iBWTd2qrMwpJKqKig]]
[2016-09-18T18:45:17,388][INFO ][org.elasticsearch.cluster.routing.allocation.decider] --> changing decider settings
[2016-09-18T18:45:17,397][INFO ][org.elasticsearch.cluster.routing.allocation.decider] --> calling fake getClusterInfo
[2016-09-18T18:45:17,398][INFO ][org.elasticsearch.cluster.routing.allocation.decider] --> counts: total: 2, unassigned: 0, initializing: 0, relocating: 0, started: 2
[2016-09-18T18:45:17,399][INFO ][org.elasticsearch.cluster.routing.allocation.decider] --> unassigned: [], initializing: [], relocating: [], started: [[test][0], node[node2], [P], s[STARTED], a[id=1Nt3-CDyTXKtAzRpgl-ewQ], [test][0], node[node3], [R], s[STARTED], a[id=lOqb6iBWTd2qrMwpJKqKig]]
[2016-09-18T18:45:17,400][INFO ][org.elasticsearch.cluster.routing.allocation.decider] --> changing settings again
[2016-09-18T18:45:17,410][INFO ][org.elasticsearch.cluster.routing.allocation.decider] --> calling fake getClusterInfo
[2016-09-18T18:45:17,412][INFO ][org.elasticsearch.cluster.routing.allocation.decider] --> counts: total: 2, unassigned: 0, initializing: 0, relocating: 0, started: 2
[2016-09-18T18:45:17,412][INFO ][org.elasticsearch.cluster.routing.allocation.decider] --> unassigned: [], initializing: [], relocating: [], started: [[test][0], node[node2], [P], s[STARTED], a[id=1Nt3-CDyTXKtAzRpgl-ewQ], [test][0], node[node3], [R], s[STARTED], a[id=lOqb6iBWTd2qrMwpJKqKig]]
[2016-09-18T18:45:17,413][INFO ][org.elasticsearch.cluster.routing.allocation.decider] --> adding node4
[2016-09-18T18:45:17,414][INFO ][org.elasticsearch.cluster.routing.allocation.decider] --> calling fake getClusterInfo
[2016-09-18T18:45:17,465][INFO ][org.elasticsearch.cluster.routing.allocation.decider] --> counts: total: 3, unassigned: 0, initializing: 1, relocating: 1, started: 1
[2016-09-18T18:45:17,466][INFO ][org.elasticsearch.cluster.routing.allocation.decider] --> unassigned: [], initializing: [[test][0], node[node4], relocating [node2], [P], recovery_source[peer recovery], s[INITIALIZING], a[id=7wyL2SnxS36ys_j4rhgsQw, rId=1Nt3-CDyTXKtAzRpgl-ewQ], expected_shard_size[10]], relocating: [[test][0], node[node2], relocating [node4], [P], s[RELOCATING], a[id=1Nt3-CDyTXKtAzRpgl-ewQ, rId=7wyL2SnxS36ys_j4rhgsQw], expected_shard_size[10]], started: [[test][0], node[node3], [R], s[STARTED], a[id=lOqb6iBWTd2qrMwpJKqKig]]
[2016-09-18T18:45:17,466][INFO ][org.elasticsearch.cluster.routing.allocation.decider] --> apply INITIALIZING shards
[2016-09-18T18:45:17,467][INFO ][org.elasticsearch.cluster.routing.allocation.decider] --> calling fake getClusterInfo
[2016-09-18T18:45:17,468][INFO ][org.elasticsearch.cluster.routing.allocation.decider] --> counts: total: 2, unassigned: 0, initializing: 0, relocating: 0, started: 2
[2016-09-18T18:45:17,469][INFO ][org.elasticsearch.cluster.routing.allocation.decider] --> unassigned: [], initializing: [], relocating: [], started: [[test][0], node[node4], [P], s[STARTED], a[id=7wyL2SnxS36ys_j4rhgsQw], [test][0], node[node3], [R], s[STARTED], a[id=lOqb6iBWTd2qrMwpJKqKig]]
[2016-09-18T18:45:17,501][INFO ][org.elasticsearch.cluster.routing.allocation.decider] --> adding node1 and node2 node
[2016-09-18T18:45:17,502][INFO ][org.elasticsearch.cluster.routing.allocation.decider] --> calling fake getClusterInfo
[2016-09-18T18:45:17,504][INFO ][org.elasticsearch.cluster.routing.allocation.decider] --> counts: total: 1, unassigned: 2, initializing: 1, relocating: 0, started: 0
[2016-09-18T18:45:17,504][INFO ][org.elasticsearch.cluster.routing.allocation.decider] --> unassigned: [[test][0], node[null], [R], recovery_source[peer recovery], s[UNASSIGNED], unassigned_info[[reason=INDEX_CREATED], at[2016-09-18T10:45:17.501Z], delayed=false, allocation_status[no_attempt]], [test][0], node[null], [R], recovery_source[peer recovery], s[UNASSIGNED], unassigned_info[[reason=INDEX_CREATED], at[2016-09-18T10:45:17.501Z], delayed=false, allocation_status[no_attempt]]], initializing: [[test][0], node[node2], [P], recovery_source[new shard recovery], s[INITIALIZING], a[id=43k7987tRGmO09DW0npFZw], unassigned_info[[reason=INDEX_CREATED], at[2016-09-18T10:45:17.501Z], delayed=false, allocation_status[no_attempt]], expected_shard_size[10]], relocating: [], started: []
[2016-09-18T18:45:17,506][INFO ][org.elasticsearch.cluster.routing.allocation.decider] --> nodeWithPrimary: node2
[2016-09-18T18:45:17,506][INFO ][org.elasticsearch.cluster.routing.allocation.decider] --> nodeWithoutPrimary: node1
[2016-09-18T18:45:17,509][INFO ][org.elasticsearch.cluster.routing.allocation.decider] --> calling fake getClusterInfo
[2016-09-18T18:45:17,512][INFO ][org.elasticsearch.cluster.routing.allocation.decider] --> counts: total: 2, unassigned: 1, initializing: 2, relocating: 0, started: 0
[2016-09-18T18:45:17,512][INFO ][org.elasticsearch.cluster.routing.allocation.decider] --> unassigned: [[test][0], node[null], [R], recovery_source[peer recovery], s[UNASSIGNED], unassigned_info[[reason=INDEX_CREATED], at[2016-09-18T10:45:17.501Z], delayed=false, allocation_status[no_attempt]]], initializing: [[test][0], node[node2], [P], recovery_source[new shard recovery], s[INITIALIZING], a[id=43k7987tRGmO09DW0npFZw], unassigned_info[[reason=INDEX_CREATED], at[2016-09-18T10:45:17.501Z], delayed=false, allocation_status[no_attempt]], expected_shard_size[10], [test][0], node[node1], [R], recovery_source[peer recovery], s[INITIALIZING], a[id=B3Il2YuGQd2IQgakzrfK1Q], unassigned_info[[reason=INDEX_CREATED], at[2016-09-18T10:45:17.501Z], delayed=false, allocation_status[no_attempt]], expected_shard_size[10]], relocating: [], started: []
[2016-09-18T18:45:17,513][INFO ][org.elasticsearch.cluster.routing.allocation.decider] --> start the shards (primaries)
[2016-09-18T18:45:17,514][INFO ][org.elasticsearch.cluster.routing.allocation.decider] --> calling fake getClusterInfo
[2016-09-18T18:45:17,518][INFO ][org.elasticsearch.cluster.routing.allocation.decider] --> counts: total: 2, unassigned: 1, initializing: 0, relocating: 0, started: 2
[2016-09-18T18:45:17,523][INFO ][org.elasticsearch.cluster.routing.allocation.decider] --> unassigned: [[test][0], node[null], [R], recovery_source[peer recovery], s[UNASSIGNED], unassigned_info[[reason=INDEX_CREATED], at[2016-09-18T10:45:17.501Z], delayed=false, allocation_status[no_attempt]]], initializing: [], relocating: [], started: [[test][0], node[node2], [P], s[STARTED], a[id=43k7987tRGmO09DW0npFZw], [test][0], node[node1], [R], s[STARTED], a[id=B3Il2YuGQd2IQgakzrfK1Q]]
[2016-09-18T18:45:17,528][INFO ][org.elasticsearch.cluster.routing.allocation.decider] --> adding node3
[2016-09-18T18:45:17,528][INFO ][org.elasticsearch.cluster.routing.allocation.decider] --> calling fake getClusterInfo
[2016-09-18T18:45:17,530][INFO ][org.elasticsearch.cluster.routing.allocation.decider] --> counts: total: 3, unassigned: 0, initializing: 1, relocating: 0, started: 2
[2016-09-18T18:45:17,531][INFO ][org.elasticsearch.cluster.routing.allocation.decider] --> unassigned: [], initializing: [[test][0], node[node3], [R], recovery_source[peer recovery], s[INITIALIZING], a[id=rAWF48ysR9Syzx8x5piKLg], unassigned_info[[reason=INDEX_CREATED], at[2016-09-18T10:45:17.501Z], delayed=false, allocation_status[no_attempt]], expected_shard_size[10]], relocating: [], started: [[test][0], node[node2], [P], s[STARTED], a[id=43k7987tRGmO09DW0npFZw], [test][0], node[node1], [R], s[STARTED], a[id=B3Il2YuGQd2IQgakzrfK1Q]]
[2016-09-18T18:45:17,532][INFO ][org.elasticsearch.cluster.routing.allocation.decider] --> start the shards (replicas)
[2016-09-18T18:45:17,532][INFO ][org.elasticsearch.cluster.routing.allocation.decider] --> calling fake getClusterInfo
[2016-09-18T18:45:17,533][INFO ][org.elasticsearch.cluster.routing.allocation] Cluster health status changed from [YELLOW] to [GREEN] (reason: [shards started [[test][0]] ...]).
[2016-09-18T18:45:17,534][INFO ][org.elasticsearch.cluster.routing.allocation.decider] --> counts: total: 3, unassigned: 0, initializing: 0, relocating: 0, started: 3
[2016-09-18T18:45:17,534][INFO ][org.elasticsearch.cluster.routing.allocation.decider] --> unassigned: [], initializing: [], relocating: [], started: [[test][0], node[node2], [P], s[STARTED], a[id=43k7987tRGmO09DW0npFZw], [test][0], node[node3], [R], s[STARTED], a[id=rAWF48ysR9Syzx8x5piKLg], [test][0], node[node1], [R], s[STARTED], a[id=B3Il2YuGQd2IQgakzrfK1Q]]
[2016-09-18T18:45:17,535][INFO ][org.elasticsearch.cluster.routing.allocation.decider] --> changing decider settings
[2016-09-18T18:45:17,544][INFO ][org.elasticsearch.cluster.routing.allocation.decider] --> calling fake getClusterInfo
[2016-09-18T18:45:17,545][INFO ][org.elasticsearch.cluster.routing.allocation.decider] --> counts: total: 3, unassigned: 0, initializing: 0, relocating: 0, started: 3
[2016-09-18T18:45:17,545][INFO ][org.elasticsearch.cluster.routing.allocation.decider] --> unassigned: [], initializing: [], relocating: [], started: [[test][0], node[node2], [P], s[STARTED], a[id=43k7987tRGmO09DW0npFZw], [test][0], node[node3], [R], s[STARTED], a[id=rAWF48ysR9Syzx8x5piKLg], [test][0], node[node1], [R], s[STARTED], a[id=B3Il2YuGQd2IQgakzrfK1Q]]
[2016-09-18T18:45:17,545][INFO ][org.elasticsearch.cluster.routing.allocation.decider] --> changing settings again
[2016-09-18T18:45:17,608][INFO ][org.elasticsearch.cluster.routing.allocation.decider] --> calling fake getClusterInfo
[2016-09-18T18:45:17,609][INFO ][org.elasticsearch.cluster.routing.allocation.decider] --> counts: total: 3, unassigned: 0, initializing: 0, relocating: 0, started: 3
[2016-09-18T18:45:17,609][INFO ][org.elasticsearch.cluster.routing.allocation.decider] --> unassigned: [], initializing: [], relocating: [], started: [[test][0], node[node2], [P], s[STARTED], a[id=43k7987tRGmO09DW0npFZw], [test][0], node[node3], [R], s[STARTED], a[id=rAWF48ysR9Syzx8x5piKLg], [test][0], node[node1], [R], s[STARTED], a[id=B3Il2YuGQd2IQgakzrfK1Q]]
[2016-09-18T18:45:17,610][INFO ][org.elasticsearch.cluster.routing.allocation.decider] --> adding node4
[2016-09-18T18:45:17,611][INFO ][org.elasticsearch.cluster.routing.allocation.decider] --> calling fake getClusterInfo
[2016-09-18T18:45:17,614][INFO ][org.elasticsearch.cluster.routing.allocation.decider] --> counts: total: 4, unassigned: 0, initializing: 1, relocating: 1, started: 2
[2016-09-18T18:45:17,614][INFO ][org.elasticsearch.cluster.routing.allocation.decider] --> unassigned: [], initializing: [[test][0], node[node4], relocating [node2], [P], recovery_source[peer recovery], s[INITIALIZING], a[id=s3PE9PiMTdmd_5-jDprqBw, rId=43k7987tRGmO09DW0npFZw], expected_shard_size[10]], relocating: [[test][0], node[node2], relocating [node4], [P], s[RELOCATING], a[id=43k7987tRGmO09DW0npFZw, rId=s3PE9PiMTdmd_5-jDprqBw], expected_shard_size[10]], started: [[test][0], node[node3], [R], s[STARTED], a[id=rAWF48ysR9Syzx8x5piKLg], [test][0], node[node1], [R], s[STARTED], a[id=B3Il2YuGQd2IQgakzrfK1Q]]
[2016-09-18T18:45:17,615][INFO ][org.elasticsearch.cluster.routing.allocation.decider] --> apply INITIALIZING shards
[2016-09-18T18:45:17,615][INFO ][org.elasticsearch.cluster.routing.allocation.decider] --> calling fake getClusterInfo
[2016-09-18T18:45:17,617][INFO ][org.elasticsearch.cluster.routing.allocation.decider] --> counts: total: 3, unassigned: 0, initializing: 0, relocating: 0, started: 3
[2016-09-18T18:45:17,617][INFO ][org.elasticsearch.cluster.routing.allocation.decider] --> unassigned: [], initializing: [], relocating: [], started: [[test][0], node[node4], [P], s[STARTED], a[id=s3PE9PiMTdmd_5-jDprqBw], [test][0], node[node3], [R], s[STARTED], a[id=rAWF48ysR9Syzx8x5piKLg], [test][0], node[node1], [R], s[STARTED], a[id=B3Il2YuGQd2IQgakzrfK1Q]]
[2016-09-18T18:45:17,618][INFO ][org.elasticsearch.cluster.routing.allocation.decider] --> adding node5
[2016-09-18T18:45:17,619][INFO ][org.elasticsearch.cluster.routing.allocation.decider] --> calling fake getClusterInfo
[2016-09-18T18:45:17,621][INFO ][org.elasticsearch.cluster.routing.allocation.decider] --> counts: total: 4, unassigned: 0, initializing: 1, relocating: 1, started: 2
[2016-09-18T18:45:17,621][INFO ][org.elasticsearch.cluster.routing.allocation.decider] --> unassigned: [], initializing: [[test][0], node[node5], relocating [node1], [R], recovery_source[peer recovery], s[INITIALIZING], a[id=EEF35WiGRp-7wWacA3bDmw, rId=B3Il2YuGQd2IQgakzrfK1Q], expected_shard_size[10]], relocating: [[test][0], node[node1], relocating [node5], [R], s[RELOCATING], a[id=B3Il2YuGQd2IQgakzrfK1Q, rId=EEF35WiGRp-7wWacA3bDmw], expected_shard_size[10]], started: [[test][0], node[node4], [P], s[STARTED], a[id=s3PE9PiMTdmd_5-jDprqBw], [test][0], node[node3], [R], s[STARTED], a[id=rAWF48ysR9Syzx8x5piKLg]]
[2016-09-18T18:45:17,622][INFO ][org.elasticsearch.cluster.routing.allocation.decider] --> apply INITIALIZING shards
[2016-09-18T18:45:17,622][INFO ][org.elasticsearch.cluster.routing.allocation.decider] --> calling fake getClusterInfo
[2016-09-18T18:45:17,623][INFO ][org.elasticsearch.cluster.routing.allocation.decider] --> final cluster state:
[2016-09-18T18:45:17,623][INFO ][org.elasticsearch.cluster.routing.allocation.decider] --> counts: total: 3, unassigned: 0, initializing: 0, relocating: 0, started: 3
[2016-09-18T18:45:17,623][INFO ][org.elasticsearch.cluster.routing.allocation.decider] --> unassigned: [], initializing: [], relocating: [], started: [[test][0], node[node4], [P], s[STARTED], a[id=s3PE9PiMTdmd_5-jDprqBw], [test][0], node[node5], [R], s[STARTED], a[id=EEF35WiGRp-7wWacA3bDmw], [test][0], node[node3], [R], s[STARTED], a[id=rAWF48ysR9Syzx8x5piKLg]]
[2016-09-18T18:45:17,654][INFO ][org.elasticsearch.cluster.routing.allocation.decider] --> adding two nodes
[2016-09-18T18:45:17,655][INFO ][org.elasticsearch.cluster.routing.allocation.decider] --> calling fake getClusterInfo
[2016-09-18T18:45:17,657][INFO ][org.elasticsearch.cluster.routing.allocation.decider] --> counts: total: 4, unassigned: 0, initializing: 4, relocating: 0, started: 0
[2016-09-18T18:45:17,658][INFO ][org.elasticsearch.cluster.routing.allocation.decider] --> unassigned: [], initializing: [[test2][0], node[node2], [P], recovery_source[new shard recovery], s[INITIALIZING], a[id=ux9eYIVMSDOBeFPl9n-Viw], unassigned_info[[reason=INDEX_CREATED], at[2016-09-18T10:45:17.654Z], delayed=false, allocation_status[no_attempt]], expected_shard_size[1], [test][0], node[node2], [R], recovery_source[peer recovery], s[INITIALIZING], a[id=cW0XSoQWTa-qUMYyiGsR9Q], unassigned_info[[reason=INDEX_CREATED], at[2016-09-18T10:45:17.654Z], delayed=false, allocation_status[no_attempt]], expected_shard_size[14], [test2][0], node[node1], [R], recovery_source[peer recovery], s[INITIALIZING], a[id=eIuKTdu9S6eoxj8h5vgD5g], unassigned_info[[reason=INDEX_CREATED], at[2016-09-18T10:45:17.654Z], delayed=false, allocation_status[no_attempt]], expected_shard_size[1], [test][0], node[node1], [P], recovery_source[new shard recovery], s[INITIALIZING], a[id=Y8eKqPwXRXOYriicu5noiw], unassigned_info[[reason=INDEX_CREATED], at[2016-09-18T10:45:17.654Z], delayed=false, allocation_status[no_attempt]], expected_shard_size[14]], relocating: [], started: []
[2016-09-18T18:45:17,661][INFO ][org.elasticsearch.cluster.routing.allocation.decider] --> start the shards
[2016-09-18T18:45:17,661][INFO ][org.elasticsearch.cluster.routing.allocation.decider] --> calling fake getClusterInfo
[2016-09-18T18:45:17,664][INFO ][org.elasticsearch.cluster.routing.allocation] Cluster health status changed from [YELLOW] to [GREEN] (reason: [shards started [[test2][0], [test][0], [test2][0], [test][0]] ...]).
[2016-09-18T18:45:17,665][INFO ][org.elasticsearch.cluster.routing.allocation.decider] --> counts: total: 4, unassigned: 0, initializing: 0, relocating: 0, started: 4
[2016-09-18T18:45:17,665][INFO ][org.elasticsearch.cluster.routing.allocation.decider] --> unassigned: [], initializing: [], relocating: [], started: [[test2][0], node[node2], [P], s[STARTED], a[id=ux9eYIVMSDOBeFPl9n-Viw], [test][0], node[node2], [R], s[STARTED], a[id=cW0XSoQWTa-qUMYyiGsR9Q], [test2][0], node[node1], [R], s[STARTED], a[id=eIuKTdu9S6eoxj8h5vgD5g], [test][0], node[node1], [P], s[STARTED], a[id=Y8eKqPwXRXOYriicu5noiw]]
[2016-09-18T18:45:17,666][INFO ][org.elasticsearch.cluster.routing.allocation.decider] --> adding node3
[2016-09-18T18:45:17,792][INFO ][org.elasticsearch.cluster.routing.allocation.decider] --> calling fake getClusterInfo
[2016-09-18T18:45:17,897][INFO ][org.elasticsearch.cluster.routing.allocation.decider] --> counts: total: 5, unassigned: 0, initializing: 1, relocating: 1, started: 3
[2016-09-18T18:45:17,897][INFO ][org.elasticsearch.cluster.routing.allocation.decider] --> unassigned: [], initializing: [[test][0], node[node3], relocating [node2], [R], recovery_source[peer recovery], s[INITIALIZING], a[id=jz_gfu0-TDqGQW9GP1CcSg, rId=cW0XSoQWTa-qUMYyiGsR9Q], expected_shard_size[14]], relocating: [[test][0], node[node2], relocating [node3], [R], s[RELOCATING], a[id=cW0XSoQWTa-qUMYyiGsR9Q, rId=jz_gfu0-TDqGQW9GP1CcSg], expected_shard_size[14]], started: [[test2][0], node[node2], [P], s[STARTED], a[id=ux9eYIVMSDOBeFPl9n-Viw], [test2][0], node[node1], [R], s[STARTED], a[id=eIuKTdu9S6eoxj8h5vgD5g], [test][0], node[node1], [P], s[STARTED], a[id=Y8eKqPwXRXOYriicu5noiw]]
[2016-09-18T18:45:17,897][INFO ][org.elasticsearch.cluster.routing.allocation.decider] --> calling fake getClusterInfo
[2016-09-18T18:45:17,963][INFO ][org.elasticsearch.cluster.routing.allocation.decider] --> adding node1
[2016-09-18T18:45:17,964][INFO ][org.elasticsearch.cluster.routing.allocation.decider] --> calling fake getClusterInfo
[2016-09-18T18:45:17,964][WARN ][org.elasticsearch.cluster.routing.allocation.decider] after allocating, node [node1] would have more than the allowed 29% free disk threshold (21% free), preventing allocation
[2016-09-18T18:45:17,965][INFO ][org.elasticsearch.cluster.routing.allocation] Cluster health status changed from [YELLOW] to [RED] (reason: [reroute]).
[2016-09-18T18:45:17,967][INFO ][org.elasticsearch.cluster.routing.allocation.decider] --> start the shards (primaries)
[2016-09-18T18:45:17,967][INFO ][org.elasticsearch.cluster.routing.allocation.decider] --> counts: total: 0, unassigned: 1, initializing: 0, relocating: 0, started: 0
[2016-09-18T18:45:17,967][INFO ][org.elasticsearch.cluster.routing.allocation.decider] --> unassigned: [[test][0], node[null], [P], recovery_source[new shard recovery], s[UNASSIGNED], unassigned_info[[reason=INDEX_CREATED], at[2016-09-18T10:45:17.963Z], delayed=false, allocation_status[deciders_no]]], initializing: [], relocating: [], started: []
]]></system-out>
   <system-err><![CDATA[]]></system-err>
</testsuite>