<testsuite errors="0" failures="0" tests="23" skipped="0" name="org.elasticsearch.index.mapper.GeoPointFieldMapperTests" hostname="nohost.nodomain" time="11.151" timestamp="2016-09-15T12:40:30">
   <properties class="java.util.ArrayList">
      <property name="awt.toolkit" value="sun.awt.windows.WToolkit"/>
      <property name="file.encoding" value="Cp1252"/>
      <property name="file.encoding.pkg" value="sun.io"/>
      <property name="file.separator" value="\"/>
      <property name="java.awt.graphicsenv" value="sun.awt.Win32GraphicsEnvironment"/>
      <property name="java.awt.headless" value="true"/>
      <property name="java.awt.printerjob" value="sun.awt.windows.WPrinterJob"/>
      <property name="java.class.path" value="C:\projects\team3\core\build\classes\test;C:\projects\team3\core\build\resources\test;C:\projects\team3\core\build\classes\main;C:\projects\team3\core\build\resources\main;C:\Users\domin\.gradle\caches\modules-2\files-2.1\org.apache.lucene\lucene-core\6.2.0\849ee62525a294416802be2cacc66c80352f6f13\lucene-core-6.2.0.jar;C:\Users\domin\.gradle\caches\modules-2\files-2.1\org.apache.lucene\lucene-analyzers-common\6.2.0\d254d52dd394b5079129f3d5f3bf4f2d44a5936e\lucene-analyzers-common-6.2.0.jar;C:\Users\domin\.gradle\caches\modules-2\files-2.1\org.apache.lucene\lucene-backward-codecs\6.2.0\b625bb21456b3c0d1e5e431bced125cb060c1abd\lucene-backward-codecs-6.2.0.jar;C:\Users\domin\.gradle\caches\modules-2\files-2.1\org.apache.lucene\lucene-grouping\6.2.0\9527fedfd5acc624b2bb3f862bd99fb8f470b053\lucene-grouping-6.2.0.jar;C:\Users\domin\.gradle\caches\modules-2\files-2.1\org.apache.lucene\lucene-highlighter\6.2.0\7ca342372a3f45e32bbd21cecaa757e38eccb8a5\lucene-highlighter-6.2.0.jar;C:\Users\domin\.gradle\caches\modules-2\files-2.1\org.apache.lucene\lucene-join\6.2.0\da0b8de98511abd4fe9c7d48a353d17854c5ed46\lucene-join-6.2.0.jar;C:\Users\domin\.gradle\caches\modules-2\files-2.1\org.apache.lucene\lucene-memory\6.2.0\bc9e075b1ee051c8e5246c237c38d8e71dab8a66\lucene-memory-6.2.0.jar;C:\Users\domin\.gradle\caches\modules-2\files-2.1\org.apache.lucene\lucene-misc\6.2.0\94ddde6312566a4da4a50a88e453b6c82c759b41\lucene-misc-6.2.0.jar;C:\Users\domin\.gradle\caches\modules-2\files-2.1\org.apache.lucene\lucene-queries\6.2.0\dce47238f78e3e97d91dc6fefa9f46f07866bc2b\lucene-queries-6.2.0.jar;C:\Users\domin\.gradle\caches\modules-2\files-2.1\org.apache.lucene\lucene-queryparser\6.2.0\17ef728ac15e668bfa1105321611548424637645\lucene-queryparser-6.2.0.jar;C:\Users\domin\.gradle\caches\modules-2\files-2.1\org.apache.lucene\lucene-sandbox\6.2.0\520183f7b9aba77a26e224760c420a3844b0631a\lucene-sandbox-6.2.0.jar;C:\Users\domin\.gradle\caches\modules-2\files-2.1\org.apache.lucene\lucene-spatial\6.2.0\8dba929b66927b936fbc76103b109ad6c824daee\lucene-spatial-6.2.0.jar;C:\Users\domin\.gradle\caches\modules-2\files-2.1\org.apache.lucene\lucene-spatial-extras\6.2.0\3b5a6ef5cd90c0218a72e9e2f7e60104be2447da\lucene-spatial-extras-6.2.0.jar;C:\Users\domin\.gradle\caches\modules-2\files-2.1\org.apache.lucene\lucene-spatial3d\6.2.0\fcdb0567725722c5145149d1502848b6a96ec18d\lucene-spatial3d-6.2.0.jar;C:\Users\domin\.gradle\caches\modules-2\files-2.1\org.apache.lucene\lucene-suggest\6.2.0\3d9d526c51f483d27f425c75d7e56bc0849242d6\lucene-suggest-6.2.0.jar;C:\Users\domin\.gradle\caches\modules-2\files-2.1\org.elasticsearch\securesm\1.1\1e423447d020041534be94c0f31a49fbdc1f2950\securesm-1.1.jar;C:\Users\domin\.gradle\caches\modules-2\files-2.1\net.sf.jopt-simple\jopt-simple\5.0.2\98cafc6081d5632b61be2c9e60650b64ddbc637c\jopt-simple-5.0.2.jar;C:\Users\domin\.gradle\caches\modules-2\files-2.1\com.carrotsearch\hppc\0.7.1\8b5057f74ea378c0150a1860874a3ebdcb713767\hppc-0.7.1.jar;C:\Users\domin\.gradle\caches\modules-2\files-2.1\joda-time\joda-time\2.9.4\1c295b462f16702ebe720bbb08f62e1ba80da41b\joda-time-2.9.4.jar;C:\Users\domin\.gradle\caches\modules-2\files-2.1\org.joda\joda-convert\1.2\35ec554f0cd00c956cc69051514d9488b1374dec\joda-convert-1.2.jar;C:\Users\domin\.gradle\caches\modules-2\files-2.1\org.yaml\snakeyaml\1.15\3b132bea69e8ee099f416044970997bde80f4ea6\snakeyaml-1.15.jar;C:\Users\domin\.gradle\caches\modules-2\files-2.1\com.fasterxml.jackson.core\jackson-core\2.8.1\fd13b1c033741d48291315c6370f7d475a42dccf\jackson-core-2.8.1.jar;C:\Users\domin\.gradle\caches\modules-2\files-2.1\com.fasterxml.jackson.dataformat\jackson-dataformat-smile\2.8.1\5b73867bc12224946fc67fc8d49d9f5e698d7f\jackson-dataformat-smile-2.8.1.jar;C:\Users\domin\.gradle\caches\modules-2\files-2.1\com.fasterxml.jackson.dataformat\jackson-dataformat-yaml\2.8.1\eb63166c723b0b4b9fb5298fca232a2f6612ec34\jackson-dataformat-yaml-2.8.1.jar;C:\Users\domin\.gradle\caches\modules-2\files-2.1\com.fasterxml.jackson.dataformat\jackson-dataformat-cbor\2.8.1\3a6fb7e75c9972559a78cf5cfc5a48a41a13ea40\jackson-dataformat-cbor-2.8.1.jar;C:\Users\domin\.gradle\caches\modules-2\files-2.1\com.tdunning\t-digest\3.0\84ccf145ac2215e6bfa63baa3101c0af41017cfc\t-digest-3.0.jar;C:\Users\domin\.gradle\caches\modules-2\files-2.1\org.hdrhistogram\HdrHistogram\2.1.6\7495feb7f71ee124bd2a7e7d83590e296d71d80e\HdrHistogram-2.1.6.jar;C:\Users\domin\.gradle\caches\modules-2\files-2.1\org.locationtech.spatial4j\spatial4j\0.6\21b15310bddcfd8c72611c180f20cf23279809a3\spatial4j-0.6.jar;C:\Users\domin\.gradle\caches\modules-2\files-2.1\com.vividsolutions\jts\1.13\3ccfb9b60f04d71add996a666ceb8902904fd805\jts-1.13.jar;C:\Users\domin\.gradle\caches\modules-2\files-2.1\org.apache.logging.log4j\log4j-api\2.6.2\bd1b74a5d170686362091c7cf596bbc3adf5c09b\log4j-api-2.6.2.jar;C:\Users\domin\.gradle\caches\modules-2\files-2.1\org.apache.logging.log4j\log4j-core\2.6.2\a91369f655eb1639c6aece5c5eb5108db18306\log4j-core-2.6.2.jar;C:\Users\domin\.gradle\caches\modules-2\files-2.1\org.apache.logging.log4j\log4j-1.2-api\2.6.2\3b4c5a8b734b6a29b2f03380535a48da6284b210\log4j-1.2-api-2.6.2.jar;C:\Users\domin\.gradle\caches\modules-2\files-2.1\net.java.dev.jna\jna\4.2.2\5012450aee579c3118ff09461d5ce210e0cdc2a9\jna-4.2.2.jar;C:\projects\team3\test\framework\build\distributions\framework-5.0.0-alpha6-SNAPSHOT.jar;C:\Users\domin\.gradle\caches\modules-2\files-2.1\com.carrotsearch.randomizedtesting\randomizedtesting-runner\2.3.2\307965917fe8a22b7ee72deba39ef4b8e6ebc069\randomizedtesting-runner-2.3.2.jar;C:\Users\domin\.gradle\caches\modules-2\files-2.1\junit\junit\4.11\4e031bb61df09069aeb2bffb4019e7a5034a4ee0\junit-4.11.jar;C:\Users\domin\.gradle\caches\modules-2\files-2.1\org.hamcrest\hamcrest-all\1.3\63a21ebc981131004ad02e0434e799fd7f3a8d5a\hamcrest-all-1.3.jar;C:\Users\domin\.gradle\caches\modules-2\files-2.1\org.apache.lucene\lucene-test-framework\6.2.0\f5026be3983acfb40d4092dbfbc015ec6e6addab\lucene-test-framework-6.2.0.jar;C:\Users\domin\.gradle\caches\modules-2\files-2.1\org.apache.lucene\lucene-codecs\6.2.0\99f887266b0ad9f2c286b3976c5bc48c8cd36624\lucene-codecs-6.2.0.jar;C:\projects\team3\client\rest\build\distributions\rest-5.0.0-alpha6-SNAPSHOT.jar;C:\Users\domin\.gradle\caches\modules-2\files-2.1\org.apache.httpcomponents\httpclient\4.5.2\733db77aa8d9b2d68015189df76ab06304406e50\httpclient-4.5.2.jar;C:\Users\domin\.gradle\caches\modules-2\files-2.1\org.apache.httpcomponents\httpcore\4.4.5\e7501a1b34325abb00d17dde96150604a0658b54\httpcore-4.4.5.jar;C:\Users\domin\.gradle\caches\modules-2\files-2.1\commons-logging\commons-logging\1.1.3\f6f66e966c70a83ffbdb6f17a0919eaf7c8aca7f\commons-logging-1.1.3.jar;C:\Users\domin\.gradle\caches\modules-2\files-2.1\commons-codec\commons-codec\1.10\4b95f4897fa13f2cd904aee711aeafc0c5295cd8\commons-codec-1.10.jar;C:\Users\domin\.gradle\caches\modules-2\files-2.1\org.elasticsearch\securemock\1.2\98201d4ad5ac93f6b415ae9172d52b5e7cda490e\securemock-1.2.jar;C:\Users\domin\.gradle\caches\modules-2\files-2.1\org.apache.httpcomponents\httpasyncclient\4.1.2\95aa3e6fb520191a0970a73cf09f62948ee614be\httpasyncclient-4.1.2.jar;C:\Users\domin\.gradle\caches\modules-2\files-2.1\org.apache.httpcomponents\httpcore-nio\4.4.5\f4be009e7505f6ceddf21e7960c759f413f15056\httpcore-nio-4.4.5.jar;C:\Users\domin\.gradle\caches\modules-2\files-2.1\com.carrotsearch.randomizedtesting\junit4-ant\2.3.2\dc8f03f6111974092491f35b8269eb0fc57f52f7\junit4-ant-2.3.2.jar"/>
      <property name="java.class.version" value="52.0"/>
      <property name="java.endorsed.dirs" value="C:\Program Files\Java\jdk1.8.0_65\jre\lib\endorsed"/>
      <property name="java.ext.dirs" value="C:\Program Files\Java\jdk1.8.0_65\jre\lib\ext;C:\WINDOWS\Sun\Java\lib\ext"/>
      <property name="java.home" value="C:\Program Files\Java\jdk1.8.0_65\jre"/>
      <property name="java.io.tmpdir" value="./temp"/>
      <property name="java.library.path" value="C:\Program Files\Java\jdk1.8.0_65\bin;C:\WINDOWS\Sun\Java\bin;C:\WINDOWS\system32;C:\WINDOWS;C:\Ruby22-x64\bin;C:\Imagick;C:\ProgramData\Oracle\Java\javapath;C:\Program Files (x86)\Intel\iCLS Client\;C:\Program Files\Intel\iCLS Client\;C:\Windows\system32;C:\Windows;C:\Windows\System32\Wbem;C:\Windows\System32\WindowsPowerShell\v1.0\;C:\Program Files (x86)\Intel\Intel(R) Management Engine Components\DAL;C:\Program Files\Intel\Intel(R) Management Engine Components\DAL;C:\Program Files (x86)\Intel\Intel(R) Management Engine Components\IPT;C:\Program Files\Intel\Intel(R) Management Engine Components\IPT;C:\Program Files (x86)\NVIDIA Corporation\PhysX\Common;C:\Program Files (x86)\Skype\Phone\;C:\xampp\php;C:\ProgramData\ComposerSetup\bin;C:\Program Files\Git\cmd;C:\Program Files\OpenVPN\bin;C:\Program Files\nodejs\;C:\WINDOWS\system32;C:\WINDOWS;C:\WINDOWS\System32\Wbem;C:\WINDOWS\System32\WindowsPowerShell\v1.0\;C:\Program Files\cURL\bin;C:\Program Files\gradle\2.13\bin;C:\Program Files\CMake\bin;C:\Program Files\flex_bison;C:\Program Files\doxygen\bin;C:\SonarQube\SonarQubeScanner\bin;C:\Users\domin\AppData\Local\Programs\Python\Python35-32\Scripts\;C:\Users\domin\AppData\Local\Programs\Python\Python35-32\;C:\Users\domin\AppData\Roaming\npm;C:\Users\domin\AppData\Local\Microsoft\WindowsApps;;."/>
      <property name="java.runtime.name" value="Java(TM) SE Runtime Environment"/>
      <property name="java.runtime.version" value="1.8.0_65-b17"/>
      <property name="java.specification.name" value="Java Platform API Specification"/>
      <property name="java.specification.vendor" value="Oracle Corporation"/>
      <property name="java.specification.version" value="1.8"/>
      <property name="java.vendor" value="Oracle Corporation"/>
      <property name="java.vendor.url" value="http://java.oracle.com/"/>
      <property name="java.vendor.url.bug" value="http://bugreport.sun.com/bugreport/"/>
      <property name="java.version" value="1.8.0_65"/>
      <property name="java.vm.info" value="mixed mode"/>
      <property name="java.vm.name" value="Java HotSpot(TM) 64-Bit Server VM"/>
      <property name="java.vm.specification.name" value="Java Virtual Machine Specification"/>
      <property name="java.vm.specification.vendor" value="Oracle Corporation"/>
      <property name="java.vm.specification.version" value="1.8"/>
      <property name="java.vm.vendor" value="Oracle Corporation"/>
      <property name="java.vm.version" value="25.65-b01"/>
      <property name="jna.nosys" value="true"/>
      <property name="junit4.childvm.count" value="3"/>
      <property name="junit4.childvm.cwd" value="C:\projects\team3\core\build\testrun\test\J2"/>
      <property name="junit4.childvm.id" value="2"/>
      <property name="junit4.memory.total" value="514850816"/>
      <property name="junit4.pidString" value="11072@LAPTOP-LKSM26S6"/>
      <property name="junit4.processors" value="4"/>
      <property name="line.separator" value="
"/>
      <property name="os.arch" value="amd64"/>
      <property name="os.name" value="Windows 10"/>
      <property name="os.version" value="10.0"/>
      <property name="path.separator" value=";"/>
      <property name="sun.arch.data.model" value="64"/>
      <property name="sun.boot.class.path" value="C:\Program Files\Java\jdk1.8.0_65\jre\lib\resources.jar;C:\Program Files\Java\jdk1.8.0_65\jre\lib\rt.jar;C:\Program Files\Java\jdk1.8.0_65\jre\lib\sunrsasign.jar;C:\Program Files\Java\jdk1.8.0_65\jre\lib\jsse.jar;C:\Program Files\Java\jdk1.8.0_65\jre\lib\jce.jar;C:\Program Files\Java\jdk1.8.0_65\jre\lib\charsets.jar;C:\Program Files\Java\jdk1.8.0_65\jre\lib\jfr.jar;C:\Program Files\Java\jdk1.8.0_65\jre\classes"/>
      <property name="sun.boot.library.path" value="C:\Program Files\Java\jdk1.8.0_65\jre\bin"/>
      <property name="sun.cpu.endian" value="little"/>
      <property name="sun.cpu.isalist" value="amd64"/>
      <property name="sun.desktop" value="windows"/>
      <property name="sun.io.unicode.encoding" value="UnicodeLittle"/>
      <property name="sun.java.command" value="com.carrotsearch.ant.tasks.junit4.slave.SlaveMainSafe -eventsfile C:\projects\team3\core\build\testrun\test\temp\junit4-J2-20160915_123537_461.events @C:\projects\team3\core\build\testrun\test\temp\junit4-J2-20160915_123537_461.suites -stdin"/>
      <property name="sun.java.launcher" value="SUN_STANDARD"/>
      <property name="sun.jnu.encoding" value="Cp1252"/>
      <property name="sun.management.compiler" value="HotSpot 64-Bit Tiered Compilers"/>
      <property name="sun.os.patch.level" value=""/>
      <property name="tests.artifact" value="core"/>
      <property name="tests.gradle" value="true"/>
      <property name="tests.ifNoTests" value="fail"/>
      <property name="tests.logger.level" value="WARN"/>
      <property name="tests.prefix" value="tests"/>
      <property name="tests.security.manager" value="true"/>
      <property name="tests.seed" value="9CF13790D965C5A7"/>
      <property name="tests.task" value=":core:test"/>
      <property name="user.country" value="AT"/>
      <property name="user.dir" value="C:\projects\team3\core\build\testrun\test\J2"/>
      <property name="user.home" value="C:\Users\domin"/>
      <property name="user.language" value="de"/>
      <property name="user.name" value="domin"/>
      <property name="user.script" value=""/>
      <property name="user.timezone" value=""/>
      <property name="user.variant" value=""/>
   </properties>
   <testcase classname="org.elasticsearch.index.mapper.GeoPointFieldMapperTests" name="testLonLatArrayStored" time="0.362"/>
   <testcase classname="org.elasticsearch.index.mapper.GeoPointFieldMapperTests" name="testGeoHashSearchWithPrefix" time="0.211"/>
   <testcase classname="org.elasticsearch.index.mapper.GeoPointFieldMapperTests" name="testLatLonInOneValueWithGeohash" time="0.096"/>
   <testcase classname="org.elasticsearch.index.mapper.GeoPointFieldMapperTests" name="testGeoHashValue" time="0.122"/>
   <testcase classname="org.elasticsearch.index.mapper.GeoPointFieldMapperTests" name="testNoValidateLatLonValues" time="0.145"/>
   <testcase classname="org.elasticsearch.index.mapper.GeoPointFieldMapperTests" name="testLatLonInOneValueStored" time="0.161"/>
   <testcase classname="org.elasticsearch.index.mapper.GeoPointFieldMapperTests" name="testLatLonValuesStored" time="0.152"/>
   <testcase classname="org.elasticsearch.index.mapper.GeoPointFieldMapperTests" name="testMultiField" time="7.664"/>
   <testcase classname="org.elasticsearch.index.mapper.GeoPointFieldMapperTests" name="testEmptyName" time="0.181"/>
   <testcase classname="org.elasticsearch.index.mapper.GeoPointFieldMapperTests" name="testLonLatArrayArrayStored" time="0.154"/>
   <testcase classname="org.elasticsearch.index.mapper.GeoPointFieldMapperTests" name="testNormalizeLatLonValuesDefault" time="0.131"/>
   <testcase classname="org.elasticsearch.index.mapper.GeoPointFieldMapperTests" name="testLatLonValues" time="0.151"/>
   <testcase classname="org.elasticsearch.index.mapper.GeoPointFieldMapperTests" name="testOptionDeprecation" time="0.301"/>
   <testcase classname="org.elasticsearch.index.mapper.GeoPointFieldMapperTests" name="testGeoPointMapperMerge" time="0.172"/>
   <testcase classname="org.elasticsearch.index.mapper.GeoPointFieldMapperTests" name="testGeoHashIndexValue" time="0.118"/>
   <testcase classname="org.elasticsearch.index.mapper.GeoPointFieldMapperTests" name="testLonLatArrayDynamic" time="0.085"/>
   <testcase classname="org.elasticsearch.index.mapper.GeoPointFieldMapperTests" name="testLatLonValuesWithGeohash" time="0.118"/>
   <testcase classname="org.elasticsearch.index.mapper.GeoPointFieldMapperTests" name="testGeoHashSearch" time="0.22"/>
   <testcase classname="org.elasticsearch.index.mapper.GeoPointFieldMapperTests" name="testLonLatArray" time="0.116"/>
   <testcase classname="org.elasticsearch.index.mapper.GeoPointFieldMapperTests" name="testArrayLatLonValues" time="0.166"/>
   <testcase classname="org.elasticsearch.index.mapper.GeoPointFieldMapperTests" name="testLatLonInOneValueArray" time="0.085"/>
   <testcase classname="org.elasticsearch.index.mapper.GeoPointFieldMapperTests" name="testValidateLatLonValues" time="0.101"/>
   <testcase classname="org.elasticsearch.index.mapper.GeoPointFieldMapperTests" name="testLatLonInOneValue" time="0.084"/>
   <system-out><![CDATA[[2016-09-15T17:40:31,015][INFO ][org.elasticsearch.node   ] [node_s_0] initializing ...
[2016-09-15T17:40:31,052][INFO ][org.elasticsearch.env    ] [node_s_0] using [1] data paths, mounts [[Acer (C:)]], net usable_space [789.1gb], net total_space [930.9gb], spins? [unknown], types [NTFS]
[2016-09-15T17:40:31,052][INFO ][org.elasticsearch.env    ] [node_s_0] heap size [491mb], compressed ordinary object pointers [true]
[2016-09-15T17:40:31,056][INFO ][org.elasticsearch.node   ] [node_s_0] version[5.0.0-alpha6-SNAPSHOT], pid[11072], build[Unknown/Unknown], OS[Windows 10/10.0/amd64], JVM[Oracle Corporation/Java HotSpot(TM) 64-Bit Server VM/1.8.0_65/25.65-b01]
[2016-09-15T17:40:31,059][INFO ][org.elasticsearch.plugins] [node_s_0] no modules loaded
[2016-09-15T17:40:31,059][INFO ][org.elasticsearch.plugins] [node_s_0] loaded plugin [org.elasticsearch.test.InternalSettingsPlugin]
[2016-09-15T17:40:31,207][INFO ][org.elasticsearch.node   ] [node_s_0] initialized
[2016-09-15T17:40:31,207][INFO ][org.elasticsearch.node   ] [node_s_0] starting ...
[2016-09-15T17:40:31,208][INFO ][org.elasticsearch.transport] [node_s_0] publish_address {local[59]}, bound_addresses {local[59]}
[2016-09-15T17:40:31,209][INFO ][org.elasticsearch.cluster.service] [node_s_0] new_master {node_s_0}{L_aXALsMS4G8zo-oBtGe8Q}{8kJUTvJySbKqPBjVfwAu6Q}{local}{local[59]}, reason: local-disco-initial_connect(master)
[2016-09-15T17:40:31,210][INFO ][org.elasticsearch.node   ] [node_s_0] started
[2016-09-15T17:40:31,244][INFO ][org.elasticsearch.gateway] [node_s_0] recovered [0] indices into cluster_state
[2016-09-15T17:40:31,263][INFO ][org.elasticsearch.cluster.metadata] [node_s_0] [test] creating index, cause [api], templates [random_index_template], shards [1]/[0], mappings []
[2016-09-15T17:40:31,311][INFO ][org.elasticsearch.cluster.routing.allocation] [node_s_0] Cluster health status changed from [YELLOW] to [GREEN] (reason: [shards started [[test][0]] ...]).
[2016-09-15T17:40:31,321][WARN ][org.elasticsearch.deprecation.index.mapper] [node_s_0] [test] geo_point lat_lon parameter is deprecated and will be removed in the next major release
[2016-09-15T17:40:31,322][INFO ][org.elasticsearch.index.mapper] [node_s_0] [test] [GeoPointFieldMapperTests#testLonLatArrayStored]: cleaning up after test
[2016-09-15T17:40:31,373][WARN ][org.elasticsearch.deprecation.index.mapper] [node_s_0] [test] geo_point geohash_precision parameter is deprecated and will be removed in the next major release
[2016-09-15T17:40:31,374][WARN ][org.elasticsearch.deprecation.index.mapper] [node_s_0] [test] geo_point geohash_prefix parameter is deprecated and will be removed in the next major release
[2016-09-15T17:40:31,375][WARN ][org.elasticsearch.deprecation.index.mapper] [node_s_0] [test] geo_point geohash parameter is deprecated and will be removed in the next major release
[2016-09-15T17:40:31,375][WARN ][org.elasticsearch.deprecation.index.mapper] [node_s_0] [test] geo_point geohash_prefix parameter is deprecated and will be removed in the next major release
[2016-09-15T17:40:31,375][WARN ][org.elasticsearch.deprecation.index.mapper] [node_s_0] [test] geo_point geohash_precision parameter is deprecated and will be removed in the next major release
[2016-09-15T17:40:31,375][INFO ][org.elasticsearch.cluster.metadata] [node_s_0] [test] creating index, cause [api], templates [random_index_template], shards [1]/[0], mappings [pin]
[2016-09-15T17:40:31,379][WARN ][org.elasticsearch.deprecation.index.mapper] [node_s_0] [test] geo_point geohash parameter is deprecated and will be removed in the next major release
[2016-09-15T17:40:31,379][WARN ][org.elasticsearch.deprecation.index.mapper] [node_s_0] [test] geo_point geohash_prefix parameter is deprecated and will be removed in the next major release
[2016-09-15T17:40:31,379][WARN ][org.elasticsearch.deprecation.index.mapper] [node_s_0] [test] geo_point geohash_precision parameter is deprecated and will be removed in the next major release
[2016-09-15T17:40:31,380][WARN ][org.elasticsearch.deprecation.index.mapper] [node_s_0] [test] geo_point geohash parameter is deprecated and will be removed in the next major release
[2016-09-15T17:40:31,380][WARN ][org.elasticsearch.deprecation.index.mapper] [node_s_0] [test] geo_point geohash_prefix parameter is deprecated and will be removed in the next major release
[2016-09-15T17:40:31,380][WARN ][org.elasticsearch.deprecation.index.mapper] [node_s_0] [test] geo_point geohash_precision parameter is deprecated and will be removed in the next major release
[2016-09-15T17:40:31,423][INFO ][org.elasticsearch.cluster.routing.allocation] [node_s_0] Cluster health status changed from [YELLOW] to [GREEN] (reason: [shards started [[test][0]] ...]).
[2016-09-15T17:40:31,546][INFO ][org.elasticsearch.index.mapper] [node_s_0] [test] [GeoPointFieldMapperTests#testGeoHashSearchWithPrefix]: cleaning up after test
[2016-09-15T17:40:31,585][INFO ][org.elasticsearch.cluster.metadata] [node_s_0] [test] creating index, cause [api], templates [random_index_template], shards [1]/[0], mappings []
[2016-09-15T17:40:31,630][INFO ][org.elasticsearch.cluster.routing.allocation] [node_s_0] Cluster health status changed from [YELLOW] to [GREEN] (reason: [shards started [[test][0]] ...]).
[2016-09-15T17:40:31,645][WARN ][org.elasticsearch.deprecation.index.mapper] [node_s_0] [test] geo_point lat_lon parameter is deprecated and will be removed in the next major release
[2016-09-15T17:40:31,646][WARN ][org.elasticsearch.deprecation.index.mapper] [node_s_0] [test] geo_point geohash parameter is deprecated and will be removed in the next major release
[2016-09-15T17:40:31,646][INFO ][org.elasticsearch.index.mapper] [node_s_0] [test] [GeoPointFieldMapperTests#testLatLonInOneValueWithGeohash]: cleaning up after test
[2016-09-15T17:40:31,682][INFO ][org.elasticsearch.cluster.metadata] [node_s_0] [test] creating index, cause [api], templates [random_index_template], shards [1]/[0], mappings []
[2016-09-15T17:40:31,745][INFO ][org.elasticsearch.cluster.routing.allocation] [node_s_0] Cluster health status changed from [YELLOW] to [GREEN] (reason: [shards started [[test][0]] ...]).
[2016-09-15T17:40:31,764][WARN ][org.elasticsearch.deprecation.index.mapper] [node_s_0] [test] geo_point lat_lon parameter is deprecated and will be removed in the next major release
[2016-09-15T17:40:31,765][INFO ][org.elasticsearch.index.mapper] [node_s_0] [test] [GeoPointFieldMapperTests#testGeoHashValue]: cleaning up after test
[2016-09-15T17:40:31,814][INFO ][org.elasticsearch.cluster.metadata] [node_s_0] [test] creating index, cause [api], templates [random_index_template], shards [1]/[0], mappings []
[2016-09-15T17:40:31,883][INFO ][org.elasticsearch.cluster.routing.allocation] [node_s_0] Cluster health status changed from [YELLOW] to [GREEN] (reason: [shards started [[test][0]] ...]).
[2016-09-15T17:40:31,904][WARN ][org.elasticsearch.deprecation.index.mapper] [node_s_0] [test] geo_point lat_lon parameter is deprecated and will be removed in the next major release
[2016-09-15T17:40:31,906][INFO ][org.elasticsearch.index.mapper] [node_s_0] [test] [GeoPointFieldMapperTests#testNoValidateLatLonValues]: cleaning up after test
[2016-09-15T17:40:31,951][INFO ][org.elasticsearch.cluster.metadata] [node_s_0] [test] creating index, cause [api], templates [random_index_template], shards [1]/[0], mappings []
[2016-09-15T17:40:32,044][INFO ][org.elasticsearch.cluster.routing.allocation] [node_s_0] Cluster health status changed from [YELLOW] to [GREEN] (reason: [shards started [[test][0]] ...]).
[2016-09-15T17:40:32,060][WARN ][org.elasticsearch.deprecation.index.mapper] [node_s_0] [test] geo_point lat_lon parameter is deprecated and will be removed in the next major release
[2016-09-15T17:40:32,061][INFO ][org.elasticsearch.index.mapper] [node_s_0] [test] [GeoPointFieldMapperTests#testLatLonInOneValueStored]: cleaning up after test
[2016-09-15T17:40:32,109][INFO ][org.elasticsearch.cluster.metadata] [node_s_0] [test] creating index, cause [api], templates [random_index_template], shards [1]/[0], mappings []
[2016-09-15T17:40:32,179][INFO ][org.elasticsearch.cluster.routing.allocation] [node_s_0] Cluster health status changed from [YELLOW] to [GREEN] (reason: [shards started [[test][0]] ...]).
[2016-09-15T17:40:32,195][WARN ][org.elasticsearch.deprecation.index.mapper] [node_s_0] [test] geo_point lat_lon parameter is deprecated and will be removed in the next major release
[2016-09-15T17:40:32,196][INFO ][org.elasticsearch.index.mapper] [node_s_0] [test] [GeoPointFieldMapperTests#testLatLonValuesStored]: cleaning up after test
[2016-09-15T17:40:32,263][WARN ][org.elasticsearch.deprecation.index.mapper] [node_s_0] [test] geo_point lat_lon parameter is deprecated and will be removed in the next major release
[2016-09-15T17:40:32,263][WARN ][org.elasticsearch.deprecation.index.mapper] [node_s_0] [test] geo_point geohash_precision parameter is deprecated and will be removed in the next major release
[2016-09-15T17:40:32,263][WARN ][org.elasticsearch.deprecation.index.mapper] [node_s_0] [test] geo_point geohash_prefix parameter is deprecated and will be removed in the next major release
[2016-09-15T17:40:32,265][WARN ][org.elasticsearch.deprecation.index.mapper] [node_s_0] [test] geo_point geohash parameter is deprecated and will be removed in the next major release
[2016-09-15T17:40:32,265][WARN ][org.elasticsearch.deprecation.index.mapper] [node_s_0] [test] geo_point geohash_prefix parameter is deprecated and will be removed in the next major release
[2016-09-15T17:40:32,265][WARN ][org.elasticsearch.deprecation.index.mapper] [node_s_0] [test] geo_point lat_lon parameter is deprecated and will be removed in the next major release
[2016-09-15T17:40:32,267][INFO ][org.elasticsearch.cluster.metadata] [node_s_0] [test] creating index, cause [api], templates [random_index_template], shards [1]/[0], mappings [pin]
[2016-09-15T17:40:32,276][WARN ][org.elasticsearch.deprecation.index.mapper] [node_s_0] [test] geo_point geohash parameter is deprecated and will be removed in the next major release
[2016-09-15T17:40:32,276][WARN ][org.elasticsearch.deprecation.index.mapper] [node_s_0] [test] geo_point geohash_prefix parameter is deprecated and will be removed in the next major release
[2016-09-15T17:40:32,276][WARN ][org.elasticsearch.deprecation.index.mapper] [node_s_0] [test] geo_point lat_lon parameter is deprecated and will be removed in the next major release
[2016-09-15T17:40:32,277][WARN ][org.elasticsearch.deprecation.index.mapper] [node_s_0] [test] geo_point geohash parameter is deprecated and will be removed in the next major release
[2016-09-15T17:40:32,278][WARN ][org.elasticsearch.deprecation.index.mapper] [node_s_0] [test] geo_point geohash_prefix parameter is deprecated and will be removed in the next major release
[2016-09-15T17:40:32,278][WARN ][org.elasticsearch.deprecation.index.mapper] [node_s_0] [test] geo_point lat_lon parameter is deprecated and will be removed in the next major release
[2016-09-15T17:40:32,371][INFO ][org.elasticsearch.cluster.routing.allocation] [node_s_0] Cluster health status changed from [YELLOW] to [GREEN] (reason: [shards started [[test][0]] ...]).
[2016-09-15T17:40:39,712][INFO ][org.elasticsearch.index.mapper] [node_s_0] [test] [GeoPointFieldMapperTests#testMultiField]: cleaning up after test
[2016-09-15T17:40:39,928][INFO ][org.elasticsearch.cluster.metadata] [node_s_0] [test] creating index, cause [api], templates [random_index_template], shards [1]/[0], mappings []
[2016-09-15T17:40:39,979][INFO ][org.elasticsearch.cluster.routing.allocation] [node_s_0] Cluster health status changed from [YELLOW] to [GREEN] (reason: [shards started [[test][0]] ...]).
[2016-09-15T17:40:39,992][WARN ][org.elasticsearch.deprecation.index.mapper] [node_s_0] [test] geo_point lat_lon parameter is deprecated and will be removed in the next major release
[2016-09-15T17:40:39,997][INFO ][org.elasticsearch.cluster.metadata] [node_s_0] [test_old] creating index, cause [api], templates [random_index_template], shards [1]/[0], mappings []
[2016-09-15T17:40:40,046][INFO ][org.elasticsearch.cluster.routing.allocation] [node_s_0] Cluster health status changed from [YELLOW] to [GREEN] (reason: [shards started [[test_old][0]] ...]).
[2016-09-15T17:40:40,060][WARN ][org.elasticsearch.deprecation.index.mapper] [node_s_0] [test_old] geo_point lat_lon parameter is deprecated and will be removed in the next major release
[2016-09-15T17:40:40,061][INFO ][org.elasticsearch.index.mapper] [node_s_0] [test_old] [GeoPointFieldMapperTests#testEmptyName]: cleaning up after test
[2016-09-15T17:40:40,106][INFO ][org.elasticsearch.cluster.metadata] [node_s_0] [test] creating index, cause [api], templates [random_index_template], shards [1]/[0], mappings []
[2016-09-15T17:40:40,182][INFO ][org.elasticsearch.cluster.routing.allocation] [node_s_0] Cluster health status changed from [YELLOW] to [GREEN] (reason: [shards started [[test][0]] ...]).
[2016-09-15T17:40:40,225][WARN ][org.elasticsearch.deprecation.index.mapper] [node_s_0] [test] geo_point lat_lon parameter is deprecated and will be removed in the next major release
[2016-09-15T17:40:40,226][INFO ][org.elasticsearch.index.mapper] [node_s_0] [test] [GeoPointFieldMapperTests#testLonLatArrayArrayStored]: cleaning up after test
[2016-09-15T17:40:40,264][INFO ][org.elasticsearch.cluster.metadata] [node_s_0] [test] creating index, cause [api], templates [random_index_template], shards [1]/[0], mappings []
[2016-09-15T17:40:40,352][INFO ][org.elasticsearch.cluster.routing.allocation] [node_s_0] Cluster health status changed from [YELLOW] to [GREEN] (reason: [shards started [[test][0]] ...]).
[2016-09-15T17:40:40,365][INFO ][org.elasticsearch.index.mapper] [node_s_0] [test] [GeoPointFieldMapperTests#testNormalizeLatLonValuesDefault]: cleaning up after test
[2016-09-15T17:40:40,393][INFO ][org.elasticsearch.cluster.metadata] [node_s_0] [test] creating index, cause [api], templates [random_index_template], shards [1]/[0], mappings []
[2016-09-15T17:40:40,502][INFO ][org.elasticsearch.cluster.routing.allocation] [node_s_0] Cluster health status changed from [YELLOW] to [GREEN] (reason: [shards started [[test][0]] ...]).
[2016-09-15T17:40:40,514][WARN ][org.elasticsearch.deprecation.index.mapper] [node_s_0] [test] geo_point lat_lon parameter is deprecated and will be removed in the next major release
[2016-09-15T17:40:40,515][INFO ][org.elasticsearch.index.mapper] [node_s_0] [test] [GeoPointFieldMapperTests#testLatLonValues]: cleaning up after test
[2016-09-15T17:40:40,544][INFO ][org.elasticsearch.cluster.metadata] [node_s_0] [test] creating index, cause [api], templates [random_index_template], shards [1]/[0], mappings []
[2016-09-15T17:40:40,699][INFO ][org.elasticsearch.cluster.routing.allocation] [node_s_0] Cluster health status changed from [YELLOW] to [GREEN] (reason: [shards started [[test][0]] ...]).
[2016-09-15T17:40:40,812][WARN ][org.elasticsearch.deprecation.index.mapper] [node_s_0] [test] geo_point lat_lon parameter is deprecated and will be removed in the next major release
[2016-09-15T17:40:40,812][WARN ][org.elasticsearch.deprecation.index.mapper] [node_s_0] [test] geo_point geohash parameter is deprecated and will be removed in the next major release
[2016-09-15T17:40:40,813][WARN ][org.elasticsearch.deprecation.index.mapper] [node_s_0] [test] geo_point lat_lon parameter is deprecated and will be removed in the next major release
[2016-09-15T17:40:40,813][WARN ][org.elasticsearch.deprecation.index.mapper] [node_s_0] [test] geo_point geohash parameter is deprecated and will be removed in the next major release
[2016-09-15T17:40:40,813][WARN ][org.elasticsearch.deprecation.index.mapper] [node_s_0] [test] geo_point lat_lon parameter is deprecated and will be removed in the next major release
[2016-09-15T17:40:40,814][WARN ][org.elasticsearch.deprecation.index.mapper] [node_s_0] [test] geo_point geohash parameter is deprecated and will be removed in the next major release
[2016-09-15T17:40:40,814][WARN ][org.elasticsearch.deprecation.index.mapper] [node_s_0] [test] geo_point lat_lon parameter is deprecated and will be removed in the next major release
[2016-09-15T17:40:40,814][WARN ][org.elasticsearch.deprecation.index.mapper] [node_s_0] [test] geo_point geohash parameter is deprecated and will be removed in the next major release
[2016-09-15T17:40:40,814][WARN ][org.elasticsearch.deprecation.index.mapper] [node_s_0] [test] geo_point lat_lon parameter is deprecated and will be removed in the next major release
[2016-09-15T17:40:40,815][WARN ][org.elasticsearch.deprecation.index.mapper] [node_s_0] [test] geo_point geohash parameter is deprecated and will be removed in the next major release
[2016-09-15T17:40:40,815][WARN ][org.elasticsearch.deprecation.index.mapper] [node_s_0] [test] geo_point lat_lon parameter is deprecated and will be removed in the next major release
[2016-09-15T17:40:40,815][WARN ][org.elasticsearch.deprecation.index.mapper] [node_s_0] [test] geo_point geohash parameter is deprecated and will be removed in the next major release
[2016-09-15T17:40:40,815][INFO ][org.elasticsearch.index.mapper] [node_s_0] [test] [GeoPointFieldMapperTests#testOptionDeprecation]: cleaning up after test
[2016-09-15T17:40:40,846][INFO ][org.elasticsearch.cluster.metadata] [node_s_0] [test] creating index, cause [api], templates [random_index_template], shards [1]/[0], mappings []
[2016-09-15T17:40:40,892][INFO ][org.elasticsearch.cluster.routing.allocation] [node_s_0] Cluster health status changed from [YELLOW] to [GREEN] (reason: [shards started [[test][0]] ...]).
[2016-09-15T17:40:40,960][WARN ][org.elasticsearch.deprecation.index.mapper] [node_s_0] [test] geo_point lat_lon parameter is deprecated and will be removed in the next major release
[2016-09-15T17:40:40,960][WARN ][org.elasticsearch.deprecation.index.mapper] [node_s_0] [test] geo_point geohash parameter is deprecated and will be removed in the next major release
[2016-09-15T17:40:40,962][WARN ][org.elasticsearch.deprecation.index.mapper] [node_s_0] [test] geo_point lat_lon parameter is deprecated and will be removed in the next major release
[2016-09-15T17:40:40,962][WARN ][org.elasticsearch.deprecation.index.mapper] [node_s_0] [test] geo_point geohash parameter is deprecated and will be removed in the next major release
[2016-09-15T17:40:40,963][WARN ][org.elasticsearch.deprecation.index.mapper] [node_s_0] [test] geo_point lat_lon parameter is deprecated and will be removed in the next major release
[2016-09-15T17:40:40,963][WARN ][org.elasticsearch.deprecation.index.mapper] [node_s_0] [test] geo_point geohash parameter is deprecated and will be removed in the next major release
[2016-09-15T17:40:40,964][WARN ][org.elasticsearch.deprecation.index.mapper] [node_s_0] [test] geo_point lat_lon parameter is deprecated and will be removed in the next major release
[2016-09-15T17:40:40,964][WARN ][org.elasticsearch.deprecation.index.mapper] [node_s_0] [test] geo_point geohash parameter is deprecated and will be removed in the next major release
[2016-09-15T17:40:40,967][WARN ][org.elasticsearch.deprecation.index.mapper] [node_s_0] [test] geo_point lat_lon parameter is deprecated and will be removed in the next major release
[2016-09-15T17:40:40,967][WARN ][org.elasticsearch.deprecation.index.mapper] [node_s_0] [test] geo_point geohash parameter is deprecated and will be removed in the next major release
[2016-09-15T17:40:40,967][INFO ][org.elasticsearch.index.mapper] [node_s_0] [test] [GeoPointFieldMapperTests#testGeoPointMapperMerge]: cleaning up after test
[2016-09-15T17:40:41,019][INFO ][org.elasticsearch.cluster.metadata] [node_s_0] [test] creating index, cause [api], templates [random_index_template], shards [1]/[0], mappings []
[2016-09-15T17:40:41,097][INFO ][org.elasticsearch.cluster.routing.allocation] [node_s_0] Cluster health status changed from [YELLOW] to [GREEN] (reason: [shards started [[test][0]] ...]).
[2016-09-15T17:40:41,107][WARN ][org.elasticsearch.deprecation.index.mapper] [node_s_0] [test] geo_point lat_lon parameter is deprecated and will be removed in the next major release
[2016-09-15T17:40:41,107][WARN ][org.elasticsearch.deprecation.index.mapper] [node_s_0] [test] geo_point geohash parameter is deprecated and will be removed in the next major release
[2016-09-15T17:40:41,108][INFO ][org.elasticsearch.index.mapper] [node_s_0] [test] [GeoPointFieldMapperTests#testGeoHashIndexValue]: cleaning up after test
[2016-09-15T17:40:41,139][INFO ][org.elasticsearch.cluster.metadata] [node_s_0] [test] creating index, cause [api], templates [random_index_template], shards [1]/[0], mappings []
[2016-09-15T17:40:41,182][INFO ][org.elasticsearch.cluster.routing.allocation] [node_s_0] Cluster health status changed from [YELLOW] to [GREEN] (reason: [shards started [[test][0]] ...]).
[2016-09-15T17:40:41,193][WARN ][org.elasticsearch.deprecation.index.mapper] [node_s_0] [test] geo_point lat_lon parameter is deprecated and will be removed in the next major release
[2016-09-15T17:40:41,193][INFO ][org.elasticsearch.index.mapper] [node_s_0] [test] [GeoPointFieldMapperTests#testLonLatArrayDynamic]: cleaning up after test
[2016-09-15T17:40:41,222][INFO ][org.elasticsearch.cluster.metadata] [node_s_0] [test] creating index, cause [api], templates [random_index_template], shards [1]/[0], mappings []
[2016-09-15T17:40:41,289][INFO ][org.elasticsearch.cluster.routing.allocation] [node_s_0] Cluster health status changed from [YELLOW] to [GREEN] (reason: [shards started [[test][0]] ...]).
[2016-09-15T17:40:41,301][WARN ][org.elasticsearch.deprecation.index.mapper] [node_s_0] [test] geo_point lat_lon parameter is deprecated and will be removed in the next major release
[2016-09-15T17:40:41,301][WARN ][org.elasticsearch.deprecation.index.mapper] [node_s_0] [test] geo_point geohash parameter is deprecated and will be removed in the next major release
[2016-09-15T17:40:41,301][INFO ][org.elasticsearch.index.mapper] [node_s_0] [test] [GeoPointFieldMapperTests#testLatLonValuesWithGeohash]: cleaning up after test
[2016-09-15T17:40:41,343][WARN ][org.elasticsearch.deprecation.index.mapper] [node_s_0] [test] geo_point geohash parameter is deprecated and will be removed in the next major release
[2016-09-15T17:40:41,343][WARN ][org.elasticsearch.deprecation.index.mapper] [node_s_0] [test] geo_point geohash_precision parameter is deprecated and will be removed in the next major release
[2016-09-15T17:40:41,344][WARN ][org.elasticsearch.deprecation.index.mapper] [node_s_0] [test] geo_point geohash parameter is deprecated and will be removed in the next major release
[2016-09-15T17:40:41,345][WARN ][org.elasticsearch.deprecation.index.mapper] [node_s_0] [test] geo_point geohash_precision parameter is deprecated and will be removed in the next major release
[2016-09-15T17:40:41,345][INFO ][org.elasticsearch.cluster.metadata] [node_s_0] [test] creating index, cause [api], templates [random_index_template], shards [1]/[0], mappings [pin]
[2016-09-15T17:40:41,351][WARN ][org.elasticsearch.deprecation.index.mapper] [node_s_0] [test] geo_point geohash parameter is deprecated and will be removed in the next major release
[2016-09-15T17:40:41,351][WARN ][org.elasticsearch.deprecation.index.mapper] [node_s_0] [test] geo_point geohash_precision parameter is deprecated and will be removed in the next major release
[2016-09-15T17:40:41,352][WARN ][org.elasticsearch.deprecation.index.mapper] [node_s_0] [test] geo_point geohash parameter is deprecated and will be removed in the next major release
[2016-09-15T17:40:41,353][WARN ][org.elasticsearch.deprecation.index.mapper] [node_s_0] [test] geo_point geohash_precision parameter is deprecated and will be removed in the next major release
[2016-09-15T17:40:41,395][INFO ][org.elasticsearch.cluster.routing.allocation] [node_s_0] Cluster health status changed from [YELLOW] to [GREEN] (reason: [shards started [[test][0]] ...]).
[2016-09-15T17:40:41,529][INFO ][org.elasticsearch.index.mapper] [node_s_0] [test] [GeoPointFieldMapperTests#testGeoHashSearch]: cleaning up after test
[2016-09-15T17:40:41,560][INFO ][org.elasticsearch.cluster.metadata] [node_s_0] [test] creating index, cause [api], templates [random_index_template], shards [1]/[0], mappings []
[2016-09-15T17:40:41,603][INFO ][org.elasticsearch.cluster.routing.allocation] [node_s_0] Cluster health status changed from [YELLOW] to [GREEN] (reason: [shards started [[test][0]] ...]).
[2016-09-15T17:40:41,616][WARN ][org.elasticsearch.deprecation.index.mapper] [node_s_0] [test] geo_point lat_lon parameter is deprecated and will be removed in the next major release
[2016-09-15T17:40:41,617][INFO ][org.elasticsearch.index.mapper] [node_s_0] [test] [GeoPointFieldMapperTests#testLonLatArray]: cleaning up after test
[2016-09-15T17:40:41,678][INFO ][org.elasticsearch.cluster.metadata] [node_s_0] [test] creating index, cause [api], templates [random_index_template], shards [1]/[0], mappings []
[2016-09-15T17:40:41,778][INFO ][org.elasticsearch.cluster.routing.allocation] [node_s_0] Cluster health status changed from [YELLOW] to [GREEN] (reason: [shards started [[test][0]] ...]).
[2016-09-15T17:40:41,789][WARN ][org.elasticsearch.deprecation.index.mapper] [node_s_0] [test] geo_point lat_lon parameter is deprecated and will be removed in the next major release
[2016-09-15T17:40:41,790][INFO ][org.elasticsearch.index.mapper] [node_s_0] [test] [GeoPointFieldMapperTests#testArrayLatLonValues]: cleaning up after test
[2016-09-15T17:40:41,841][INFO ][org.elasticsearch.cluster.metadata] [node_s_0] [test] creating index, cause [api], templates [random_index_template], shards [1]/[0], mappings []
[2016-09-15T17:40:41,884][INFO ][org.elasticsearch.cluster.routing.allocation] [node_s_0] Cluster health status changed from [YELLOW] to [GREEN] (reason: [shards started [[test][0]] ...]).
[2016-09-15T17:40:41,895][WARN ][org.elasticsearch.deprecation.index.mapper] [node_s_0] [test] geo_point lat_lon parameter is deprecated and will be removed in the next major release
[2016-09-15T17:40:41,895][INFO ][org.elasticsearch.index.mapper] [node_s_0] [test] [GeoPointFieldMapperTests#testLatLonInOneValueArray]: cleaning up after test
[2016-09-15T17:40:41,926][INFO ][org.elasticsearch.cluster.metadata] [node_s_0] [test] creating index, cause [api], templates [random_index_template], shards [1]/[0], mappings []
[2016-09-15T17:40:41,966][INFO ][org.elasticsearch.cluster.routing.allocation] [node_s_0] Cluster health status changed from [YELLOW] to [GREEN] (reason: [shards started [[test][0]] ...]).
[2016-09-15T17:40:41,977][WARN ][org.elasticsearch.deprecation.index.mapper] [node_s_0] [test] geo_point lat_lon parameter is deprecated and will be removed in the next major release
[2016-09-15T17:40:41,979][INFO ][org.elasticsearch.index.mapper] [node_s_0] [test] [GeoPointFieldMapperTests#testValidateLatLonValues]: cleaning up after test
[2016-09-15T17:40:42,028][INFO ][org.elasticsearch.cluster.metadata] [node_s_0] [test] creating index, cause [api], templates [random_index_template], shards [1]/[0], mappings []
[2016-09-15T17:40:42,071][INFO ][org.elasticsearch.cluster.routing.allocation] [node_s_0] Cluster health status changed from [YELLOW] to [GREEN] (reason: [shards started [[test][0]] ...]).
[2016-09-15T17:40:42,081][WARN ][org.elasticsearch.deprecation.index.mapper] [node_s_0] [test] geo_point lat_lon parameter is deprecated and will be removed in the next major release
[2016-09-15T17:40:42,082][INFO ][org.elasticsearch.index.mapper] [node_s_0] [test] [GeoPointFieldMapperTests#testLatLonInOneValue]: cleaning up after test
[2016-09-15T17:40:42,106][INFO ][org.elasticsearch.node   ] [node_s_0] stopping ...
[2016-09-15T17:40:42,107][INFO ][org.elasticsearch.node   ] [node_s_0] stopped
[2016-09-15T17:40:42,107][INFO ][org.elasticsearch.node   ] [node_s_0] closing ...
[2016-09-15T17:40:42,109][INFO ][org.elasticsearch.node   ] [node_s_0] closed
]]></system-out>
   <system-err><![CDATA[]]></system-err>
</testsuite>