<testsuite errors="0" failures="0" tests="12" skipped="0" name="org.elasticsearch.discovery.zen.NodeJoinControllerTests" hostname="nohost.nodomain" time="0.974" timestamp="2016-09-18T12:48:39">
   <properties class="java.util.ArrayList">
      <property name="awt.toolkit" value="sun.awt.windows.WToolkit"/>
      <property name="file.encoding" value="Cp1252"/>
      <property name="file.encoding.pkg" value="sun.io"/>
      <property name="file.separator" value="\"/>
      <property name="java.awt.graphicsenv" value="sun.awt.Win32GraphicsEnvironment"/>
      <property name="java.awt.headless" value="true"/>
      <property name="java.awt.printerjob" value="sun.awt.windows.WPrinterJob"/>
      <property name="java.class.path" value="C:\Users\kmala\workspace\Team3\core\build\classes\test;C:\Users\kmala\workspace\Team3\core\build\resources\test;C:\Users\kmala\workspace\Team3\core\build\classes\main;C:\Users\kmala\workspace\Team3\core\build\resources\main;C:\Users\kmala\.gradle\caches\modules-2\files-2.1\org.apache.lucene\lucene-core\6.2.0\849ee62525a294416802be2cacc66c80352f6f13\lucene-core-6.2.0.jar;C:\Users\kmala\.gradle\caches\modules-2\files-2.1\org.apache.lucene\lucene-analyzers-common\6.2.0\d254d52dd394b5079129f3d5f3bf4f2d44a5936e\lucene-analyzers-common-6.2.0.jar;C:\Users\kmala\.gradle\caches\modules-2\files-2.1\org.apache.lucene\lucene-backward-codecs\6.2.0\b625bb21456b3c0d1e5e431bced125cb060c1abd\lucene-backward-codecs-6.2.0.jar;C:\Users\kmala\.gradle\caches\modules-2\files-2.1\org.apache.lucene\lucene-grouping\6.2.0\9527fedfd5acc624b2bb3f862bd99fb8f470b053\lucene-grouping-6.2.0.jar;C:\Users\kmala\.gradle\caches\modules-2\files-2.1\org.apache.lucene\lucene-highlighter\6.2.0\7ca342372a3f45e32bbd21cecaa757e38eccb8a5\lucene-highlighter-6.2.0.jar;C:\Users\kmala\.gradle\caches\modules-2\files-2.1\org.apache.lucene\lucene-join\6.2.0\da0b8de98511abd4fe9c7d48a353d17854c5ed46\lucene-join-6.2.0.jar;C:\Users\kmala\.gradle\caches\modules-2\files-2.1\org.apache.lucene\lucene-memory\6.2.0\bc9e075b1ee051c8e5246c237c38d8e71dab8a66\lucene-memory-6.2.0.jar;C:\Users\kmala\.gradle\caches\modules-2\files-2.1\org.apache.lucene\lucene-misc\6.2.0\94ddde6312566a4da4a50a88e453b6c82c759b41\lucene-misc-6.2.0.jar;C:\Users\kmala\.gradle\caches\modules-2\files-2.1\org.apache.lucene\lucene-queries\6.2.0\dce47238f78e3e97d91dc6fefa9f46f07866bc2b\lucene-queries-6.2.0.jar;C:\Users\kmala\.gradle\caches\modules-2\files-2.1\org.apache.lucene\lucene-queryparser\6.2.0\17ef728ac15e668bfa1105321611548424637645\lucene-queryparser-6.2.0.jar;C:\Users\kmala\.gradle\caches\modules-2\files-2.1\org.apache.lucene\lucene-sandbox\6.2.0\520183f7b9aba77a26e224760c420a3844b0631a\lucene-sandbox-6.2.0.jar;C:\Users\kmala\.gradle\caches\modules-2\files-2.1\org.apache.lucene\lucene-spatial\6.2.0\8dba929b66927b936fbc76103b109ad6c824daee\lucene-spatial-6.2.0.jar;C:\Users\kmala\.gradle\caches\modules-2\files-2.1\org.apache.lucene\lucene-spatial-extras\6.2.0\3b5a6ef5cd90c0218a72e9e2f7e60104be2447da\lucene-spatial-extras-6.2.0.jar;C:\Users\kmala\.gradle\caches\modules-2\files-2.1\org.apache.lucene\lucene-spatial3d\6.2.0\fcdb0567725722c5145149d1502848b6a96ec18d\lucene-spatial3d-6.2.0.jar;C:\Users\kmala\.gradle\caches\modules-2\files-2.1\org.apache.lucene\lucene-suggest\6.2.0\3d9d526c51f483d27f425c75d7e56bc0849242d6\lucene-suggest-6.2.0.jar;C:\Users\kmala\.gradle\caches\modules-2\files-2.1\org.elasticsearch\securesm\1.1\1e423447d020041534be94c0f31a49fbdc1f2950\securesm-1.1.jar;C:\Users\kmala\.gradle\caches\modules-2\files-2.1\net.sf.jopt-simple\jopt-simple\5.0.2\98cafc6081d5632b61be2c9e60650b64ddbc637c\jopt-simple-5.0.2.jar;C:\Users\kmala\.gradle\caches\modules-2\files-2.1\com.carrotsearch\hppc\0.7.1\8b5057f74ea378c0150a1860874a3ebdcb713767\hppc-0.7.1.jar;C:\Users\kmala\.gradle\caches\modules-2\files-2.1\joda-time\joda-time\2.9.4\1c295b462f16702ebe720bbb08f62e1ba80da41b\joda-time-2.9.4.jar;C:\Users\kmala\.gradle\caches\modules-2\files-2.1\org.joda\joda-convert\1.2\35ec554f0cd00c956cc69051514d9488b1374dec\joda-convert-1.2.jar;C:\Users\kmala\.gradle\caches\modules-2\files-2.1\org.yaml\snakeyaml\1.15\3b132bea69e8ee099f416044970997bde80f4ea6\snakeyaml-1.15.jar;C:\Users\kmala\.gradle\caches\modules-2\files-2.1\com.fasterxml.jackson.core\jackson-core\2.8.1\fd13b1c033741d48291315c6370f7d475a42dccf\jackson-core-2.8.1.jar;C:\Users\kmala\.gradle\caches\modules-2\files-2.1\com.fasterxml.jackson.dataformat\jackson-dataformat-smile\2.8.1\5b73867bc12224946fc67fc8d49d9f5e698d7f\jackson-dataformat-smile-2.8.1.jar;C:\Users\kmala\.gradle\caches\modules-2\files-2.1\com.fasterxml.jackson.dataformat\jackson-dataformat-yaml\2.8.1\eb63166c723b0b4b9fb5298fca232a2f6612ec34\jackson-dataformat-yaml-2.8.1.jar;C:\Users\kmala\.gradle\caches\modules-2\files-2.1\com.fasterxml.jackson.dataformat\jackson-dataformat-cbor\2.8.1\3a6fb7e75c9972559a78cf5cfc5a48a41a13ea40\jackson-dataformat-cbor-2.8.1.jar;C:\Users\kmala\.gradle\caches\modules-2\files-2.1\com.tdunning\t-digest\3.0\84ccf145ac2215e6bfa63baa3101c0af41017cfc\t-digest-3.0.jar;C:\Users\kmala\.gradle\caches\modules-2\files-2.1\org.hdrhistogram\HdrHistogram\2.1.6\7495feb7f71ee124bd2a7e7d83590e296d71d80e\HdrHistogram-2.1.6.jar;C:\Users\kmala\.gradle\caches\modules-2\files-2.1\org.locationtech.spatial4j\spatial4j\0.6\21b15310bddcfd8c72611c180f20cf23279809a3\spatial4j-0.6.jar;C:\Users\kmala\.gradle\caches\modules-2\files-2.1\com.vividsolutions\jts\1.13\3ccfb9b60f04d71add996a666ceb8902904fd805\jts-1.13.jar;C:\Users\kmala\.gradle\caches\modules-2\files-2.1\org.apache.logging.log4j\log4j-api\2.6.2\bd1b74a5d170686362091c7cf596bbc3adf5c09b\log4j-api-2.6.2.jar;C:\Users\kmala\.gradle\caches\modules-2\files-2.1\org.apache.logging.log4j\log4j-core\2.6.2\a91369f655eb1639c6aece5c5eb5108db18306\log4j-core-2.6.2.jar;C:\Users\kmala\.gradle\caches\modules-2\files-2.1\org.apache.logging.log4j\log4j-1.2-api\2.6.2\3b4c5a8b734b6a29b2f03380535a48da6284b210\log4j-1.2-api-2.6.2.jar;C:\Users\kmala\.gradle\caches\modules-2\files-2.1\net.java.dev.jna\jna\4.2.2\5012450aee579c3118ff09461d5ce210e0cdc2a9\jna-4.2.2.jar;C:\Users\kmala\workspace\Team3\test\framework\build\distributions\framework-5.0.0-alpha6-SNAPSHOT.jar;C:\Users\kmala\.gradle\caches\modules-2\files-2.1\com.carrotsearch.randomizedtesting\randomizedtesting-runner\2.3.2\307965917fe8a22b7ee72deba39ef4b8e6ebc069\randomizedtesting-runner-2.3.2.jar;C:\Users\kmala\.gradle\caches\modules-2\files-2.1\junit\junit\4.11\4e031bb61df09069aeb2bffb4019e7a5034a4ee0\junit-4.11.jar;C:\Users\kmala\.gradle\caches\modules-2\files-2.1\org.hamcrest\hamcrest-all\1.3\63a21ebc981131004ad02e0434e799fd7f3a8d5a\hamcrest-all-1.3.jar;C:\Users\kmala\.gradle\caches\modules-2\files-2.1\org.apache.lucene\lucene-test-framework\6.2.0\f5026be3983acfb40d4092dbfbc015ec6e6addab\lucene-test-framework-6.2.0.jar;C:\Users\kmala\.gradle\caches\modules-2\files-2.1\org.apache.lucene\lucene-codecs\6.2.0\99f887266b0ad9f2c286b3976c5bc48c8cd36624\lucene-codecs-6.2.0.jar;C:\Users\kmala\workspace\Team3\client\rest\build\distributions\rest-5.0.0-alpha6-SNAPSHOT.jar;C:\Users\kmala\.gradle\caches\modules-2\files-2.1\org.apache.httpcomponents\httpclient\4.5.2\733db77aa8d9b2d68015189df76ab06304406e50\httpclient-4.5.2.jar;C:\Users\kmala\.gradle\caches\modules-2\files-2.1\org.apache.httpcomponents\httpcore\4.4.5\e7501a1b34325abb00d17dde96150604a0658b54\httpcore-4.4.5.jar;C:\Users\kmala\.gradle\caches\modules-2\files-2.1\commons-logging\commons-logging\1.1.3\f6f66e966c70a83ffbdb6f17a0919eaf7c8aca7f\commons-logging-1.1.3.jar;C:\Users\kmala\.gradle\caches\modules-2\files-2.1\commons-codec\commons-codec\1.10\4b95f4897fa13f2cd904aee711aeafc0c5295cd8\commons-codec-1.10.jar;C:\Users\kmala\.gradle\caches\modules-2\files-2.1\org.elasticsearch\securemock\1.2\98201d4ad5ac93f6b415ae9172d52b5e7cda490e\securemock-1.2.jar;C:\Users\kmala\.gradle\caches\modules-2\files-2.1\org.apache.httpcomponents\httpasyncclient\4.1.2\95aa3e6fb520191a0970a73cf09f62948ee614be\httpasyncclient-4.1.2.jar;C:\Users\kmala\.gradle\caches\modules-2\files-2.1\org.apache.httpcomponents\httpcore-nio\4.4.5\f4be009e7505f6ceddf21e7960c759f413f15056\httpcore-nio-4.4.5.jar;C:\Users\kmala\.gradle\caches\modules-2\files-2.1\com.carrotsearch.randomizedtesting\junit4-ant\2.3.2\dc8f03f6111974092491f35b8269eb0fc57f52f7\junit4-ant-2.3.2.jar"/>
      <property name="java.class.version" value="52.0"/>
      <property name="java.endorsed.dirs" value="C:\Program Files\Java\jdk1.8.0_102\jre\lib\endorsed"/>
      <property name="java.ext.dirs" value="C:\Program Files\Java\jdk1.8.0_102\jre\lib\ext;C:\Windows\Sun\Java\lib\ext"/>
      <property name="java.home" value="C:\Program Files\Java\jdk1.8.0_102\jre"/>
      <property name="java.io.tmpdir" value="./temp"/>
      <property name="java.library.path" value="C:\Program Files\Java\jdk1.8.0_102\bin;C:\Windows\Sun\Java\bin;C:\Windows\system32;C:\Windows;C:\ProgramData\Oracle\Java\javapath;C:\Windows\system32;C:\Windows;C:\Windows\System32\Wbem;C:\Windows\System32\WindowsPowerShell\v1.0\;C:\Program Files (x86)\Skype\Phone\;C:\Tools\curl-7.50.1\bin;C:\Program Files\Git\cmd;C:\Tools\gradle-2.13\bin;C:\Tools\apache-maven-3.3.9\bin;C:\Program Files\doxygen\bin;C:\Tools\sonar-scanner-2.7\bin;C:\Windows\system32\config\systemprofile\.dnx\bin;C:\Program Files\Microsoft DNX\Dnvm\;C:\Program Files\Microsoft SQL Server\120\Tools\Binn\;C:\Users\kmala\AppData\Local\Microsoft\WindowsApps;;."/>
      <property name="java.runtime.name" value="Java(TM) SE Runtime Environment"/>
      <property name="java.runtime.version" value="1.8.0_102-b14"/>
      <property name="java.specification.name" value="Java Platform API Specification"/>
      <property name="java.specification.vendor" value="Oracle Corporation"/>
      <property name="java.specification.version" value="1.8"/>
      <property name="java.vendor" value="Oracle Corporation"/>
      <property name="java.vendor.url" value="http://java.oracle.com/"/>
      <property name="java.vendor.url.bug" value="http://bugreport.sun.com/bugreport/"/>
      <property name="java.version" value="1.8.0_102"/>
      <property name="java.vm.info" value="mixed mode"/>
      <property name="java.vm.name" value="Java HotSpot(TM) 64-Bit Server VM"/>
      <property name="java.vm.specification.name" value="Java Virtual Machine Specification"/>
      <property name="java.vm.specification.vendor" value="Oracle Corporation"/>
      <property name="java.vm.specification.version" value="1.8"/>
      <property name="java.vm.vendor" value="Oracle Corporation"/>
      <property name="java.vm.version" value="25.102-b14"/>
      <property name="jna.nosys" value="true"/>
      <property name="junit4.childvm.count" value="3"/>
      <property name="junit4.childvm.cwd" value="C:\Users\kmala\workspace\Team3\core\build\testrun\test\J1"/>
      <property name="junit4.childvm.id" value="1"/>
      <property name="junit4.memory.total" value="514850816"/>
      <property name="junit4.pidString" value="6936@DESKTOP-HP7QPF3"/>
      <property name="junit4.processors" value="4"/>
      <property name="line.separator" value="
"/>
      <property name="os.arch" value="amd64"/>
      <property name="os.name" value="Windows 10"/>
      <property name="os.version" value="10.0"/>
      <property name="path.separator" value=";"/>
      <property name="sun.arch.data.model" value="64"/>
      <property name="sun.boot.class.path" value="C:\Program Files\Java\jdk1.8.0_102\jre\lib\resources.jar;C:\Program Files\Java\jdk1.8.0_102\jre\lib\rt.jar;C:\Program Files\Java\jdk1.8.0_102\jre\lib\sunrsasign.jar;C:\Program Files\Java\jdk1.8.0_102\jre\lib\jsse.jar;C:\Program Files\Java\jdk1.8.0_102\jre\lib\jce.jar;C:\Program Files\Java\jdk1.8.0_102\jre\lib\charsets.jar;C:\Program Files\Java\jdk1.8.0_102\jre\lib\jfr.jar;C:\Program Files\Java\jdk1.8.0_102\jre\classes"/>
      <property name="sun.boot.library.path" value="C:\Program Files\Java\jdk1.8.0_102\jre\bin"/>
      <property name="sun.cpu.endian" value="little"/>
      <property name="sun.cpu.isalist" value="amd64"/>
      <property name="sun.desktop" value="windows"/>
      <property name="sun.io.unicode.encoding" value="UnicodeLittle"/>
      <property name="sun.java.command" value="com.carrotsearch.ant.tasks.junit4.slave.SlaveMainSafe -eventsfile C:\Users\kmala\workspace\Team3\core\build\testrun\test\temp\junit4-J1-20160918_124457_942.events @C:\Users\kmala\workspace\Team3\core\build\testrun\test\temp\junit4-J1-20160918_124457_942.suites -stdin"/>
      <property name="sun.java.launcher" value="SUN_STANDARD"/>
      <property name="sun.jnu.encoding" value="Cp1252"/>
      <property name="sun.management.compiler" value="HotSpot 64-Bit Tiered Compilers"/>
      <property name="sun.os.patch.level" value=""/>
      <property name="tests.artifact" value="core"/>
      <property name="tests.gradle" value="true"/>
      <property name="tests.ifNoTests" value="fail"/>
      <property name="tests.logger.level" value="WARN"/>
      <property name="tests.prefix" value="tests"/>
      <property name="tests.security.manager" value="true"/>
      <property name="tests.seed" value="FD13852EF36FC81C"/>
      <property name="tests.task" value=":core:test"/>
      <property name="user.country" value="US"/>
      <property name="user.dir" value="C:\Users\kmala\workspace\Team3\core\build\testrun\test\J1"/>
      <property name="user.home" value="C:\Users\kmala"/>
      <property name="user.language" value="en"/>
      <property name="user.name" value="kmala"/>
      <property name="user.script" value=""/>
      <property name="user.timezone" value=""/>
      <property name="user.variant" value=""/>
   </properties>
   <testcase classname="org.elasticsearch.discovery.zen.NodeJoinControllerTests" name="testSimpleMasterElection" time="0.079"/>
   <testcase classname="org.elasticsearch.discovery.zen.NodeJoinControllerTests" name="testFailingJoinsWhenNotMaster" time="0.024"/>
   <testcase classname="org.elasticsearch.discovery.zen.NodeJoinControllerTests" name="testRejectingJoinWithSameAddressButDifferentId" time="0.027"/>
   <testcase classname="org.elasticsearch.discovery.zen.NodeJoinControllerTests" name="testElectionWithConcurrentJoins" time="0.55"/>
   <testcase classname="org.elasticsearch.discovery.zen.NodeJoinControllerTests" name="testRejectingJoinWithSameIdButDifferentNode" time="0.056"/>
   <testcase classname="org.elasticsearch.discovery.zen.NodeJoinControllerTests" name="testRejectingRestartedNodeJoinsBeforeProcessingNodeLeft" time="0.015"/>
   <testcase classname="org.elasticsearch.discovery.zen.NodeJoinControllerTests" name="testSimpleMasterElectionWithoutRequiredJoins" time="0.047"/>
   <testcase classname="org.elasticsearch.discovery.zen.NodeJoinControllerTests" name="testMasterElectionTimeout" time="0.032"/>
   <testcase classname="org.elasticsearch.discovery.zen.NodeJoinControllerTests" name="testElectionBasedOnConflictingNodes" time="0.021"/>
   <testcase classname="org.elasticsearch.discovery.zen.NodeJoinControllerTests" name="testSimpleJoinAccumulation" time="0.029"/>
   <testcase classname="org.elasticsearch.discovery.zen.NodeJoinControllerTests" name="testNormalConcurrentJoins" time="0.048"/>
   <testcase classname="org.elasticsearch.discovery.zen.NodeJoinControllerTests" name="testNewClusterStateOnExistingNodeJoin" time="0.017"/>
   <system-out><![CDATA[[2016-09-18T07:48:39,533][INFO ][org.elasticsearch.cluster.service] [node_s_0] new_master {node}{2ELDsOuQRWuhbk9LA3agQg}{local}{local[204]}, reason: test setting state
[2016-09-18T07:48:39,547][DEBUG][org.elasticsearch.discovery.zen.elect] using minimum_master_nodes [-1]
[2016-09-18T07:48:39,555][DEBUG][org.elasticsearch.discovery.zen] --> using requiredJoins [5]
[2016-09-18T07:48:39,557][DEBUG][org.elasticsearch.discovery.zen] starting future [join of {master_0}{0}{0Z0HNBygREWistnjjigy8w}{local}{local[test_0]} (id [1]]
[2016-09-18T07:48:39,564][TRACE][org.elasticsearch.discovery.zen] processing node joins, but we are not the master. current master: null
[2016-09-18T07:48:39,566][ERROR][org.elasticsearch.discovery.zen] unexpected error for future [join of {master_0}{0}{0Z0HNBygREWistnjjigy8w}{local}{local[test_0]} (id [1]]
org.elasticsearch.cluster.NotMasterException: Node [{node}{2ELDsOuQRWuhbk9LA3agQg}{local}{local[204]}] not master for join request
[2016-09-18T07:48:39,568][DEBUG][org.elasticsearch.discovery.zen] starting future [join of {master_1}{1}{4Za35c3LSJSspshJAW-_Gg}{local}{local[test_1]} (id [2]]
[2016-09-18T07:48:39,568][TRACE][org.elasticsearch.discovery.zen] processing node joins, but we are not the master. current master: null
[2016-09-18T07:48:39,568][ERROR][org.elasticsearch.discovery.zen] unexpected error for future [join of {master_1}{1}{4Za35c3LSJSspshJAW-_Gg}{local}{local[test_1]} (id [2]]
org.elasticsearch.cluster.NotMasterException: Node [{node}{2ELDsOuQRWuhbk9LA3agQg}{local}{local[204]}] not master for join request
[2016-09-18T07:48:39,569][DEBUG][org.elasticsearch.discovery.zen] starting future [join of {data_2}{2}{ScjWhmN9SZCkgtNAG82PAQ}{local}{local[test_2]} (id [3]]
[2016-09-18T07:48:39,569][TRACE][org.elasticsearch.discovery.zen] processing node joins, but we are not the master. current master: null
[2016-09-18T07:48:39,569][ERROR][org.elasticsearch.discovery.zen] unexpected error for future [join of {data_2}{2}{ScjWhmN9SZCkgtNAG82PAQ}{local}{local[test_2]} (id [3]]
org.elasticsearch.cluster.NotMasterException: Node [{node}{2ELDsOuQRWuhbk9LA3agQg}{local}{local[204]}] not master for join request
[2016-09-18T07:48:39,569][DEBUG][org.elasticsearch.discovery.zen] starting future [join of {master_3}{3}{wfD9Y4KJTDOntkEsCtWrpw}{local}{local[test_3]} (id [4]]
[2016-09-18T07:48:39,570][TRACE][org.elasticsearch.discovery.zen] processing node joins, but we are not the master. current master: null
[2016-09-18T07:48:39,570][ERROR][org.elasticsearch.discovery.zen] unexpected error for future [join of {master_3}{3}{wfD9Y4KJTDOntkEsCtWrpw}{local}{local[test_3]} (id [4]]
org.elasticsearch.cluster.NotMasterException: Node [{node}{2ELDsOuQRWuhbk9LA3agQg}{local}{local[204]}] not master for join request
[2016-09-18T07:48:39,570][DEBUG][org.elasticsearch.discovery.zen] starting future [join of {data_4}{4}{8GW34IdNTQC2lNofGRdgCQ}{local}{local[test_4]} (id [5]]
[2016-09-18T07:48:39,570][TRACE][org.elasticsearch.discovery.zen] processing node joins, but we are not the master. current master: null
[2016-09-18T07:48:39,570][ERROR][org.elasticsearch.discovery.zen] unexpected error for future [join of {data_4}{4}{8GW34IdNTQC2lNofGRdgCQ}{local}{local[test_4]} (id [5]]
org.elasticsearch.cluster.NotMasterException: Node [{node}{2ELDsOuQRWuhbk9LA3agQg}{local}{local[204]}] not master for join request
[2016-09-18T07:48:39,571][TRACE][org.elasticsearch.discovery.zen] starting an election context, will accumulate joins
[2016-09-18T07:48:39,576][DEBUG][org.elasticsearch.discovery.zen] --> joining [2] unique master nodes. Total of [17] join requests
[2016-09-18T07:48:39,576][DEBUG][org.elasticsearch.discovery.zen] starting future [join of {data_8}{8}{K2qwhubpRoG1bvUrGrjs8g}{local}{local[test_8]} (id [6]]
[2016-09-18T07:48:39,577][TRACE][org.elasticsearch.discovery.zen] not enough joins for election. Got [0], required [-1]
[2016-09-18T07:48:39,577][DEBUG][org.elasticsearch.discovery.zen] starting future [join of {data_7}{7}{G7rs87VhRzqJ6lJiFMPasw}{local}{local[test_7]} (id [7]]
[2016-09-18T07:48:39,577][TRACE][org.elasticsearch.discovery.zen] not enough joins for election. Got [0], required [-1]
[2016-09-18T07:48:39,577][DEBUG][org.elasticsearch.discovery.zen] starting future [join of {data_9}{9}{MZSTrHlOQvGjjDS8NqJ_Zw}{local}{local[test_9]} (id [8]]
[2016-09-18T07:48:39,577][TRACE][org.elasticsearch.discovery.zen] not enough joins for election. Got [0], required [-1]
[2016-09-18T07:48:39,577][DEBUG][org.elasticsearch.discovery.zen] starting future [join of {data_9}{9}{MZSTrHlOQvGjjDS8NqJ_Zw}{local}{local[test_9]} (id [9]]
[2016-09-18T07:48:39,577][TRACE][org.elasticsearch.discovery.zen] not enough joins for election. Got [0], required [-1]
[2016-09-18T07:48:39,577][DEBUG][org.elasticsearch.discovery.zen] starting future [join of {data_7}{7}{G7rs87VhRzqJ6lJiFMPasw}{local}{local[test_7]} (id [10]]
[2016-09-18T07:48:39,578][TRACE][org.elasticsearch.discovery.zen] not enough joins for election. Got [0], required [-1]
[2016-09-18T07:48:39,578][DEBUG][org.elasticsearch.discovery.zen] starting future [join of {data_10}{10}{CB314fClRnuFCYuaZQBsoQ}{local}{local[test_10]} (id [11]]
[2016-09-18T07:48:39,578][TRACE][org.elasticsearch.discovery.zen] not enough joins for election. Got [0], required [-1]
[2016-09-18T07:48:39,578][DEBUG][org.elasticsearch.discovery.zen] starting future [join of {data_8}{8}{K2qwhubpRoG1bvUrGrjs8g}{local}{local[test_8]} (id [12]]
[2016-09-18T07:48:39,578][TRACE][org.elasticsearch.discovery.zen] not enough joins for election. Got [0], required [-1]
[2016-09-18T07:48:39,578][DEBUG][org.elasticsearch.discovery.zen] starting future [join of {master_5}{5}{2BjSkutwQ_6uLP-TKv24jQ}{local}{local[test_5]} (id [13]]
[2016-09-18T07:48:39,578][TRACE][org.elasticsearch.discovery.zen] not enough joins for election. Got [1], required [-1]
[2016-09-18T07:48:39,578][DEBUG][org.elasticsearch.discovery.zen] starting future [join of {master_6}{6}{Dup0DZ1UTwm0-m4TEeZDgg}{local}{local[test_6]} (id [14]]
[2016-09-18T07:48:39,578][TRACE][org.elasticsearch.discovery.zen] not enough joins for election. Got [2], required [-1]
[2016-09-18T07:48:39,578][DEBUG][org.elasticsearch.discovery.zen] starting future [join of {master_6}{6}{Dup0DZ1UTwm0-m4TEeZDgg}{local}{local[test_6]} (id [15]]
[2016-09-18T07:48:39,578][TRACE][org.elasticsearch.discovery.zen] not enough joins for election. Got [2], required [-1]
[2016-09-18T07:48:39,578][DEBUG][org.elasticsearch.discovery.zen] starting future [join of {data_10}{10}{CB314fClRnuFCYuaZQBsoQ}{local}{local[test_10]} (id [16]]
[2016-09-18T07:48:39,578][TRACE][org.elasticsearch.discovery.zen] not enough joins for election. Got [2], required [-1]
[2016-09-18T07:48:39,578][DEBUG][org.elasticsearch.discovery.zen] starting future [join of {data_7}{7}{G7rs87VhRzqJ6lJiFMPasw}{local}{local[test_7]} (id [17]]
[2016-09-18T07:48:39,578][TRACE][org.elasticsearch.discovery.zen] not enough joins for election. Got [2], required [-1]
[2016-09-18T07:48:39,578][DEBUG][org.elasticsearch.discovery.zen] starting future [join of {data_7}{7}{G7rs87VhRzqJ6lJiFMPasw}{local}{local[test_7]} (id [18]]
[2016-09-18T07:48:39,578][TRACE][org.elasticsearch.discovery.zen] not enough joins for election. Got [2], required [-1]
[2016-09-18T07:48:39,578][DEBUG][org.elasticsearch.discovery.zen] starting future [join of {master_5}{5}{2BjSkutwQ_6uLP-TKv24jQ}{local}{local[test_5]} (id [19]]
[2016-09-18T07:48:39,578][TRACE][org.elasticsearch.discovery.zen] not enough joins for election. Got [2], required [-1]
[2016-09-18T07:48:39,578][DEBUG][org.elasticsearch.discovery.zen] starting future [join of {data_9}{9}{MZSTrHlOQvGjjDS8NqJ_Zw}{local}{local[test_9]} (id [20]]
[2016-09-18T07:48:39,579][TRACE][org.elasticsearch.discovery.zen] not enough joins for election. Got [2], required [-1]
[2016-09-18T07:48:39,579][DEBUG][org.elasticsearch.discovery.zen] starting future [join of {master_6}{6}{Dup0DZ1UTwm0-m4TEeZDgg}{local}{local[test_6]} (id [21]]
[2016-09-18T07:48:39,579][TRACE][org.elasticsearch.discovery.zen] not enough joins for election. Got [2], required [-1]
[2016-09-18T07:48:39,579][DEBUG][org.elasticsearch.discovery.zen] starting future [join of {data_11}{11}{3Mrbt0f2T8GYDc2MzfF28Q}{local}{local[test_11]} (id [22]]
[2016-09-18T07:48:39,579][TRACE][org.elasticsearch.discovery.zen] not enough joins for election. Got [2], required [-1]
[2016-09-18T07:48:39,579][DEBUG][org.elasticsearch.discovery.zen] --> asserting master election didn't finish yet
[2016-09-18T07:48:39,579][DEBUG][org.elasticsearch.discovery.zen] --> joining [5] nodes, with repetition a total of [19]
[2016-09-18T07:48:39,579][DEBUG][org.elasticsearch.discovery.zen] starting future [join of {data_21}{21}{08gJ3QpkRUuFkWmYX1W7Kw}{local}{local[test_21]} (id [23]]
[2016-09-18T07:48:39,579][TRACE][org.elasticsearch.discovery.zen] not enough joins for election. Got [2], required [-1]
[2016-09-18T07:48:39,579][DEBUG][org.elasticsearch.discovery.zen] starting future [join of {master_16}{16}{da0iY3pYScCxsq9kPzaIUw}{local}{local[test_16]} (id [24]]
[2016-09-18T07:48:39,579][TRACE][org.elasticsearch.discovery.zen] not enough joins for election. Got [3], required [-1]
[2016-09-18T07:48:39,579][DEBUG][org.elasticsearch.discovery.zen] starting future [join of {data_18}{18}{8qRG53sUSIemyM88Nitj1g}{local}{local[test_18]} (id [25]]
[2016-09-18T07:48:39,579][TRACE][org.elasticsearch.discovery.zen] not enough joins for election. Got [3], required [-1]
[2016-09-18T07:48:39,579][DEBUG][org.elasticsearch.discovery.zen] starting future [join of {master_12}{12}{ia0YTouMSQOr2fRQo1Yg9A}{local}{local[test_12]} (id [26]]
[2016-09-18T07:48:39,579][TRACE][org.elasticsearch.discovery.zen] not enough joins for election. Got [4], required [-1]
[2016-09-18T07:48:39,579][DEBUG][org.elasticsearch.discovery.zen] starting future [join of {master_12}{12}{ia0YTouMSQOr2fRQo1Yg9A}{local}{local[test_12]} (id [27]]
[2016-09-18T07:48:39,579][TRACE][org.elasticsearch.discovery.zen] not enough joins for election. Got [4], required [-1]
[2016-09-18T07:48:39,579][DEBUG][org.elasticsearch.discovery.zen] starting future [join of {data_17}{17}{LKixPNF_SmK7sD29jN6ANA}{local}{local[test_17]} (id [28]]
[2016-09-18T07:48:39,579][TRACE][org.elasticsearch.discovery.zen] not enough joins for election. Got [4], required [-1]
[2016-09-18T07:48:39,580][DEBUG][org.elasticsearch.discovery.zen] starting future [join of {master_16}{16}{da0iY3pYScCxsq9kPzaIUw}{local}{local[test_16]} (id [29]]
[2016-09-18T07:48:39,580][TRACE][org.elasticsearch.discovery.zen] not enough joins for election. Got [4], required [-1]
[2016-09-18T07:48:39,580][DEBUG][org.elasticsearch.discovery.zen] starting future [join of {master_14}{14}{lpVxsmFQSI2bEEPuy9YWBQ}{local}{local[test_14]} (id [30]]
[2016-09-18T07:48:39,580][TRACE][org.elasticsearch.discovery.zen] not enough joins for election. Got [5], required [-1]
[2016-09-18T07:48:39,580][DEBUG][org.elasticsearch.discovery.zen] starting future [join of {data_19}{19}{gOJ9uOj6TRC7Uz02NdPvWQ}{local}{local[test_19]} (id [31]]
[2016-09-18T07:48:39,580][TRACE][org.elasticsearch.discovery.zen] not enough joins for election. Got [5], required [-1]
[2016-09-18T07:48:39,580][DEBUG][org.elasticsearch.discovery.zen] starting future [join of {data_18}{18}{8qRG53sUSIemyM88Nitj1g}{local}{local[test_18]} (id [32]]
[2016-09-18T07:48:39,580][TRACE][org.elasticsearch.discovery.zen] not enough joins for election. Got [5], required [-1]
[2016-09-18T07:48:39,580][DEBUG][org.elasticsearch.discovery.zen] starting future [join of {master_13}{13}{bpNFAYGiRha6ZNGzcv5Crw}{local}{local[test_13]} (id [33]]
[2016-09-18T07:48:39,580][TRACE][org.elasticsearch.discovery.zen] not enough joins for election. Got [6], required [-1]
[2016-09-18T07:48:39,580][DEBUG][org.elasticsearch.discovery.zen] starting future [join of {data_20}{20}{s8J-L9LHQOuPgMsY03HqTQ}{local}{local[test_20]} (id [34]]
[2016-09-18T07:48:39,580][TRACE][org.elasticsearch.discovery.zen] not enough joins for election. Got [6], required [-1]
[2016-09-18T07:48:39,580][DEBUG][org.elasticsearch.discovery.zen] starting future [join of {master_16}{16}{da0iY3pYScCxsq9kPzaIUw}{local}{local[test_16]} (id [35]]
[2016-09-18T07:48:39,580][TRACE][org.elasticsearch.discovery.zen] not enough joins for election. Got [6], required [-1]
[2016-09-18T07:48:39,580][DEBUG][org.elasticsearch.discovery.zen] starting future [join of {master_13}{13}{bpNFAYGiRha6ZNGzcv5Crw}{local}{local[test_13]} (id [36]]
[2016-09-18T07:48:39,580][TRACE][org.elasticsearch.discovery.zen] not enough joins for election. Got [6], required [-1]
[2016-09-18T07:48:39,580][DEBUG][org.elasticsearch.discovery.zen] starting future [join of {data_21}{21}{08gJ3QpkRUuFkWmYX1W7Kw}{local}{local[test_21]} (id [37]]
[2016-09-18T07:48:39,580][TRACE][org.elasticsearch.discovery.zen] not enough joins for election. Got [6], required [-1]
[2016-09-18T07:48:39,580][DEBUG][org.elasticsearch.discovery.zen] starting future [join of {data_19}{19}{gOJ9uOj6TRC7Uz02NdPvWQ}{local}{local[test_19]} (id [38]]
[2016-09-18T07:48:39,580][TRACE][org.elasticsearch.discovery.zen] not enough joins for election. Got [6], required [-1]
[2016-09-18T07:48:39,580][DEBUG][org.elasticsearch.discovery.zen] starting future [join of {data_19}{19}{gOJ9uOj6TRC7Uz02NdPvWQ}{local}{local[test_19]} (id [39]]
[2016-09-18T07:48:39,580][TRACE][org.elasticsearch.discovery.zen] not enough joins for election. Got [6], required [-1]
[2016-09-18T07:48:39,581][DEBUG][org.elasticsearch.discovery.zen] starting future [join of {master_14}{14}{lpVxsmFQSI2bEEPuy9YWBQ}{local}{local[test_14]} (id [40]]
[2016-09-18T07:48:39,581][TRACE][org.elasticsearch.discovery.zen] not enough joins for election. Got [6], required [-1]
[2016-09-18T07:48:39,581][DEBUG][org.elasticsearch.discovery.zen] starting future [join of {master_15}{15}{CPl21P2GSl2wNy0HUQqbqw}{local}{local[test_15]} (id [41]]
[2016-09-18T07:48:39,581][TRACE][org.elasticsearch.discovery.zen] not enough joins for election. Got [7], required [-1]
[2016-09-18T07:48:39,581][DEBUG][org.elasticsearch.discovery.zen] --> waiting for master election to with no exception
[2016-09-18T07:48:39,596][TRACE][org.elasticsearch.discovery.zen] have enough joins for election. Got [7], required [5]
[2016-09-18T07:48:39,599][INFO ][org.elasticsearch.cluster.service] [node_s_0] new_master {node}{2ELDsOuQRWuhbk9LA3agQg}{local}{local[204]}, added {{master_5}{5}{2BjSkutwQ_6uLP-TKv24jQ}{local}{local[test_5]},{master_15}{15}{CPl21P2GSl2wNy0HUQqbqw}{local}{local[test_15]},{data_20}{20}{s8J-L9LHQOuPgMsY03HqTQ}{local}{local[test_20]},{data_11}{11}{3Mrbt0f2T8GYDc2MzfF28Q}{local}{local[test_11]},{master_13}{13}{bpNFAYGiRha6ZNGzcv5Crw}{local}{local[test_13]},{master_6}{6}{Dup0DZ1UTwm0-m4TEeZDgg}{local}{local[test_6]},{data_19}{19}{gOJ9uOj6TRC7Uz02NdPvWQ}{local}{local[test_19]},{data_10}{10}{CB314fClRnuFCYuaZQBsoQ}{local}{local[test_10]},{data_8}{8}{K2qwhubpRoG1bvUrGrjs8g}{local}{local[test_8]},{data_7}{7}{G7rs87VhRzqJ6lJiFMPasw}{local}{local[test_7]},{master_16}{16}{da0iY3pYScCxsq9kPzaIUw}{local}{local[test_16]},{master_14}{14}{lpVxsmFQSI2bEEPuy9YWBQ}{local}{local[test_14]},{data_18}{18}{8qRG53sUSIemyM88Nitj1g}{local}{local[test_18]},{data_21}{21}{08gJ3QpkRUuFkWmYX1W7Kw}{local}{local[test_21]},{master_12}{12}{ia0YTouMSQOr2fRQo1Yg9A}{local}{local[test_12]},{data_9}{9}{MZSTrHlOQvGjjDS8NqJ_Zw}{local}{local[test_9]},{data_17}{17}{LKixPNF_SmK7sD29jN6ANA}{local}{local[test_17]},}, reason: zen-disco-elected-as-master ([17] nodes joined)[{master_12}{12}{ia0YTouMSQOr2fRQo1Yg9A}{local}{local[test_12]}, {data_7}{7}{G7rs87VhRzqJ6lJiFMPasw}{local}{local[test_7]}, {data_11}{11}{3Mrbt0f2T8GYDc2MzfF28Q}{local}{local[test_11]}, {data_17}{17}{LKixPNF_SmK7sD29jN6ANA}{local}{local[test_17]}, {data_9}{9}{MZSTrHlOQvGjjDS8NqJ_Zw}{local}{local[test_9]}, {master_15}{15}{CPl21P2GSl2wNy0HUQqbqw}{local}{local[test_15]}, {data_18}{18}{8qRG53sUSIemyM88Nitj1g}{local}{local[test_18]}, {master_14}{14}{lpVxsmFQSI2bEEPuy9YWBQ}{local}{local[test_14]}, {data_10}{10}{CB314fClRnuFCYuaZQBsoQ}{local}{local[test_10]}, {master_5}{5}{2BjSkutwQ_6uLP-TKv24jQ}{local}{local[test_5]}, {master_13}{13}{bpNFAYGiRha6ZNGzcv5Crw}{local}{local[test_13]}, {data_8}{8}{K2qwhubpRoG1bvUrGrjs8g}{local}{local[test_8]}, {master_16}{16}{da0iY3pYScCxsq9kPzaIUw}{local}{local[test_16]}, {master_6}{6}{Dup0DZ1UTwm0-m4TEeZDgg}{local}{local[test_6]}, {data_19}{19}{gOJ9uOj6TRC7Uz02NdPvWQ}{local}{local[test_19]}, {data_21}{21}{08gJ3QpkRUuFkWmYX1W7Kw}{local}{local[test_21]}, {data_20}{20}{s8J-L9LHQOuPgMsY03HqTQ}{local}{local[test_20]}]
[2016-09-18T07:48:39,599][DEBUG][org.elasticsearch.discovery.zen] future [join of {master_12}{12}{ia0YTouMSQOr2fRQo1Yg9A}{local}{local[test_12]} (id [26]] completed
[2016-09-18T07:48:39,599][DEBUG][org.elasticsearch.discovery.zen] future [join of {master_12}{12}{ia0YTouMSQOr2fRQo1Yg9A}{local}{local[test_12]} (id [27]] completed
[2016-09-18T07:48:39,599][DEBUG][org.elasticsearch.discovery.zen] future [join of {data_7}{7}{G7rs87VhRzqJ6lJiFMPasw}{local}{local[test_7]} (id [7]] completed
[2016-09-18T07:48:39,599][DEBUG][org.elasticsearch.discovery.zen] future [join of {data_7}{7}{G7rs87VhRzqJ6lJiFMPasw}{local}{local[test_7]} (id [10]] completed
[2016-09-18T07:48:39,599][DEBUG][org.elasticsearch.discovery.zen] future [join of {data_7}{7}{G7rs87VhRzqJ6lJiFMPasw}{local}{local[test_7]} (id [17]] completed
[2016-09-18T07:48:39,599][DEBUG][org.elasticsearch.discovery.zen] future [join of {data_7}{7}{G7rs87VhRzqJ6lJiFMPasw}{local}{local[test_7]} (id [18]] completed
[2016-09-18T07:48:39,599][DEBUG][org.elasticsearch.discovery.zen] future [join of {data_11}{11}{3Mrbt0f2T8GYDc2MzfF28Q}{local}{local[test_11]} (id [22]] completed
[2016-09-18T07:48:39,600][DEBUG][org.elasticsearch.discovery.zen] future [join of {data_17}{17}{LKixPNF_SmK7sD29jN6ANA}{local}{local[test_17]} (id [28]] completed
[2016-09-18T07:48:39,600][DEBUG][org.elasticsearch.discovery.zen] future [join of {data_9}{9}{MZSTrHlOQvGjjDS8NqJ_Zw}{local}{local[test_9]} (id [8]] completed
[2016-09-18T07:48:39,600][DEBUG][org.elasticsearch.discovery.zen] future [join of {data_9}{9}{MZSTrHlOQvGjjDS8NqJ_Zw}{local}{local[test_9]} (id [9]] completed
[2016-09-18T07:48:39,600][DEBUG][org.elasticsearch.discovery.zen] future [join of {data_9}{9}{MZSTrHlOQvGjjDS8NqJ_Zw}{local}{local[test_9]} (id [20]] completed
[2016-09-18T07:48:39,600][DEBUG][org.elasticsearch.discovery.zen] future [join of {master_15}{15}{CPl21P2GSl2wNy0HUQqbqw}{local}{local[test_15]} (id [41]] completed
[2016-09-18T07:48:39,600][DEBUG][org.elasticsearch.discovery.zen] future [join of {data_18}{18}{8qRG53sUSIemyM88Nitj1g}{local}{local[test_18]} (id [25]] completed
[2016-09-18T07:48:39,600][DEBUG][org.elasticsearch.discovery.zen] future [join of {data_18}{18}{8qRG53sUSIemyM88Nitj1g}{local}{local[test_18]} (id [32]] completed
[2016-09-18T07:48:39,600][DEBUG][org.elasticsearch.discovery.zen] future [join of {master_14}{14}{lpVxsmFQSI2bEEPuy9YWBQ}{local}{local[test_14]} (id [30]] completed
[2016-09-18T07:48:39,600][DEBUG][org.elasticsearch.discovery.zen] future [join of {master_14}{14}{lpVxsmFQSI2bEEPuy9YWBQ}{local}{local[test_14]} (id [40]] completed
[2016-09-18T07:48:39,600][DEBUG][org.elasticsearch.discovery.zen] future [join of {data_10}{10}{CB314fClRnuFCYuaZQBsoQ}{local}{local[test_10]} (id [11]] completed
[2016-09-18T07:48:39,600][DEBUG][org.elasticsearch.discovery.zen] future [join of {data_10}{10}{CB314fClRnuFCYuaZQBsoQ}{local}{local[test_10]} (id [16]] completed
[2016-09-18T07:48:39,601][DEBUG][org.elasticsearch.discovery.zen] future [join of {master_5}{5}{2BjSkutwQ_6uLP-TKv24jQ}{local}{local[test_5]} (id [13]] completed
[2016-09-18T07:48:39,601][DEBUG][org.elasticsearch.discovery.zen] future [join of {master_5}{5}{2BjSkutwQ_6uLP-TKv24jQ}{local}{local[test_5]} (id [19]] completed
[2016-09-18T07:48:39,601][DEBUG][org.elasticsearch.discovery.zen] future [join of {master_13}{13}{bpNFAYGiRha6ZNGzcv5Crw}{local}{local[test_13]} (id [33]] completed
[2016-09-18T07:48:39,601][DEBUG][org.elasticsearch.discovery.zen] future [join of {master_13}{13}{bpNFAYGiRha6ZNGzcv5Crw}{local}{local[test_13]} (id [36]] completed
[2016-09-18T07:48:39,601][DEBUG][org.elasticsearch.discovery.zen] future [join of {data_8}{8}{K2qwhubpRoG1bvUrGrjs8g}{local}{local[test_8]} (id [6]] completed
[2016-09-18T07:48:39,601][DEBUG][org.elasticsearch.discovery.zen] future [join of {data_8}{8}{K2qwhubpRoG1bvUrGrjs8g}{local}{local[test_8]} (id [12]] completed
[2016-09-18T07:48:39,601][DEBUG][org.elasticsearch.discovery.zen] future [join of {master_16}{16}{da0iY3pYScCxsq9kPzaIUw}{local}{local[test_16]} (id [24]] completed
[2016-09-18T07:48:39,601][DEBUG][org.elasticsearch.discovery.zen] future [join of {master_16}{16}{da0iY3pYScCxsq9kPzaIUw}{local}{local[test_16]} (id [29]] completed
[2016-09-18T07:48:39,601][DEBUG][org.elasticsearch.discovery.zen] future [join of {master_16}{16}{da0iY3pYScCxsq9kPzaIUw}{local}{local[test_16]} (id [35]] completed
[2016-09-18T07:48:39,601][DEBUG][org.elasticsearch.discovery.zen] future [join of {master_6}{6}{Dup0DZ1UTwm0-m4TEeZDgg}{local}{local[test_6]} (id [14]] completed
[2016-09-18T07:48:39,601][DEBUG][org.elasticsearch.discovery.zen] future [join of {master_6}{6}{Dup0DZ1UTwm0-m4TEeZDgg}{local}{local[test_6]} (id [15]] completed
[2016-09-18T07:48:39,601][DEBUG][org.elasticsearch.discovery.zen] future [join of {master_6}{6}{Dup0DZ1UTwm0-m4TEeZDgg}{local}{local[test_6]} (id [21]] completed
[2016-09-18T07:48:39,601][DEBUG][org.elasticsearch.discovery.zen] future [join of {data_19}{19}{gOJ9uOj6TRC7Uz02NdPvWQ}{local}{local[test_19]} (id [31]] completed
[2016-09-18T07:48:39,601][DEBUG][org.elasticsearch.discovery.zen] future [join of {data_19}{19}{gOJ9uOj6TRC7Uz02NdPvWQ}{local}{local[test_19]} (id [38]] completed
[2016-09-18T07:48:39,601][DEBUG][org.elasticsearch.discovery.zen] future [join of {data_19}{19}{gOJ9uOj6TRC7Uz02NdPvWQ}{local}{local[test_19]} (id [39]] completed
[2016-09-18T07:48:39,601][DEBUG][org.elasticsearch.discovery.zen] future [join of {data_21}{21}{08gJ3QpkRUuFkWmYX1W7Kw}{local}{local[test_21]} (id [23]] completed
[2016-09-18T07:48:39,601][DEBUG][org.elasticsearch.discovery.zen] future [join of {data_21}{21}{08gJ3QpkRUuFkWmYX1W7Kw}{local}{local[test_21]} (id [37]] completed
[2016-09-18T07:48:39,601][DEBUG][org.elasticsearch.discovery.zen] future [join of {data_20}{20}{s8J-L9LHQOuPgMsY03HqTQ}{local}{local[test_20]} (id [34]] completed
[2016-09-18T07:48:39,601][WARN ][org.elasticsearch.discovery.zen.elect] value for setting "discovery.zen.minimum_master_nodes" is too low. This can result in data loss! Please set it to at least a quorum of master-eligible nodes (current value: [-1], total number of master-eligible nodes used for publishing in this round: [8])
[2016-09-18T07:48:39,602][DEBUG][org.elasticsearch.discovery.zen] --> waiting on all joins to be processed
[2016-09-18T07:48:39,602][DEBUG][org.elasticsearch.discovery.zen] waiting on future [join of {data_8}{8}{K2qwhubpRoG1bvUrGrjs8g}{local}{local[test_8]} (id [6]]
[2016-09-18T07:48:39,602][DEBUG][org.elasticsearch.discovery.zen] waiting on future [join of {data_7}{7}{G7rs87VhRzqJ6lJiFMPasw}{local}{local[test_7]} (id [7]]
[2016-09-18T07:48:39,602][DEBUG][org.elasticsearch.discovery.zen] waiting on future [join of {data_9}{9}{MZSTrHlOQvGjjDS8NqJ_Zw}{local}{local[test_9]} (id [8]]
[2016-09-18T07:48:39,602][DEBUG][org.elasticsearch.discovery.zen] waiting on future [join of {data_9}{9}{MZSTrHlOQvGjjDS8NqJ_Zw}{local}{local[test_9]} (id [9]]
[2016-09-18T07:48:39,602][DEBUG][org.elasticsearch.discovery.zen] waiting on future [join of {data_7}{7}{G7rs87VhRzqJ6lJiFMPasw}{local}{local[test_7]} (id [10]]
[2016-09-18T07:48:39,602][DEBUG][org.elasticsearch.discovery.zen] waiting on future [join of {data_10}{10}{CB314fClRnuFCYuaZQBsoQ}{local}{local[test_10]} (id [11]]
[2016-09-18T07:48:39,602][DEBUG][org.elasticsearch.discovery.zen] waiting on future [join of {data_8}{8}{K2qwhubpRoG1bvUrGrjs8g}{local}{local[test_8]} (id [12]]
[2016-09-18T07:48:39,602][DEBUG][org.elasticsearch.discovery.zen] waiting on future [join of {master_5}{5}{2BjSkutwQ_6uLP-TKv24jQ}{local}{local[test_5]} (id [13]]
[2016-09-18T07:48:39,602][DEBUG][org.elasticsearch.discovery.zen] waiting on future [join of {master_6}{6}{Dup0DZ1UTwm0-m4TEeZDgg}{local}{local[test_6]} (id [14]]
[2016-09-18T07:48:39,602][DEBUG][org.elasticsearch.discovery.zen] waiting on future [join of {master_6}{6}{Dup0DZ1UTwm0-m4TEeZDgg}{local}{local[test_6]} (id [15]]
[2016-09-18T07:48:39,602][DEBUG][org.elasticsearch.discovery.zen] waiting on future [join of {data_10}{10}{CB314fClRnuFCYuaZQBsoQ}{local}{local[test_10]} (id [16]]
[2016-09-18T07:48:39,602][DEBUG][org.elasticsearch.discovery.zen] waiting on future [join of {data_7}{7}{G7rs87VhRzqJ6lJiFMPasw}{local}{local[test_7]} (id [17]]
[2016-09-18T07:48:39,602][DEBUG][org.elasticsearch.discovery.zen] waiting on future [join of {data_7}{7}{G7rs87VhRzqJ6lJiFMPasw}{local}{local[test_7]} (id [18]]
[2016-09-18T07:48:39,602][DEBUG][org.elasticsearch.discovery.zen] waiting on future [join of {master_5}{5}{2BjSkutwQ_6uLP-TKv24jQ}{local}{local[test_5]} (id [19]]
[2016-09-18T07:48:39,602][DEBUG][org.elasticsearch.discovery.zen] waiting on future [join of {data_9}{9}{MZSTrHlOQvGjjDS8NqJ_Zw}{local}{local[test_9]} (id [20]]
[2016-09-18T07:48:39,602][DEBUG][org.elasticsearch.discovery.zen] waiting on future [join of {master_6}{6}{Dup0DZ1UTwm0-m4TEeZDgg}{local}{local[test_6]} (id [21]]
[2016-09-18T07:48:39,602][DEBUG][org.elasticsearch.discovery.zen] waiting on future [join of {data_11}{11}{3Mrbt0f2T8GYDc2MzfF28Q}{local}{local[test_11]} (id [22]]
[2016-09-18T07:48:39,603][DEBUG][org.elasticsearch.discovery.zen] waiting on future [join of {data_21}{21}{08gJ3QpkRUuFkWmYX1W7Kw}{local}{local[test_21]} (id [23]]
[2016-09-18T07:48:39,603][DEBUG][org.elasticsearch.discovery.zen] waiting on future [join of {master_16}{16}{da0iY3pYScCxsq9kPzaIUw}{local}{local[test_16]} (id [24]]
[2016-09-18T07:48:39,603][DEBUG][org.elasticsearch.discovery.zen] waiting on future [join of {data_18}{18}{8qRG53sUSIemyM88Nitj1g}{local}{local[test_18]} (id [25]]
[2016-09-18T07:48:39,603][DEBUG][org.elasticsearch.discovery.zen] waiting on future [join of {master_12}{12}{ia0YTouMSQOr2fRQo1Yg9A}{local}{local[test_12]} (id [26]]
[2016-09-18T07:48:39,603][DEBUG][org.elasticsearch.discovery.zen] waiting on future [join of {master_12}{12}{ia0YTouMSQOr2fRQo1Yg9A}{local}{local[test_12]} (id [27]]
[2016-09-18T07:48:39,603][DEBUG][org.elasticsearch.discovery.zen] waiting on future [join of {data_17}{17}{LKixPNF_SmK7sD29jN6ANA}{local}{local[test_17]} (id [28]]
[2016-09-18T07:48:39,603][DEBUG][org.elasticsearch.discovery.zen] waiting on future [join of {master_16}{16}{da0iY3pYScCxsq9kPzaIUw}{local}{local[test_16]} (id [29]]
[2016-09-18T07:48:39,603][DEBUG][org.elasticsearch.discovery.zen] waiting on future [join of {master_14}{14}{lpVxsmFQSI2bEEPuy9YWBQ}{local}{local[test_14]} (id [30]]
[2016-09-18T07:48:39,603][DEBUG][org.elasticsearch.discovery.zen] waiting on future [join of {data_19}{19}{gOJ9uOj6TRC7Uz02NdPvWQ}{local}{local[test_19]} (id [31]]
[2016-09-18T07:48:39,603][DEBUG][org.elasticsearch.discovery.zen] waiting on future [join of {data_18}{18}{8qRG53sUSIemyM88Nitj1g}{local}{local[test_18]} (id [32]]
[2016-09-18T07:48:39,603][DEBUG][org.elasticsearch.discovery.zen] waiting on future [join of {master_13}{13}{bpNFAYGiRha6ZNGzcv5Crw}{local}{local[test_13]} (id [33]]
[2016-09-18T07:48:39,603][DEBUG][org.elasticsearch.discovery.zen] waiting on future [join of {data_20}{20}{s8J-L9LHQOuPgMsY03HqTQ}{local}{local[test_20]} (id [34]]
[2016-09-18T07:48:39,603][DEBUG][org.elasticsearch.discovery.zen] waiting on future [join of {master_16}{16}{da0iY3pYScCxsq9kPzaIUw}{local}{local[test_16]} (id [35]]
[2016-09-18T07:48:39,603][DEBUG][org.elasticsearch.discovery.zen] waiting on future [join of {master_13}{13}{bpNFAYGiRha6ZNGzcv5Crw}{local}{local[test_13]} (id [36]]
[2016-09-18T07:48:39,603][DEBUG][org.elasticsearch.discovery.zen] waiting on future [join of {data_21}{21}{08gJ3QpkRUuFkWmYX1W7Kw}{local}{local[test_21]} (id [37]]
[2016-09-18T07:48:39,603][DEBUG][org.elasticsearch.discovery.zen] waiting on future [join of {data_19}{19}{gOJ9uOj6TRC7Uz02NdPvWQ}{local}{local[test_19]} (id [38]]
[2016-09-18T07:48:39,603][DEBUG][org.elasticsearch.discovery.zen] waiting on future [join of {data_19}{19}{gOJ9uOj6TRC7Uz02NdPvWQ}{local}{local[test_19]} (id [39]]
[2016-09-18T07:48:39,603][DEBUG][org.elasticsearch.discovery.zen] waiting on future [join of {master_14}{14}{lpVxsmFQSI2bEEPuy9YWBQ}{local}{local[test_14]} (id [40]]
[2016-09-18T07:48:39,603][DEBUG][org.elasticsearch.discovery.zen] waiting on future [join of {master_15}{15}{CPl21P2GSl2wNy0HUQqbqw}{local}{local[test_15]} (id [41]]
[2016-09-18T07:48:39,603][DEBUG][org.elasticsearch.discovery.zen] --> testing accumulation stopped
[2016-09-18T07:48:39,603][TRACE][org.elasticsearch.discovery.zen] starting an election context, will accumulate joins
[2016-09-18T07:48:39,603][TRACE][org.elasticsearch.discovery.zen] stopping election ([test])
[2016-09-18T07:48:39,617][INFO ][org.elasticsearch.cluster.service] [node_s_0] new_master {node}{ElakqOvPQU2QOObUBOjD8g}{local}{local[207]}, reason: test setting state
[2016-09-18T07:48:39,623][DEBUG][org.elasticsearch.discovery.zen.elect] using minimum_master_nodes [-1]
[2016-09-18T07:48:39,625][DEBUG][org.elasticsearch.discovery.zen] starting future [join of {master_0}{0}{v2e4nvZFRY2ErfvhhnQsEg}{local}{local[test_0]} (id [42]]
[2016-09-18T07:48:39,625][TRACE][org.elasticsearch.discovery.zen] processing node joins, but we are not the master. current master: null
[2016-09-18T07:48:39,625][ERROR][org.elasticsearch.discovery.zen] unexpected error for future [join of {master_0}{0}{v2e4nvZFRY2ErfvhhnQsEg}{local}{local[test_0]} (id [42]]
org.elasticsearch.cluster.NotMasterException: Node [{node}{ElakqOvPQU2QOObUBOjD8g}{local}{local[207]}] not master for join request
[2016-09-18T07:48:39,626][DEBUG][org.elasticsearch.discovery.zen] --> testing joins fail post accumulation
[2016-09-18T07:48:39,626][TRACE][org.elasticsearch.discovery.zen] starting an election context, will accumulate joins
[2016-09-18T07:48:39,626][DEBUG][org.elasticsearch.discovery.zen] starting future [join of {master_1}{1}{Hxv7CxVFSbmniBj_cnxPWg}{local}{local[test_1]} (id [43]]
[2016-09-18T07:48:39,626][TRACE][org.elasticsearch.discovery.zen] not enough joins for election. Got [1], required [-1]
[2016-09-18T07:48:39,626][DEBUG][org.elasticsearch.discovery.zen] starting future [join of {data_2}{2}{1w7RUN_KTbKtHSEoSVWvPA}{local}{local[test_2]} (id [44]]
[2016-09-18T07:48:39,626][TRACE][org.elasticsearch.discovery.zen] not enough joins for election. Got [1], required [-1]
[2016-09-18T07:48:39,626][DEBUG][org.elasticsearch.discovery.zen] starting future [join of {master_3}{3}{yKG0hw6BS1ms_JZR86QHgg}{local}{local[test_3]} (id [45]]
[2016-09-18T07:48:39,626][TRACE][org.elasticsearch.discovery.zen] not enough joins for election. Got [2], required [-1]
[2016-09-18T07:48:39,626][DEBUG][org.elasticsearch.discovery.zen] starting future [join of {data_4}{4}{iONRMErhTzSy_JCZfYIOCw}{local}{local[test_4]} (id [46]]
[2016-09-18T07:48:39,626][TRACE][org.elasticsearch.discovery.zen] not enough joins for election. Got [2], required [-1]
[2016-09-18T07:48:39,626][DEBUG][org.elasticsearch.discovery.zen] starting future [join of {data_5}{5}{4rAKbtelT9-uXZT7AvGUXA}{local}{local[test_5]} (id [47]]
[2016-09-18T07:48:39,626][TRACE][org.elasticsearch.discovery.zen] not enough joins for election. Got [2], required [-1]
[2016-09-18T07:48:39,626][DEBUG][org.elasticsearch.discovery.zen] starting future [join of {master_6}{6}{4JL6cPPnQPCHdnEy2eJH3A}{local}{local[test_6]} (id [48]]
[2016-09-18T07:48:39,627][TRACE][org.elasticsearch.discovery.zen] not enough joins for election. Got [3], required [-1]
[2016-09-18T07:48:39,627][TRACE][org.elasticsearch.discovery.zen] stopping election ([test])
[2016-09-18T07:48:39,627][TRACE][org.elasticsearch.discovery.zen] processing node joins, but we are not the master. current master: null
[2016-09-18T07:48:39,627][ERROR][org.elasticsearch.discovery.zen] unexpected error for future [join of {data_5}{5}{4rAKbtelT9-uXZT7AvGUXA}{local}{local[test_5]} (id [47]]
org.elasticsearch.cluster.NotMasterException: Node [{node}{ElakqOvPQU2QOObUBOjD8g}{local}{local[207]}] not master for join request
[2016-09-18T07:48:39,627][ERROR][org.elasticsearch.discovery.zen] unexpected error for future [join of {data_4}{4}{iONRMErhTzSy_JCZfYIOCw}{local}{local[test_4]} (id [46]]
org.elasticsearch.cluster.NotMasterException: Node [{node}{ElakqOvPQU2QOObUBOjD8g}{local}{local[207]}] not master for join request
[2016-09-18T07:48:39,627][ERROR][org.elasticsearch.discovery.zen] unexpected error for future [join of {data_2}{2}{1w7RUN_KTbKtHSEoSVWvPA}{local}{local[test_2]} (id [44]]
org.elasticsearch.cluster.NotMasterException: Node [{node}{ElakqOvPQU2QOObUBOjD8g}{local}{local[207]}] not master for join request
[2016-09-18T07:48:39,628][ERROR][org.elasticsearch.discovery.zen] unexpected error for future [join of {master_3}{3}{yKG0hw6BS1ms_JZR86QHgg}{local}{local[test_3]} (id [45]]
org.elasticsearch.cluster.NotMasterException: Node [{node}{ElakqOvPQU2QOObUBOjD8g}{local}{local[207]}] not master for join request
[2016-09-18T07:48:39,628][ERROR][org.elasticsearch.discovery.zen] unexpected error for future [join of {master_1}{1}{Hxv7CxVFSbmniBj_cnxPWg}{local}{local[test_1]} (id [43]]
org.elasticsearch.cluster.NotMasterException: Node [{node}{ElakqOvPQU2QOObUBOjD8g}{local}{local[207]}] not master for join request
[2016-09-18T07:48:39,628][ERROR][org.elasticsearch.discovery.zen] unexpected error for future [join of {master_6}{6}{4JL6cPPnQPCHdnEy2eJH3A}{local}{local[test_6]} (id [48]]
org.elasticsearch.cluster.NotMasterException: Node [{node}{ElakqOvPQU2QOObUBOjD8g}{local}{local[207]}] not master for join request
[2016-09-18T07:48:39,646][INFO ][org.elasticsearch.cluster.service] [node_s_0] new_master {node}{DLySh4Z6QSu4TkGy_ZucQw}{local}{local[208]}, reason: test setting state
[2016-09-18T07:48:39,652][DEBUG][org.elasticsearch.discovery.zen.elect] using minimum_master_nodes [-1]
[2016-09-18T07:48:39,654][INFO ][org.elasticsearch.cluster.service] [node_s_0] added {{node_12}{0azdIxsFR1uZ7xecpNu-Gw}{local}{local[211]},{node_10}{PCsscZQ6SjWbtyL0OqTcrA}{local}{local[209]},{node_11}{RP3yFkSSR6WOPCy0M4RUYQ}{local}{local[210]},}, reason: test setting state
[2016-09-18T07:48:39,654][DEBUG][org.elasticsearch.discovery.zen] starting future [join of {other_node}{5JmGO_jqSHOSVz3qD7MeZg}{local}{local[208]} (id [49]]
[2016-09-18T07:48:39,655][ERROR][org.elasticsearch.discovery.zen] unexpected error for future [join of {other_node}{5JmGO_jqSHOSVz3qD7MeZg}{local}{local[208]} (id [49]]
java.lang.IllegalArgumentException: can't add node {other_node}{5JmGO_jqSHOSVz3qD7MeZg}{local}{local[208]}, found existing node {node}{DLySh4Z6QSu4TkGy_ZucQw}{local}{local[208]} with same address
	at org.elasticsearch.cluster.node.DiscoveryNodes$Builder.add(DiscoveryNodes.java:600) ~[main/:?]
	at org.elasticsearch.discovery.zen.NodeJoinController$JoinTaskExecutor.execute(NodeJoinController.java:448) ~[main/:?]
	at org.elasticsearch.cluster.service.ClusterService.runTasksForExecutor(ClusterService.java:555) [main/:?]
	at org.elasticsearch.cluster.service.ClusterService$UpdateTask.run(ClusterService.java:894) [main/:?]
	at org.elasticsearch.common.util.concurrent.ThreadContext$ContextPreservingRunnable.run(ThreadContext.java:444) [main/:?]
	at org.elasticsearch.common.util.concurrent.PrioritizedEsThreadPoolExecutor$TieBreakingPrioritizedRunnable.runAndClean(PrioritizedEsThreadPoolExecutor.java:237) [main/:?]
	at org.elasticsearch.common.util.concurrent.PrioritizedEsThreadPoolExecutor$TieBreakingPrioritizedRunnable.run(PrioritizedEsThreadPoolExecutor.java:200) [main/:?]
	at java.util.concurrent.ThreadPoolExecutor.runWorker(ThreadPoolExecutor.java:1142) [?:1.8.0_102]
	at java.util.concurrent.ThreadPoolExecutor$Worker.run(ThreadPoolExecutor.java:617) [?:1.8.0_102]
	at java.lang.Thread.run(Thread.java:745) [?:1.8.0_102]
[2016-09-18T07:48:39,670][INFO ][org.elasticsearch.cluster.service] [node_s_0] new_master {node}{A3mKbdOMTjKXsSJyoZVnMw}{local}{local[212]}, reason: test setting state
[2016-09-18T07:48:39,677][DEBUG][org.elasticsearch.discovery.zen.elect] using minimum_master_nodes [-1]
[2016-09-18T07:48:39,679][TRACE][org.elasticsearch.discovery.zen] starting an election context, will accumulate joins
[2016-09-18T07:48:40,203][INFO ][org.elasticsearch.discovery.zen] --> waiting to be elected as master (required joins [3])
[2016-09-18T07:48:40,203][DEBUG][org.elasticsearch.discovery.zen] {master_0}{0}{Mp2q2sVhSMWqJGgC5YwRyw}{local}{local[test_0]} joining
[2016-09-18T07:48:40,203][DEBUG][org.elasticsearch.discovery.zen] {master_3}{3}{eqCOT0PES0qSqfNaHe8X5A}{local}{local[test_3]} joining
[2016-09-18T07:48:40,203][DEBUG][org.elasticsearch.discovery.zen] starting future [join of {master_3}{3}{eqCOT0PES0qSqfNaHe8X5A}{local}{local[test_3]} (id [51]]
[2016-09-18T07:48:40,204][TRACE][org.elasticsearch.discovery.zen] not enough joins for election. Got [1], required [-1]
[2016-09-18T07:48:40,203][DEBUG][org.elasticsearch.discovery.zen] {master_1}{1}{MveXnVJpQseC-rYZHc3rNw}{local}{local[test_1]} joining
[2016-09-18T07:48:40,204][DEBUG][org.elasticsearch.discovery.zen] starting future [join of {master_1}{1}{MveXnVJpQseC-rYZHc3rNw}{local}{local[test_1]} (id [52]]
[2016-09-18T07:48:40,204][DEBUG][org.elasticsearch.discovery.zen] starting future [join of {master_0}{0}{Mp2q2sVhSMWqJGgC5YwRyw}{local}{local[test_0]} (id [50]]
[2016-09-18T07:48:40,204][TRACE][org.elasticsearch.discovery.zen] not enough joins for election. Got [2], required [-1]
[2016-09-18T07:48:40,204][TRACE][org.elasticsearch.discovery.zen] not enough joins for election. Got [3], required [-1]
[2016-09-18T07:48:40,204][DEBUG][org.elasticsearch.discovery.zen] {master_2}{2}{8xrhwzTsRVSRfezsDlC-sQ}{local}{local[test_2]} joining
[2016-09-18T07:48:40,204][DEBUG][org.elasticsearch.discovery.zen] starting future [join of {master_2}{2}{8xrhwzTsRVSRfezsDlC-sQ}{local}{local[test_2]} (id [53]]
[2016-09-18T07:48:40,204][TRACE][org.elasticsearch.discovery.zen] not enough joins for election. Got [4], required [-1]
[2016-09-18T07:48:40,204][TRACE][org.elasticsearch.discovery.zen] have enough joins for election. Got [4], required [3]
[2016-09-18T07:48:40,205][INFO ][org.elasticsearch.cluster.service] [node_s_0] new_master {node}{A3mKbdOMTjKXsSJyoZVnMw}{local}{local[212]}, added {{master_1}{1}{MveXnVJpQseC-rYZHc3rNw}{local}{local[test_1]},{master_3}{3}{eqCOT0PES0qSqfNaHe8X5A}{local}{local[test_3]},{master_2}{2}{8xrhwzTsRVSRfezsDlC-sQ}{local}{local[test_2]},{master_0}{0}{Mp2q2sVhSMWqJGgC5YwRyw}{local}{local[test_0]},}, reason: zen-disco-elected-as-master ([4] nodes joined)[{master_0}{0}{Mp2q2sVhSMWqJGgC5YwRyw}{local}{local[test_0]}, {master_1}{1}{MveXnVJpQseC-rYZHc3rNw}{local}{local[test_1]}, {master_3}{3}{eqCOT0PES0qSqfNaHe8X5A}{local}{local[test_3]}, {master_2}{2}{8xrhwzTsRVSRfezsDlC-sQ}{local}{local[test_2]}]
[2016-09-18T07:48:40,205][INFO ][org.elasticsearch.discovery.zen] --> waiting for joins to complete
[2016-09-18T07:48:40,205][DEBUG][org.elasticsearch.discovery.zen] future [join of {master_0}{0}{Mp2q2sVhSMWqJGgC5YwRyw}{local}{local[test_0]} (id [50]] completed
[2016-09-18T07:48:40,205][DEBUG][org.elasticsearch.discovery.zen] future [join of {master_1}{1}{MveXnVJpQseC-rYZHc3rNw}{local}{local[test_1]} (id [52]] completed
[2016-09-18T07:48:40,205][DEBUG][org.elasticsearch.discovery.zen] future [join of {master_3}{3}{eqCOT0PES0qSqfNaHe8X5A}{local}{local[test_3]} (id [51]] completed
[2016-09-18T07:48:40,205][DEBUG][org.elasticsearch.discovery.zen] future [join of {master_2}{2}{8xrhwzTsRVSRfezsDlC-sQ}{local}{local[test_2]} (id [53]] completed
[2016-09-18T07:48:40,206][WARN ][org.elasticsearch.discovery.zen.elect] value for setting "discovery.zen.minimum_master_nodes" is too low. This can result in data loss! Please set it to at least a quorum of master-eligible nodes (current value: [-1], total number of master-eligible nodes used for publishing in this round: [5])
[2016-09-18T07:48:40,206][INFO ][org.elasticsearch.discovery.zen] assert for [[{node}{A3mKbdOMTjKXsSJyoZVnMw}{local}{local[212]}, {master_0}{0}{Mp2q2sVhSMWqJGgC5YwRyw}{local}{local[test_0]}, {master_1}{1}{MveXnVJpQseC-rYZHc3rNw}{local}{local[test_1]}, {master_2}{2}{8xrhwzTsRVSRfezsDlC-sQ}{local}{local[test_2]}, {master_3}{3}{eqCOT0PES0qSqfNaHe8X5A}{local}{local[test_3]}]] in:
cluster uuid: _na_
version: 6
state uuid: JabrlqDoRQ-g_TqaLmoD_A
from_diff: false
meta data version: 0
nodes: 
   {node}{A3mKbdOMTjKXsSJyoZVnMw}{local}{local[212]}, local, master
   {master_1}{1}{MveXnVJpQseC-rYZHc3rNw}{local}{local[test_1]}
   {master_3}{3}{eqCOT0PES0qSqfNaHe8X5A}{local}{local[test_3]}
   {master_2}{2}{8xrhwzTsRVSRfezsDlC-sQ}{local}{local[test_2]}
   {master_0}{0}{Mp2q2sVhSMWqJGgC5YwRyw}{local}{local[test_0]}
routing_table (version 0):
routing_nodes:
-----node_id[node][V]
---- unassigned

[2016-09-18T07:48:40,250][INFO ][org.elasticsearch.cluster.service] [node_s_0] new_master {node}{4JEB5iE5QO2PBeaxpf9NYw}{local}{local[213]}, reason: test setting state
[2016-09-18T07:48:40,259][DEBUG][org.elasticsearch.discovery.zen.elect] using minimum_master_nodes [-1]
[2016-09-18T07:48:40,261][INFO ][org.elasticsearch.cluster.service] [node_s_0] added {{node_10}{HGVt5tKNQsON-boiN8wXJw}{local}{local[214]},{node_11}{9_c7TiJ1RGmLzV1OpDo-8Q}{local}{local[215]},}, reason: test setting state
[2016-09-18T07:48:40,262][DEBUG][org.elasticsearch.discovery.zen] starting future [join of {other_name}{node_11}{f1-KkklWQZ-dNJr4LueeAw}{local}{local[215]} (id [54]]
[2016-09-18T07:48:40,262][ERROR][org.elasticsearch.discovery.zen] unexpected error for future [join of {other_name}{node_11}{f1-KkklWQZ-dNJr4LueeAw}{local}{local[215]} (id [54]]
java.lang.IllegalArgumentException: can't add node {other_name}{node_11}{f1-KkklWQZ-dNJr4LueeAw}{local}{local[215]}, found existing node {node_11}{9_c7TiJ1RGmLzV1OpDo-8Q}{local}{local[215]} with the same id but is a different node instance
	at org.elasticsearch.cluster.node.DiscoveryNodes$Builder.add(DiscoveryNodes.java:600) ~[main/:?]
	at org.elasticsearch.discovery.zen.NodeJoinController$JoinTaskExecutor.execute(NodeJoinController.java:448) ~[main/:?]
	at org.elasticsearch.cluster.service.ClusterService.runTasksForExecutor(ClusterService.java:555) [main/:?]
	at org.elasticsearch.cluster.service.ClusterService$UpdateTask.run(ClusterService.java:894) [main/:?]
	at org.elasticsearch.common.util.concurrent.ThreadContext$ContextPreservingRunnable.run(ThreadContext.java:444) [main/:?]
	at org.elasticsearch.common.util.concurrent.PrioritizedEsThreadPoolExecutor$TieBreakingPrioritizedRunnable.runAndClean(PrioritizedEsThreadPoolExecutor.java:237) [main/:?]
	at org.elasticsearch.common.util.concurrent.PrioritizedEsThreadPoolExecutor$TieBreakingPrioritizedRunnable.run(PrioritizedEsThreadPoolExecutor.java:200) [main/:?]
	at java.util.concurrent.ThreadPoolExecutor.runWorker(ThreadPoolExecutor.java:1142) [?:1.8.0_102]
	at java.util.concurrent.ThreadPoolExecutor$Worker.run(ThreadPoolExecutor.java:617) [?:1.8.0_102]
	at java.lang.Thread.run(Thread.java:745) [?:1.8.0_102]
[2016-09-18T07:48:40,268][INFO ][org.elasticsearch.cluster.service] [node_s_0] new_master {node}{1olo2QxhQXaekzbMPnLcKw}{local}{local[216]}, reason: test setting state
[2016-09-18T07:48:40,274][DEBUG][org.elasticsearch.discovery.zen.elect] using minimum_master_nodes [-1]
[2016-09-18T07:48:40,276][DEBUG][org.elasticsearch.discovery.zen] starting future [join of {node}{1olo2QxhQXaekzbMPnLcKw}{local}{local[216]} (id [55]]
[2016-09-18T07:48:40,276][DEBUG][org.elasticsearch.discovery.zen] received a join request for an existing node [{node}{1olo2QxhQXaekzbMPnLcKw}{local}{local[216]}]
[2016-09-18T07:48:40,276][DEBUG][org.elasticsearch.discovery.zen] future [join of {node}{1olo2QxhQXaekzbMPnLcKw}{local}{local[216]} (id [55]] completed
[2016-09-18T07:48:40,277][DEBUG][org.elasticsearch.discovery.zen] starting future [join of {node}{uKr2tjf0RqKU9SAblIDmUQ}{local}{local[216]} (id [56]]
[2016-09-18T07:48:40,277][ERROR][org.elasticsearch.discovery.zen] unexpected error for future [join of {node}{uKr2tjf0RqKU9SAblIDmUQ}{local}{local[216]} (id [56]]
java.lang.IllegalArgumentException: can't add node {node}{uKr2tjf0RqKU9SAblIDmUQ}{local}{local[216]}, found existing node {node}{1olo2QxhQXaekzbMPnLcKw}{local}{local[216]} with the same id but is a different node instance
	at org.elasticsearch.cluster.node.DiscoveryNodes$Builder.add(DiscoveryNodes.java:600) ~[main/:?]
	at org.elasticsearch.discovery.zen.NodeJoinController$JoinTaskExecutor.execute(NodeJoinController.java:448) ~[main/:?]
	at org.elasticsearch.cluster.service.ClusterService.runTasksForExecutor(ClusterService.java:555) [main/:?]
	at org.elasticsearch.cluster.service.ClusterService$UpdateTask.run(ClusterService.java:894) [main/:?]
	at org.elasticsearch.common.util.concurrent.ThreadContext$ContextPreservingRunnable.run(ThreadContext.java:444) [main/:?]
	at org.elasticsearch.common.util.concurrent.PrioritizedEsThreadPoolExecutor$TieBreakingPrioritizedRunnable.runAndClean(PrioritizedEsThreadPoolExecutor.java:237) [main/:?]
	at org.elasticsearch.common.util.concurrent.PrioritizedEsThreadPoolExecutor$TieBreakingPrioritizedRunnable.run(PrioritizedEsThreadPoolExecutor.java:200) [main/:?]
	at java.util.concurrent.ThreadPoolExecutor.runWorker(ThreadPoolExecutor.java:1142) [?:1.8.0_102]
	at java.util.concurrent.ThreadPoolExecutor$Worker.run(ThreadPoolExecutor.java:617) [?:1.8.0_102]
	at java.lang.Thread.run(Thread.java:745) [?:1.8.0_102]
[2016-09-18T07:48:40,304][INFO ][org.elasticsearch.cluster.service] [node_s_0] new_master {node}{x_1QePmJRvKe58lqcZBkzw}{local}{local[217]}, reason: test setting state
[2016-09-18T07:48:40,310][DEBUG][org.elasticsearch.discovery.zen.elect] using minimum_master_nodes [-1]
[2016-09-18T07:48:40,311][DEBUG][org.elasticsearch.discovery.zen] --> using requiredJoins [0]
[2016-09-18T07:48:40,311][TRACE][org.elasticsearch.discovery.zen] starting an election context, will accumulate joins
[2016-09-18T07:48:40,313][DEBUG][org.elasticsearch.discovery.zen] --> requiredJoins is set to 0. verifying election finished
[2016-09-18T07:48:40,319][TRACE][org.elasticsearch.discovery.zen] have enough joins for election. Got [0], required [0]
[2016-09-18T07:48:40,322][INFO ][org.elasticsearch.cluster.service] [node_s_0] new_master {node}{x_1QePmJRvKe58lqcZBkzw}{local}{local[217]}, reason: zen-disco-elected-as-master ([0] nodes joined)
[2016-09-18T07:48:40,333][INFO ][org.elasticsearch.cluster.service] [node_s_0] new_master {node}{qgCDZYVcSeuB9BGANGt3Pg}{local}{local[218]}, reason: test setting state
[2016-09-18T07:48:40,338][DEBUG][org.elasticsearch.discovery.zen.elect] using minimum_master_nodes [-1]
[2016-09-18T07:48:40,340][DEBUG][org.elasticsearch.discovery.zen] --> using requiredJoins [4]
[2016-09-18T07:48:40,340][DEBUG][org.elasticsearch.discovery.zen] starting future [join of {data_0}{0}{9IyXbK_tSUqTnrYunlSYiA}{local}{local[test_0]} (id [57]]
[2016-09-18T07:48:40,341][TRACE][org.elasticsearch.discovery.zen] processing node joins, but we are not the master. current master: null
[2016-09-18T07:48:40,341][ERROR][org.elasticsearch.discovery.zen] unexpected error for future [join of {data_0}{0}{9IyXbK_tSUqTnrYunlSYiA}{local}{local[test_0]} (id [57]]
org.elasticsearch.cluster.NotMasterException: Node [{node}{qgCDZYVcSeuB9BGANGt3Pg}{local}{local[218]}] not master for join request
[2016-09-18T07:48:40,344][DEBUG][org.elasticsearch.discovery.zen] starting future [join of {data_1}{1}{sLdZh5L0QHCB-8dwwyP-7w}{local}{local[test_1]} (id [58]]
[2016-09-18T07:48:40,344][TRACE][org.elasticsearch.discovery.zen] processing node joins, but we are not the master. current master: null
[2016-09-18T07:48:40,344][ERROR][org.elasticsearch.discovery.zen] unexpected error for future [join of {data_1}{1}{sLdZh5L0QHCB-8dwwyP-7w}{local}{local[test_1]} (id [58]]
org.elasticsearch.cluster.NotMasterException: Node [{node}{qgCDZYVcSeuB9BGANGt3Pg}{local}{local[218]}] not master for join request
[2016-09-18T07:48:40,344][DEBUG][org.elasticsearch.discovery.zen] starting future [join of {data_2}{2}{uXwryPD8SyycIVM3Q5ki9A}{local}{local[test_2]} (id [59]]
[2016-09-18T07:48:40,345][TRACE][org.elasticsearch.discovery.zen] processing node joins, but we are not the master. current master: null
[2016-09-18T07:48:40,345][ERROR][org.elasticsearch.discovery.zen] unexpected error for future [join of {data_2}{2}{uXwryPD8SyycIVM3Q5ki9A}{local}{local[test_2]} (id [59]]
org.elasticsearch.cluster.NotMasterException: Node [{node}{qgCDZYVcSeuB9BGANGt3Pg}{local}{local[218]}] not master for join request
[2016-09-18T07:48:40,345][DEBUG][org.elasticsearch.discovery.zen] starting future [join of {data_3}{3}{S9fnsau9QBOpOL-0qYFqZA}{local}{local[test_3]} (id [60]]
[2016-09-18T07:48:40,345][TRACE][org.elasticsearch.discovery.zen] processing node joins, but we are not the master. current master: null
[2016-09-18T07:48:40,345][ERROR][org.elasticsearch.discovery.zen] unexpected error for future [join of {data_3}{3}{S9fnsau9QBOpOL-0qYFqZA}{local}{local[test_3]} (id [60]]
org.elasticsearch.cluster.NotMasterException: Node [{node}{qgCDZYVcSeuB9BGANGt3Pg}{local}{local[218]}] not master for join request
[2016-09-18T07:48:40,348][DEBUG][org.elasticsearch.discovery.zen] starting future [join of {master_4}{4}{krOuQGReTrSohtN71q14rQ}{local}{local[test_4]} (id [61]]
[2016-09-18T07:48:40,348][TRACE][org.elasticsearch.discovery.zen] processing node joins, but we are not the master. current master: null
[2016-09-18T07:48:40,348][ERROR][org.elasticsearch.discovery.zen] unexpected error for future [join of {master_4}{4}{krOuQGReTrSohtN71q14rQ}{local}{local[test_4]} (id [61]]
org.elasticsearch.cluster.NotMasterException: Node [{node}{qgCDZYVcSeuB9BGANGt3Pg}{local}{local[218]}] not master for join request
[2016-09-18T07:48:40,349][TRACE][org.elasticsearch.discovery.zen] starting an election context, will accumulate joins
[2016-09-18T07:48:40,349][DEBUG][org.elasticsearch.discovery.zen] --> joining [3] nodes, with repetition a total of [9]
[2016-09-18T07:48:40,349][DEBUG][org.elasticsearch.discovery.zen] starting future [join of {data_6}{6}{IQvq3pPURmSb7V8E0v9kOA}{local}{local[test_6]} (id [62]]
[2016-09-18T07:48:40,349][TRACE][org.elasticsearch.discovery.zen] not enough joins for election. Got [0], required [-1]
[2016-09-18T07:48:40,349][DEBUG][org.elasticsearch.discovery.zen] starting future [join of {master_7}{7}{09RyvG8aRRmU4aEFf3O4Ww}{local}{local[test_7]} (id [63]]
[2016-09-18T07:48:40,349][TRACE][org.elasticsearch.discovery.zen] not enough joins for election. Got [1], required [-1]
[2016-09-18T07:48:40,349][DEBUG][org.elasticsearch.discovery.zen] starting future [join of {master_7}{7}{09RyvG8aRRmU4aEFf3O4Ww}{local}{local[test_7]} (id [64]]
[2016-09-18T07:48:40,349][TRACE][org.elasticsearch.discovery.zen] not enough joins for election. Got [1], required [-1]
[2016-09-18T07:48:40,349][DEBUG][org.elasticsearch.discovery.zen] starting future [join of {data_6}{6}{IQvq3pPURmSb7V8E0v9kOA}{local}{local[test_6]} (id [65]]
[2016-09-18T07:48:40,349][TRACE][org.elasticsearch.discovery.zen] not enough joins for election. Got [1], required [-1]
[2016-09-18T07:48:40,349][DEBUG][org.elasticsearch.discovery.zen] starting future [join of {data_6}{6}{IQvq3pPURmSb7V8E0v9kOA}{local}{local[test_6]} (id [66]]
[2016-09-18T07:48:40,349][TRACE][org.elasticsearch.discovery.zen] not enough joins for election. Got [1], required [-1]
[2016-09-18T07:48:40,349][DEBUG][org.elasticsearch.discovery.zen] starting future [join of {data_5}{5}{l3HFUbRvRxq0yAAbDf39HQ}{local}{local[test_5]} (id [67]]
[2016-09-18T07:48:40,349][TRACE][org.elasticsearch.discovery.zen] not enough joins for election. Got [1], required [-1]
[2016-09-18T07:48:40,350][DEBUG][org.elasticsearch.discovery.zen] starting future [join of {data_6}{6}{IQvq3pPURmSb7V8E0v9kOA}{local}{local[test_6]} (id [68]]
[2016-09-18T07:48:40,350][TRACE][org.elasticsearch.discovery.zen] not enough joins for election. Got [1], required [-1]
[2016-09-18T07:48:40,350][DEBUG][org.elasticsearch.discovery.zen] starting future [join of {data_5}{5}{l3HFUbRvRxq0yAAbDf39HQ}{local}{local[test_5]} (id [69]]
[2016-09-18T07:48:40,350][TRACE][org.elasticsearch.discovery.zen] not enough joins for election. Got [1], required [-1]
[2016-09-18T07:48:40,350][DEBUG][org.elasticsearch.discovery.zen] starting future [join of {master_7}{7}{09RyvG8aRRmU4aEFf3O4Ww}{local}{local[test_7]} (id [70]]
[2016-09-18T07:48:40,350][TRACE][org.elasticsearch.discovery.zen] not enough joins for election. Got [1], required [-1]
[2016-09-18T07:48:40,351][TRACE][org.elasticsearch.discovery.zen] not enough joins for election. Got [1], required [4]
[2016-09-18T07:48:40,354][TRACE][org.elasticsearch.discovery.zen] timed out waiting to be elected. waited [1ms]. pending master node joins [1]
[2016-09-18T07:48:40,354][TRACE][org.elasticsearch.discovery.zen] stopping election ([timed out waiting to be elected])
[2016-09-18T07:48:40,355][TRACE][org.elasticsearch.discovery.zen] processing node joins, but we are not the master. current master: null
[2016-09-18T07:48:40,355][ERROR][org.elasticsearch.discovery.zen] unexpected error for future [join of {data_6}{6}{IQvq3pPURmSb7V8E0v9kOA}{local}{local[test_6]} (id [62]]
org.elasticsearch.cluster.NotMasterException: Node [{node}{qgCDZYVcSeuB9BGANGt3Pg}{local}{local[218]}] not master for join request
[2016-09-18T07:48:40,355][ERROR][org.elasticsearch.discovery.zen] unexpected error for future [join of {data_6}{6}{IQvq3pPURmSb7V8E0v9kOA}{local}{local[test_6]} (id [65]]
org.elasticsearch.cluster.NotMasterException: Node [{node}{qgCDZYVcSeuB9BGANGt3Pg}{local}{local[218]}] not master for join request
[2016-09-18T07:48:40,355][ERROR][org.elasticsearch.discovery.zen] unexpected error for future [join of {data_6}{6}{IQvq3pPURmSb7V8E0v9kOA}{local}{local[test_6]} (id [66]]
org.elasticsearch.cluster.NotMasterException: Node [{node}{qgCDZYVcSeuB9BGANGt3Pg}{local}{local[218]}] not master for join request
[2016-09-18T07:48:40,355][ERROR][org.elasticsearch.discovery.zen] unexpected error for future [join of {data_6}{6}{IQvq3pPURmSb7V8E0v9kOA}{local}{local[test_6]} (id [68]]
org.elasticsearch.cluster.NotMasterException: Node [{node}{qgCDZYVcSeuB9BGANGt3Pg}{local}{local[218]}] not master for join request
[2016-09-18T07:48:40,355][ERROR][org.elasticsearch.discovery.zen] unexpected error for future [join of {master_7}{7}{09RyvG8aRRmU4aEFf3O4Ww}{local}{local[test_7]} (id [63]]
org.elasticsearch.cluster.NotMasterException: Node [{node}{qgCDZYVcSeuB9BGANGt3Pg}{local}{local[218]}] not master for join request
[2016-09-18T07:48:40,355][ERROR][org.elasticsearch.discovery.zen] unexpected error for future [join of {master_7}{7}{09RyvG8aRRmU4aEFf3O4Ww}{local}{local[test_7]} (id [64]]
org.elasticsearch.cluster.NotMasterException: Node [{node}{qgCDZYVcSeuB9BGANGt3Pg}{local}{local[218]}] not master for join request
[2016-09-18T07:48:40,355][ERROR][org.elasticsearch.discovery.zen] unexpected error for future [join of {master_7}{7}{09RyvG8aRRmU4aEFf3O4Ww}{local}{local[test_7]} (id [70]]
org.elasticsearch.cluster.NotMasterException: Node [{node}{qgCDZYVcSeuB9BGANGt3Pg}{local}{local[218]}] not master for join request
[2016-09-18T07:48:40,356][ERROR][org.elasticsearch.discovery.zen] unexpected error for future [join of {data_5}{5}{l3HFUbRvRxq0yAAbDf39HQ}{local}{local[test_5]} (id [67]]
org.elasticsearch.cluster.NotMasterException: Node [{node}{qgCDZYVcSeuB9BGANGt3Pg}{local}{local[218]}] not master for join request
[2016-09-18T07:48:40,356][DEBUG][org.elasticsearch.discovery.zen] --> verifying election timed out
[2016-09-18T07:48:40,356][DEBUG][org.elasticsearch.discovery.zen] --> verifying all joins are failed
[2016-09-18T07:48:40,356][DEBUG][org.elasticsearch.discovery.zen] waiting on future [join of {data_6}{6}{IQvq3pPURmSb7V8E0v9kOA}{local}{local[test_6]} (id [62]]
[2016-09-18T07:48:40,356][ERROR][org.elasticsearch.discovery.zen] unexpected error for future [join of {data_5}{5}{l3HFUbRvRxq0yAAbDf39HQ}{local}{local[test_5]} (id [69]]
org.elasticsearch.cluster.NotMasterException: Node [{node}{qgCDZYVcSeuB9BGANGt3Pg}{local}{local[218]}] not master for join request
[2016-09-18T07:48:40,356][DEBUG][org.elasticsearch.discovery.zen] waiting on future [join of {master_7}{7}{09RyvG8aRRmU4aEFf3O4Ww}{local}{local[test_7]} (id [63]]
[2016-09-18T07:48:40,356][DEBUG][org.elasticsearch.discovery.zen] waiting on future [join of {master_7}{7}{09RyvG8aRRmU4aEFf3O4Ww}{local}{local[test_7]} (id [64]]
[2016-09-18T07:48:40,356][DEBUG][org.elasticsearch.discovery.zen] waiting on future [join of {data_6}{6}{IQvq3pPURmSb7V8E0v9kOA}{local}{local[test_6]} (id [65]]
[2016-09-18T07:48:40,356][DEBUG][org.elasticsearch.discovery.zen] waiting on future [join of {data_6}{6}{IQvq3pPURmSb7V8E0v9kOA}{local}{local[test_6]} (id [66]]
[2016-09-18T07:48:40,356][DEBUG][org.elasticsearch.discovery.zen] waiting on future [join of {data_5}{5}{l3HFUbRvRxq0yAAbDf39HQ}{local}{local[test_5]} (id [67]]
[2016-09-18T07:48:40,356][DEBUG][org.elasticsearch.discovery.zen] waiting on future [join of {data_6}{6}{IQvq3pPURmSb7V8E0v9kOA}{local}{local[test_6]} (id [68]]
[2016-09-18T07:48:40,356][DEBUG][org.elasticsearch.discovery.zen] waiting on future [join of {data_5}{5}{l3HFUbRvRxq0yAAbDf39HQ}{local}{local[test_5]} (id [69]]
[2016-09-18T07:48:40,356][DEBUG][org.elasticsearch.discovery.zen] waiting on future [join of {master_7}{7}{09RyvG8aRRmU4aEFf3O4Ww}{local}{local[test_7]} (id [70]]
[2016-09-18T07:48:40,363][INFO ][org.elasticsearch.cluster.service] [node_s_0] new_master {node}{rYUZzi28QCGFn6JXmRys7Q}{local}{local[219]}, reason: test setting state
[2016-09-18T07:48:40,369][DEBUG][org.elasticsearch.discovery.zen.elect] using minimum_master_nodes [-1]
[2016-09-18T07:48:40,373][INFO ][org.elasticsearch.cluster.service] [node_s_0] added {{other_node}{c-aRiIC5RwKkKcmrckZgVQ}{local}{local[220]},}, reason: test setting state
[2016-09-18T07:48:40,373][TRACE][org.elasticsearch.discovery.zen] starting an election context, will accumulate joins
[2016-09-18T07:48:40,373][DEBUG][org.elasticsearch.discovery.zen] starting future [join of {other_node}{50qBnZdEQE-8qvH9Zw3zNw}{local}{local[220]} (id [71]]
[2016-09-18T07:48:40,373][TRACE][org.elasticsearch.discovery.zen] not enough joins for election. Got [1], required [-1]
[2016-09-18T07:48:40,374][TRACE][org.elasticsearch.discovery.zen] have enough joins for election. Got [1], required [1]
[2016-09-18T07:48:40,375][DEBUG][org.elasticsearch.discovery.zen] removing existing node [{other_node}{c-aRiIC5RwKkKcmrckZgVQ}{local}{local[220]}], which conflicts with incoming join from [{other_node}{50qBnZdEQE-8qvH9Zw3zNw}{local}{local[220]}]
[2016-09-18T07:48:40,375][INFO ][org.elasticsearch.cluster.service] [node_s_0] master {new {node}{rYUZzi28QCGFn6JXmRys7Q}{local}{local[219]}}, removed {{other_node}{c-aRiIC5RwKkKcmrckZgVQ}{local}{local[220]},}, added {{other_node}{50qBnZdEQE-8qvH9Zw3zNw}{local}{local[220]},}, reason: zen-disco-elected-as-master ([1] nodes joined)[{other_node}{50qBnZdEQE-8qvH9Zw3zNw}{local}{local[220]}]
[2016-09-18T07:48:40,375][DEBUG][org.elasticsearch.discovery.zen] future [join of {other_node}{50qBnZdEQE-8qvH9Zw3zNw}{local}{local[220]} (id [71]] completed
[2016-09-18T07:48:40,391][INFO ][org.elasticsearch.cluster.service] [node_s_0] new_master {node}{7tRz8MivSTqz5vt6pytjbg}{local}{local[221]}, reason: test setting state
[2016-09-18T07:48:40,396][DEBUG][org.elasticsearch.discovery.zen.elect] using minimum_master_nodes [-1]
[2016-09-18T07:48:40,398][DEBUG][org.elasticsearch.discovery.zen] starting future [join of {master_0}{0}{xeet4LDuTcSQ22Br89Ig4g}{local}{local[test_0]} (id [72]]
[2016-09-18T07:48:40,398][INFO ][org.elasticsearch.cluster.service] [node_s_0] added {{master_0}{0}{xeet4LDuTcSQ22Br89Ig4g}{local}{local[test_0]},}, reason: zen-disco-node-join[{master_0}{0}{xeet4LDuTcSQ22Br89Ig4g}{local}{local[test_0]}]
[2016-09-18T07:48:40,398][DEBUG][org.elasticsearch.discovery.zen] future [join of {master_0}{0}{xeet4LDuTcSQ22Br89Ig4g}{local}{local[test_0]} (id [72]] completed
[2016-09-18T07:48:40,398][WARN ][org.elasticsearch.discovery.zen.elect] value for setting "discovery.zen.minimum_master_nodes" is too low. This can result in data loss! Please set it to at least a quorum of master-eligible nodes (current value: [-1], total number of master-eligible nodes used for publishing in this round: [2])
[2016-09-18T07:48:40,398][TRACE][org.elasticsearch.discovery.zen] starting an election context, will accumulate joins
[2016-09-18T07:48:40,398][DEBUG][org.elasticsearch.discovery.zen] starting future [join of {master_1}{1}{TVggYX-SQAe7KYO4SyNJWA}{local}{local[test_1]} (id [73]]
[2016-09-18T07:48:40,398][TRACE][org.elasticsearch.discovery.zen] not enough joins for election. Got [1], required [-1]
[2016-09-18T07:48:40,399][DEBUG][org.elasticsearch.discovery.zen] starting future [join of {data_2}{2}{ZOp2xwR2RMemum100S6NtQ}{local}{local[test_2]} (id [74]]
[2016-09-18T07:48:40,399][TRACE][org.elasticsearch.discovery.zen] not enough joins for election. Got [1], required [-1]
[2016-09-18T07:48:40,399][DEBUG][org.elasticsearch.discovery.zen] starting future [join of {data_3}{3}{sLtg0ZfqSyKOSfggPETyOQ}{local}{local[test_3]} (id [75]]
[2016-09-18T07:48:40,399][TRACE][org.elasticsearch.discovery.zen] not enough joins for election. Got [1], required [-1]
[2016-09-18T07:48:40,399][TRACE][org.elasticsearch.discovery.zen] stopping election ([test])
[2016-09-18T07:48:40,399][DEBUG][org.elasticsearch.discovery.zen] starting future [join of {data_4}{4}{J4lDZjRlR7a4Fzi11Ypejw}{local}{local[test_4]} (id [76]]
[2016-09-18T07:48:40,403][INFO ][org.elasticsearch.cluster.service] [node_s_0] added {{data_3}{3}{sLtg0ZfqSyKOSfggPETyOQ}{local}{local[test_3]},{master_1}{1}{TVggYX-SQAe7KYO4SyNJWA}{local}{local[test_1]},{data_4}{4}{J4lDZjRlR7a4Fzi11Ypejw}{local}{local[test_4]},{data_2}{2}{ZOp2xwR2RMemum100S6NtQ}{local}{local[test_2]},}, reason: zen-disco-node-join[{data_4}{4}{J4lDZjRlR7a4Fzi11Ypejw}{local}{local[test_4]}], zen-disco-election-stop [test][{data_2}{2}{ZOp2xwR2RMemum100S6NtQ}{local}{local[test_2]}, {data_3}{3}{sLtg0ZfqSyKOSfggPETyOQ}{local}{local[test_3]}, {master_1}{1}{TVggYX-SQAe7KYO4SyNJWA}{local}{local[test_1]}]
[2016-09-18T07:48:40,403][DEBUG][org.elasticsearch.discovery.zen] future [join of {data_2}{2}{ZOp2xwR2RMemum100S6NtQ}{local}{local[test_2]} (id [74]] completed
[2016-09-18T07:48:40,404][DEBUG][org.elasticsearch.discovery.zen] future [join of {data_3}{3}{sLtg0ZfqSyKOSfggPETyOQ}{local}{local[test_3]} (id [75]] completed
[2016-09-18T07:48:40,404][DEBUG][org.elasticsearch.discovery.zen] future [join of {master_1}{1}{TVggYX-SQAe7KYO4SyNJWA}{local}{local[test_1]} (id [73]] completed
[2016-09-18T07:48:40,404][DEBUG][org.elasticsearch.discovery.zen] future [join of {data_4}{4}{J4lDZjRlR7a4Fzi11Ypejw}{local}{local[test_4]} (id [76]] completed
[2016-09-18T07:48:40,404][DEBUG][org.elasticsearch.discovery.zen] starting future [join of {master_5}{5}{CyZqUHzlQKupT4xWZxLMLw}{local}{local[test_5]} (id [77]]
[2016-09-18T07:48:40,405][INFO ][org.elasticsearch.cluster.service] [node_s_0] added {{master_5}{5}{CyZqUHzlQKupT4xWZxLMLw}{local}{local[test_5]},}, reason: zen-disco-node-join[{master_5}{5}{CyZqUHzlQKupT4xWZxLMLw}{local}{local[test_5]}]
[2016-09-18T07:48:40,405][DEBUG][org.elasticsearch.discovery.zen] future [join of {master_5}{5}{CyZqUHzlQKupT4xWZxLMLw}{local}{local[test_5]} (id [77]] completed
[2016-09-18T07:48:40,405][DEBUG][org.elasticsearch.discovery.zen] starting future [join of {master_6}{6}{uUkdrv92RmKuCMJKIuMFsg}{local}{local[test_6]} (id [78]]
[2016-09-18T07:48:40,405][INFO ][org.elasticsearch.cluster.service] [node_s_0] added {{master_6}{6}{uUkdrv92RmKuCMJKIuMFsg}{local}{local[test_6]},}, reason: zen-disco-node-join[{master_6}{6}{uUkdrv92RmKuCMJKIuMFsg}{local}{local[test_6]}]
[2016-09-18T07:48:40,406][DEBUG][org.elasticsearch.discovery.zen] future [join of {master_6}{6}{uUkdrv92RmKuCMJKIuMFsg}{local}{local[test_6]} (id [78]] completed
[2016-09-18T07:48:40,406][DEBUG][org.elasticsearch.discovery.zen] starting future [join of {data_7}{7}{nDw4OpmUS7G2DBGbDumBwA}{local}{local[test_7]} (id [79]]
[2016-09-18T07:48:40,406][INFO ][org.elasticsearch.cluster.service] [node_s_0] added {{data_7}{7}{nDw4OpmUS7G2DBGbDumBwA}{local}{local[test_7]},}, reason: zen-disco-node-join[{data_7}{7}{nDw4OpmUS7G2DBGbDumBwA}{local}{local[test_7]}]
[2016-09-18T07:48:40,406][DEBUG][org.elasticsearch.discovery.zen] future [join of {data_7}{7}{nDw4OpmUS7G2DBGbDumBwA}{local}{local[test_7]} (id [79]] completed
[2016-09-18T07:48:40,407][DEBUG][org.elasticsearch.discovery.zen] starting future [join of {master_8}{8}{C8HYNo2HS_ikHXZOUwG3nA}{local}{local[test_8]} (id [80]]
[2016-09-18T07:48:40,407][INFO ][org.elasticsearch.cluster.service] [node_s_0] added {{master_8}{8}{C8HYNo2HS_ikHXZOUwG3nA}{local}{local[test_8]},}, reason: zen-disco-node-join[{master_8}{8}{C8HYNo2HS_ikHXZOUwG3nA}{local}{local[test_8]}]
[2016-09-18T07:48:40,407][DEBUG][org.elasticsearch.discovery.zen] future [join of {master_8}{8}{C8HYNo2HS_ikHXZOUwG3nA}{local}{local[test_8]} (id [80]] completed
[2016-09-18T07:48:40,435][INFO ][org.elasticsearch.cluster.service] [node_s_0] new_master {node}{4_ZyvWreQOWBglKi7Y37zw}{local}{local[222]}, reason: test setting state
[2016-09-18T07:48:40,441][DEBUG][org.elasticsearch.discovery.zen.elect] using minimum_master_nodes [-1]
[2016-09-18T07:48:40,444][INFO ][org.elasticsearch.discovery.zen] --> waiting for joins to complete
[2016-09-18T07:48:40,450][DEBUG][org.elasticsearch.discovery.zen] {data_0}{0}{RAx57CztQhqnWpQ-vpXeRA}{local}{local[test_0]} joining
[2016-09-18T07:48:40,450][DEBUG][org.elasticsearch.discovery.zen] {data_5}{5}{t_48b6S6QNid7HXsFCa5vA}{local}{local[test_5]} joining
[2016-09-18T07:48:40,451][DEBUG][org.elasticsearch.discovery.zen] starting future [join of {data_0}{0}{RAx57CztQhqnWpQ-vpXeRA}{local}{local[test_0]} (id [81]]
[2016-09-18T07:48:40,451][DEBUG][org.elasticsearch.discovery.zen] starting future [join of {data_5}{5}{t_48b6S6QNid7HXsFCa5vA}{local}{local[test_5]} (id [82]]
[2016-09-18T07:48:40,451][DEBUG][org.elasticsearch.discovery.zen] {master_1}{1}{mIeMeV0dSNCdtK81XVdthw}{local}{local[test_1]} joining
[2016-09-18T07:48:40,451][DEBUG][org.elasticsearch.discovery.zen] starting future [join of {master_1}{1}{mIeMeV0dSNCdtK81XVdthw}{local}{local[test_1]} (id [83]]
[2016-09-18T07:48:40,452][INFO ][org.elasticsearch.cluster.service] [node_s_0] added {{data_5}{5}{t_48b6S6QNid7HXsFCa5vA}{local}{local[test_5]},{master_1}{1}{mIeMeV0dSNCdtK81XVdthw}{local}{local[test_1]},{data_0}{0}{RAx57CztQhqnWpQ-vpXeRA}{local}{local[test_0]},}, reason: zen-disco-node-join[{data_0}{0}{RAx57CztQhqnWpQ-vpXeRA}{local}{local[test_0]}, {data_5}{5}{t_48b6S6QNid7HXsFCa5vA}{local}{local[test_5]}, {master_1}{1}{mIeMeV0dSNCdtK81XVdthw}{local}{local[test_1]}]
[2016-09-18T07:48:40,452][DEBUG][org.elasticsearch.discovery.zen] future [join of {data_0}{0}{RAx57CztQhqnWpQ-vpXeRA}{local}{local[test_0]} (id [81]] completed
[2016-09-18T07:48:40,452][DEBUG][org.elasticsearch.discovery.zen] future [join of {data_5}{5}{t_48b6S6QNid7HXsFCa5vA}{local}{local[test_5]} (id [82]] completed
[2016-09-18T07:48:40,452][DEBUG][org.elasticsearch.discovery.zen] future [join of {master_1}{1}{mIeMeV0dSNCdtK81XVdthw}{local}{local[test_1]} (id [83]] completed
[2016-09-18T07:48:40,452][WARN ][org.elasticsearch.discovery.zen.elect] value for setting "discovery.zen.minimum_master_nodes" is too low. This can result in data loss! Please set it to at least a quorum of master-eligible nodes (current value: [-1], total number of master-eligible nodes used for publishing in this round: [2])
[2016-09-18T07:48:40,452][DEBUG][org.elasticsearch.discovery.zen] {data_3}{3}{mWpFYeXgQVyzzNoG6MYxkw}{local}{local[test_3]} joining
[2016-09-18T07:48:40,452][DEBUG][org.elasticsearch.discovery.zen] starting future [join of {data_3}{3}{mWpFYeXgQVyzzNoG6MYxkw}{local}{local[test_3]} (id [84]]
[2016-09-18T07:48:40,453][DEBUG][org.elasticsearch.discovery.zen] {master_2}{2}{11UVMo2dT02EQh5gvUJevA}{local}{local[test_2]} joining
[2016-09-18T07:48:40,453][DEBUG][org.elasticsearch.discovery.zen] starting future [join of {master_2}{2}{11UVMo2dT02EQh5gvUJevA}{local}{local[test_2]} (id [85]]
[2016-09-18T07:48:40,453][INFO ][org.elasticsearch.cluster.service] [node_s_0] added {{data_3}{3}{mWpFYeXgQVyzzNoG6MYxkw}{local}{local[test_3]},{master_2}{2}{11UVMo2dT02EQh5gvUJevA}{local}{local[test_2]},}, reason: zen-disco-node-join[{data_3}{3}{mWpFYeXgQVyzzNoG6MYxkw}{local}{local[test_3]}, {master_2}{2}{11UVMo2dT02EQh5gvUJevA}{local}{local[test_2]}]
[2016-09-18T07:48:40,454][DEBUG][org.elasticsearch.discovery.zen] future [join of {data_3}{3}{mWpFYeXgQVyzzNoG6MYxkw}{local}{local[test_3]} (id [84]] completed
[2016-09-18T07:48:40,454][DEBUG][org.elasticsearch.discovery.zen] future [join of {master_2}{2}{11UVMo2dT02EQh5gvUJevA}{local}{local[test_2]} (id [85]] completed
[2016-09-18T07:48:40,454][DEBUG][org.elasticsearch.discovery.zen] {data_4}{4}{8oHpyCzNR6SxfbmDkEojtA}{local}{local[test_4]} joining
[2016-09-18T07:48:40,454][DEBUG][org.elasticsearch.discovery.zen] starting future [join of {data_4}{4}{8oHpyCzNR6SxfbmDkEojtA}{local}{local[test_4]} (id [86]]
[2016-09-18T07:48:40,454][INFO ][org.elasticsearch.cluster.service] [node_s_0] added {{data_4}{4}{8oHpyCzNR6SxfbmDkEojtA}{local}{local[test_4]},}, reason: zen-disco-node-join[{data_4}{4}{8oHpyCzNR6SxfbmDkEojtA}{local}{local[test_4]}]
[2016-09-18T07:48:40,454][DEBUG][org.elasticsearch.discovery.zen] future [join of {data_4}{4}{8oHpyCzNR6SxfbmDkEojtA}{local}{local[test_4]} (id [86]] completed
[2016-09-18T07:48:40,455][INFO ][org.elasticsearch.discovery.zen] assert for [[{node}{4_ZyvWreQOWBglKi7Y37zw}{local}{local[222]}, {data_0}{0}{RAx57CztQhqnWpQ-vpXeRA}{local}{local[test_0]}, {master_1}{1}{mIeMeV0dSNCdtK81XVdthw}{local}{local[test_1]}, {master_2}{2}{11UVMo2dT02EQh5gvUJevA}{local}{local[test_2]}, {data_3}{3}{mWpFYeXgQVyzzNoG6MYxkw}{local}{local[test_3]}, {data_4}{4}{8oHpyCzNR6SxfbmDkEojtA}{local}{local[test_4]}, {data_5}{5}{t_48b6S6QNid7HXsFCa5vA}{local}{local[test_5]}]] in:
cluster uuid: _na_
version: 7
state uuid: NbE61LI2QA-Pbd1iSFK5JQ
from_diff: false
meta data version: 0
nodes: 
   {master_2}{2}{11UVMo2dT02EQh5gvUJevA}{local}{local[test_2]}
   {node}{4_ZyvWreQOWBglKi7Y37zw}{local}{local[222]}, local, master
   {data_0}{0}{RAx57CztQhqnWpQ-vpXeRA}{local}{local[test_0]}
   {data_3}{3}{mWpFYeXgQVyzzNoG6MYxkw}{local}{local[test_3]}
   {master_1}{1}{mIeMeV0dSNCdtK81XVdthw}{local}{local[test_1]}
   {data_5}{5}{t_48b6S6QNid7HXsFCa5vA}{local}{local[test_5]}
   {data_4}{4}{8oHpyCzNR6SxfbmDkEojtA}{local}{local[test_4]}
routing_table (version 0):
routing_nodes:
-----node_id[node][V]
---- unassigned

[2016-09-18T07:48:40,462][INFO ][org.elasticsearch.cluster.service] [node_s_0] new_master {node}{UajWYDZNR56xoKpDWhndKg}{local}{local[223]}, reason: test setting state
[2016-09-18T07:48:40,470][DEBUG][org.elasticsearch.discovery.zen.elect] using minimum_master_nodes [-1]
[2016-09-18T07:48:40,472][INFO ][org.elasticsearch.cluster.service] [node_s_0] added {{other_node}{hkS45vLAS2Gz7ARDMuJveQ}{local}{local[224]},}, reason: test setting state
[2016-09-18T07:48:40,472][DEBUG][org.elasticsearch.discovery.zen] starting future [join of {other_node}{hkS45vLAS2Gz7ARDMuJveQ}{local}{local[224]} (id [87]]
[2016-09-18T07:48:40,472][DEBUG][org.elasticsearch.discovery.zen] received a join request for an existing node [{other_node}{hkS45vLAS2Gz7ARDMuJveQ}{local}{local[224]}]
[2016-09-18T07:48:40,472][DEBUG][org.elasticsearch.discovery.zen] future [join of {other_node}{hkS45vLAS2Gz7ARDMuJveQ}{local}{local[224]} (id [87]] completed
]]></system-out>
   <system-err><![CDATA[]]></system-err>
</testsuite>