<testsuite errors="0" failures="0" tests="21" skipped="0" name="org.elasticsearch.transport.local.SimpleLocalTransportTests" hostname="nohost.nodomain" time="3.371" timestamp="2016-09-15T12:41:05">
   <properties class="java.util.ArrayList">
      <property name="awt.toolkit" value="sun.awt.windows.WToolkit"/>
      <property name="file.encoding" value="Cp1252"/>
      <property name="file.encoding.pkg" value="sun.io"/>
      <property name="file.separator" value="\"/>
      <property name="java.awt.graphicsenv" value="sun.awt.Win32GraphicsEnvironment"/>
      <property name="java.awt.headless" value="true"/>
      <property name="java.awt.printerjob" value="sun.awt.windows.WPrinterJob"/>
      <property name="java.class.path" value="C:\projects\team3\core\build\classes\test;C:\projects\team3\core\build\resources\test;C:\projects\team3\core\build\classes\main;C:\projects\team3\core\build\resources\main;C:\Users\domin\.gradle\caches\modules-2\files-2.1\org.apache.lucene\lucene-core\6.2.0\849ee62525a294416802be2cacc66c80352f6f13\lucene-core-6.2.0.jar;C:\Users\domin\.gradle\caches\modules-2\files-2.1\org.apache.lucene\lucene-analyzers-common\6.2.0\d254d52dd394b5079129f3d5f3bf4f2d44a5936e\lucene-analyzers-common-6.2.0.jar;C:\Users\domin\.gradle\caches\modules-2\files-2.1\org.apache.lucene\lucene-backward-codecs\6.2.0\b625bb21456b3c0d1e5e431bced125cb060c1abd\lucene-backward-codecs-6.2.0.jar;C:\Users\domin\.gradle\caches\modules-2\files-2.1\org.apache.lucene\lucene-grouping\6.2.0\9527fedfd5acc624b2bb3f862bd99fb8f470b053\lucene-grouping-6.2.0.jar;C:\Users\domin\.gradle\caches\modules-2\files-2.1\org.apache.lucene\lucene-highlighter\6.2.0\7ca342372a3f45e32bbd21cecaa757e38eccb8a5\lucene-highlighter-6.2.0.jar;C:\Users\domin\.gradle\caches\modules-2\files-2.1\org.apache.lucene\lucene-join\6.2.0\da0b8de98511abd4fe9c7d48a353d17854c5ed46\lucene-join-6.2.0.jar;C:\Users\domin\.gradle\caches\modules-2\files-2.1\org.apache.lucene\lucene-memory\6.2.0\bc9e075b1ee051c8e5246c237c38d8e71dab8a66\lucene-memory-6.2.0.jar;C:\Users\domin\.gradle\caches\modules-2\files-2.1\org.apache.lucene\lucene-misc\6.2.0\94ddde6312566a4da4a50a88e453b6c82c759b41\lucene-misc-6.2.0.jar;C:\Users\domin\.gradle\caches\modules-2\files-2.1\org.apache.lucene\lucene-queries\6.2.0\dce47238f78e3e97d91dc6fefa9f46f07866bc2b\lucene-queries-6.2.0.jar;C:\Users\domin\.gradle\caches\modules-2\files-2.1\org.apache.lucene\lucene-queryparser\6.2.0\17ef728ac15e668bfa1105321611548424637645\lucene-queryparser-6.2.0.jar;C:\Users\domin\.gradle\caches\modules-2\files-2.1\org.apache.lucene\lucene-sandbox\6.2.0\520183f7b9aba77a26e224760c420a3844b0631a\lucene-sandbox-6.2.0.jar;C:\Users\domin\.gradle\caches\modules-2\files-2.1\org.apache.lucene\lucene-spatial\6.2.0\8dba929b66927b936fbc76103b109ad6c824daee\lucene-spatial-6.2.0.jar;C:\Users\domin\.gradle\caches\modules-2\files-2.1\org.apache.lucene\lucene-spatial-extras\6.2.0\3b5a6ef5cd90c0218a72e9e2f7e60104be2447da\lucene-spatial-extras-6.2.0.jar;C:\Users\domin\.gradle\caches\modules-2\files-2.1\org.apache.lucene\lucene-spatial3d\6.2.0\fcdb0567725722c5145149d1502848b6a96ec18d\lucene-spatial3d-6.2.0.jar;C:\Users\domin\.gradle\caches\modules-2\files-2.1\org.apache.lucene\lucene-suggest\6.2.0\3d9d526c51f483d27f425c75d7e56bc0849242d6\lucene-suggest-6.2.0.jar;C:\Users\domin\.gradle\caches\modules-2\files-2.1\org.elasticsearch\securesm\1.1\1e423447d020041534be94c0f31a49fbdc1f2950\securesm-1.1.jar;C:\Users\domin\.gradle\caches\modules-2\files-2.1\net.sf.jopt-simple\jopt-simple\5.0.2\98cafc6081d5632b61be2c9e60650b64ddbc637c\jopt-simple-5.0.2.jar;C:\Users\domin\.gradle\caches\modules-2\files-2.1\com.carrotsearch\hppc\0.7.1\8b5057f74ea378c0150a1860874a3ebdcb713767\hppc-0.7.1.jar;C:\Users\domin\.gradle\caches\modules-2\files-2.1\joda-time\joda-time\2.9.4\1c295b462f16702ebe720bbb08f62e1ba80da41b\joda-time-2.9.4.jar;C:\Users\domin\.gradle\caches\modules-2\files-2.1\org.joda\joda-convert\1.2\35ec554f0cd00c956cc69051514d9488b1374dec\joda-convert-1.2.jar;C:\Users\domin\.gradle\caches\modules-2\files-2.1\org.yaml\snakeyaml\1.15\3b132bea69e8ee099f416044970997bde80f4ea6\snakeyaml-1.15.jar;C:\Users\domin\.gradle\caches\modules-2\files-2.1\com.fasterxml.jackson.core\jackson-core\2.8.1\fd13b1c033741d48291315c6370f7d475a42dccf\jackson-core-2.8.1.jar;C:\Users\domin\.gradle\caches\modules-2\files-2.1\com.fasterxml.jackson.dataformat\jackson-dataformat-smile\2.8.1\5b73867bc12224946fc67fc8d49d9f5e698d7f\jackson-dataformat-smile-2.8.1.jar;C:\Users\domin\.gradle\caches\modules-2\files-2.1\com.fasterxml.jackson.dataformat\jackson-dataformat-yaml\2.8.1\eb63166c723b0b4b9fb5298fca232a2f6612ec34\jackson-dataformat-yaml-2.8.1.jar;C:\Users\domin\.gradle\caches\modules-2\files-2.1\com.fasterxml.jackson.dataformat\jackson-dataformat-cbor\2.8.1\3a6fb7e75c9972559a78cf5cfc5a48a41a13ea40\jackson-dataformat-cbor-2.8.1.jar;C:\Users\domin\.gradle\caches\modules-2\files-2.1\com.tdunning\t-digest\3.0\84ccf145ac2215e6bfa63baa3101c0af41017cfc\t-digest-3.0.jar;C:\Users\domin\.gradle\caches\modules-2\files-2.1\org.hdrhistogram\HdrHistogram\2.1.6\7495feb7f71ee124bd2a7e7d83590e296d71d80e\HdrHistogram-2.1.6.jar;C:\Users\domin\.gradle\caches\modules-2\files-2.1\org.locationtech.spatial4j\spatial4j\0.6\21b15310bddcfd8c72611c180f20cf23279809a3\spatial4j-0.6.jar;C:\Users\domin\.gradle\caches\modules-2\files-2.1\com.vividsolutions\jts\1.13\3ccfb9b60f04d71add996a666ceb8902904fd805\jts-1.13.jar;C:\Users\domin\.gradle\caches\modules-2\files-2.1\org.apache.logging.log4j\log4j-api\2.6.2\bd1b74a5d170686362091c7cf596bbc3adf5c09b\log4j-api-2.6.2.jar;C:\Users\domin\.gradle\caches\modules-2\files-2.1\org.apache.logging.log4j\log4j-core\2.6.2\a91369f655eb1639c6aece5c5eb5108db18306\log4j-core-2.6.2.jar;C:\Users\domin\.gradle\caches\modules-2\files-2.1\org.apache.logging.log4j\log4j-1.2-api\2.6.2\3b4c5a8b734b6a29b2f03380535a48da6284b210\log4j-1.2-api-2.6.2.jar;C:\Users\domin\.gradle\caches\modules-2\files-2.1\net.java.dev.jna\jna\4.2.2\5012450aee579c3118ff09461d5ce210e0cdc2a9\jna-4.2.2.jar;C:\projects\team3\test\framework\build\distributions\framework-5.0.0-alpha6-SNAPSHOT.jar;C:\Users\domin\.gradle\caches\modules-2\files-2.1\com.carrotsearch.randomizedtesting\randomizedtesting-runner\2.3.2\307965917fe8a22b7ee72deba39ef4b8e6ebc069\randomizedtesting-runner-2.3.2.jar;C:\Users\domin\.gradle\caches\modules-2\files-2.1\junit\junit\4.11\4e031bb61df09069aeb2bffb4019e7a5034a4ee0\junit-4.11.jar;C:\Users\domin\.gradle\caches\modules-2\files-2.1\org.hamcrest\hamcrest-all\1.3\63a21ebc981131004ad02e0434e799fd7f3a8d5a\hamcrest-all-1.3.jar;C:\Users\domin\.gradle\caches\modules-2\files-2.1\org.apache.lucene\lucene-test-framework\6.2.0\f5026be3983acfb40d4092dbfbc015ec6e6addab\lucene-test-framework-6.2.0.jar;C:\Users\domin\.gradle\caches\modules-2\files-2.1\org.apache.lucene\lucene-codecs\6.2.0\99f887266b0ad9f2c286b3976c5bc48c8cd36624\lucene-codecs-6.2.0.jar;C:\projects\team3\client\rest\build\distributions\rest-5.0.0-alpha6-SNAPSHOT.jar;C:\Users\domin\.gradle\caches\modules-2\files-2.1\org.apache.httpcomponents\httpclient\4.5.2\733db77aa8d9b2d68015189df76ab06304406e50\httpclient-4.5.2.jar;C:\Users\domin\.gradle\caches\modules-2\files-2.1\org.apache.httpcomponents\httpcore\4.4.5\e7501a1b34325abb00d17dde96150604a0658b54\httpcore-4.4.5.jar;C:\Users\domin\.gradle\caches\modules-2\files-2.1\commons-logging\commons-logging\1.1.3\f6f66e966c70a83ffbdb6f17a0919eaf7c8aca7f\commons-logging-1.1.3.jar;C:\Users\domin\.gradle\caches\modules-2\files-2.1\commons-codec\commons-codec\1.10\4b95f4897fa13f2cd904aee711aeafc0c5295cd8\commons-codec-1.10.jar;C:\Users\domin\.gradle\caches\modules-2\files-2.1\org.elasticsearch\securemock\1.2\98201d4ad5ac93f6b415ae9172d52b5e7cda490e\securemock-1.2.jar;C:\Users\domin\.gradle\caches\modules-2\files-2.1\org.apache.httpcomponents\httpasyncclient\4.1.2\95aa3e6fb520191a0970a73cf09f62948ee614be\httpasyncclient-4.1.2.jar;C:\Users\domin\.gradle\caches\modules-2\files-2.1\org.apache.httpcomponents\httpcore-nio\4.4.5\f4be009e7505f6ceddf21e7960c759f413f15056\httpcore-nio-4.4.5.jar;C:\Users\domin\.gradle\caches\modules-2\files-2.1\com.carrotsearch.randomizedtesting\junit4-ant\2.3.2\dc8f03f6111974092491f35b8269eb0fc57f52f7\junit4-ant-2.3.2.jar"/>
      <property name="java.class.version" value="52.0"/>
      <property name="java.endorsed.dirs" value="C:\Program Files\Java\jdk1.8.0_65\jre\lib\endorsed"/>
      <property name="java.ext.dirs" value="C:\Program Files\Java\jdk1.8.0_65\jre\lib\ext;C:\WINDOWS\Sun\Java\lib\ext"/>
      <property name="java.home" value="C:\Program Files\Java\jdk1.8.0_65\jre"/>
      <property name="java.io.tmpdir" value="./temp"/>
      <property name="java.library.path" value="C:\Program Files\Java\jdk1.8.0_65\bin;C:\WINDOWS\Sun\Java\bin;C:\WINDOWS\system32;C:\WINDOWS;C:\Ruby22-x64\bin;C:\Imagick;C:\ProgramData\Oracle\Java\javapath;C:\Program Files (x86)\Intel\iCLS Client\;C:\Program Files\Intel\iCLS Client\;C:\Windows\system32;C:\Windows;C:\Windows\System32\Wbem;C:\Windows\System32\WindowsPowerShell\v1.0\;C:\Program Files (x86)\Intel\Intel(R) Management Engine Components\DAL;C:\Program Files\Intel\Intel(R) Management Engine Components\DAL;C:\Program Files (x86)\Intel\Intel(R) Management Engine Components\IPT;C:\Program Files\Intel\Intel(R) Management Engine Components\IPT;C:\Program Files (x86)\NVIDIA Corporation\PhysX\Common;C:\Program Files (x86)\Skype\Phone\;C:\xampp\php;C:\ProgramData\ComposerSetup\bin;C:\Program Files\Git\cmd;C:\Program Files\OpenVPN\bin;C:\Program Files\nodejs\;C:\WINDOWS\system32;C:\WINDOWS;C:\WINDOWS\System32\Wbem;C:\WINDOWS\System32\WindowsPowerShell\v1.0\;C:\Program Files\cURL\bin;C:\Program Files\gradle\2.13\bin;C:\Program Files\CMake\bin;C:\Program Files\flex_bison;C:\Program Files\doxygen\bin;C:\SonarQube\SonarQubeScanner\bin;C:\Users\domin\AppData\Local\Programs\Python\Python35-32\Scripts\;C:\Users\domin\AppData\Local\Programs\Python\Python35-32\;C:\Users\domin\AppData\Roaming\npm;C:\Users\domin\AppData\Local\Microsoft\WindowsApps;;."/>
      <property name="java.runtime.name" value="Java(TM) SE Runtime Environment"/>
      <property name="java.runtime.version" value="1.8.0_65-b17"/>
      <property name="java.specification.name" value="Java Platform API Specification"/>
      <property name="java.specification.vendor" value="Oracle Corporation"/>
      <property name="java.specification.version" value="1.8"/>
      <property name="java.vendor" value="Oracle Corporation"/>
      <property name="java.vendor.url" value="http://java.oracle.com/"/>
      <property name="java.vendor.url.bug" value="http://bugreport.sun.com/bugreport/"/>
      <property name="java.version" value="1.8.0_65"/>
      <property name="java.vm.info" value="mixed mode"/>
      <property name="java.vm.name" value="Java HotSpot(TM) 64-Bit Server VM"/>
      <property name="java.vm.specification.name" value="Java Virtual Machine Specification"/>
      <property name="java.vm.specification.vendor" value="Oracle Corporation"/>
      <property name="java.vm.specification.version" value="1.8"/>
      <property name="java.vm.vendor" value="Oracle Corporation"/>
      <property name="java.vm.version" value="25.65-b01"/>
      <property name="jna.nosys" value="true"/>
      <property name="junit4.childvm.count" value="3"/>
      <property name="junit4.childvm.cwd" value="C:\projects\team3\core\build\testrun\test\J2"/>
      <property name="junit4.childvm.id" value="2"/>
      <property name="junit4.memory.total" value="514850816"/>
      <property name="junit4.pidString" value="11072@LAPTOP-LKSM26S6"/>
      <property name="junit4.processors" value="4"/>
      <property name="line.separator" value="
"/>
      <property name="os.arch" value="amd64"/>
      <property name="os.name" value="Windows 10"/>
      <property name="os.version" value="10.0"/>
      <property name="path.separator" value=";"/>
      <property name="sun.arch.data.model" value="64"/>
      <property name="sun.boot.class.path" value="C:\Program Files\Java\jdk1.8.0_65\jre\lib\resources.jar;C:\Program Files\Java\jdk1.8.0_65\jre\lib\rt.jar;C:\Program Files\Java\jdk1.8.0_65\jre\lib\sunrsasign.jar;C:\Program Files\Java\jdk1.8.0_65\jre\lib\jsse.jar;C:\Program Files\Java\jdk1.8.0_65\jre\lib\jce.jar;C:\Program Files\Java\jdk1.8.0_65\jre\lib\charsets.jar;C:\Program Files\Java\jdk1.8.0_65\jre\lib\jfr.jar;C:\Program Files\Java\jdk1.8.0_65\jre\classes"/>
      <property name="sun.boot.library.path" value="C:\Program Files\Java\jdk1.8.0_65\jre\bin"/>
      <property name="sun.cpu.endian" value="little"/>
      <property name="sun.cpu.isalist" value="amd64"/>
      <property name="sun.desktop" value="windows"/>
      <property name="sun.io.unicode.encoding" value="UnicodeLittle"/>
      <property name="sun.java.command" value="com.carrotsearch.ant.tasks.junit4.slave.SlaveMainSafe -eventsfile C:\projects\team3\core\build\testrun\test\temp\junit4-J2-20160915_123537_461.events @C:\projects\team3\core\build\testrun\test\temp\junit4-J2-20160915_123537_461.suites -stdin"/>
      <property name="sun.java.launcher" value="SUN_STANDARD"/>
      <property name="sun.jnu.encoding" value="Cp1252"/>
      <property name="sun.management.compiler" value="HotSpot 64-Bit Tiered Compilers"/>
      <property name="sun.os.patch.level" value=""/>
      <property name="tests.artifact" value="core"/>
      <property name="tests.gradle" value="true"/>
      <property name="tests.ifNoTests" value="fail"/>
      <property name="tests.logger.level" value="WARN"/>
      <property name="tests.prefix" value="tests"/>
      <property name="tests.security.manager" value="true"/>
      <property name="tests.seed" value="9CF13790D965C5A7"/>
      <property name="tests.task" value=":core:test"/>
      <property name="user.country" value="AT"/>
      <property name="user.dir" value="C:\projects\team3\core\build\testrun\test\J2"/>
      <property name="user.home" value="C:\Users\domin"/>
      <property name="user.language" value="de"/>
      <property name="user.name" value="domin"/>
      <property name="user.script" value=""/>
      <property name="user.timezone" value=""/>
      <property name="user.variant" value=""/>
   </properties>
   <testcase classname="org.elasticsearch.transport.local.SimpleLocalTransportTests" name="testVersionFrom0to0" time="0.064"/>
   <testcase classname="org.elasticsearch.transport.local.SimpleLocalTransportTests" name="testSendRandomRequests" time="0.895"/>
   <testcase classname="org.elasticsearch.transport.local.SimpleLocalTransportTests" name="testBlockingIncomingRequests" time="0.04"/>
   <testcase classname="org.elasticsearch.transport.local.SimpleLocalTransportTests" name="testTracerLog" time="0.039"/>
   <testcase classname="org.elasticsearch.transport.local.SimpleLocalTransportTests" name="testVersionFrom1to1" time="0.039"/>
   <testcase classname="org.elasticsearch.transport.local.SimpleLocalTransportTests" name="testHelloWorldCompressed" time="0.029"/>
   <testcase classname="org.elasticsearch.transport.local.SimpleLocalTransportTests" name="testVoidMessageCompressed" time="0.008"/>
   <testcase classname="org.elasticsearch.transport.local.SimpleLocalTransportTests" name="testHostOnMessages" time="0.013"/>
   <testcase classname="org.elasticsearch.transport.local.SimpleLocalTransportTests" name="testDisconnectListener" time="0.018"/>
   <testcase classname="org.elasticsearch.transport.local.SimpleLocalTransportTests" name="testThreadContext" time="0.013"/>
   <testcase classname="org.elasticsearch.transport.local.SimpleLocalTransportTests" name="testConcurrentSendRespondAndDisconnect" time="0.045"/>
   <testcase classname="org.elasticsearch.transport.local.SimpleLocalTransportTests" name="testNotifyOnShutdown" time="0.013"/>
   <testcase classname="org.elasticsearch.transport.local.SimpleLocalTransportTests" name="testErrorMessage" time="0.014"/>
   <testcase classname="org.elasticsearch.transport.local.SimpleLocalTransportTests" name="testMockFailToSendNoConnectRule" time="0.361"/>
   <testcase classname="org.elasticsearch.transport.local.SimpleLocalTransportTests" name="testVersionFrom1to0" time="0.237"/>
   <testcase classname="org.elasticsearch.transport.local.SimpleLocalTransportTests" name="testLocalNodeConnection" time="0.029"/>
   <testcase classname="org.elasticsearch.transport.local.SimpleLocalTransportTests" name="testTimeoutSendExceptionWithDelayedResponse" time="0.235"/>
   <testcase classname="org.elasticsearch.transport.local.SimpleLocalTransportTests" name="testHelloWorld" time="0.369"/>
   <testcase classname="org.elasticsearch.transport.local.SimpleLocalTransportTests" name="testTimeoutSendExceptionWithNeverSendingBackResponse" time="0.205"/>
   <testcase classname="org.elasticsearch.transport.local.SimpleLocalTransportTests" name="testVersionFrom0to1" time="0.107"/>
   <testcase classname="org.elasticsearch.transport.local.SimpleLocalTransportTests" name="testMockUnresponsiveRule" time="0.433"/>
   <system-out><![CDATA[[2016-09-15T17:41:05,450][INFO ][org.elasticsearch.test.transport] [TS_A] publish_address {local[64]}, bound_addresses {local[64]}
[2016-09-15T17:41:05,453][INFO ][org.elasticsearch.test.transport] [TS_B] publish_address {local[65]}, bound_addresses {local[65]}
[2016-09-15T17:41:05,455][INFO ][org.elasticsearch.transport.local] [node_s_0] --> actively connecting to local node
[2016-09-15T17:41:05,509][INFO ][org.elasticsearch.test.transport] [TS_A] publish_address {local[66]}, bound_addresses {local[66]}
[2016-09-15T17:41:05,510][INFO ][org.elasticsearch.test.transport] [TS_B] publish_address {local[67]}, bound_addresses {local[67]}
[2016-09-15T17:41:05,510][INFO ][org.elasticsearch.transport.local] [node_s_0] --> using local node optimization
[2016-09-15T17:41:05,512][INFO ][org.elasticsearch.test.transport] [TS_B] publish_address {local[68]}, bound_addresses {local[68]}
[2016-09-15T17:41:06,406][INFO ][org.elasticsearch.test.transport] [TS_A] publish_address {local[69]}, bound_addresses {local[69]}
[2016-09-15T17:41:06,407][INFO ][org.elasticsearch.test.transport] [TS_B] publish_address {local[70]}, bound_addresses {local[70]}
[2016-09-15T17:41:06,407][INFO ][org.elasticsearch.transport.local] [node_s_0] --> using local node optimization
[2016-09-15T17:41:06,427][INFO ][org.elasticsearch.test.transport] [TS_B] publish_address {local[71]}, bound_addresses {local[71]}
[2016-09-15T17:41:06,447][INFO ][org.elasticsearch.test.transport] [TS_A] publish_address {local[72]}, bound_addresses {local[72]}
[2016-09-15T17:41:06,449][INFO ][org.elasticsearch.test.transport] [TS_B] publish_address {local[73]}, bound_addresses {local[73]}
[2016-09-15T17:41:06,449][INFO ][org.elasticsearch.transport.local] [node_s_0] --> using local node optimization
[2016-09-15T17:41:06,464][TRACE][org.elasticsearch.test.transport.tracer] [TS_B] [0][test] sent to [{TS_B}{YpKp1H9cT1mMcH0egs63DQ}{local}{local[73]}] (timeout: [null])
[2016-09-15T17:41:06,465][TRACE][org.elasticsearch.test.transport.tracer] [TS_B] [0][test] received request
[2016-09-15T17:41:06,466][TRACE][org.elasticsearch.test.transport.tracer] [TS_B] [0][test] sent response
[2016-09-15T17:41:06,466][TRACE][org.elasticsearch.test.transport.tracer] [TS_B] [0][test] received response from [{TS_B}{YpKp1H9cT1mMcH0egs63DQ}{local}{local[73]}]
[2016-09-15T17:41:06,467][TRACE][org.elasticsearch.test.transport.tracer] [TS_B] [1][testError] sent to [{TS_B}{YpKp1H9cT1mMcH0egs63DQ}{local}{local[73]}] (timeout: [null])
[2016-09-15T17:41:06,468][TRACE][org.elasticsearch.test.transport.tracer] [TS_B] [1][testError] received request
[2016-09-15T17:41:06,469][TRACE][org.elasticsearch.test.transport.tracer] [1][testError] sent error response
java.lang.RuntimeException: 
	at org.elasticsearch.transport.AbstractSimpleTransportTestCase$23.messageReceived(AbstractSimpleTransportTestCase.java:809) ~[framework-5.0.0-alpha6-SNAPSHOT.jar:?]
	at org.elasticsearch.transport.AbstractSimpleTransportTestCase$23.messageReceived(AbstractSimpleTransportTestCase.java:803) ~[framework-5.0.0-alpha6-SNAPSHOT.jar:?]
	at org.elasticsearch.transport.TransportRequestHandler.messageReceived(TransportRequestHandler.java:33) ~[main/:?]
	at org.elasticsearch.transport.RequestHandlerRegistry.processMessageReceived(RequestHandlerRegistry.java:69) ~[main/:?]
	at org.elasticsearch.transport.local.LocalTransport.handleRequest(LocalTransport.java:335) ~[main/:?]
	at org.elasticsearch.transport.local.LocalTransport.processReceivedMessage(LocalTransport.java:283) ~[main/:?]
	at org.elasticsearch.transport.local.LocalTransport.lambda$receiveMessage$929(LocalTransport.java:251) ~[main/:?]
	at org.elasticsearch.common.util.concurrent.ThreadContext$ContextPreservingRunnable.run(ThreadContext.java:444) [main/:?]
	at java.util.concurrent.ThreadPoolExecutor.runWorker(ThreadPoolExecutor.java:1142) [?:1.8.0_65]
	at java.util.concurrent.ThreadPoolExecutor$Worker.run(ThreadPoolExecutor.java:617) [?:1.8.0_65]
	at java.lang.Thread.run(Thread.java:745) [?:1.8.0_65]
[2016-09-15T17:41:06,470][TRACE][org.elasticsearch.test.transport.tracer] [TS_B] [1][testError] received response from [{TS_B}{YpKp1H9cT1mMcH0egs63DQ}{local}{local[73]}]
[2016-09-15T17:41:06,472][INFO ][org.elasticsearch.common.settings] [node_s_0] updating [transport.tracer.include] from [[]] to [["test"]]
[2016-09-15T17:41:06,472][INFO ][org.elasticsearch.common.settings] [node_s_0] updating [transport.tracer.exclude] from [["internal:discovery/zen/fd*","cluster:monitor/nodes/liveness"]] to [["DOESN'T_MATCH"]]
[2016-09-15T17:41:06,472][TRACE][org.elasticsearch.test.transport.tracer] [TS_B] [2][test] sent to [{TS_B}{YpKp1H9cT1mMcH0egs63DQ}{local}{local[73]}] (timeout: [null])
[2016-09-15T17:41:06,473][TRACE][org.elasticsearch.test.transport.tracer] [TS_B] [2][test] received request
[2016-09-15T17:41:06,473][TRACE][org.elasticsearch.test.transport.tracer] [TS_B] [2][test] sent response
[2016-09-15T17:41:06,474][TRACE][org.elasticsearch.test.transport.tracer] [TS_B] [2][test] received response from [{TS_B}{YpKp1H9cT1mMcH0egs63DQ}{local}{local[73]}]
[2016-09-15T17:41:06,474][TRACE][org.elasticsearch.test.transport.tracer] [TS_B] [3][testError] received request
[2016-09-15T17:41:06,475][TRACE][org.elasticsearch.test.transport.tracer] [3][testError] sent error response
java.lang.RuntimeException: 
	at org.elasticsearch.transport.AbstractSimpleTransportTestCase$23.messageReceived(AbstractSimpleTransportTestCase.java:809) ~[framework-5.0.0-alpha6-SNAPSHOT.jar:?]
	at org.elasticsearch.transport.AbstractSimpleTransportTestCase$23.messageReceived(AbstractSimpleTransportTestCase.java:803) ~[framework-5.0.0-alpha6-SNAPSHOT.jar:?]
	at org.elasticsearch.transport.TransportRequestHandler.messageReceived(TransportRequestHandler.java:33) ~[main/:?]
	at org.elasticsearch.transport.RequestHandlerRegistry.processMessageReceived(RequestHandlerRegistry.java:69) ~[main/:?]
	at org.elasticsearch.transport.local.LocalTransport.handleRequest(LocalTransport.java:335) ~[main/:?]
	at org.elasticsearch.transport.local.LocalTransport.processReceivedMessage(LocalTransport.java:283) ~[main/:?]
	at org.elasticsearch.transport.local.LocalTransport.lambda$receiveMessage$929(LocalTransport.java:251) ~[main/:?]
	at org.elasticsearch.common.util.concurrent.ThreadContext$ContextPreservingRunnable.run(ThreadContext.java:444) [main/:?]
	at java.util.concurrent.ThreadPoolExecutor.runWorker(ThreadPoolExecutor.java:1142) [?:1.8.0_65]
	at java.util.concurrent.ThreadPoolExecutor$Worker.run(ThreadPoolExecutor.java:617) [?:1.8.0_65]
	at java.lang.Thread.run(Thread.java:745) [?:1.8.0_65]
[2016-09-15T17:41:06,486][INFO ][org.elasticsearch.test.transport] [TS_A] publish_address {local[74]}, bound_addresses {local[74]}
[2016-09-15T17:41:06,487][INFO ][org.elasticsearch.test.transport] [TS_B] publish_address {local[75]}, bound_addresses {local[75]}
[2016-09-15T17:41:06,487][INFO ][org.elasticsearch.transport.local] [node_s_0] --> using local node optimization
[2016-09-15T17:41:06,523][INFO ][org.elasticsearch.test.transport] [TS_A] publish_address {local[76]}, bound_addresses {local[76]}
[2016-09-15T17:41:06,524][INFO ][org.elasticsearch.test.transport] [TS_B] publish_address {local[77]}, bound_addresses {local[77]}
[2016-09-15T17:41:06,524][INFO ][org.elasticsearch.transport.local] [node_s_0] --> actively connecting to local node
[2016-09-15T17:41:06,552][INFO ][org.elasticsearch.test.transport] [TS_A] publish_address {local[78]}, bound_addresses {local[78]}
[2016-09-15T17:41:06,552][INFO ][org.elasticsearch.test.transport] [TS_B] publish_address {local[79]}, bound_addresses {local[79]}
[2016-09-15T17:41:06,552][INFO ][org.elasticsearch.transport.local] [node_s_0] --> using local node optimization
[2016-09-15T17:41:06,562][INFO ][org.elasticsearch.test.transport] [TS_A] publish_address {local[80]}, bound_addresses {local[80]}
[2016-09-15T17:41:06,564][INFO ][org.elasticsearch.test.transport] [TS_B] publish_address {local[81]}, bound_addresses {local[81]}
[2016-09-15T17:41:06,564][INFO ][org.elasticsearch.transport.local] [node_s_0] --> using local node optimization
[2016-09-15T17:41:06,576][INFO ][org.elasticsearch.test.transport] [TS_A] publish_address {local[82]}, bound_addresses {local[82]}
[2016-09-15T17:41:06,577][INFO ][org.elasticsearch.test.transport] [TS_B] publish_address {local[83]}, bound_addresses {local[83]}
[2016-09-15T17:41:06,577][INFO ][org.elasticsearch.transport.local] [node_s_0] --> actively connecting to local node
[2016-09-15T17:41:06,594][INFO ][org.elasticsearch.test.transport] [TS_A] publish_address {local[84]}, bound_addresses {local[84]}
[2016-09-15T17:41:06,595][INFO ][org.elasticsearch.test.transport] [TS_B] publish_address {local[85]}, bound_addresses {local[85]}
[2016-09-15T17:41:06,595][INFO ][org.elasticsearch.transport.local] [node_s_0] --> using local node optimization
[2016-09-15T17:41:06,606][INFO ][org.elasticsearch.test.transport] [TS_A] publish_address {local[86]}, bound_addresses {local[86]}
[2016-09-15T17:41:06,607][INFO ][org.elasticsearch.test.transport] [TS_B] publish_address {local[87]}, bound_addresses {local[87]}
[2016-09-15T17:41:06,608][INFO ][org.elasticsearch.transport.local] [node_s_0] --> actively connecting to local node
[2016-09-15T17:41:06,619][INFO ][org.elasticsearch.test.transport] [TS_B_0] publish_address {local[88]}, bound_addresses {local[88]}
[2016-09-15T17:41:06,621][INFO ][org.elasticsearch.test.transport] [TS_B_3] publish_address {local[89]}, bound_addresses {local[89]}
[2016-09-15T17:41:06,623][INFO ][org.elasticsearch.test.transport] [TS_B_6] publish_address {local[90]}, bound_addresses {local[90]}
[2016-09-15T17:41:06,625][INFO ][org.elasticsearch.test.transport] [TS_B_9] publish_address {local[91]}, bound_addresses {local[91]}
[2016-09-15T17:41:06,651][INFO ][org.elasticsearch.test.transport] [TS_A] publish_address {local[92]}, bound_addresses {local[92]}
[2016-09-15T17:41:06,653][INFO ][org.elasticsearch.test.transport] [TS_B] publish_address {local[93]}, bound_addresses {local[93]}
[2016-09-15T17:41:06,653][INFO ][org.elasticsearch.transport.local] [node_s_0] --> using local node optimization
[2016-09-15T17:41:06,657][INFO ][org.elasticsearch.transport.local] [node_s_0] Stop ServiceB now
[2016-09-15T17:41:06,664][INFO ][org.elasticsearch.test.transport] [TS_A] publish_address {local[94]}, bound_addresses {local[94]}
[2016-09-15T17:41:06,665][INFO ][org.elasticsearch.test.transport] [TS_B] publish_address {local[95]}, bound_addresses {local[95]}
[2016-09-15T17:41:06,666][INFO ][org.elasticsearch.transport.local] [node_s_0] --> using local node optimization
[2016-09-15T17:41:06,679][INFO ][org.elasticsearch.test.transport] [TS_A] publish_address {local[96]}, bound_addresses {local[96]}
[2016-09-15T17:41:06,681][INFO ][org.elasticsearch.test.transport] [TS_B] publish_address {local[97]}, bound_addresses {local[97]}
[2016-09-15T17:41:06,681][INFO ][org.elasticsearch.transport.local] [node_s_0] --> using local node optimization
[2016-09-15T17:41:07,040][INFO ][org.elasticsearch.test.transport] [TS_A] publish_address {local[98]}, bound_addresses {local[98]}
[2016-09-15T17:41:07,041][INFO ][org.elasticsearch.test.transport] [TS_B] publish_address {local[99]}, bound_addresses {local[99]}
[2016-09-15T17:41:07,041][INFO ][org.elasticsearch.transport.local] [node_s_0] --> actively connecting to local node
[2016-09-15T17:41:07,278][INFO ][org.elasticsearch.test.transport] [TS_A] publish_address {local[100]}, bound_addresses {local[100]}
[2016-09-15T17:41:07,280][INFO ][org.elasticsearch.test.transport] [TS_B] publish_address {local[101]}, bound_addresses {local[101]}
[2016-09-15T17:41:07,280][INFO ][org.elasticsearch.transport.local] [node_s_0] --> actively connecting to local node
[2016-09-15T17:41:07,306][INFO ][org.elasticsearch.test.transport] [TS_A] publish_address {local[102]}, bound_addresses {local[102]}
[2016-09-15T17:41:07,307][INFO ][org.elasticsearch.test.transport] [TS_B] publish_address {local[103]}, bound_addresses {local[103]}
[2016-09-15T17:41:07,307][INFO ][org.elasticsearch.transport.local] [node_s_0] --> actively connecting to local node
[2016-09-15T17:41:07,533][WARN ][org.elasticsearch.test.transport] [TS_B] Received response for a request that has timed out, sent [214ms] ago, timed out [105ms] ago, action [sayHelloTimeoutDelayedResponse], node [{TS_A}{E1-yrkbuQEWr3A68JBlnjQ}{local}{local[102]}], id [0]
[2016-09-15T17:41:07,541][INFO ][org.elasticsearch.test.transport] [TS_A] publish_address {local[104]}, bound_addresses {local[104]}
[2016-09-15T17:41:07,542][INFO ][org.elasticsearch.test.transport] [TS_B] publish_address {local[105]}, bound_addresses {local[105]}
[2016-09-15T17:41:07,542][INFO ][org.elasticsearch.transport.local] [node_s_0] --> using local node optimization
[2016-09-15T17:41:07,910][INFO ][org.elasticsearch.test.transport] [TS_A] publish_address {local[106]}, bound_addresses {local[106]}
[2016-09-15T17:41:07,911][INFO ][org.elasticsearch.test.transport] [TS_B] publish_address {local[107]}, bound_addresses {local[107]}
[2016-09-15T17:41:07,911][INFO ][org.elasticsearch.transport.local] [node_s_0] --> actively connecting to local node
[2016-09-15T17:41:08,115][INFO ][org.elasticsearch.test.transport] [TS_A] publish_address {local[108]}, bound_addresses {local[108]}
[2016-09-15T17:41:08,116][INFO ][org.elasticsearch.test.transport] [TS_B] publish_address {local[109]}, bound_addresses {local[109]}
[2016-09-15T17:41:08,117][INFO ][org.elasticsearch.transport.local] [node_s_0] --> actively connecting to local node
[2016-09-15T17:41:08,224][INFO ][org.elasticsearch.test.transport] [TS_A] publish_address {local[110]}, bound_addresses {local[110]}
[2016-09-15T17:41:08,225][INFO ][org.elasticsearch.test.transport] [TS_B] publish_address {local[111]}, bound_addresses {local[111]}
[2016-09-15T17:41:08,225][INFO ][org.elasticsearch.transport.local] [node_s_0] --> using local node optimization
]]></system-out>
   <system-err><![CDATA[]]></system-err>
</testsuite>