<testsuite errors="0" failures="0" tests="40" skipped="1" name="org.elasticsearch.index.shard.IndexShardTests" hostname="nohost.nodomain" time="52.635" timestamp="2016-09-18T13:14:22">
   <properties class="java.util.ArrayList">
      <property name="awt.toolkit" value="sun.awt.windows.WToolkit"/>
      <property name="file.encoding" value="Cp1252"/>
      <property name="file.encoding.pkg" value="sun.io"/>
      <property name="file.separator" value="\"/>
      <property name="java.awt.graphicsenv" value="sun.awt.Win32GraphicsEnvironment"/>
      <property name="java.awt.headless" value="true"/>
      <property name="java.awt.printerjob" value="sun.awt.windows.WPrinterJob"/>
      <property name="java.class.path" value="C:\Users\kmala\workspace\Team3\core\build\classes\test;C:\Users\kmala\workspace\Team3\core\build\resources\test;C:\Users\kmala\workspace\Team3\core\build\classes\main;C:\Users\kmala\workspace\Team3\core\build\resources\main;C:\Users\kmala\.gradle\caches\modules-2\files-2.1\org.apache.lucene\lucene-core\6.2.0\849ee62525a294416802be2cacc66c80352f6f13\lucene-core-6.2.0.jar;C:\Users\kmala\.gradle\caches\modules-2\files-2.1\org.apache.lucene\lucene-analyzers-common\6.2.0\d254d52dd394b5079129f3d5f3bf4f2d44a5936e\lucene-analyzers-common-6.2.0.jar;C:\Users\kmala\.gradle\caches\modules-2\files-2.1\org.apache.lucene\lucene-backward-codecs\6.2.0\b625bb21456b3c0d1e5e431bced125cb060c1abd\lucene-backward-codecs-6.2.0.jar;C:\Users\kmala\.gradle\caches\modules-2\files-2.1\org.apache.lucene\lucene-grouping\6.2.0\9527fedfd5acc624b2bb3f862bd99fb8f470b053\lucene-grouping-6.2.0.jar;C:\Users\kmala\.gradle\caches\modules-2\files-2.1\org.apache.lucene\lucene-highlighter\6.2.0\7ca342372a3f45e32bbd21cecaa757e38eccb8a5\lucene-highlighter-6.2.0.jar;C:\Users\kmala\.gradle\caches\modules-2\files-2.1\org.apache.lucene\lucene-join\6.2.0\da0b8de98511abd4fe9c7d48a353d17854c5ed46\lucene-join-6.2.0.jar;C:\Users\kmala\.gradle\caches\modules-2\files-2.1\org.apache.lucene\lucene-memory\6.2.0\bc9e075b1ee051c8e5246c237c38d8e71dab8a66\lucene-memory-6.2.0.jar;C:\Users\kmala\.gradle\caches\modules-2\files-2.1\org.apache.lucene\lucene-misc\6.2.0\94ddde6312566a4da4a50a88e453b6c82c759b41\lucene-misc-6.2.0.jar;C:\Users\kmala\.gradle\caches\modules-2\files-2.1\org.apache.lucene\lucene-queries\6.2.0\dce47238f78e3e97d91dc6fefa9f46f07866bc2b\lucene-queries-6.2.0.jar;C:\Users\kmala\.gradle\caches\modules-2\files-2.1\org.apache.lucene\lucene-queryparser\6.2.0\17ef728ac15e668bfa1105321611548424637645\lucene-queryparser-6.2.0.jar;C:\Users\kmala\.gradle\caches\modules-2\files-2.1\org.apache.lucene\lucene-sandbox\6.2.0\520183f7b9aba77a26e224760c420a3844b0631a\lucene-sandbox-6.2.0.jar;C:\Users\kmala\.gradle\caches\modules-2\files-2.1\org.apache.lucene\lucene-spatial\6.2.0\8dba929b66927b936fbc76103b109ad6c824daee\lucene-spatial-6.2.0.jar;C:\Users\kmala\.gradle\caches\modules-2\files-2.1\org.apache.lucene\lucene-spatial-extras\6.2.0\3b5a6ef5cd90c0218a72e9e2f7e60104be2447da\lucene-spatial-extras-6.2.0.jar;C:\Users\kmala\.gradle\caches\modules-2\files-2.1\org.apache.lucene\lucene-spatial3d\6.2.0\fcdb0567725722c5145149d1502848b6a96ec18d\lucene-spatial3d-6.2.0.jar;C:\Users\kmala\.gradle\caches\modules-2\files-2.1\org.apache.lucene\lucene-suggest\6.2.0\3d9d526c51f483d27f425c75d7e56bc0849242d6\lucene-suggest-6.2.0.jar;C:\Users\kmala\.gradle\caches\modules-2\files-2.1\org.elasticsearch\securesm\1.1\1e423447d020041534be94c0f31a49fbdc1f2950\securesm-1.1.jar;C:\Users\kmala\.gradle\caches\modules-2\files-2.1\net.sf.jopt-simple\jopt-simple\5.0.2\98cafc6081d5632b61be2c9e60650b64ddbc637c\jopt-simple-5.0.2.jar;C:\Users\kmala\.gradle\caches\modules-2\files-2.1\com.carrotsearch\hppc\0.7.1\8b5057f74ea378c0150a1860874a3ebdcb713767\hppc-0.7.1.jar;C:\Users\kmala\.gradle\caches\modules-2\files-2.1\joda-time\joda-time\2.9.4\1c295b462f16702ebe720bbb08f62e1ba80da41b\joda-time-2.9.4.jar;C:\Users\kmala\.gradle\caches\modules-2\files-2.1\org.joda\joda-convert\1.2\35ec554f0cd00c956cc69051514d9488b1374dec\joda-convert-1.2.jar;C:\Users\kmala\.gradle\caches\modules-2\files-2.1\org.yaml\snakeyaml\1.15\3b132bea69e8ee099f416044970997bde80f4ea6\snakeyaml-1.15.jar;C:\Users\kmala\.gradle\caches\modules-2\files-2.1\com.fasterxml.jackson.core\jackson-core\2.8.1\fd13b1c033741d48291315c6370f7d475a42dccf\jackson-core-2.8.1.jar;C:\Users\kmala\.gradle\caches\modules-2\files-2.1\com.fasterxml.jackson.dataformat\jackson-dataformat-smile\2.8.1\5b73867bc12224946fc67fc8d49d9f5e698d7f\jackson-dataformat-smile-2.8.1.jar;C:\Users\kmala\.gradle\caches\modules-2\files-2.1\com.fasterxml.jackson.dataformat\jackson-dataformat-yaml\2.8.1\eb63166c723b0b4b9fb5298fca232a2f6612ec34\jackson-dataformat-yaml-2.8.1.jar;C:\Users\kmala\.gradle\caches\modules-2\files-2.1\com.fasterxml.jackson.dataformat\jackson-dataformat-cbor\2.8.1\3a6fb7e75c9972559a78cf5cfc5a48a41a13ea40\jackson-dataformat-cbor-2.8.1.jar;C:\Users\kmala\.gradle\caches\modules-2\files-2.1\com.tdunning\t-digest\3.0\84ccf145ac2215e6bfa63baa3101c0af41017cfc\t-digest-3.0.jar;C:\Users\kmala\.gradle\caches\modules-2\files-2.1\org.hdrhistogram\HdrHistogram\2.1.6\7495feb7f71ee124bd2a7e7d83590e296d71d80e\HdrHistogram-2.1.6.jar;C:\Users\kmala\.gradle\caches\modules-2\files-2.1\org.locationtech.spatial4j\spatial4j\0.6\21b15310bddcfd8c72611c180f20cf23279809a3\spatial4j-0.6.jar;C:\Users\kmala\.gradle\caches\modules-2\files-2.1\com.vividsolutions\jts\1.13\3ccfb9b60f04d71add996a666ceb8902904fd805\jts-1.13.jar;C:\Users\kmala\.gradle\caches\modules-2\files-2.1\org.apache.logging.log4j\log4j-api\2.6.2\bd1b74a5d170686362091c7cf596bbc3adf5c09b\log4j-api-2.6.2.jar;C:\Users\kmala\.gradle\caches\modules-2\files-2.1\org.apache.logging.log4j\log4j-core\2.6.2\a91369f655eb1639c6aece5c5eb5108db18306\log4j-core-2.6.2.jar;C:\Users\kmala\.gradle\caches\modules-2\files-2.1\org.apache.logging.log4j\log4j-1.2-api\2.6.2\3b4c5a8b734b6a29b2f03380535a48da6284b210\log4j-1.2-api-2.6.2.jar;C:\Users\kmala\.gradle\caches\modules-2\files-2.1\net.java.dev.jna\jna\4.2.2\5012450aee579c3118ff09461d5ce210e0cdc2a9\jna-4.2.2.jar;C:\Users\kmala\workspace\Team3\test\framework\build\distributions\framework-5.0.0-alpha6-SNAPSHOT.jar;C:\Users\kmala\.gradle\caches\modules-2\files-2.1\com.carrotsearch.randomizedtesting\randomizedtesting-runner\2.3.2\307965917fe8a22b7ee72deba39ef4b8e6ebc069\randomizedtesting-runner-2.3.2.jar;C:\Users\kmala\.gradle\caches\modules-2\files-2.1\junit\junit\4.11\4e031bb61df09069aeb2bffb4019e7a5034a4ee0\junit-4.11.jar;C:\Users\kmala\.gradle\caches\modules-2\files-2.1\org.hamcrest\hamcrest-all\1.3\63a21ebc981131004ad02e0434e799fd7f3a8d5a\hamcrest-all-1.3.jar;C:\Users\kmala\.gradle\caches\modules-2\files-2.1\org.apache.lucene\lucene-test-framework\6.2.0\f5026be3983acfb40d4092dbfbc015ec6e6addab\lucene-test-framework-6.2.0.jar;C:\Users\kmala\.gradle\caches\modules-2\files-2.1\org.apache.lucene\lucene-codecs\6.2.0\99f887266b0ad9f2c286b3976c5bc48c8cd36624\lucene-codecs-6.2.0.jar;C:\Users\kmala\workspace\Team3\client\rest\build\distributions\rest-5.0.0-alpha6-SNAPSHOT.jar;C:\Users\kmala\.gradle\caches\modules-2\files-2.1\org.apache.httpcomponents\httpclient\4.5.2\733db77aa8d9b2d68015189df76ab06304406e50\httpclient-4.5.2.jar;C:\Users\kmala\.gradle\caches\modules-2\files-2.1\org.apache.httpcomponents\httpcore\4.4.5\e7501a1b34325abb00d17dde96150604a0658b54\httpcore-4.4.5.jar;C:\Users\kmala\.gradle\caches\modules-2\files-2.1\commons-logging\commons-logging\1.1.3\f6f66e966c70a83ffbdb6f17a0919eaf7c8aca7f\commons-logging-1.1.3.jar;C:\Users\kmala\.gradle\caches\modules-2\files-2.1\commons-codec\commons-codec\1.10\4b95f4897fa13f2cd904aee711aeafc0c5295cd8\commons-codec-1.10.jar;C:\Users\kmala\.gradle\caches\modules-2\files-2.1\org.elasticsearch\securemock\1.2\98201d4ad5ac93f6b415ae9172d52b5e7cda490e\securemock-1.2.jar;C:\Users\kmala\.gradle\caches\modules-2\files-2.1\org.apache.httpcomponents\httpasyncclient\4.1.2\95aa3e6fb520191a0970a73cf09f62948ee614be\httpasyncclient-4.1.2.jar;C:\Users\kmala\.gradle\caches\modules-2\files-2.1\org.apache.httpcomponents\httpcore-nio\4.4.5\f4be009e7505f6ceddf21e7960c759f413f15056\httpcore-nio-4.4.5.jar;C:\Users\kmala\.gradle\caches\modules-2\files-2.1\com.carrotsearch.randomizedtesting\junit4-ant\2.3.2\dc8f03f6111974092491f35b8269eb0fc57f52f7\junit4-ant-2.3.2.jar"/>
      <property name="java.class.version" value="52.0"/>
      <property name="java.endorsed.dirs" value="C:\Program Files\Java\jdk1.8.0_102\jre\lib\endorsed"/>
      <property name="java.ext.dirs" value="C:\Program Files\Java\jdk1.8.0_102\jre\lib\ext;C:\Windows\Sun\Java\lib\ext"/>
      <property name="java.home" value="C:\Program Files\Java\jdk1.8.0_102\jre"/>
      <property name="java.io.tmpdir" value="./temp"/>
      <property name="java.library.path" value="C:\Program Files\Java\jdk1.8.0_102\bin;C:\Windows\Sun\Java\bin;C:\Windows\system32;C:\Windows;C:\ProgramData\Oracle\Java\javapath;C:\Windows\system32;C:\Windows;C:\Windows\System32\Wbem;C:\Windows\System32\WindowsPowerShell\v1.0\;C:\Program Files (x86)\Skype\Phone\;C:\Tools\curl-7.50.1\bin;C:\Program Files\Git\cmd;C:\Tools\gradle-2.13\bin;C:\Tools\apache-maven-3.3.9\bin;C:\Program Files\doxygen\bin;C:\Tools\sonar-scanner-2.7\bin;C:\Windows\system32\config\systemprofile\.dnx\bin;C:\Program Files\Microsoft DNX\Dnvm\;C:\Program Files\Microsoft SQL Server\120\Tools\Binn\;C:\Users\kmala\AppData\Local\Microsoft\WindowsApps;;."/>
      <property name="java.runtime.name" value="Java(TM) SE Runtime Environment"/>
      <property name="java.runtime.version" value="1.8.0_102-b14"/>
      <property name="java.specification.name" value="Java Platform API Specification"/>
      <property name="java.specification.vendor" value="Oracle Corporation"/>
      <property name="java.specification.version" value="1.8"/>
      <property name="java.vendor" value="Oracle Corporation"/>
      <property name="java.vendor.url" value="http://java.oracle.com/"/>
      <property name="java.vendor.url.bug" value="http://bugreport.sun.com/bugreport/"/>
      <property name="java.version" value="1.8.0_102"/>
      <property name="java.vm.info" value="mixed mode"/>
      <property name="java.vm.name" value="Java HotSpot(TM) 64-Bit Server VM"/>
      <property name="java.vm.specification.name" value="Java Virtual Machine Specification"/>
      <property name="java.vm.specification.vendor" value="Oracle Corporation"/>
      <property name="java.vm.specification.version" value="1.8"/>
      <property name="java.vm.vendor" value="Oracle Corporation"/>
      <property name="java.vm.version" value="25.102-b14"/>
      <property name="jna.nosys" value="true"/>
      <property name="junit4.childvm.count" value="3"/>
      <property name="junit4.childvm.cwd" value="C:\Users\kmala\workspace\Team3\core\build\testrun\test\J1"/>
      <property name="junit4.childvm.id" value="1"/>
      <property name="junit4.memory.total" value="514850816"/>
      <property name="junit4.pidString" value="6664@DESKTOP-HP7QPF3"/>
      <property name="junit4.processors" value="4"/>
      <property name="line.separator" value="
"/>
      <property name="os.arch" value="amd64"/>
      <property name="os.name" value="Windows 10"/>
      <property name="os.version" value="10.0"/>
      <property name="path.separator" value=";"/>
      <property name="sun.arch.data.model" value="64"/>
      <property name="sun.boot.class.path" value="C:\Program Files\Java\jdk1.8.0_102\jre\lib\resources.jar;C:\Program Files\Java\jdk1.8.0_102\jre\lib\rt.jar;C:\Program Files\Java\jdk1.8.0_102\jre\lib\sunrsasign.jar;C:\Program Files\Java\jdk1.8.0_102\jre\lib\jsse.jar;C:\Program Files\Java\jdk1.8.0_102\jre\lib\jce.jar;C:\Program Files\Java\jdk1.8.0_102\jre\lib\charsets.jar;C:\Program Files\Java\jdk1.8.0_102\jre\lib\jfr.jar;C:\Program Files\Java\jdk1.8.0_102\jre\classes"/>
      <property name="sun.boot.library.path" value="C:\Program Files\Java\jdk1.8.0_102\jre\bin"/>
      <property name="sun.cpu.endian" value="little"/>
      <property name="sun.cpu.isalist" value="amd64"/>
      <property name="sun.desktop" value="windows"/>
      <property name="sun.io.unicode.encoding" value="UnicodeLittle"/>
      <property name="sun.java.command" value="com.carrotsearch.ant.tasks.junit4.slave.SlaveMainSafe -eventsfile C:\Users\kmala\workspace\Team3\core\build\testrun\test\temp\junit4-J1-20160918_131412_265.events @C:\Users\kmala\workspace\Team3\core\build\testrun\test\temp\junit4-J1-20160918_131412_265.suites -stdin"/>
      <property name="sun.java.launcher" value="SUN_STANDARD"/>
      <property name="sun.jnu.encoding" value="Cp1252"/>
      <property name="sun.management.compiler" value="HotSpot 64-Bit Tiered Compilers"/>
      <property name="sun.os.patch.level" value=""/>
      <property name="tests.artifact" value="core"/>
      <property name="tests.gradle" value="true"/>
      <property name="tests.ifNoTests" value="fail"/>
      <property name="tests.logger.level" value="WARN"/>
      <property name="tests.prefix" value="tests"/>
      <property name="tests.security.manager" value="true"/>
      <property name="tests.seed" value="DB64F96F238DCA2A"/>
      <property name="tests.task" value=":core:test"/>
      <property name="user.country" value="US"/>
      <property name="user.dir" value="C:\Users\kmala\workspace\Team3\core\build\testrun\test\J1"/>
      <property name="user.home" value="C:\Users\kmala"/>
      <property name="user.language" value="en"/>
      <property name="user.name" value="kmala"/>
      <property name="user.script" value=""/>
      <property name="user.timezone" value=""/>
      <property name="user.variant" value=""/>
   </properties>
   <testcase classname="org.elasticsearch.index.shard.IndexShardTests" name="testUpdatePriority" time="14.287"/>
   <testcase classname="org.elasticsearch.index.shard.IndexShardTests" name="testDelayedOperationsBeforeAndAfterRelocated" time="0.209"/>
   <testcase classname="org.elasticsearch.index.shard.IndexShardTests" name="testLockTryingToDelete" time="0.29"/>
   <testcase classname="org.elasticsearch.index.shard.IndexShardTests" name="testRecoverFromStore" time="4.39"/>
   <testcase classname="org.elasticsearch.index.shard.IndexShardTests" name="testRecoverIntoLeftover" time="0.831"/>
   <testcase classname="org.elasticsearch.index.shard.IndexShardTests" name="testMaybeFlush" time="2.909"/>
   <testcase classname="org.elasticsearch.index.shard.IndexShardTests" name="testRestoreShard" time="1.629"/>
   <testcase classname="org.elasticsearch.index.shard.IndexShardTests" name="testSearcherWrapperIsUsed" time="2.616"/>
   <testcase classname="org.elasticsearch.index.shard.IndexShardTests" name="testShardStateMetaHashCodeEquals" time="0.075"/>
   <testcase classname="org.elasticsearch.index.shard.IndexShardTests" name="testSearchIsReleaseIfWrapperFails" time="1.433"/>
   <testcase classname="org.elasticsearch.index.shard.IndexShardTests" name="testShardHasMemoryBufferOnTranslogRecover" time="3.218"/>
   <testcase classname="org.elasticsearch.index.shard.IndexShardTests" name="testRecoveryFailsAfterMovingToRelocatedState" time="0.227"/>
   <testcase classname="org.elasticsearch.index.shard.IndexShardTests" name="testIndexDirIsDeletedWhenShardRemoved" time="0.858"/>
   <testcase classname="org.elasticsearch.index.shard.IndexShardTests" name="testRecoverFromLocalShard" time="1.957"/>
   <testcase classname="org.elasticsearch.index.shard.IndexShardTests" name="testIndexingOperationsListeners" time="1.739"/>
   <testcase classname="org.elasticsearch.index.shard.IndexShardTests" name="testIndexCanChangeCustomDataPath" time="1.171"/>
   <testcase classname="org.elasticsearch.index.shard.IndexShardTests" name="testShardStats" time="0.171">
      <skipped></skipped>
   </testcase>
   <testcase classname="org.elasticsearch.index.shard.IndexShardTests" name="testMinimumCompatVersion" time="0.607"/>
   <testcase classname="org.elasticsearch.index.shard.IndexShardTests" name="testPersistenceStateMetadataPersistence" time="0.408"/>
   <testcase classname="org.elasticsearch.index.shard.IndexShardTests" name="testFailIfIndexNotPresentInRecoverFromStore" time="0.504"/>
   <testcase classname="org.elasticsearch.index.shard.IndexShardTests" name="testStressMaybeFlush" time="1.197"/>
   <testcase classname="org.elasticsearch.index.shard.IndexShardTests" name="testSearcherWrapperWorksWithGlobaOrdinals" time="1.411"/>
   <testcase classname="org.elasticsearch.index.shard.IndexShardTests" name="testLockingBeforeAndAfterRelocated" time="0.197"/>
   <testcase classname="org.elasticsearch.index.shard.IndexShardTests" name="testIndexingBufferDuringPeerRecovery" time="0.219"/>
   <testcase classname="org.elasticsearch.index.shard.IndexShardTests" name="testStressRelocated" time="0.177"/>
   <testcase classname="org.elasticsearch.index.shard.IndexShardTests" name="testDurableFlagHasEffect" time="0.486"/>
   <testcase classname="org.elasticsearch.index.shard.IndexShardTests" name="testAsyncFsync" time="0.795"/>
   <testcase classname="org.elasticsearch.index.shard.IndexShardTests" name="testFailShard" time="0.318"/>
   <testcase classname="org.elasticsearch.index.shard.IndexShardTests" name="testAcquireIndexCommit" time="1.09"/>
   <testcase classname="org.elasticsearch.index.shard.IndexShardTests" name="testIndexingOperationListnenersIsInvokedOnRecovery" time="1.023"/>
   <testcase classname="org.elasticsearch.index.shard.IndexShardTests" name="testIndexingBufferDuringInternalRecovery" time="0.252"/>
   <testcase classname="org.elasticsearch.index.shard.IndexShardTests" name="testRecoverFromCleanStore" time="0.289"/>
   <testcase classname="org.elasticsearch.index.shard.IndexShardTests" name="testDeleteIndexPreventsNewOperations" time="0.166"/>
   <testcase classname="org.elasticsearch.index.shard.IndexShardTests" name="testExpectedShardSizeIsPresent" time="0.874"/>
   <testcase classname="org.elasticsearch.index.shard.IndexShardTests" name="testSnapshotStore" time="0.594"/>
   <testcase classname="org.elasticsearch.index.shard.IndexShardTests" name="testMarkAsInactiveTriggersSyncedFlush" time="0.43"/>
   <testcase classname="org.elasticsearch.index.shard.IndexShardTests" name="testOperationLocksOnPrimaryShards" time="0.29"/>
   <testcase classname="org.elasticsearch.index.shard.IndexShardTests" name="testWriteShardState" time="0.39"/>
   <testcase classname="org.elasticsearch.index.shard.IndexShardTests" name="testOperationLocksOnReplicaShards" time="0.462"/>
   <testcase classname="org.elasticsearch.index.shard.IndexShardTests" name="testTranslogRecoverySyncsTranslog" time="0.928"/>
   <system-out><![CDATA[[2016-09-18T05:14:22,945][INFO ][org.elasticsearch.node   ] [node_s_0] initializing ...
[2016-09-18T05:14:23,340][INFO ][org.elasticsearch.env    ] [node_s_0] using [1] data paths, mounts [[(C:)]], net usable_space [704.6gb], net total_space [780.6gb], spins? [unknown], types [NTFS]
[2016-09-18T05:14:23,341][INFO ][org.elasticsearch.env    ] [node_s_0] heap size [491mb], compressed ordinary object pointers [true]
[2016-09-18T05:14:23,352][INFO ][org.elasticsearch.node   ] [node_s_0] version[5.0.0-alpha6-SNAPSHOT], pid[6664], build[Unknown/Unknown], OS[Windows 10/10.0/amd64], JVM[Oracle Corporation/Java HotSpot(TM) 64-Bit Server VM/1.8.0_102/25.102-b14]
[2016-09-18T05:14:23,371][INFO ][org.elasticsearch.plugins] [node_s_0] no modules loaded
[2016-09-18T05:14:23,373][INFO ][org.elasticsearch.plugins] [node_s_0] loaded plugin [org.elasticsearch.test.InternalSettingsPlugin]
[2016-09-18T05:14:34,988][INFO ][org.elasticsearch.node   ] [node_s_0] initialized
[2016-09-18T05:14:34,991][INFO ][org.elasticsearch.node   ] [node_s_0] starting ...
[2016-09-18T05:14:35,008][INFO ][org.elasticsearch.transport] [node_s_0] publish_address {local[1]}, bound_addresses {local[1]}
[2016-09-18T05:14:35,071][INFO ][org.elasticsearch.cluster.service] [node_s_0] new_master {node_s_0}{t0VwVyfzR3-TRmUPAVmQAw}{GIj5M-y2QjGtlO855KK-Cw}{local}{local[1]}, reason: local-disco-initial_connect(master)
[2016-09-18T05:14:35,090][INFO ][org.elasticsearch.node   ] [node_s_0] started
[2016-09-18T05:14:35,234][INFO ][org.elasticsearch.gateway] [node_s_0] recovered [0] indices into cluster_state
[2016-09-18T05:14:35,788][INFO ][org.elasticsearch.cluster.metadata] [node_s_0] [test] creating index, cause [api], templates [random_index_template], shards [1]/[0], mappings []
[2016-09-18T05:14:36,454][INFO ][org.elasticsearch.cluster.routing.allocation] [node_s_0] Cluster health status changed from [YELLOW] to [GREEN] (reason: [shards started [[test][0]] ...]).
[2016-09-18T05:14:36,554][INFO ][org.elasticsearch.index.shard] [node_s_0] [test][0] [IndexShardTests#testUpdatePriority]: cleaning up after test
[2016-09-18T05:14:36,644][INFO ][org.elasticsearch.cluster.metadata] [node_s_0] [test] creating index, cause [api], templates [random_index_template], shards [1]/[0], mappings []
[2016-09-18T05:14:36,732][INFO ][org.elasticsearch.cluster.routing.allocation] [node_s_0] Cluster health status changed from [YELLOW] to [GREEN] (reason: [shards started [[test][0]] ...]).
[2016-09-18T05:14:36,792][INFO ][org.elasticsearch.index.shard] [node_s_0] [test][0] [IndexShardTests#testDelayedOperationsBeforeAndAfterRelocated]: cleaning up after test
[2016-09-18T05:14:36,859][INFO ][org.elasticsearch.cluster.metadata] [node_s_0] [test] creating index, cause [api], templates [random_index_template], shards [1]/[0], mappings []
[2016-09-18T05:14:37,038][INFO ][org.elasticsearch.cluster.routing.allocation] [node_s_0] Cluster health status changed from [YELLOW] to [GREEN] (reason: [shards started [[test][0]] ...]).
[2016-09-18T05:14:37,073][INFO ][org.elasticsearch.index.shard] [node_s_0] [test][0] --> paths: [[C:\Users\kmala\workspace\Team3\core\build\testrun\test\J1\temp\org.elasticsearch.index.shard.IndexShardTests_DB64F96F238DCA2A-001\tempDir-001\data\nodes\0\indices\E6HqRQz4TQKTpirheLjGnw\0]]
[2016-09-18T05:14:37,091][INFO ][org.elasticsearch.index.shard] [node_s_0] [test][0] [IndexShardTests#testLockTryingToDelete]: cleaning up after test
[2016-09-18T05:14:37,145][INFO ][org.elasticsearch.cluster.metadata] [node_s_0] [test] creating index, cause [api], templates [random_index_template], shards [1]/[0], mappings []
[2016-09-18T05:14:37,238][INFO ][org.elasticsearch.cluster.routing.allocation] [node_s_0] Cluster health status changed from [YELLOW] to [GREEN] (reason: [shards started [[test][0]] ...]).
[2016-09-18T05:14:37,695][INFO ][org.elasticsearch.cluster.metadata] [node_s_0] [test/WsUF6ekFQdu7DtKsQWnqTw] create_mapping [test]
[2016-09-18T05:14:41,117][INFO ][org.elasticsearch.index.shard] [node_s_0] [test][0] [IndexShardTests#testRecoverFromStore]: cleaning up after test
[2016-09-18T05:14:41,536][INFO ][org.elasticsearch.cluster.metadata] [node_s_0] [test] creating index, cause [api], templates [random_index_template], shards [1]/[0], mappings []
[2016-09-18T05:14:41,796][INFO ][org.elasticsearch.cluster.routing.allocation] [node_s_0] Cluster health status changed from [YELLOW] to [GREEN] (reason: [shards started [[test][0]] ...]).
[2016-09-18T05:14:41,820][INFO ][org.elasticsearch.cluster.metadata] [node_s_0] [test/WMRtcjUGQhi0nxTNuUrVBg] create_mapping [bar]
[2016-09-18T05:14:42,057][INFO ][org.elasticsearch.cluster.metadata] [node_s_0] closing indices [[[test/WMRtcjUGQhi0nxTNuUrVBg]]]
[2016-09-18T05:14:42,116][INFO ][org.elasticsearch.cluster.metadata] [node_s_0] [test] creating index, cause [api], templates [random_index_template], shards [1]/[0], mappings []
[2016-09-18T05:14:42,238][INFO ][org.elasticsearch.cluster.routing.allocation] [node_s_0] Cluster health status changed from [YELLOW] to [GREEN] (reason: [shards started [[test][0]] ...]).
[2016-09-18T05:14:42,275][INFO ][org.elasticsearch.index.shard] [node_s_0] [test][0] [IndexShardTests#testRecoverIntoLeftover]: cleaning up after test
[2016-09-18T05:14:42,384][INFO ][org.elasticsearch.cluster.metadata] [node_s_0] [test] creating index, cause [api], templates [random_index_template], shards [1]/[0], mappings []
[2016-09-18T05:14:42,498][INFO ][org.elasticsearch.cluster.routing.allocation] [node_s_0] Cluster health status changed from [YELLOW] to [GREEN] (reason: [shards started [[test][0]] ...]).
[2016-09-18T05:14:42,630][INFO ][org.elasticsearch.common.settings] [node_s_0] updating [index.translog.flush_threshold_size] from [512mb] to [133b]
[2016-09-18T05:14:42,633][INFO ][org.elasticsearch.common.settings] [node_s_0] updating [index.translog.flush_threshold_size] from [512mb] to [133b]
[2016-09-18T05:14:42,662][INFO ][org.elasticsearch.cluster.metadata] [node_s_0] [test/KFjT7FKdSsCqa6nu74xduw] create_mapping [test]
[2016-09-18T05:14:43,424][INFO ][org.elasticsearch.index.shard] [node_s_0] [test][0] --> current translog size: [43] num_ops [0] generation [org.elasticsearch.index.translog.Translog$TranslogGeneration@2c708091]
[2016-09-18T05:14:43,443][INFO ][org.elasticsearch.common.settings] [node_s_0] updating [index.translog.flush_threshold_size] from [133b] to [43b]
[2016-09-18T05:14:43,445][INFO ][org.elasticsearch.common.settings] [node_s_0] updating [index.translog.flush_threshold_size] from [133b] to [43b]
[2016-09-18T05:14:43,845][INFO ][org.elasticsearch.index.shard] [node_s_0] [test][0] --> translog size after delete: [117] num_ops [1] generation [org.elasticsearch.index.translog.Translog$TranslogGeneration@790e00c5]
[2016-09-18T05:14:43,846][INFO ][org.elasticsearch.index.shard] [node_s_0] [test][0] --> translog size on iter  : [117] num_ops [1] generation [org.elasticsearch.index.translog.Translog$TranslogGeneration@24e1d15e]
[2016-09-18T05:14:43,847][INFO ][org.elasticsearch.index.shard] [node_s_0] [test][0] --> translog size on iter  : [117] num_ops [1] generation [org.elasticsearch.index.translog.Translog$TranslogGeneration@9a7e4a]
[2016-09-18T05:14:43,850][INFO ][org.elasticsearch.index.shard] [node_s_0] [test][0] --> translog size on iter  : [117] num_ops [1] generation [org.elasticsearch.index.translog.Translog$TranslogGeneration@91b5eb4]
[2016-09-18T05:14:43,855][INFO ][org.elasticsearch.index.shard] [node_s_0] [test][0] --> translog size on iter  : [117] num_ops [1] generation [org.elasticsearch.index.translog.Translog$TranslogGeneration@68252cfb]
[2016-09-18T05:14:43,864][INFO ][org.elasticsearch.index.shard] [node_s_0] [test][0] --> translog size on iter  : [117] num_ops [1] generation [org.elasticsearch.index.translog.Translog$TranslogGeneration@42e47b80]
[2016-09-18T05:14:43,882][INFO ][org.elasticsearch.index.shard] [node_s_0] [test][0] --> translog size on iter  : [117] num_ops [1] generation [org.elasticsearch.index.translog.Translog$TranslogGeneration@115f35b8]
[2016-09-18T05:14:44,047][INFO ][org.elasticsearch.index.shard] [node_s_0] [test][0] --> translog size on iter  : [117] num_ops [1] generation [org.elasticsearch.index.translog.Translog$TranslogGeneration@42e237d9]
[2016-09-18T05:14:44,144][INFO ][org.elasticsearch.index.shard] [node_s_0] [test][0] --> translog size on iter  : [117] num_ops [1] generation [org.elasticsearch.index.translog.Translog$TranslogGeneration@361998a]
[2016-09-18T05:14:44,466][INFO ][org.elasticsearch.index.shard] [node_s_0] [test][0] --> translog size on iter  : [117] num_ops [1] generation [org.elasticsearch.index.translog.Translog$TranslogGeneration@6238da1d]
[2016-09-18T05:14:44,799][INFO ][org.elasticsearch.index.shard] [node_s_0] [test][0] --> translog size on iter  : [43] num_ops [0] generation [org.elasticsearch.index.translog.Translog$TranslogGeneration@aa2d117]
[2016-09-18T05:14:44,800][INFO ][org.elasticsearch.index.shard] [node_s_0] [test][0] [IndexShardTests#testMaybeFlush]: cleaning up after test
[2016-09-18T05:14:45,282][INFO ][org.elasticsearch.cluster.metadata] [node_s_0] [test] creating index, cause [api], templates [random_index_template], shards [1]/[0], mappings []
[2016-09-18T05:14:45,736][INFO ][org.elasticsearch.cluster.routing.allocation] [node_s_0] Cluster health status changed from [YELLOW] to [GREEN] (reason: [shards started [[test][0]] ...]).
[2016-09-18T05:14:45,768][INFO ][org.elasticsearch.cluster.metadata] [node_s_0] [test_target] creating index, cause [api], templates [random_index_template], shards [1]/[0], mappings []
[2016-09-18T05:14:45,956][INFO ][org.elasticsearch.cluster.routing.allocation] [node_s_0] Cluster health status changed from [YELLOW] to [GREEN] (reason: [shards started [[test_target][0]] ...]).
[2016-09-18T05:14:45,993][INFO ][org.elasticsearch.cluster.metadata] [node_s_0] [test/T4vkMi7lTiuOD5Kir7LTVg] create_mapping [test]
[2016-09-18T05:14:46,029][INFO ][org.elasticsearch.cluster.metadata] [node_s_0] [test_target/OJdBwm0HSa-RMDRkXLUFxQ] create_mapping [test]
[2016-09-18T05:14:46,832][INFO ][org.elasticsearch.index.shard] [node_s_0] [test_target][0] [IndexShardTests#testRestoreShard]: cleaning up after test
[2016-09-18T05:14:46,902][INFO ][org.elasticsearch.cluster.metadata] [node_s_0] [test] creating index, cause [api], templates [random_index_template], shards [1]/[0], mappings []
[2016-09-18T05:14:46,991][INFO ][org.elasticsearch.cluster.routing.allocation] [node_s_0] Cluster health status changed from [YELLOW] to [GREEN] (reason: [shards started [[test][0]] ...]).
[2016-09-18T05:14:47,101][INFO ][org.elasticsearch.cluster.metadata] [node_s_0] [test/_m87PKctQ6ySD9gP8BbOmw] create_mapping [test]
[2016-09-18T05:14:47,908][INFO ][org.elasticsearch.cluster.metadata] [node_s_0] [test/_m87PKctQ6ySD9gP8BbOmw] update_mapping [test]
[2016-09-18T05:14:49,472][INFO ][org.elasticsearch.index.shard] [node_s_0] [test][0] [IndexShardTests#testSearcherWrapperIsUsed]: cleaning up after test
[2016-09-18T05:14:49,583][INFO ][org.elasticsearch.index.shard] [node_s_0] [test][0] [IndexShardTests#testShardStateMetaHashCodeEquals]: cleaning up after test
[2016-09-18T05:14:49,600][INFO ][org.elasticsearch.cluster.metadata] [node_s_0] [test] creating index, cause [api], templates [random_index_template], shards [1]/[0], mappings []
[2016-09-18T05:14:49,938][INFO ][org.elasticsearch.cluster.routing.allocation] [node_s_0] Cluster health status changed from [YELLOW] to [GREEN] (reason: [shards started [[test][0]] ...]).
[2016-09-18T05:14:49,994][INFO ][org.elasticsearch.cluster.metadata] [node_s_0] [test/nKn5M4emTBKiz6NgGOHOJA] create_mapping [test]
[2016-09-18T05:14:50,991][INFO ][org.elasticsearch.index.shard] [node_s_0] [test][0] [IndexShardTests#testSearchIsReleaseIfWrapperFails]: cleaning up after test
[2016-09-18T05:14:51,028][INFO ][org.elasticsearch.cluster.metadata] [node_s_0] [test] creating index, cause [api], templates [random_index_template], shards [1]/[0], mappings []
[2016-09-18T05:14:51,186][INFO ][org.elasticsearch.cluster.routing.allocation] [node_s_0] Cluster health status changed from [YELLOW] to [GREEN] (reason: [shards started [[test][0]] ...]).
[2016-09-18T05:14:51,219][INFO ][org.elasticsearch.cluster.metadata] [node_s_0] [test/VfS6hF35R3K_4vvuDwWBYA] create_mapping [test]
[2016-09-18T05:14:54,196][INFO ][org.elasticsearch.index.shard] [node_s_0] [test][0] [IndexShardTests#testShardHasMemoryBufferOnTranslogRecover]: cleaning up after test
[2016-09-18T05:14:54,246][INFO ][org.elasticsearch.cluster.metadata] [node_s_0] [test] creating index, cause [api], templates [random_index_template], shards [1]/[0], mappings []
[2016-09-18T05:14:54,373][INFO ][org.elasticsearch.cluster.routing.allocation] [node_s_0] Cluster health status changed from [YELLOW] to [GREEN] (reason: [shards started [[test][0]] ...]).
[2016-09-18T05:14:54,421][INFO ][org.elasticsearch.index.shard] [node_s_0] [test][0] [IndexShardTests#testRecoveryFailsAfterMovingToRelocatedState]: cleaning up after test
[2016-09-18T05:14:54,467][INFO ][org.elasticsearch.index.shard] [node_s_0] [test][0] --> idxPath: [C:\Users\kmala\workspace\Team3\core\build\testrun\test\J1\temp\org.elasticsearch.index.shard.IndexShardTests_DB64F96F238DCA2A-001\fwEYnOpSIP]
[2016-09-18T05:14:54,473][INFO ][org.elasticsearch.cluster.metadata] [node_s_0] [test] creating index, cause [api], templates [random_index_template], shards [1]/[0], mappings []
[2016-09-18T05:14:54,598][INFO ][org.elasticsearch.cluster.routing.allocation] [node_s_0] Cluster health status changed from [YELLOW] to [GREEN] (reason: [shards started [[test][0]] ...]).
[2016-09-18T05:14:54,663][INFO ][org.elasticsearch.cluster.metadata] [node_s_0] [test/97eR_vrXSGaDBVtFmxn_xQ] create_mapping [bar]
[2016-09-18T05:14:55,317][INFO ][org.elasticsearch.index.shard] [node_s_0] [test][0] --> checking that [C:\Users\kmala\workspace\Team3\core\build\testrun\test\J1\temp\org.elasticsearch.index.shard.IndexShardTests_DB64F96F238DCA2A-001\fwEYnOpSIP] has been cleared
[2016-09-18T05:14:55,318][INFO ][org.elasticsearch.index.shard] [node_s_0] [test][0] --> found file: [C:\Users\kmala\workspace\Team3\core\build\testrun\test\J1\temp\org.elasticsearch.index.shard.IndexShardTests_DB64F96F238DCA2A-001\fwEYnOpSIP\0]
[2016-09-18T05:14:55,318][INFO ][org.elasticsearch.index.shard] [node_s_0] [test][0] --> checking that [C:\Users\kmala\workspace\Team3\core\build\testrun\test\J1\temp\org.elasticsearch.index.shard.IndexShardTests_DB64F96F238DCA2A-001\fwEYnOpSIP\0] has been cleared
[2016-09-18T05:14:55,319][INFO ][org.elasticsearch.index.shard] [node_s_0] [test][0] [IndexShardTests#testIndexDirIsDeletedWhenShardRemoved]: cleaning up after test
[2016-09-18T05:14:55,332][INFO ][org.elasticsearch.cluster.metadata] [node_s_0] [index] creating index, cause [api], templates [random_index_template], shards [1]/[0], mappings []
[2016-09-18T05:14:55,459][INFO ][org.elasticsearch.cluster.routing.allocation] [node_s_0] Cluster health status changed from [YELLOW] to [GREEN] (reason: [shards started [[index][0]] ...]).
[2016-09-18T05:14:55,517][INFO ][org.elasticsearch.cluster.metadata] [node_s_0] [index_1] creating index, cause [api], templates [random_index_template], shards [1]/[0], mappings []
[2016-09-18T05:14:55,590][INFO ][org.elasticsearch.cluster.routing.allocation] [node_s_0] Cluster health status changed from [YELLOW] to [GREEN] (reason: [shards started [[index_1][0]] ...]).
[2016-09-18T05:14:55,612][INFO ][org.elasticsearch.cluster.metadata] [node_s_0] [index_2] creating index, cause [api], templates [random_index_template], shards [1]/[0], mappings []
[2016-09-18T05:14:55,684][INFO ][org.elasticsearch.cluster.routing.allocation] [node_s_0] Cluster health status changed from [YELLOW] to [GREEN] (reason: [shards started [[index_2][0]] ...]).
[2016-09-18T05:14:55,703][INFO ][org.elasticsearch.cluster.metadata] [node_s_0] [index/UThOX7WNRPaORcCo1lElfg] create_mapping [test]
[2016-09-18T05:14:56,276][INFO ][org.elasticsearch.cluster.metadata] [node_s_0] [index_1/nr7G87gnQAaG6AAxjAaXlw] create_mapping [test]
[2016-09-18T05:14:57,143][INFO ][org.elasticsearch.index.shard] [node_s_0] [index_1][0] [IndexShardTests#testRecoverFromLocalShard]: cleaning up after test
[2016-09-18T05:14:57,187][WARN ][org.elasticsearch.indices] [index_1/nr7G87gnQAaG6AAxjAaXlw] failed to delete index
java.io.IOException: Could not remove the following files (in the order of attempts):
   C:\Users\kmala\workspace\Team3\core\build\testrun\test\J1\temp\org.elasticsearch.index.shard.IndexShardTests_DB64F96F238DCA2A-001\tempDir-001\data\nodes\0\indices\nr7G87gnQAaG6AAxjAaXlw\0\index\_0.cfs: java.nio.file.AccessDeniedException: C:\Users\kmala\workspace\Team3\core\build\testrun\test\J1\temp\org.elasticsearch.index.shard.IndexShardTests_DB64F96F238DCA2A-001\tempDir-001\data\nodes\0\indices\nr7G87gnQAaG6AAxjAaXlw\0\index\_0.cfs
   C:\Users\kmala\workspace\Team3\core\build\testrun\test\J1\temp\org.elasticsearch.index.shard.IndexShardTests_DB64F96F238DCA2A-001\tempDir-001\data\nodes\0\indices\nr7G87gnQAaG6AAxjAaXlw\0\index\_1.cfs: java.nio.file.AccessDeniedException: C:\Users\kmala\workspace\Team3\core\build\testrun\test\J1\temp\org.elasticsearch.index.shard.IndexShardTests_DB64F96F238DCA2A-001\tempDir-001\data\nodes\0\indices\nr7G87gnQAaG6AAxjAaXlw\0\index\_1.cfs
   C:\Users\kmala\workspace\Team3\core\build\testrun\test\J1\temp\org.elasticsearch.index.shard.IndexShardTests_DB64F96F238DCA2A-001\tempDir-001\data\nodes\0\indices\nr7G87gnQAaG6AAxjAaXlw\0\index: java.nio.file.DirectoryNotEmptyException: C:\Users\kmala\workspace\Team3\core\build\testrun\test\J1\temp\org.elasticsearch.index.shard.IndexShardTests_DB64F96F238DCA2A-001\tempDir-001\data\nodes\0\indices\nr7G87gnQAaG6AAxjAaXlw\0\index
   C:\Users\kmala\workspace\Team3\core\build\testrun\test\J1\temp\org.elasticsearch.index.shard.IndexShardTests_DB64F96F238DCA2A-001\tempDir-001\data\nodes\0\indices\nr7G87gnQAaG6AAxjAaXlw\0: java.nio.file.DirectoryNotEmptyException: C:\Users\kmala\workspace\Team3\core\build\testrun\test\J1\temp\org.elasticsearch.index.shard.IndexShardTests_DB64F96F238DCA2A-001\tempDir-001\data\nodes\0\indices\nr7G87gnQAaG6AAxjAaXlw\0
   C:\Users\kmala\workspace\Team3\core\build\testrun\test\J1\temp\org.elasticsearch.index.shard.IndexShardTests_DB64F96F238DCA2A-001\tempDir-001\data\nodes\0\indices\nr7G87gnQAaG6AAxjAaXlw: java.nio.file.DirectoryNotEmptyException: C:\Users\kmala\workspace\Team3\core\build\testrun\test\J1\temp\org.elasticsearch.index.shard.IndexShardTests_DB64F96F238DCA2A-001\tempDir-001\data\nodes\0\indices\nr7G87gnQAaG6AAxjAaXlw

	at org.apache.lucene.util.IOUtils.rm(IOUtils.java:323) ~[lucene-core-6.2.0.jar:6.2.0 764d0f19151dbff6f5fcd9fc4b2682cf934590c5 - mike - 2016-08-20 05:39:36]
	at org.elasticsearch.env.NodeEnvironment.deleteIndexDirectoryUnderLock(NodeEnvironment.java:545) ~[main/:?]
	at org.elasticsearch.env.NodeEnvironment.deleteIndexDirectorySafe(NodeEnvironment.java:529) ~[main/:?]
	at org.elasticsearch.indices.IndicesService.deleteIndexStoreIfDeletionAllowed(IndicesService.java:638) [main/:?]
	at org.elasticsearch.indices.IndicesService.deleteIndexStore(IndicesService.java:625) [main/:?]
	at org.elasticsearch.indices.IndicesService.removeIndex(IndicesService.java:513) [main/:?]
	at org.elasticsearch.indices.IndicesService.deleteIndex(IndicesService.java:568) [main/:?]
	at org.elasticsearch.indices.cluster.IndicesClusterStateService.deleteIndices(IndicesClusterStateService.java:249) [main/:?]
	at org.elasticsearch.indices.cluster.IndicesClusterStateService.clusterChanged(IndicesClusterStateService.java:183) [main/:?]
	at org.elasticsearch.cluster.service.ClusterService.runTasksForExecutor(ClusterService.java:708) [main/:?]
	at org.elasticsearch.cluster.service.ClusterService$UpdateTask.run(ClusterService.java:894) [main/:?]
	at org.elasticsearch.common.util.concurrent.ThreadContext$ContextPreservingRunnable.run(ThreadContext.java:444) [main/:?]
	at org.elasticsearch.common.util.concurrent.PrioritizedEsThreadPoolExecutor$TieBreakingPrioritizedRunnable.runAndClean(PrioritizedEsThreadPoolExecutor.java:237) [main/:?]
	at org.elasticsearch.common.util.concurrent.PrioritizedEsThreadPoolExecutor$TieBreakingPrioritizedRunnable.run(PrioritizedEsThreadPoolExecutor.java:200) [main/:?]
	at java.util.concurrent.ThreadPoolExecutor.runWorker(ThreadPoolExecutor.java:1142) [?:1.8.0_102]
	at java.util.concurrent.ThreadPoolExecutor$Worker.run(ThreadPoolExecutor.java:617) [?:1.8.0_102]
	at java.lang.Thread.run(Thread.java:745) [?:1.8.0_102]
[2016-09-18T05:14:57,239][WARN ][org.elasticsearch.indices] [node_s_0] [index_1/nr7G87gnQAaG6AAxjAaXlw] still pending deletes present for shards [[[index_1/nr7G87gnQAaG6AAxjAaXlw]], [[index_1/nr7G87gnQAaG6AAxjAaXlw]][0]] - retrying
[2016-09-18T05:14:57,287][INFO ][org.elasticsearch.cluster.metadata] [node_s_0] [test_iol] creating index, cause [api], templates [random_index_template], shards [1]/[0], mappings []
[2016-09-18T05:14:57,378][INFO ][org.elasticsearch.cluster.routing.allocation] [node_s_0] Cluster health status changed from [YELLOW] to [GREEN] (reason: [shards started [[test_iol][0]] ...]).
[2016-09-18T05:14:57,401][INFO ][org.elasticsearch.cluster.metadata] [node_s_0] [test_iol/ep4_vYUoSwOTmL6BKHmayA] create_mapping [test]
[2016-09-18T05:14:58,970][INFO ][org.elasticsearch.index.shard] [node_s_0] [test_iol][0] [IndexShardTests#testIndexingOperationsListeners]: cleaning up after test
[2016-09-18T05:14:59,022][INFO ][org.elasticsearch.index.shard] [node_s_0] [test_iol][0] --> start dir: [C:\Users\kmala\workspace\Team3\core\build\testrun\test\J1\temp\org.elasticsearch.index.shard.IndexShardTests_DB64F96F238DCA2A-001\KhRUHcgyTc\start-IMVGaHwkTj]
[2016-09-18T05:14:59,023][INFO ][org.elasticsearch.index.shard] [node_s_0] [test_iol][0] -->   end dir: [C:\Users\kmala\workspace\Team3\core\build\testrun\test\J1\temp\org.elasticsearch.index.shard.IndexShardTests_DB64F96F238DCA2A-001\KhRUHcgyTc\end-TlatKejqyX]
[2016-09-18T05:14:59,024][INFO ][org.elasticsearch.index.shard] [node_s_0] [test_iol][0] --> creating an index with data_path [C:\Users\kmala\workspace\Team3\core\build\testrun\test\J1\temp\org.elasticsearch.index.shard.IndexShardTests_DB64F96F238DCA2A-001\KhRUHcgyTc\start-IMVGaHwkTj]
[2016-09-18T05:14:59,029][INFO ][org.elasticsearch.cluster.metadata] [node_s_0] [idx] creating index, cause [api], templates [random_index_template], shards [1]/[0], mappings []
[2016-09-18T05:14:59,152][INFO ][org.elasticsearch.cluster.routing.allocation] [node_s_0] Cluster health status changed from [YELLOW] to [GREEN] (reason: [shards started [[idx][0]] ...]).
[2016-09-18T05:14:59,210][INFO ][org.elasticsearch.cluster.metadata] [node_s_0] [idx/-U11mOSHSRyzk1orYsm4Tg] create_mapping [bar]
[2016-09-18T05:14:59,427][INFO ][org.elasticsearch.index.shard] [node_s_0] [idx][0] --> closing the index [idx]
[2016-09-18T05:14:59,428][INFO ][org.elasticsearch.cluster.metadata] [node_s_0] closing indices [[[idx/-U11mOSHSRyzk1orYsm4Tg]]]
[2016-09-18T05:14:59,497][INFO ][org.elasticsearch.index.shard] [node_s_0] [idx][0] --> index closed, re-opening...
[2016-09-18T05:14:59,501][INFO ][org.elasticsearch.cluster.metadata] [node_s_0] opening indices [[[idx/-U11mOSHSRyzk1orYsm4Tg]]]
[2016-09-18T05:14:59,680][INFO ][org.elasticsearch.index.shard] [node_s_0] [idx][0] --> index re-opened
[2016-09-18T05:14:59,809][INFO ][org.elasticsearch.cluster.routing.allocation] [node_s_0] Cluster health status changed from [RED] to [GREEN] (reason: [shards started [[idx][0]] ...]).
[2016-09-18T05:14:59,825][INFO ][org.elasticsearch.index.shard] [node_s_0] [idx][0] --> closing the index [idx]
[2016-09-18T05:14:59,825][INFO ][org.elasticsearch.cluster.metadata] [node_s_0] closing indices [[[idx/-U11mOSHSRyzk1orYsm4Tg]]]
[2016-09-18T05:14:59,854][INFO ][org.elasticsearch.index.shard] [node_s_0] [idx][0] --> moving data on disk [start-IMVGaHwkTj] to [end-TlatKejqyX]
[2016-09-18T05:14:59,856][INFO ][org.elasticsearch.index.shard] [node_s_0] [idx][0] --> updating settings...
[2016-09-18T05:14:59,877][INFO ][org.elasticsearch.index.shard] [node_s_0] [idx][0] --> settings updated and files moved, re-opening index
[2016-09-18T05:14:59,877][INFO ][org.elasticsearch.cluster.metadata] [node_s_0] opening indices [[[idx/-U11mOSHSRyzk1orYsm4Tg]]]
[2016-09-18T05:14:59,919][INFO ][org.elasticsearch.index.shard] [node_s_0] [idx][0] --> index re-opened
[2016-09-18T05:15:00,107][INFO ][org.elasticsearch.cluster.routing.allocation] [node_s_0] Cluster health status changed from [RED] to [GREEN] (reason: [shards started [[idx][0]] ...]).
[2016-09-18T05:15:00,184][INFO ][org.elasticsearch.index.shard] [node_s_0] [idx][0] --> checking that [C:\Users\kmala\workspace\Team3\core\build\testrun\test\J1\temp\org.elasticsearch.index.shard.IndexShardTests_DB64F96F238DCA2A-001\KhRUHcgyTc\start-IMVGaHwkTj] has been cleared
[2016-09-18T05:15:00,185][INFO ][org.elasticsearch.index.shard] [node_s_0] [idx][0] --> checking that [C:\Users\kmala\workspace\Team3\core\build\testrun\test\J1\temp\org.elasticsearch.index.shard.IndexShardTests_DB64F96F238DCA2A-001\KhRUHcgyTc\end-TlatKejqyX] has been cleared
[2016-09-18T05:15:00,185][INFO ][org.elasticsearch.index.shard] [node_s_0] [idx][0] --> found file: [C:\Users\kmala\workspace\Team3\core\build\testrun\test\J1\temp\org.elasticsearch.index.shard.IndexShardTests_DB64F96F238DCA2A-001\KhRUHcgyTc\end-TlatKejqyX\0]
[2016-09-18T05:15:00,186][INFO ][org.elasticsearch.index.shard] [node_s_0] [idx][0] --> checking that [C:\Users\kmala\workspace\Team3\core\build\testrun\test\J1\temp\org.elasticsearch.index.shard.IndexShardTests_DB64F96F238DCA2A-001\KhRUHcgyTc\end-TlatKejqyX\0] has been cleared
[2016-09-18T05:15:00,187][INFO ][org.elasticsearch.index.shard] [node_s_0] [idx][0] [IndexShardTests#testIndexCanChangeCustomDataPath]: cleaning up after test
[2016-09-18T05:15:00,198][INFO ][org.elasticsearch.cluster.metadata] [node_s_0] [test] creating index, cause [api], templates [random_index_template], shards [1]/[0], mappings []
[2016-09-18T05:15:00,247][INFO ][org.elasticsearch.cluster.routing.allocation] [node_s_0] Cluster health status changed from [YELLOW] to [GREEN] (reason: [shards started [[test][0]] ...]).
[2016-09-18T05:15:00,310][INFO ][org.elasticsearch.index.shard] [node_s_0] [test][0] [IndexShardTests#testShardStats]: cleaning up after test
[2016-09-18T05:15:00,388][INFO ][org.elasticsearch.cluster.metadata] [node_s_0] [test] creating index, cause [api], templates [random_index_template], shards [1]/[0], mappings []
[2016-09-18T05:15:00,481][INFO ][org.elasticsearch.cluster.routing.allocation] [node_s_0] Cluster health status changed from [YELLOW] to [GREEN] (reason: [shards started [[test][0]] ...]).
[2016-09-18T05:15:00,513][INFO ][org.elasticsearch.cluster.metadata] [node_s_0] [test/UjuVgUcARjCZuQ_TOxXDHQ] create_mapping [test]
[2016-09-18T05:15:00,821][INFO ][org.elasticsearch.index.shard] [node_s_0] [test][0] [IndexShardTests#testMinimumCompatVersion]: cleaning up after test
[2016-09-18T05:15:00,979][INFO ][org.elasticsearch.cluster.metadata] [node_s_0] [test] creating index, cause [api], templates [random_index_template], shards [1]/[0], mappings []
[2016-09-18T05:15:01,281][INFO ][org.elasticsearch.cluster.routing.allocation] [node_s_0] Cluster health status changed from [YELLOW] to [GREEN] (reason: [shards started [[test][0]] ...]).
[2016-09-18T05:15:01,320][INFO ][org.elasticsearch.index.shard] [node_s_0] [test][0] [IndexShardTests#testPersistenceStateMetadataPersistence]: cleaning up after test
[2016-09-18T05:15:01,387][INFO ][org.elasticsearch.cluster.metadata] [node_s_0] [test] creating index, cause [api], templates [random_index_template], shards [1]/[0], mappings []
[2016-09-18T05:15:01,445][INFO ][org.elasticsearch.cluster.routing.allocation] [node_s_0] Cluster health status changed from [YELLOW] to [GREEN] (reason: [shards started [[test][0]] ...]).
[2016-09-18T05:15:01,464][INFO ][org.elasticsearch.cluster.metadata] [node_s_0] [test/VURYCtqdT8WifwB6AgM0Hw] create_mapping [test]
[2016-09-18T05:15:01,830][INFO ][org.elasticsearch.index.shard] [node_s_0] [test][0] [IndexShardTests#testFailIfIndexNotPresentInRecoverFromStore]: cleaning up after test
[2016-09-18T05:15:01,889][INFO ][org.elasticsearch.cluster.metadata] [node_s_0] [test] creating index, cause [api], templates [random_index_template], shards [1]/[0], mappings []
[2016-09-18T05:15:01,960][INFO ][org.elasticsearch.cluster.routing.allocation] [node_s_0] Cluster health status changed from [YELLOW] to [GREEN] (reason: [shards started [[test][0]] ...]).
[2016-09-18T05:15:01,987][INFO ][org.elasticsearch.common.settings] [node_s_0] updating [index.translog.flush_threshold_size] from [512mb] to [133b]
[2016-09-18T05:15:01,988][INFO ][org.elasticsearch.common.settings] [node_s_0] updating [index.translog.flush_threshold_size] from [512mb] to [133b]
[2016-09-18T05:15:02,051][INFO ][org.elasticsearch.cluster.metadata] [node_s_0] [test/tZn-w5dWTrS3bYZmpxnIQQ] create_mapping [test]
[2016-09-18T05:15:02,939][INFO ][org.elasticsearch.index.shard] [node_s_0] [test][0] [IndexShardTests#testStressMaybeFlush]: cleaning up after test
[2016-09-18T05:15:03,092][INFO ][org.elasticsearch.cluster.metadata] [node_s_0] [test] creating index, cause [api], templates [random_index_template], shards [1]/[0], mappings []
[2016-09-18T05:15:03,164][INFO ][org.elasticsearch.cluster.routing.allocation] [node_s_0] Cluster health status changed from [YELLOW] to [GREEN] (reason: [shards started [[test][0]] ...]).
[2016-09-18T05:15:03,182][INFO ][org.elasticsearch.cluster.metadata] [node_s_0] [test/svcf8X8BSfiw_Bt1KgaIkw] create_mapping [test]
[2016-09-18T05:15:03,578][INFO ][org.elasticsearch.cluster.metadata] [node_s_0] [test/svcf8X8BSfiw_Bt1KgaIkw] update_mapping [test]
[2016-09-18T05:15:04,445][INFO ][org.elasticsearch.index.shard] [node_s_0] [test][0] [IndexShardTests#testSearcherWrapperWorksWithGlobaOrdinals]: cleaning up after test
[2016-09-18T05:15:04,503][INFO ][org.elasticsearch.cluster.metadata] [node_s_0] [test] creating index, cause [api], templates [random_index_template], shards [1]/[0], mappings []
[2016-09-18T05:15:04,639][INFO ][org.elasticsearch.cluster.routing.allocation] [node_s_0] Cluster health status changed from [YELLOW] to [GREEN] (reason: [shards started [[test][0]] ...]).
[2016-09-18T05:15:04,655][INFO ][org.elasticsearch.index.shard] [node_s_0] [test][0] [IndexShardTests#testLockingBeforeAndAfterRelocated]: cleaning up after test
[2016-09-18T05:15:04,696][INFO ][org.elasticsearch.cluster.metadata] [node_s_0] [index] creating index, cause [api], templates [random_index_template], shards [1]/[0], mappings []
[2016-09-18T05:15:04,754][INFO ][org.elasticsearch.cluster.routing.allocation] [node_s_0] Cluster health status changed from [YELLOW] to [GREEN] (reason: [shards started [[index][0]] ...]).
[2016-09-18T05:15:04,771][INFO ][org.elasticsearch.cluster.metadata] [node_s_0] [index/p-xZnPGSRZGzT_SXtQ5Lyw] create_mapping [testtype]
[2016-09-18T05:15:04,857][INFO ][org.elasticsearch.index.shard] [node_s_0] [index][0] [IndexShardTests#testIndexingBufferDuringPeerRecovery]: cleaning up after test
[2016-09-18T05:15:04,915][INFO ][org.elasticsearch.cluster.metadata] [node_s_0] [test] creating index, cause [api], templates [random_index_template], shards [1]/[0], mappings []
[2016-09-18T05:15:05,018][INFO ][org.elasticsearch.cluster.routing.allocation] [node_s_0] Cluster health status changed from [YELLOW] to [GREEN] (reason: [shards started [[test][0]] ...]).
[2016-09-18T05:15:05,045][INFO ][org.elasticsearch.index.shard] [node_s_0] [test][0] [IndexShardTests#testStressRelocated]: cleaning up after test
[2016-09-18T05:15:05,104][INFO ][org.elasticsearch.cluster.metadata] [node_s_0] [test] creating index, cause [api], templates [random_index_template], shards [1]/[0], mappings []
[2016-09-18T05:15:05,200][INFO ][org.elasticsearch.cluster.routing.allocation] [node_s_0] Cluster health status changed from [YELLOW] to [GREEN] (reason: [shards started [[test][0]] ...]).
[2016-09-18T05:15:05,218][INFO ][org.elasticsearch.cluster.metadata] [node_s_0] [test/aYyUXWHhQHKPee04xKTT4g] create_mapping [bar]
[2016-09-18T05:15:05,276][INFO ][org.elasticsearch.common.settings] [node_s_0] updating [index.translog.durability] from [REQUEST] to [ASYNC]
[2016-09-18T05:15:05,281][INFO ][org.elasticsearch.common.settings] [node_s_0] updating [index.translog.durability] from [REQUEST] to [ASYNC]
[2016-09-18T05:15:05,301][INFO ][org.elasticsearch.common.settings] [node_s_0] updating [index.translog.durability] from [ASYNC] to [REQUEST]
[2016-09-18T05:15:05,302][INFO ][org.elasticsearch.common.settings] [node_s_0] updating [index.translog.durability] from [ASYNC] to [REQUEST]
[2016-09-18T05:15:05,334][INFO ][org.elasticsearch.common.settings] [node_s_0] updating [index.translog.durability] from [REQUEST] to [ASYNC]
[2016-09-18T05:15:05,335][INFO ][org.elasticsearch.common.settings] [node_s_0] updating [index.translog.durability] from [REQUEST] to [ASYNC]
[2016-09-18T05:15:05,376][INFO ][org.elasticsearch.common.settings] [node_s_0] updating [index.translog.durability] from [ASYNC] to [REQUEST]
[2016-09-18T05:15:05,377][INFO ][org.elasticsearch.common.settings] [node_s_0] updating [index.translog.durability] from [ASYNC] to [REQUEST]
[2016-09-18T05:15:05,428][INFO ][org.elasticsearch.common.settings] [node_s_0] updating [index.translog.durability] from [REQUEST] to [ASYNC]
[2016-09-18T05:15:05,429][INFO ][org.elasticsearch.common.settings] [node_s_0] updating [index.translog.durability] from [REQUEST] to [ASYNC]
[2016-09-18T05:15:05,454][INFO ][org.elasticsearch.common.settings] [node_s_0] updating [index.translog.durability] from [ASYNC] to [REQUEST]
[2016-09-18T05:15:05,455][INFO ][org.elasticsearch.common.settings] [node_s_0] updating [index.translog.durability] from [ASYNC] to [REQUEST]
[2016-09-18T05:15:05,503][INFO ][org.elasticsearch.index.shard] [node_s_0] [test][0] [IndexShardTests#testDurableFlagHasEffect]: cleaning up after test
[2016-09-18T05:15:05,581][INFO ][org.elasticsearch.cluster.metadata] [node_s_0] [test] creating index, cause [api], templates [random_index_template], shards [1]/[0], mappings []
[2016-09-18T05:15:05,633][INFO ][org.elasticsearch.cluster.routing.allocation] [node_s_0] Cluster health status changed from [YELLOW] to [GREEN] (reason: [shards started [[test][0]] ...]).
[2016-09-18T05:15:05,718][INFO ][org.elasticsearch.cluster.metadata] [node_s_0] [test/fxbU6RxQSISJipYy9aRHSw] create_mapping [bar]
[2016-09-18T05:15:05,863][INFO ][org.elasticsearch.index.shard] [node_s_0] [test][0] [IndexShardTests#testAsyncFsync]: cleaning up after test
[2016-09-18T05:15:06,377][INFO ][org.elasticsearch.cluster.metadata] [node_s_0] [test] creating index, cause [api], templates [random_index_template], shards [1]/[0], mappings []
[2016-09-18T05:15:06,551][INFO ][org.elasticsearch.cluster.routing.allocation] [node_s_0] Cluster health status changed from [YELLOW] to [GREEN] (reason: [shards started [[test][0]] ...]).
2016-09-18 05:15:06,616 TEST-IndexShardTests.testFailShard-seed#[DB64F96F238DCA2A] ERROR An exception occurred processing Appender console java.security.AccessControlException: access denied ("java.lang.RuntimePermission" "accessClassInPackage.sun.reflect")
	at java.security.AccessControlContext.checkPermission(AccessControlContext.java:472)
	at java.security.AccessController.checkPermission(AccessController.java:884)
	at java.lang.SecurityManager.checkPermission(SecurityManager.java:549)
	at java.lang.SecurityManager.checkPackageAccess(SecurityManager.java:1564)
	at sun.misc.Launcher$AppClassLoader.loadClass(Launcher.java:311)
	at java.lang.ClassLoader.loadClass(ClassLoader.java:357)
	at java.lang.Class.forName0(Native Method)
	at java.lang.Class.forName(Class.java:264)
	at org.apache.logging.log4j.util.LoaderUtil.loadClass(LoaderUtil.java:122)
	at org.apache.logging.log4j.core.util.Loader.loadClass(Loader.java:228)
	at org.apache.logging.log4j.core.impl.ThrowableProxy.loadClass(ThrowableProxy.java:496)
	at org.apache.logging.log4j.core.impl.ThrowableProxy.toExtendedStackTrace(ThrowableProxy.java:617)
	at org.apache.logging.log4j.core.impl.ThrowableProxy.<init>(ThrowableProxy.java:135)
	at org.apache.logging.log4j.core.impl.ThrowableProxy.<init>(ThrowableProxy.java:117)
	at org.apache.logging.log4j.core.impl.MutableLogEvent.getThrownProxy(MutableLogEvent.java:314)
	at org.apache.logging.log4j.core.pattern.ExtendedThrowablePatternConverter.format(ExtendedThrowablePatternConverter.java:61)
	at org.apache.logging.log4j.core.pattern.PatternFormatter.format(PatternFormatter.java:38)
	at org.apache.logging.log4j.core.layout.PatternLayout$PatternSerializer.toSerializable(PatternLayout.java:294)
	at org.apache.logging.log4j.core.layout.PatternLayout.toText(PatternLayout.java:195)
	at org.apache.logging.log4j.core.layout.PatternLayout.encode(PatternLayout.java:180)
	at org.apache.logging.log4j.core.layout.PatternLayout.encode(PatternLayout.java:57)
	at org.apache.logging.log4j.core.appender.AbstractOutputStreamAppender.directEncodeEvent(AbstractOutputStreamAppender.java:120)
	at org.apache.logging.log4j.core.appender.AbstractOutputStreamAppender.tryAppend(AbstractOutputStreamAppender.java:113)
	at org.apache.logging.log4j.core.appender.AbstractOutputStreamAppender.append(AbstractOutputStreamAppender.java:104)
	at org.apache.logging.log4j.core.config.AppenderControl.tryCallAppender(AppenderControl.java:155)
	at org.apache.logging.log4j.core.config.AppenderControl.callAppender0(AppenderControl.java:128)
	at org.apache.logging.log4j.core.config.AppenderControl.callAppenderPreventRecursion(AppenderControl.java:119)
	at org.apache.logging.log4j.core.config.AppenderControl.callAppender(AppenderControl.java:84)
	at org.apache.logging.log4j.core.config.LoggerConfig.callAppenders(LoggerConfig.java:390)
	at org.apache.logging.log4j.core.config.LoggerConfig.processLogEvent(LoggerConfig.java:375)
	at org.apache.logging.log4j.core.config.LoggerConfig.log(LoggerConfig.java:359)
	at org.apache.logging.log4j.core.config.LoggerConfig.log(LoggerConfig.java:349)
	at org.apache.logging.log4j.core.config.AwaitCompletionReliabilityStrategy.log(AwaitCompletionReliabilityStrategy.java:63)
	at org.apache.logging.log4j.core.Logger.logMessage(Logger.java:146)
	at org.apache.logging.log4j.spi.AbstractLogger.logMessage(AbstractLogger.java:1983)
	at org.apache.logging.log4j.spi.AbstractLogger.logIfEnabled(AbstractLogger.java:1845)
	at org.apache.logging.log4j.spi.AbstractLogger.warn(AbstractLogger.java:2536)
	at org.elasticsearch.index.engine.Engine.failEngine(Engine.java:681)
	at org.elasticsearch.index.shard.IndexShard.failShard(IndexShard.java:867)
	at org.elasticsearch.index.shard.IndexShardTests.testFailShard(IndexShardTests.java:259)
	at sun.reflect.NativeMethodAccessorImpl.invoke0(Native Method)
	at sun.reflect.NativeMethodAccessorImpl.invoke(NativeMethodAccessorImpl.java:62)
	at sun.reflect.DelegatingMethodAccessorImpl.invoke(DelegatingMethodAccessorImpl.java:43)
	at java.lang.reflect.Method.invoke(Method.java:498)
	at com.carrotsearch.randomizedtesting.RandomizedRunner.invoke(RandomizedRunner.java:1764)
	at com.carrotsearch.randomizedtesting.RandomizedRunner$8.evaluate(RandomizedRunner.java:871)
	at com.carrotsearch.randomizedtesting.RandomizedRunner$9.evaluate(RandomizedRunner.java:907)
	at com.carrotsearch.randomizedtesting.RandomizedRunner$10.evaluate(RandomizedRunner.java:921)
	at com.carrotsearch.randomizedtesting.rules.StatementAdapter.evaluate(StatementAdapter.java:36)
	at org.apache.lucene.util.TestRuleSetupTeardownChained$1.evaluate(TestRuleSetupTeardownChained.java:49)
	at org.apache.lucene.util.AbstractBeforeAfterRule$1.evaluate(AbstractBeforeAfterRule.java:45)
	at org.apache.lucene.util.TestRuleThreadAndTestName$1.evaluate(TestRuleThreadAndTestName.java:48)
	at org.apache.lucene.util.TestRuleIgnoreAfterMaxFailures$1.evaluate(TestRuleIgnoreAfterMaxFailures.java:64)
	at org.apache.lucene.util.TestRuleMarkFailure$1.evaluate(TestRuleMarkFailure.java:47)
	at com.carrotsearch.randomizedtesting.rules.StatementAdapter.evaluate(StatementAdapter.java:36)
	at com.carrotsearch.randomizedtesting.ThreadLeakControl$StatementRunner.run(ThreadLeakControl.java:367)
	at com.carrotsearch.randomizedtesting.ThreadLeakControl.forkTimeoutingTask(ThreadLeakControl.java:809)
	at com.carrotsearch.randomizedtesting.ThreadLeakControl$3.evaluate(ThreadLeakControl.java:460)
	at com.carrotsearch.randomizedtesting.RandomizedRunner.runSingleTest(RandomizedRunner.java:880)
	at com.carrotsearch.randomizedtesting.RandomizedRunner$5.evaluate(RandomizedRunner.java:781)
	at com.carrotsearch.randomizedtesting.RandomizedRunner$6.evaluate(RandomizedRunner.java:816)
	at com.carrotsearch.randomizedtesting.RandomizedRunner$7.evaluate(RandomizedRunner.java:827)
	at org.apache.lucene.util.AbstractBeforeAfterRule$1.evaluate(AbstractBeforeAfterRule.java:45)
	at com.carrotsearch.randomizedtesting.rules.StatementAdapter.evaluate(StatementAdapter.java:36)
	at org.apache.lucene.util.TestRuleStoreClassName$1.evaluate(TestRuleStoreClassName.java:41)
	at com.carrotsearch.randomizedtesting.rules.NoShadowingOrOverridesOnMethodsRule$1.evaluate(NoShadowingOrOverridesOnMethodsRule.java:40)
	at com.carrotsearch.randomizedtesting.rules.NoShadowingOrOverridesOnMethodsRule$1.evaluate(NoShadowingOrOverridesOnMethodsRule.java:40)
	at com.carrotsearch.randomizedtesting.rules.StatementAdapter.evaluate(StatementAdapter.java:36)
	at com.carrotsearch.randomizedtesting.rules.StatementAdapter.evaluate(StatementAdapter.java:36)
	at com.carrotsearch.randomizedtesting.rules.StatementAdapter.evaluate(StatementAdapter.java:36)
	at org.apache.lucene.util.TestRuleAssertionsRequired$1.evaluate(TestRuleAssertionsRequired.java:53)
	at org.apache.lucene.util.TestRuleMarkFailure$1.evaluate(TestRuleMarkFailure.java:47)
	at org.apache.lucene.util.TestRuleIgnoreAfterMaxFailures$1.evaluate(TestRuleIgnoreAfterMaxFailures.java:64)
	at org.apache.lucene.util.TestRuleIgnoreTestSuites$1.evaluate(TestRuleIgnoreTestSuites.java:54)
	at com.carrotsearch.randomizedtesting.rules.StatementAdapter.evaluate(StatementAdapter.java:36)
	at com.carrotsearch.randomizedtesting.ThreadLeakControl$StatementRunner.run(ThreadLeakControl.java:367)
	at java.lang.Thread.run(Thread.java:745)

2016-09-18 05:15:06,638 elasticsearch[node_s_0][generic][T#4] ERROR An exception occurred processing Appender console java.security.AccessControlException: access denied ("java.lang.RuntimePermission" "accessClassInPackage.sun.reflect")
	at java.security.AccessControlContext.checkPermission(AccessControlContext.java:472)
	at java.security.AccessController.checkPermission(AccessController.java:884)
	at java.lang.SecurityManager.checkPermission(SecurityManager.java:549)
	at java.lang.SecurityManager.checkPackageAccess(SecurityManager.java:1564)
	at sun.misc.Launcher$AppClassLoader.loadClass(Launcher.java:311)
	at java.lang.ClassLoader.loadClass(ClassLoader.java:357)
	at java.lang.Class.forName0(Native Method)
	at java.lang.Class.forName(Class.java:264)
	at org.apache.logging.log4j.util.LoaderUtil.loadClass(LoaderUtil.java:122)
	at org.apache.logging.log4j.core.util.Loader.loadClass(Loader.java:228)
	at org.apache.logging.log4j.core.impl.ThrowableProxy.loadClass(ThrowableProxy.java:496)
	at org.apache.logging.log4j.core.impl.ThrowableProxy.toExtendedStackTrace(ThrowableProxy.java:617)
	at org.apache.logging.log4j.core.impl.ThrowableProxy.<init>(ThrowableProxy.java:135)
	at org.apache.logging.log4j.core.impl.ThrowableProxy.<init>(ThrowableProxy.java:117)
	at org.apache.logging.log4j.core.impl.MutableLogEvent.getThrownProxy(MutableLogEvent.java:314)
	at org.apache.logging.log4j.core.pattern.ExtendedThrowablePatternConverter.format(ExtendedThrowablePatternConverter.java:61)
	at org.apache.logging.log4j.core.pattern.PatternFormatter.format(PatternFormatter.java:38)
	at org.apache.logging.log4j.core.layout.PatternLayout$PatternSerializer.toSerializable(PatternLayout.java:294)
	at org.apache.logging.log4j.core.layout.PatternLayout.toText(PatternLayout.java:195)
	at org.apache.logging.log4j.core.layout.PatternLayout.encode(PatternLayout.java:180)
	at org.apache.logging.log4j.core.layout.PatternLayout.encode(PatternLayout.java:57)
	at org.apache.logging.log4j.core.appender.AbstractOutputStreamAppender.directEncodeEvent(AbstractOutputStreamAppender.java:120)
	at org.apache.logging.log4j.core.appender.AbstractOutputStreamAppender.tryAppend(AbstractOutputStreamAppender.java:113)
	at org.apache.logging.log4j.core.appender.AbstractOutputStreamAppender.append(AbstractOutputStreamAppender.java:104)
	at org.apache.logging.log4j.core.config.AppenderControl.tryCallAppender(AppenderControl.java:155)
	at org.apache.logging.log4j.core.config.AppenderControl.callAppender0(AppenderControl.java:128)
	at org.apache.logging.log4j.core.config.AppenderControl.callAppenderPreventRecursion(AppenderControl.java:119)
	at org.apache.logging.log4j.core.config.AppenderControl.callAppender(AppenderControl.java:84)
	at org.apache.logging.log4j.core.config.LoggerConfig.callAppenders(LoggerConfig.java:390)
	at org.apache.logging.log4j.core.config.LoggerConfig.processLogEvent(LoggerConfig.java:375)
	at org.apache.logging.log4j.core.config.LoggerConfig.log(LoggerConfig.java:359)
	at org.apache.logging.log4j.core.config.LoggerConfig.log(LoggerConfig.java:349)
	at org.apache.logging.log4j.core.config.AwaitCompletionReliabilityStrategy.log(AwaitCompletionReliabilityStrategy.java:63)
	at org.apache.logging.log4j.core.Logger.logMessage(Logger.java:146)
	at org.apache.logging.log4j.spi.AbstractLogger.logMessage(AbstractLogger.java:1983)
	at org.apache.logging.log4j.spi.AbstractLogger.logIfEnabled(AbstractLogger.java:1845)
	at org.apache.logging.log4j.spi.AbstractLogger.warn(AbstractLogger.java:2536)
	at org.elasticsearch.indices.cluster.IndicesClusterStateService.sendFailShard(IndicesClusterStateService.java:657)
	at org.elasticsearch.indices.cluster.IndicesClusterStateService.failAndRemoveShard(IndicesClusterStateService.java:651)
	at org.elasticsearch.indices.cluster.IndicesClusterStateService.access$1000(IndicesClusterStateService.java:87)
	at org.elasticsearch.indices.cluster.IndicesClusterStateService$FailedShardHandler.lambda$handle$0(IndicesClusterStateService.java:680)
	at org.elasticsearch.common.util.concurrent.ThreadContext$ContextPreservingRunnable.run(ThreadContext.java:444)
	at java.util.concurrent.ThreadPoolExecutor.runWorker(ThreadPoolExecutor.java:1142)
	at java.util.concurrent.ThreadPoolExecutor$Worker.run(ThreadPoolExecutor.java:617)
	at java.lang.Thread.run(Thread.java:745)

[2016-09-18T05:15:06,645][INFO ][org.elasticsearch.index.shard] [node_s_0] [test][0] [IndexShardTests#testFailShard]: cleaning up after test
2016-09-18 05:15:06,642 elasticsearch[node_s_0][generic][T#4] ERROR An exception occurred processing Appender console java.security.AccessControlException: access denied ("java.lang.RuntimePermission" "accessClassInPackage.sun.reflect")
	at java.security.AccessControlContext.checkPermission(AccessControlContext.java:472)
	at java.security.AccessController.checkPermission(AccessController.java:884)
	at java.lang.SecurityManager.checkPermission(SecurityManager.java:549)
	at java.lang.SecurityManager.checkPackageAccess(SecurityManager.java:1564)
	at sun.misc.Launcher$AppClassLoader.loadClass(Launcher.java:311)
	at java.lang.ClassLoader.loadClass(ClassLoader.java:357)
	at java.lang.Class.forName0(Native Method)
	at java.lang.Class.forName(Class.java:264)
	at org.apache.logging.log4j.util.LoaderUtil.loadClass(LoaderUtil.java:122)
	at org.apache.logging.log4j.core.util.Loader.loadClass(Loader.java:228)
	at org.apache.logging.log4j.core.impl.ThrowableProxy.loadClass(ThrowableProxy.java:496)
	at org.apache.logging.log4j.core.impl.ThrowableProxy.toExtendedStackTrace(ThrowableProxy.java:617)
	at org.apache.logging.log4j.core.impl.ThrowableProxy.<init>(ThrowableProxy.java:135)
	at org.apache.logging.log4j.core.impl.ThrowableProxy.<init>(ThrowableProxy.java:117)
	at org.apache.logging.log4j.core.impl.MutableLogEvent.getThrownProxy(MutableLogEvent.java:314)
	at org.apache.logging.log4j.core.pattern.ExtendedThrowablePatternConverter.format(ExtendedThrowablePatternConverter.java:61)
	at org.apache.logging.log4j.core.pattern.PatternFormatter.format(PatternFormatter.java:38)
	at org.apache.logging.log4j.core.layout.PatternLayout$PatternSerializer.toSerializable(PatternLayout.java:294)
	at org.apache.logging.log4j.core.layout.PatternLayout.toText(PatternLayout.java:195)
	at org.apache.logging.log4j.core.layout.PatternLayout.encode(PatternLayout.java:180)
	at org.apache.logging.log4j.core.layout.PatternLayout.encode(PatternLayout.java:57)
	at org.apache.logging.log4j.core.appender.AbstractOutputStreamAppender.directEncodeEvent(AbstractOutputStreamAppender.java:120)
	at org.apache.logging.log4j.core.appender.AbstractOutputStreamAppender.tryAppend(AbstractOutputStreamAppender.java:113)
	at org.apache.logging.log4j.core.appender.AbstractOutputStreamAppender.append(AbstractOutputStreamAppender.java:104)
	at org.apache.logging.log4j.core.config.AppenderControl.tryCallAppender(AppenderControl.java:155)
	at org.apache.logging.log4j.core.config.AppenderControl.callAppender0(AppenderControl.java:128)
	at org.apache.logging.log4j.core.config.AppenderControl.callAppenderPreventRecursion(AppenderControl.java:119)
	at org.apache.logging.log4j.core.config.AppenderControl.callAppender(AppenderControl.java:84)
	at org.apache.logging.log4j.core.config.LoggerConfig.callAppenders(LoggerConfig.java:390)
	at org.apache.logging.log4j.core.config.LoggerConfig.processLogEvent(LoggerConfig.java:375)
	at org.apache.logging.log4j.core.config.LoggerConfig.log(LoggerConfig.java:359)
	at org.apache.logging.log4j.core.config.LoggerConfig.log(LoggerConfig.java:349)
	at org.apache.logging.log4j.core.config.AwaitCompletionReliabilityStrategy.log(AwaitCompletionReliabilityStrategy.java:63)
	at org.apache.logging.log4j.core.Logger.logMessage(Logger.java:146)
	at org.apache.logging.log4j.spi.AbstractLogger.logMessage(AbstractLogger.java:1983)
	at org.apache.logging.log4j.spi.AbstractLogger.logIfEnabled(AbstractLogger.java:1845)
	at org.apache.logging.log4j.spi.AbstractLogger.warn(AbstractLogger.java:2536)
	at org.elasticsearch.cluster.action.shard.ShardStateAction$ShardFailedTransportHandler.messageReceived(ShardStateAction.java:199)
	at org.elasticsearch.cluster.action.shard.ShardStateAction$ShardFailedTransportHandler.messageReceived(ShardStateAction.java:186)
	at org.elasticsearch.transport.TransportRequestHandler.messageReceived(TransportRequestHandler.java:33)
	at org.elasticsearch.transport.RequestHandlerRegistry.processMessageReceived(RequestHandlerRegistry.java:69)
	at org.elasticsearch.transport.TransportService.sendLocalRequest(TransportService.java:528)
	at org.elasticsearch.transport.TransportService.sendRequest(TransportService.java:477)
	at org.elasticsearch.transport.TransportService.sendRequest(TransportService.java:447)
	at org.elasticsearch.cluster.action.shard.ShardStateAction.sendShardAction(ShardStateAction.java:101)
	at org.elasticsearch.cluster.action.shard.ShardStateAction.shardFailed(ShardStateAction.java:158)
	at org.elasticsearch.cluster.action.shard.ShardStateAction.localShardFailed(ShardStateAction.java:152)
	at org.elasticsearch.indices.cluster.IndicesClusterStateService.sendFailShard(IndicesClusterStateService.java:661)
	at org.elasticsearch.indices.cluster.IndicesClusterStateService.failAndRemoveShard(IndicesClusterStateService.java:651)
	at org.elasticsearch.indices.cluster.IndicesClusterStateService.access$1000(IndicesClusterStateService.java:87)
	at org.elasticsearch.indices.cluster.IndicesClusterStateService$FailedShardHandler.lambda$handle$0(IndicesClusterStateService.java:680)
	at org.elasticsearch.common.util.concurrent.ThreadContext$ContextPreservingRunnable.run(ThreadContext.java:444)
	at java.util.concurrent.ThreadPoolExecutor.runWorker(ThreadPoolExecutor.java:1142)
	at java.util.concurrent.ThreadPoolExecutor$Worker.run(ThreadPoolExecutor.java:617)
	at java.lang.Thread.run(Thread.java:745)

[2016-09-18T05:15:06,699][INFO ][org.elasticsearch.cluster.metadata] [node_s_0] [test] creating index, cause [api], templates [random_index_template], shards [1]/[0], mappings []
[2016-09-18T05:15:06,803][INFO ][org.elasticsearch.cluster.routing.allocation] [node_s_0] Cluster health status changed from [YELLOW] to [GREEN] (reason: [shards started [[test][0]] ...]).
[2016-09-18T05:15:06,834][INFO ][org.elasticsearch.cluster.metadata] [node_s_0] [test/RL5HlJ8vS7e74JkhdR8AoQ] create_mapping [type]
[2016-09-18T05:15:07,687][INFO ][org.elasticsearch.index.shard] [node_s_0] [test][0] [IndexShardTests#testAcquireIndexCommit]: cleaning up after test
[2016-09-18T05:15:07,787][INFO ][org.elasticsearch.cluster.metadata] [node_s_0] [test] creating index, cause [api], templates [random_index_template], shards [1]/[0], mappings []
[2016-09-18T05:15:07,873][INFO ][org.elasticsearch.cluster.routing.allocation] [node_s_0] Cluster health status changed from [YELLOW] to [GREEN] (reason: [shards started [[test][0]] ...]).
[2016-09-18T05:15:07,905][INFO ][org.elasticsearch.cluster.metadata] [node_s_0] [test/LRUAJof6RbuRpmnKK1IyYg] create_mapping [test]
[2016-09-18T05:15:08,718][INFO ][org.elasticsearch.index.shard] [node_s_0] [test][0] [IndexShardTests#testIndexingOperationListnenersIsInvokedOnRecovery]: cleaning up after test
[2016-09-18T05:15:08,809][INFO ][org.elasticsearch.cluster.metadata] [node_s_0] [index] creating index, cause [api], templates [random_index_template], shards [1]/[0], mappings []
[2016-09-18T05:15:08,882][INFO ][org.elasticsearch.cluster.routing.allocation] [node_s_0] Cluster health status changed from [YELLOW] to [GREEN] (reason: [shards started [[index][0]] ...]).
[2016-09-18T05:15:08,900][INFO ][org.elasticsearch.cluster.metadata] [node_s_0] [index/UOMu0W5ARYOQDQCfE-7DFQ] create_mapping [testtype]
[2016-09-18T05:15:09,015][INFO ][org.elasticsearch.index.shard] [node_s_0] [index][0] [IndexShardTests#testIndexingBufferDuringInternalRecovery]: cleaning up after test
[2016-09-18T05:15:09,060][INFO ][org.elasticsearch.cluster.metadata] [node_s_0] [test] creating index, cause [api], templates [random_index_template], shards [1]/[0], mappings []
[2016-09-18T05:15:09,142][INFO ][org.elasticsearch.cluster.routing.allocation] [node_s_0] Cluster health status changed from [YELLOW] to [GREEN] (reason: [shards started [[test][0]] ...]).
[2016-09-18T05:15:09,161][INFO ][org.elasticsearch.cluster.metadata] [node_s_0] [test/h-h6EvCIQeqoKBcKJKxM8Q] create_mapping [test]
[2016-09-18T05:15:09,286][INFO ][org.elasticsearch.index.shard] [node_s_0] [test][0] [IndexShardTests#testRecoverFromCleanStore]: cleaning up after test
[2016-09-18T05:15:09,351][INFO ][org.elasticsearch.cluster.metadata] [node_s_0] [test] creating index, cause [api], templates [random_index_template], shards [1]/[0], mappings []
[2016-09-18T05:15:09,425][INFO ][org.elasticsearch.cluster.routing.allocation] [node_s_0] Cluster health status changed from [YELLOW] to [GREEN] (reason: [shards started [[test][0]] ...]).
[2016-09-18T05:15:09,504][INFO ][org.elasticsearch.index.shard] [node_s_0] [test][0] [IndexShardTests#testDeleteIndexPreventsNewOperations]: cleaning up after test
[2016-09-18T05:15:09,520][INFO ][org.elasticsearch.cluster.metadata] [node_s_0] [test] creating index, cause [api], templates [random_index_template], shards [1]/[0], mappings []
[2016-09-18T05:15:09,586][INFO ][org.elasticsearch.cluster.routing.allocation] [node_s_0] Cluster health status changed from [YELLOW] to [GREEN] (reason: [shards started [[test][0]] ...]).
[2016-09-18T05:15:09,603][INFO ][org.elasticsearch.cluster.metadata] [node_s_0] [test/TTEQhWrLRM6e6jTIam4SPg] create_mapping [test]
[2016-09-18T05:15:10,227][INFO ][org.elasticsearch.index.shard] [node_s_0] [test][0] [IndexShardTests#testExpectedShardSizeIsPresent]: cleaning up after test
[2016-09-18T05:15:10,396][INFO ][org.elasticsearch.cluster.metadata] [node_s_0] [test] creating index, cause [api], templates [random_index_template], shards [1]/[0], mappings []
[2016-09-18T05:15:10,474][INFO ][org.elasticsearch.cluster.routing.allocation] [node_s_0] Cluster health status changed from [YELLOW] to [GREEN] (reason: [shards started [[test][0]] ...]).
[2016-09-18T05:15:10,497][INFO ][org.elasticsearch.cluster.metadata] [node_s_0] [test/bT0m8osRQru0B9EmyN415Q] create_mapping [test]
[2016-09-18T05:15:10,921][INFO ][org.elasticsearch.index.shard] [node_s_0] [test][0] [IndexShardTests#testSnapshotStore]: cleaning up after test
[2016-09-18T05:15:10,983][INFO ][org.elasticsearch.cluster.metadata] [node_s_0] [test] creating index, cause [api], templates [random_index_template], shards [1]/[0], mappings []
[2016-09-18T05:15:11,034][INFO ][org.elasticsearch.cluster.routing.allocation] [node_s_0] Cluster health status changed from [YELLOW] to [GREEN] (reason: [shards started [[test][0]] ...]).
[2016-09-18T05:15:11,052][INFO ][org.elasticsearch.cluster.metadata] [node_s_0] [test/trpqBy6JTZCkSu6IPbZO5A] create_mapping [test]
[2016-09-18T05:15:11,368][INFO ][org.elasticsearch.index.shard] [node_s_0] [test][0] [IndexShardTests#testMarkAsInactiveTriggersSyncedFlush]: cleaning up after test
[2016-09-18T05:15:11,414][INFO ][org.elasticsearch.cluster.metadata] [node_s_0] [test] creating index, cause [api], templates [random_index_template], shards [1]/[0], mappings []
[2016-09-18T05:15:11,476][INFO ][org.elasticsearch.cluster.routing.allocation] [node_s_0] Cluster health status changed from [YELLOW] to [GREEN] (reason: [shards started [[test][0]] ...]).
[2016-09-18T05:15:11,563][INFO ][org.elasticsearch.index.shard] [node_s_0] [test][0] [IndexShardTests#testOperationLocksOnPrimaryShards]: cleaning up after test
[2016-09-18T05:15:11,750][INFO ][org.elasticsearch.env    ] [XLoxp7N] using [2] data paths, mounts [[(C:)]], net usable_space [704.6gb], net total_space [780.6gb], spins? [unknown], types [NTFS]
[2016-09-18T05:15:11,750][INFO ][org.elasticsearch.env    ] [XLoxp7N] heap size [491mb], compressed ordinary object pointers [true]
[2016-09-18T05:15:12,084][INFO ][org.elasticsearch.index.shard] [node_s_0] [test][0] [IndexShardTests#testWriteShardState]: cleaning up after test
[2016-09-18T05:15:12,095][INFO ][org.elasticsearch.cluster.metadata] [node_s_0] [test] creating index, cause [api], templates [random_index_template], shards [1]/[0], mappings []
[2016-09-18T05:15:12,176][INFO ][org.elasticsearch.cluster.routing.allocation] [node_s_0] Cluster health status changed from [YELLOW] to [GREEN] (reason: [shards started [[test][0]] ...]).
[2016-09-18T05:15:12,197][WARN ][org.elasticsearch.index.shard] [node_s_0] [test][0] suspect illegal state: trying to move shard from primary mode to replica mode
[2016-09-18T05:15:12,242][INFO ][org.elasticsearch.index.shard] [node_s_0] [test][0] updated shard routing to [test][0], node[t0VwVyfzR3-TRmUPAVmQAw], relocating [otherNode], [R], s[RELOCATING], a[id=WIcSvEHASWa7AJtDT_eHpA, rId=nevo5xLIRg6nTZyP1e9oEw]
[2016-09-18T05:15:12,245][INFO ][org.elasticsearch.index.shard] [node_s_0] [test][0] [IndexShardTests#testOperationLocksOnReplicaShards]: cleaning up after test
[2016-09-18T05:15:12,559][INFO ][org.elasticsearch.cluster.metadata] [node_s_0] [testindexfortranslogsync] creating index, cause [api], templates [random_index_template], shards [1]/[0], mappings []
[2016-09-18T05:15:12,729][INFO ][org.elasticsearch.cluster.routing.allocation] [node_s_0] Cluster health status changed from [YELLOW] to [GREEN] (reason: [shards started [[testindexfortranslogsync][0]] ...]).
[2016-09-18T05:15:12,759][INFO ][org.elasticsearch.cluster.metadata] [node_s_0] [testindexfortranslogsync/Fux2F9E9RaK882BBrvqRkw] create_mapping [testtype]
[2016-09-18T05:15:13,330][INFO ][org.elasticsearch.index.shard] [node_s_0] [testindexfortranslogsync][0] [IndexShardTests#testTranslogRecoverySyncsTranslog]: cleaning up after test
[2016-09-18T05:15:13,476][INFO ][org.elasticsearch.node   ] [node_s_0] stopping ...
[2016-09-18T05:15:13,480][INFO ][org.elasticsearch.node   ] [node_s_0] stopped
[2016-09-18T05:15:13,481][INFO ][org.elasticsearch.node   ] [node_s_0] closing ...
[2016-09-18T05:15:13,497][INFO ][org.elasticsearch.node   ] [node_s_0] closed
]]></system-out>
   <system-err><![CDATA[]]></system-err>
</testsuite>