<testsuite errors="0" failures="0" tests="4" skipped="0" name="org.elasticsearch.index.replication.IndexLevelReplicationTests" hostname="nohost.nodomain" time="4.102" timestamp="2016-09-18T12:49:06">
   <properties class="java.util.ArrayList">
      <property name="awt.toolkit" value="sun.awt.windows.WToolkit"/>
      <property name="file.encoding" value="Cp1252"/>
      <property name="file.encoding.pkg" value="sun.io"/>
      <property name="file.separator" value="\"/>
      <property name="java.awt.graphicsenv" value="sun.awt.Win32GraphicsEnvironment"/>
      <property name="java.awt.headless" value="true"/>
      <property name="java.awt.printerjob" value="sun.awt.windows.WPrinterJob"/>
      <property name="java.class.path" value="C:\Users\kmala\workspace\Team3\core\build\classes\test;C:\Users\kmala\workspace\Team3\core\build\resources\test;C:\Users\kmala\workspace\Team3\core\build\classes\main;C:\Users\kmala\workspace\Team3\core\build\resources\main;C:\Users\kmala\.gradle\caches\modules-2\files-2.1\org.apache.lucene\lucene-core\6.2.0\849ee62525a294416802be2cacc66c80352f6f13\lucene-core-6.2.0.jar;C:\Users\kmala\.gradle\caches\modules-2\files-2.1\org.apache.lucene\lucene-analyzers-common\6.2.0\d254d52dd394b5079129f3d5f3bf4f2d44a5936e\lucene-analyzers-common-6.2.0.jar;C:\Users\kmala\.gradle\caches\modules-2\files-2.1\org.apache.lucene\lucene-backward-codecs\6.2.0\b625bb21456b3c0d1e5e431bced125cb060c1abd\lucene-backward-codecs-6.2.0.jar;C:\Users\kmala\.gradle\caches\modules-2\files-2.1\org.apache.lucene\lucene-grouping\6.2.0\9527fedfd5acc624b2bb3f862bd99fb8f470b053\lucene-grouping-6.2.0.jar;C:\Users\kmala\.gradle\caches\modules-2\files-2.1\org.apache.lucene\lucene-highlighter\6.2.0\7ca342372a3f45e32bbd21cecaa757e38eccb8a5\lucene-highlighter-6.2.0.jar;C:\Users\kmala\.gradle\caches\modules-2\files-2.1\org.apache.lucene\lucene-join\6.2.0\da0b8de98511abd4fe9c7d48a353d17854c5ed46\lucene-join-6.2.0.jar;C:\Users\kmala\.gradle\caches\modules-2\files-2.1\org.apache.lucene\lucene-memory\6.2.0\bc9e075b1ee051c8e5246c237c38d8e71dab8a66\lucene-memory-6.2.0.jar;C:\Users\kmala\.gradle\caches\modules-2\files-2.1\org.apache.lucene\lucene-misc\6.2.0\94ddde6312566a4da4a50a88e453b6c82c759b41\lucene-misc-6.2.0.jar;C:\Users\kmala\.gradle\caches\modules-2\files-2.1\org.apache.lucene\lucene-queries\6.2.0\dce47238f78e3e97d91dc6fefa9f46f07866bc2b\lucene-queries-6.2.0.jar;C:\Users\kmala\.gradle\caches\modules-2\files-2.1\org.apache.lucene\lucene-queryparser\6.2.0\17ef728ac15e668bfa1105321611548424637645\lucene-queryparser-6.2.0.jar;C:\Users\kmala\.gradle\caches\modules-2\files-2.1\org.apache.lucene\lucene-sandbox\6.2.0\520183f7b9aba77a26e224760c420a3844b0631a\lucene-sandbox-6.2.0.jar;C:\Users\kmala\.gradle\caches\modules-2\files-2.1\org.apache.lucene\lucene-spatial\6.2.0\8dba929b66927b936fbc76103b109ad6c824daee\lucene-spatial-6.2.0.jar;C:\Users\kmala\.gradle\caches\modules-2\files-2.1\org.apache.lucene\lucene-spatial-extras\6.2.0\3b5a6ef5cd90c0218a72e9e2f7e60104be2447da\lucene-spatial-extras-6.2.0.jar;C:\Users\kmala\.gradle\caches\modules-2\files-2.1\org.apache.lucene\lucene-spatial3d\6.2.0\fcdb0567725722c5145149d1502848b6a96ec18d\lucene-spatial3d-6.2.0.jar;C:\Users\kmala\.gradle\caches\modules-2\files-2.1\org.apache.lucene\lucene-suggest\6.2.0\3d9d526c51f483d27f425c75d7e56bc0849242d6\lucene-suggest-6.2.0.jar;C:\Users\kmala\.gradle\caches\modules-2\files-2.1\org.elasticsearch\securesm\1.1\1e423447d020041534be94c0f31a49fbdc1f2950\securesm-1.1.jar;C:\Users\kmala\.gradle\caches\modules-2\files-2.1\net.sf.jopt-simple\jopt-simple\5.0.2\98cafc6081d5632b61be2c9e60650b64ddbc637c\jopt-simple-5.0.2.jar;C:\Users\kmala\.gradle\caches\modules-2\files-2.1\com.carrotsearch\hppc\0.7.1\8b5057f74ea378c0150a1860874a3ebdcb713767\hppc-0.7.1.jar;C:\Users\kmala\.gradle\caches\modules-2\files-2.1\joda-time\joda-time\2.9.4\1c295b462f16702ebe720bbb08f62e1ba80da41b\joda-time-2.9.4.jar;C:\Users\kmala\.gradle\caches\modules-2\files-2.1\org.joda\joda-convert\1.2\35ec554f0cd00c956cc69051514d9488b1374dec\joda-convert-1.2.jar;C:\Users\kmala\.gradle\caches\modules-2\files-2.1\org.yaml\snakeyaml\1.15\3b132bea69e8ee099f416044970997bde80f4ea6\snakeyaml-1.15.jar;C:\Users\kmala\.gradle\caches\modules-2\files-2.1\com.fasterxml.jackson.core\jackson-core\2.8.1\fd13b1c033741d48291315c6370f7d475a42dccf\jackson-core-2.8.1.jar;C:\Users\kmala\.gradle\caches\modules-2\files-2.1\com.fasterxml.jackson.dataformat\jackson-dataformat-smile\2.8.1\5b73867bc12224946fc67fc8d49d9f5e698d7f\jackson-dataformat-smile-2.8.1.jar;C:\Users\kmala\.gradle\caches\modules-2\files-2.1\com.fasterxml.jackson.dataformat\jackson-dataformat-yaml\2.8.1\eb63166c723b0b4b9fb5298fca232a2f6612ec34\jackson-dataformat-yaml-2.8.1.jar;C:\Users\kmala\.gradle\caches\modules-2\files-2.1\com.fasterxml.jackson.dataformat\jackson-dataformat-cbor\2.8.1\3a6fb7e75c9972559a78cf5cfc5a48a41a13ea40\jackson-dataformat-cbor-2.8.1.jar;C:\Users\kmala\.gradle\caches\modules-2\files-2.1\com.tdunning\t-digest\3.0\84ccf145ac2215e6bfa63baa3101c0af41017cfc\t-digest-3.0.jar;C:\Users\kmala\.gradle\caches\modules-2\files-2.1\org.hdrhistogram\HdrHistogram\2.1.6\7495feb7f71ee124bd2a7e7d83590e296d71d80e\HdrHistogram-2.1.6.jar;C:\Users\kmala\.gradle\caches\modules-2\files-2.1\org.locationtech.spatial4j\spatial4j\0.6\21b15310bddcfd8c72611c180f20cf23279809a3\spatial4j-0.6.jar;C:\Users\kmala\.gradle\caches\modules-2\files-2.1\com.vividsolutions\jts\1.13\3ccfb9b60f04d71add996a666ceb8902904fd805\jts-1.13.jar;C:\Users\kmala\.gradle\caches\modules-2\files-2.1\org.apache.logging.log4j\log4j-api\2.6.2\bd1b74a5d170686362091c7cf596bbc3adf5c09b\log4j-api-2.6.2.jar;C:\Users\kmala\.gradle\caches\modules-2\files-2.1\org.apache.logging.log4j\log4j-core\2.6.2\a91369f655eb1639c6aece5c5eb5108db18306\log4j-core-2.6.2.jar;C:\Users\kmala\.gradle\caches\modules-2\files-2.1\org.apache.logging.log4j\log4j-1.2-api\2.6.2\3b4c5a8b734b6a29b2f03380535a48da6284b210\log4j-1.2-api-2.6.2.jar;C:\Users\kmala\.gradle\caches\modules-2\files-2.1\net.java.dev.jna\jna\4.2.2\5012450aee579c3118ff09461d5ce210e0cdc2a9\jna-4.2.2.jar;C:\Users\kmala\workspace\Team3\test\framework\build\distributions\framework-5.0.0-alpha6-SNAPSHOT.jar;C:\Users\kmala\.gradle\caches\modules-2\files-2.1\com.carrotsearch.randomizedtesting\randomizedtesting-runner\2.3.2\307965917fe8a22b7ee72deba39ef4b8e6ebc069\randomizedtesting-runner-2.3.2.jar;C:\Users\kmala\.gradle\caches\modules-2\files-2.1\junit\junit\4.11\4e031bb61df09069aeb2bffb4019e7a5034a4ee0\junit-4.11.jar;C:\Users\kmala\.gradle\caches\modules-2\files-2.1\org.hamcrest\hamcrest-all\1.3\63a21ebc981131004ad02e0434e799fd7f3a8d5a\hamcrest-all-1.3.jar;C:\Users\kmala\.gradle\caches\modules-2\files-2.1\org.apache.lucene\lucene-test-framework\6.2.0\f5026be3983acfb40d4092dbfbc015ec6e6addab\lucene-test-framework-6.2.0.jar;C:\Users\kmala\.gradle\caches\modules-2\files-2.1\org.apache.lucene\lucene-codecs\6.2.0\99f887266b0ad9f2c286b3976c5bc48c8cd36624\lucene-codecs-6.2.0.jar;C:\Users\kmala\workspace\Team3\client\rest\build\distributions\rest-5.0.0-alpha6-SNAPSHOT.jar;C:\Users\kmala\.gradle\caches\modules-2\files-2.1\org.apache.httpcomponents\httpclient\4.5.2\733db77aa8d9b2d68015189df76ab06304406e50\httpclient-4.5.2.jar;C:\Users\kmala\.gradle\caches\modules-2\files-2.1\org.apache.httpcomponents\httpcore\4.4.5\e7501a1b34325abb00d17dde96150604a0658b54\httpcore-4.4.5.jar;C:\Users\kmala\.gradle\caches\modules-2\files-2.1\commons-logging\commons-logging\1.1.3\f6f66e966c70a83ffbdb6f17a0919eaf7c8aca7f\commons-logging-1.1.3.jar;C:\Users\kmala\.gradle\caches\modules-2\files-2.1\commons-codec\commons-codec\1.10\4b95f4897fa13f2cd904aee711aeafc0c5295cd8\commons-codec-1.10.jar;C:\Users\kmala\.gradle\caches\modules-2\files-2.1\org.elasticsearch\securemock\1.2\98201d4ad5ac93f6b415ae9172d52b5e7cda490e\securemock-1.2.jar;C:\Users\kmala\.gradle\caches\modules-2\files-2.1\org.apache.httpcomponents\httpasyncclient\4.1.2\95aa3e6fb520191a0970a73cf09f62948ee614be\httpasyncclient-4.1.2.jar;C:\Users\kmala\.gradle\caches\modules-2\files-2.1\org.apache.httpcomponents\httpcore-nio\4.4.5\f4be009e7505f6ceddf21e7960c759f413f15056\httpcore-nio-4.4.5.jar;C:\Users\kmala\.gradle\caches\modules-2\files-2.1\com.carrotsearch.randomizedtesting\junit4-ant\2.3.2\dc8f03f6111974092491f35b8269eb0fc57f52f7\junit4-ant-2.3.2.jar"/>
      <property name="java.class.version" value="52.0"/>
      <property name="java.endorsed.dirs" value="C:\Program Files\Java\jdk1.8.0_102\jre\lib\endorsed"/>
      <property name="java.ext.dirs" value="C:\Program Files\Java\jdk1.8.0_102\jre\lib\ext;C:\Windows\Sun\Java\lib\ext"/>
      <property name="java.home" value="C:\Program Files\Java\jdk1.8.0_102\jre"/>
      <property name="java.io.tmpdir" value="./temp"/>
      <property name="java.library.path" value="C:\Program Files\Java\jdk1.8.0_102\bin;C:\Windows\Sun\Java\bin;C:\Windows\system32;C:\Windows;C:\ProgramData\Oracle\Java\javapath;C:\Windows\system32;C:\Windows;C:\Windows\System32\Wbem;C:\Windows\System32\WindowsPowerShell\v1.0\;C:\Program Files (x86)\Skype\Phone\;C:\Tools\curl-7.50.1\bin;C:\Program Files\Git\cmd;C:\Tools\gradle-2.13\bin;C:\Tools\apache-maven-3.3.9\bin;C:\Program Files\doxygen\bin;C:\Tools\sonar-scanner-2.7\bin;C:\Windows\system32\config\systemprofile\.dnx\bin;C:\Program Files\Microsoft DNX\Dnvm\;C:\Program Files\Microsoft SQL Server\120\Tools\Binn\;C:\Users\kmala\AppData\Local\Microsoft\WindowsApps;;."/>
      <property name="java.runtime.name" value="Java(TM) SE Runtime Environment"/>
      <property name="java.runtime.version" value="1.8.0_102-b14"/>
      <property name="java.specification.name" value="Java Platform API Specification"/>
      <property name="java.specification.vendor" value="Oracle Corporation"/>
      <property name="java.specification.version" value="1.8"/>
      <property name="java.vendor" value="Oracle Corporation"/>
      <property name="java.vendor.url" value="http://java.oracle.com/"/>
      <property name="java.vendor.url.bug" value="http://bugreport.sun.com/bugreport/"/>
      <property name="java.version" value="1.8.0_102"/>
      <property name="java.vm.info" value="mixed mode"/>
      <property name="java.vm.name" value="Java HotSpot(TM) 64-Bit Server VM"/>
      <property name="java.vm.specification.name" value="Java Virtual Machine Specification"/>
      <property name="java.vm.specification.vendor" value="Oracle Corporation"/>
      <property name="java.vm.specification.version" value="1.8"/>
      <property name="java.vm.vendor" value="Oracle Corporation"/>
      <property name="java.vm.version" value="25.102-b14"/>
      <property name="jna.nosys" value="true"/>
      <property name="junit4.childvm.count" value="3"/>
      <property name="junit4.childvm.cwd" value="C:\Users\kmala\workspace\Team3\core\build\testrun\test\J1"/>
      <property name="junit4.childvm.id" value="1"/>
      <property name="junit4.memory.total" value="514850816"/>
      <property name="junit4.pidString" value="6936@DESKTOP-HP7QPF3"/>
      <property name="junit4.processors" value="4"/>
      <property name="line.separator" value="
"/>
      <property name="os.arch" value="amd64"/>
      <property name="os.name" value="Windows 10"/>
      <property name="os.version" value="10.0"/>
      <property name="path.separator" value=";"/>
      <property name="sun.arch.data.model" value="64"/>
      <property name="sun.boot.class.path" value="C:\Program Files\Java\jdk1.8.0_102\jre\lib\resources.jar;C:\Program Files\Java\jdk1.8.0_102\jre\lib\rt.jar;C:\Program Files\Java\jdk1.8.0_102\jre\lib\sunrsasign.jar;C:\Program Files\Java\jdk1.8.0_102\jre\lib\jsse.jar;C:\Program Files\Java\jdk1.8.0_102\jre\lib\jce.jar;C:\Program Files\Java\jdk1.8.0_102\jre\lib\charsets.jar;C:\Program Files\Java\jdk1.8.0_102\jre\lib\jfr.jar;C:\Program Files\Java\jdk1.8.0_102\jre\classes"/>
      <property name="sun.boot.library.path" value="C:\Program Files\Java\jdk1.8.0_102\jre\bin"/>
      <property name="sun.cpu.endian" value="little"/>
      <property name="sun.cpu.isalist" value="amd64"/>
      <property name="sun.desktop" value="windows"/>
      <property name="sun.io.unicode.encoding" value="UnicodeLittle"/>
      <property name="sun.java.command" value="com.carrotsearch.ant.tasks.junit4.slave.SlaveMainSafe -eventsfile C:\Users\kmala\workspace\Team3\core\build\testrun\test\temp\junit4-J1-20160918_124457_942.events @C:\Users\kmala\workspace\Team3\core\build\testrun\test\temp\junit4-J1-20160918_124457_942.suites -stdin"/>
      <property name="sun.java.launcher" value="SUN_STANDARD"/>
      <property name="sun.jnu.encoding" value="Cp1252"/>
      <property name="sun.management.compiler" value="HotSpot 64-Bit Tiered Compilers"/>
      <property name="sun.os.patch.level" value=""/>
      <property name="tests.artifact" value="core"/>
      <property name="tests.gradle" value="true"/>
      <property name="tests.ifNoTests" value="fail"/>
      <property name="tests.logger.level" value="WARN"/>
      <property name="tests.prefix" value="tests"/>
      <property name="tests.security.manager" value="true"/>
      <property name="tests.seed" value="FD13852EF36FC81C"/>
      <property name="tests.task" value=":core:test"/>
      <property name="user.country" value="US"/>
      <property name="user.dir" value="C:\Users\kmala\workspace\Team3\core\build\testrun\test\J1"/>
      <property name="user.home" value="C:\Users\kmala"/>
      <property name="user.language" value="en"/>
      <property name="user.name" value="kmala"/>
      <property name="user.script" value=""/>
      <property name="user.timezone" value=""/>
      <property name="user.variant" value=""/>
   </properties>
   <testcase classname="org.elasticsearch.index.replication.IndexLevelReplicationTests" name="testAppendWhileRecovering" time="1.151"/>
   <testcase classname="org.elasticsearch.index.replication.IndexLevelReplicationTests" name="testSimpleReplication" time="0.689"/>
   <testcase classname="org.elasticsearch.index.replication.IndexLevelReplicationTests" name="testSimpleAppendOnlyReplication" time="0.442"/>
   <testcase classname="org.elasticsearch.index.replication.IndexLevelReplicationTests" name="testIndexingDuringFileRecovery" time="1.627"/>
   <system-out><![CDATA[[2016-09-18T18:49:08,847][DEBUG][org.elasticsearch.index.shard] [s0] [test][0] state: [CREATED]
[2016-09-18T18:49:08,849][TRACE][org.elasticsearch.index.shard] [s0] [test][0] [test][0] writing shard state, reason [initial state with allocation id [[id=2OaDlwbSQZmf8Gjx5V8qIg]]]
[2016-09-18T18:49:08,878][DEBUG][org.elasticsearch.index.shard] [s1] [test][0] state: [CREATED]
[2016-09-18T18:49:08,878][TRACE][org.elasticsearch.index.shard] [s1] [test][0] [test][0] writing shard state, reason [initial state with allocation id [[id=KifLbGCvSAG89zZSTxH_ig]]]
[2016-09-18T18:49:08,886][DEBUG][org.elasticsearch.index.shard] [s1] [test][0] state: [CREATED]->[RECOVERING], reason [store]
[2016-09-18T18:49:08,886][DEBUG][org.elasticsearch.index.shard] [s1] [test][0] starting recovery from store ...
[2016-09-18T18:49:08,907][DEBUG][org.elasticsearch.index.shard] [s1] [test][0] state: [RECOVERING]->[POST_RECOVERY], reason [post recovery from shard_store]
[2016-09-18T18:49:08,907][TRACE][org.elasticsearch.index.shard] [s1] [test][0] recovery completed from [shard_store], took [21ms]
    index    : files           [0] with total_size [0b], took[0s]
             : recovered_files [0] with total_size [0b]
             : reusing_files   [0] with total_size [0b]
    verify_index    : took [0s], check_index [0s]
    translog : number_of_operations [0], took [20ms]
[2016-09-18T18:49:08,907][DEBUG][org.elasticsearch.index.shard] [s1] [test][0] state: [POST_RECOVERY]->[STARTED], reason [global state is [STARTED]]
[2016-09-18T18:49:08,907][TRACE][org.elasticsearch.index.shard] [s1] [test][0] [test][0] skip writing shard state, has been written before
[2016-09-18T18:49:08,908][DEBUG][org.elasticsearch.index.shard] [s1] [test][0] state: [CREATED]->[RECOVERING], reason [remote]
[2016-09-18T18:49:08,911][TRACE][org.elasticsearch.index.replication] [s1] [test][0] captured translog id [-1] for recovery
[2016-09-18T18:49:08,913][TRACE][org.elasticsearch.index.replication] [s1] [test][0] [test][0] recovery [phase1] to {s1}{s1}{uYkPRu7gRZyPrpe0StOemQ}{local}{local[s1]}: recovering [segments_1], does not exists in remote
[2016-09-18T18:49:08,913][TRACE][org.elasticsearch.index.replication] [s1] [test][0] [test][0] recovery [phase1] to {s1}{s1}{uYkPRu7gRZyPrpe0StOemQ}{local}{local[s1]}: recovering_files [1] with total_size [130b], reusing_files [0] with total_size [0b]
[2016-09-18T18:49:08,926][TRACE][org.elasticsearch.index.replication] [s1] [test][0] [test][0] recovery [phase1] to {s1}{s1}{uYkPRu7gRZyPrpe0StOemQ}{local}{local[s1]}: prepare remote engine for translog
[2016-09-18T18:49:08,961][TRACE][org.elasticsearch.index.replication] [s1] [test][0] [test][0] recovery [phase1] to {s1}{s1}{uYkPRu7gRZyPrpe0StOemQ}{local}{local[s1]}: remote engine start took [35.2ms]
[2016-09-18T18:49:08,961][TRACE][org.elasticsearch.index.replication] [s1] [test][0] [test][0] recovery [phase1] to {s1}{s1}{uYkPRu7gRZyPrpe0StOemQ}{local}{local[s1]}: took [0s]
[2016-09-18T18:49:08,961][TRACE][org.elasticsearch.index.replication] [s1] [test][0] [test][0] snapshot translog for recovery. current size is [0]
[2016-09-18T18:49:08,961][TRACE][org.elasticsearch.index.replication] [s1] [test][0] [test][0] recovery [phase2] to {s1}{s1}{uYkPRu7gRZyPrpe0StOemQ}{local}{local[s1]}: sending transaction log operations
[2016-09-18T18:49:08,961][TRACE][org.elasticsearch.index.replication] [s1] [test][0] [test][0] no translog operations to send to {s1}{s1}{uYkPRu7gRZyPrpe0StOemQ}{local}{local[s1]}
[2016-09-18T18:49:08,961][TRACE][org.elasticsearch.index.replication] [s1] [test][0] [test][0] sent final batch of [0][0b] (total: [0]) translog operations to {s1}{s1}{uYkPRu7gRZyPrpe0StOemQ}{local}{local[s1]}
[2016-09-18T18:49:08,961][TRACE][org.elasticsearch.index.replication] [s1] [test][0] [test][0] recovery [phase2] to {s1}{s1}{uYkPRu7gRZyPrpe0StOemQ}{local}{local[s1]}: took [178.2micros]
[2016-09-18T18:49:08,961][TRACE][org.elasticsearch.index.replication] [s1] [test][0] [test][0] finalizing recovery to {s1}{s1}{uYkPRu7gRZyPrpe0StOemQ}{local}{local[s1]}
[2016-09-18T18:49:08,961][TRACE][org.elasticsearch.index.replication] [s1] [test][0] [test][0] finalizing recovery to {s1}{s1}{uYkPRu7gRZyPrpe0StOemQ}{local}{local[s1]}: took [71.3micros]
[2016-09-18T18:49:08,962][DEBUG][org.elasticsearch.index.shard] [s1] [test][0] state: [RECOVERING]->[POST_RECOVERY], reason [peer recovery done]
[2016-09-18T18:49:08,962][DEBUG][org.elasticsearch.index.shard] [s1] [test][0] state: [POST_RECOVERY]->[STARTED], reason [global state is [STARTED]]
[2016-09-18T18:49:08,962][TRACE][org.elasticsearch.index.shard] [s1] [test][0] [test][0] skip writing shard state, has been written before
[2016-09-18T18:49:08,962][TRACE][org.elasticsearch.index.shard] [s1] [test][0] index [type][1][org.elasticsearch.index.mapper.ParseContext$Document@62ff65ff]
[2016-09-18T18:49:08,969][TRACE][org.elasticsearch.index.replication] [s1] [test][0] [[test][0]] op [indexing] completed on primary for request [index {[test][type][1], source[{}]}]
[2016-09-18T18:49:08,969][TRACE][org.elasticsearch.index.replication] [s1] [test][0] [[test][0]] sending op [indexing] to replica [test][0], node[s1], [R], s[STARTED], a[id=KifLbGCvSAG89zZSTxH_ig] for request [index {[test][type][1], source[{}]}]
[2016-09-18T18:49:08,970][TRACE][org.elasticsearch.index.shard] [s1] [test][0] index [type][1][org.elasticsearch.index.mapper.ParseContext$Document@63f67b10]
[2016-09-18T18:49:08,974][TRACE][org.elasticsearch.index.shard] [s1] [test][0] index [type][2][org.elasticsearch.index.mapper.ParseContext$Document@7745b449]
[2016-09-18T18:49:08,974][TRACE][org.elasticsearch.index.replication] [s1] [test][0] [[test][0]] op [indexing] completed on primary for request [index {[test][type][2], source[{}]}]
[2016-09-18T18:49:08,974][TRACE][org.elasticsearch.index.replication] [s1] [test][0] [[test][0]] sending op [indexing] to replica [test][0], node[s1], [R], s[STARTED], a[id=KifLbGCvSAG89zZSTxH_ig] for request [index {[test][type][2], source[{}]}]
[2016-09-18T18:49:08,974][TRACE][org.elasticsearch.index.shard] [s1] [test][0] index [type][2][org.elasticsearch.index.mapper.ParseContext$Document@12d3fd49]
[2016-09-18T18:49:08,975][TRACE][org.elasticsearch.index.shard] [s1] [test][0] index [type][3][org.elasticsearch.index.mapper.ParseContext$Document@3483a5e9]
[2016-09-18T18:49:08,975][TRACE][org.elasticsearch.index.replication] [s1] [test][0] [[test][0]] op [indexing] completed on primary for request [index {[test][type][3], source[{}]}]
[2016-09-18T18:49:08,975][TRACE][org.elasticsearch.index.replication] [s1] [test][0] [[test][0]] sending op [indexing] to replica [test][0], node[s1], [R], s[STARTED], a[id=KifLbGCvSAG89zZSTxH_ig] for request [index {[test][type][3], source[{}]}]
[2016-09-18T18:49:08,975][TRACE][org.elasticsearch.index.shard] [s1] [test][0] index [type][3][org.elasticsearch.index.mapper.ParseContext$Document@29088ea0]
[2016-09-18T18:49:08,976][TRACE][org.elasticsearch.index.shard] [s1] [test][0] index [type][4][org.elasticsearch.index.mapper.ParseContext$Document@1b3495a3]
[2016-09-18T18:49:08,976][TRACE][org.elasticsearch.index.replication] [s1] [test][0] [[test][0]] op [indexing] completed on primary for request [index {[test][type][4], source[{}]}]
[2016-09-18T18:49:08,976][TRACE][org.elasticsearch.index.replication] [s1] [test][0] [[test][0]] sending op [indexing] to replica [test][0], node[s1], [R], s[STARTED], a[id=KifLbGCvSAG89zZSTxH_ig] for request [index {[test][type][4], source[{}]}]
[2016-09-18T18:49:08,976][TRACE][org.elasticsearch.index.shard] [s1] [test][0] index [type][4][org.elasticsearch.index.mapper.ParseContext$Document@326a2a81]
[2016-09-18T18:49:08,976][TRACE][org.elasticsearch.index.shard] [s1] [test][0] index [type][5][org.elasticsearch.index.mapper.ParseContext$Document@31d65597]
[2016-09-18T18:49:08,977][TRACE][org.elasticsearch.index.replication] [s1] [test][0] [[test][0]] op [indexing] completed on primary for request [index {[test][type][5], source[{}]}]
[2016-09-18T18:49:08,977][TRACE][org.elasticsearch.index.replication] [s1] [test][0] [[test][0]] sending op [indexing] to replica [test][0], node[s1], [R], s[STARTED], a[id=KifLbGCvSAG89zZSTxH_ig] for request [index {[test][type][5], source[{}]}]
[2016-09-18T18:49:08,977][TRACE][org.elasticsearch.index.shard] [s1] [test][0] index [type][5][org.elasticsearch.index.mapper.ParseContext$Document@5bea628a]
[2016-09-18T18:49:08,977][TRACE][org.elasticsearch.index.shard] [s1] [test][0] index [type][6][org.elasticsearch.index.mapper.ParseContext$Document@546cef70]
[2016-09-18T18:49:08,977][TRACE][org.elasticsearch.index.replication] [s1] [test][0] [[test][0]] op [indexing] completed on primary for request [index {[test][type][6], source[{}]}]
[2016-09-18T18:49:08,977][TRACE][org.elasticsearch.index.replication] [s1] [test][0] [[test][0]] sending op [indexing] to replica [test][0], node[s1], [R], s[STARTED], a[id=KifLbGCvSAG89zZSTxH_ig] for request [index {[test][type][6], source[{}]}]
[2016-09-18T18:49:08,978][TRACE][org.elasticsearch.index.shard] [s1] [test][0] index [type][6][org.elasticsearch.index.mapper.ParseContext$Document@5fe74c19]
[2016-09-18T18:49:08,978][TRACE][org.elasticsearch.index.shard] [s1] [test][0] index [type][7][org.elasticsearch.index.mapper.ParseContext$Document@103d1bc3]
[2016-09-18T18:49:08,978][TRACE][org.elasticsearch.index.replication] [s1] [test][0] [[test][0]] op [indexing] completed on primary for request [index {[test][type][7], source[{}]}]
[2016-09-18T18:49:08,978][TRACE][org.elasticsearch.index.replication] [s1] [test][0] [[test][0]] sending op [indexing] to replica [test][0], node[s1], [R], s[STARTED], a[id=KifLbGCvSAG89zZSTxH_ig] for request [index {[test][type][7], source[{}]}]
[2016-09-18T18:49:08,978][TRACE][org.elasticsearch.index.shard] [s1] [test][0] index [type][7][org.elasticsearch.index.mapper.ParseContext$Document@2e47d27c]
[2016-09-18T18:49:08,979][TRACE][org.elasticsearch.index.shard] [s1] [test][0] index [type][8][org.elasticsearch.index.mapper.ParseContext$Document@3e101495]
[2016-09-18T18:49:08,979][TRACE][org.elasticsearch.index.replication] [s1] [test][0] [[test][0]] op [indexing] completed on primary for request [index {[test][type][8], source[{}]}]
[2016-09-18T18:49:08,979][TRACE][org.elasticsearch.index.replication] [s1] [test][0] [[test][0]] sending op [indexing] to replica [test][0], node[s1], [R], s[STARTED], a[id=KifLbGCvSAG89zZSTxH_ig] for request [index {[test][type][8], source[{}]}]
[2016-09-18T18:49:08,979][TRACE][org.elasticsearch.index.shard] [s1] [test][0] index [type][8][org.elasticsearch.index.mapper.ParseContext$Document@4bd0ef1e]
[2016-09-18T18:49:08,979][TRACE][org.elasticsearch.index.shard] [s1] [test][0] index [type][9][org.elasticsearch.index.mapper.ParseContext$Document@6c2cd751]
[2016-09-18T18:49:08,980][TRACE][org.elasticsearch.index.replication] [s1] [test][0] [[test][0]] op [indexing] completed on primary for request [index {[test][type][9], source[{}]}]
[2016-09-18T18:49:08,980][TRACE][org.elasticsearch.index.replication] [s1] [test][0] [[test][0]] sending op [indexing] to replica [test][0], node[s1], [R], s[STARTED], a[id=KifLbGCvSAG89zZSTxH_ig] for request [index {[test][type][9], source[{}]}]
[2016-09-18T18:49:08,980][TRACE][org.elasticsearch.index.shard] [s1] [test][0] index [type][9][org.elasticsearch.index.mapper.ParseContext$Document@5b36681f]
[2016-09-18T18:49:08,980][TRACE][org.elasticsearch.index.shard] [s1] [test][0] index [type][10][org.elasticsearch.index.mapper.ParseContext$Document@35419715]
[2016-09-18T18:49:08,981][TRACE][org.elasticsearch.index.replication] [s1] [test][0] [[test][0]] op [indexing] completed on primary for request [index {[test][type][10], source[{}]}]
[2016-09-18T18:49:08,981][TRACE][org.elasticsearch.index.replication] [s1] [test][0] [[test][0]] sending op [indexing] to replica [test][0], node[s1], [R], s[STARTED], a[id=KifLbGCvSAG89zZSTxH_ig] for request [index {[test][type][10], source[{}]}]
[2016-09-18T18:49:08,981][TRACE][org.elasticsearch.index.shard] [s1] [test][0] index [type][10][org.elasticsearch.index.mapper.ParseContext$Document@5ce32124]
[2016-09-18T18:49:08,981][TRACE][org.elasticsearch.index.shard] [s1] [test][0] index [type][11][org.elasticsearch.index.mapper.ParseContext$Document@3064369f]
[2016-09-18T18:49:08,982][TRACE][org.elasticsearch.index.replication] [s1] [test][0] [[test][0]] op [indexing] completed on primary for request [index {[test][type][11], source[{}]}]
[2016-09-18T18:49:08,982][TRACE][org.elasticsearch.index.replication] [s1] [test][0] [[test][0]] sending op [indexing] to replica [test][0], node[s1], [R], s[STARTED], a[id=KifLbGCvSAG89zZSTxH_ig] for request [index {[test][type][11], source[{}]}]
[2016-09-18T18:49:08,982][TRACE][org.elasticsearch.index.shard] [s1] [test][0] index [type][11][org.elasticsearch.index.mapper.ParseContext$Document@2fe5532a]
[2016-09-18T18:49:08,983][TRACE][org.elasticsearch.index.shard] [s1] [test][0] flush with FlushRequest{waitIfOngoing=false, force=false}
[2016-09-18T18:49:09,262][TRACE][org.elasticsearch.index.shard] [s1] [test][0] flush with FlushRequest{waitIfOngoing=false, force=false}
[2016-09-18T18:49:09,484][DEBUG][org.elasticsearch.index.shard] [s2] [test][0] state: [CREATED]
[2016-09-18T18:49:09,484][TRACE][org.elasticsearch.index.shard] [s2] [test][0] [test][0] writing shard state, reason [initial state with allocation id [[id=3H8ngCAcRjyX4NILDaKYQA]]]
[2016-09-18T18:49:09,507][DEBUG][org.elasticsearch.index.shard] [s2] [test][0] state: [CREATED]->[RECOVERING], reason [remote]
[2016-09-18T18:49:09,535][TRACE][org.elasticsearch.index.replication] [s2] [test][0] captured translog id [2] for recovery
[2016-09-18T18:49:09,582][TRACE][org.elasticsearch.index.replication] [s2] [test][0] [test][0] recovery [phase1] to {s2}{s2}{fe5Nk9DbRVmSRWa-_s8Jkg}{local}{local[s2]}: recovering [_0.cfe], does not exists in remote
[2016-09-18T18:49:09,582][TRACE][org.elasticsearch.index.replication] [s2] [test][0] [test][0] recovery [phase1] to {s2}{s2}{fe5Nk9DbRVmSRWa-_s8Jkg}{local}{local[s2]}: recovering [_0.si], does not exists in remote
[2016-09-18T18:49:09,582][TRACE][org.elasticsearch.index.replication] [s2] [test][0] [test][0] recovery [phase1] to {s2}{s2}{fe5Nk9DbRVmSRWa-_s8Jkg}{local}{local[s2]}: recovering [_0.cfs], does not exists in remote
[2016-09-18T18:49:09,582][TRACE][org.elasticsearch.index.replication] [s2] [test][0] [test][0] recovery [phase1] to {s2}{s2}{fe5Nk9DbRVmSRWa-_s8Jkg}{local}{local[s2]}: recovering [segments_2], does not exists in remote
[2016-09-18T18:49:09,584][TRACE][org.elasticsearch.index.replication] [s2] [test][0] [test][0] recovery [phase1] to {s2}{s2}{fe5Nk9DbRVmSRWa-_s8Jkg}{local}{local[s2]}: recovering_files [4] with total_size [2.5kb], reusing_files [0] with total_size [0b]
[2016-09-18T18:49:09,736][TRACE][org.elasticsearch.index.shard] [s2] [test][0] index [type][12][org.elasticsearch.index.mapper.ParseContext$Document@718e7b1d]
[2016-09-18T18:49:09,741][TRACE][org.elasticsearch.index.replication] [s2] [test][0] [[test][0]] op [indexing] completed on primary for request [index {[test][type][12], source[{}]}]
[2016-09-18T18:49:09,742][TRACE][org.elasticsearch.index.replication] [s2] [test][0] [[test][0]] sending op [indexing] to replica [test][0], node[s1], [R], s[STARTED], a[id=KifLbGCvSAG89zZSTxH_ig] for request [index {[test][type][12], source[{}]}]
[2016-09-18T18:49:09,742][TRACE][org.elasticsearch.index.shard] [s2] [test][0] index [type][12][org.elasticsearch.index.mapper.ParseContext$Document@46b49915]
[2016-09-18T18:49:09,746][TRACE][org.elasticsearch.index.replication] [s2] [test][0] [[test][0]] sending op [indexing] to replica [test][0], node[s2], [R], recovery_source[peer recovery], s[INITIALIZING], a[id=3H8ngCAcRjyX4NILDaKYQA], unassigned_info[[reason=EXISTING_INDEX_RESTORED], at[2016-09-18T10:49:09.465Z], delayed=false, details[auto generated for test], allocation_status[no_attempt]] for request [index {[test][type][12], source[{}]}]
2016-09-18 18:49:09,750 TEST-IndexLevelReplicationTests.testIndexingDuringFileRecovery-seed#[FD13852EF36FC81C] ERROR An exception occurred processing Appender console java.security.AccessControlException: access denied ("java.lang.RuntimePermission" "accessClassInPackage.sun.reflect")
	at java.security.AccessControlContext.checkPermission(AccessControlContext.java:472)
	at java.security.AccessController.checkPermission(AccessController.java:884)
	at java.lang.SecurityManager.checkPermission(SecurityManager.java:549)
	at java.lang.SecurityManager.checkPackageAccess(SecurityManager.java:1564)
	at sun.misc.Launcher$AppClassLoader.loadClass(Launcher.java:311)
	at java.lang.ClassLoader.loadClass(ClassLoader.java:357)
	at java.lang.Class.forName0(Native Method)
	at java.lang.Class.forName(Class.java:264)
	at org.apache.logging.log4j.util.LoaderUtil.loadClass(LoaderUtil.java:122)
	at org.apache.logging.log4j.core.util.Loader.loadClass(Loader.java:228)
	at org.apache.logging.log4j.core.impl.ThrowableProxy.loadClass(ThrowableProxy.java:496)
	at org.apache.logging.log4j.core.impl.ThrowableProxy.toExtendedStackTrace(ThrowableProxy.java:617)
	at org.apache.logging.log4j.core.impl.ThrowableProxy.<init>(ThrowableProxy.java:135)
	at org.apache.logging.log4j.core.impl.ThrowableProxy.<init>(ThrowableProxy.java:117)
	at org.apache.logging.log4j.core.impl.MutableLogEvent.getThrownProxy(MutableLogEvent.java:314)
	at org.apache.logging.log4j.core.pattern.ExtendedThrowablePatternConverter.format(ExtendedThrowablePatternConverter.java:61)
	at org.apache.logging.log4j.core.pattern.PatternFormatter.format(PatternFormatter.java:38)
	at org.apache.logging.log4j.core.layout.PatternLayout$PatternSerializer.toSerializable(PatternLayout.java:294)
	at org.apache.logging.log4j.core.layout.PatternLayout.toText(PatternLayout.java:195)
	at org.apache.logging.log4j.core.layout.PatternLayout.encode(PatternLayout.java:180)
	at org.apache.logging.log4j.core.layout.PatternLayout.encode(PatternLayout.java:57)
	at org.apache.logging.log4j.core.appender.AbstractOutputStreamAppender.directEncodeEvent(AbstractOutputStreamAppender.java:120)
	at org.apache.logging.log4j.core.appender.AbstractOutputStreamAppender.tryAppend(AbstractOutputStreamAppender.java:113)
	at org.apache.logging.log4j.core.appender.AbstractOutputStreamAppender.append(AbstractOutputStreamAppender.java:104)
	at org.apache.logging.log4j.core.config.AppenderControl.tryCallAppender(AppenderControl.java:155)
	at org.apache.logging.log4j.core.config.AppenderControl.callAppender0(AppenderControl.java:128)
	at org.apache.logging.log4j.core.config.AppenderControl.callAppenderPreventRecursion(AppenderControl.java:119)
	at org.apache.logging.log4j.core.config.AppenderControl.callAppender(AppenderControl.java:84)
	at org.apache.logging.log4j.core.config.LoggerConfig.callAppenders(LoggerConfig.java:390)
	at org.apache.logging.log4j.core.config.LoggerConfig.processLogEvent(LoggerConfig.java:375)
	at org.apache.logging.log4j.core.config.LoggerConfig.log(LoggerConfig.java:359)
	at org.apache.logging.log4j.core.config.LoggerConfig.logParent(LoggerConfig.java:381)
	at org.apache.logging.log4j.core.config.LoggerConfig.processLogEvent(LoggerConfig.java:376)
	at org.apache.logging.log4j.core.config.LoggerConfig.log(LoggerConfig.java:359)
	at org.apache.logging.log4j.core.config.LoggerConfig.log(LoggerConfig.java:349)
	at org.apache.logging.log4j.core.config.DefaultReliabilityStrategy.log(DefaultReliabilityStrategy.java:49)
	at org.apache.logging.log4j.core.Logger.logMessage(Logger.java:146)
	at org.apache.logging.log4j.spi.AbstractLogger.logMessage(AbstractLogger.java:1983)
	at org.apache.logging.log4j.spi.AbstractLogger.logIfEnabled(AbstractLogger.java:1845)
	at org.apache.logging.log4j.spi.AbstractLogger.trace(AbstractLogger.java:2215)
	at org.elasticsearch.action.support.replication.ReplicationOperation$1.onFailure(ReplicationOperation.java:193)
	at org.elasticsearch.index.replication.ESIndexLevelReplicationTestCase$ReplicasRef.performOn(ESIndexLevelReplicationTestCase.java:494)
	at org.elasticsearch.index.replication.ESIndexLevelReplicationTestCase$ReplicasRef.performOn(ESIndexLevelReplicationTestCase.java:479)
	at org.elasticsearch.action.support.replication.ReplicationOperation.performOnReplica(ReplicationOperation.java:184)
	at org.elasticsearch.action.support.replication.ReplicationOperation.performOnReplicas(ReplicationOperation.java:168)
	at org.elasticsearch.action.support.replication.ReplicationOperation.execute(ReplicationOperation.java:129)
	at org.elasticsearch.index.replication.ESIndexLevelReplicationTestCase$ReplicationGroup.index(ESIndexLevelReplicationTestCase.java:277)
	at org.elasticsearch.index.replication.ESIndexLevelReplicationTestCase$ReplicationGroup.indexDocs(ESIndexLevelReplicationTestCase.java:259)
	at org.elasticsearch.index.replication.ESIndexLevelReplicationTestCase.testIndexingDuringFileRecovery(ESIndexLevelReplicationTestCase.java:158)
	at sun.reflect.NativeMethodAccessorImpl.invoke0(Native Method)
	at sun.reflect.NativeMethodAccessorImpl.invoke(NativeMethodAccessorImpl.java:62)
	at sun.reflect.DelegatingMethodAccessorImpl.invoke(DelegatingMethodAccessorImpl.java:43)
	at java.lang.reflect.Method.invoke(Method.java:498)
	at com.carrotsearch.randomizedtesting.RandomizedRunner.invoke(RandomizedRunner.java:1764)
	at com.carrotsearch.randomizedtesting.RandomizedRunner$8.evaluate(RandomizedRunner.java:871)
	at com.carrotsearch.randomizedtesting.RandomizedRunner$9.evaluate(RandomizedRunner.java:907)
	at com.carrotsearch.randomizedtesting.RandomizedRunner$10.evaluate(RandomizedRunner.java:921)
	at com.carrotsearch.randomizedtesting.rules.StatementAdapter.evaluate(StatementAdapter.java:36)
	at org.apache.lucene.util.TestRuleSetupTeardownChained$1.evaluate(TestRuleSetupTeardownChained.java:49)
	at org.apache.lucene.util.AbstractBeforeAfterRule$1.evaluate(AbstractBeforeAfterRule.java:45)
	at org.apache.lucene.util.TestRuleThreadAndTestName$1.evaluate(TestRuleThreadAndTestName.java:48)
	at org.apache.lucene.util.TestRuleIgnoreAfterMaxFailures$1.evaluate(TestRuleIgnoreAfterMaxFailures.java:64)
	at org.apache.lucene.util.TestRuleMarkFailure$1.evaluate(TestRuleMarkFailure.java:47)
	at com.carrotsearch.randomizedtesting.rules.StatementAdapter.evaluate(StatementAdapter.java:36)
	at com.carrotsearch.randomizedtesting.ThreadLeakControl$StatementRunner.run(ThreadLeakControl.java:367)
	at com.carrotsearch.randomizedtesting.ThreadLeakControl.forkTimeoutingTask(ThreadLeakControl.java:809)
	at com.carrotsearch.randomizedtesting.ThreadLeakControl$3.evaluate(ThreadLeakControl.java:460)
	at com.carrotsearch.randomizedtesting.RandomizedRunner.runSingleTest(RandomizedRunner.java:880)
	at com.carrotsearch.randomizedtesting.RandomizedRunner$5.evaluate(RandomizedRunner.java:781)
	at com.carrotsearch.randomizedtesting.RandomizedRunner$6.evaluate(RandomizedRunner.java:816)
	at com.carrotsearch.randomizedtesting.RandomizedRunner$7.evaluate(RandomizedRunner.java:827)
	at org.apache.lucene.util.AbstractBeforeAfterRule$1.evaluate(AbstractBeforeAfterRule.java:45)
	at com.carrotsearch.randomizedtesting.rules.StatementAdapter.evaluate(StatementAdapter.java:36)
	at org.apache.lucene.util.TestRuleStoreClassName$1.evaluate(TestRuleStoreClassName.java:41)
	at com.carrotsearch.randomizedtesting.rules.NoShadowingOrOverridesOnMethodsRule$1.evaluate(NoShadowingOrOverridesOnMethodsRule.java:40)
	at com.carrotsearch.randomizedtesting.rules.NoShadowingOrOverridesOnMethodsRule$1.evaluate(NoShadowingOrOverridesOnMethodsRule.java:40)
	at com.carrotsearch.randomizedtesting.rules.StatementAdapter.evaluate(StatementAdapter.java:36)
	at com.carrotsearch.randomizedtesting.rules.StatementAdapter.evaluate(StatementAdapter.java:36)
	at com.carrotsearch.randomizedtesting.rules.StatementAdapter.evaluate(StatementAdapter.java:36)
	at org.apache.lucene.util.TestRuleAssertionsRequired$1.evaluate(TestRuleAssertionsRequired.java:53)
	at org.apache.lucene.util.TestRuleMarkFailure$1.evaluate(TestRuleMarkFailure.java:47)
	at org.apache.lucene.util.TestRuleIgnoreAfterMaxFailures$1.evaluate(TestRuleIgnoreAfterMaxFailures.java:64)
	at org.apache.lucene.util.TestRuleIgnoreTestSuites$1.evaluate(TestRuleIgnoreTestSuites.java:54)
	at com.carrotsearch.randomizedtesting.rules.StatementAdapter.evaluate(StatementAdapter.java:36)
	at com.carrotsearch.randomizedtesting.ThreadLeakControl$StatementRunner.run(ThreadLeakControl.java:367)
	at java.lang.Thread.run(Thread.java:745)

[2016-09-18T18:49:09,756][TRACE][org.elasticsearch.index.shard] [s2] [test][0] index [type][13][org.elasticsearch.index.mapper.ParseContext$Document@3900509a]
[2016-09-18T18:49:09,756][TRACE][org.elasticsearch.index.replication] [s2] [test][0] [[test][0]] op [indexing] completed on primary for request [index {[test][type][13], source[{}]}]
[2016-09-18T18:49:09,757][TRACE][org.elasticsearch.index.replication] [s2] [test][0] [[test][0]] sending op [indexing] to replica [test][0], node[s1], [R], s[STARTED], a[id=KifLbGCvSAG89zZSTxH_ig] for request [index {[test][type][13], source[{}]}]
[2016-09-18T18:49:09,757][TRACE][org.elasticsearch.index.shard] [s2] [test][0] index [type][13][org.elasticsearch.index.mapper.ParseContext$Document@29da939b]
[2016-09-18T18:49:09,757][TRACE][org.elasticsearch.index.replication] [s2] [test][0] [[test][0]] sending op [indexing] to replica [test][0], node[s2], [R], recovery_source[peer recovery], s[INITIALIZING], a[id=3H8ngCAcRjyX4NILDaKYQA], unassigned_info[[reason=EXISTING_INDEX_RESTORED], at[2016-09-18T10:49:09.465Z], delayed=false, details[auto generated for test], allocation_status[no_attempt]] for request [index {[test][type][13], source[{}]}]
2016-09-18 18:49:09,759 TEST-IndexLevelReplicationTests.testIndexingDuringFileRecovery-seed#[FD13852EF36FC81C] ERROR An exception occurred processing Appender console java.security.AccessControlException: access denied ("java.lang.RuntimePermission" "accessClassInPackage.sun.reflect")
	at java.security.AccessControlContext.checkPermission(AccessControlContext.java:472)
	at java.security.AccessController.checkPermission(AccessController.java:884)
	at java.lang.SecurityManager.checkPermission(SecurityManager.java:549)
	at java.lang.SecurityManager.checkPackageAccess(SecurityManager.java:1564)
	at sun.misc.Launcher$AppClassLoader.loadClass(Launcher.java:311)
	at java.lang.ClassLoader.loadClass(ClassLoader.java:357)
	at java.lang.Class.forName0(Native Method)
	at java.lang.Class.forName(Class.java:264)
	at org.apache.logging.log4j.util.LoaderUtil.loadClass(LoaderUtil.java:122)
	at org.apache.logging.log4j.core.util.Loader.loadClass(Loader.java:228)
	at org.apache.logging.log4j.core.impl.ThrowableProxy.loadClass(ThrowableProxy.java:496)
	at org.apache.logging.log4j.core.impl.ThrowableProxy.toExtendedStackTrace(ThrowableProxy.java:617)
	at org.apache.logging.log4j.core.impl.ThrowableProxy.<init>(ThrowableProxy.java:135)
	at org.apache.logging.log4j.core.impl.ThrowableProxy.<init>(ThrowableProxy.java:117)
	at org.apache.logging.log4j.core.impl.MutableLogEvent.getThrownProxy(MutableLogEvent.java:314)
	at org.apache.logging.log4j.core.pattern.ExtendedThrowablePatternConverter.format(ExtendedThrowablePatternConverter.java:61)
	at org.apache.logging.log4j.core.pattern.PatternFormatter.format(PatternFormatter.java:38)
	at org.apache.logging.log4j.core.layout.PatternLayout$PatternSerializer.toSerializable(PatternLayout.java:294)
	at org.apache.logging.log4j.core.layout.PatternLayout.toText(PatternLayout.java:195)
	at org.apache.logging.log4j.core.layout.PatternLayout.encode(PatternLayout.java:180)
	at org.apache.logging.log4j.core.layout.PatternLayout.encode(PatternLayout.java:57)
	at org.apache.logging.log4j.core.appender.AbstractOutputStreamAppender.directEncodeEvent(AbstractOutputStreamAppender.java:120)
	at org.apache.logging.log4j.core.appender.AbstractOutputStreamAppender.tryAppend(AbstractOutputStreamAppender.java:113)
	at org.apache.logging.log4j.core.appender.AbstractOutputStreamAppender.append(AbstractOutputStreamAppender.java:104)
	at org.apache.logging.log4j.core.config.AppenderControl.tryCallAppender(AppenderControl.java:155)
	at org.apache.logging.log4j.core.config.AppenderControl.callAppender0(AppenderControl.java:128)
	at org.apache.logging.log4j.core.config.AppenderControl.callAppenderPreventRecursion(AppenderControl.java:119)
	at org.apache.logging.log4j.core.config.AppenderControl.callAppender(AppenderControl.java:84)
	at org.apache.logging.log4j.core.config.LoggerConfig.callAppenders(LoggerConfig.java:390)
	at org.apache.logging.log4j.core.config.LoggerConfig.processLogEvent(LoggerConfig.java:375)
	at org.apache.logging.log4j.core.config.LoggerConfig.log(LoggerConfig.java:359)
	at org.apache.logging.log4j.core.config.LoggerConfig.logParent(LoggerConfig.java:381)
	at org.apache.logging.log4j.core.config.LoggerConfig.processLogEvent(LoggerConfig.java:376)
	at org.apache.logging.log4j.core.config.LoggerConfig.log(LoggerConfig.java:359)
	at org.apache.logging.log4j.core.config.LoggerConfig.log(LoggerConfig.java:349)
	at org.apache.logging.log4j.core.config.DefaultReliabilityStrategy.log(DefaultReliabilityStrategy.java:49)
	at org.apache.logging.log4j.core.Logger.logMessage(Logger.java:146)
	at org.apache.logging.log4j.spi.AbstractLogger.logMessage(AbstractLogger.java:1983)
	at org.apache.logging.log4j.spi.AbstractLogger.logIfEnabled(AbstractLogger.java:1845)
	at org.apache.logging.log4j.spi.AbstractLogger.trace(AbstractLogger.java:2215)
	at org.elasticsearch.action.support.replication.ReplicationOperation$1.onFailure(ReplicationOperation.java:193)
	at org.elasticsearch.index.replication.ESIndexLevelReplicationTestCase$ReplicasRef.performOn(ESIndexLevelReplicationTestCase.java:494)
	at org.elasticsearch.index.replication.ESIndexLevelReplicationTestCase$ReplicasRef.performOn(ESIndexLevelReplicationTestCase.java:479)
	at org.elasticsearch.action.support.replication.ReplicationOperation.performOnReplica(ReplicationOperation.java:184)
	at org.elasticsearch.action.support.replication.ReplicationOperation.performOnReplicas(ReplicationOperation.java:168)
	at org.elasticsearch.action.support.replication.ReplicationOperation.execute(ReplicationOperation.java:129)
	at org.elasticsearch.index.replication.ESIndexLevelReplicationTestCase$ReplicationGroup.index(ESIndexLevelReplicationTestCase.java:277)
	at org.elasticsearch.index.replication.ESIndexLevelReplicationTestCase$ReplicationGroup.indexDocs(ESIndexLevelReplicationTestCase.java:259)
	at org.elasticsearch.index.replication.ESIndexLevelReplicationTestCase.testIndexingDuringFileRecovery(ESIndexLevelReplicationTestCase.java:158)
	at sun.reflect.NativeMethodAccessorImpl.invoke0(Native Method)
	at sun.reflect.NativeMethodAccessorImpl.invoke(NativeMethodAccessorImpl.java:62)
	at sun.reflect.DelegatingMethodAccessorImpl.invoke(DelegatingMethodAccessorImpl.java:43)
	at java.lang.reflect.Method.invoke(Method.java:498)
	at com.carrotsearch.randomizedtesting.RandomizedRunner.invoke(RandomizedRunner.java:1764)
	at com.carrotsearch.randomizedtesting.RandomizedRunner$8.evaluate(RandomizedRunner.java:871)
	at com.carrotsearch.randomizedtesting.RandomizedRunner$9.evaluate(RandomizedRunner.java:907)
	at com.carrotsearch.randomizedtesting.RandomizedRunner$10.evaluate(RandomizedRunner.java:921)
	at com.carrotsearch.randomizedtesting.rules.StatementAdapter.evaluate(StatementAdapter.java:36)
	at org.apache.lucene.util.TestRuleSetupTeardownChained$1.evaluate(TestRuleSetupTeardownChained.java:49)
	at org.apache.lucene.util.AbstractBeforeAfterRule$1.evaluate(AbstractBeforeAfterRule.java:45)
	at org.apache.lucene.util.TestRuleThreadAndTestName$1.evaluate(TestRuleThreadAndTestName.java:48)
	at org.apache.lucene.util.TestRuleIgnoreAfterMaxFailures$1.evaluate(TestRuleIgnoreAfterMaxFailures.java:64)
	at org.apache.lucene.util.TestRuleMarkFailure$1.evaluate(TestRuleMarkFailure.java:47)
	at com.carrotsearch.randomizedtesting.rules.StatementAdapter.evaluate(StatementAdapter.java:36)
	at com.carrotsearch.randomizedtesting.ThreadLeakControl$StatementRunner.run(ThreadLeakControl.java:367)
	at com.carrotsearch.randomizedtesting.ThreadLeakControl.forkTimeoutingTask(ThreadLeakControl.java:809)
	at com.carrotsearch.randomizedtesting.ThreadLeakControl$3.evaluate(ThreadLeakControl.java:460)
	at com.carrotsearch.randomizedtesting.RandomizedRunner.runSingleTest(RandomizedRunner.java:880)
	at com.carrotsearch.randomizedtesting.RandomizedRunner$5.evaluate(RandomizedRunner.java:781)
	at com.carrotsearch.randomizedtesting.RandomizedRunner$6.evaluate(RandomizedRunner.java:816)
	at com.carrotsearch.randomizedtesting.RandomizedRunner$7.evaluate(RandomizedRunner.java:827)
	at org.apache.lucene.util.AbstractBeforeAfterRule$1.evaluate(AbstractBeforeAfterRule.java:45)
	at com.carrotsearch.randomizedtesting.rules.StatementAdapter.evaluate(StatementAdapter.java:36)
	at org.apache.lucene.util.TestRuleStoreClassName$1.evaluate(TestRuleStoreClassName.java:41)
	at com.carrotsearch.randomizedtesting.rules.NoShadowingOrOverridesOnMethodsRule$1.evaluate(NoShadowingOrOverridesOnMethodsRule.java:40)
	at com.carrotsearch.randomizedtesting.rules.NoShadowingOrOverridesOnMethodsRule$1.evaluate(NoShadowingOrOverridesOnMethodsRule.java:40)
	at com.carrotsearch.randomizedtesting.rules.StatementAdapter.evaluate(StatementAdapter.java:36)
	at com.carrotsearch.randomizedtesting.rules.StatementAdapter.evaluate(StatementAdapter.java:36)
	at com.carrotsearch.randomizedtesting.rules.StatementAdapter.evaluate(StatementAdapter.java:36)
	at org.apache.lucene.util.TestRuleAssertionsRequired$1.evaluate(TestRuleAssertionsRequired.java:53)
	at org.apache.lucene.util.TestRuleMarkFailure$1.evaluate(TestRuleMarkFailure.java:47)
	at org.apache.lucene.util.TestRuleIgnoreAfterMaxFailures$1.evaluate(TestRuleIgnoreAfterMaxFailures.java:64)
	at org.apache.lucene.util.TestRuleIgnoreTestSuites$1.evaluate(TestRuleIgnoreTestSuites.java:54)
	at com.carrotsearch.randomizedtesting.rules.StatementAdapter.evaluate(StatementAdapter.java:36)
	at com.carrotsearch.randomizedtesting.ThreadLeakControl$StatementRunner.run(ThreadLeakControl.java:367)
	at java.lang.Thread.run(Thread.java:745)

[2016-09-18T18:49:09,763][TRACE][org.elasticsearch.index.shard] [s2] [test][0] index [type][14][org.elasticsearch.index.mapper.ParseContext$Document@2498bf72]
[2016-09-18T18:49:09,763][TRACE][org.elasticsearch.index.replication] [s2] [test][0] [[test][0]] op [indexing] completed on primary for request [index {[test][type][14], source[{}]}]
[2016-09-18T18:49:09,763][TRACE][org.elasticsearch.index.replication] [s2] [test][0] [[test][0]] sending op [indexing] to replica [test][0], node[s1], [R], s[STARTED], a[id=KifLbGCvSAG89zZSTxH_ig] for request [index {[test][type][14], source[{}]}]
[2016-09-18T18:49:09,763][TRACE][org.elasticsearch.index.shard] [s2] [test][0] index [type][14][org.elasticsearch.index.mapper.ParseContext$Document@52e64140]
[2016-09-18T18:49:09,764][TRACE][org.elasticsearch.index.replication] [s2] [test][0] [[test][0]] sending op [indexing] to replica [test][0], node[s2], [R], recovery_source[peer recovery], s[INITIALIZING], a[id=3H8ngCAcRjyX4NILDaKYQA], unassigned_info[[reason=EXISTING_INDEX_RESTORED], at[2016-09-18T10:49:09.465Z], delayed=false, details[auto generated for test], allocation_status[no_attempt]] for request [index {[test][type][14], source[{}]}]
[2016-09-18T18:49:09,765][TRACE][org.elasticsearch.index.shard] [s2] [test][0] index [type][15][org.elasticsearch.index.mapper.ParseContext$Document@7bbe60ee]
[2016-09-18T18:49:09,766][TRACE][org.elasticsearch.index.replication] [s2] [test][0] [[test][0]] op [indexing] completed on primary for request [index {[test][type][15], source[{}]}]
[2016-09-18T18:49:09,766][TRACE][org.elasticsearch.index.replication] [s2] [test][0] [[test][0]] sending op [indexing] to replica [test][0], node[s1], [R], s[STARTED], a[id=KifLbGCvSAG89zZSTxH_ig] for request [index {[test][type][15], source[{}]}]
[2016-09-18T18:49:09,766][TRACE][org.elasticsearch.index.shard] [s2] [test][0] index [type][15][org.elasticsearch.index.mapper.ParseContext$Document@5f64e96a]
[2016-09-18T18:49:09,769][TRACE][org.elasticsearch.index.replication] [s2] [test][0] [[test][0]] sending op [indexing] to replica [test][0], node[s2], [R], recovery_source[peer recovery], s[INITIALIZING], a[id=3H8ngCAcRjyX4NILDaKYQA], unassigned_info[[reason=EXISTING_INDEX_RESTORED], at[2016-09-18T10:49:09.465Z], delayed=false, details[auto generated for test], allocation_status[no_attempt]] for request [index {[test][type][15], source[{}]}]
[2016-09-18T18:49:09,771][TRACE][org.elasticsearch.index.shard] [s2] [test][0] index [type][16][org.elasticsearch.index.mapper.ParseContext$Document@2ced1388]
[2016-09-18T18:49:09,771][TRACE][org.elasticsearch.index.replication] [s2] [test][0] [[test][0]] op [indexing] completed on primary for request [index {[test][type][16], source[{}]}]
[2016-09-18T18:49:09,771][TRACE][org.elasticsearch.index.replication] [s2] [test][0] [[test][0]] sending op [indexing] to replica [test][0], node[s1], [R], s[STARTED], a[id=KifLbGCvSAG89zZSTxH_ig] for request [index {[test][type][16], source[{}]}]
[2016-09-18T18:49:09,771][TRACE][org.elasticsearch.index.shard] [s2] [test][0] index [type][16][org.elasticsearch.index.mapper.ParseContext$Document@29338d8f]
[2016-09-18T18:49:09,772][TRACE][org.elasticsearch.index.replication] [s2] [test][0] [[test][0]] sending op [indexing] to replica [test][0], node[s2], [R], recovery_source[peer recovery], s[INITIALIZING], a[id=3H8ngCAcRjyX4NILDaKYQA], unassigned_info[[reason=EXISTING_INDEX_RESTORED], at[2016-09-18T10:49:09.465Z], delayed=false, details[auto generated for test], allocation_status[no_attempt]] for request [index {[test][type][16], source[{}]}]
[2016-09-18T18:49:09,774][TRACE][org.elasticsearch.index.shard] [s2] [test][0] index [type][17][org.elasticsearch.index.mapper.ParseContext$Document@2c6c4a52]
[2016-09-18T18:49:09,775][TRACE][org.elasticsearch.index.replication] [s2] [test][0] [[test][0]] op [indexing] completed on primary for request [index {[test][type][17], source[{}]}]
[2016-09-18T18:49:09,775][TRACE][org.elasticsearch.index.replication] [s2] [test][0] [[test][0]] sending op [indexing] to replica [test][0], node[s1], [R], s[STARTED], a[id=KifLbGCvSAG89zZSTxH_ig] for request [index {[test][type][17], source[{}]}]
[2016-09-18T18:49:09,775][TRACE][org.elasticsearch.index.shard] [s2] [test][0] index [type][17][org.elasticsearch.index.mapper.ParseContext$Document@689810ea]
[2016-09-18T18:49:09,775][TRACE][org.elasticsearch.index.replication] [s2] [test][0] [[test][0]] sending op [indexing] to replica [test][0], node[s2], [R], recovery_source[peer recovery], s[INITIALIZING], a[id=3H8ngCAcRjyX4NILDaKYQA], unassigned_info[[reason=EXISTING_INDEX_RESTORED], at[2016-09-18T10:49:09.465Z], delayed=false, details[auto generated for test], allocation_status[no_attempt]] for request [index {[test][type][17], source[{}]}]
[2016-09-18T18:49:09,777][TRACE][org.elasticsearch.index.shard] [s2] [test][0] index [type][18][org.elasticsearch.index.mapper.ParseContext$Document@53ee06f]
[2016-09-18T18:49:09,777][TRACE][org.elasticsearch.index.replication] [s2] [test][0] [[test][0]] op [indexing] completed on primary for request [index {[test][type][18], source[{}]}]
[2016-09-18T18:49:09,777][TRACE][org.elasticsearch.index.replication] [s2] [test][0] [[test][0]] sending op [indexing] to replica [test][0], node[s1], [R], s[STARTED], a[id=KifLbGCvSAG89zZSTxH_ig] for request [index {[test][type][18], source[{}]}]
[2016-09-18T18:49:09,777][TRACE][org.elasticsearch.index.shard] [s2] [test][0] index [type][18][org.elasticsearch.index.mapper.ParseContext$Document@653a1c3c]
[2016-09-18T18:49:09,777][TRACE][org.elasticsearch.index.replication] [s2] [test][0] [[test][0]] sending op [indexing] to replica [test][0], node[s2], [R], recovery_source[peer recovery], s[INITIALIZING], a[id=3H8ngCAcRjyX4NILDaKYQA], unassigned_info[[reason=EXISTING_INDEX_RESTORED], at[2016-09-18T10:49:09.465Z], delayed=false, details[auto generated for test], allocation_status[no_attempt]] for request [index {[test][type][18], source[{}]}]
[2016-09-18T18:49:09,780][TRACE][org.elasticsearch.index.shard] [s2] [test][0] index [type][19][org.elasticsearch.index.mapper.ParseContext$Document@2c6c61cb]
[2016-09-18T18:49:09,780][TRACE][org.elasticsearch.index.replication] [s2] [test][0] [[test][0]] op [indexing] completed on primary for request [index {[test][type][19], source[{}]}]
[2016-09-18T18:49:09,780][TRACE][org.elasticsearch.index.replication] [s2] [test][0] [[test][0]] sending op [indexing] to replica [test][0], node[s1], [R], s[STARTED], a[id=KifLbGCvSAG89zZSTxH_ig] for request [index {[test][type][19], source[{}]}]
[2016-09-18T18:49:09,780][TRACE][org.elasticsearch.index.shard] [s2] [test][0] index [type][19][org.elasticsearch.index.mapper.ParseContext$Document@3ef96cb1]
[2016-09-18T18:49:09,781][TRACE][org.elasticsearch.index.replication] [s2] [test][0] [[test][0]] sending op [indexing] to replica [test][0], node[s2], [R], recovery_source[peer recovery], s[INITIALIZING], a[id=3H8ngCAcRjyX4NILDaKYQA], unassigned_info[[reason=EXISTING_INDEX_RESTORED], at[2016-09-18T10:49:09.465Z], delayed=false, details[auto generated for test], allocation_status[no_attempt]] for request [index {[test][type][19], source[{}]}]
[2016-09-18T18:49:09,785][TRACE][org.elasticsearch.index.shard] [s2] [test][0] index [type][20][org.elasticsearch.index.mapper.ParseContext$Document@3148ec27]
[2016-09-18T18:49:09,785][TRACE][org.elasticsearch.index.replication] [s2] [test][0] [[test][0]] op [indexing] completed on primary for request [index {[test][type][20], source[{}]}]
[2016-09-18T18:49:09,786][TRACE][org.elasticsearch.index.replication] [s2] [test][0] [[test][0]] sending op [indexing] to replica [test][0], node[s1], [R], s[STARTED], a[id=KifLbGCvSAG89zZSTxH_ig] for request [index {[test][type][20], source[{}]}]
[2016-09-18T18:49:09,786][TRACE][org.elasticsearch.index.shard] [s2] [test][0] index [type][20][org.elasticsearch.index.mapper.ParseContext$Document@7557971d]
[2016-09-18T18:49:09,786][TRACE][org.elasticsearch.index.replication] [s2] [test][0] [[test][0]] sending op [indexing] to replica [test][0], node[s2], [R], recovery_source[peer recovery], s[INITIALIZING], a[id=3H8ngCAcRjyX4NILDaKYQA], unassigned_info[[reason=EXISTING_INDEX_RESTORED], at[2016-09-18T10:49:09.465Z], delayed=false, details[auto generated for test], allocation_status[no_attempt]] for request [index {[test][type][20], source[{}]}]
[2016-09-18T18:49:09,789][TRACE][org.elasticsearch.index.shard] [s2] [test][0] index [type][21][org.elasticsearch.index.mapper.ParseContext$Document@507e35e9]
[2016-09-18T18:49:09,789][TRACE][org.elasticsearch.index.replication] [s2] [test][0] [[test][0]] op [indexing] completed on primary for request [index {[test][type][21], source[{}]}]
[2016-09-18T18:49:09,789][TRACE][org.elasticsearch.index.replication] [s2] [test][0] [[test][0]] sending op [indexing] to replica [test][0], node[s1], [R], s[STARTED], a[id=KifLbGCvSAG89zZSTxH_ig] for request [index {[test][type][21], source[{}]}]
[2016-09-18T18:49:09,789][TRACE][org.elasticsearch.index.shard] [s2] [test][0] index [type][21][org.elasticsearch.index.mapper.ParseContext$Document@6eebe8b5]
[2016-09-18T18:49:09,790][TRACE][org.elasticsearch.index.replication] [s2] [test][0] [[test][0]] sending op [indexing] to replica [test][0], node[s2], [R], recovery_source[peer recovery], s[INITIALIZING], a[id=3H8ngCAcRjyX4NILDaKYQA], unassigned_info[[reason=EXISTING_INDEX_RESTORED], at[2016-09-18T10:49:09.465Z], delayed=false, details[auto generated for test], allocation_status[no_attempt]] for request [index {[test][type][21], source[{}]}]
[2016-09-18T18:49:09,792][TRACE][org.elasticsearch.index.shard] [s2] [test][0] index [type][22][org.elasticsearch.index.mapper.ParseContext$Document@6774ba5e]
[2016-09-18T18:49:09,792][TRACE][org.elasticsearch.index.replication] [s2] [test][0] [[test][0]] op [indexing] completed on primary for request [index {[test][type][22], source[{}]}]
[2016-09-18T18:49:09,792][TRACE][org.elasticsearch.index.replication] [s2] [test][0] [[test][0]] sending op [indexing] to replica [test][0], node[s1], [R], s[STARTED], a[id=KifLbGCvSAG89zZSTxH_ig] for request [index {[test][type][22], source[{}]}]
[2016-09-18T18:49:09,792][TRACE][org.elasticsearch.index.shard] [s2] [test][0] index [type][22][org.elasticsearch.index.mapper.ParseContext$Document@1a0b7d05]
[2016-09-18T18:49:09,793][TRACE][org.elasticsearch.index.replication] [s2] [test][0] [[test][0]] sending op [indexing] to replica [test][0], node[s2], [R], recovery_source[peer recovery], s[INITIALIZING], a[id=3H8ngCAcRjyX4NILDaKYQA], unassigned_info[[reason=EXISTING_INDEX_RESTORED], at[2016-09-18T10:49:09.465Z], delayed=false, details[auto generated for test], allocation_status[no_attempt]] for request [index {[test][type][22], source[{}]}]
[2016-09-18T18:49:09,794][TRACE][org.elasticsearch.index.shard] [s2] [test][0] index [type][23][org.elasticsearch.index.mapper.ParseContext$Document@3e7d2787]
[2016-09-18T18:49:09,794][TRACE][org.elasticsearch.index.replication] [s2] [test][0] [[test][0]] op [indexing] completed on primary for request [index {[test][type][23], source[{}]}]
[2016-09-18T18:49:09,795][TRACE][org.elasticsearch.index.replication] [s2] [test][0] [[test][0]] sending op [indexing] to replica [test][0], node[s1], [R], s[STARTED], a[id=KifLbGCvSAG89zZSTxH_ig] for request [index {[test][type][23], source[{}]}]
[2016-09-18T18:49:09,795][TRACE][org.elasticsearch.index.shard] [s2] [test][0] index [type][23][org.elasticsearch.index.mapper.ParseContext$Document@70f0a6b6]
[2016-09-18T18:49:09,795][TRACE][org.elasticsearch.index.replication] [s2] [test][0] [[test][0]] sending op [indexing] to replica [test][0], node[s2], [R], recovery_source[peer recovery], s[INITIALIZING], a[id=3H8ngCAcRjyX4NILDaKYQA], unassigned_info[[reason=EXISTING_INDEX_RESTORED], at[2016-09-18T10:49:09.465Z], delayed=false, details[auto generated for test], allocation_status[no_attempt]] for request [index {[test][type][23], source[{}]}]
[2016-09-18T18:49:09,808][TRACE][org.elasticsearch.index.replication] [s2] [test][0] [test][0] recovery [phase1] to {s2}{s2}{fe5Nk9DbRVmSRWa-_s8Jkg}{local}{local[s2]}: prepare remote engine for translog
[2016-09-18T18:49:09,850][TRACE][org.elasticsearch.index.replication] [s2] [test][0] [test][0] recovery [phase1] to {s2}{s2}{fe5Nk9DbRVmSRWa-_s8Jkg}{local}{local[s2]}: remote engine start took [42.2ms]
[2016-09-18T18:49:09,851][TRACE][org.elasticsearch.index.replication] [s2] [test][0] [test][0] recovery [phase1] to {s2}{s2}{fe5Nk9DbRVmSRWa-_s8Jkg}{local}{local[s2]}: took [0s]
[2016-09-18T18:49:09,851][TRACE][org.elasticsearch.index.replication] [s2] [test][0] [test][0] snapshot translog for recovery. current size is [12]
[2016-09-18T18:49:09,864][TRACE][org.elasticsearch.index.replication] [s2] [test][0] [test][0] recovery [phase2] to {s2}{s2}{fe5Nk9DbRVmSRWa-_s8Jkg}{local}{local[s2]}: sending transaction log operations
[2016-09-18T18:49:09,865][TRACE][org.elasticsearch.index.shard] [s2] [test][0] [translog] recover [index] op of [type][12]
[2016-09-18T18:49:09,865][TRACE][org.elasticsearch.index.shard] [s2] [test][0] index [type][12][org.elasticsearch.index.mapper.ParseContext$Document@3726bcec]
[2016-09-18T18:49:09,869][TRACE][org.elasticsearch.index.shard] [s2] [test][0] [translog] recover [index] op of [type][13]
[2016-09-18T18:49:09,869][TRACE][org.elasticsearch.index.shard] [s2] [test][0] index [type][13][org.elasticsearch.index.mapper.ParseContext$Document@38af634e]
[2016-09-18T18:49:09,869][TRACE][org.elasticsearch.index.shard] [s2] [test][0] [translog] recover [index] op of [type][14]
[2016-09-18T18:49:09,869][TRACE][org.elasticsearch.index.shard] [s2] [test][0] index [type][14][org.elasticsearch.index.mapper.ParseContext$Document@7d61c3d2]
[2016-09-18T18:49:09,869][TRACE][org.elasticsearch.index.shard] [s2] [test][0] [translog] recover [index] op of [type][15]
[2016-09-18T18:49:09,870][TRACE][org.elasticsearch.index.shard] [s2] [test][0] index [type][15][org.elasticsearch.index.mapper.ParseContext$Document@683aad7f]
[2016-09-18T18:49:09,870][TRACE][org.elasticsearch.index.shard] [s2] [test][0] [translog] recover [index] op of [type][16]
[2016-09-18T18:49:09,870][TRACE][org.elasticsearch.index.shard] [s2] [test][0] index [type][16][org.elasticsearch.index.mapper.ParseContext$Document@1e1ff65b]
[2016-09-18T18:49:09,870][TRACE][org.elasticsearch.index.shard] [s2] [test][0] [translog] recover [index] op of [type][17]
[2016-09-18T18:49:09,870][TRACE][org.elasticsearch.index.shard] [s2] [test][0] index [type][17][org.elasticsearch.index.mapper.ParseContext$Document@68861312]
[2016-09-18T18:49:09,871][TRACE][org.elasticsearch.index.shard] [s2] [test][0] [translog] recover [index] op of [type][18]
[2016-09-18T18:49:09,871][TRACE][org.elasticsearch.index.shard] [s2] [test][0] index [type][18][org.elasticsearch.index.mapper.ParseContext$Document@7a913163]
[2016-09-18T18:49:09,871][TRACE][org.elasticsearch.index.shard] [s2] [test][0] [translog] recover [index] op of [type][19]
[2016-09-18T18:49:09,871][TRACE][org.elasticsearch.index.shard] [s2] [test][0] index [type][19][org.elasticsearch.index.mapper.ParseContext$Document@27541f72]
[2016-09-18T18:49:09,871][TRACE][org.elasticsearch.index.shard] [s2] [test][0] [translog] recover [index] op of [type][20]
[2016-09-18T18:49:09,871][TRACE][org.elasticsearch.index.shard] [s2] [test][0] index [type][20][org.elasticsearch.index.mapper.ParseContext$Document@221d3d48]
[2016-09-18T18:49:09,871][TRACE][org.elasticsearch.index.shard] [s2] [test][0] [translog] recover [index] op of [type][21]
[2016-09-18T18:49:09,871][TRACE][org.elasticsearch.index.shard] [s2] [test][0] index [type][21][org.elasticsearch.index.mapper.ParseContext$Document@4e247f53]
[2016-09-18T18:49:09,872][TRACE][org.elasticsearch.index.shard] [s2] [test][0] [translog] recover [index] op of [type][22]
[2016-09-18T18:49:09,872][TRACE][org.elasticsearch.index.shard] [s2] [test][0] index [type][22][org.elasticsearch.index.mapper.ParseContext$Document@743c5a8a]
[2016-09-18T18:49:09,872][TRACE][org.elasticsearch.index.shard] [s2] [test][0] [translog] recover [index] op of [type][23]
[2016-09-18T18:49:09,872][TRACE][org.elasticsearch.index.shard] [s2] [test][0] index [type][23][org.elasticsearch.index.mapper.ParseContext$Document@329cf06d]
[2016-09-18T18:49:09,881][TRACE][org.elasticsearch.index.replication] [s2] [test][0] [test][0] sent final batch of [12][312b] (total: [12]) translog operations to {s2}{s2}{fe5Nk9DbRVmSRWa-_s8Jkg}{local}{local[s2]}
[2016-09-18T18:49:09,881][TRACE][org.elasticsearch.index.replication] [s2] [test][0] [test][0] recovery [phase2] to {s2}{s2}{fe5Nk9DbRVmSRWa-_s8Jkg}{local}{local[s2]}: took [17ms]
[2016-09-18T18:49:09,881][TRACE][org.elasticsearch.index.replication] [s2] [test][0] [test][0] finalizing recovery to {s2}{s2}{fe5Nk9DbRVmSRWa-_s8Jkg}{local}{local[s2]}
[2016-09-18T18:49:10,106][TRACE][org.elasticsearch.index.replication] [s2] [test][0] [test][0] finalizing recovery to {s2}{s2}{fe5Nk9DbRVmSRWa-_s8Jkg}{local}{local[s2]}: took [225.2ms]
[2016-09-18T18:49:10,106][DEBUG][org.elasticsearch.index.shard] [s2] [test][0] state: [RECOVERING]->[POST_RECOVERY], reason [peer recovery done]
[2016-09-18T18:49:10,106][DEBUG][org.elasticsearch.index.shard] [s2] [test][0] state: [POST_RECOVERY]->[STARTED], reason [global state is [STARTED]]
[2016-09-18T18:49:10,106][TRACE][org.elasticsearch.index.shard] [s2] [test][0] [test][0] skip writing shard state, has been written before
[2016-09-18T18:49:10,106][TRACE][org.elasticsearch.index.shard] [s2] [test][0] refresh with source [get_uids] indexBufferRAMBytesUsed [147.6kb]
[2016-09-18T18:49:10,255][TRACE][org.elasticsearch.index.shard] [s2] [test][0] remove [147.6kb] writing bytes for shard [[test][0]]
[2016-09-18T18:49:10,256][TRACE][org.elasticsearch.index.shard] [s2] [test][0] refresh with source [get_uids] indexBufferRAMBytesUsed [147.6kb]
[2016-09-18T18:49:10,393][TRACE][org.elasticsearch.index.shard] [s2] [test][0] remove [147.6kb] writing bytes for shard [[test][0]]
[2016-09-18T18:49:10,394][TRACE][org.elasticsearch.index.shard] [s2] [test][0] refresh with source [get_uids] indexBufferRAMBytesUsed [0b]
[2016-09-18T18:49:10,394][TRACE][org.elasticsearch.index.shard] [s2] [test][0] remove [0b] writing bytes for shard [[test][0]]
[2016-09-18T18:49:10,394][DEBUG][org.elasticsearch.index.shard] [s2] [test][0] state: [STARTED]->[CLOSED], reason [eol]
[2016-09-18T18:49:10,405][DEBUG][org.elasticsearch.index.shard] [s2] [test][0] state: [STARTED]->[CLOSED], reason [eol]
[2016-09-18T18:49:10,417][DEBUG][org.elasticsearch.index.shard] [s2] [test][0] state: [STARTED]->[CLOSED], reason [eol]
]]></system-out>
   <system-err><![CDATA[]]></system-err>
</testsuite>