<testsuite errors="0" failures="0" tests="2" skipped="0" name="org.elasticsearch.action.admin.cluster.node.tasks.CancellableTasksTests" hostname="nohost.nodomain" time="2.156" timestamp="2016-09-15T12:36:42">
   <properties class="java.util.ArrayList">
      <property name="awt.toolkit" value="sun.awt.windows.WToolkit"/>
      <property name="file.encoding" value="Cp1252"/>
      <property name="file.encoding.pkg" value="sun.io"/>
      <property name="file.separator" value="\"/>
      <property name="java.awt.graphicsenv" value="sun.awt.Win32GraphicsEnvironment"/>
      <property name="java.awt.headless" value="true"/>
      <property name="java.awt.printerjob" value="sun.awt.windows.WPrinterJob"/>
      <property name="java.class.path" value="C:\projects\team3\core\build\classes\test;C:\projects\team3\core\build\resources\test;C:\projects\team3\core\build\classes\main;C:\projects\team3\core\build\resources\main;C:\Users\domin\.gradle\caches\modules-2\files-2.1\org.apache.lucene\lucene-core\6.2.0\849ee62525a294416802be2cacc66c80352f6f13\lucene-core-6.2.0.jar;C:\Users\domin\.gradle\caches\modules-2\files-2.1\org.apache.lucene\lucene-analyzers-common\6.2.0\d254d52dd394b5079129f3d5f3bf4f2d44a5936e\lucene-analyzers-common-6.2.0.jar;C:\Users\domin\.gradle\caches\modules-2\files-2.1\org.apache.lucene\lucene-backward-codecs\6.2.0\b625bb21456b3c0d1e5e431bced125cb060c1abd\lucene-backward-codecs-6.2.0.jar;C:\Users\domin\.gradle\caches\modules-2\files-2.1\org.apache.lucene\lucene-grouping\6.2.0\9527fedfd5acc624b2bb3f862bd99fb8f470b053\lucene-grouping-6.2.0.jar;C:\Users\domin\.gradle\caches\modules-2\files-2.1\org.apache.lucene\lucene-highlighter\6.2.0\7ca342372a3f45e32bbd21cecaa757e38eccb8a5\lucene-highlighter-6.2.0.jar;C:\Users\domin\.gradle\caches\modules-2\files-2.1\org.apache.lucene\lucene-join\6.2.0\da0b8de98511abd4fe9c7d48a353d17854c5ed46\lucene-join-6.2.0.jar;C:\Users\domin\.gradle\caches\modules-2\files-2.1\org.apache.lucene\lucene-memory\6.2.0\bc9e075b1ee051c8e5246c237c38d8e71dab8a66\lucene-memory-6.2.0.jar;C:\Users\domin\.gradle\caches\modules-2\files-2.1\org.apache.lucene\lucene-misc\6.2.0\94ddde6312566a4da4a50a88e453b6c82c759b41\lucene-misc-6.2.0.jar;C:\Users\domin\.gradle\caches\modules-2\files-2.1\org.apache.lucene\lucene-queries\6.2.0\dce47238f78e3e97d91dc6fefa9f46f07866bc2b\lucene-queries-6.2.0.jar;C:\Users\domin\.gradle\caches\modules-2\files-2.1\org.apache.lucene\lucene-queryparser\6.2.0\17ef728ac15e668bfa1105321611548424637645\lucene-queryparser-6.2.0.jar;C:\Users\domin\.gradle\caches\modules-2\files-2.1\org.apache.lucene\lucene-sandbox\6.2.0\520183f7b9aba77a26e224760c420a3844b0631a\lucene-sandbox-6.2.0.jar;C:\Users\domin\.gradle\caches\modules-2\files-2.1\org.apache.lucene\lucene-spatial\6.2.0\8dba929b66927b936fbc76103b109ad6c824daee\lucene-spatial-6.2.0.jar;C:\Users\domin\.gradle\caches\modules-2\files-2.1\org.apache.lucene\lucene-spatial-extras\6.2.0\3b5a6ef5cd90c0218a72e9e2f7e60104be2447da\lucene-spatial-extras-6.2.0.jar;C:\Users\domin\.gradle\caches\modules-2\files-2.1\org.apache.lucene\lucene-spatial3d\6.2.0\fcdb0567725722c5145149d1502848b6a96ec18d\lucene-spatial3d-6.2.0.jar;C:\Users\domin\.gradle\caches\modules-2\files-2.1\org.apache.lucene\lucene-suggest\6.2.0\3d9d526c51f483d27f425c75d7e56bc0849242d6\lucene-suggest-6.2.0.jar;C:\Users\domin\.gradle\caches\modules-2\files-2.1\org.elasticsearch\securesm\1.1\1e423447d020041534be94c0f31a49fbdc1f2950\securesm-1.1.jar;C:\Users\domin\.gradle\caches\modules-2\files-2.1\net.sf.jopt-simple\jopt-simple\5.0.2\98cafc6081d5632b61be2c9e60650b64ddbc637c\jopt-simple-5.0.2.jar;C:\Users\domin\.gradle\caches\modules-2\files-2.1\com.carrotsearch\hppc\0.7.1\8b5057f74ea378c0150a1860874a3ebdcb713767\hppc-0.7.1.jar;C:\Users\domin\.gradle\caches\modules-2\files-2.1\joda-time\joda-time\2.9.4\1c295b462f16702ebe720bbb08f62e1ba80da41b\joda-time-2.9.4.jar;C:\Users\domin\.gradle\caches\modules-2\files-2.1\org.joda\joda-convert\1.2\35ec554f0cd00c956cc69051514d9488b1374dec\joda-convert-1.2.jar;C:\Users\domin\.gradle\caches\modules-2\files-2.1\org.yaml\snakeyaml\1.15\3b132bea69e8ee099f416044970997bde80f4ea6\snakeyaml-1.15.jar;C:\Users\domin\.gradle\caches\modules-2\files-2.1\com.fasterxml.jackson.core\jackson-core\2.8.1\fd13b1c033741d48291315c6370f7d475a42dccf\jackson-core-2.8.1.jar;C:\Users\domin\.gradle\caches\modules-2\files-2.1\com.fasterxml.jackson.dataformat\jackson-dataformat-smile\2.8.1\5b73867bc12224946fc67fc8d49d9f5e698d7f\jackson-dataformat-smile-2.8.1.jar;C:\Users\domin\.gradle\caches\modules-2\files-2.1\com.fasterxml.jackson.dataformat\jackson-dataformat-yaml\2.8.1\eb63166c723b0b4b9fb5298fca232a2f6612ec34\jackson-dataformat-yaml-2.8.1.jar;C:\Users\domin\.gradle\caches\modules-2\files-2.1\com.fasterxml.jackson.dataformat\jackson-dataformat-cbor\2.8.1\3a6fb7e75c9972559a78cf5cfc5a48a41a13ea40\jackson-dataformat-cbor-2.8.1.jar;C:\Users\domin\.gradle\caches\modules-2\files-2.1\com.tdunning\t-digest\3.0\84ccf145ac2215e6bfa63baa3101c0af41017cfc\t-digest-3.0.jar;C:\Users\domin\.gradle\caches\modules-2\files-2.1\org.hdrhistogram\HdrHistogram\2.1.6\7495feb7f71ee124bd2a7e7d83590e296d71d80e\HdrHistogram-2.1.6.jar;C:\Users\domin\.gradle\caches\modules-2\files-2.1\org.locationtech.spatial4j\spatial4j\0.6\21b15310bddcfd8c72611c180f20cf23279809a3\spatial4j-0.6.jar;C:\Users\domin\.gradle\caches\modules-2\files-2.1\com.vividsolutions\jts\1.13\3ccfb9b60f04d71add996a666ceb8902904fd805\jts-1.13.jar;C:\Users\domin\.gradle\caches\modules-2\files-2.1\org.apache.logging.log4j\log4j-api\2.6.2\bd1b74a5d170686362091c7cf596bbc3adf5c09b\log4j-api-2.6.2.jar;C:\Users\domin\.gradle\caches\modules-2\files-2.1\org.apache.logging.log4j\log4j-core\2.6.2\a91369f655eb1639c6aece5c5eb5108db18306\log4j-core-2.6.2.jar;C:\Users\domin\.gradle\caches\modules-2\files-2.1\org.apache.logging.log4j\log4j-1.2-api\2.6.2\3b4c5a8b734b6a29b2f03380535a48da6284b210\log4j-1.2-api-2.6.2.jar;C:\Users\domin\.gradle\caches\modules-2\files-2.1\net.java.dev.jna\jna\4.2.2\5012450aee579c3118ff09461d5ce210e0cdc2a9\jna-4.2.2.jar;C:\projects\team3\test\framework\build\distributions\framework-5.0.0-alpha6-SNAPSHOT.jar;C:\Users\domin\.gradle\caches\modules-2\files-2.1\com.carrotsearch.randomizedtesting\randomizedtesting-runner\2.3.2\307965917fe8a22b7ee72deba39ef4b8e6ebc069\randomizedtesting-runner-2.3.2.jar;C:\Users\domin\.gradle\caches\modules-2\files-2.1\junit\junit\4.11\4e031bb61df09069aeb2bffb4019e7a5034a4ee0\junit-4.11.jar;C:\Users\domin\.gradle\caches\modules-2\files-2.1\org.hamcrest\hamcrest-all\1.3\63a21ebc981131004ad02e0434e799fd7f3a8d5a\hamcrest-all-1.3.jar;C:\Users\domin\.gradle\caches\modules-2\files-2.1\org.apache.lucene\lucene-test-framework\6.2.0\f5026be3983acfb40d4092dbfbc015ec6e6addab\lucene-test-framework-6.2.0.jar;C:\Users\domin\.gradle\caches\modules-2\files-2.1\org.apache.lucene\lucene-codecs\6.2.0\99f887266b0ad9f2c286b3976c5bc48c8cd36624\lucene-codecs-6.2.0.jar;C:\projects\team3\client\rest\build\distributions\rest-5.0.0-alpha6-SNAPSHOT.jar;C:\Users\domin\.gradle\caches\modules-2\files-2.1\org.apache.httpcomponents\httpclient\4.5.2\733db77aa8d9b2d68015189df76ab06304406e50\httpclient-4.5.2.jar;C:\Users\domin\.gradle\caches\modules-2\files-2.1\org.apache.httpcomponents\httpcore\4.4.5\e7501a1b34325abb00d17dde96150604a0658b54\httpcore-4.4.5.jar;C:\Users\domin\.gradle\caches\modules-2\files-2.1\commons-logging\commons-logging\1.1.3\f6f66e966c70a83ffbdb6f17a0919eaf7c8aca7f\commons-logging-1.1.3.jar;C:\Users\domin\.gradle\caches\modules-2\files-2.1\commons-codec\commons-codec\1.10\4b95f4897fa13f2cd904aee711aeafc0c5295cd8\commons-codec-1.10.jar;C:\Users\domin\.gradle\caches\modules-2\files-2.1\org.elasticsearch\securemock\1.2\98201d4ad5ac93f6b415ae9172d52b5e7cda490e\securemock-1.2.jar;C:\Users\domin\.gradle\caches\modules-2\files-2.1\org.apache.httpcomponents\httpasyncclient\4.1.2\95aa3e6fb520191a0970a73cf09f62948ee614be\httpasyncclient-4.1.2.jar;C:\Users\domin\.gradle\caches\modules-2\files-2.1\org.apache.httpcomponents\httpcore-nio\4.4.5\f4be009e7505f6ceddf21e7960c759f413f15056\httpcore-nio-4.4.5.jar;C:\Users\domin\.gradle\caches\modules-2\files-2.1\com.carrotsearch.randomizedtesting\junit4-ant\2.3.2\dc8f03f6111974092491f35b8269eb0fc57f52f7\junit4-ant-2.3.2.jar"/>
      <property name="java.class.version" value="52.0"/>
      <property name="java.endorsed.dirs" value="C:\Program Files\Java\jdk1.8.0_65\jre\lib\endorsed"/>
      <property name="java.ext.dirs" value="C:\Program Files\Java\jdk1.8.0_65\jre\lib\ext;C:\WINDOWS\Sun\Java\lib\ext"/>
      <property name="java.home" value="C:\Program Files\Java\jdk1.8.0_65\jre"/>
      <property name="java.io.tmpdir" value="./temp"/>
      <property name="java.library.path" value="C:\Program Files\Java\jdk1.8.0_65\bin;C:\WINDOWS\Sun\Java\bin;C:\WINDOWS\system32;C:\WINDOWS;C:\Ruby22-x64\bin;C:\Imagick;C:\ProgramData\Oracle\Java\javapath;C:\Program Files (x86)\Intel\iCLS Client\;C:\Program Files\Intel\iCLS Client\;C:\Windows\system32;C:\Windows;C:\Windows\System32\Wbem;C:\Windows\System32\WindowsPowerShell\v1.0\;C:\Program Files (x86)\Intel\Intel(R) Management Engine Components\DAL;C:\Program Files\Intel\Intel(R) Management Engine Components\DAL;C:\Program Files (x86)\Intel\Intel(R) Management Engine Components\IPT;C:\Program Files\Intel\Intel(R) Management Engine Components\IPT;C:\Program Files (x86)\NVIDIA Corporation\PhysX\Common;C:\Program Files (x86)\Skype\Phone\;C:\xampp\php;C:\ProgramData\ComposerSetup\bin;C:\Program Files\Git\cmd;C:\Program Files\OpenVPN\bin;C:\Program Files\nodejs\;C:\WINDOWS\system32;C:\WINDOWS;C:\WINDOWS\System32\Wbem;C:\WINDOWS\System32\WindowsPowerShell\v1.0\;C:\Program Files\cURL\bin;C:\Program Files\gradle\2.13\bin;C:\Program Files\CMake\bin;C:\Program Files\flex_bison;C:\Program Files\doxygen\bin;C:\SonarQube\SonarQubeScanner\bin;C:\Users\domin\AppData\Local\Programs\Python\Python35-32\Scripts\;C:\Users\domin\AppData\Local\Programs\Python\Python35-32\;C:\Users\domin\AppData\Roaming\npm;C:\Users\domin\AppData\Local\Microsoft\WindowsApps;;."/>
      <property name="java.runtime.name" value="Java(TM) SE Runtime Environment"/>
      <property name="java.runtime.version" value="1.8.0_65-b17"/>
      <property name="java.specification.name" value="Java Platform API Specification"/>
      <property name="java.specification.vendor" value="Oracle Corporation"/>
      <property name="java.specification.version" value="1.8"/>
      <property name="java.vendor" value="Oracle Corporation"/>
      <property name="java.vendor.url" value="http://java.oracle.com/"/>
      <property name="java.vendor.url.bug" value="http://bugreport.sun.com/bugreport/"/>
      <property name="java.version" value="1.8.0_65"/>
      <property name="java.vm.info" value="mixed mode"/>
      <property name="java.vm.name" value="Java HotSpot(TM) 64-Bit Server VM"/>
      <property name="java.vm.specification.name" value="Java Virtual Machine Specification"/>
      <property name="java.vm.specification.vendor" value="Oracle Corporation"/>
      <property name="java.vm.specification.version" value="1.8"/>
      <property name="java.vm.vendor" value="Oracle Corporation"/>
      <property name="java.vm.version" value="25.65-b01"/>
      <property name="jna.nosys" value="true"/>
      <property name="junit4.childvm.count" value="3"/>
      <property name="junit4.childvm.cwd" value="C:\projects\team3\core\build\testrun\test\J2"/>
      <property name="junit4.childvm.id" value="2"/>
      <property name="junit4.memory.total" value="514850816"/>
      <property name="junit4.pidString" value="11072@LAPTOP-LKSM26S6"/>
      <property name="junit4.processors" value="4"/>
      <property name="line.separator" value="
"/>
      <property name="os.arch" value="amd64"/>
      <property name="os.name" value="Windows 10"/>
      <property name="os.version" value="10.0"/>
      <property name="path.separator" value=";"/>
      <property name="sun.arch.data.model" value="64"/>
      <property name="sun.boot.class.path" value="C:\Program Files\Java\jdk1.8.0_65\jre\lib\resources.jar;C:\Program Files\Java\jdk1.8.0_65\jre\lib\rt.jar;C:\Program Files\Java\jdk1.8.0_65\jre\lib\sunrsasign.jar;C:\Program Files\Java\jdk1.8.0_65\jre\lib\jsse.jar;C:\Program Files\Java\jdk1.8.0_65\jre\lib\jce.jar;C:\Program Files\Java\jdk1.8.0_65\jre\lib\charsets.jar;C:\Program Files\Java\jdk1.8.0_65\jre\lib\jfr.jar;C:\Program Files\Java\jdk1.8.0_65\jre\classes"/>
      <property name="sun.boot.library.path" value="C:\Program Files\Java\jdk1.8.0_65\jre\bin"/>
      <property name="sun.cpu.endian" value="little"/>
      <property name="sun.cpu.isalist" value="amd64"/>
      <property name="sun.desktop" value="windows"/>
      <property name="sun.io.unicode.encoding" value="UnicodeLittle"/>
      <property name="sun.java.command" value="com.carrotsearch.ant.tasks.junit4.slave.SlaveMainSafe -eventsfile C:\projects\team3\core\build\testrun\test\temp\junit4-J2-20160915_123537_461.events @C:\projects\team3\core\build\testrun\test\temp\junit4-J2-20160915_123537_461.suites -stdin"/>
      <property name="sun.java.launcher" value="SUN_STANDARD"/>
      <property name="sun.jnu.encoding" value="Cp1252"/>
      <property name="sun.management.compiler" value="HotSpot 64-Bit Tiered Compilers"/>
      <property name="sun.os.patch.level" value=""/>
      <property name="tests.artifact" value="core"/>
      <property name="tests.gradle" value="true"/>
      <property name="tests.ifNoTests" value="fail"/>
      <property name="tests.logger.level" value="WARN"/>
      <property name="tests.prefix" value="tests"/>
      <property name="tests.security.manager" value="true"/>
      <property name="tests.seed" value="9CF13790D965C5A7"/>
      <property name="tests.task" value=":core:test"/>
      <property name="user.country" value="AT"/>
      <property name="user.dir" value="C:\projects\team3\core\build\testrun\test\J2"/>
      <property name="user.home" value="C:\Users\domin"/>
      <property name="user.language" value="de"/>
      <property name="user.name" value="domin"/>
      <property name="user.script" value=""/>
      <property name="user.timezone" value=""/>
      <property name="user.variant" value=""/>
   </properties>
   <testcase classname="org.elasticsearch.action.admin.cluster.node.tasks.CancellableTasksTests" name="testTaskCancellationOnCoordinatingNodeLeavingTheCluster" time="1.037"/>
   <testcase classname="org.elasticsearch.action.admin.cluster.node.tasks.CancellableTasksTests" name="testBasicTaskCancellation" time="0.996"/>
   <system-out><![CDATA[[2016-09-15T15:36:42,364][INFO ][org.elasticsearch.cluster.service] [node_s_0] new_master {node}{8gEkVEVuRUO6plFu78Yn-A}{local}{local[3]}, reason: test setting state
[2016-09-15T15:36:42,371][INFO ][org.elasticsearch.action.admin.cluster.node.tasks] publish_address {local[2]}, bound_addresses {local[2]}
[2016-09-15T15:36:42,379][INFO ][org.elasticsearch.cluster.service] [node_s_0] new_master {node}{e3zndSgjQGyk7IKWelL-Og}{local}{local[4]}, reason: test setting state
[2016-09-15T15:36:42,381][INFO ][org.elasticsearch.action.admin.cluster.node.tasks] publish_address {local[3]}, bound_addresses {local[3]}
[2016-09-15T15:36:42,420][INFO ][org.elasticsearch.cluster.service] [node_s_0] new_master {node}{ph0KcQm7R0-2Q5OYbIFajA}{local}{local[5]}, reason: test setting state
[2016-09-15T15:36:42,422][INFO ][org.elasticsearch.action.admin.cluster.node.tasks] publish_address {local[4]}, bound_addresses {local[4]}
[2016-09-15T15:36:42,449][INFO ][org.elasticsearch.cluster.service] [node_s_0] new_master {node}{umCJBFqTRzO5GRhrkGpENA}{local}{local[6]}, reason: test setting state
[2016-09-15T15:36:42,451][INFO ][org.elasticsearch.action.admin.cluster.node.tasks] publish_address {local[5]}, bound_addresses {local[5]}
[2016-09-15T15:36:42,470][INFO ][org.elasticsearch.cluster.service] [node_s_0] new_master {node}{ePYJ4kxSR1u7cWMVmcSNQQ}{local}{local[7]}, reason: test setting state
[2016-09-15T15:36:42,472][INFO ][org.elasticsearch.action.admin.cluster.node.tasks] publish_address {local[6]}, bound_addresses {local[6]}
[2016-09-15T15:36:42,509][INFO ][org.elasticsearch.cluster.service] [node_s_0] new_master {node}{QHSZC337TSS8U-OVKiMrTQ}{local}{local[8]}, reason: test setting state
[2016-09-15T15:36:42,511][INFO ][org.elasticsearch.action.admin.cluster.node.tasks] publish_address {local[7]}, bound_addresses {local[7]}
[2016-09-15T15:36:42,585][INFO ][org.elasticsearch.cluster.service] [node_s_0] master {new {node0}{K7PYa4RnQeCbSLW_QbhP_Q}{local}{local[2]}, previous {node}{8gEkVEVuRUO6plFu78Yn-A}{local}{local[3]}}, removed {{node}{8gEkVEVuRUO6plFu78Yn-A}{local}{local[3]},}, added {{node1}{94hMYymoTfun22CkaVsPHA}{local}{local[3]},{node2}{xFEGRvodQPu_23ATFKzHUA}{local}{local[4]},{node5}{U3Gw_WIOT22JVU5zkvyLMg}{local}{local[7]},{node3}{yd1u77nSQ92kUTB80z7tJw}{local}{local[5]},{node4}{ivbsg3rpRcuQlADJKd1s-A}{local}{local[6]},}, reason: test setting state
[2016-09-15T15:36:42,586][INFO ][org.elasticsearch.cluster.service] [node_s_0] master {new {node0}{K7PYa4RnQeCbSLW_QbhP_Q}{local}{local[2]}, previous {node}{e3zndSgjQGyk7IKWelL-Og}{local}{local[4]}}, removed {{node}{e3zndSgjQGyk7IKWelL-Og}{local}{local[4]},}, added {{node2}{xFEGRvodQPu_23ATFKzHUA}{local}{local[4]},{node5}{U3Gw_WIOT22JVU5zkvyLMg}{local}{local[7]},{node0}{K7PYa4RnQeCbSLW_QbhP_Q}{local}{local[2]},{node3}{yd1u77nSQ92kUTB80z7tJw}{local}{local[5]},{node4}{ivbsg3rpRcuQlADJKd1s-A}{local}{local[6]},}, reason: test setting state
[2016-09-15T15:36:42,587][INFO ][org.elasticsearch.cluster.service] [node_s_0] master {new {node0}{K7PYa4RnQeCbSLW_QbhP_Q}{local}{local[2]}, previous {node}{ph0KcQm7R0-2Q5OYbIFajA}{local}{local[5]}}, removed {{node}{ph0KcQm7R0-2Q5OYbIFajA}{local}{local[5]},}, added {{node1}{94hMYymoTfun22CkaVsPHA}{local}{local[3]},{node5}{U3Gw_WIOT22JVU5zkvyLMg}{local}{local[7]},{node0}{K7PYa4RnQeCbSLW_QbhP_Q}{local}{local[2]},{node3}{yd1u77nSQ92kUTB80z7tJw}{local}{local[5]},{node4}{ivbsg3rpRcuQlADJKd1s-A}{local}{local[6]},}, reason: test setting state
[2016-09-15T15:36:42,588][INFO ][org.elasticsearch.cluster.service] [node_s_0] master {new {node0}{K7PYa4RnQeCbSLW_QbhP_Q}{local}{local[2]}, previous {node}{umCJBFqTRzO5GRhrkGpENA}{local}{local[6]}}, removed {{node}{umCJBFqTRzO5GRhrkGpENA}{local}{local[6]},}, added {{node1}{94hMYymoTfun22CkaVsPHA}{local}{local[3]},{node2}{xFEGRvodQPu_23ATFKzHUA}{local}{local[4]},{node5}{U3Gw_WIOT22JVU5zkvyLMg}{local}{local[7]},{node0}{K7PYa4RnQeCbSLW_QbhP_Q}{local}{local[2]},{node4}{ivbsg3rpRcuQlADJKd1s-A}{local}{local[6]},}, reason: test setting state
[2016-09-15T15:36:42,589][INFO ][org.elasticsearch.cluster.service] [node_s_0] master {new {node0}{K7PYa4RnQeCbSLW_QbhP_Q}{local}{local[2]}, previous {node}{ePYJ4kxSR1u7cWMVmcSNQQ}{local}{local[7]}}, removed {{node}{ePYJ4kxSR1u7cWMVmcSNQQ}{local}{local[7]},}, added {{node1}{94hMYymoTfun22CkaVsPHA}{local}{local[3]},{node2}{xFEGRvodQPu_23ATFKzHUA}{local}{local[4]},{node5}{U3Gw_WIOT22JVU5zkvyLMg}{local}{local[7]},{node0}{K7PYa4RnQeCbSLW_QbhP_Q}{local}{local[2]},{node3}{yd1u77nSQ92kUTB80z7tJw}{local}{local[5]},}, reason: test setting state
[2016-09-15T15:36:42,591][INFO ][org.elasticsearch.cluster.service] [node_s_0] master {new {node0}{K7PYa4RnQeCbSLW_QbhP_Q}{local}{local[2]}, previous {node}{QHSZC337TSS8U-OVKiMrTQ}{local}{local[8]}}, removed {{node}{QHSZC337TSS8U-OVKiMrTQ}{local}{local[8]},}, added {{node1}{94hMYymoTfun22CkaVsPHA}{local}{local[3]},{node2}{xFEGRvodQPu_23ATFKzHUA}{local}{local[4]},{node0}{K7PYa4RnQeCbSLW_QbhP_Q}{local}{local[2]},{node3}{yd1u77nSQ92kUTB80z7tJw}{local}{local[5]},{node4}{ivbsg3rpRcuQlADJKd1s-A}{local}{local[6]},}, reason: test setting state
[2016-09-15T15:36:42,648][INFO ][org.elasticsearch.action.admin.cluster.node.tasks] The action in the node [node0] should block: [false]
[2016-09-15T15:36:42,735][INFO ][org.elasticsearch.action.admin.cluster.node.tasks] The action in the node [node1] should block: [false]
[2016-09-15T15:36:42,736][INFO ][org.elasticsearch.action.admin.cluster.node.tasks] The action in the node [node2] should block: [false]
[2016-09-15T15:36:42,737][INFO ][org.elasticsearch.action.admin.cluster.node.tasks] The action in the node [node3] should block: [false]
[2016-09-15T15:36:42,738][INFO ][org.elasticsearch.action.admin.cluster.node.tasks] The action in the node [node4] should block: [false]
[2016-09-15T15:36:42,739][INFO ][org.elasticsearch.action.admin.cluster.node.tasks] The action in the node [node5] should block: [false]
[2016-09-15T15:36:42,798][INFO ][org.elasticsearch.action.admin.cluster.node.tasks] Awaiting for all actions to start
[2016-09-15T15:36:43,057][INFO ][org.elasticsearch.action.admin.cluster.node.tasks] Done waiting for all actions to start
[2016-09-15T15:36:43,338][INFO ][org.elasticsearch.cluster.service] [node_s_0] master {new {node1}{94hMYymoTfun22CkaVsPHA}{local}{local[3]}, previous {node0}{K7PYa4RnQeCbSLW_QbhP_Q}{local}{local[2]}}, removed {{node0}{K7PYa4RnQeCbSLW_QbhP_Q}{local}{local[2]},}, reason: test setting state
[2016-09-15T15:36:43,340][INFO ][org.elasticsearch.cluster.service] [node_s_0] master {new {node1}{94hMYymoTfun22CkaVsPHA}{local}{local[3]}, previous {node0}{K7PYa4RnQeCbSLW_QbhP_Q}{local}{local[2]}}, removed {{node0}{K7PYa4RnQeCbSLW_QbhP_Q}{local}{local[2]},}, reason: test setting state
[2016-09-15T15:36:43,352][INFO ][org.elasticsearch.cluster.service] [node_s_0] master {new {node1}{94hMYymoTfun22CkaVsPHA}{local}{local[3]}, previous {node0}{K7PYa4RnQeCbSLW_QbhP_Q}{local}{local[2]}}, removed {{node0}{K7PYa4RnQeCbSLW_QbhP_Q}{local}{local[2]},}, reason: test setting state
[2016-09-15T15:36:43,353][INFO ][org.elasticsearch.cluster.service] [node_s_0] master {new {node1}{94hMYymoTfun22CkaVsPHA}{local}{local[3]}, previous {node0}{K7PYa4RnQeCbSLW_QbhP_Q}{local}{local[2]}}, removed {{node0}{K7PYa4RnQeCbSLW_QbhP_Q}{local}{local[2]},}, reason: test setting state
[2016-09-15T15:36:43,353][INFO ][org.elasticsearch.cluster.service] [node_s_0] master {new {node1}{94hMYymoTfun22CkaVsPHA}{local}{local[3]}, previous {node0}{K7PYa4RnQeCbSLW_QbhP_Q}{local}{local[2]}}, removed {{node0}{K7PYa4RnQeCbSLW_QbhP_Q}{local}{local[2]},}, reason: test setting state
[2016-09-15T15:36:43,354][INFO ][org.elasticsearch.action.admin.cluster.node.tasks] --> Simulate issuing cancel request on the node that is about to leave the cluster
[2016-09-15T15:36:43,360][INFO ][org.elasticsearch.action.admin.cluster.node.tasks] --> Done simulating issuing cancel request on the node that is about to leave the cluster
[2016-09-15T15:36:43,360][ERROR][org.elasticsearch.action.admin.cluster.node.tasks] !!!!
[2016-09-15T15:36:43,505][INFO ][org.elasticsearch.cluster.service] [node_s_0] new_master {node}{R7_7HUoET7Cy_4AVrU4_jQ}{local}{local[9]}, reason: test setting state
[2016-09-15T15:36:43,509][INFO ][org.elasticsearch.action.admin.cluster.node.tasks] publish_address {local[8]}, bound_addresses {local[8]}
[2016-09-15T15:36:43,545][INFO ][org.elasticsearch.cluster.service] [node_s_0] new_master {node}{lvX90cl1Sniec2P6uYSh5Q}{local}{local[10]}, reason: test setting state
[2016-09-15T15:36:43,548][INFO ][org.elasticsearch.action.admin.cluster.node.tasks] publish_address {local[9]}, bound_addresses {local[9]}
[2016-09-15T15:36:43,569][INFO ][org.elasticsearch.cluster.service] [node_s_0] new_master {node}{oRFFASeQSpOQQfBt6MsKkA}{local}{local[11]}, reason: test setting state
[2016-09-15T15:36:43,571][INFO ][org.elasticsearch.action.admin.cluster.node.tasks] publish_address {local[10]}, bound_addresses {local[10]}
[2016-09-15T15:36:43,578][INFO ][org.elasticsearch.cluster.service] [node_s_0] new_master {node}{Bh34WHmMQAiZj5qS-FSF6w}{local}{local[12]}, reason: test setting state
[2016-09-15T15:36:43,582][INFO ][org.elasticsearch.action.admin.cluster.node.tasks] publish_address {local[11]}, bound_addresses {local[11]}
[2016-09-15T15:36:43,605][INFO ][org.elasticsearch.cluster.service] [node_s_0] new_master {node}{5HVGgJDeS5azWdOO0wqxWg}{local}{local[13]}, reason: test setting state
[2016-09-15T15:36:43,607][INFO ][org.elasticsearch.action.admin.cluster.node.tasks] publish_address {local[12]}, bound_addresses {local[12]}
[2016-09-15T15:36:43,670][INFO ][org.elasticsearch.cluster.service] [node_s_0] new_master {node}{4j2XRgESTx-7ogmR4BquFw}{local}{local[14]}, reason: test setting state
[2016-09-15T15:36:43,672][INFO ][org.elasticsearch.action.admin.cluster.node.tasks] publish_address {local[13]}, bound_addresses {local[13]}
[2016-09-15T15:36:43,695][INFO ][org.elasticsearch.cluster.service] [node_s_0] new_master {node}{O-J-GgNwRB6zv3_wLnSN5g}{local}{local[15]}, reason: test setting state
[2016-09-15T15:36:43,697][INFO ][org.elasticsearch.action.admin.cluster.node.tasks] publish_address {local[14]}, bound_addresses {local[14]}
[2016-09-15T15:36:43,712][INFO ][org.elasticsearch.cluster.service] [node_s_0] new_master {node}{fDsyy1KpQ1aGxKl7Bjn87g}{local}{local[16]}, reason: test setting state
[2016-09-15T15:36:43,714][INFO ][org.elasticsearch.action.admin.cluster.node.tasks] publish_address {local[15]}, bound_addresses {local[15]}
[2016-09-15T15:36:43,717][INFO ][org.elasticsearch.cluster.service] [node_s_0] master {new {node0}{jvz9K2WXQsCG2ZzuT-_flg}{local}{local[8]}, previous {node}{R7_7HUoET7Cy_4AVrU4_jQ}{local}{local[9]}}, removed {{node}{R7_7HUoET7Cy_4AVrU4_jQ}{local}{local[9]},}, added {{node7}{anV72_isQHOOSYfunM4RrA}{local}{local[15]},{node1}{oW2tCn-rQOyK9QCA3Yyc1Q}{local}{local[9]},{node4}{neNETGb6TVmgv5w38USQkg}{local}{local[12]},{node2}{nu0Q1n-ZTcmcM9WsDccAQQ}{local}{local[10]},{node3}{GKPCFYr2RBupjoPm7GrBCw}{local}{local[11]},{node5}{vI8D7OY6R5Gyrs-0AcP4_g}{local}{local[13]},{node6}{hEYLVsSPQvaLDvNFj9QYPA}{local}{local[14]},}, reason: test setting state
[2016-09-15T15:36:43,719][INFO ][org.elasticsearch.cluster.service] [node_s_0] master {new {node0}{jvz9K2WXQsCG2ZzuT-_flg}{local}{local[8]}, previous {node}{lvX90cl1Sniec2P6uYSh5Q}{local}{local[10]}}, removed {{node}{lvX90cl1Sniec2P6uYSh5Q}{local}{local[10]},}, added {{node6}{hEYLVsSPQvaLDvNFj9QYPA}{local}{local[14]},{node2}{nu0Q1n-ZTcmcM9WsDccAQQ}{local}{local[10]},{node3}{GKPCFYr2RBupjoPm7GrBCw}{local}{local[11]},{node0}{jvz9K2WXQsCG2ZzuT-_flg}{local}{local[8]},{node5}{vI8D7OY6R5Gyrs-0AcP4_g}{local}{local[13]},{node4}{neNETGb6TVmgv5w38USQkg}{local}{local[12]},{node7}{anV72_isQHOOSYfunM4RrA}{local}{local[15]},}, reason: test setting state
[2016-09-15T15:36:43,720][INFO ][org.elasticsearch.cluster.service] [node_s_0] master {new {node0}{jvz9K2WXQsCG2ZzuT-_flg}{local}{local[8]}, previous {node}{oRFFASeQSpOQQfBt6MsKkA}{local}{local[11]}}, removed {{node}{oRFFASeQSpOQQfBt6MsKkA}{local}{local[11]},}, added {{node1}{oW2tCn-rQOyK9QCA3Yyc1Q}{local}{local[9]},{node0}{jvz9K2WXQsCG2ZzuT-_flg}{local}{local[8]},{node6}{hEYLVsSPQvaLDvNFj9QYPA}{local}{local[14]},{node5}{vI8D7OY6R5Gyrs-0AcP4_g}{local}{local[13]},{node4}{neNETGb6TVmgv5w38USQkg}{local}{local[12]},{node3}{GKPCFYr2RBupjoPm7GrBCw}{local}{local[11]},{node7}{anV72_isQHOOSYfunM4RrA}{local}{local[15]},}, reason: test setting state
[2016-09-15T15:36:43,721][INFO ][org.elasticsearch.cluster.service] [node_s_0] master {new {node0}{jvz9K2WXQsCG2ZzuT-_flg}{local}{local[8]}, previous {node}{Bh34WHmMQAiZj5qS-FSF6w}{local}{local[12]}}, removed {{node}{Bh34WHmMQAiZj5qS-FSF6w}{local}{local[12]},}, added {{node5}{vI8D7OY6R5Gyrs-0AcP4_g}{local}{local[13]},{node4}{neNETGb6TVmgv5w38USQkg}{local}{local[12]},{node1}{oW2tCn-rQOyK9QCA3Yyc1Q}{local}{local[9]},{node6}{hEYLVsSPQvaLDvNFj9QYPA}{local}{local[14]},{node0}{jvz9K2WXQsCG2ZzuT-_flg}{local}{local[8]},{node7}{anV72_isQHOOSYfunM4RrA}{local}{local[15]},{node2}{nu0Q1n-ZTcmcM9WsDccAQQ}{local}{local[10]},}, reason: test setting state
[2016-09-15T15:36:43,722][INFO ][org.elasticsearch.cluster.service] [node_s_0] master {new {node0}{jvz9K2WXQsCG2ZzuT-_flg}{local}{local[8]}, previous {node}{5HVGgJDeS5azWdOO0wqxWg}{local}{local[13]}}, removed {{node}{5HVGgJDeS5azWdOO0wqxWg}{local}{local[13]},}, added {{node2}{nu0Q1n-ZTcmcM9WsDccAQQ}{local}{local[10]},{node6}{hEYLVsSPQvaLDvNFj9QYPA}{local}{local[14]},{node3}{GKPCFYr2RBupjoPm7GrBCw}{local}{local[11]},{node0}{jvz9K2WXQsCG2ZzuT-_flg}{local}{local[8]},{node5}{vI8D7OY6R5Gyrs-0AcP4_g}{local}{local[13]},{node1}{oW2tCn-rQOyK9QCA3Yyc1Q}{local}{local[9]},{node7}{anV72_isQHOOSYfunM4RrA}{local}{local[15]},}, reason: test setting state
[2016-09-15T15:36:43,723][INFO ][org.elasticsearch.cluster.service] [node_s_0] master {new {node0}{jvz9K2WXQsCG2ZzuT-_flg}{local}{local[8]}, previous {node}{4j2XRgESTx-7ogmR4BquFw}{local}{local[14]}}, removed {{node}{4j2XRgESTx-7ogmR4BquFw}{local}{local[14]},}, added {{node7}{anV72_isQHOOSYfunM4RrA}{local}{local[15]},{node3}{GKPCFYr2RBupjoPm7GrBCw}{local}{local[11]},{node2}{nu0Q1n-ZTcmcM9WsDccAQQ}{local}{local[10]},{node1}{oW2tCn-rQOyK9QCA3Yyc1Q}{local}{local[9]},{node6}{hEYLVsSPQvaLDvNFj9QYPA}{local}{local[14]},{node0}{jvz9K2WXQsCG2ZzuT-_flg}{local}{local[8]},{node4}{neNETGb6TVmgv5w38USQkg}{local}{local[12]},}, reason: test setting state
[2016-09-15T15:36:43,724][INFO ][org.elasticsearch.cluster.service] [node_s_0] master {new {node0}{jvz9K2WXQsCG2ZzuT-_flg}{local}{local[8]}, previous {node}{O-J-GgNwRB6zv3_wLnSN5g}{local}{local[15]}}, removed {{node}{O-J-GgNwRB6zv3_wLnSN5g}{local}{local[15]},}, added {{node1}{oW2tCn-rQOyK9QCA3Yyc1Q}{local}{local[9]},{node7}{anV72_isQHOOSYfunM4RrA}{local}{local[15]},{node2}{nu0Q1n-ZTcmcM9WsDccAQQ}{local}{local[10]},{node0}{jvz9K2WXQsCG2ZzuT-_flg}{local}{local[8]},{node4}{neNETGb6TVmgv5w38USQkg}{local}{local[12]},{node3}{GKPCFYr2RBupjoPm7GrBCw}{local}{local[11]},{node5}{vI8D7OY6R5Gyrs-0AcP4_g}{local}{local[13]},}, reason: test setting state
[2016-09-15T15:36:43,726][INFO ][org.elasticsearch.cluster.service] [node_s_0] master {new {node0}{jvz9K2WXQsCG2ZzuT-_flg}{local}{local[8]}, previous {node}{fDsyy1KpQ1aGxKl7Bjn87g}{local}{local[16]}}, removed {{node}{fDsyy1KpQ1aGxKl7Bjn87g}{local}{local[16]},}, added {{node3}{GKPCFYr2RBupjoPm7GrBCw}{local}{local[11]},{node0}{jvz9K2WXQsCG2ZzuT-_flg}{local}{local[8]},{node6}{hEYLVsSPQvaLDvNFj9QYPA}{local}{local[14]},{node5}{vI8D7OY6R5Gyrs-0AcP4_g}{local}{local[13]},{node1}{oW2tCn-rQOyK9QCA3Yyc1Q}{local}{local[9]},{node4}{neNETGb6TVmgv5w38USQkg}{local}{local[12]},{node2}{nu0Q1n-ZTcmcM9WsDccAQQ}{local}{local[10]},}, reason: test setting state
[2016-09-15T15:36:43,732][INFO ][org.elasticsearch.action.admin.cluster.node.tasks] waitForActionToStart is set to true
[2016-09-15T15:36:43,793][INFO ][org.elasticsearch.action.admin.cluster.node.tasks] The action in the node [node0] should block: [true]
[2016-09-15T15:36:43,794][INFO ][org.elasticsearch.action.admin.cluster.node.tasks] The action in the node [node1] should block: [false]
[2016-09-15T15:36:43,795][INFO ][org.elasticsearch.action.admin.cluster.node.tasks] The action in the node [node2] should block: [true]
[2016-09-15T15:36:43,796][INFO ][org.elasticsearch.action.admin.cluster.node.tasks] The action in the node [node3] should block: [false]
[2016-09-15T15:36:43,796][INFO ][org.elasticsearch.action.admin.cluster.node.tasks] The action in the node [node4] should block: [false]
[2016-09-15T15:36:43,797][INFO ][org.elasticsearch.action.admin.cluster.node.tasks] The action in the node [node5] should block: [false]
[2016-09-15T15:36:43,798][INFO ][org.elasticsearch.action.admin.cluster.node.tasks] The action in the node [node6] should block: [false]
[2016-09-15T15:36:43,799][INFO ][org.elasticsearch.action.admin.cluster.node.tasks] The action in the node [node7] should block: [true]
[2016-09-15T15:36:43,802][INFO ][org.elasticsearch.action.admin.cluster.node.tasks] Awaiting for all actions to start
[2016-09-15T15:36:43,897][INFO ][org.elasticsearch.action.admin.cluster.node.tasks] Done waiting for all actions to start
]]></system-out>
   <system-err><![CDATA[]]></system-err>
</testsuite>