<testsuite errors="0" failures="0" tests="12" skipped="0" name="org.elasticsearch.discovery.zen.NodeJoinControllerTests" hostname="nohost.nodomain" time="0.391" timestamp="2016-09-15T12:41:06">
   <properties class="java.util.ArrayList">
      <property name="awt.toolkit" value="sun.awt.windows.WToolkit"/>
      <property name="file.encoding" value="Cp1252"/>
      <property name="file.encoding.pkg" value="sun.io"/>
      <property name="file.separator" value="\"/>
      <property name="java.awt.graphicsenv" value="sun.awt.Win32GraphicsEnvironment"/>
      <property name="java.awt.headless" value="true"/>
      <property name="java.awt.printerjob" value="sun.awt.windows.WPrinterJob"/>
      <property name="java.class.path" value="C:\projects\team3\core\build\classes\test;C:\projects\team3\core\build\resources\test;C:\projects\team3\core\build\classes\main;C:\projects\team3\core\build\resources\main;C:\Users\domin\.gradle\caches\modules-2\files-2.1\org.apache.lucene\lucene-core\6.2.0\849ee62525a294416802be2cacc66c80352f6f13\lucene-core-6.2.0.jar;C:\Users\domin\.gradle\caches\modules-2\files-2.1\org.apache.lucene\lucene-analyzers-common\6.2.0\d254d52dd394b5079129f3d5f3bf4f2d44a5936e\lucene-analyzers-common-6.2.0.jar;C:\Users\domin\.gradle\caches\modules-2\files-2.1\org.apache.lucene\lucene-backward-codecs\6.2.0\b625bb21456b3c0d1e5e431bced125cb060c1abd\lucene-backward-codecs-6.2.0.jar;C:\Users\domin\.gradle\caches\modules-2\files-2.1\org.apache.lucene\lucene-grouping\6.2.0\9527fedfd5acc624b2bb3f862bd99fb8f470b053\lucene-grouping-6.2.0.jar;C:\Users\domin\.gradle\caches\modules-2\files-2.1\org.apache.lucene\lucene-highlighter\6.2.0\7ca342372a3f45e32bbd21cecaa757e38eccb8a5\lucene-highlighter-6.2.0.jar;C:\Users\domin\.gradle\caches\modules-2\files-2.1\org.apache.lucene\lucene-join\6.2.0\da0b8de98511abd4fe9c7d48a353d17854c5ed46\lucene-join-6.2.0.jar;C:\Users\domin\.gradle\caches\modules-2\files-2.1\org.apache.lucene\lucene-memory\6.2.0\bc9e075b1ee051c8e5246c237c38d8e71dab8a66\lucene-memory-6.2.0.jar;C:\Users\domin\.gradle\caches\modules-2\files-2.1\org.apache.lucene\lucene-misc\6.2.0\94ddde6312566a4da4a50a88e453b6c82c759b41\lucene-misc-6.2.0.jar;C:\Users\domin\.gradle\caches\modules-2\files-2.1\org.apache.lucene\lucene-queries\6.2.0\dce47238f78e3e97d91dc6fefa9f46f07866bc2b\lucene-queries-6.2.0.jar;C:\Users\domin\.gradle\caches\modules-2\files-2.1\org.apache.lucene\lucene-queryparser\6.2.0\17ef728ac15e668bfa1105321611548424637645\lucene-queryparser-6.2.0.jar;C:\Users\domin\.gradle\caches\modules-2\files-2.1\org.apache.lucene\lucene-sandbox\6.2.0\520183f7b9aba77a26e224760c420a3844b0631a\lucene-sandbox-6.2.0.jar;C:\Users\domin\.gradle\caches\modules-2\files-2.1\org.apache.lucene\lucene-spatial\6.2.0\8dba929b66927b936fbc76103b109ad6c824daee\lucene-spatial-6.2.0.jar;C:\Users\domin\.gradle\caches\modules-2\files-2.1\org.apache.lucene\lucene-spatial-extras\6.2.0\3b5a6ef5cd90c0218a72e9e2f7e60104be2447da\lucene-spatial-extras-6.2.0.jar;C:\Users\domin\.gradle\caches\modules-2\files-2.1\org.apache.lucene\lucene-spatial3d\6.2.0\fcdb0567725722c5145149d1502848b6a96ec18d\lucene-spatial3d-6.2.0.jar;C:\Users\domin\.gradle\caches\modules-2\files-2.1\org.apache.lucene\lucene-suggest\6.2.0\3d9d526c51f483d27f425c75d7e56bc0849242d6\lucene-suggest-6.2.0.jar;C:\Users\domin\.gradle\caches\modules-2\files-2.1\org.elasticsearch\securesm\1.1\1e423447d020041534be94c0f31a49fbdc1f2950\securesm-1.1.jar;C:\Users\domin\.gradle\caches\modules-2\files-2.1\net.sf.jopt-simple\jopt-simple\5.0.2\98cafc6081d5632b61be2c9e60650b64ddbc637c\jopt-simple-5.0.2.jar;C:\Users\domin\.gradle\caches\modules-2\files-2.1\com.carrotsearch\hppc\0.7.1\8b5057f74ea378c0150a1860874a3ebdcb713767\hppc-0.7.1.jar;C:\Users\domin\.gradle\caches\modules-2\files-2.1\joda-time\joda-time\2.9.4\1c295b462f16702ebe720bbb08f62e1ba80da41b\joda-time-2.9.4.jar;C:\Users\domin\.gradle\caches\modules-2\files-2.1\org.joda\joda-convert\1.2\35ec554f0cd00c956cc69051514d9488b1374dec\joda-convert-1.2.jar;C:\Users\domin\.gradle\caches\modules-2\files-2.1\org.yaml\snakeyaml\1.15\3b132bea69e8ee099f416044970997bde80f4ea6\snakeyaml-1.15.jar;C:\Users\domin\.gradle\caches\modules-2\files-2.1\com.fasterxml.jackson.core\jackson-core\2.8.1\fd13b1c033741d48291315c6370f7d475a42dccf\jackson-core-2.8.1.jar;C:\Users\domin\.gradle\caches\modules-2\files-2.1\com.fasterxml.jackson.dataformat\jackson-dataformat-smile\2.8.1\5b73867bc12224946fc67fc8d49d9f5e698d7f\jackson-dataformat-smile-2.8.1.jar;C:\Users\domin\.gradle\caches\modules-2\files-2.1\com.fasterxml.jackson.dataformat\jackson-dataformat-yaml\2.8.1\eb63166c723b0b4b9fb5298fca232a2f6612ec34\jackson-dataformat-yaml-2.8.1.jar;C:\Users\domin\.gradle\caches\modules-2\files-2.1\com.fasterxml.jackson.dataformat\jackson-dataformat-cbor\2.8.1\3a6fb7e75c9972559a78cf5cfc5a48a41a13ea40\jackson-dataformat-cbor-2.8.1.jar;C:\Users\domin\.gradle\caches\modules-2\files-2.1\com.tdunning\t-digest\3.0\84ccf145ac2215e6bfa63baa3101c0af41017cfc\t-digest-3.0.jar;C:\Users\domin\.gradle\caches\modules-2\files-2.1\org.hdrhistogram\HdrHistogram\2.1.6\7495feb7f71ee124bd2a7e7d83590e296d71d80e\HdrHistogram-2.1.6.jar;C:\Users\domin\.gradle\caches\modules-2\files-2.1\org.locationtech.spatial4j\spatial4j\0.6\21b15310bddcfd8c72611c180f20cf23279809a3\spatial4j-0.6.jar;C:\Users\domin\.gradle\caches\modules-2\files-2.1\com.vividsolutions\jts\1.13\3ccfb9b60f04d71add996a666ceb8902904fd805\jts-1.13.jar;C:\Users\domin\.gradle\caches\modules-2\files-2.1\org.apache.logging.log4j\log4j-api\2.6.2\bd1b74a5d170686362091c7cf596bbc3adf5c09b\log4j-api-2.6.2.jar;C:\Users\domin\.gradle\caches\modules-2\files-2.1\org.apache.logging.log4j\log4j-core\2.6.2\a91369f655eb1639c6aece5c5eb5108db18306\log4j-core-2.6.2.jar;C:\Users\domin\.gradle\caches\modules-2\files-2.1\org.apache.logging.log4j\log4j-1.2-api\2.6.2\3b4c5a8b734b6a29b2f03380535a48da6284b210\log4j-1.2-api-2.6.2.jar;C:\Users\domin\.gradle\caches\modules-2\files-2.1\net.java.dev.jna\jna\4.2.2\5012450aee579c3118ff09461d5ce210e0cdc2a9\jna-4.2.2.jar;C:\projects\team3\test\framework\build\distributions\framework-5.0.0-alpha6-SNAPSHOT.jar;C:\Users\domin\.gradle\caches\modules-2\files-2.1\com.carrotsearch.randomizedtesting\randomizedtesting-runner\2.3.2\307965917fe8a22b7ee72deba39ef4b8e6ebc069\randomizedtesting-runner-2.3.2.jar;C:\Users\domin\.gradle\caches\modules-2\files-2.1\junit\junit\4.11\4e031bb61df09069aeb2bffb4019e7a5034a4ee0\junit-4.11.jar;C:\Users\domin\.gradle\caches\modules-2\files-2.1\org.hamcrest\hamcrest-all\1.3\63a21ebc981131004ad02e0434e799fd7f3a8d5a\hamcrest-all-1.3.jar;C:\Users\domin\.gradle\caches\modules-2\files-2.1\org.apache.lucene\lucene-test-framework\6.2.0\f5026be3983acfb40d4092dbfbc015ec6e6addab\lucene-test-framework-6.2.0.jar;C:\Users\domin\.gradle\caches\modules-2\files-2.1\org.apache.lucene\lucene-codecs\6.2.0\99f887266b0ad9f2c286b3976c5bc48c8cd36624\lucene-codecs-6.2.0.jar;C:\projects\team3\client\rest\build\distributions\rest-5.0.0-alpha6-SNAPSHOT.jar;C:\Users\domin\.gradle\caches\modules-2\files-2.1\org.apache.httpcomponents\httpclient\4.5.2\733db77aa8d9b2d68015189df76ab06304406e50\httpclient-4.5.2.jar;C:\Users\domin\.gradle\caches\modules-2\files-2.1\org.apache.httpcomponents\httpcore\4.4.5\e7501a1b34325abb00d17dde96150604a0658b54\httpcore-4.4.5.jar;C:\Users\domin\.gradle\caches\modules-2\files-2.1\commons-logging\commons-logging\1.1.3\f6f66e966c70a83ffbdb6f17a0919eaf7c8aca7f\commons-logging-1.1.3.jar;C:\Users\domin\.gradle\caches\modules-2\files-2.1\commons-codec\commons-codec\1.10\4b95f4897fa13f2cd904aee711aeafc0c5295cd8\commons-codec-1.10.jar;C:\Users\domin\.gradle\caches\modules-2\files-2.1\org.elasticsearch\securemock\1.2\98201d4ad5ac93f6b415ae9172d52b5e7cda490e\securemock-1.2.jar;C:\Users\domin\.gradle\caches\modules-2\files-2.1\org.apache.httpcomponents\httpasyncclient\4.1.2\95aa3e6fb520191a0970a73cf09f62948ee614be\httpasyncclient-4.1.2.jar;C:\Users\domin\.gradle\caches\modules-2\files-2.1\org.apache.httpcomponents\httpcore-nio\4.4.5\f4be009e7505f6ceddf21e7960c759f413f15056\httpcore-nio-4.4.5.jar;C:\Users\domin\.gradle\caches\modules-2\files-2.1\com.carrotsearch.randomizedtesting\junit4-ant\2.3.2\dc8f03f6111974092491f35b8269eb0fc57f52f7\junit4-ant-2.3.2.jar"/>
      <property name="java.class.version" value="52.0"/>
      <property name="java.endorsed.dirs" value="C:\Program Files\Java\jdk1.8.0_65\jre\lib\endorsed"/>
      <property name="java.ext.dirs" value="C:\Program Files\Java\jdk1.8.0_65\jre\lib\ext;C:\WINDOWS\Sun\Java\lib\ext"/>
      <property name="java.home" value="C:\Program Files\Java\jdk1.8.0_65\jre"/>
      <property name="java.io.tmpdir" value="./temp"/>
      <property name="java.library.path" value="C:\Program Files\Java\jdk1.8.0_65\bin;C:\WINDOWS\Sun\Java\bin;C:\WINDOWS\system32;C:\WINDOWS;C:\Ruby22-x64\bin;C:\Imagick;C:\ProgramData\Oracle\Java\javapath;C:\Program Files (x86)\Intel\iCLS Client\;C:\Program Files\Intel\iCLS Client\;C:\Windows\system32;C:\Windows;C:\Windows\System32\Wbem;C:\Windows\System32\WindowsPowerShell\v1.0\;C:\Program Files (x86)\Intel\Intel(R) Management Engine Components\DAL;C:\Program Files\Intel\Intel(R) Management Engine Components\DAL;C:\Program Files (x86)\Intel\Intel(R) Management Engine Components\IPT;C:\Program Files\Intel\Intel(R) Management Engine Components\IPT;C:\Program Files (x86)\NVIDIA Corporation\PhysX\Common;C:\Program Files (x86)\Skype\Phone\;C:\xampp\php;C:\ProgramData\ComposerSetup\bin;C:\Program Files\Git\cmd;C:\Program Files\OpenVPN\bin;C:\Program Files\nodejs\;C:\WINDOWS\system32;C:\WINDOWS;C:\WINDOWS\System32\Wbem;C:\WINDOWS\System32\WindowsPowerShell\v1.0\;C:\Program Files\cURL\bin;C:\Program Files\gradle\2.13\bin;C:\Program Files\CMake\bin;C:\Program Files\flex_bison;C:\Program Files\doxygen\bin;C:\SonarQube\SonarQubeScanner\bin;C:\Users\domin\AppData\Local\Programs\Python\Python35-32\Scripts\;C:\Users\domin\AppData\Local\Programs\Python\Python35-32\;C:\Users\domin\AppData\Roaming\npm;C:\Users\domin\AppData\Local\Microsoft\WindowsApps;;."/>
      <property name="java.runtime.name" value="Java(TM) SE Runtime Environment"/>
      <property name="java.runtime.version" value="1.8.0_65-b17"/>
      <property name="java.specification.name" value="Java Platform API Specification"/>
      <property name="java.specification.vendor" value="Oracle Corporation"/>
      <property name="java.specification.version" value="1.8"/>
      <property name="java.vendor" value="Oracle Corporation"/>
      <property name="java.vendor.url" value="http://java.oracle.com/"/>
      <property name="java.vendor.url.bug" value="http://bugreport.sun.com/bugreport/"/>
      <property name="java.version" value="1.8.0_65"/>
      <property name="java.vm.info" value="mixed mode"/>
      <property name="java.vm.name" value="Java HotSpot(TM) 64-Bit Server VM"/>
      <property name="java.vm.specification.name" value="Java Virtual Machine Specification"/>
      <property name="java.vm.specification.vendor" value="Oracle Corporation"/>
      <property name="java.vm.specification.version" value="1.8"/>
      <property name="java.vm.vendor" value="Oracle Corporation"/>
      <property name="java.vm.version" value="25.65-b01"/>
      <property name="jna.nosys" value="true"/>
      <property name="junit4.childvm.count" value="3"/>
      <property name="junit4.childvm.cwd" value="C:\projects\team3\core\build\testrun\test\J1"/>
      <property name="junit4.childvm.id" value="1"/>
      <property name="junit4.memory.total" value="514850816"/>
      <property name="junit4.pidString" value="8548@LAPTOP-LKSM26S6"/>
      <property name="junit4.processors" value="4"/>
      <property name="line.separator" value="
"/>
      <property name="os.arch" value="amd64"/>
      <property name="os.name" value="Windows 10"/>
      <property name="os.version" value="10.0"/>
      <property name="path.separator" value=";"/>
      <property name="sun.arch.data.model" value="64"/>
      <property name="sun.boot.class.path" value="C:\Program Files\Java\jdk1.8.0_65\jre\lib\resources.jar;C:\Program Files\Java\jdk1.8.0_65\jre\lib\rt.jar;C:\Program Files\Java\jdk1.8.0_65\jre\lib\sunrsasign.jar;C:\Program Files\Java\jdk1.8.0_65\jre\lib\jsse.jar;C:\Program Files\Java\jdk1.8.0_65\jre\lib\jce.jar;C:\Program Files\Java\jdk1.8.0_65\jre\lib\charsets.jar;C:\Program Files\Java\jdk1.8.0_65\jre\lib\jfr.jar;C:\Program Files\Java\jdk1.8.0_65\jre\classes"/>
      <property name="sun.boot.library.path" value="C:\Program Files\Java\jdk1.8.0_65\jre\bin"/>
      <property name="sun.cpu.endian" value="little"/>
      <property name="sun.cpu.isalist" value="amd64"/>
      <property name="sun.desktop" value="windows"/>
      <property name="sun.io.unicode.encoding" value="UnicodeLittle"/>
      <property name="sun.java.command" value="com.carrotsearch.ant.tasks.junit4.slave.SlaveMainSafe -eventsfile C:\projects\team3\core\build\testrun\test\temp\junit4-J1-20160915_123537_463.events @C:\projects\team3\core\build\testrun\test\temp\junit4-J1-20160915_123537_463.suites -stdin"/>
      <property name="sun.java.launcher" value="SUN_STANDARD"/>
      <property name="sun.jnu.encoding" value="Cp1252"/>
      <property name="sun.management.compiler" value="HotSpot 64-Bit Tiered Compilers"/>
      <property name="sun.os.patch.level" value=""/>
      <property name="tests.artifact" value="core"/>
      <property name="tests.gradle" value="true"/>
      <property name="tests.ifNoTests" value="fail"/>
      <property name="tests.logger.level" value="WARN"/>
      <property name="tests.prefix" value="tests"/>
      <property name="tests.security.manager" value="true"/>
      <property name="tests.seed" value="9CF13790D965C5A7"/>
      <property name="tests.task" value=":core:test"/>
      <property name="user.country" value="AT"/>
      <property name="user.dir" value="C:\projects\team3\core\build\testrun\test\J1"/>
      <property name="user.home" value="C:\Users\domin"/>
      <property name="user.language" value="de"/>
      <property name="user.name" value="domin"/>
      <property name="user.script" value=""/>
      <property name="user.timezone" value=""/>
      <property name="user.variant" value=""/>
   </properties>
   <testcase classname="org.elasticsearch.discovery.zen.NodeJoinControllerTests" name="testElectionBasedOnConflictingNodes" time="0.029"/>
   <testcase classname="org.elasticsearch.discovery.zen.NodeJoinControllerTests" name="testFailingJoinsWhenNotMaster" time="0.021"/>
   <testcase classname="org.elasticsearch.discovery.zen.NodeJoinControllerTests" name="testSimpleMasterElection" time="0.035"/>
   <testcase classname="org.elasticsearch.discovery.zen.NodeJoinControllerTests" name="testElectionWithConcurrentJoins" time="0.023"/>
   <testcase classname="org.elasticsearch.discovery.zen.NodeJoinControllerTests" name="testSimpleMasterElectionWithoutRequiredJoins" time="0.034"/>
   <testcase classname="org.elasticsearch.discovery.zen.NodeJoinControllerTests" name="testNormalConcurrentJoins" time="0.038"/>
   <testcase classname="org.elasticsearch.discovery.zen.NodeJoinControllerTests" name="testRejectingJoinWithSameAddressButDifferentId" time="0.018"/>
   <testcase classname="org.elasticsearch.discovery.zen.NodeJoinControllerTests" name="testRejectingRestartedNodeJoinsBeforeProcessingNodeLeft" time="0.016"/>
   <testcase classname="org.elasticsearch.discovery.zen.NodeJoinControllerTests" name="testNewClusterStateOnExistingNodeJoin" time="0.03"/>
   <testcase classname="org.elasticsearch.discovery.zen.NodeJoinControllerTests" name="testMasterElectionTimeout" time="0.029"/>
   <testcase classname="org.elasticsearch.discovery.zen.NodeJoinControllerTests" name="testRejectingJoinWithSameIdButDifferentNode" time="0.014"/>
   <testcase classname="org.elasticsearch.discovery.zen.NodeJoinControllerTests" name="testSimpleJoinAccumulation" time="0.022"/>
   <system-out><![CDATA[[2016-09-15T15:11:06,274][INFO ][org.elasticsearch.cluster.service] [node_s_0] new_master {node}{hgcN8eRTRmWmu4qm1hajjw}{local}{local[346]}, reason: test setting state
[2016-09-15T15:11:06,286][DEBUG][org.elasticsearch.discovery.zen.elect] using minimum_master_nodes [-1]
[2016-09-15T15:11:06,289][INFO ][org.elasticsearch.cluster.service] [node_s_0] added {{other_node}{-PRtsQQ2QVG6k7g8_oGgaQ}{local}{local[349]},}, reason: test setting state
[2016-09-15T15:11:06,289][TRACE][org.elasticsearch.discovery.zen] starting an election context, will accumulate joins
[2016-09-15T15:11:06,290][DEBUG][org.elasticsearch.discovery.zen] starting future [join of {other_node}{qSu2wWGSSHe1UQN9JBbN_A}{local}{local[349]} (id [1]]
[2016-09-15T15:11:06,291][TRACE][org.elasticsearch.discovery.zen] not enough joins for election. Got [1], required [-1]
[2016-09-15T15:11:06,291][TRACE][org.elasticsearch.discovery.zen] have enough joins for election. Got [1], required [1]
[2016-09-15T15:11:06,293][DEBUG][org.elasticsearch.discovery.zen] removing existing node [{other_node}{-PRtsQQ2QVG6k7g8_oGgaQ}{local}{local[349]}], which conflicts with incoming join from [{other_node}{qSu2wWGSSHe1UQN9JBbN_A}{local}{local[349]}]
[2016-09-15T15:11:06,293][INFO ][org.elasticsearch.cluster.service] [node_s_0] master {new {node}{hgcN8eRTRmWmu4qm1hajjw}{local}{local[346]}}, removed {{other_node}{-PRtsQQ2QVG6k7g8_oGgaQ}{local}{local[349]},}, added {{other_node}{qSu2wWGSSHe1UQN9JBbN_A}{local}{local[349]},}, reason: zen-disco-elected-as-master ([1] nodes joined)[{other_node}{qSu2wWGSSHe1UQN9JBbN_A}{local}{local[349]}]
[2016-09-15T15:11:06,293][DEBUG][org.elasticsearch.discovery.zen] future [join of {other_node}{qSu2wWGSSHe1UQN9JBbN_A}{local}{local[349]} (id [1]] completed
[2016-09-15T15:11:06,305][INFO ][org.elasticsearch.cluster.service] [node_s_0] new_master {node}{c9sP-XdfQCKDUd4gICCefw}{local}{local[350]}, reason: test setting state
[2016-09-15T15:11:06,310][DEBUG][org.elasticsearch.discovery.zen.elect] using minimum_master_nodes [-1]
[2016-09-15T15:11:06,312][DEBUG][org.elasticsearch.discovery.zen] starting future [join of {data_0}{0}{QBn6m0gyS6uKZhL7H0r6Hw}{local}{local[test_0]} (id [2]]
[2016-09-15T15:11:06,313][TRACE][org.elasticsearch.discovery.zen] processing node joins, but we are not the master. current master: null
[2016-09-15T15:11:06,315][ERROR][org.elasticsearch.discovery.zen] unexpected error for future [join of {data_0}{0}{QBn6m0gyS6uKZhL7H0r6Hw}{local}{local[test_0]} (id [2]]
org.elasticsearch.cluster.NotMasterException: Node [{node}{c9sP-XdfQCKDUd4gICCefw}{local}{local[350]}] not master for join request
[2016-09-15T15:11:06,315][DEBUG][org.elasticsearch.discovery.zen] --> testing joins fail post accumulation
[2016-09-15T15:11:06,315][TRACE][org.elasticsearch.discovery.zen] starting an election context, will accumulate joins
[2016-09-15T15:11:06,315][DEBUG][org.elasticsearch.discovery.zen] starting future [join of {master_1}{1}{lKCmoFW7Ry6hYZIG7BwFqw}{local}{local[test_1]} (id [3]]
[2016-09-15T15:11:06,315][TRACE][org.elasticsearch.discovery.zen] not enough joins for election. Got [1], required [-1]
[2016-09-15T15:11:06,315][TRACE][org.elasticsearch.discovery.zen] stopping election ([test])
[2016-09-15T15:11:06,316][TRACE][org.elasticsearch.discovery.zen] processing node joins, but we are not the master. current master: null
[2016-09-15T15:11:06,316][ERROR][org.elasticsearch.discovery.zen] unexpected error for future [join of {master_1}{1}{lKCmoFW7Ry6hYZIG7BwFqw}{local}{local[test_1]} (id [3]]
org.elasticsearch.cluster.NotMasterException: Node [{node}{c9sP-XdfQCKDUd4gICCefw}{local}{local[350]}] not master for join request
[2016-09-15T15:11:06,320][INFO ][org.elasticsearch.cluster.service] [node_s_0] new_master {node}{vqECBymfRJukJHN69u9WIA}{local}{local[351]}, reason: test setting state
[2016-09-15T15:11:06,325][DEBUG][org.elasticsearch.discovery.zen.elect] using minimum_master_nodes [-1]
[2016-09-15T15:11:06,327][DEBUG][org.elasticsearch.discovery.zen] --> using requiredJoins [5]
[2016-09-15T15:11:06,327][DEBUG][org.elasticsearch.discovery.zen] starting future [join of {data_0}{0}{9G3JBiMdQG2g60PeQ7w9hg}{local}{local[test_0]} (id [4]]
[2016-09-15T15:11:06,327][TRACE][org.elasticsearch.discovery.zen] processing node joins, but we are not the master. current master: null
[2016-09-15T15:11:06,327][ERROR][org.elasticsearch.discovery.zen] unexpected error for future [join of {data_0}{0}{9G3JBiMdQG2g60PeQ7w9hg}{local}{local[test_0]} (id [4]]
org.elasticsearch.cluster.NotMasterException: Node [{node}{vqECBymfRJukJHN69u9WIA}{local}{local[351]}] not master for join request
[2016-09-15T15:11:06,328][TRACE][org.elasticsearch.discovery.zen] starting an election context, will accumulate joins
[2016-09-15T15:11:06,328][DEBUG][org.elasticsearch.discovery.zen] --> joining [1] unique master nodes. Total of [20] join requests
[2016-09-15T15:11:06,328][DEBUG][org.elasticsearch.discovery.zen] starting future [join of {data_2}{2}{JytCW-WuSH6xTlH1t4Shwg}{local}{local[test_2]} (id [5]]
[2016-09-15T15:11:06,328][TRACE][org.elasticsearch.discovery.zen] not enough joins for election. Got [0], required [-1]
[2016-09-15T15:11:06,333][DEBUG][org.elasticsearch.discovery.zen] starting future [join of {data_2}{2}{JytCW-WuSH6xTlH1t4Shwg}{local}{local[test_2]} (id [6]]
[2016-09-15T15:11:06,334][TRACE][org.elasticsearch.discovery.zen] not enough joins for election. Got [0], required [-1]
[2016-09-15T15:11:06,334][DEBUG][org.elasticsearch.discovery.zen] starting future [join of {data_6}{6}{uB4LMTuURO27F_JO6lwOAQ}{local}{local[test_6]} (id [7]]
[2016-09-15T15:11:06,334][TRACE][org.elasticsearch.discovery.zen] not enough joins for election. Got [0], required [-1]
[2016-09-15T15:11:06,334][DEBUG][org.elasticsearch.discovery.zen] starting future [join of {data_4}{4}{lWGSscYfSzqY9ypxe5Efiw}{local}{local[test_4]} (id [8]]
[2016-09-15T15:11:06,334][TRACE][org.elasticsearch.discovery.zen] not enough joins for election. Got [0], required [-1]
[2016-09-15T15:11:06,334][DEBUG][org.elasticsearch.discovery.zen] starting future [join of {data_5}{5}{QwnN6gz0SbuzddncQ_Ku5Q}{local}{local[test_5]} (id [9]]
[2016-09-15T15:11:06,334][TRACE][org.elasticsearch.discovery.zen] not enough joins for election. Got [0], required [-1]
[2016-09-15T15:11:06,334][DEBUG][org.elasticsearch.discovery.zen] starting future [join of {data_3}{3}{Cp09eqy0RAGf04FYZndUzQ}{local}{local[test_3]} (id [10]]
[2016-09-15T15:11:06,335][TRACE][org.elasticsearch.discovery.zen] not enough joins for election. Got [0], required [-1]
[2016-09-15T15:11:06,335][DEBUG][org.elasticsearch.discovery.zen] starting future [join of {data_6}{6}{uB4LMTuURO27F_JO6lwOAQ}{local}{local[test_6]} (id [11]]
[2016-09-15T15:11:06,335][TRACE][org.elasticsearch.discovery.zen] not enough joins for election. Got [0], required [-1]
[2016-09-15T15:11:06,335][DEBUG][org.elasticsearch.discovery.zen] starting future [join of {data_5}{5}{QwnN6gz0SbuzddncQ_Ku5Q}{local}{local[test_5]} (id [12]]
[2016-09-15T15:11:06,335][TRACE][org.elasticsearch.discovery.zen] not enough joins for election. Got [0], required [-1]
[2016-09-15T15:11:06,335][DEBUG][org.elasticsearch.discovery.zen] starting future [join of {master_1}{1}{0UEBNMD_TbaQJ1Y3Da2nZQ}{local}{local[test_1]} (id [13]]
[2016-09-15T15:11:06,335][TRACE][org.elasticsearch.discovery.zen] not enough joins for election. Got [1], required [-1]
[2016-09-15T15:11:06,335][DEBUG][org.elasticsearch.discovery.zen] starting future [join of {data_4}{4}{lWGSscYfSzqY9ypxe5Efiw}{local}{local[test_4]} (id [14]]
[2016-09-15T15:11:06,335][TRACE][org.elasticsearch.discovery.zen] not enough joins for election. Got [1], required [-1]
[2016-09-15T15:11:06,335][DEBUG][org.elasticsearch.discovery.zen] starting future [join of {data_2}{2}{JytCW-WuSH6xTlH1t4Shwg}{local}{local[test_2]} (id [15]]
[2016-09-15T15:11:06,335][TRACE][org.elasticsearch.discovery.zen] not enough joins for election. Got [1], required [-1]
[2016-09-15T15:11:06,335][DEBUG][org.elasticsearch.discovery.zen] starting future [join of {data_6}{6}{uB4LMTuURO27F_JO6lwOAQ}{local}{local[test_6]} (id [16]]
[2016-09-15T15:11:06,335][TRACE][org.elasticsearch.discovery.zen] not enough joins for election. Got [1], required [-1]
[2016-09-15T15:11:06,335][DEBUG][org.elasticsearch.discovery.zen] starting future [join of {data_3}{3}{Cp09eqy0RAGf04FYZndUzQ}{local}{local[test_3]} (id [17]]
[2016-09-15T15:11:06,335][TRACE][org.elasticsearch.discovery.zen] not enough joins for election. Got [1], required [-1]
[2016-09-15T15:11:06,335][DEBUG][org.elasticsearch.discovery.zen] starting future [join of {data_6}{6}{uB4LMTuURO27F_JO6lwOAQ}{local}{local[test_6]} (id [18]]
[2016-09-15T15:11:06,335][TRACE][org.elasticsearch.discovery.zen] not enough joins for election. Got [1], required [-1]
[2016-09-15T15:11:06,335][DEBUG][org.elasticsearch.discovery.zen] starting future [join of {data_5}{5}{QwnN6gz0SbuzddncQ_Ku5Q}{local}{local[test_5]} (id [19]]
[2016-09-15T15:11:06,336][TRACE][org.elasticsearch.discovery.zen] not enough joins for election. Got [1], required [-1]
[2016-09-15T15:11:06,336][DEBUG][org.elasticsearch.discovery.zen] starting future [join of {data_2}{2}{JytCW-WuSH6xTlH1t4Shwg}{local}{local[test_2]} (id [20]]
[2016-09-15T15:11:06,336][TRACE][org.elasticsearch.discovery.zen] not enough joins for election. Got [1], required [-1]
[2016-09-15T15:11:06,336][DEBUG][org.elasticsearch.discovery.zen] starting future [join of {data_3}{3}{Cp09eqy0RAGf04FYZndUzQ}{local}{local[test_3]} (id [21]]
[2016-09-15T15:11:06,336][TRACE][org.elasticsearch.discovery.zen] not enough joins for election. Got [1], required [-1]
[2016-09-15T15:11:06,336][DEBUG][org.elasticsearch.discovery.zen] starting future [join of {master_1}{1}{0UEBNMD_TbaQJ1Y3Da2nZQ}{local}{local[test_1]} (id [22]]
[2016-09-15T15:11:06,336][TRACE][org.elasticsearch.discovery.zen] not enough joins for election. Got [1], required [-1]
[2016-09-15T15:11:06,336][DEBUG][org.elasticsearch.discovery.zen] starting future [join of {data_3}{3}{Cp09eqy0RAGf04FYZndUzQ}{local}{local[test_3]} (id [23]]
[2016-09-15T15:11:06,336][TRACE][org.elasticsearch.discovery.zen] not enough joins for election. Got [1], required [-1]
[2016-09-15T15:11:06,336][DEBUG][org.elasticsearch.discovery.zen] starting future [join of {data_5}{5}{QwnN6gz0SbuzddncQ_Ku5Q}{local}{local[test_5]} (id [24]]
[2016-09-15T15:11:06,336][TRACE][org.elasticsearch.discovery.zen] not enough joins for election. Got [1], required [-1]
[2016-09-15T15:11:06,336][DEBUG][org.elasticsearch.discovery.zen] --> asserting master election didn't finish yet
[2016-09-15T15:11:06,336][DEBUG][org.elasticsearch.discovery.zen] --> joining [8] nodes, with repetition a total of [32]
[2016-09-15T15:11:06,336][DEBUG][org.elasticsearch.discovery.zen] starting future [join of {data_17}{17}{hpjoxjhoRaa-fMVvNabCnw}{local}{local[test_17]} (id [25]]
[2016-09-15T15:11:06,336][TRACE][org.elasticsearch.discovery.zen] not enough joins for election. Got [1], required [-1]
[2016-09-15T15:11:06,336][DEBUG][org.elasticsearch.discovery.zen] starting future [join of {master_12}{12}{goCK78pTSwCMtzeUgCDdYQ}{local}{local[test_12]} (id [26]]
[2016-09-15T15:11:06,337][TRACE][org.elasticsearch.discovery.zen] not enough joins for election. Got [2], required [-1]
[2016-09-15T15:11:06,337][DEBUG][org.elasticsearch.discovery.zen] starting future [join of {data_17}{17}{hpjoxjhoRaa-fMVvNabCnw}{local}{local[test_17]} (id [27]]
[2016-09-15T15:11:06,337][TRACE][org.elasticsearch.discovery.zen] not enough joins for election. Got [2], required [-1]
[2016-09-15T15:11:06,337][DEBUG][org.elasticsearch.discovery.zen] starting future [join of {master_11}{11}{tUxheCluRkuVGk06MD_mcQ}{local}{local[test_11]} (id [28]]
[2016-09-15T15:11:06,337][TRACE][org.elasticsearch.discovery.zen] not enough joins for election. Got [3], required [-1]
[2016-09-15T15:11:06,337][DEBUG][org.elasticsearch.discovery.zen] starting future [join of {master_9}{9}{gUkkVlgkQkaM5TVHbn5QHQ}{local}{local[test_9]} (id [29]]
[2016-09-15T15:11:06,337][TRACE][org.elasticsearch.discovery.zen] not enough joins for election. Got [4], required [-1]
[2016-09-15T15:11:06,337][DEBUG][org.elasticsearch.discovery.zen] starting future [join of {data_19}{19}{H1zenreSQcWrSrkCe_Ji3g}{local}{local[test_19]} (id [30]]
[2016-09-15T15:11:06,337][TRACE][org.elasticsearch.discovery.zen] not enough joins for election. Got [4], required [-1]
[2016-09-15T15:11:06,337][DEBUG][org.elasticsearch.discovery.zen] starting future [join of {data_17}{17}{hpjoxjhoRaa-fMVvNabCnw}{local}{local[test_17]} (id [31]]
[2016-09-15T15:11:06,337][TRACE][org.elasticsearch.discovery.zen] not enough joins for election. Got [4], required [-1]
[2016-09-15T15:11:06,337][DEBUG][org.elasticsearch.discovery.zen] starting future [join of {master_13}{13}{S7uu4aXQQVmTnKTi3icnWQ}{local}{local[test_13]} (id [32]]
[2016-09-15T15:11:06,337][TRACE][org.elasticsearch.discovery.zen] not enough joins for election. Got [5], required [-1]
[2016-09-15T15:11:06,337][DEBUG][org.elasticsearch.discovery.zen] starting future [join of {data_16}{16}{nSsGvAerS1Or5TJMgGTZUw}{local}{local[test_16]} (id [33]]
[2016-09-15T15:11:06,337][TRACE][org.elasticsearch.discovery.zen] not enough joins for election. Got [5], required [-1]
[2016-09-15T15:11:06,337][DEBUG][org.elasticsearch.discovery.zen] starting future [join of {data_15}{15}{6IhdD31HT9Coxg3VA9Krqg}{local}{local[test_15]} (id [34]]
[2016-09-15T15:11:06,337][TRACE][org.elasticsearch.discovery.zen] not enough joins for election. Got [5], required [-1]
[2016-09-15T15:11:06,337][DEBUG][org.elasticsearch.discovery.zen] starting future [join of {data_15}{15}{6IhdD31HT9Coxg3VA9Krqg}{local}{local[test_15]} (id [35]]
[2016-09-15T15:11:06,337][TRACE][org.elasticsearch.discovery.zen] not enough joins for election. Got [5], required [-1]
[2016-09-15T15:11:06,337][DEBUG][org.elasticsearch.discovery.zen] starting future [join of {data_17}{17}{hpjoxjhoRaa-fMVvNabCnw}{local}{local[test_17]} (id [36]]
[2016-09-15T15:11:06,337][TRACE][org.elasticsearch.discovery.zen] not enough joins for election. Got [5], required [-1]
[2016-09-15T15:11:06,338][DEBUG][org.elasticsearch.discovery.zen] starting future [join of {data_18}{18}{wSR3nRY9RLi_24x3ht3FYQ}{local}{local[test_18]} (id [37]]
[2016-09-15T15:11:06,338][TRACE][org.elasticsearch.discovery.zen] not enough joins for election. Got [5], required [-1]
[2016-09-15T15:11:06,338][DEBUG][org.elasticsearch.discovery.zen] starting future [join of {data_16}{16}{nSsGvAerS1Or5TJMgGTZUw}{local}{local[test_16]} (id [38]]
[2016-09-15T15:11:06,338][TRACE][org.elasticsearch.discovery.zen] not enough joins for election. Got [5], required [-1]
[2016-09-15T15:11:06,338][DEBUG][org.elasticsearch.discovery.zen] starting future [join of {data_18}{18}{wSR3nRY9RLi_24x3ht3FYQ}{local}{local[test_18]} (id [39]]
[2016-09-15T15:11:06,338][TRACE][org.elasticsearch.discovery.zen] not enough joins for election. Got [5], required [-1]
[2016-09-15T15:11:06,338][DEBUG][org.elasticsearch.discovery.zen] starting future [join of {master_8}{8}{0RmvgHboRR-QBeYuuXbtag}{local}{local[test_8]} (id [40]]
[2016-09-15T15:11:06,338][TRACE][org.elasticsearch.discovery.zen] not enough joins for election. Got [6], required [-1]
[2016-09-15T15:11:06,338][DEBUG][org.elasticsearch.discovery.zen] starting future [join of {master_10}{10}{JcyYyHwUQ3aayVDyP7j_Mw}{local}{local[test_10]} (id [41]]
[2016-09-15T15:11:06,338][TRACE][org.elasticsearch.discovery.zen] not enough joins for election. Got [7], required [-1]
[2016-09-15T15:11:06,338][DEBUG][org.elasticsearch.discovery.zen] starting future [join of {master_10}{10}{JcyYyHwUQ3aayVDyP7j_Mw}{local}{local[test_10]} (id [42]]
[2016-09-15T15:11:06,338][TRACE][org.elasticsearch.discovery.zen] not enough joins for election. Got [7], required [-1]
[2016-09-15T15:11:06,338][DEBUG][org.elasticsearch.discovery.zen] starting future [join of {master_8}{8}{0RmvgHboRR-QBeYuuXbtag}{local}{local[test_8]} (id [43]]
[2016-09-15T15:11:06,338][TRACE][org.elasticsearch.discovery.zen] not enough joins for election. Got [7], required [-1]
[2016-09-15T15:11:06,338][DEBUG][org.elasticsearch.discovery.zen] starting future [join of {data_18}{18}{wSR3nRY9RLi_24x3ht3FYQ}{local}{local[test_18]} (id [44]]
[2016-09-15T15:11:06,338][TRACE][org.elasticsearch.discovery.zen] not enough joins for election. Got [7], required [-1]
[2016-09-15T15:11:06,338][DEBUG][org.elasticsearch.discovery.zen] starting future [join of {master_13}{13}{S7uu4aXQQVmTnKTi3icnWQ}{local}{local[test_13]} (id [45]]
[2016-09-15T15:11:06,338][TRACE][org.elasticsearch.discovery.zen] not enough joins for election. Got [7], required [-1]
[2016-09-15T15:11:06,338][DEBUG][org.elasticsearch.discovery.zen] starting future [join of {master_7}{7}{Qk3_pBchQ8-BFH5lyUyttQ}{local}{local[test_7]} (id [46]]
[2016-09-15T15:11:06,338][TRACE][org.elasticsearch.discovery.zen] not enough joins for election. Got [8], required [-1]
[2016-09-15T15:11:06,338][DEBUG][org.elasticsearch.discovery.zen] starting future [join of {master_14}{14}{v2apTFZAQ7amMhkR3WLRsg}{local}{local[test_14]} (id [47]]
[2016-09-15T15:11:06,339][TRACE][org.elasticsearch.discovery.zen] not enough joins for election. Got [9], required [-1]
[2016-09-15T15:11:06,339][DEBUG][org.elasticsearch.discovery.zen] starting future [join of {master_9}{9}{gUkkVlgkQkaM5TVHbn5QHQ}{local}{local[test_9]} (id [48]]
[2016-09-15T15:11:06,339][TRACE][org.elasticsearch.discovery.zen] not enough joins for election. Got [9], required [-1]
[2016-09-15T15:11:06,339][DEBUG][org.elasticsearch.discovery.zen] starting future [join of {master_8}{8}{0RmvgHboRR-QBeYuuXbtag}{local}{local[test_8]} (id [49]]
[2016-09-15T15:11:06,339][TRACE][org.elasticsearch.discovery.zen] not enough joins for election. Got [9], required [-1]
[2016-09-15T15:11:06,339][DEBUG][org.elasticsearch.discovery.zen] starting future [join of {data_18}{18}{wSR3nRY9RLi_24x3ht3FYQ}{local}{local[test_18]} (id [50]]
[2016-09-15T15:11:06,339][TRACE][org.elasticsearch.discovery.zen] not enough joins for election. Got [9], required [-1]
[2016-09-15T15:11:06,339][DEBUG][org.elasticsearch.discovery.zen] starting future [join of {master_10}{10}{JcyYyHwUQ3aayVDyP7j_Mw}{local}{local[test_10]} (id [51]]
[2016-09-15T15:11:06,339][TRACE][org.elasticsearch.discovery.zen] not enough joins for election. Got [9], required [-1]
[2016-09-15T15:11:06,339][DEBUG][org.elasticsearch.discovery.zen] starting future [join of {master_13}{13}{S7uu4aXQQVmTnKTi3icnWQ}{local}{local[test_13]} (id [52]]
[2016-09-15T15:11:06,339][TRACE][org.elasticsearch.discovery.zen] not enough joins for election. Got [9], required [-1]
[2016-09-15T15:11:06,339][DEBUG][org.elasticsearch.discovery.zen] starting future [join of {master_9}{9}{gUkkVlgkQkaM5TVHbn5QHQ}{local}{local[test_9]} (id [53]]
[2016-09-15T15:11:06,339][TRACE][org.elasticsearch.discovery.zen] not enough joins for election. Got [9], required [-1]
[2016-09-15T15:11:06,339][DEBUG][org.elasticsearch.discovery.zen] starting future [join of {master_9}{9}{gUkkVlgkQkaM5TVHbn5QHQ}{local}{local[test_9]} (id [54]]
[2016-09-15T15:11:06,339][TRACE][org.elasticsearch.discovery.zen] not enough joins for election. Got [9], required [-1]
[2016-09-15T15:11:06,339][DEBUG][org.elasticsearch.discovery.zen] starting future [join of {master_10}{10}{JcyYyHwUQ3aayVDyP7j_Mw}{local}{local[test_10]} (id [55]]
[2016-09-15T15:11:06,339][TRACE][org.elasticsearch.discovery.zen] not enough joins for election. Got [9], required [-1]
[2016-09-15T15:11:06,339][DEBUG][org.elasticsearch.discovery.zen] starting future [join of {master_11}{11}{tUxheCluRkuVGk06MD_mcQ}{local}{local[test_11]} (id [56]]
[2016-09-15T15:11:06,339][TRACE][org.elasticsearch.discovery.zen] not enough joins for election. Got [9], required [-1]
[2016-09-15T15:11:06,339][DEBUG][org.elasticsearch.discovery.zen] --> waiting for master election to with no exception
[2016-09-15T15:11:06,340][TRACE][org.elasticsearch.discovery.zen] have enough joins for election. Got [9], required [5]
[2016-09-15T15:11:06,341][INFO ][org.elasticsearch.cluster.service] [node_s_0] new_master {node}{vqECBymfRJukJHN69u9WIA}{local}{local[351]}, added {{data_16}{16}{nSsGvAerS1Or5TJMgGTZUw}{local}{local[test_16]},{data_6}{6}{uB4LMTuURO27F_JO6lwOAQ}{local}{local[test_6]},{master_7}{7}{Qk3_pBchQ8-BFH5lyUyttQ}{local}{local[test_7]},{data_15}{15}{6IhdD31HT9Coxg3VA9Krqg}{local}{local[test_15]},{master_11}{11}{tUxheCluRkuVGk06MD_mcQ}{local}{local[test_11]},{master_14}{14}{v2apTFZAQ7amMhkR3WLRsg}{local}{local[test_14]},{data_19}{19}{H1zenreSQcWrSrkCe_Ji3g}{local}{local[test_19]},{master_12}{12}{goCK78pTSwCMtzeUgCDdYQ}{local}{local[test_12]},{master_13}{13}{S7uu4aXQQVmTnKTi3icnWQ}{local}{local[test_13]},{master_9}{9}{gUkkVlgkQkaM5TVHbn5QHQ}{local}{local[test_9]},{data_5}{5}{QwnN6gz0SbuzddncQ_Ku5Q}{local}{local[test_5]},{data_2}{2}{JytCW-WuSH6xTlH1t4Shwg}{local}{local[test_2]},{data_18}{18}{wSR3nRY9RLi_24x3ht3FYQ}{local}{local[test_18]},{master_8}{8}{0RmvgHboRR-QBeYuuXbtag}{local}{local[test_8]},{master_1}{1}{0UEBNMD_TbaQJ1Y3Da2nZQ}{local}{local[test_1]},{data_4}{4}{lWGSscYfSzqY9ypxe5Efiw}{local}{local[test_4]},{data_3}{3}{Cp09eqy0RAGf04FYZndUzQ}{local}{local[test_3]},{data_17}{17}{hpjoxjhoRaa-fMVvNabCnw}{local}{local[test_17]},{master_10}{10}{JcyYyHwUQ3aayVDyP7j_Mw}{local}{local[test_10]},}, reason: zen-disco-elected-as-master ([19] nodes joined)[{master_1}{1}{0UEBNMD_TbaQJ1Y3Da2nZQ}{local}{local[test_1]}, {data_4}{4}{lWGSscYfSzqY9ypxe5Efiw}{local}{local[test_4]}, {master_8}{8}{0RmvgHboRR-QBeYuuXbtag}{local}{local[test_8]}, {data_15}{15}{6IhdD31HT9Coxg3VA9Krqg}{local}{local[test_15]}, {master_9}{9}{gUkkVlgkQkaM5TVHbn5QHQ}{local}{local[test_9]}, {data_5}{5}{QwnN6gz0SbuzddncQ_Ku5Q}{local}{local[test_5]}, {master_7}{7}{Qk3_pBchQ8-BFH5lyUyttQ}{local}{local[test_7]}, {data_17}{17}{hpjoxjhoRaa-fMVvNabCnw}{local}{local[test_17]}, {data_6}{6}{uB4LMTuURO27F_JO6lwOAQ}{local}{local[test_6]}, {data_19}{19}{H1zenreSQcWrSrkCe_Ji3g}{local}{local[test_19]}, {data_18}{18}{wSR3nRY9RLi_24x3ht3FYQ}{local}{local[test_18]}, {master_12}{12}{goCK78pTSwCMtzeUgCDdYQ}{local}{local[test_12]}, {data_2}{2}{JytCW-WuSH6xTlH1t4Shwg}{local}{local[test_2]}, {master_11}{11}{tUxheCluRkuVGk06MD_mcQ}{local}{local[test_11]}, {master_14}{14}{v2apTFZAQ7amMhkR3WLRsg}{local}{local[test_14]}, {master_13}{13}{S7uu4aXQQVmTnKTi3icnWQ}{local}{local[test_13]}, {data_3}{3}{Cp09eqy0RAGf04FYZndUzQ}{local}{local[test_3]}, {master_10}{10}{JcyYyHwUQ3aayVDyP7j_Mw}{local}{local[test_10]}, {data_16}{16}{nSsGvAerS1Or5TJMgGTZUw}{local}{local[test_16]}]
[2016-09-15T15:11:06,342][DEBUG][org.elasticsearch.discovery.zen] future [join of {master_1}{1}{0UEBNMD_TbaQJ1Y3Da2nZQ}{local}{local[test_1]} (id [13]] completed
[2016-09-15T15:11:06,344][DEBUG][org.elasticsearch.discovery.zen] future [join of {master_1}{1}{0UEBNMD_TbaQJ1Y3Da2nZQ}{local}{local[test_1]} (id [22]] completed
[2016-09-15T15:11:06,344][DEBUG][org.elasticsearch.discovery.zen] future [join of {data_4}{4}{lWGSscYfSzqY9ypxe5Efiw}{local}{local[test_4]} (id [8]] completed
[2016-09-15T15:11:06,344][DEBUG][org.elasticsearch.discovery.zen] future [join of {data_4}{4}{lWGSscYfSzqY9ypxe5Efiw}{local}{local[test_4]} (id [14]] completed
[2016-09-15T15:11:06,344][DEBUG][org.elasticsearch.discovery.zen] future [join of {master_8}{8}{0RmvgHboRR-QBeYuuXbtag}{local}{local[test_8]} (id [40]] completed
[2016-09-15T15:11:06,344][DEBUG][org.elasticsearch.discovery.zen] future [join of {master_8}{8}{0RmvgHboRR-QBeYuuXbtag}{local}{local[test_8]} (id [43]] completed
[2016-09-15T15:11:06,344][DEBUG][org.elasticsearch.discovery.zen] future [join of {master_8}{8}{0RmvgHboRR-QBeYuuXbtag}{local}{local[test_8]} (id [49]] completed
[2016-09-15T15:11:06,344][DEBUG][org.elasticsearch.discovery.zen] future [join of {data_15}{15}{6IhdD31HT9Coxg3VA9Krqg}{local}{local[test_15]} (id [34]] completed
[2016-09-15T15:11:06,344][DEBUG][org.elasticsearch.discovery.zen] future [join of {data_15}{15}{6IhdD31HT9Coxg3VA9Krqg}{local}{local[test_15]} (id [35]] completed
[2016-09-15T15:11:06,345][DEBUG][org.elasticsearch.discovery.zen] future [join of {master_9}{9}{gUkkVlgkQkaM5TVHbn5QHQ}{local}{local[test_9]} (id [29]] completed
[2016-09-15T15:11:06,345][DEBUG][org.elasticsearch.discovery.zen] future [join of {master_9}{9}{gUkkVlgkQkaM5TVHbn5QHQ}{local}{local[test_9]} (id [48]] completed
[2016-09-15T15:11:06,345][DEBUG][org.elasticsearch.discovery.zen] future [join of {master_9}{9}{gUkkVlgkQkaM5TVHbn5QHQ}{local}{local[test_9]} (id [53]] completed
[2016-09-15T15:11:06,345][DEBUG][org.elasticsearch.discovery.zen] future [join of {master_9}{9}{gUkkVlgkQkaM5TVHbn5QHQ}{local}{local[test_9]} (id [54]] completed
[2016-09-15T15:11:06,345][DEBUG][org.elasticsearch.discovery.zen] future [join of {data_5}{5}{QwnN6gz0SbuzddncQ_Ku5Q}{local}{local[test_5]} (id [9]] completed
[2016-09-15T15:11:06,345][DEBUG][org.elasticsearch.discovery.zen] future [join of {data_5}{5}{QwnN6gz0SbuzddncQ_Ku5Q}{local}{local[test_5]} (id [12]] completed
[2016-09-15T15:11:06,345][DEBUG][org.elasticsearch.discovery.zen] future [join of {data_5}{5}{QwnN6gz0SbuzddncQ_Ku5Q}{local}{local[test_5]} (id [19]] completed
[2016-09-15T15:11:06,345][DEBUG][org.elasticsearch.discovery.zen] future [join of {data_5}{5}{QwnN6gz0SbuzddncQ_Ku5Q}{local}{local[test_5]} (id [24]] completed
[2016-09-15T15:11:06,345][DEBUG][org.elasticsearch.discovery.zen] future [join of {master_7}{7}{Qk3_pBchQ8-BFH5lyUyttQ}{local}{local[test_7]} (id [46]] completed
[2016-09-15T15:11:06,345][DEBUG][org.elasticsearch.discovery.zen] future [join of {data_17}{17}{hpjoxjhoRaa-fMVvNabCnw}{local}{local[test_17]} (id [25]] completed
[2016-09-15T15:11:06,345][DEBUG][org.elasticsearch.discovery.zen] future [join of {data_17}{17}{hpjoxjhoRaa-fMVvNabCnw}{local}{local[test_17]} (id [27]] completed
[2016-09-15T15:11:06,345][DEBUG][org.elasticsearch.discovery.zen] future [join of {data_17}{17}{hpjoxjhoRaa-fMVvNabCnw}{local}{local[test_17]} (id [31]] completed
[2016-09-15T15:11:06,345][DEBUG][org.elasticsearch.discovery.zen] future [join of {data_17}{17}{hpjoxjhoRaa-fMVvNabCnw}{local}{local[test_17]} (id [36]] completed
[2016-09-15T15:11:06,345][DEBUG][org.elasticsearch.discovery.zen] future [join of {data_6}{6}{uB4LMTuURO27F_JO6lwOAQ}{local}{local[test_6]} (id [7]] completed
[2016-09-15T15:11:06,345][DEBUG][org.elasticsearch.discovery.zen] future [join of {data_6}{6}{uB4LMTuURO27F_JO6lwOAQ}{local}{local[test_6]} (id [11]] completed
[2016-09-15T15:11:06,346][DEBUG][org.elasticsearch.discovery.zen] future [join of {data_6}{6}{uB4LMTuURO27F_JO6lwOAQ}{local}{local[test_6]} (id [16]] completed
[2016-09-15T15:11:06,346][DEBUG][org.elasticsearch.discovery.zen] future [join of {data_6}{6}{uB4LMTuURO27F_JO6lwOAQ}{local}{local[test_6]} (id [18]] completed
[2016-09-15T15:11:06,347][DEBUG][org.elasticsearch.discovery.zen] future [join of {data_19}{19}{H1zenreSQcWrSrkCe_Ji3g}{local}{local[test_19]} (id [30]] completed
[2016-09-15T15:11:06,347][DEBUG][org.elasticsearch.discovery.zen] future [join of {data_18}{18}{wSR3nRY9RLi_24x3ht3FYQ}{local}{local[test_18]} (id [37]] completed
[2016-09-15T15:11:06,347][DEBUG][org.elasticsearch.discovery.zen] future [join of {data_18}{18}{wSR3nRY9RLi_24x3ht3FYQ}{local}{local[test_18]} (id [39]] completed
[2016-09-15T15:11:06,347][DEBUG][org.elasticsearch.discovery.zen] future [join of {data_18}{18}{wSR3nRY9RLi_24x3ht3FYQ}{local}{local[test_18]} (id [44]] completed
[2016-09-15T15:11:06,347][DEBUG][org.elasticsearch.discovery.zen] future [join of {data_18}{18}{wSR3nRY9RLi_24x3ht3FYQ}{local}{local[test_18]} (id [50]] completed
[2016-09-15T15:11:06,347][DEBUG][org.elasticsearch.discovery.zen] future [join of {master_12}{12}{goCK78pTSwCMtzeUgCDdYQ}{local}{local[test_12]} (id [26]] completed
[2016-09-15T15:11:06,347][DEBUG][org.elasticsearch.discovery.zen] future [join of {data_2}{2}{JytCW-WuSH6xTlH1t4Shwg}{local}{local[test_2]} (id [5]] completed
[2016-09-15T15:11:06,347][DEBUG][org.elasticsearch.discovery.zen] future [join of {data_2}{2}{JytCW-WuSH6xTlH1t4Shwg}{local}{local[test_2]} (id [6]] completed
[2016-09-15T15:11:06,347][DEBUG][org.elasticsearch.discovery.zen] future [join of {data_2}{2}{JytCW-WuSH6xTlH1t4Shwg}{local}{local[test_2]} (id [15]] completed
[2016-09-15T15:11:06,347][DEBUG][org.elasticsearch.discovery.zen] future [join of {data_2}{2}{JytCW-WuSH6xTlH1t4Shwg}{local}{local[test_2]} (id [20]] completed
[2016-09-15T15:11:06,347][DEBUG][org.elasticsearch.discovery.zen] future [join of {master_11}{11}{tUxheCluRkuVGk06MD_mcQ}{local}{local[test_11]} (id [28]] completed
[2016-09-15T15:11:06,347][DEBUG][org.elasticsearch.discovery.zen] future [join of {master_11}{11}{tUxheCluRkuVGk06MD_mcQ}{local}{local[test_11]} (id [56]] completed
[2016-09-15T15:11:06,347][DEBUG][org.elasticsearch.discovery.zen] future [join of {master_14}{14}{v2apTFZAQ7amMhkR3WLRsg}{local}{local[test_14]} (id [47]] completed
[2016-09-15T15:11:06,347][DEBUG][org.elasticsearch.discovery.zen] future [join of {master_13}{13}{S7uu4aXQQVmTnKTi3icnWQ}{local}{local[test_13]} (id [32]] completed
[2016-09-15T15:11:06,347][DEBUG][org.elasticsearch.discovery.zen] future [join of {master_13}{13}{S7uu4aXQQVmTnKTi3icnWQ}{local}{local[test_13]} (id [45]] completed
[2016-09-15T15:11:06,347][DEBUG][org.elasticsearch.discovery.zen] future [join of {master_13}{13}{S7uu4aXQQVmTnKTi3icnWQ}{local}{local[test_13]} (id [52]] completed
[2016-09-15T15:11:06,347][DEBUG][org.elasticsearch.discovery.zen] future [join of {data_3}{3}{Cp09eqy0RAGf04FYZndUzQ}{local}{local[test_3]} (id [10]] completed
[2016-09-15T15:11:06,347][DEBUG][org.elasticsearch.discovery.zen] future [join of {data_3}{3}{Cp09eqy0RAGf04FYZndUzQ}{local}{local[test_3]} (id [17]] completed
[2016-09-15T15:11:06,347][DEBUG][org.elasticsearch.discovery.zen] future [join of {data_3}{3}{Cp09eqy0RAGf04FYZndUzQ}{local}{local[test_3]} (id [21]] completed
[2016-09-15T15:11:06,347][DEBUG][org.elasticsearch.discovery.zen] future [join of {data_3}{3}{Cp09eqy0RAGf04FYZndUzQ}{local}{local[test_3]} (id [23]] completed
[2016-09-15T15:11:06,347][DEBUG][org.elasticsearch.discovery.zen] future [join of {master_10}{10}{JcyYyHwUQ3aayVDyP7j_Mw}{local}{local[test_10]} (id [41]] completed
[2016-09-15T15:11:06,347][DEBUG][org.elasticsearch.discovery.zen] future [join of {master_10}{10}{JcyYyHwUQ3aayVDyP7j_Mw}{local}{local[test_10]} (id [42]] completed
[2016-09-15T15:11:06,348][DEBUG][org.elasticsearch.discovery.zen] future [join of {master_10}{10}{JcyYyHwUQ3aayVDyP7j_Mw}{local}{local[test_10]} (id [51]] completed
[2016-09-15T15:11:06,348][DEBUG][org.elasticsearch.discovery.zen] future [join of {master_10}{10}{JcyYyHwUQ3aayVDyP7j_Mw}{local}{local[test_10]} (id [55]] completed
[2016-09-15T15:11:06,348][DEBUG][org.elasticsearch.discovery.zen] future [join of {data_16}{16}{nSsGvAerS1Or5TJMgGTZUw}{local}{local[test_16]} (id [33]] completed
[2016-09-15T15:11:06,348][DEBUG][org.elasticsearch.discovery.zen] future [join of {data_16}{16}{nSsGvAerS1Or5TJMgGTZUw}{local}{local[test_16]} (id [38]] completed
[2016-09-15T15:11:06,348][WARN ][org.elasticsearch.discovery.zen.elect] value for setting "discovery.zen.minimum_master_nodes" is too low. This can result in data loss! Please set it to at least a quorum of master-eligible nodes (current value: [-1], total number of master-eligible nodes used for publishing in this round: [10])
[2016-09-15T15:11:06,348][DEBUG][org.elasticsearch.discovery.zen] --> waiting on all joins to be processed
[2016-09-15T15:11:06,348][DEBUG][org.elasticsearch.discovery.zen] waiting on future [join of {data_2}{2}{JytCW-WuSH6xTlH1t4Shwg}{local}{local[test_2]} (id [5]]
[2016-09-15T15:11:06,348][DEBUG][org.elasticsearch.discovery.zen] waiting on future [join of {data_2}{2}{JytCW-WuSH6xTlH1t4Shwg}{local}{local[test_2]} (id [6]]
[2016-09-15T15:11:06,348][DEBUG][org.elasticsearch.discovery.zen] waiting on future [join of {data_6}{6}{uB4LMTuURO27F_JO6lwOAQ}{local}{local[test_6]} (id [7]]
[2016-09-15T15:11:06,348][DEBUG][org.elasticsearch.discovery.zen] waiting on future [join of {data_4}{4}{lWGSscYfSzqY9ypxe5Efiw}{local}{local[test_4]} (id [8]]
[2016-09-15T15:11:06,348][DEBUG][org.elasticsearch.discovery.zen] waiting on future [join of {data_5}{5}{QwnN6gz0SbuzddncQ_Ku5Q}{local}{local[test_5]} (id [9]]
[2016-09-15T15:11:06,348][DEBUG][org.elasticsearch.discovery.zen] waiting on future [join of {data_3}{3}{Cp09eqy0RAGf04FYZndUzQ}{local}{local[test_3]} (id [10]]
[2016-09-15T15:11:06,348][DEBUG][org.elasticsearch.discovery.zen] waiting on future [join of {data_6}{6}{uB4LMTuURO27F_JO6lwOAQ}{local}{local[test_6]} (id [11]]
[2016-09-15T15:11:06,348][DEBUG][org.elasticsearch.discovery.zen] waiting on future [join of {data_5}{5}{QwnN6gz0SbuzddncQ_Ku5Q}{local}{local[test_5]} (id [12]]
[2016-09-15T15:11:06,349][DEBUG][org.elasticsearch.discovery.zen] waiting on future [join of {master_1}{1}{0UEBNMD_TbaQJ1Y3Da2nZQ}{local}{local[test_1]} (id [13]]
[2016-09-15T15:11:06,349][DEBUG][org.elasticsearch.discovery.zen] waiting on future [join of {data_4}{4}{lWGSscYfSzqY9ypxe5Efiw}{local}{local[test_4]} (id [14]]
[2016-09-15T15:11:06,349][DEBUG][org.elasticsearch.discovery.zen] waiting on future [join of {data_2}{2}{JytCW-WuSH6xTlH1t4Shwg}{local}{local[test_2]} (id [15]]
[2016-09-15T15:11:06,349][DEBUG][org.elasticsearch.discovery.zen] waiting on future [join of {data_6}{6}{uB4LMTuURO27F_JO6lwOAQ}{local}{local[test_6]} (id [16]]
[2016-09-15T15:11:06,349][DEBUG][org.elasticsearch.discovery.zen] waiting on future [join of {data_3}{3}{Cp09eqy0RAGf04FYZndUzQ}{local}{local[test_3]} (id [17]]
[2016-09-15T15:11:06,349][DEBUG][org.elasticsearch.discovery.zen] waiting on future [join of {data_6}{6}{uB4LMTuURO27F_JO6lwOAQ}{local}{local[test_6]} (id [18]]
[2016-09-15T15:11:06,349][DEBUG][org.elasticsearch.discovery.zen] waiting on future [join of {data_5}{5}{QwnN6gz0SbuzddncQ_Ku5Q}{local}{local[test_5]} (id [19]]
[2016-09-15T15:11:06,349][DEBUG][org.elasticsearch.discovery.zen] waiting on future [join of {data_2}{2}{JytCW-WuSH6xTlH1t4Shwg}{local}{local[test_2]} (id [20]]
[2016-09-15T15:11:06,349][DEBUG][org.elasticsearch.discovery.zen] waiting on future [join of {data_3}{3}{Cp09eqy0RAGf04FYZndUzQ}{local}{local[test_3]} (id [21]]
[2016-09-15T15:11:06,350][DEBUG][org.elasticsearch.discovery.zen] waiting on future [join of {master_1}{1}{0UEBNMD_TbaQJ1Y3Da2nZQ}{local}{local[test_1]} (id [22]]
[2016-09-15T15:11:06,350][DEBUG][org.elasticsearch.discovery.zen] waiting on future [join of {data_3}{3}{Cp09eqy0RAGf04FYZndUzQ}{local}{local[test_3]} (id [23]]
[2016-09-15T15:11:06,350][DEBUG][org.elasticsearch.discovery.zen] waiting on future [join of {data_5}{5}{QwnN6gz0SbuzddncQ_Ku5Q}{local}{local[test_5]} (id [24]]
[2016-09-15T15:11:06,350][DEBUG][org.elasticsearch.discovery.zen] waiting on future [join of {data_17}{17}{hpjoxjhoRaa-fMVvNabCnw}{local}{local[test_17]} (id [25]]
[2016-09-15T15:11:06,350][DEBUG][org.elasticsearch.discovery.zen] waiting on future [join of {master_12}{12}{goCK78pTSwCMtzeUgCDdYQ}{local}{local[test_12]} (id [26]]
[2016-09-15T15:11:06,350][DEBUG][org.elasticsearch.discovery.zen] waiting on future [join of {data_17}{17}{hpjoxjhoRaa-fMVvNabCnw}{local}{local[test_17]} (id [27]]
[2016-09-15T15:11:06,350][DEBUG][org.elasticsearch.discovery.zen] waiting on future [join of {master_11}{11}{tUxheCluRkuVGk06MD_mcQ}{local}{local[test_11]} (id [28]]
[2016-09-15T15:11:06,350][DEBUG][org.elasticsearch.discovery.zen] waiting on future [join of {master_9}{9}{gUkkVlgkQkaM5TVHbn5QHQ}{local}{local[test_9]} (id [29]]
[2016-09-15T15:11:06,350][DEBUG][org.elasticsearch.discovery.zen] waiting on future [join of {data_19}{19}{H1zenreSQcWrSrkCe_Ji3g}{local}{local[test_19]} (id [30]]
[2016-09-15T15:11:06,350][DEBUG][org.elasticsearch.discovery.zen] waiting on future [join of {data_17}{17}{hpjoxjhoRaa-fMVvNabCnw}{local}{local[test_17]} (id [31]]
[2016-09-15T15:11:06,351][DEBUG][org.elasticsearch.discovery.zen] waiting on future [join of {master_13}{13}{S7uu4aXQQVmTnKTi3icnWQ}{local}{local[test_13]} (id [32]]
[2016-09-15T15:11:06,351][DEBUG][org.elasticsearch.discovery.zen] waiting on future [join of {data_16}{16}{nSsGvAerS1Or5TJMgGTZUw}{local}{local[test_16]} (id [33]]
[2016-09-15T15:11:06,351][DEBUG][org.elasticsearch.discovery.zen] waiting on future [join of {data_15}{15}{6IhdD31HT9Coxg3VA9Krqg}{local}{local[test_15]} (id [34]]
[2016-09-15T15:11:06,351][DEBUG][org.elasticsearch.discovery.zen] waiting on future [join of {data_15}{15}{6IhdD31HT9Coxg3VA9Krqg}{local}{local[test_15]} (id [35]]
[2016-09-15T15:11:06,351][DEBUG][org.elasticsearch.discovery.zen] waiting on future [join of {data_17}{17}{hpjoxjhoRaa-fMVvNabCnw}{local}{local[test_17]} (id [36]]
[2016-09-15T15:11:06,351][DEBUG][org.elasticsearch.discovery.zen] waiting on future [join of {data_18}{18}{wSR3nRY9RLi_24x3ht3FYQ}{local}{local[test_18]} (id [37]]
[2016-09-15T15:11:06,351][DEBUG][org.elasticsearch.discovery.zen] waiting on future [join of {data_16}{16}{nSsGvAerS1Or5TJMgGTZUw}{local}{local[test_16]} (id [38]]
[2016-09-15T15:11:06,351][DEBUG][org.elasticsearch.discovery.zen] waiting on future [join of {data_18}{18}{wSR3nRY9RLi_24x3ht3FYQ}{local}{local[test_18]} (id [39]]
[2016-09-15T15:11:06,351][DEBUG][org.elasticsearch.discovery.zen] waiting on future [join of {master_8}{8}{0RmvgHboRR-QBeYuuXbtag}{local}{local[test_8]} (id [40]]
[2016-09-15T15:11:06,351][DEBUG][org.elasticsearch.discovery.zen] waiting on future [join of {master_10}{10}{JcyYyHwUQ3aayVDyP7j_Mw}{local}{local[test_10]} (id [41]]
[2016-09-15T15:11:06,351][DEBUG][org.elasticsearch.discovery.zen] waiting on future [join of {master_10}{10}{JcyYyHwUQ3aayVDyP7j_Mw}{local}{local[test_10]} (id [42]]
[2016-09-15T15:11:06,351][DEBUG][org.elasticsearch.discovery.zen] waiting on future [join of {master_8}{8}{0RmvgHboRR-QBeYuuXbtag}{local}{local[test_8]} (id [43]]
[2016-09-15T15:11:06,351][DEBUG][org.elasticsearch.discovery.zen] waiting on future [join of {data_18}{18}{wSR3nRY9RLi_24x3ht3FYQ}{local}{local[test_18]} (id [44]]
[2016-09-15T15:11:06,351][DEBUG][org.elasticsearch.discovery.zen] waiting on future [join of {master_13}{13}{S7uu4aXQQVmTnKTi3icnWQ}{local}{local[test_13]} (id [45]]
[2016-09-15T15:11:06,351][DEBUG][org.elasticsearch.discovery.zen] waiting on future [join of {master_7}{7}{Qk3_pBchQ8-BFH5lyUyttQ}{local}{local[test_7]} (id [46]]
[2016-09-15T15:11:06,351][DEBUG][org.elasticsearch.discovery.zen] waiting on future [join of {master_14}{14}{v2apTFZAQ7amMhkR3WLRsg}{local}{local[test_14]} (id [47]]
[2016-09-15T15:11:06,351][DEBUG][org.elasticsearch.discovery.zen] waiting on future [join of {master_9}{9}{gUkkVlgkQkaM5TVHbn5QHQ}{local}{local[test_9]} (id [48]]
[2016-09-15T15:11:06,351][DEBUG][org.elasticsearch.discovery.zen] waiting on future [join of {master_8}{8}{0RmvgHboRR-QBeYuuXbtag}{local}{local[test_8]} (id [49]]
[2016-09-15T15:11:06,351][DEBUG][org.elasticsearch.discovery.zen] waiting on future [join of {data_18}{18}{wSR3nRY9RLi_24x3ht3FYQ}{local}{local[test_18]} (id [50]]
[2016-09-15T15:11:06,351][DEBUG][org.elasticsearch.discovery.zen] waiting on future [join of {master_10}{10}{JcyYyHwUQ3aayVDyP7j_Mw}{local}{local[test_10]} (id [51]]
[2016-09-15T15:11:06,351][DEBUG][org.elasticsearch.discovery.zen] waiting on future [join of {master_13}{13}{S7uu4aXQQVmTnKTi3icnWQ}{local}{local[test_13]} (id [52]]
[2016-09-15T15:11:06,352][DEBUG][org.elasticsearch.discovery.zen] waiting on future [join of {master_9}{9}{gUkkVlgkQkaM5TVHbn5QHQ}{local}{local[test_9]} (id [53]]
[2016-09-15T15:11:06,352][DEBUG][org.elasticsearch.discovery.zen] waiting on future [join of {master_9}{9}{gUkkVlgkQkaM5TVHbn5QHQ}{local}{local[test_9]} (id [54]]
[2016-09-15T15:11:06,352][DEBUG][org.elasticsearch.discovery.zen] waiting on future [join of {master_10}{10}{JcyYyHwUQ3aayVDyP7j_Mw}{local}{local[test_10]} (id [55]]
[2016-09-15T15:11:06,352][DEBUG][org.elasticsearch.discovery.zen] waiting on future [join of {master_11}{11}{tUxheCluRkuVGk06MD_mcQ}{local}{local[test_11]} (id [56]]
[2016-09-15T15:11:06,352][DEBUG][org.elasticsearch.discovery.zen] --> testing accumulation stopped
[2016-09-15T15:11:06,352][TRACE][org.elasticsearch.discovery.zen] starting an election context, will accumulate joins
[2016-09-15T15:11:06,352][TRACE][org.elasticsearch.discovery.zen] stopping election ([test])
[2016-09-15T15:11:06,360][INFO ][org.elasticsearch.cluster.service] [node_s_0] new_master {node}{zXYuONb_Q0y8mpIliMnTVQ}{local}{local[352]}, reason: test setting state
[2016-09-15T15:11:06,367][DEBUG][org.elasticsearch.discovery.zen.elect] using minimum_master_nodes [-1]
[2016-09-15T15:11:06,369][TRACE][org.elasticsearch.discovery.zen] starting an election context, will accumulate joins
[2016-09-15T15:11:06,371][INFO ][org.elasticsearch.discovery.zen] --> waiting to be elected as master (required joins [3])
[2016-09-15T15:11:06,371][DEBUG][org.elasticsearch.discovery.zen] {master_0}{0}{EAJYcFETQRmuSg1wDZl0uA}{local}{local[test_0]} joining
[2016-09-15T15:11:06,371][DEBUG][org.elasticsearch.discovery.zen] {master_6}{6}{esLAkzppRnGq7GjfypBhqA}{local}{local[test_6]} joining
[2016-09-15T15:11:06,371][DEBUG][org.elasticsearch.discovery.zen] starting future [join of {master_0}{0}{EAJYcFETQRmuSg1wDZl0uA}{local}{local[test_0]} (id [57]]
[2016-09-15T15:11:06,371][DEBUG][org.elasticsearch.discovery.zen] starting future [join of {master_6}{6}{esLAkzppRnGq7GjfypBhqA}{local}{local[test_6]} (id [58]]
[2016-09-15T15:11:06,372][DEBUG][org.elasticsearch.discovery.zen] {master_1}{1}{4xEEhbA3RVWnNnKsmqy3YA}{local}{local[test_1]} joining
[2016-09-15T15:11:06,372][TRACE][org.elasticsearch.discovery.zen] not enough joins for election. Got [1], required [-1]
[2016-09-15T15:11:06,372][DEBUG][org.elasticsearch.discovery.zen] starting future [join of {master_1}{1}{4xEEhbA3RVWnNnKsmqy3YA}{local}{local[test_1]} (id [59]]
[2016-09-15T15:11:06,372][TRACE][org.elasticsearch.discovery.zen] not enough joins for election. Got [2], required [-1]
[2016-09-15T15:11:06,372][DEBUG][org.elasticsearch.discovery.zen] {master_2}{2}{PxQTZF0nQ7KUBigesp7Dgw}{local}{local[test_2]} joining
[2016-09-15T15:11:06,372][DEBUG][org.elasticsearch.discovery.zen] {master_3}{3}{YUEFxeXmTaCzZhNtOTXsvg}{local}{local[test_3]} joining
[2016-09-15T15:11:06,372][DEBUG][org.elasticsearch.discovery.zen] starting future [join of {master_2}{2}{PxQTZF0nQ7KUBigesp7Dgw}{local}{local[test_2]} (id [60]]
[2016-09-15T15:11:06,372][DEBUG][org.elasticsearch.discovery.zen] starting future [join of {master_3}{3}{YUEFxeXmTaCzZhNtOTXsvg}{local}{local[test_3]} (id [61]]
[2016-09-15T15:11:06,372][TRACE][org.elasticsearch.discovery.zen] not enough joins for election. Got [3], required [-1]
[2016-09-15T15:11:06,372][DEBUG][org.elasticsearch.discovery.zen] {master_4}{4}{niF1BGwiRv6W5CvN4J0MoQ}{local}{local[test_4]} joining
[2016-09-15T15:11:06,372][TRACE][org.elasticsearch.discovery.zen] not enough joins for election. Got [4], required [-1]
[2016-09-15T15:11:06,372][DEBUG][org.elasticsearch.discovery.zen] starting future [join of {master_4}{4}{niF1BGwiRv6W5CvN4J0MoQ}{local}{local[test_4]} (id [62]]
[2016-09-15T15:11:06,372][DEBUG][org.elasticsearch.discovery.zen] {master_5}{5}{BLfKCN9-RJi81IOwLp8_Kg}{local}{local[test_5]} joining
[2016-09-15T15:11:06,372][TRACE][org.elasticsearch.discovery.zen] not enough joins for election. Got [5], required [-1]
[2016-09-15T15:11:06,372][DEBUG][org.elasticsearch.discovery.zen] starting future [join of {master_5}{5}{BLfKCN9-RJi81IOwLp8_Kg}{local}{local[test_5]} (id [63]]
[2016-09-15T15:11:06,373][TRACE][org.elasticsearch.discovery.zen] have enough joins for election. Got [5], required [3]
[2016-09-15T15:11:06,373][INFO ][org.elasticsearch.cluster.service] [node_s_0] new_master {node}{zXYuONb_Q0y8mpIliMnTVQ}{local}{local[352]}, added {{master_0}{0}{EAJYcFETQRmuSg1wDZl0uA}{local}{local[test_0]},{master_3}{3}{YUEFxeXmTaCzZhNtOTXsvg}{local}{local[test_3]},{master_2}{2}{PxQTZF0nQ7KUBigesp7Dgw}{local}{local[test_2]},{master_6}{6}{esLAkzppRnGq7GjfypBhqA}{local}{local[test_6]},{master_1}{1}{4xEEhbA3RVWnNnKsmqy3YA}{local}{local[test_1]},}, reason: zen-disco-elected-as-master ([5] nodes joined)[{master_0}{0}{EAJYcFETQRmuSg1wDZl0uA}{local}{local[test_0]}, {master_6}{6}{esLAkzppRnGq7GjfypBhqA}{local}{local[test_6]}, {master_2}{2}{PxQTZF0nQ7KUBigesp7Dgw}{local}{local[test_2]}, {master_3}{3}{YUEFxeXmTaCzZhNtOTXsvg}{local}{local[test_3]}, {master_1}{1}{4xEEhbA3RVWnNnKsmqy3YA}{local}{local[test_1]}]
[2016-09-15T15:11:06,373][DEBUG][org.elasticsearch.discovery.zen] future [join of {master_0}{0}{EAJYcFETQRmuSg1wDZl0uA}{local}{local[test_0]} (id [57]] completed
[2016-09-15T15:11:06,373][DEBUG][org.elasticsearch.discovery.zen] future [join of {master_6}{6}{esLAkzppRnGq7GjfypBhqA}{local}{local[test_6]} (id [58]] completed
[2016-09-15T15:11:06,374][DEBUG][org.elasticsearch.discovery.zen] future [join of {master_2}{2}{PxQTZF0nQ7KUBigesp7Dgw}{local}{local[test_2]} (id [60]] completed
[2016-09-15T15:11:06,374][DEBUG][org.elasticsearch.discovery.zen] future [join of {master_3}{3}{YUEFxeXmTaCzZhNtOTXsvg}{local}{local[test_3]} (id [61]] completed
[2016-09-15T15:11:06,374][DEBUG][org.elasticsearch.discovery.zen] future [join of {master_1}{1}{4xEEhbA3RVWnNnKsmqy3YA}{local}{local[test_1]} (id [59]] completed
[2016-09-15T15:11:06,374][WARN ][org.elasticsearch.discovery.zen.elect] value for setting "discovery.zen.minimum_master_nodes" is too low. This can result in data loss! Please set it to at least a quorum of master-eligible nodes (current value: [-1], total number of master-eligible nodes used for publishing in this round: [6])
[2016-09-15T15:11:06,374][INFO ][org.elasticsearch.discovery.zen] --> waiting for joins to complete
[2016-09-15T15:11:06,374][INFO ][org.elasticsearch.cluster.service] [node_s_0] added {{master_5}{5}{BLfKCN9-RJi81IOwLp8_Kg}{local}{local[test_5]},{master_4}{4}{niF1BGwiRv6W5CvN4J0MoQ}{local}{local[test_4]},}, reason: zen-disco-node-join[{master_5}{5}{BLfKCN9-RJi81IOwLp8_Kg}{local}{local[test_5]}, {master_4}{4}{niF1BGwiRv6W5CvN4J0MoQ}{local}{local[test_4]}]
[2016-09-15T15:11:06,374][DEBUG][org.elasticsearch.discovery.zen] future [join of {master_5}{5}{BLfKCN9-RJi81IOwLp8_Kg}{local}{local[test_5]} (id [63]] completed
[2016-09-15T15:11:06,374][DEBUG][org.elasticsearch.discovery.zen] future [join of {master_4}{4}{niF1BGwiRv6W5CvN4J0MoQ}{local}{local[test_4]} (id [62]] completed
[2016-09-15T15:11:06,375][INFO ][org.elasticsearch.discovery.zen] assert for [[{node}{zXYuONb_Q0y8mpIliMnTVQ}{local}{local[352]}, {master_0}{0}{EAJYcFETQRmuSg1wDZl0uA}{local}{local[test_0]}, {master_1}{1}{4xEEhbA3RVWnNnKsmqy3YA}{local}{local[test_1]}, {master_2}{2}{PxQTZF0nQ7KUBigesp7Dgw}{local}{local[test_2]}, {master_3}{3}{YUEFxeXmTaCzZhNtOTXsvg}{local}{local[test_3]}, {master_4}{4}{niF1BGwiRv6W5CvN4J0MoQ}{local}{local[test_4]}, {master_5}{5}{BLfKCN9-RJi81IOwLp8_Kg}{local}{local[test_5]}, {master_6}{6}{esLAkzppRnGq7GjfypBhqA}{local}{local[test_6]}]] in:
cluster uuid: _na_
version: 7
state uuid: df9zDYAFTdKIJ79VUoiwxA
from_diff: false
meta data version: 0
nodes: 
   {master_2}{2}{PxQTZF0nQ7KUBigesp7Dgw}{local}{local[test_2]}
   {master_0}{0}{EAJYcFETQRmuSg1wDZl0uA}{local}{local[test_0]}
   {master_5}{5}{BLfKCN9-RJi81IOwLp8_Kg}{local}{local[test_5]}
   {master_4}{4}{niF1BGwiRv6W5CvN4J0MoQ}{local}{local[test_4]}
   {node}{zXYuONb_Q0y8mpIliMnTVQ}{local}{local[352]}, local, master
   {master_1}{1}{4xEEhbA3RVWnNnKsmqy3YA}{local}{local[test_1]}
   {master_3}{3}{YUEFxeXmTaCzZhNtOTXsvg}{local}{local[test_3]}
   {master_6}{6}{esLAkzppRnGq7GjfypBhqA}{local}{local[test_6]}
routing_table (version 0):
routing_nodes:
-----node_id[node][V]
---- unassigned

[2016-09-15T15:11:06,384][INFO ][org.elasticsearch.cluster.service] [node_s_0] new_master {node}{i97CEWWRQ1ShWCcb8ddnUw}{local}{local[353]}, reason: test setting state
[2016-09-15T15:11:06,390][DEBUG][org.elasticsearch.discovery.zen.elect] using minimum_master_nodes [-1]
[2016-09-15T15:11:06,393][DEBUG][org.elasticsearch.discovery.zen] --> using requiredJoins [0]
[2016-09-15T15:11:06,393][DEBUG][org.elasticsearch.discovery.zen] starting future [join of {data_0}{0}{HZej9CpMR0SWjFCEi0zWrg}{local}{local[test_0]} (id [64]]
[2016-09-15T15:11:06,393][TRACE][org.elasticsearch.discovery.zen] processing node joins, but we are not the master. current master: null
[2016-09-15T15:11:06,393][ERROR][org.elasticsearch.discovery.zen] unexpected error for future [join of {data_0}{0}{HZej9CpMR0SWjFCEi0zWrg}{local}{local[test_0]} (id [64]]
org.elasticsearch.cluster.NotMasterException: Node [{node}{i97CEWWRQ1ShWCcb8ddnUw}{local}{local[353]}] not master for join request
[2016-09-15T15:11:06,393][TRACE][org.elasticsearch.discovery.zen] starting an election context, will accumulate joins
[2016-09-15T15:11:06,394][DEBUG][org.elasticsearch.discovery.zen] --> requiredJoins is set to 0. verifying election finished
[2016-09-15T15:11:06,408][TRACE][org.elasticsearch.discovery.zen] have enough joins for election. Got [0], required [0]
[2016-09-15T15:11:06,409][INFO ][org.elasticsearch.cluster.service] [node_s_0] new_master {node}{i97CEWWRQ1ShWCcb8ddnUw}{local}{local[353]}, reason: zen-disco-elected-as-master ([0] nodes joined)
[2016-09-15T15:11:06,431][INFO ][org.elasticsearch.cluster.service] [node_s_0] new_master {node}{zYd8g6Y2S_a9oqd2i61wkw}{local}{local[354]}, reason: test setting state
[2016-09-15T15:11:06,437][DEBUG][org.elasticsearch.discovery.zen.elect] using minimum_master_nodes [-1]
[2016-09-15T15:11:06,440][INFO ][org.elasticsearch.discovery.zen] --> waiting for joins to complete
[2016-09-15T15:11:06,442][DEBUG][org.elasticsearch.discovery.zen] {data_0}{0}{JmiYgVuNQ12duaZWeKGLcA}{local}{local[test_0]} joining
[2016-09-15T15:11:06,442][DEBUG][org.elasticsearch.discovery.zen] {data_5}{5}{dNHl4irLTmWlJrXcaDioQQ}{local}{local[test_5]} joining
[2016-09-15T15:11:06,442][DEBUG][org.elasticsearch.discovery.zen] starting future [join of {data_0}{0}{JmiYgVuNQ12duaZWeKGLcA}{local}{local[test_0]} (id [65]]
[2016-09-15T15:11:06,442][DEBUG][org.elasticsearch.discovery.zen] starting future [join of {data_5}{5}{dNHl4irLTmWlJrXcaDioQQ}{local}{local[test_5]} (id [66]]
[2016-09-15T15:11:06,443][INFO ][org.elasticsearch.cluster.service] [node_s_0] added {{data_0}{0}{JmiYgVuNQ12duaZWeKGLcA}{local}{local[test_0]},}, reason: zen-disco-node-join[{data_0}{0}{JmiYgVuNQ12duaZWeKGLcA}{local}{local[test_0]}]
[2016-09-15T15:11:06,443][DEBUG][org.elasticsearch.discovery.zen] future [join of {data_0}{0}{JmiYgVuNQ12duaZWeKGLcA}{local}{local[test_0]} (id [65]] completed
[2016-09-15T15:11:06,443][DEBUG][org.elasticsearch.discovery.zen] {data_1}{1}{KezDWszpTCC85IBIY_NNQg}{local}{local[test_1]} joining
[2016-09-15T15:11:06,443][DEBUG][org.elasticsearch.discovery.zen] starting future [join of {data_1}{1}{KezDWszpTCC85IBIY_NNQg}{local}{local[test_1]} (id [67]]
[2016-09-15T15:11:06,444][INFO ][org.elasticsearch.cluster.service] [node_s_0] added {{data_1}{1}{KezDWszpTCC85IBIY_NNQg}{local}{local[test_1]},{data_5}{5}{dNHl4irLTmWlJrXcaDioQQ}{local}{local[test_5]},}, reason: zen-disco-node-join[{data_1}{1}{KezDWszpTCC85IBIY_NNQg}{local}{local[test_1]}, {data_5}{5}{dNHl4irLTmWlJrXcaDioQQ}{local}{local[test_5]}]
[2016-09-15T15:11:06,444][DEBUG][org.elasticsearch.discovery.zen] future [join of {data_1}{1}{KezDWszpTCC85IBIY_NNQg}{local}{local[test_1]} (id [67]] completed
[2016-09-15T15:11:06,444][DEBUG][org.elasticsearch.discovery.zen] future [join of {data_5}{5}{dNHl4irLTmWlJrXcaDioQQ}{local}{local[test_5]} (id [66]] completed
[2016-09-15T15:11:06,443][DEBUG][org.elasticsearch.discovery.zen] {master_2}{2}{8Y4AxnqvTmiHdaLSM3dw_g}{local}{local[test_2]} joining
[2016-09-15T15:11:06,445][DEBUG][org.elasticsearch.discovery.zen] starting future [join of {master_2}{2}{8Y4AxnqvTmiHdaLSM3dw_g}{local}{local[test_2]} (id [68]]
[2016-09-15T15:11:06,445][DEBUG][org.elasticsearch.discovery.zen] {master_3}{3}{EQBn_TbvSOCJedtoaoPU9w}{local}{local[test_3]} joining
[2016-09-15T15:11:06,445][DEBUG][org.elasticsearch.discovery.zen] starting future [join of {master_3}{3}{EQBn_TbvSOCJedtoaoPU9w}{local}{local[test_3]} (id [69]]
[2016-09-15T15:11:06,447][INFO ][org.elasticsearch.cluster.service] [node_s_0] added {{master_2}{2}{8Y4AxnqvTmiHdaLSM3dw_g}{local}{local[test_2]},{master_3}{3}{EQBn_TbvSOCJedtoaoPU9w}{local}{local[test_3]},}, reason: zen-disco-node-join[{master_2}{2}{8Y4AxnqvTmiHdaLSM3dw_g}{local}{local[test_2]}, {master_3}{3}{EQBn_TbvSOCJedtoaoPU9w}{local}{local[test_3]}]
[2016-09-15T15:11:06,447][DEBUG][org.elasticsearch.discovery.zen] {data_4}{4}{Ml2svWt-QkeF3L-vn7ARgw}{local}{local[test_4]} joining
[2016-09-15T15:11:06,447][DEBUG][org.elasticsearch.discovery.zen] starting future [join of {data_4}{4}{Ml2svWt-QkeF3L-vn7ARgw}{local}{local[test_4]} (id [70]]
[2016-09-15T15:11:06,447][DEBUG][org.elasticsearch.discovery.zen] future [join of {master_2}{2}{8Y4AxnqvTmiHdaLSM3dw_g}{local}{local[test_2]} (id [68]] completed
[2016-09-15T15:11:06,447][DEBUG][org.elasticsearch.discovery.zen] future [join of {master_3}{3}{EQBn_TbvSOCJedtoaoPU9w}{local}{local[test_3]} (id [69]] completed
[2016-09-15T15:11:06,447][WARN ][org.elasticsearch.discovery.zen.elect] value for setting "discovery.zen.minimum_master_nodes" is too low. This can result in data loss! Please set it to at least a quorum of master-eligible nodes (current value: [-1], total number of master-eligible nodes used for publishing in this round: [3])
[2016-09-15T15:11:06,447][INFO ][org.elasticsearch.cluster.service] [node_s_0] added {{data_4}{4}{Ml2svWt-QkeF3L-vn7ARgw}{local}{local[test_4]},}, reason: zen-disco-node-join[{data_4}{4}{Ml2svWt-QkeF3L-vn7ARgw}{local}{local[test_4]}]
[2016-09-15T15:11:06,447][DEBUG][org.elasticsearch.discovery.zen] future [join of {data_4}{4}{Ml2svWt-QkeF3L-vn7ARgw}{local}{local[test_4]} (id [70]] completed
[2016-09-15T15:11:06,448][INFO ][org.elasticsearch.discovery.zen] assert for [[{node}{zYd8g6Y2S_a9oqd2i61wkw}{local}{local[354]}, {data_0}{0}{JmiYgVuNQ12duaZWeKGLcA}{local}{local[test_0]}, {data_1}{1}{KezDWszpTCC85IBIY_NNQg}{local}{local[test_1]}, {master_2}{2}{8Y4AxnqvTmiHdaLSM3dw_g}{local}{local[test_2]}, {master_3}{3}{EQBn_TbvSOCJedtoaoPU9w}{local}{local[test_3]}, {data_4}{4}{Ml2svWt-QkeF3L-vn7ARgw}{local}{local[test_4]}, {data_5}{5}{dNHl4irLTmWlJrXcaDioQQ}{local}{local[test_5]}]] in:
cluster uuid: _na_
version: 8
state uuid: oqKft--6TyaRWTHmIywQkA
from_diff: false
meta data version: 0
nodes: 
   {data_1}{1}{KezDWszpTCC85IBIY_NNQg}{local}{local[test_1]}
   {data_0}{0}{JmiYgVuNQ12duaZWeKGLcA}{local}{local[test_0]}
   {node}{zYd8g6Y2S_a9oqd2i61wkw}{local}{local[354]}, local, master
   {master_3}{3}{EQBn_TbvSOCJedtoaoPU9w}{local}{local[test_3]}
   {data_4}{4}{Ml2svWt-QkeF3L-vn7ARgw}{local}{local[test_4]}
   {master_2}{2}{8Y4AxnqvTmiHdaLSM3dw_g}{local}{local[test_2]}
   {data_5}{5}{dNHl4irLTmWlJrXcaDioQQ}{local}{local[test_5]}
routing_table (version 0):
routing_nodes:
-----node_id[node][V]
---- unassigned

[2016-09-15T15:11:06,455][INFO ][org.elasticsearch.cluster.service] [node_s_0] new_master {node}{-7mWmtmtRl-FWdgRfXJx_A}{local}{local[355]}, reason: test setting state
[2016-09-15T15:11:06,463][DEBUG][org.elasticsearch.discovery.zen.elect] using minimum_master_nodes [-1]
[2016-09-15T15:11:06,465][INFO ][org.elasticsearch.cluster.service] [node_s_0] added {{node_10}{1FZb35CtTiufrvCwJc-4Eg}{local}{local[356]},}, reason: test setting state
[2016-09-15T15:11:06,466][DEBUG][org.elasticsearch.discovery.zen] starting future [join of {other_node}{cdtk5jFOR9ioyorsU_c5pQ}{local}{local[356]} (id [71]]
[2016-09-15T15:11:06,466][ERROR][org.elasticsearch.discovery.zen] unexpected error for future [join of {other_node}{cdtk5jFOR9ioyorsU_c5pQ}{local}{local[356]} (id [71]]
java.lang.IllegalArgumentException: can't add node {other_node}{cdtk5jFOR9ioyorsU_c5pQ}{local}{local[356]}, found existing node {node_10}{1FZb35CtTiufrvCwJc-4Eg}{local}{local[356]} with same address
	at org.elasticsearch.cluster.node.DiscoveryNodes$Builder.add(DiscoveryNodes.java:600) ~[main/:?]
	at org.elasticsearch.discovery.zen.NodeJoinController$JoinTaskExecutor.execute(NodeJoinController.java:448) ~[main/:?]
	at org.elasticsearch.cluster.service.ClusterService.runTasksForExecutor(ClusterService.java:555) [main/:?]
	at org.elasticsearch.cluster.service.ClusterService$UpdateTask.run(ClusterService.java:894) [main/:?]
	at org.elasticsearch.common.util.concurrent.ThreadContext$ContextPreservingRunnable.run(ThreadContext.java:444) [main/:?]
	at org.elasticsearch.common.util.concurrent.PrioritizedEsThreadPoolExecutor$TieBreakingPrioritizedRunnable.runAndClean(PrioritizedEsThreadPoolExecutor.java:237) [main/:?]
	at org.elasticsearch.common.util.concurrent.PrioritizedEsThreadPoolExecutor$TieBreakingPrioritizedRunnable.run(PrioritizedEsThreadPoolExecutor.java:200) [main/:?]
	at java.util.concurrent.ThreadPoolExecutor.runWorker(ThreadPoolExecutor.java:1142) [?:1.8.0_65]
	at java.util.concurrent.ThreadPoolExecutor$Worker.run(ThreadPoolExecutor.java:617) [?:1.8.0_65]
	at java.lang.Thread.run(Thread.java:745) [?:1.8.0_65]
[2016-09-15T15:11:06,472][INFO ][org.elasticsearch.cluster.service] [node_s_0] new_master {node}{MVjrYk7TSX6hIJZn1Y4U_w}{local}{local[357]}, reason: test setting state
[2016-09-15T15:11:06,479][DEBUG][org.elasticsearch.discovery.zen.elect] using minimum_master_nodes [-1]
[2016-09-15T15:11:06,481][INFO ][org.elasticsearch.cluster.service] [node_s_0] added {{node_10}{HxWIXGA5TRiVV1uuM1cwrA}{local}{local[358]},}, reason: test setting state
[2016-09-15T15:11:06,481][DEBUG][org.elasticsearch.discovery.zen] starting future [join of {node_10}{HxWIXGA5TRiVV1uuM1cwrA}{local}{local[358]} (id [72]]
[2016-09-15T15:11:06,481][DEBUG][org.elasticsearch.discovery.zen] received a join request for an existing node [{node_10}{HxWIXGA5TRiVV1uuM1cwrA}{local}{local[358]}]
[2016-09-15T15:11:06,481][DEBUG][org.elasticsearch.discovery.zen] future [join of {node_10}{HxWIXGA5TRiVV1uuM1cwrA}{local}{local[358]} (id [72]] completed
[2016-09-15T15:11:06,482][DEBUG][org.elasticsearch.discovery.zen] starting future [join of {node_10}{Yv1ZX6EgQIGvAKHGPQbrhA}{local}{local[358]} (id [73]]
[2016-09-15T15:11:06,482][ERROR][org.elasticsearch.discovery.zen] unexpected error for future [join of {node_10}{Yv1ZX6EgQIGvAKHGPQbrhA}{local}{local[358]} (id [73]]
java.lang.IllegalArgumentException: can't add node {node_10}{Yv1ZX6EgQIGvAKHGPQbrhA}{local}{local[358]}, found existing node {node_10}{HxWIXGA5TRiVV1uuM1cwrA}{local}{local[358]} with the same id but is a different node instance
	at org.elasticsearch.cluster.node.DiscoveryNodes$Builder.add(DiscoveryNodes.java:600) ~[main/:?]
	at org.elasticsearch.discovery.zen.NodeJoinController$JoinTaskExecutor.execute(NodeJoinController.java:448) ~[main/:?]
	at org.elasticsearch.cluster.service.ClusterService.runTasksForExecutor(ClusterService.java:555) [main/:?]
	at org.elasticsearch.cluster.service.ClusterService$UpdateTask.run(ClusterService.java:894) [main/:?]
	at org.elasticsearch.common.util.concurrent.ThreadContext$ContextPreservingRunnable.run(ThreadContext.java:444) [main/:?]
	at org.elasticsearch.common.util.concurrent.PrioritizedEsThreadPoolExecutor$TieBreakingPrioritizedRunnable.runAndClean(PrioritizedEsThreadPoolExecutor.java:237) [main/:?]
	at org.elasticsearch.common.util.concurrent.PrioritizedEsThreadPoolExecutor$TieBreakingPrioritizedRunnable.run(PrioritizedEsThreadPoolExecutor.java:200) [main/:?]
	at java.util.concurrent.ThreadPoolExecutor.runWorker(ThreadPoolExecutor.java:1142) [?:1.8.0_65]
	at java.util.concurrent.ThreadPoolExecutor$Worker.run(ThreadPoolExecutor.java:617) [?:1.8.0_65]
	at java.lang.Thread.run(Thread.java:745) [?:1.8.0_65]
[2016-09-15T15:11:06,502][INFO ][org.elasticsearch.cluster.service] [node_s_0] new_master {node}{joQz7ORfSQ6_yEcTFdKUwQ}{local}{local[359]}, reason: test setting state
[2016-09-15T15:11:06,508][DEBUG][org.elasticsearch.discovery.zen.elect] using minimum_master_nodes [-1]
[2016-09-15T15:11:06,512][INFO ][org.elasticsearch.cluster.service] [node_s_0] added {{other_node}{zsg01O3hRf-FLKBIam08MQ}{local}{local[360]},}, reason: test setting state
[2016-09-15T15:11:06,513][DEBUG][org.elasticsearch.discovery.zen] starting future [join of {other_node}{zsg01O3hRf-FLKBIam08MQ}{local}{local[360]} (id [74]]
[2016-09-15T15:11:06,513][DEBUG][org.elasticsearch.discovery.zen] received a join request for an existing node [{other_node}{zsg01O3hRf-FLKBIam08MQ}{local}{local[360]}]
[2016-09-15T15:11:06,513][DEBUG][org.elasticsearch.discovery.zen] future [join of {other_node}{zsg01O3hRf-FLKBIam08MQ}{local}{local[360]} (id [74]] completed
[2016-09-15T15:11:06,529][INFO ][org.elasticsearch.cluster.service] [node_s_0] new_master {node}{JubVt0gJTzqCYv6JZmTGBw}{local}{local[361]}, reason: test setting state
[2016-09-15T15:11:06,535][DEBUG][org.elasticsearch.discovery.zen.elect] using minimum_master_nodes [-1]
[2016-09-15T15:11:06,537][DEBUG][org.elasticsearch.discovery.zen] --> using requiredJoins [1]
[2016-09-15T15:11:06,537][DEBUG][org.elasticsearch.discovery.zen] starting future [join of {master_0}{0}{afY0SW9qT-CreKolnTDfOg}{local}{local[test_0]} (id [75]]
[2016-09-15T15:11:06,537][TRACE][org.elasticsearch.discovery.zen] processing node joins, but we are not the master. current master: null
[2016-09-15T15:11:06,537][ERROR][org.elasticsearch.discovery.zen] unexpected error for future [join of {master_0}{0}{afY0SW9qT-CreKolnTDfOg}{local}{local[test_0]} (id [75]]
org.elasticsearch.cluster.NotMasterException: Node [{node}{JubVt0gJTzqCYv6JZmTGBw}{local}{local[361]}] not master for join request
[2016-09-15T15:11:06,538][DEBUG][org.elasticsearch.discovery.zen] starting future [join of {master_1}{1}{MqdOhWDlRBmSun3hghbMDQ}{local}{local[test_1]} (id [76]]
[2016-09-15T15:11:06,538][TRACE][org.elasticsearch.discovery.zen] processing node joins, but we are not the master. current master: null
[2016-09-15T15:11:06,538][ERROR][org.elasticsearch.discovery.zen] unexpected error for future [join of {master_1}{1}{MqdOhWDlRBmSun3hghbMDQ}{local}{local[test_1]} (id [76]]
org.elasticsearch.cluster.NotMasterException: Node [{node}{JubVt0gJTzqCYv6JZmTGBw}{local}{local[361]}] not master for join request
[2016-09-15T15:11:06,538][DEBUG][org.elasticsearch.discovery.zen] starting future [join of {data_2}{2}{0pxe04r0QXynG99BvxUexQ}{local}{local[test_2]} (id [77]]
[2016-09-15T15:11:06,539][TRACE][org.elasticsearch.discovery.zen] processing node joins, but we are not the master. current master: null
[2016-09-15T15:11:06,539][ERROR][org.elasticsearch.discovery.zen] unexpected error for future [join of {data_2}{2}{0pxe04r0QXynG99BvxUexQ}{local}{local[test_2]} (id [77]]
org.elasticsearch.cluster.NotMasterException: Node [{node}{JubVt0gJTzqCYv6JZmTGBw}{local}{local[361]}] not master for join request
[2016-09-15T15:11:06,539][DEBUG][org.elasticsearch.discovery.zen] starting future [join of {master_3}{3}{OFDQ1jr1Qwi3qyQeIYWJeg}{local}{local[test_3]} (id [78]]
[2016-09-15T15:11:06,539][TRACE][org.elasticsearch.discovery.zen] processing node joins, but we are not the master. current master: null
[2016-09-15T15:11:06,539][ERROR][org.elasticsearch.discovery.zen] unexpected error for future [join of {master_3}{3}{OFDQ1jr1Qwi3qyQeIYWJeg}{local}{local[test_3]} (id [78]]
org.elasticsearch.cluster.NotMasterException: Node [{node}{JubVt0gJTzqCYv6JZmTGBw}{local}{local[361]}] not master for join request
[2016-09-15T15:11:06,540][DEBUG][org.elasticsearch.discovery.zen] starting future [join of {data_4}{4}{8OXY1R0eREK-TYqXVPes7A}{local}{local[test_4]} (id [79]]
[2016-09-15T15:11:06,540][TRACE][org.elasticsearch.discovery.zen] processing node joins, but we are not the master. current master: null
[2016-09-15T15:11:06,540][ERROR][org.elasticsearch.discovery.zen] unexpected error for future [join of {data_4}{4}{8OXY1R0eREK-TYqXVPes7A}{local}{local[test_4]} (id [79]]
org.elasticsearch.cluster.NotMasterException: Node [{node}{JubVt0gJTzqCYv6JZmTGBw}{local}{local[361]}] not master for join request
[2016-09-15T15:11:06,540][TRACE][org.elasticsearch.discovery.zen] starting an election context, will accumulate joins
[2016-09-15T15:11:06,540][DEBUG][org.elasticsearch.discovery.zen] --> joining [0] nodes, with repetition a total of [0]
[2016-09-15T15:11:06,540][TRACE][org.elasticsearch.discovery.zen] not enough joins for election. Got [0], required [1]
[2016-09-15T15:11:06,542][TRACE][org.elasticsearch.discovery.zen] timed out waiting to be elected. waited [1ms]. pending master node joins [0]
[2016-09-15T15:11:06,542][TRACE][org.elasticsearch.discovery.zen] stopping election ([timed out waiting to be elected])
[2016-09-15T15:11:06,542][DEBUG][org.elasticsearch.discovery.zen] --> verifying election timed out
[2016-09-15T15:11:06,542][DEBUG][org.elasticsearch.discovery.zen] --> verifying all joins are failed
[2016-09-15T15:11:06,547][INFO ][org.elasticsearch.cluster.service] [node_s_0] new_master {node}{wOQkWSQ6S8q3mym1MFwmAQ}{local}{local[362]}, reason: test setting state
[2016-09-15T15:11:06,553][DEBUG][org.elasticsearch.discovery.zen.elect] using minimum_master_nodes [-1]
[2016-09-15T15:11:06,555][INFO ][org.elasticsearch.cluster.service] [node_s_0] added {{node_10}{w7OYUoHxQASVNQ3ii0fquw}{local}{local[363]},{node_11}{thOwgKS1TJejj4P65DPjwg}{local}{local[364]},}, reason: test setting state
[2016-09-15T15:11:06,556][DEBUG][org.elasticsearch.discovery.zen] starting future [join of {node}{OwiI2roURZGxnt8Bas09nQ}{local}{local[362]}{attr=other} (id [80]]
[2016-09-15T15:11:06,556][ERROR][org.elasticsearch.discovery.zen] unexpected error for future [join of {node}{OwiI2roURZGxnt8Bas09nQ}{local}{local[362]}{attr=other} (id [80]]
java.lang.IllegalArgumentException: can't add node {node}{OwiI2roURZGxnt8Bas09nQ}{local}{local[362]}{attr=other}, found existing node {node}{wOQkWSQ6S8q3mym1MFwmAQ}{local}{local[362]} with the same id but is a different node instance
	at org.elasticsearch.cluster.node.DiscoveryNodes$Builder.add(DiscoveryNodes.java:600) ~[main/:?]
	at org.elasticsearch.discovery.zen.NodeJoinController$JoinTaskExecutor.execute(NodeJoinController.java:448) ~[main/:?]
	at org.elasticsearch.cluster.service.ClusterService.runTasksForExecutor(ClusterService.java:555) [main/:?]
	at org.elasticsearch.cluster.service.ClusterService$UpdateTask.run(ClusterService.java:894) [main/:?]
	at org.elasticsearch.common.util.concurrent.ThreadContext$ContextPreservingRunnable.run(ThreadContext.java:444) [main/:?]
	at org.elasticsearch.common.util.concurrent.PrioritizedEsThreadPoolExecutor$TieBreakingPrioritizedRunnable.runAndClean(PrioritizedEsThreadPoolExecutor.java:237) [main/:?]
	at org.elasticsearch.common.util.concurrent.PrioritizedEsThreadPoolExecutor$TieBreakingPrioritizedRunnable.run(PrioritizedEsThreadPoolExecutor.java:200) [main/:?]
	at java.util.concurrent.ThreadPoolExecutor.runWorker(ThreadPoolExecutor.java:1142) [?:1.8.0_65]
	at java.util.concurrent.ThreadPoolExecutor$Worker.run(ThreadPoolExecutor.java:617) [?:1.8.0_65]
	at java.lang.Thread.run(Thread.java:745) [?:1.8.0_65]
[2016-09-15T15:11:06,564][INFO ][org.elasticsearch.cluster.service] [node_s_0] new_master {node}{juBGlM5JRBWZvL2dXrkoGg}{local}{local[365]}, reason: test setting state
[2016-09-15T15:11:06,571][DEBUG][org.elasticsearch.discovery.zen.elect] using minimum_master_nodes [-1]
[2016-09-15T15:11:06,573][DEBUG][org.elasticsearch.discovery.zen] starting future [join of {data_0}{0}{Oi1XajdhSYWn-DwXi3fw8Q}{local}{local[test_0]} (id [81]]
[2016-09-15T15:11:06,574][INFO ][org.elasticsearch.cluster.service] [node_s_0] added {{data_0}{0}{Oi1XajdhSYWn-DwXi3fw8Q}{local}{local[test_0]},}, reason: zen-disco-node-join[{data_0}{0}{Oi1XajdhSYWn-DwXi3fw8Q}{local}{local[test_0]}]
[2016-09-15T15:11:06,574][DEBUG][org.elasticsearch.discovery.zen] future [join of {data_0}{0}{Oi1XajdhSYWn-DwXi3fw8Q}{local}{local[test_0]} (id [81]] completed
[2016-09-15T15:11:06,574][DEBUG][org.elasticsearch.discovery.zen] starting future [join of {data_1}{1}{qA3jR3nFQPGFHXDq4ignfw}{local}{local[test_1]} (id [82]]
[2016-09-15T15:11:06,574][INFO ][org.elasticsearch.cluster.service] [node_s_0] added {{data_1}{1}{qA3jR3nFQPGFHXDq4ignfw}{local}{local[test_1]},}, reason: zen-disco-node-join[{data_1}{1}{qA3jR3nFQPGFHXDq4ignfw}{local}{local[test_1]}]
[2016-09-15T15:11:06,574][DEBUG][org.elasticsearch.discovery.zen] future [join of {data_1}{1}{qA3jR3nFQPGFHXDq4ignfw}{local}{local[test_1]} (id [82]] completed
[2016-09-15T15:11:06,574][DEBUG][org.elasticsearch.discovery.zen] starting future [join of {master_2}{2}{JM2CPC5SQ36GGtZ1LEkqcw}{local}{local[test_2]} (id [83]]
[2016-09-15T15:11:06,574][INFO ][org.elasticsearch.cluster.service] [node_s_0] added {{master_2}{2}{JM2CPC5SQ36GGtZ1LEkqcw}{local}{local[test_2]},}, reason: zen-disco-node-join[{master_2}{2}{JM2CPC5SQ36GGtZ1LEkqcw}{local}{local[test_2]}]
[2016-09-15T15:11:06,575][DEBUG][org.elasticsearch.discovery.zen] future [join of {master_2}{2}{JM2CPC5SQ36GGtZ1LEkqcw}{local}{local[test_2]} (id [83]] completed
[2016-09-15T15:11:06,575][WARN ][org.elasticsearch.discovery.zen.elect] value for setting "discovery.zen.minimum_master_nodes" is too low. This can result in data loss! Please set it to at least a quorum of master-eligible nodes (current value: [-1], total number of master-eligible nodes used for publishing in this round: [2])
[2016-09-15T15:11:06,575][DEBUG][org.elasticsearch.discovery.zen] starting future [join of {master_3}{3}{cV74quh3QIydmg7BDdB8Vw}{local}{local[test_3]} (id [84]]
[2016-09-15T15:11:06,575][INFO ][org.elasticsearch.cluster.service] [node_s_0] added {{master_3}{3}{cV74quh3QIydmg7BDdB8Vw}{local}{local[test_3]},}, reason: zen-disco-node-join[{master_3}{3}{cV74quh3QIydmg7BDdB8Vw}{local}{local[test_3]}]
[2016-09-15T15:11:06,575][DEBUG][org.elasticsearch.discovery.zen] future [join of {master_3}{3}{cV74quh3QIydmg7BDdB8Vw}{local}{local[test_3]} (id [84]] completed
[2016-09-15T15:11:06,575][DEBUG][org.elasticsearch.discovery.zen] starting future [join of {master_4}{4}{X51ZUAYAQoKuC2RDyo37Jw}{local}{local[test_4]} (id [85]]
[2016-09-15T15:11:06,575][INFO ][org.elasticsearch.cluster.service] [node_s_0] added {{master_4}{4}{X51ZUAYAQoKuC2RDyo37Jw}{local}{local[test_4]},}, reason: zen-disco-node-join[{master_4}{4}{X51ZUAYAQoKuC2RDyo37Jw}{local}{local[test_4]}]
[2016-09-15T15:11:06,575][DEBUG][org.elasticsearch.discovery.zen] future [join of {master_4}{4}{X51ZUAYAQoKuC2RDyo37Jw}{local}{local[test_4]} (id [85]] completed
[2016-09-15T15:11:06,576][TRACE][org.elasticsearch.discovery.zen] starting an election context, will accumulate joins
[2016-09-15T15:11:06,576][DEBUG][org.elasticsearch.discovery.zen] starting future [join of {master_5}{5}{f4Fs3ph3ThiNTploLZ7kBQ}{local}{local[test_5]} (id [86]]
[2016-09-15T15:11:06,576][TRACE][org.elasticsearch.discovery.zen] not enough joins for election. Got [1], required [-1]
[2016-09-15T15:11:06,576][DEBUG][org.elasticsearch.discovery.zen] starting future [join of {data_6}{6}{bmMbmPnXT7Kfb44uoHbDoA}{local}{local[test_6]} (id [87]]
[2016-09-15T15:11:06,576][TRACE][org.elasticsearch.discovery.zen] not enough joins for election. Got [1], required [-1]
[2016-09-15T15:11:06,576][DEBUG][org.elasticsearch.discovery.zen] starting future [join of {master_7}{7}{RGM-ET5PR6Kf1MNtLudvKw}{local}{local[test_7]} (id [88]]
[2016-09-15T15:11:06,576][TRACE][org.elasticsearch.discovery.zen] not enough joins for election. Got [2], required [-1]
[2016-09-15T15:11:06,576][DEBUG][org.elasticsearch.discovery.zen] starting future [join of {data_8}{8}{G1T4mDoaQtmp0XCjY82BRA}{local}{local[test_8]} (id [89]]
[2016-09-15T15:11:06,576][TRACE][org.elasticsearch.discovery.zen] not enough joins for election. Got [2], required [-1]
[2016-09-15T15:11:06,576][DEBUG][org.elasticsearch.discovery.zen] starting future [join of {master_9}{9}{oeSRWWXERFayfpLMwmshbQ}{local}{local[test_9]} (id [90]]
[2016-09-15T15:11:06,576][TRACE][org.elasticsearch.discovery.zen] not enough joins for election. Got [3], required [-1]
[2016-09-15T15:11:06,576][TRACE][org.elasticsearch.discovery.zen] stopping election ([test])
[2016-09-15T15:11:06,576][DEBUG][org.elasticsearch.discovery.zen] starting future [join of {data_10}{10}{MmCvsU0yQaqQKfCEBKVvXQ}{local}{local[test_10]} (id [91]]
[2016-09-15T15:11:06,577][INFO ][org.elasticsearch.cluster.service] [node_s_0] added {{master_9}{9}{oeSRWWXERFayfpLMwmshbQ}{local}{local[test_9]},{master_5}{5}{f4Fs3ph3ThiNTploLZ7kBQ}{local}{local[test_5]},{data_8}{8}{G1T4mDoaQtmp0XCjY82BRA}{local}{local[test_8]},{master_7}{7}{RGM-ET5PR6Kf1MNtLudvKw}{local}{local[test_7]},{data_10}{10}{MmCvsU0yQaqQKfCEBKVvXQ}{local}{local[test_10]},{data_6}{6}{bmMbmPnXT7Kfb44uoHbDoA}{local}{local[test_6]},}, reason: zen-disco-node-join[{data_10}{10}{MmCvsU0yQaqQKfCEBKVvXQ}{local}{local[test_10]}], zen-disco-election-stop [test][{master_5}{5}{f4Fs3ph3ThiNTploLZ7kBQ}{local}{local[test_5]}, {data_8}{8}{G1T4mDoaQtmp0XCjY82BRA}{local}{local[test_8]}, {data_6}{6}{bmMbmPnXT7Kfb44uoHbDoA}{local}{local[test_6]}, {master_9}{9}{oeSRWWXERFayfpLMwmshbQ}{local}{local[test_9]}, {master_7}{7}{RGM-ET5PR6Kf1MNtLudvKw}{local}{local[test_7]}]
[2016-09-15T15:11:06,577][DEBUG][org.elasticsearch.discovery.zen] future [join of {master_5}{5}{f4Fs3ph3ThiNTploLZ7kBQ}{local}{local[test_5]} (id [86]] completed
[2016-09-15T15:11:06,577][DEBUG][org.elasticsearch.discovery.zen] future [join of {data_8}{8}{G1T4mDoaQtmp0XCjY82BRA}{local}{local[test_8]} (id [89]] completed
[2016-09-15T15:11:06,577][DEBUG][org.elasticsearch.discovery.zen] future [join of {data_6}{6}{bmMbmPnXT7Kfb44uoHbDoA}{local}{local[test_6]} (id [87]] completed
[2016-09-15T15:11:06,578][DEBUG][org.elasticsearch.discovery.zen] future [join of {master_9}{9}{oeSRWWXERFayfpLMwmshbQ}{local}{local[test_9]} (id [90]] completed
[2016-09-15T15:11:06,578][DEBUG][org.elasticsearch.discovery.zen] future [join of {master_7}{7}{RGM-ET5PR6Kf1MNtLudvKw}{local}{local[test_7]} (id [88]] completed
[2016-09-15T15:11:06,578][DEBUG][org.elasticsearch.discovery.zen] future [join of {data_10}{10}{MmCvsU0yQaqQKfCEBKVvXQ}{local}{local[test_10]} (id [91]] completed
[2016-09-15T15:11:06,578][DEBUG][org.elasticsearch.discovery.zen] starting future [join of {data_11}{11}{nOrOSSh6Rku0B-WHwD50Dw}{local}{local[test_11]} (id [92]]
[2016-09-15T15:11:06,578][INFO ][org.elasticsearch.cluster.service] [node_s_0] added {{data_11}{11}{nOrOSSh6Rku0B-WHwD50Dw}{local}{local[test_11]},}, reason: zen-disco-node-join[{data_11}{11}{nOrOSSh6Rku0B-WHwD50Dw}{local}{local[test_11]}]
[2016-09-15T15:11:06,579][DEBUG][org.elasticsearch.discovery.zen] future [join of {data_11}{11}{nOrOSSh6Rku0B-WHwD50Dw}{local}{local[test_11]} (id [92]] completed
[2016-09-15T15:11:06,579][DEBUG][org.elasticsearch.discovery.zen] starting future [join of {master_12}{12}{TsaB9LgUTG6rpTaUX6maaA}{local}{local[test_12]} (id [93]]
[2016-09-15T15:11:06,579][INFO ][org.elasticsearch.cluster.service] [node_s_0] added {{master_12}{12}{TsaB9LgUTG6rpTaUX6maaA}{local}{local[test_12]},}, reason: zen-disco-node-join[{master_12}{12}{TsaB9LgUTG6rpTaUX6maaA}{local}{local[test_12]}]
[2016-09-15T15:11:06,579][DEBUG][org.elasticsearch.discovery.zen] future [join of {master_12}{12}{TsaB9LgUTG6rpTaUX6maaA}{local}{local[test_12]} (id [93]] completed
]]></system-out>
   <system-err><![CDATA[]]></system-err>
</testsuite>