<testsuite errors="0" failures="0" tests="10" skipped="0" name="org.elasticsearch.cluster.service.ClusterServiceTests" hostname="nohost.nodomain" time="0.344" timestamp="2016-09-18T13:16:49">
   <properties class="java.util.ArrayList">
      <property name="awt.toolkit" value="sun.awt.windows.WToolkit"/>
      <property name="file.encoding" value="Cp1252"/>
      <property name="file.encoding.pkg" value="sun.io"/>
      <property name="file.separator" value="\"/>
      <property name="java.awt.graphicsenv" value="sun.awt.Win32GraphicsEnvironment"/>
      <property name="java.awt.headless" value="true"/>
      <property name="java.awt.printerjob" value="sun.awt.windows.WPrinterJob"/>
      <property name="java.class.path" value="C:\Users\kmala\workspace\Team3\core\build\classes\test;C:\Users\kmala\workspace\Team3\core\build\resources\test;C:\Users\kmala\workspace\Team3\core\build\classes\main;C:\Users\kmala\workspace\Team3\core\build\resources\main;C:\Users\kmala\.gradle\caches\modules-2\files-2.1\org.apache.lucene\lucene-core\6.2.0\849ee62525a294416802be2cacc66c80352f6f13\lucene-core-6.2.0.jar;C:\Users\kmala\.gradle\caches\modules-2\files-2.1\org.apache.lucene\lucene-analyzers-common\6.2.0\d254d52dd394b5079129f3d5f3bf4f2d44a5936e\lucene-analyzers-common-6.2.0.jar;C:\Users\kmala\.gradle\caches\modules-2\files-2.1\org.apache.lucene\lucene-backward-codecs\6.2.0\b625bb21456b3c0d1e5e431bced125cb060c1abd\lucene-backward-codecs-6.2.0.jar;C:\Users\kmala\.gradle\caches\modules-2\files-2.1\org.apache.lucene\lucene-grouping\6.2.0\9527fedfd5acc624b2bb3f862bd99fb8f470b053\lucene-grouping-6.2.0.jar;C:\Users\kmala\.gradle\caches\modules-2\files-2.1\org.apache.lucene\lucene-highlighter\6.2.0\7ca342372a3f45e32bbd21cecaa757e38eccb8a5\lucene-highlighter-6.2.0.jar;C:\Users\kmala\.gradle\caches\modules-2\files-2.1\org.apache.lucene\lucene-join\6.2.0\da0b8de98511abd4fe9c7d48a353d17854c5ed46\lucene-join-6.2.0.jar;C:\Users\kmala\.gradle\caches\modules-2\files-2.1\org.apache.lucene\lucene-memory\6.2.0\bc9e075b1ee051c8e5246c237c38d8e71dab8a66\lucene-memory-6.2.0.jar;C:\Users\kmala\.gradle\caches\modules-2\files-2.1\org.apache.lucene\lucene-misc\6.2.0\94ddde6312566a4da4a50a88e453b6c82c759b41\lucene-misc-6.2.0.jar;C:\Users\kmala\.gradle\caches\modules-2\files-2.1\org.apache.lucene\lucene-queries\6.2.0\dce47238f78e3e97d91dc6fefa9f46f07866bc2b\lucene-queries-6.2.0.jar;C:\Users\kmala\.gradle\caches\modules-2\files-2.1\org.apache.lucene\lucene-queryparser\6.2.0\17ef728ac15e668bfa1105321611548424637645\lucene-queryparser-6.2.0.jar;C:\Users\kmala\.gradle\caches\modules-2\files-2.1\org.apache.lucene\lucene-sandbox\6.2.0\520183f7b9aba77a26e224760c420a3844b0631a\lucene-sandbox-6.2.0.jar;C:\Users\kmala\.gradle\caches\modules-2\files-2.1\org.apache.lucene\lucene-spatial\6.2.0\8dba929b66927b936fbc76103b109ad6c824daee\lucene-spatial-6.2.0.jar;C:\Users\kmala\.gradle\caches\modules-2\files-2.1\org.apache.lucene\lucene-spatial-extras\6.2.0\3b5a6ef5cd90c0218a72e9e2f7e60104be2447da\lucene-spatial-extras-6.2.0.jar;C:\Users\kmala\.gradle\caches\modules-2\files-2.1\org.apache.lucene\lucene-spatial3d\6.2.0\fcdb0567725722c5145149d1502848b6a96ec18d\lucene-spatial3d-6.2.0.jar;C:\Users\kmala\.gradle\caches\modules-2\files-2.1\org.apache.lucene\lucene-suggest\6.2.0\3d9d526c51f483d27f425c75d7e56bc0849242d6\lucene-suggest-6.2.0.jar;C:\Users\kmala\.gradle\caches\modules-2\files-2.1\org.elasticsearch\securesm\1.1\1e423447d020041534be94c0f31a49fbdc1f2950\securesm-1.1.jar;C:\Users\kmala\.gradle\caches\modules-2\files-2.1\net.sf.jopt-simple\jopt-simple\5.0.2\98cafc6081d5632b61be2c9e60650b64ddbc637c\jopt-simple-5.0.2.jar;C:\Users\kmala\.gradle\caches\modules-2\files-2.1\com.carrotsearch\hppc\0.7.1\8b5057f74ea378c0150a1860874a3ebdcb713767\hppc-0.7.1.jar;C:\Users\kmala\.gradle\caches\modules-2\files-2.1\joda-time\joda-time\2.9.4\1c295b462f16702ebe720bbb08f62e1ba80da41b\joda-time-2.9.4.jar;C:\Users\kmala\.gradle\caches\modules-2\files-2.1\org.joda\joda-convert\1.2\35ec554f0cd00c956cc69051514d9488b1374dec\joda-convert-1.2.jar;C:\Users\kmala\.gradle\caches\modules-2\files-2.1\org.yaml\snakeyaml\1.15\3b132bea69e8ee099f416044970997bde80f4ea6\snakeyaml-1.15.jar;C:\Users\kmala\.gradle\caches\modules-2\files-2.1\com.fasterxml.jackson.core\jackson-core\2.8.1\fd13b1c033741d48291315c6370f7d475a42dccf\jackson-core-2.8.1.jar;C:\Users\kmala\.gradle\caches\modules-2\files-2.1\com.fasterxml.jackson.dataformat\jackson-dataformat-smile\2.8.1\5b73867bc12224946fc67fc8d49d9f5e698d7f\jackson-dataformat-smile-2.8.1.jar;C:\Users\kmala\.gradle\caches\modules-2\files-2.1\com.fasterxml.jackson.dataformat\jackson-dataformat-yaml\2.8.1\eb63166c723b0b4b9fb5298fca232a2f6612ec34\jackson-dataformat-yaml-2.8.1.jar;C:\Users\kmala\.gradle\caches\modules-2\files-2.1\com.fasterxml.jackson.dataformat\jackson-dataformat-cbor\2.8.1\3a6fb7e75c9972559a78cf5cfc5a48a41a13ea40\jackson-dataformat-cbor-2.8.1.jar;C:\Users\kmala\.gradle\caches\modules-2\files-2.1\com.tdunning\t-digest\3.0\84ccf145ac2215e6bfa63baa3101c0af41017cfc\t-digest-3.0.jar;C:\Users\kmala\.gradle\caches\modules-2\files-2.1\org.hdrhistogram\HdrHistogram\2.1.6\7495feb7f71ee124bd2a7e7d83590e296d71d80e\HdrHistogram-2.1.6.jar;C:\Users\kmala\.gradle\caches\modules-2\files-2.1\org.locationtech.spatial4j\spatial4j\0.6\21b15310bddcfd8c72611c180f20cf23279809a3\spatial4j-0.6.jar;C:\Users\kmala\.gradle\caches\modules-2\files-2.1\com.vividsolutions\jts\1.13\3ccfb9b60f04d71add996a666ceb8902904fd805\jts-1.13.jar;C:\Users\kmala\.gradle\caches\modules-2\files-2.1\org.apache.logging.log4j\log4j-api\2.6.2\bd1b74a5d170686362091c7cf596bbc3adf5c09b\log4j-api-2.6.2.jar;C:\Users\kmala\.gradle\caches\modules-2\files-2.1\org.apache.logging.log4j\log4j-core\2.6.2\a91369f655eb1639c6aece5c5eb5108db18306\log4j-core-2.6.2.jar;C:\Users\kmala\.gradle\caches\modules-2\files-2.1\org.apache.logging.log4j\log4j-1.2-api\2.6.2\3b4c5a8b734b6a29b2f03380535a48da6284b210\log4j-1.2-api-2.6.2.jar;C:\Users\kmala\.gradle\caches\modules-2\files-2.1\net.java.dev.jna\jna\4.2.2\5012450aee579c3118ff09461d5ce210e0cdc2a9\jna-4.2.2.jar;C:\Users\kmala\workspace\Team3\test\framework\build\distributions\framework-5.0.0-alpha6-SNAPSHOT.jar;C:\Users\kmala\.gradle\caches\modules-2\files-2.1\com.carrotsearch.randomizedtesting\randomizedtesting-runner\2.3.2\307965917fe8a22b7ee72deba39ef4b8e6ebc069\randomizedtesting-runner-2.3.2.jar;C:\Users\kmala\.gradle\caches\modules-2\files-2.1\junit\junit\4.11\4e031bb61df09069aeb2bffb4019e7a5034a4ee0\junit-4.11.jar;C:\Users\kmala\.gradle\caches\modules-2\files-2.1\org.hamcrest\hamcrest-all\1.3\63a21ebc981131004ad02e0434e799fd7f3a8d5a\hamcrest-all-1.3.jar;C:\Users\kmala\.gradle\caches\modules-2\files-2.1\org.apache.lucene\lucene-test-framework\6.2.0\f5026be3983acfb40d4092dbfbc015ec6e6addab\lucene-test-framework-6.2.0.jar;C:\Users\kmala\.gradle\caches\modules-2\files-2.1\org.apache.lucene\lucene-codecs\6.2.0\99f887266b0ad9f2c286b3976c5bc48c8cd36624\lucene-codecs-6.2.0.jar;C:\Users\kmala\workspace\Team3\client\rest\build\distributions\rest-5.0.0-alpha6-SNAPSHOT.jar;C:\Users\kmala\.gradle\caches\modules-2\files-2.1\org.apache.httpcomponents\httpclient\4.5.2\733db77aa8d9b2d68015189df76ab06304406e50\httpclient-4.5.2.jar;C:\Users\kmala\.gradle\caches\modules-2\files-2.1\org.apache.httpcomponents\httpcore\4.4.5\e7501a1b34325abb00d17dde96150604a0658b54\httpcore-4.4.5.jar;C:\Users\kmala\.gradle\caches\modules-2\files-2.1\commons-logging\commons-logging\1.1.3\f6f66e966c70a83ffbdb6f17a0919eaf7c8aca7f\commons-logging-1.1.3.jar;C:\Users\kmala\.gradle\caches\modules-2\files-2.1\commons-codec\commons-codec\1.10\4b95f4897fa13f2cd904aee711aeafc0c5295cd8\commons-codec-1.10.jar;C:\Users\kmala\.gradle\caches\modules-2\files-2.1\org.elasticsearch\securemock\1.2\98201d4ad5ac93f6b415ae9172d52b5e7cda490e\securemock-1.2.jar;C:\Users\kmala\.gradle\caches\modules-2\files-2.1\org.apache.httpcomponents\httpasyncclient\4.1.2\95aa3e6fb520191a0970a73cf09f62948ee614be\httpasyncclient-4.1.2.jar;C:\Users\kmala\.gradle\caches\modules-2\files-2.1\org.apache.httpcomponents\httpcore-nio\4.4.5\f4be009e7505f6ceddf21e7960c759f413f15056\httpcore-nio-4.4.5.jar;C:\Users\kmala\.gradle\caches\modules-2\files-2.1\com.carrotsearch.randomizedtesting\junit4-ant\2.3.2\dc8f03f6111974092491f35b8269eb0fc57f52f7\junit4-ant-2.3.2.jar"/>
      <property name="java.class.version" value="52.0"/>
      <property name="java.endorsed.dirs" value="C:\Program Files\Java\jdk1.8.0_102\jre\lib\endorsed"/>
      <property name="java.ext.dirs" value="C:\Program Files\Java\jdk1.8.0_102\jre\lib\ext;C:\Windows\Sun\Java\lib\ext"/>
      <property name="java.home" value="C:\Program Files\Java\jdk1.8.0_102\jre"/>
      <property name="java.io.tmpdir" value="./temp"/>
      <property name="java.library.path" value="C:\Program Files\Java\jdk1.8.0_102\bin;C:\Windows\Sun\Java\bin;C:\Windows\system32;C:\Windows;C:\ProgramData\Oracle\Java\javapath;C:\Windows\system32;C:\Windows;C:\Windows\System32\Wbem;C:\Windows\System32\WindowsPowerShell\v1.0\;C:\Program Files (x86)\Skype\Phone\;C:\Tools\curl-7.50.1\bin;C:\Program Files\Git\cmd;C:\Tools\gradle-2.13\bin;C:\Tools\apache-maven-3.3.9\bin;C:\Program Files\doxygen\bin;C:\Tools\sonar-scanner-2.7\bin;C:\Windows\system32\config\systemprofile\.dnx\bin;C:\Program Files\Microsoft DNX\Dnvm\;C:\Program Files\Microsoft SQL Server\120\Tools\Binn\;C:\Users\kmala\AppData\Local\Microsoft\WindowsApps;;."/>
      <property name="java.runtime.name" value="Java(TM) SE Runtime Environment"/>
      <property name="java.runtime.version" value="1.8.0_102-b14"/>
      <property name="java.specification.name" value="Java Platform API Specification"/>
      <property name="java.specification.vendor" value="Oracle Corporation"/>
      <property name="java.specification.version" value="1.8"/>
      <property name="java.vendor" value="Oracle Corporation"/>
      <property name="java.vendor.url" value="http://java.oracle.com/"/>
      <property name="java.vendor.url.bug" value="http://bugreport.sun.com/bugreport/"/>
      <property name="java.version" value="1.8.0_102"/>
      <property name="java.vm.info" value="mixed mode"/>
      <property name="java.vm.name" value="Java HotSpot(TM) 64-Bit Server VM"/>
      <property name="java.vm.specification.name" value="Java Virtual Machine Specification"/>
      <property name="java.vm.specification.vendor" value="Oracle Corporation"/>
      <property name="java.vm.specification.version" value="1.8"/>
      <property name="java.vm.vendor" value="Oracle Corporation"/>
      <property name="java.vm.version" value="25.102-b14"/>
      <property name="jna.nosys" value="true"/>
      <property name="junit4.childvm.count" value="3"/>
      <property name="junit4.childvm.cwd" value="C:\Users\kmala\workspace\Team3\core\build\testrun\test\J2"/>
      <property name="junit4.childvm.id" value="2"/>
      <property name="junit4.memory.total" value="514850816"/>
      <property name="junit4.pidString" value="564@DESKTOP-HP7QPF3"/>
      <property name="junit4.processors" value="4"/>
      <property name="line.separator" value="
"/>
      <property name="os.arch" value="amd64"/>
      <property name="os.name" value="Windows 10"/>
      <property name="os.version" value="10.0"/>
      <property name="path.separator" value=";"/>
      <property name="sun.arch.data.model" value="64"/>
      <property name="sun.boot.class.path" value="C:\Program Files\Java\jdk1.8.0_102\jre\lib\resources.jar;C:\Program Files\Java\jdk1.8.0_102\jre\lib\rt.jar;C:\Program Files\Java\jdk1.8.0_102\jre\lib\sunrsasign.jar;C:\Program Files\Java\jdk1.8.0_102\jre\lib\jsse.jar;C:\Program Files\Java\jdk1.8.0_102\jre\lib\jce.jar;C:\Program Files\Java\jdk1.8.0_102\jre\lib\charsets.jar;C:\Program Files\Java\jdk1.8.0_102\jre\lib\jfr.jar;C:\Program Files\Java\jdk1.8.0_102\jre\classes"/>
      <property name="sun.boot.library.path" value="C:\Program Files\Java\jdk1.8.0_102\jre\bin"/>
      <property name="sun.cpu.endian" value="little"/>
      <property name="sun.cpu.isalist" value="amd64"/>
      <property name="sun.desktop" value="windows"/>
      <property name="sun.io.unicode.encoding" value="UnicodeLittle"/>
      <property name="sun.java.command" value="com.carrotsearch.ant.tasks.junit4.slave.SlaveMainSafe -eventsfile C:\Users\kmala\workspace\Team3\core\build\testrun\test\temp\junit4-J2-20160918_131412_266.events @C:\Users\kmala\workspace\Team3\core\build\testrun\test\temp\junit4-J2-20160918_131412_266.suites -stdin"/>
      <property name="sun.java.launcher" value="SUN_STANDARD"/>
      <property name="sun.jnu.encoding" value="Cp1252"/>
      <property name="sun.management.compiler" value="HotSpot 64-Bit Tiered Compilers"/>
      <property name="sun.os.patch.level" value=""/>
      <property name="tests.artifact" value="core"/>
      <property name="tests.gradle" value="true"/>
      <property name="tests.ifNoTests" value="fail"/>
      <property name="tests.logger.level" value="WARN"/>
      <property name="tests.prefix" value="tests"/>
      <property name="tests.security.manager" value="true"/>
      <property name="tests.seed" value="DB64F96F238DCA2A"/>
      <property name="tests.task" value=":core:test"/>
      <property name="user.country" value="US"/>
      <property name="user.dir" value="C:\Users\kmala\workspace\Team3\core\build\testrun\test\J2"/>
      <property name="user.home" value="C:\Users\kmala"/>
      <property name="user.language" value="en"/>
      <property name="user.name" value="kmala"/>
      <property name="user.script" value=""/>
      <property name="user.timezone" value=""/>
      <property name="user.variant" value=""/>
   </properties>
   <testcase classname="org.elasticsearch.cluster.service.ClusterServiceTests" name="testClusterStateUpdateLogging" time="0.038"/>
   <testcase classname="org.elasticsearch.cluster.service.ClusterServiceTests" name="testClusterStateTaskListenerThrowingExceptionIsOkay" time="0.015"/>
   <testcase classname="org.elasticsearch.cluster.service.ClusterServiceTests" name="testClusterStateUpdateTasksAreExecutedInOrder" time="0.137"/>
   <testcase classname="org.elasticsearch.cluster.service.ClusterServiceTests" name="testTimeoutUpdateTask" time="0.029"/>
   <testcase classname="org.elasticsearch.cluster.service.ClusterServiceTests" name="testLongClusterStateUpdateLogging" time="0.014"/>
   <testcase classname="org.elasticsearch.cluster.service.ClusterServiceTests" name="testDuplicateSubmission" time="0.029"/>
   <testcase classname="org.elasticsearch.cluster.service.ClusterServiceTests" name="testMasterAwareExecution" time="0.011"/>
   <testcase classname="org.elasticsearch.cluster.service.ClusterServiceTests" name="testClusterStateBatchedUpdates" time="0.017"/>
   <testcase classname="org.elasticsearch.cluster.service.ClusterServiceTests" name="testSingleBatchSubmission" time="0.009"/>
   <testcase classname="org.elasticsearch.cluster.service.ClusterServiceTests" name="testPrioritizedTasks" time="0.017"/>
   <system-out><![CDATA[[2016-09-18T11:16:49,428][TRACE][org.elasticsearch.cluster.service] [node_s_0] will process [test setting state]
[2016-09-18T11:16:49,431][DEBUG][org.elasticsearch.cluster.service] [node_s_0] processing [test setting state]: execute
[2016-09-18T11:16:49,431][TRACE][org.elasticsearch.cluster.service] [node_s_0] cluster state updated, source [test setting state]
cluster uuid: _na_
version: 2
state uuid: 56oZ5g1KRuSadEFE-CLywA
from_diff: false
meta data version: 0
nodes: 
   {node1}{gmK8C9-URXmcX6TH7hlD1g}{local}{local[251]}, local, master
routing_table (version 0):
routing_nodes:
---- unassigned

[2016-09-18T11:16:49,431][INFO ][org.elasticsearch.cluster.service] [node_s_0] new_master {node1}{gmK8C9-URXmcX6TH7hlD1g}{local}{local[251]}, reason: test setting state
[2016-09-18T11:16:49,431][DEBUG][org.elasticsearch.cluster.service] [node_s_0] publishing cluster state version [2]
[2016-09-18T11:16:49,431][DEBUG][org.elasticsearch.cluster.service] [node_s_0] set local cluster state to version 2
[2016-09-18T11:16:49,431][DEBUG][org.elasticsearch.cluster.service] [node_s_0] processing [test setting state]: took [0s] done applying updated cluster_state (version: 2, uuid: 56oZ5g1KRuSadEFE-CLywA)
[2016-09-18T11:16:49,442][TRACE][org.elasticsearch.cluster.service] [node_s_0] will process [test1]
2016-09-18 11:16:49,443 elasticsearch[clusterService#updateTask][T#1] ERROR Attempted to append to non-started appender mock
[2016-09-18T11:16:49,445][DEBUG][org.elasticsearch.cluster.service] [node_s_0] processing [test1]: execute
2016-09-18 11:16:49,445 elasticsearch[clusterService#updateTask][T#1] ERROR Attempted to append to non-started appender mock
[2016-09-18T11:16:49,446][DEBUG][org.elasticsearch.cluster.service] [node_s_0] processing [test1]: took [1s] no change in cluster_state
2016-09-18 11:16:49,446 elasticsearch[clusterService#updateTask][T#1] ERROR Attempted to append to non-started appender mock
[2016-09-18T11:16:49,446][TRACE][org.elasticsearch.cluster.service] [node_s_0] will process [test2]
2016-09-18 11:16:49,446 elasticsearch[clusterService#updateTask][T#1] ERROR Attempted to append to non-started appender mock
[2016-09-18T11:16:49,446][DEBUG][org.elasticsearch.cluster.service] [node_s_0] processing [test2]: execute
[2016-09-18T11:16:49,447][TRACE][org.elasticsearch.cluster.service] failed to execute cluster state update in [2s], state:
version [2], source [test2]
nodes: 
   {node1}{gmK8C9-URXmcX6TH7hlD1g}{local}{local[251]}, local, master
routing_table (version 0):
routing_nodes:
---- unassigned

java.lang.IllegalArgumentException: Testing handling of exceptions in the cluster state task
	at org.elasticsearch.cluster.service.ClusterServiceTests$14.execute(ClusterServiceTests.java:716) ~[test/:?]
	at org.elasticsearch.cluster.ClusterStateUpdateTask.execute(ClusterStateUpdateTask.java:45) ~[main/:?]
	at org.elasticsearch.cluster.service.ClusterService.runTasksForExecutor(ClusterService.java:555) [main/:?]
	at org.elasticsearch.cluster.service.ClusterService$UpdateTask.run(ClusterService.java:894) [main/:?]
	at org.elasticsearch.common.util.concurrent.ThreadContext$ContextPreservingRunnable.run(ThreadContext.java:444) [main/:?]
	at org.elasticsearch.common.util.concurrent.PrioritizedEsThreadPoolExecutor$TieBreakingPrioritizedRunnable.runAndClean(PrioritizedEsThreadPoolExecutor.java:237) [main/:?]
	at org.elasticsearch.common.util.concurrent.PrioritizedEsThreadPoolExecutor$TieBreakingPrioritizedRunnable.run(PrioritizedEsThreadPoolExecutor.java:200) [main/:?]
	at java.util.concurrent.ThreadPoolExecutor.runWorker(ThreadPoolExecutor.java:1142) [?:1.8.0_102]
	at java.util.concurrent.ThreadPoolExecutor$Worker.run(ThreadPoolExecutor.java:617) [?:1.8.0_102]
	at java.lang.Thread.run(Thread.java:745) [?:1.8.0_102]
[2016-09-18T11:16:49,450][DEBUG][org.elasticsearch.cluster.service] cluster state update task [test2] failed
java.lang.IllegalArgumentException: Testing handling of exceptions in the cluster state task
	at org.elasticsearch.cluster.service.ClusterServiceTests$14.execute(ClusterServiceTests.java:716) ~[test/:?]
	at org.elasticsearch.cluster.ClusterStateUpdateTask.execute(ClusterStateUpdateTask.java:45) ~[main/:?]
	at org.elasticsearch.cluster.service.ClusterService.runTasksForExecutor(ClusterService.java:555) [main/:?]
	at org.elasticsearch.cluster.service.ClusterService$UpdateTask.run(ClusterService.java:894) [main/:?]
	at org.elasticsearch.common.util.concurrent.ThreadContext$ContextPreservingRunnable.run(ThreadContext.java:444) [main/:?]
	at org.elasticsearch.common.util.concurrent.PrioritizedEsThreadPoolExecutor$TieBreakingPrioritizedRunnable.runAndClean(PrioritizedEsThreadPoolExecutor.java:237) [main/:?]
	at org.elasticsearch.common.util.concurrent.PrioritizedEsThreadPoolExecutor$TieBreakingPrioritizedRunnable.run(PrioritizedEsThreadPoolExecutor.java:200) [main/:?]
	at java.util.concurrent.ThreadPoolExecutor.runWorker(ThreadPoolExecutor.java:1142) [?:1.8.0_102]
	at java.util.concurrent.ThreadPoolExecutor$Worker.run(ThreadPoolExecutor.java:617) [?:1.8.0_102]
	at java.lang.Thread.run(Thread.java:745) [?:1.8.0_102]
[2016-09-18T11:16:49,451][DEBUG][org.elasticsearch.cluster.service] [node_s_0] processing [test2]: took [2s] no change in cluster_state
[2016-09-18T11:16:49,451][TRACE][org.elasticsearch.cluster.service] [node_s_0] will process [test3]
[2016-09-18T11:16:49,451][DEBUG][org.elasticsearch.cluster.service] [node_s_0] processing [test3]: execute
[2016-09-18T11:16:49,451][TRACE][org.elasticsearch.cluster.service] [node_s_0] cluster state updated, source [test3]
cluster uuid: _na_
version: 4
state uuid: 0UOs5OFbSJu05nCGMfiLQQ
from_diff: false
meta data version: 0
nodes: 
   {node1}{gmK8C9-URXmcX6TH7hlD1g}{local}{local[251]}, local, master
routing_table (version 0):
routing_nodes:
---- unassigned

[2016-09-18T11:16:49,451][DEBUG][org.elasticsearch.cluster.service] [node_s_0] publishing cluster state version [4]
[2016-09-18T11:16:49,451][DEBUG][org.elasticsearch.cluster.service] [node_s_0] set local cluster state to version 4
[2016-09-18T11:16:49,451][DEBUG][org.elasticsearch.cluster.service] [node_s_0] processing [test3]: took [3s] done applying updated cluster_state (version: 4, uuid: 0UOs5OFbSJu05nCGMfiLQQ)
[2016-09-18T11:16:49,451][TRACE][org.elasticsearch.cluster.service] [node_s_0] will process [test4]
[2016-09-18T11:16:49,451][DEBUG][org.elasticsearch.cluster.service] [node_s_0] processing [test4]: execute
[2016-09-18T11:16:49,451][DEBUG][org.elasticsearch.cluster.service] [node_s_0] processing [test4]: took [0s] no change in cluster_state
[2016-09-18T11:16:49,465][INFO ][org.elasticsearch.cluster.service] [node_s_0] new_master {node1}{ey-gsdjjQRCLc-Z8Fm2VMw}{local}{local[252]}, reason: test setting state
[2016-09-18T11:16:49,468][ERROR][org.elasticsearch.cluster.service] exception thrown by listener while notifying of cluster state processed from [testClusterStateTaskListenerThrowingExceptionIsOkay], old cluster state:
cluster uuid: _na_
version: 2
state uuid: qjmk8xy3SZmtpxztoRLvgg
from_diff: false
meta data version: 0
nodes: 
   {node1}{ey-gsdjjQRCLc-Z8Fm2VMw}{local}{local[252]}, local, master
routing_table (version 0):
routing_nodes:
---- unassigned

new cluster state:
cluster uuid: _na_
version: 3
state uuid: 2suFI6DiSqOjR_bJV4odWg
from_diff: false
meta data version: 0
nodes: 
   {node1}{ey-gsdjjQRCLc-Z8Fm2VMw}{local}{local[252]}, local, master
routing_table (version 0):
routing_nodes:
---- unassigned

java.lang.IllegalStateException: testClusterStateTaskListenerThrowingExceptionIsOkay
	at org.elasticsearch.cluster.service.ClusterServiceTests$8.clusterStateProcessed(ClusterServiceTests.java:291) ~[test/:?]
	at org.elasticsearch.cluster.service.ClusterService$SafeClusterStateTaskListener.clusterStateProcessed(ClusterService.java:821) [main/:?]
	at org.elasticsearch.cluster.service.ClusterService.runTasksForExecutor(ClusterService.java:739) [main/:?]
	at org.elasticsearch.cluster.service.ClusterService$UpdateTask.run(ClusterService.java:894) [main/:?]
	at org.elasticsearch.common.util.concurrent.ThreadContext$ContextPreservingRunnable.run(ThreadContext.java:444) [main/:?]
	at org.elasticsearch.common.util.concurrent.PrioritizedEsThreadPoolExecutor$TieBreakingPrioritizedRunnable.runAndClean(PrioritizedEsThreadPoolExecutor.java:237) [main/:?]
	at org.elasticsearch.common.util.concurrent.PrioritizedEsThreadPoolExecutor$TieBreakingPrioritizedRunnable.run(PrioritizedEsThreadPoolExecutor.java:200) [main/:?]
	at java.util.concurrent.ThreadPoolExecutor.runWorker(ThreadPoolExecutor.java:1142) [?:1.8.0_102]
	at java.util.concurrent.ThreadPoolExecutor$Worker.run(ThreadPoolExecutor.java:617) [?:1.8.0_102]
	at java.lang.Thread.run(Thread.java:745) [?:1.8.0_102]
[2016-09-18T11:16:49,474][INFO ][org.elasticsearch.cluster.service] [node_s_0] new_master {node1}{MsSwzlYnRZO020sa4TTjDg}{local}{local[253]}, reason: test setting state
[2016-09-18T11:16:49,625][INFO ][org.elasticsearch.cluster.service] [node_s_0] new_master {node1}{3YMihaKhTLCplr_y8YtY3A}{local}{local[254]}, reason: test setting state
[2016-09-18T11:16:49,646][WARN ][org.elasticsearch.cluster.service] [node_s_0] cluster state update task [test2] took [32s] above the warn threshold of 30s
2016-09-18 11:16:49,646 elasticsearch[clusterService#updateTask][T#1] ERROR Attempted to append to non-started appender mock
[2016-09-18T11:16:49,647][WARN ][org.elasticsearch.cluster.service] [node_s_0] cluster state update task [test2] took [32s] above the warn threshold of 30s
2016-09-18 11:16:49,647 elasticsearch[clusterService#updateTask][T#1] ERROR Attempted to append to non-started appender mock
[2016-09-18T11:16:49,647][WARN ][org.elasticsearch.cluster.service] [node_s_0] cluster state update task [test3] took [33s] above the warn threshold of 30s
2016-09-18 11:16:49,647 elasticsearch[clusterService#updateTask][T#1] ERROR Attempted to append to non-started appender mock
[2016-09-18T11:16:49,648][WARN ][org.elasticsearch.cluster.service] [node_s_0] cluster state update task [test4] took [34s] above the warn threshold of 30s
2016-09-18 11:16:49,648 elasticsearch[clusterService#updateTask][T#1] ERROR Attempted to append to non-started appender mock
[2016-09-18T11:16:49,670][INFO ][org.elasticsearch.cluster.service] [node_s_0] new_master {node1}{jIOEyZvtSYem_rgv0pCJlA}{local}{local[256]}, reason: test setting state
[2016-09-18T11:16:49,686][INFO ][org.elasticsearch.cluster.service] [node_s_0] new_master {node1}{qYlavoNISZK4kAD4uiUI2Q}{local}{local[257]}, reason: test setting state
[2016-09-18T11:16:49,696][INFO ][org.elasticsearch.cluster.service] [node_s_0] new_master {node1}{xQnTL1iDR2eqKzO7H-AF9Q}{local}{local[259]}, reason: test setting state
[2016-09-18T11:16:49,715][INFO ][org.elasticsearch.cluster.service] [node_s_0] new_master {node1}{2usbiBgEQ_KqrPn8-mbAyQ}{local}{local[260]}, reason: test setting state
[2016-09-18T11:16:49,734][INFO ][org.elasticsearch.cluster.service] [node_s_0] new_master {node1}{dtMkEm4VTLiQY4--o0cD5w}{local}{local[261]}, reason: test setting state
]]></system-out>
   <system-err><![CDATA[]]></system-err>
</testsuite>