<testsuite errors="0" failures="0" tests="53" skipped="0" name="org.elasticsearch.index.engine.InternalEngineTests" hostname="nohost.nodomain" time="17.937" timestamp="2016-09-15T12:40:09">
   <properties class="java.util.ArrayList">
      <property name="awt.toolkit" value="sun.awt.windows.WToolkit"/>
      <property name="file.encoding" value="Cp1252"/>
      <property name="file.encoding.pkg" value="sun.io"/>
      <property name="file.separator" value="\"/>
      <property name="java.awt.graphicsenv" value="sun.awt.Win32GraphicsEnvironment"/>
      <property name="java.awt.headless" value="true"/>
      <property name="java.awt.printerjob" value="sun.awt.windows.WPrinterJob"/>
      <property name="java.class.path" value="C:\projects\team3\core\build\classes\test;C:\projects\team3\core\build\resources\test;C:\projects\team3\core\build\classes\main;C:\projects\team3\core\build\resources\main;C:\Users\domin\.gradle\caches\modules-2\files-2.1\org.apache.lucene\lucene-core\6.2.0\849ee62525a294416802be2cacc66c80352f6f13\lucene-core-6.2.0.jar;C:\Users\domin\.gradle\caches\modules-2\files-2.1\org.apache.lucene\lucene-analyzers-common\6.2.0\d254d52dd394b5079129f3d5f3bf4f2d44a5936e\lucene-analyzers-common-6.2.0.jar;C:\Users\domin\.gradle\caches\modules-2\files-2.1\org.apache.lucene\lucene-backward-codecs\6.2.0\b625bb21456b3c0d1e5e431bced125cb060c1abd\lucene-backward-codecs-6.2.0.jar;C:\Users\domin\.gradle\caches\modules-2\files-2.1\org.apache.lucene\lucene-grouping\6.2.0\9527fedfd5acc624b2bb3f862bd99fb8f470b053\lucene-grouping-6.2.0.jar;C:\Users\domin\.gradle\caches\modules-2\files-2.1\org.apache.lucene\lucene-highlighter\6.2.0\7ca342372a3f45e32bbd21cecaa757e38eccb8a5\lucene-highlighter-6.2.0.jar;C:\Users\domin\.gradle\caches\modules-2\files-2.1\org.apache.lucene\lucene-join\6.2.0\da0b8de98511abd4fe9c7d48a353d17854c5ed46\lucene-join-6.2.0.jar;C:\Users\domin\.gradle\caches\modules-2\files-2.1\org.apache.lucene\lucene-memory\6.2.0\bc9e075b1ee051c8e5246c237c38d8e71dab8a66\lucene-memory-6.2.0.jar;C:\Users\domin\.gradle\caches\modules-2\files-2.1\org.apache.lucene\lucene-misc\6.2.0\94ddde6312566a4da4a50a88e453b6c82c759b41\lucene-misc-6.2.0.jar;C:\Users\domin\.gradle\caches\modules-2\files-2.1\org.apache.lucene\lucene-queries\6.2.0\dce47238f78e3e97d91dc6fefa9f46f07866bc2b\lucene-queries-6.2.0.jar;C:\Users\domin\.gradle\caches\modules-2\files-2.1\org.apache.lucene\lucene-queryparser\6.2.0\17ef728ac15e668bfa1105321611548424637645\lucene-queryparser-6.2.0.jar;C:\Users\domin\.gradle\caches\modules-2\files-2.1\org.apache.lucene\lucene-sandbox\6.2.0\520183f7b9aba77a26e224760c420a3844b0631a\lucene-sandbox-6.2.0.jar;C:\Users\domin\.gradle\caches\modules-2\files-2.1\org.apache.lucene\lucene-spatial\6.2.0\8dba929b66927b936fbc76103b109ad6c824daee\lucene-spatial-6.2.0.jar;C:\Users\domin\.gradle\caches\modules-2\files-2.1\org.apache.lucene\lucene-spatial-extras\6.2.0\3b5a6ef5cd90c0218a72e9e2f7e60104be2447da\lucene-spatial-extras-6.2.0.jar;C:\Users\domin\.gradle\caches\modules-2\files-2.1\org.apache.lucene\lucene-spatial3d\6.2.0\fcdb0567725722c5145149d1502848b6a96ec18d\lucene-spatial3d-6.2.0.jar;C:\Users\domin\.gradle\caches\modules-2\files-2.1\org.apache.lucene\lucene-suggest\6.2.0\3d9d526c51f483d27f425c75d7e56bc0849242d6\lucene-suggest-6.2.0.jar;C:\Users\domin\.gradle\caches\modules-2\files-2.1\org.elasticsearch\securesm\1.1\1e423447d020041534be94c0f31a49fbdc1f2950\securesm-1.1.jar;C:\Users\domin\.gradle\caches\modules-2\files-2.1\net.sf.jopt-simple\jopt-simple\5.0.2\98cafc6081d5632b61be2c9e60650b64ddbc637c\jopt-simple-5.0.2.jar;C:\Users\domin\.gradle\caches\modules-2\files-2.1\com.carrotsearch\hppc\0.7.1\8b5057f74ea378c0150a1860874a3ebdcb713767\hppc-0.7.1.jar;C:\Users\domin\.gradle\caches\modules-2\files-2.1\joda-time\joda-time\2.9.4\1c295b462f16702ebe720bbb08f62e1ba80da41b\joda-time-2.9.4.jar;C:\Users\domin\.gradle\caches\modules-2\files-2.1\org.joda\joda-convert\1.2\35ec554f0cd00c956cc69051514d9488b1374dec\joda-convert-1.2.jar;C:\Users\domin\.gradle\caches\modules-2\files-2.1\org.yaml\snakeyaml\1.15\3b132bea69e8ee099f416044970997bde80f4ea6\snakeyaml-1.15.jar;C:\Users\domin\.gradle\caches\modules-2\files-2.1\com.fasterxml.jackson.core\jackson-core\2.8.1\fd13b1c033741d48291315c6370f7d475a42dccf\jackson-core-2.8.1.jar;C:\Users\domin\.gradle\caches\modules-2\files-2.1\com.fasterxml.jackson.dataformat\jackson-dataformat-smile\2.8.1\5b73867bc12224946fc67fc8d49d9f5e698d7f\jackson-dataformat-smile-2.8.1.jar;C:\Users\domin\.gradle\caches\modules-2\files-2.1\com.fasterxml.jackson.dataformat\jackson-dataformat-yaml\2.8.1\eb63166c723b0b4b9fb5298fca232a2f6612ec34\jackson-dataformat-yaml-2.8.1.jar;C:\Users\domin\.gradle\caches\modules-2\files-2.1\com.fasterxml.jackson.dataformat\jackson-dataformat-cbor\2.8.1\3a6fb7e75c9972559a78cf5cfc5a48a41a13ea40\jackson-dataformat-cbor-2.8.1.jar;C:\Users\domin\.gradle\caches\modules-2\files-2.1\com.tdunning\t-digest\3.0\84ccf145ac2215e6bfa63baa3101c0af41017cfc\t-digest-3.0.jar;C:\Users\domin\.gradle\caches\modules-2\files-2.1\org.hdrhistogram\HdrHistogram\2.1.6\7495feb7f71ee124bd2a7e7d83590e296d71d80e\HdrHistogram-2.1.6.jar;C:\Users\domin\.gradle\caches\modules-2\files-2.1\org.locationtech.spatial4j\spatial4j\0.6\21b15310bddcfd8c72611c180f20cf23279809a3\spatial4j-0.6.jar;C:\Users\domin\.gradle\caches\modules-2\files-2.1\com.vividsolutions\jts\1.13\3ccfb9b60f04d71add996a666ceb8902904fd805\jts-1.13.jar;C:\Users\domin\.gradle\caches\modules-2\files-2.1\org.apache.logging.log4j\log4j-api\2.6.2\bd1b74a5d170686362091c7cf596bbc3adf5c09b\log4j-api-2.6.2.jar;C:\Users\domin\.gradle\caches\modules-2\files-2.1\org.apache.logging.log4j\log4j-core\2.6.2\a91369f655eb1639c6aece5c5eb5108db18306\log4j-core-2.6.2.jar;C:\Users\domin\.gradle\caches\modules-2\files-2.1\org.apache.logging.log4j\log4j-1.2-api\2.6.2\3b4c5a8b734b6a29b2f03380535a48da6284b210\log4j-1.2-api-2.6.2.jar;C:\Users\domin\.gradle\caches\modules-2\files-2.1\net.java.dev.jna\jna\4.2.2\5012450aee579c3118ff09461d5ce210e0cdc2a9\jna-4.2.2.jar;C:\projects\team3\test\framework\build\distributions\framework-5.0.0-alpha6-SNAPSHOT.jar;C:\Users\domin\.gradle\caches\modules-2\files-2.1\com.carrotsearch.randomizedtesting\randomizedtesting-runner\2.3.2\307965917fe8a22b7ee72deba39ef4b8e6ebc069\randomizedtesting-runner-2.3.2.jar;C:\Users\domin\.gradle\caches\modules-2\files-2.1\junit\junit\4.11\4e031bb61df09069aeb2bffb4019e7a5034a4ee0\junit-4.11.jar;C:\Users\domin\.gradle\caches\modules-2\files-2.1\org.hamcrest\hamcrest-all\1.3\63a21ebc981131004ad02e0434e799fd7f3a8d5a\hamcrest-all-1.3.jar;C:\Users\domin\.gradle\caches\modules-2\files-2.1\org.apache.lucene\lucene-test-framework\6.2.0\f5026be3983acfb40d4092dbfbc015ec6e6addab\lucene-test-framework-6.2.0.jar;C:\Users\domin\.gradle\caches\modules-2\files-2.1\org.apache.lucene\lucene-codecs\6.2.0\99f887266b0ad9f2c286b3976c5bc48c8cd36624\lucene-codecs-6.2.0.jar;C:\projects\team3\client\rest\build\distributions\rest-5.0.0-alpha6-SNAPSHOT.jar;C:\Users\domin\.gradle\caches\modules-2\files-2.1\org.apache.httpcomponents\httpclient\4.5.2\733db77aa8d9b2d68015189df76ab06304406e50\httpclient-4.5.2.jar;C:\Users\domin\.gradle\caches\modules-2\files-2.1\org.apache.httpcomponents\httpcore\4.4.5\e7501a1b34325abb00d17dde96150604a0658b54\httpcore-4.4.5.jar;C:\Users\domin\.gradle\caches\modules-2\files-2.1\commons-logging\commons-logging\1.1.3\f6f66e966c70a83ffbdb6f17a0919eaf7c8aca7f\commons-logging-1.1.3.jar;C:\Users\domin\.gradle\caches\modules-2\files-2.1\commons-codec\commons-codec\1.10\4b95f4897fa13f2cd904aee711aeafc0c5295cd8\commons-codec-1.10.jar;C:\Users\domin\.gradle\caches\modules-2\files-2.1\org.elasticsearch\securemock\1.2\98201d4ad5ac93f6b415ae9172d52b5e7cda490e\securemock-1.2.jar;C:\Users\domin\.gradle\caches\modules-2\files-2.1\org.apache.httpcomponents\httpasyncclient\4.1.2\95aa3e6fb520191a0970a73cf09f62948ee614be\httpasyncclient-4.1.2.jar;C:\Users\domin\.gradle\caches\modules-2\files-2.1\org.apache.httpcomponents\httpcore-nio\4.4.5\f4be009e7505f6ceddf21e7960c759f413f15056\httpcore-nio-4.4.5.jar;C:\Users\domin\.gradle\caches\modules-2\files-2.1\com.carrotsearch.randomizedtesting\junit4-ant\2.3.2\dc8f03f6111974092491f35b8269eb0fc57f52f7\junit4-ant-2.3.2.jar"/>
      <property name="java.class.version" value="52.0"/>
      <property name="java.endorsed.dirs" value="C:\Program Files\Java\jdk1.8.0_65\jre\lib\endorsed"/>
      <property name="java.ext.dirs" value="C:\Program Files\Java\jdk1.8.0_65\jre\lib\ext;C:\WINDOWS\Sun\Java\lib\ext"/>
      <property name="java.home" value="C:\Program Files\Java\jdk1.8.0_65\jre"/>
      <property name="java.io.tmpdir" value="./temp"/>
      <property name="java.library.path" value="C:\Program Files\Java\jdk1.8.0_65\bin;C:\WINDOWS\Sun\Java\bin;C:\WINDOWS\system32;C:\WINDOWS;C:\Ruby22-x64\bin;C:\Imagick;C:\ProgramData\Oracle\Java\javapath;C:\Program Files (x86)\Intel\iCLS Client\;C:\Program Files\Intel\iCLS Client\;C:\Windows\system32;C:\Windows;C:\Windows\System32\Wbem;C:\Windows\System32\WindowsPowerShell\v1.0\;C:\Program Files (x86)\Intel\Intel(R) Management Engine Components\DAL;C:\Program Files\Intel\Intel(R) Management Engine Components\DAL;C:\Program Files (x86)\Intel\Intel(R) Management Engine Components\IPT;C:\Program Files\Intel\Intel(R) Management Engine Components\IPT;C:\Program Files (x86)\NVIDIA Corporation\PhysX\Common;C:\Program Files (x86)\Skype\Phone\;C:\xampp\php;C:\ProgramData\ComposerSetup\bin;C:\Program Files\Git\cmd;C:\Program Files\OpenVPN\bin;C:\Program Files\nodejs\;C:\WINDOWS\system32;C:\WINDOWS;C:\WINDOWS\System32\Wbem;C:\WINDOWS\System32\WindowsPowerShell\v1.0\;C:\Program Files\cURL\bin;C:\Program Files\gradle\2.13\bin;C:\Program Files\CMake\bin;C:\Program Files\flex_bison;C:\Program Files\doxygen\bin;C:\SonarQube\SonarQubeScanner\bin;C:\Users\domin\AppData\Local\Programs\Python\Python35-32\Scripts\;C:\Users\domin\AppData\Local\Programs\Python\Python35-32\;C:\Users\domin\AppData\Roaming\npm;C:\Users\domin\AppData\Local\Microsoft\WindowsApps;;."/>
      <property name="java.runtime.name" value="Java(TM) SE Runtime Environment"/>
      <property name="java.runtime.version" value="1.8.0_65-b17"/>
      <property name="java.specification.name" value="Java Platform API Specification"/>
      <property name="java.specification.vendor" value="Oracle Corporation"/>
      <property name="java.specification.version" value="1.8"/>
      <property name="java.vendor" value="Oracle Corporation"/>
      <property name="java.vendor.url" value="http://java.oracle.com/"/>
      <property name="java.vendor.url.bug" value="http://bugreport.sun.com/bugreport/"/>
      <property name="java.version" value="1.8.0_65"/>
      <property name="java.vm.info" value="mixed mode"/>
      <property name="java.vm.name" value="Java HotSpot(TM) 64-Bit Server VM"/>
      <property name="java.vm.specification.name" value="Java Virtual Machine Specification"/>
      <property name="java.vm.specification.vendor" value="Oracle Corporation"/>
      <property name="java.vm.specification.version" value="1.8"/>
      <property name="java.vm.vendor" value="Oracle Corporation"/>
      <property name="java.vm.version" value="25.65-b01"/>
      <property name="jna.nosys" value="true"/>
      <property name="junit4.childvm.count" value="3"/>
      <property name="junit4.childvm.cwd" value="C:\projects\team3\core\build\testrun\test\J0"/>
      <property name="junit4.childvm.id" value="0"/>
      <property name="junit4.memory.total" value="514850816"/>
      <property name="junit4.pidString" value="15428@LAPTOP-LKSM26S6"/>
      <property name="junit4.processors" value="4"/>
      <property name="line.separator" value="
"/>
      <property name="os.arch" value="amd64"/>
      <property name="os.name" value="Windows 10"/>
      <property name="os.version" value="10.0"/>
      <property name="path.separator" value=";"/>
      <property name="sun.arch.data.model" value="64"/>
      <property name="sun.boot.class.path" value="C:\Program Files\Java\jdk1.8.0_65\jre\lib\resources.jar;C:\Program Files\Java\jdk1.8.0_65\jre\lib\rt.jar;C:\Program Files\Java\jdk1.8.0_65\jre\lib\sunrsasign.jar;C:\Program Files\Java\jdk1.8.0_65\jre\lib\jsse.jar;C:\Program Files\Java\jdk1.8.0_65\jre\lib\jce.jar;C:\Program Files\Java\jdk1.8.0_65\jre\lib\charsets.jar;C:\Program Files\Java\jdk1.8.0_65\jre\lib\jfr.jar;C:\Program Files\Java\jdk1.8.0_65\jre\classes"/>
      <property name="sun.boot.library.path" value="C:\Program Files\Java\jdk1.8.0_65\jre\bin"/>
      <property name="sun.cpu.endian" value="little"/>
      <property name="sun.cpu.isalist" value="amd64"/>
      <property name="sun.desktop" value="windows"/>
      <property name="sun.io.unicode.encoding" value="UnicodeLittle"/>
      <property name="sun.java.command" value="com.carrotsearch.ant.tasks.junit4.slave.SlaveMainSafe -eventsfile C:\projects\team3\core\build\testrun\test\temp\junit4-J0-20160915_123537_460.events @C:\projects\team3\core\build\testrun\test\temp\junit4-J0-20160915_123537_460.suites -stdin"/>
      <property name="sun.java.launcher" value="SUN_STANDARD"/>
      <property name="sun.jnu.encoding" value="Cp1252"/>
      <property name="sun.management.compiler" value="HotSpot 64-Bit Tiered Compilers"/>
      <property name="sun.os.patch.level" value=""/>
      <property name="tests.artifact" value="core"/>
      <property name="tests.gradle" value="true"/>
      <property name="tests.ifNoTests" value="fail"/>
      <property name="tests.logger.level" value="WARN"/>
      <property name="tests.prefix" value="tests"/>
      <property name="tests.security.manager" value="true"/>
      <property name="tests.seed" value="9CF13790D965C5A7"/>
      <property name="tests.task" value=":core:test"/>
      <property name="user.country" value="AT"/>
      <property name="user.dir" value="C:\projects\team3\core\build\testrun\test\J0"/>
      <property name="user.home" value="C:\Users\domin"/>
      <property name="user.language" value="de"/>
      <property name="user.name" value="domin"/>
      <property name="user.script" value=""/>
      <property name="user.timezone" value=""/>
      <property name="user.variant" value=""/>
   </properties>
   <testcase classname="org.elasticsearch.index.engine.InternalEngineTests" name="testMissingTranslog" time="0.134"/>
   <testcase classname="org.elasticsearch.index.engine.InternalEngineTests" name="testCurrentTranslogIDisCommitted" time="0.497"/>
   <testcase classname="org.elasticsearch.index.engine.InternalEngineTests" name="testRetryWithAutogeneratedIdsAndWrongOrderWorksAndNoDuplicateDocs" time="0.25"/>
   <testcase classname="org.elasticsearch.index.engine.InternalEngineTests" name="testEnableGcDeletes" time="1.174"/>
   <testcase classname="org.elasticsearch.index.engine.InternalEngineTests" name="testCommitStats" time="0.072"/>
   <testcase classname="org.elasticsearch.index.engine.InternalEngineTests" name="testVerboseSegments" time="0.182"/>
   <testcase classname="org.elasticsearch.index.engine.InternalEngineTests" name="testTranslogRecoveryDoesNotReplayIntoTranslog" time="0.265"/>
   <testcase classname="org.elasticsearch.index.engine.InternalEngineTests" name="testSimpleOperations" time="0.37"/>
   <testcase classname="org.elasticsearch.index.engine.InternalEngineTests" name="testVersioningReplicaConflict2" time="0.071"/>
   <testcase classname="org.elasticsearch.index.engine.InternalEngineTests" name="testFlushIsDisabledDuringTranslogRecovery" time="0.169"/>
   <testcase classname="org.elasticsearch.index.engine.InternalEngineTests" name="testFailStart" time="1.21"/>
   <testcase classname="org.elasticsearch.index.engine.InternalEngineTests" name="testVersioningCreateExistsExceptionWithFlush" time="0.222"/>
   <testcase classname="org.elasticsearch.index.engine.InternalEngineTests" name="testRetryConcurrently" time="1.414"/>
   <testcase classname="org.elasticsearch.index.engine.InternalEngineTests" name="testVersioningIndexConflictWithFlush" time="0.207"/>
   <testcase classname="org.elasticsearch.index.engine.InternalEngineTests" name="testVersioningDeleteConflictWithFlush" time="0.175"/>
   <testcase classname="org.elasticsearch.index.engine.InternalEngineTests" name="testExternalVersioningIndexConflict" time="0.04"/>
   <testcase classname="org.elasticsearch.index.engine.InternalEngineTests" name="testDoubleDelivery" time="0.092"/>
   <testcase classname="org.elasticsearch.index.engine.InternalEngineTests" name="testSkipTranslogReplay" time="0.063"/>
   <testcase classname="org.elasticsearch.index.engine.InternalEngineTests" name="testVersioningNewCreate" time="0.036"/>
   <testcase classname="org.elasticsearch.index.engine.InternalEngineTests" name="testSegmentsWithMergeFlag" time="0.148"/>
   <testcase classname="org.elasticsearch.index.engine.InternalEngineTests" name="testIndexWriterIFDInfoStream" time="0.141"/>
   <testcase classname="org.elasticsearch.index.engine.InternalEngineTests" name="testSegments" time="0.139"/>
   <testcase classname="org.elasticsearch.index.engine.InternalEngineTests" name="testSyncedFlush" time="0.133"/>
   <testcase classname="org.elasticsearch.index.engine.InternalEngineTests" name="testTranslogMultipleOperationsSameDocument" time="0.156"/>
   <testcase classname="org.elasticsearch.index.engine.InternalEngineTests" name="testExternalVersioningNewIndex" time="0.111"/>
   <testcase classname="org.elasticsearch.index.engine.InternalEngineTests" name="testSegmentsStatsIncludingFileSizes" time="0.132"/>
   <testcase classname="org.elasticsearch.index.engine.InternalEngineTests" name="testShardNotAvailableExceptionWhenEngineClosedConcurrently" time="0.04"/>
   <testcase classname="org.elasticsearch.index.engine.InternalEngineTests" name="testForceMergeAndClose" time="1.205"/>
   <testcase classname="org.elasticsearch.index.engine.InternalEngineTests" name="testDocStats" time="0.116"/>
   <testcase classname="org.elasticsearch.index.engine.InternalEngineTests" name="testRecoverFromForeignTranslog" time="0.171"/>
   <testcase classname="org.elasticsearch.index.engine.InternalEngineTests" name="testAppendConcurrently" time="0.786"/>
   <testcase classname="org.elasticsearch.index.engine.InternalEngineTests" name="testVersioningNewIndex" time="0.154"/>
   <testcase classname="org.elasticsearch.index.engine.InternalEngineTests" name="testBasicCreatedFlag" time="0.069"/>
   <testcase classname="org.elasticsearch.index.engine.InternalEngineTests" name="testVersioningDeleteConflict" time="0.064"/>
   <testcase classname="org.elasticsearch.index.engine.InternalEngineTests" name="testExternalVersioningIndexConflictWithFlush" time="0.112"/>
   <testcase classname="org.elasticsearch.index.engine.InternalEngineTests" name="testTranslogReplay" time="0.28"/>
   <testcase classname="org.elasticsearch.index.engine.InternalEngineTests" name="testRetryWithAutogeneratedIdWorksAndNoDuplicateDocs" time="0.063"/>
   <testcase classname="org.elasticsearch.index.engine.InternalEngineTests" name="testConcurrentGetAndFlush" time="0.126"/>
   <testcase classname="org.elasticsearch.index.engine.InternalEngineTests" name="testCreatedFlagAfterFlush" time="0.126"/>
   <testcase classname="org.elasticsearch.index.engine.InternalEngineTests" name="testVersioningCreateExistsException" time="0.077"/>
   <testcase classname="org.elasticsearch.index.engine.InternalEngineTests" name="testUpgradeOldIndex" time="3.555"/>
   <testcase classname="org.elasticsearch.index.engine.InternalEngineTests" name="testSycnedFlushVanishesOnReplay" time="0.252"/>
   <testcase classname="org.elasticsearch.index.engine.InternalEngineTests" name="testIndexWriterInfoStream" time="0.173"/>
   <testcase classname="org.elasticsearch.index.engine.InternalEngineTests" name="testSearchResultRelease" time="0.123"/>
   <testcase classname="org.elasticsearch.index.engine.InternalEngineTests" name="testVersioningReplicaConflict1" time="0.059"/>
   <testcase classname="org.elasticsearch.index.engine.InternalEngineTests" name="testSycnedFlushSurvivesEngineRestart" time="0.072"/>
   <testcase classname="org.elasticsearch.index.engine.InternalEngineTests" name="testExtractShardId" time="0.057"/>
   <testcase classname="org.elasticsearch.index.engine.InternalEngineTests" name="testForceMerge" time="0.505"/>
   <testcase classname="org.elasticsearch.index.engine.InternalEngineTests" name="testRenewSyncFlush" time="0.715"/>
   <testcase classname="org.elasticsearch.index.engine.InternalEngineTests" name="testSettings" time="0.088"/>
   <testcase classname="org.elasticsearch.index.engine.InternalEngineTests" name="testVersioningIndexConflict" time="0.045"/>
   <testcase classname="org.elasticsearch.index.engine.InternalEngineTests" name="testIndexSearcherWrapper" time="0.12"/>
   <testcase classname="org.elasticsearch.index.engine.InternalEngineTests" name="testTranslogReplayWithFailure" time="0.288"/>
   <system-out><![CDATA[2016-09-15 06:40:16,610 TEST-InternalEngineTests.testIndexWriterIFDInfoStream-seed#[9CF13790D965C5A7] ERROR Attempted to append to non-started appender testIndexWriterIFDInfoStream
[2016-09-15T06:40:16,610][TRACE][org.elasticsearch.index.engine.lucene.iw.ifd]  [index][1] TEST-InternalEngineTests.testIndexWriterIFDInfoStream-seed#[9CF13790D965C5A7] IFD: now checkpoint "_0(6.2.0):c1 _1(6.2.0):c1" [2 segments ; isCommit = false]
2016-09-15 06:40:16,612 TEST-InternalEngineTests.testIndexWriterIFDInfoStream-seed#[9CF13790D965C5A7] ERROR Attempted to append to non-started appender testIndexWriterIFDInfoStream
[2016-09-15T06:40:16,611][TRACE][org.elasticsearch.index.engine.lucene.iw.ifd]  [index][1] TEST-InternalEngineTests.testIndexWriterIFDInfoStream-seed#[9CF13790D965C5A7] IFD: delete []
2016-09-15 06:40:16,612 TEST-InternalEngineTests.testIndexWriterIFDInfoStream-seed#[9CF13790D965C5A7] ERROR Attempted to append to non-started appender testIndexWriterIFDInfoStream
[2016-09-15T06:40:16,612][TRACE][org.elasticsearch.index.engine.lucene.iw.ifd]  [index][1] TEST-InternalEngineTests.testIndexWriterIFDInfoStream-seed#[9CF13790D965C5A7] IFD: 2 msec to checkpoint
2016-09-15 06:40:16,613 TEST-InternalEngineTests.testIndexWriterIFDInfoStream-seed#[9CF13790D965C5A7] ERROR Attempted to append to non-started appender testIndexWriterIFDInfoStream
[2016-09-15T06:40:16,613][TRACE][org.elasticsearch.index.engine.lucene.iw.ifd]  [index][1] TEST-InternalEngineTests.testIndexWriterIFDInfoStream-seed#[9CF13790D965C5A7] IFD: will delete new file "_1_Asserting_0.dvm"
[2016-09-15T06:40:16,613][TRACE][org.elasticsearch.index.engine.lucene.iw.ifd]  [index][1] TEST-InternalEngineTests.testIndexWriterIFDInfoStream-seed#[9CF13790D965C5A7] IFD: will delete new file "_1_Asserting_0.tip"
[2016-09-15T06:40:16,614][TRACE][org.elasticsearch.index.engine.lucene.iw.ifd]  [index][1] TEST-InternalEngineTests.testIndexWriterIFDInfoStream-seed#[9CF13790D965C5A7] IFD: will delete new file "_1.nvd"
[2016-09-15T06:40:16,614][TRACE][org.elasticsearch.index.engine.lucene.iw.ifd]  [index][1] TEST-InternalEngineTests.testIndexWriterIFDInfoStream-seed#[9CF13790D965C5A7] IFD: will delete new file "_1_Asserting_0.doc"
[2016-09-15T06:40:16,614][TRACE][org.elasticsearch.index.engine.lucene.iw.ifd]  [index][1] TEST-InternalEngineTests.testIndexWriterIFDInfoStream-seed#[9CF13790D965C5A7] IFD: will delete new file "_1_Asserting_0.tim"
[2016-09-15T06:40:16,614][TRACE][org.elasticsearch.index.engine.lucene.iw.ifd]  [index][1] TEST-InternalEngineTests.testIndexWriterIFDInfoStream-seed#[9CF13790D965C5A7] IFD: will delete new file "_1_Asserting_0.dvd"
[2016-09-15T06:40:16,614][TRACE][org.elasticsearch.index.engine.lucene.iw.ifd]  [index][1] TEST-InternalEngineTests.testIndexWriterIFDInfoStream-seed#[9CF13790D965C5A7] IFD: will delete new file "_1_Asserting_0.pos"
[2016-09-15T06:40:16,614][TRACE][org.elasticsearch.index.engine.lucene.iw.ifd]  [index][1] TEST-InternalEngineTests.testIndexWriterIFDInfoStream-seed#[9CF13790D965C5A7] IFD: will delete new file "_1.fdx"
[2016-09-15T06:40:16,614][TRACE][org.elasticsearch.index.engine.lucene.iw.ifd]  [index][1] TEST-InternalEngineTests.testIndexWriterIFDInfoStream-seed#[9CF13790D965C5A7] IFD: will delete new file "_1.nvm"
[2016-09-15T06:40:16,614][TRACE][org.elasticsearch.index.engine.lucene.iw.ifd]  [index][1] TEST-InternalEngineTests.testIndexWriterIFDInfoStream-seed#[9CF13790D965C5A7] IFD: will delete new file "_1.fnm"
[2016-09-15T06:40:16,614][TRACE][org.elasticsearch.index.engine.lucene.iw.ifd]  [index][1] TEST-InternalEngineTests.testIndexWriterIFDInfoStream-seed#[9CF13790D965C5A7] IFD: will delete new file "_1.fdt"
[2016-09-15T06:40:16,615][TRACE][org.elasticsearch.index.engine.lucene.iw.ifd]  [index][1] TEST-InternalEngineTests.testIndexWriterIFDInfoStream-seed#[9CF13790D965C5A7] IFD: delete [_1_Asserting_0.dvm, _1_Asserting_0.tip, _1.nvd, _1_Asserting_0.doc, _1_Asserting_0.tim, _1_Asserting_0.dvd, _1_Asserting_0.pos, _1.fdx, _1.nvm, _1.fnm, _1.fdt]
[2016-09-15T06:40:16,615][TRACE][org.elasticsearch.index.engine.lucene.iw.ifd]  [index][1] TEST-InternalEngineTests.testIndexWriterIFDInfoStream-seed#[9CF13790D965C5A7] IFD: now checkpoint "_0(6.2.0):c1 _1(6.2.0):c1" [2 segments ; isCommit = true]
[2016-09-15T06:40:16,615][TRACE][org.elasticsearch.index.engine.lucene.iw.ifd]  [index][1] TEST-InternalEngineTests.testIndexWriterIFDInfoStream-seed#[9CF13790D965C5A7] IFD: deleteCommits: now decRef commit "segments_2"
[2016-09-15T06:40:16,615][TRACE][org.elasticsearch.index.engine.lucene.iw.ifd]  [index][1] TEST-InternalEngineTests.testIndexWriterIFDInfoStream-seed#[9CF13790D965C5A7] IFD: delete [segments_2]
[2016-09-15T06:40:16,615][TRACE][org.elasticsearch.index.engine.lucene.iw.ifd]  [index][1] TEST-InternalEngineTests.testIndexWriterIFDInfoStream-seed#[9CF13790D965C5A7] IFD: 0 msec to checkpoint
[2016-09-15T06:40:16,615][TRACE][org.elasticsearch.index.engine.lucene.iw.ifd]  [index][1] TEST-InternalEngineTests.testIndexWriterIFDInfoStream-seed#[9CF13790D965C5A7] IFD: delete []
[2016-09-15T06:40:16,617][TRACE][org.elasticsearch.index.engine.lucene.iw.ifd]  [index][1] TEST-InternalEngineTests.testIndexWriterIFDInfoStream-seed#[9CF13790D965C5A7] IFD: delete []
[2016-09-15T06:40:17,340][INFO ][org.elasticsearch.index.engine]  [index][1] try with flush
[2016-09-15T06:40:17,343][INFO ][org.elasticsearch.index.engine]  [index][1] exception caught: 
org.elasticsearch.index.engine.EngineClosedException: CurrentState[CLOSED] Closed
	at org.elasticsearch.index.engine.Engine.ensureOpen(Engine.java:380) ~[main/:?]
	at org.elasticsearch.index.engine.InternalEngine.flush(InternalEngine.java:754) ~[main/:?]
	at org.elasticsearch.index.engine.InternalEngineTests$7.run(InternalEngineTests.java:2095) ~[test/:?]
[2016-09-15T06:40:17,439][INFO ][org.elasticsearch.index.engine]  [index][1] starting segment upgrade upgradeOnlyAncientSegments=true
[2016-09-15T06:40:17,439][INFO ][org.elasticsearch.index.engine]  [index][1] finished segment upgrade
[2016-09-15T06:40:17,439][INFO ][org.elasticsearch.index.engine]  [index][1] starting segment upgrade upgradeOnlyAncientSegments=true
[2016-09-15T06:40:17,439][INFO ][org.elasticsearch.index.engine]  [index][1] finished segment upgrade
[2016-09-15T06:40:17,440][INFO ][org.elasticsearch.index.engine]  [index][1] starting segment upgrade upgradeOnlyAncientSegments=true
[2016-09-15T06:40:17,440][INFO ][org.elasticsearch.index.engine]  [index][1] finished segment upgrade
[2016-09-15T06:40:17,508][INFO ][org.elasticsearch.index.engine]  [index][1] starting segment upgrade upgradeOnlyAncientSegments=false
[2016-09-15T06:40:17,508][INFO ][org.elasticsearch.index.engine]  [index][1] finished segment upgrade
[2016-09-15T06:40:17,508][INFO ][org.elasticsearch.index.engine]  [index][1] starting segment upgrade upgradeOnlyAncientSegments=true
[2016-09-15T06:40:17,509][INFO ][org.elasticsearch.index.engine]  [index][1] finished segment upgrade
[2016-09-15T06:40:17,877][INFO ][org.elasticsearch.index.engine]  [index][1] starting segment upgrade upgradeOnlyAncientSegments=true
[2016-09-15T06:40:17,878][INFO ][org.elasticsearch.index.engine]  [index][1] finished segment upgrade
[2016-09-15T06:40:17,878][INFO ][org.elasticsearch.index.engine]  [index][1] starting segment upgrade upgradeOnlyAncientSegments=true
[2016-09-15T06:40:17,883][INFO ][org.elasticsearch.index.engine]  [index][1] finished segment upgrade
[2016-09-15T06:40:17,883][INFO ][org.elasticsearch.index.engine]  [index][1] starting segment upgrade upgradeOnlyAncientSegments=true
[2016-09-15T06:40:17,976][INFO ][org.elasticsearch.index.engine]  [index][1] finished segment upgrade
[2016-09-15T06:40:18,039][INFO ][org.elasticsearch.index.engine]  [index][1] starting segment upgrade upgradeOnlyAncientSegments=false
[2016-09-15T06:40:18,039][INFO ][org.elasticsearch.index.engine]  [index][1] finished segment upgrade
[2016-09-15T06:40:18,317][INFO ][org.elasticsearch.index.engine]  [index][1] starting segment upgrade upgradeOnlyAncientSegments=false
[2016-09-15T06:40:18,509][INFO ][org.elasticsearch.index.engine]  [index][1] finished segment upgrade
[2016-09-15T06:40:18,509][INFO ][org.elasticsearch.index.engine]  [index][1] starting segment upgrade upgradeOnlyAncientSegments=true
[2016-09-15T06:40:18,510][INFO ][org.elasticsearch.index.engine]  [index][1] finished segment upgrade
[2016-09-15T06:40:24,590][TRACE][org.elasticsearch.index.engine]  [index][1] acquired flush lock immediately
2016-09-15 06:40:24,590 TEST-InternalEngineTests.testIndexWriterInfoStream-seed#[9CF13790D965C5A7] ERROR Attempted to append to non-started appender testIndexWriterInfoStream
[2016-09-15T06:40:24,605][TRACE][org.elasticsearch.index.translog]  [index][1] current translog set to [3]
2016-09-15 06:40:24,606 TEST-InternalEngineTests.testIndexWriterInfoStream-seed#[9CF13790D965C5A7] ERROR Attempted to append to non-started appender testIndexWriterInfoStream
[2016-09-15T06:40:24,606][TRACE][org.elasticsearch.index.engine]  [index][1] starting commit for flush; commitTranslog=true
2016-09-15 06:40:24,607 TEST-InternalEngineTests.testIndexWriterInfoStream-seed#[9CF13790D965C5A7] ERROR Attempted to append to non-started appender testIndexWriterInfoStream
[2016-09-15T06:40:24,607][TRACE][org.elasticsearch.index.engine]  [index][1] committing writer with translog id [3]  and sync id [null] 
2016-09-15 06:40:24,607 TEST-InternalEngineTests.testIndexWriterInfoStream-seed#[9CF13790D965C5A7] ERROR Attempted to append to non-started appender testIndexWriterInfoStream
[2016-09-15T06:40:24,608][TRACE][org.elasticsearch.index.engine.lucene.iw]  [index][1] TEST-InternalEngineTests.testIndexWriterInfoStream-seed#[9CF13790D965C5A7] IW: commit: start
[2016-09-15T06:40:24,608][TRACE][org.elasticsearch.index.engine.lucene.iw]  [index][1] TEST-InternalEngineTests.testIndexWriterInfoStream-seed#[9CF13790D965C5A7] IW: commit: enter lock
[2016-09-15T06:40:24,608][TRACE][org.elasticsearch.index.engine.lucene.iw]  [index][1] TEST-InternalEngineTests.testIndexWriterInfoStream-seed#[9CF13790D965C5A7] IW: commit: now prepare
[2016-09-15T06:40:24,608][TRACE][org.elasticsearch.index.engine.lucene.iw]  [index][1] TEST-InternalEngineTests.testIndexWriterInfoStream-seed#[9CF13790D965C5A7] IW: prepareCommit: flush
[2016-09-15T06:40:24,608][TRACE][org.elasticsearch.index.engine.lucene.iw]  [index][1] TEST-InternalEngineTests.testIndexWriterInfoStream-seed#[9CF13790D965C5A7] IW:   index before flush _0(6.2.0):c1
[2016-09-15T06:40:24,608][TRACE][org.elasticsearch.index.engine.lucene.iw]  [index][1] TEST-InternalEngineTests.testIndexWriterInfoStream-seed#[9CF13790D965C5A7] DW: startFullFlush
[2016-09-15T06:40:24,608][TRACE][org.elasticsearch.index.engine.lucene.iw]  [index][1] TEST-InternalEngineTests.testIndexWriterInfoStream-seed#[9CF13790D965C5A7] DW: anyChanges? numDocsInRam=1 deletes=false hasTickets:false pendingChangesInFullFlush: false
[2016-09-15T06:40:24,608][TRACE][org.elasticsearch.index.engine.lucene.iw]  [index][1] TEST-InternalEngineTests.testIndexWriterInfoStream-seed#[9CF13790D965C5A7] DWFC: addFlushableState DocumentsWriterPerThread [pendingDeletes=gen=0, segment=_1, aborted=false, numDocsInRAM=1, deleteQueue=DWDQ: [ generation: 4 ]]
[2016-09-15T06:40:24,608][TRACE][org.elasticsearch.index.engine.lucene.iw]  [index][1] TEST-InternalEngineTests.testIndexWriterInfoStream-seed#[9CF13790D965C5A7] DWPT: flush postings as segment _1 numDocs=1
[2016-09-15T06:40:24,609][TRACE][org.elasticsearch.index.engine.lucene.iw]  [index][1] TEST-InternalEngineTests.testIndexWriterInfoStream-seed#[9CF13790D965C5A7] IW: 0 msec to write norms
[2016-09-15T06:40:24,609][TRACE][org.elasticsearch.index.engine.lucene.iw]  [index][1] TEST-InternalEngineTests.testIndexWriterInfoStream-seed#[9CF13790D965C5A7] IW: 0 msec to write docValues
[2016-09-15T06:40:24,609][TRACE][org.elasticsearch.index.engine.lucene.iw]  [index][1] TEST-InternalEngineTests.testIndexWriterInfoStream-seed#[9CF13790D965C5A7] IW: 0 msec to write points
[2016-09-15T06:40:24,609][TRACE][org.elasticsearch.index.engine.lucene.iw]  [index][1] TEST-InternalEngineTests.testIndexWriterInfoStream-seed#[9CF13790D965C5A7] IW: 0 msec to finish stored fields
[2016-09-15T06:40:24,610][TRACE][org.elasticsearch.index.engine.lucene.iw]  [index][1] TEST-InternalEngineTests.testIndexWriterInfoStream-seed#[9CF13790D965C5A7] IW: 0 msec to write postings and finish vectors
[2016-09-15T06:40:24,610][TRACE][org.elasticsearch.index.engine.lucene.iw]  [index][1] TEST-InternalEngineTests.testIndexWriterInfoStream-seed#[9CF13790D965C5A7] IW: 0 msec to write fieldInfos
[2016-09-15T06:40:24,610][TRACE][org.elasticsearch.index.engine.lucene.iw]  [index][1] TEST-InternalEngineTests.testIndexWriterInfoStream-seed#[9CF13790D965C5A7] DWPT: new segment has 0 deleted docs
[2016-09-15T06:40:24,610][TRACE][org.elasticsearch.index.engine.lucene.iw]  [index][1] TEST-InternalEngineTests.testIndexWriterInfoStream-seed#[9CF13790D965C5A7] DWPT: new segment has no vectors; norms; docValues; prox; freqs
[2016-09-15T06:40:24,610][TRACE][org.elasticsearch.index.engine.lucene.iw]  [index][1] TEST-InternalEngineTests.testIndexWriterInfoStream-seed#[9CF13790D965C5A7] DWPT: flushedFiles=[_1_Asserting_0.dvm, _1_Asserting_0.tip, _1.nvd, _1_Asserting_0.doc, _1_Asserting_0.tim, _1_Asserting_0.dvd, _1_Asserting_0.pos, _1.fdx, _1.nvm, _1.fnm, _1.fdt]
[2016-09-15T06:40:24,610][TRACE][org.elasticsearch.index.engine.lucene.iw]  [index][1] TEST-InternalEngineTests.testIndexWriterInfoStream-seed#[9CF13790D965C5A7] DWPT: flushed codec=Asserting(Lucene62)
[2016-09-15T06:40:24,611][TRACE][org.elasticsearch.index.engine.lucene.iw]  [index][1] TEST-InternalEngineTests.testIndexWriterInfoStream-seed#[9CF13790D965C5A7] DWPT: flushed: segment=_1 ramUsed=0.087 MB newFlushedSize=0.001 MB docs/MB=771.012
[2016-09-15T06:40:24,611][TRACE][org.elasticsearch.index.engine.lucene.iw]  [index][1] TEST-InternalEngineTests.testIndexWriterInfoStream-seed#[9CF13790D965C5A7] IW: create compound file
[2016-09-15T06:40:24,612][TRACE][org.elasticsearch.index.engine.lucene.iw]  [index][1] TEST-InternalEngineTests.testIndexWriterInfoStream-seed#[9CF13790D965C5A7] DWPT: flush time 4.151669 msec
[2016-09-15T06:40:24,613][TRACE][org.elasticsearch.index.engine.lucene.iw]  [index][1] TEST-InternalEngineTests.testIndexWriterInfoStream-seed#[9CF13790D965C5A7] DW: publishFlushedSegment seg-private updates=null
[2016-09-15T06:40:24,613][TRACE][org.elasticsearch.index.engine.lucene.iw]  [index][1] TEST-InternalEngineTests.testIndexWriterInfoStream-seed#[9CF13790D965C5A7] IW: publishFlushedSegment
[2016-09-15T06:40:24,613][TRACE][org.elasticsearch.index.engine.lucene.iw]  [index][1] TEST-InternalEngineTests.testIndexWriterInfoStream-seed#[9CF13790D965C5A7] IW: publish sets newSegment delGen=6 seg=_1(6.2.0):c1
[2016-09-15T06:40:24,613][TRACE][org.elasticsearch.index.engine.lucene.iw.ifd]  [index][1] TEST-InternalEngineTests.testIndexWriterInfoStream-seed#[9CF13790D965C5A7] IFD: now checkpoint "_0(6.2.0):c1 _1(6.2.0):c1" [2 segments ; isCommit = false]
[2016-09-15T06:40:24,613][TRACE][org.elasticsearch.index.engine.lucene.iw.ifd]  [index][1] TEST-InternalEngineTests.testIndexWriterInfoStream-seed#[9CF13790D965C5A7] IFD: delete []
[2016-09-15T06:40:24,613][TRACE][org.elasticsearch.index.engine.lucene.iw.ifd]  [index][1] TEST-InternalEngineTests.testIndexWriterInfoStream-seed#[9CF13790D965C5A7] IFD: 0 msec to checkpoint
[2016-09-15T06:40:24,613][TRACE][org.elasticsearch.index.engine.lucene.iw.ifd]  [index][1] TEST-InternalEngineTests.testIndexWriterInfoStream-seed#[9CF13790D965C5A7] IFD: will delete new file "_1_Asserting_0.dvm"
[2016-09-15T06:40:24,613][TRACE][org.elasticsearch.index.engine.lucene.iw.ifd]  [index][1] TEST-InternalEngineTests.testIndexWriterInfoStream-seed#[9CF13790D965C5A7] IFD: will delete new file "_1_Asserting_0.tip"
[2016-09-15T06:40:24,613][TRACE][org.elasticsearch.index.engine.lucene.iw.ifd]  [index][1] TEST-InternalEngineTests.testIndexWriterInfoStream-seed#[9CF13790D965C5A7] IFD: will delete new file "_1.nvd"
[2016-09-15T06:40:24,613][TRACE][org.elasticsearch.index.engine.lucene.iw.ifd]  [index][1] TEST-InternalEngineTests.testIndexWriterInfoStream-seed#[9CF13790D965C5A7] IFD: will delete new file "_1_Asserting_0.doc"
[2016-09-15T06:40:24,613][TRACE][org.elasticsearch.index.engine.lucene.iw.ifd]  [index][1] TEST-InternalEngineTests.testIndexWriterInfoStream-seed#[9CF13790D965C5A7] IFD: will delete new file "_1_Asserting_0.tim"
[2016-09-15T06:40:24,613][TRACE][org.elasticsearch.index.engine.lucene.iw.ifd]  [index][1] TEST-InternalEngineTests.testIndexWriterInfoStream-seed#[9CF13790D965C5A7] IFD: will delete new file "_1_Asserting_0.dvd"
[2016-09-15T06:40:24,613][TRACE][org.elasticsearch.index.engine.lucene.iw.ifd]  [index][1] TEST-InternalEngineTests.testIndexWriterInfoStream-seed#[9CF13790D965C5A7] IFD: will delete new file "_1_Asserting_0.pos"
[2016-09-15T06:40:24,613][TRACE][org.elasticsearch.index.engine.lucene.iw.ifd]  [index][1] TEST-InternalEngineTests.testIndexWriterInfoStream-seed#[9CF13790D965C5A7] IFD: will delete new file "_1.fdx"
[2016-09-15T06:40:24,620][TRACE][org.elasticsearch.index.engine.lucene.iw.ifd]  [index][1] TEST-InternalEngineTests.testIndexWriterInfoStream-seed#[9CF13790D965C5A7] IFD: will delete new file "_1.nvm"
[2016-09-15T06:40:24,621][TRACE][org.elasticsearch.index.engine.lucene.iw.ifd]  [index][1] TEST-InternalEngineTests.testIndexWriterInfoStream-seed#[9CF13790D965C5A7] IFD: will delete new file "_1.fnm"
[2016-09-15T06:40:24,621][TRACE][org.elasticsearch.index.engine.lucene.iw.ifd]  [index][1] TEST-InternalEngineTests.testIndexWriterInfoStream-seed#[9CF13790D965C5A7] IFD: will delete new file "_1.fdt"
[2016-09-15T06:40:24,621][TRACE][org.elasticsearch.index.engine.lucene.iw.ifd]  [index][1] TEST-InternalEngineTests.testIndexWriterInfoStream-seed#[9CF13790D965C5A7] IFD: delete [_1_Asserting_0.dvm, _1_Asserting_0.tip, _1.nvd, _1_Asserting_0.doc, _1_Asserting_0.tim, _1_Asserting_0.dvd, _1_Asserting_0.pos, _1.fdx, _1.nvm, _1.fnm, _1.fdt]
[2016-09-15T06:40:24,621][TRACE][org.elasticsearch.index.store.deletes] [index][1] StoreDirectory.deleteFile: delete file _1_Asserting_0.dvm
[2016-09-15T06:40:24,624][TRACE][org.elasticsearch.index.store.deletes] [index][1] StoreDirectory.deleteFile: delete file _1_Asserting_0.tip
[2016-09-15T06:40:24,626][TRACE][org.elasticsearch.index.store.deletes] [index][1] StoreDirectory.deleteFile: delete file _1.nvd
[2016-09-15T06:40:24,626][TRACE][org.elasticsearch.index.store.deletes] [index][1] StoreDirectory.deleteFile: delete file _1_Asserting_0.doc
[2016-09-15T06:40:24,627][TRACE][org.elasticsearch.index.store.deletes] [index][1] StoreDirectory.deleteFile: delete file _1_Asserting_0.tim
[2016-09-15T06:40:24,628][TRACE][org.elasticsearch.index.store.deletes] [index][1] StoreDirectory.deleteFile: delete file _1_Asserting_0.dvd
[2016-09-15T06:40:24,628][TRACE][org.elasticsearch.index.store.deletes] [index][1] StoreDirectory.deleteFile: delete file _1_Asserting_0.pos
[2016-09-15T06:40:24,630][TRACE][org.elasticsearch.index.store.deletes] [index][1] StoreDirectory.deleteFile: delete file _1.fdx
[2016-09-15T06:40:24,631][TRACE][org.elasticsearch.index.store.deletes] [index][1] StoreDirectory.deleteFile: delete file _1.nvm
[2016-09-15T06:40:24,632][TRACE][org.elasticsearch.index.store.deletes] [index][1] StoreDirectory.deleteFile: delete file _1.fnm
[2016-09-15T06:40:24,632][TRACE][org.elasticsearch.index.store.deletes] [index][1] StoreDirectory.deleteFile: delete file _1.fdt
[2016-09-15T06:40:24,632][TRACE][org.elasticsearch.index.engine.lucene.iw]  [index][1] TEST-InternalEngineTests.testIndexWriterInfoStream-seed#[9CF13790D965C5A7] IW: apply all deletes during flush
[2016-09-15T06:40:24,632][TRACE][org.elasticsearch.index.engine.lucene.iw]  [index][1] TEST-InternalEngineTests.testIndexWriterInfoStream-seed#[9CF13790D965C5A7] IW: now apply all deletes for all segments maxDoc=2
[2016-09-15T06:40:24,632][TRACE][org.elasticsearch.index.engine.lucene.iw]  [index][1] TEST-InternalEngineTests.testIndexWriterInfoStream-seed#[9CF13790D965C5A7] BD: applyDeletes: open segment readers took 0 msec
[2016-09-15T06:40:24,632][TRACE][org.elasticsearch.index.engine.lucene.iw]  [index][1] TEST-InternalEngineTests.testIndexWriterInfoStream-seed#[9CF13790D965C5A7] BD: applyDeletes: no segments; skipping
[2016-09-15T06:40:24,632][TRACE][org.elasticsearch.index.engine.lucene.iw]  [index][1] TEST-InternalEngineTests.testIndexWriterInfoStream-seed#[9CF13790D965C5A7] BD: prune sis=segments_2: _0(6.2.0):c1 _1(6.2.0):c1 minGen=3 packetCount=0
[2016-09-15T06:40:24,633][TRACE][org.elasticsearch.index.engine.lucene.iw]  [index][1] TEST-InternalEngineTests.testIndexWriterInfoStream-seed#[9CF13790D965C5A7] DW: TEST-InternalEngineTests.testIndexWriterInfoStream-seed#[9CF13790D965C5A7] finishFullFlush success=true
[2016-09-15T06:40:24,633][TRACE][org.elasticsearch.index.engine.lucene.iw]  [index][1] TEST-InternalEngineTests.testIndexWriterInfoStream-seed#[9CF13790D965C5A7] IW: 
dir=store(MockDirectoryWrapper(RAMDirectory@6f34a1f lockFactory=org.apache.lucene.store.SingleInstanceLockFactory@b2edad6))
index=_0(6.2.0):c1 _1(6.2.0):c1
version=6.2.0
analyzer=org.apache.lucene.analysis.MockAnalyzer
ramBufferSizeMB=256.0
maxBufferedDocs=-1
maxBufferedDeleteTerms=-1
mergedSegmentWarmer=null
delPolicy=org.apache.lucene.index.SnapshotDeletionPolicy
commit=null
openMode=CREATE
similarity=org.apache.lucene.search.similarities.RandomSimilarity
mergeScheduler=EngineMergeScheduler: maxThreadCount=2, maxMergeCount=7, ioThrottle=true
codec=Asserting(Lucene62)
infoStream=org.elasticsearch.common.lucene.LoggerInfoStream
mergePolicy=ElasticsearchMergePolicy([LogDocMergePolicy: minMergeSize=1000, mergeFactor=14, maxMergeSize=9223372036854775807, maxMergeSizeForForcedMerge=9223372036854775807, calibrateSizeByDeletes=false, maxMergeDocs=2147483647, maxCFSSegmentSizeMB=8.796093022207999E12, noCFSRatio=0.5472670304697372])
indexerThreadPool=org.apache.lucene.index.DocumentsWriterPerThreadPool@4ca25522
readerPooling=false
perThreadHardLimitMB=1945
useCompoundFile=true
commitOnClose=false
indexSort=null
writer=org.apache.lucene.index.IndexWriter@58386f11

[2016-09-15T06:40:24,633][TRACE][org.elasticsearch.index.engine.lucene.iw]  [index][1] TEST-InternalEngineTests.testIndexWriterInfoStream-seed#[9CF13790D965C5A7] IW: MMapDirectory.UNMAP_SUPPORTED=true
[2016-09-15T06:40:24,633][TRACE][org.elasticsearch.index.engine.lucene.iw]  [index][1] TEST-InternalEngineTests.testIndexWriterInfoStream-seed#[9CF13790D965C5A7] LMP: findMerges: 2 segments
[2016-09-15T06:40:24,639][TRACE][org.elasticsearch.index.engine.lucene.iw]  [index][1] TEST-InternalEngineTests.testIndexWriterInfoStream-seed#[9CF13790D965C5A7] LMP: seg=_0(6.2.0):c1 level=0.0 size=0.002 MB
[2016-09-15T06:40:24,642][TRACE][org.elasticsearch.index.engine.lucene.iw]  [index][1] TEST-InternalEngineTests.testIndexWriterInfoStream-seed#[9CF13790D965C5A7] LMP: seg=_1(6.2.0):c1 level=0.0 size=0.002 MB
[2016-09-15T06:40:24,643][TRACE][org.elasticsearch.index.engine.lucene.iw]  [index][1] TEST-InternalEngineTests.testIndexWriterInfoStream-seed#[9CF13790D965C5A7] LMP:   level -1.0 to 0.0: 2 segments
[2016-09-15T06:40:24,643][TRACE][org.elasticsearch.index.engine.lucene.iw]  [index][1] TEST-InternalEngineTests.testIndexWriterInfoStream-seed#[9CF13790D965C5A7] MS: now merge
[2016-09-15T06:40:24,643][TRACE][org.elasticsearch.index.engine.lucene.iw]  [index][1] TEST-InternalEngineTests.testIndexWriterInfoStream-seed#[9CF13790D965C5A7] MS:   index: _0(6.2.0):c1 _1(6.2.0):c1
[2016-09-15T06:40:24,643][TRACE][org.elasticsearch.index.engine.lucene.iw]  [index][1] TEST-InternalEngineTests.testIndexWriterInfoStream-seed#[9CF13790D965C5A7] MS:   no more merges pending; now return
[2016-09-15T06:40:24,643][TRACE][org.elasticsearch.index.engine.lucene.iw]  [index][1] TEST-InternalEngineTests.testIndexWriterInfoStream-seed#[9CF13790D965C5A7] IW: startCommit(): start
[2016-09-15T06:40:24,643][TRACE][org.elasticsearch.index.engine.lucene.iw]  [index][1] TEST-InternalEngineTests.testIndexWriterInfoStream-seed#[9CF13790D965C5A7] IW: startCommit index=_0(6.2.0):c1 _1(6.2.0):c1 changeCount=11
[2016-09-15T06:40:24,643][TRACE][org.elasticsearch.index.engine.lucene.iw]  [index][1] TEST-InternalEngineTests.testIndexWriterInfoStream-seed#[9CF13790D965C5A7] IW: startCommit: wrote pending segments file "pending_segments_3"
[2016-09-15T06:40:24,644][TRACE][org.elasticsearch.index.engine.lucene.iw]  [index][1] TEST-InternalEngineTests.testIndexWriterInfoStream-seed#[9CF13790D965C5A7] IW: done all syncs: [_1.cfs, _0.cfe, _0.si, _1.cfe, _1.si, _0.cfs]
[2016-09-15T06:40:24,644][TRACE][org.elasticsearch.index.engine.lucene.iw]  [index][1] TEST-InternalEngineTests.testIndexWriterInfoStream-seed#[9CF13790D965C5A7] IW: commit: pendingCommit != null
[2016-09-15T06:40:24,644][TRACE][org.elasticsearch.index.engine.lucene.iw]  [index][1] TEST-InternalEngineTests.testIndexWriterInfoStream-seed#[9CF13790D965C5A7] IW: commit: done writing segments file "segments_3"
[2016-09-15T06:40:24,644][TRACE][org.elasticsearch.index.engine.lucene.iw.ifd]  [index][1] TEST-InternalEngineTests.testIndexWriterInfoStream-seed#[9CF13790D965C5A7] IFD: now checkpoint "_0(6.2.0):c1 _1(6.2.0):c1" [2 segments ; isCommit = true]
[2016-09-15T06:40:24,644][TRACE][org.elasticsearch.index.engine.lucene.iw.ifd]  [index][1] TEST-InternalEngineTests.testIndexWriterInfoStream-seed#[9CF13790D965C5A7] IFD: deleteCommits: now decRef commit "segments_2"
[2016-09-15T06:40:24,644][TRACE][org.elasticsearch.index.engine.lucene.iw.ifd]  [index][1] TEST-InternalEngineTests.testIndexWriterInfoStream-seed#[9CF13790D965C5A7] IFD: delete [segments_2]
[2016-09-15T06:40:24,644][TRACE][org.elasticsearch.index.store.deletes] [index][1] StoreDirectory.deleteFile: delete file segments_2
[2016-09-15T06:40:24,644][TRACE][org.elasticsearch.index.engine.lucene.iw.ifd]  [index][1] TEST-InternalEngineTests.testIndexWriterInfoStream-seed#[9CF13790D965C5A7] IFD: 0 msec to checkpoint
[2016-09-15T06:40:24,644][TRACE][org.elasticsearch.index.engine.lucene.iw.ifd]  [index][1] TEST-InternalEngineTests.testIndexWriterInfoStream-seed#[9CF13790D965C5A7] IFD: delete []
[2016-09-15T06:40:24,644][TRACE][org.elasticsearch.index.engine.lucene.iw]  [index][1] TEST-InternalEngineTests.testIndexWriterInfoStream-seed#[9CF13790D965C5A7] IW: commit: took 36.0 msec
[2016-09-15T06:40:24,644][TRACE][org.elasticsearch.index.engine.lucene.iw]  [index][1] TEST-InternalEngineTests.testIndexWriterInfoStream-seed#[9CF13790D965C5A7] IW: commit: done
[2016-09-15T06:40:24,644][TRACE][org.elasticsearch.index.engine]  [index][1] finished commit for flush
[2016-09-15T06:40:24,645][TRACE][org.elasticsearch.index.engine.lucene.iw]  [index][1] TEST-InternalEngineTests.testIndexWriterInfoStream-seed#[9CF13790D965C5A7] IW: nrtIsCurrent: infoVersion matches: false; DW changes: false; BD changes: false
[2016-09-15T06:40:24,645][TRACE][org.elasticsearch.index.engine.lucene.iw]  [index][1] TEST-InternalEngineTests.testIndexWriterInfoStream-seed#[9CF13790D965C5A7] IW: flush at getReader
[2016-09-15T06:40:24,645][TRACE][org.elasticsearch.index.engine.lucene.iw]  [index][1] TEST-InternalEngineTests.testIndexWriterInfoStream-seed#[9CF13790D965C5A7] DW: startFullFlush
[2016-09-15T06:40:24,645][TRACE][org.elasticsearch.index.engine.lucene.iw]  [index][1] TEST-InternalEngineTests.testIndexWriterInfoStream-seed#[9CF13790D965C5A7] IW: apply all deletes during flush
[2016-09-15T06:40:24,645][TRACE][org.elasticsearch.index.engine.lucene.iw]  [index][1] TEST-InternalEngineTests.testIndexWriterInfoStream-seed#[9CF13790D965C5A7] IW: now apply all deletes for all segments maxDoc=2
[2016-09-15T06:40:24,645][TRACE][org.elasticsearch.index.engine.lucene.iw]  [index][1] TEST-InternalEngineTests.testIndexWriterInfoStream-seed#[9CF13790D965C5A7] BD: applyDeletes: open segment readers took 0 msec
[2016-09-15T06:40:24,645][TRACE][org.elasticsearch.index.engine.lucene.iw]  [index][1] TEST-InternalEngineTests.testIndexWriterInfoStream-seed#[9CF13790D965C5A7] BD: applyDeletes: no segments; skipping
[2016-09-15T06:40:24,645][TRACE][org.elasticsearch.index.engine.lucene.iw]  [index][1] TEST-InternalEngineTests.testIndexWriterInfoStream-seed#[9CF13790D965C5A7] BD: prune sis=segments_3: _0(6.2.0):c1 _1(6.2.0):c1 minGen=3 packetCount=0
[2016-09-15T06:40:24,648][TRACE][org.elasticsearch.index.engine.lucene.iw]  [index][1] TEST-InternalEngineTests.testIndexWriterInfoStream-seed#[9CF13790D965C5A7] IW: incRefDeleter for NRT reader version=11 segments=_0(6.2.0):c1 _1(6.2.0):c1
[2016-09-15T06:40:24,649][TRACE][org.elasticsearch.index.engine.lucene.iw]  [index][1] TEST-InternalEngineTests.testIndexWriterInfoStream-seed#[9CF13790D965C5A7] IW: return reader version=11 reader=StandardDirectoryReader(segments_3:11:nrt _0(6.2.0):c1 _1(6.2.0):c1)
[2016-09-15T06:40:24,649][TRACE][org.elasticsearch.index.engine.lucene.iw]  [index][1] TEST-InternalEngineTests.testIndexWriterInfoStream-seed#[9CF13790D965C5A7] DW: TEST-InternalEngineTests.testIndexWriterInfoStream-seed#[9CF13790D965C5A7] finishFullFlush success=true
[2016-09-15T06:40:24,649][TRACE][org.elasticsearch.index.engine.lucene.iw]  [index][1] TEST-InternalEngineTests.testIndexWriterInfoStream-seed#[9CF13790D965C5A7] IW: getReader took 4 msec
[2016-09-15T06:40:24,649][TRACE][org.elasticsearch.index.engine.lucene.iw.ifd]  [index][1] TEST-InternalEngineTests.testIndexWriterInfoStream-seed#[9CF13790D965C5A7] IFD: delete []
[2016-09-15T06:40:24,651][TRACE][org.elasticsearch.index.engine.lucene.iw]  [index][1] TEST-InternalEngineTests.testIndexWriterInfoStream-seed#[9CF13790D965C5A7] IW: decRefDeleter for NRT reader version=7 segments=_0(6.2.0):c1
[2016-09-15T06:40:24,651][TRACE][org.elasticsearch.index.translog]  [index][1] delete translog file - not referenced and not current anymore C:\projects\team3\core\build\testrun\test\J0\temp\org.elasticsearch.index.engine.InternalEngineTests_9CF13790D965C5A7-001\translog-primary-043\translog-2.tlog
]]></system-out>
   <system-err><![CDATA[]]></system-err>
</testsuite>