<testsuite errors="0" failures="0" tests="14" skipped="0" name="org.elasticsearch.action.support.replication.TransportReplicationActionTests" hostname="nohost.nodomain" time="0.37" timestamp="2016-09-18T12:47:47">
   <properties class="java.util.ArrayList">
      <property name="awt.toolkit" value="sun.awt.windows.WToolkit"/>
      <property name="file.encoding" value="Cp1252"/>
      <property name="file.encoding.pkg" value="sun.io"/>
      <property name="file.separator" value="\"/>
      <property name="java.awt.graphicsenv" value="sun.awt.Win32GraphicsEnvironment"/>
      <property name="java.awt.headless" value="true"/>
      <property name="java.awt.printerjob" value="sun.awt.windows.WPrinterJob"/>
      <property name="java.class.path" value="C:\Users\kmala\workspace\Team3\core\build\classes\test;C:\Users\kmala\workspace\Team3\core\build\resources\test;C:\Users\kmala\workspace\Team3\core\build\classes\main;C:\Users\kmala\workspace\Team3\core\build\resources\main;C:\Users\kmala\.gradle\caches\modules-2\files-2.1\org.apache.lucene\lucene-core\6.2.0\849ee62525a294416802be2cacc66c80352f6f13\lucene-core-6.2.0.jar;C:\Users\kmala\.gradle\caches\modules-2\files-2.1\org.apache.lucene\lucene-analyzers-common\6.2.0\d254d52dd394b5079129f3d5f3bf4f2d44a5936e\lucene-analyzers-common-6.2.0.jar;C:\Users\kmala\.gradle\caches\modules-2\files-2.1\org.apache.lucene\lucene-backward-codecs\6.2.0\b625bb21456b3c0d1e5e431bced125cb060c1abd\lucene-backward-codecs-6.2.0.jar;C:\Users\kmala\.gradle\caches\modules-2\files-2.1\org.apache.lucene\lucene-grouping\6.2.0\9527fedfd5acc624b2bb3f862bd99fb8f470b053\lucene-grouping-6.2.0.jar;C:\Users\kmala\.gradle\caches\modules-2\files-2.1\org.apache.lucene\lucene-highlighter\6.2.0\7ca342372a3f45e32bbd21cecaa757e38eccb8a5\lucene-highlighter-6.2.0.jar;C:\Users\kmala\.gradle\caches\modules-2\files-2.1\org.apache.lucene\lucene-join\6.2.0\da0b8de98511abd4fe9c7d48a353d17854c5ed46\lucene-join-6.2.0.jar;C:\Users\kmala\.gradle\caches\modules-2\files-2.1\org.apache.lucene\lucene-memory\6.2.0\bc9e075b1ee051c8e5246c237c38d8e71dab8a66\lucene-memory-6.2.0.jar;C:\Users\kmala\.gradle\caches\modules-2\files-2.1\org.apache.lucene\lucene-misc\6.2.0\94ddde6312566a4da4a50a88e453b6c82c759b41\lucene-misc-6.2.0.jar;C:\Users\kmala\.gradle\caches\modules-2\files-2.1\org.apache.lucene\lucene-queries\6.2.0\dce47238f78e3e97d91dc6fefa9f46f07866bc2b\lucene-queries-6.2.0.jar;C:\Users\kmala\.gradle\caches\modules-2\files-2.1\org.apache.lucene\lucene-queryparser\6.2.0\17ef728ac15e668bfa1105321611548424637645\lucene-queryparser-6.2.0.jar;C:\Users\kmala\.gradle\caches\modules-2\files-2.1\org.apache.lucene\lucene-sandbox\6.2.0\520183f7b9aba77a26e224760c420a3844b0631a\lucene-sandbox-6.2.0.jar;C:\Users\kmala\.gradle\caches\modules-2\files-2.1\org.apache.lucene\lucene-spatial\6.2.0\8dba929b66927b936fbc76103b109ad6c824daee\lucene-spatial-6.2.0.jar;C:\Users\kmala\.gradle\caches\modules-2\files-2.1\org.apache.lucene\lucene-spatial-extras\6.2.0\3b5a6ef5cd90c0218a72e9e2f7e60104be2447da\lucene-spatial-extras-6.2.0.jar;C:\Users\kmala\.gradle\caches\modules-2\files-2.1\org.apache.lucene\lucene-spatial3d\6.2.0\fcdb0567725722c5145149d1502848b6a96ec18d\lucene-spatial3d-6.2.0.jar;C:\Users\kmala\.gradle\caches\modules-2\files-2.1\org.apache.lucene\lucene-suggest\6.2.0\3d9d526c51f483d27f425c75d7e56bc0849242d6\lucene-suggest-6.2.0.jar;C:\Users\kmala\.gradle\caches\modules-2\files-2.1\org.elasticsearch\securesm\1.1\1e423447d020041534be94c0f31a49fbdc1f2950\securesm-1.1.jar;C:\Users\kmala\.gradle\caches\modules-2\files-2.1\net.sf.jopt-simple\jopt-simple\5.0.2\98cafc6081d5632b61be2c9e60650b64ddbc637c\jopt-simple-5.0.2.jar;C:\Users\kmala\.gradle\caches\modules-2\files-2.1\com.carrotsearch\hppc\0.7.1\8b5057f74ea378c0150a1860874a3ebdcb713767\hppc-0.7.1.jar;C:\Users\kmala\.gradle\caches\modules-2\files-2.1\joda-time\joda-time\2.9.4\1c295b462f16702ebe720bbb08f62e1ba80da41b\joda-time-2.9.4.jar;C:\Users\kmala\.gradle\caches\modules-2\files-2.1\org.joda\joda-convert\1.2\35ec554f0cd00c956cc69051514d9488b1374dec\joda-convert-1.2.jar;C:\Users\kmala\.gradle\caches\modules-2\files-2.1\org.yaml\snakeyaml\1.15\3b132bea69e8ee099f416044970997bde80f4ea6\snakeyaml-1.15.jar;C:\Users\kmala\.gradle\caches\modules-2\files-2.1\com.fasterxml.jackson.core\jackson-core\2.8.1\fd13b1c033741d48291315c6370f7d475a42dccf\jackson-core-2.8.1.jar;C:\Users\kmala\.gradle\caches\modules-2\files-2.1\com.fasterxml.jackson.dataformat\jackson-dataformat-smile\2.8.1\5b73867bc12224946fc67fc8d49d9f5e698d7f\jackson-dataformat-smile-2.8.1.jar;C:\Users\kmala\.gradle\caches\modules-2\files-2.1\com.fasterxml.jackson.dataformat\jackson-dataformat-yaml\2.8.1\eb63166c723b0b4b9fb5298fca232a2f6612ec34\jackson-dataformat-yaml-2.8.1.jar;C:\Users\kmala\.gradle\caches\modules-2\files-2.1\com.fasterxml.jackson.dataformat\jackson-dataformat-cbor\2.8.1\3a6fb7e75c9972559a78cf5cfc5a48a41a13ea40\jackson-dataformat-cbor-2.8.1.jar;C:\Users\kmala\.gradle\caches\modules-2\files-2.1\com.tdunning\t-digest\3.0\84ccf145ac2215e6bfa63baa3101c0af41017cfc\t-digest-3.0.jar;C:\Users\kmala\.gradle\caches\modules-2\files-2.1\org.hdrhistogram\HdrHistogram\2.1.6\7495feb7f71ee124bd2a7e7d83590e296d71d80e\HdrHistogram-2.1.6.jar;C:\Users\kmala\.gradle\caches\modules-2\files-2.1\org.locationtech.spatial4j\spatial4j\0.6\21b15310bddcfd8c72611c180f20cf23279809a3\spatial4j-0.6.jar;C:\Users\kmala\.gradle\caches\modules-2\files-2.1\com.vividsolutions\jts\1.13\3ccfb9b60f04d71add996a666ceb8902904fd805\jts-1.13.jar;C:\Users\kmala\.gradle\caches\modules-2\files-2.1\org.apache.logging.log4j\log4j-api\2.6.2\bd1b74a5d170686362091c7cf596bbc3adf5c09b\log4j-api-2.6.2.jar;C:\Users\kmala\.gradle\caches\modules-2\files-2.1\org.apache.logging.log4j\log4j-core\2.6.2\a91369f655eb1639c6aece5c5eb5108db18306\log4j-core-2.6.2.jar;C:\Users\kmala\.gradle\caches\modules-2\files-2.1\org.apache.logging.log4j\log4j-1.2-api\2.6.2\3b4c5a8b734b6a29b2f03380535a48da6284b210\log4j-1.2-api-2.6.2.jar;C:\Users\kmala\.gradle\caches\modules-2\files-2.1\net.java.dev.jna\jna\4.2.2\5012450aee579c3118ff09461d5ce210e0cdc2a9\jna-4.2.2.jar;C:\Users\kmala\workspace\Team3\test\framework\build\distributions\framework-5.0.0-alpha6-SNAPSHOT.jar;C:\Users\kmala\.gradle\caches\modules-2\files-2.1\com.carrotsearch.randomizedtesting\randomizedtesting-runner\2.3.2\307965917fe8a22b7ee72deba39ef4b8e6ebc069\randomizedtesting-runner-2.3.2.jar;C:\Users\kmala\.gradle\caches\modules-2\files-2.1\junit\junit\4.11\4e031bb61df09069aeb2bffb4019e7a5034a4ee0\junit-4.11.jar;C:\Users\kmala\.gradle\caches\modules-2\files-2.1\org.hamcrest\hamcrest-all\1.3\63a21ebc981131004ad02e0434e799fd7f3a8d5a\hamcrest-all-1.3.jar;C:\Users\kmala\.gradle\caches\modules-2\files-2.1\org.apache.lucene\lucene-test-framework\6.2.0\f5026be3983acfb40d4092dbfbc015ec6e6addab\lucene-test-framework-6.2.0.jar;C:\Users\kmala\.gradle\caches\modules-2\files-2.1\org.apache.lucene\lucene-codecs\6.2.0\99f887266b0ad9f2c286b3976c5bc48c8cd36624\lucene-codecs-6.2.0.jar;C:\Users\kmala\workspace\Team3\client\rest\build\distributions\rest-5.0.0-alpha6-SNAPSHOT.jar;C:\Users\kmala\.gradle\caches\modules-2\files-2.1\org.apache.httpcomponents\httpclient\4.5.2\733db77aa8d9b2d68015189df76ab06304406e50\httpclient-4.5.2.jar;C:\Users\kmala\.gradle\caches\modules-2\files-2.1\org.apache.httpcomponents\httpcore\4.4.5\e7501a1b34325abb00d17dde96150604a0658b54\httpcore-4.4.5.jar;C:\Users\kmala\.gradle\caches\modules-2\files-2.1\commons-logging\commons-logging\1.1.3\f6f66e966c70a83ffbdb6f17a0919eaf7c8aca7f\commons-logging-1.1.3.jar;C:\Users\kmala\.gradle\caches\modules-2\files-2.1\commons-codec\commons-codec\1.10\4b95f4897fa13f2cd904aee711aeafc0c5295cd8\commons-codec-1.10.jar;C:\Users\kmala\.gradle\caches\modules-2\files-2.1\org.elasticsearch\securemock\1.2\98201d4ad5ac93f6b415ae9172d52b5e7cda490e\securemock-1.2.jar;C:\Users\kmala\.gradle\caches\modules-2\files-2.1\org.apache.httpcomponents\httpasyncclient\4.1.2\95aa3e6fb520191a0970a73cf09f62948ee614be\httpasyncclient-4.1.2.jar;C:\Users\kmala\.gradle\caches\modules-2\files-2.1\org.apache.httpcomponents\httpcore-nio\4.4.5\f4be009e7505f6ceddf21e7960c759f413f15056\httpcore-nio-4.4.5.jar;C:\Users\kmala\.gradle\caches\modules-2\files-2.1\com.carrotsearch.randomizedtesting\junit4-ant\2.3.2\dc8f03f6111974092491f35b8269eb0fc57f52f7\junit4-ant-2.3.2.jar"/>
      <property name="java.class.version" value="52.0"/>
      <property name="java.endorsed.dirs" value="C:\Program Files\Java\jdk1.8.0_102\jre\lib\endorsed"/>
      <property name="java.ext.dirs" value="C:\Program Files\Java\jdk1.8.0_102\jre\lib\ext;C:\Windows\Sun\Java\lib\ext"/>
      <property name="java.home" value="C:\Program Files\Java\jdk1.8.0_102\jre"/>
      <property name="java.io.tmpdir" value="./temp"/>
      <property name="java.library.path" value="C:\Program Files\Java\jdk1.8.0_102\bin;C:\Windows\Sun\Java\bin;C:\Windows\system32;C:\Windows;C:\ProgramData\Oracle\Java\javapath;C:\Windows\system32;C:\Windows;C:\Windows\System32\Wbem;C:\Windows\System32\WindowsPowerShell\v1.0\;C:\Program Files (x86)\Skype\Phone\;C:\Tools\curl-7.50.1\bin;C:\Program Files\Git\cmd;C:\Tools\gradle-2.13\bin;C:\Tools\apache-maven-3.3.9\bin;C:\Program Files\doxygen\bin;C:\Tools\sonar-scanner-2.7\bin;C:\Windows\system32\config\systemprofile\.dnx\bin;C:\Program Files\Microsoft DNX\Dnvm\;C:\Program Files\Microsoft SQL Server\120\Tools\Binn\;C:\Users\kmala\AppData\Local\Microsoft\WindowsApps;;."/>
      <property name="java.runtime.name" value="Java(TM) SE Runtime Environment"/>
      <property name="java.runtime.version" value="1.8.0_102-b14"/>
      <property name="java.specification.name" value="Java Platform API Specification"/>
      <property name="java.specification.vendor" value="Oracle Corporation"/>
      <property name="java.specification.version" value="1.8"/>
      <property name="java.vendor" value="Oracle Corporation"/>
      <property name="java.vendor.url" value="http://java.oracle.com/"/>
      <property name="java.vendor.url.bug" value="http://bugreport.sun.com/bugreport/"/>
      <property name="java.version" value="1.8.0_102"/>
      <property name="java.vm.info" value="mixed mode"/>
      <property name="java.vm.name" value="Java HotSpot(TM) 64-Bit Server VM"/>
      <property name="java.vm.specification.name" value="Java Virtual Machine Specification"/>
      <property name="java.vm.specification.vendor" value="Oracle Corporation"/>
      <property name="java.vm.specification.version" value="1.8"/>
      <property name="java.vm.vendor" value="Oracle Corporation"/>
      <property name="java.vm.version" value="25.102-b14"/>
      <property name="jna.nosys" value="true"/>
      <property name="junit4.childvm.count" value="3"/>
      <property name="junit4.childvm.cwd" value="C:\Users\kmala\workspace\Team3\core\build\testrun\test\J2"/>
      <property name="junit4.childvm.id" value="2"/>
      <property name="junit4.memory.total" value="514850816"/>
      <property name="junit4.pidString" value="7260@DESKTOP-HP7QPF3"/>
      <property name="junit4.processors" value="4"/>
      <property name="line.separator" value="
"/>
      <property name="os.arch" value="amd64"/>
      <property name="os.name" value="Windows 10"/>
      <property name="os.version" value="10.0"/>
      <property name="path.separator" value=";"/>
      <property name="sun.arch.data.model" value="64"/>
      <property name="sun.boot.class.path" value="C:\Program Files\Java\jdk1.8.0_102\jre\lib\resources.jar;C:\Program Files\Java\jdk1.8.0_102\jre\lib\rt.jar;C:\Program Files\Java\jdk1.8.0_102\jre\lib\sunrsasign.jar;C:\Program Files\Java\jdk1.8.0_102\jre\lib\jsse.jar;C:\Program Files\Java\jdk1.8.0_102\jre\lib\jce.jar;C:\Program Files\Java\jdk1.8.0_102\jre\lib\charsets.jar;C:\Program Files\Java\jdk1.8.0_102\jre\lib\jfr.jar;C:\Program Files\Java\jdk1.8.0_102\jre\classes"/>
      <property name="sun.boot.library.path" value="C:\Program Files\Java\jdk1.8.0_102\jre\bin"/>
      <property name="sun.cpu.endian" value="little"/>
      <property name="sun.cpu.isalist" value="amd64"/>
      <property name="sun.desktop" value="windows"/>
      <property name="sun.io.unicode.encoding" value="UnicodeLittle"/>
      <property name="sun.java.command" value="com.carrotsearch.ant.tasks.junit4.slave.SlaveMainSafe -eventsfile C:\Users\kmala\workspace\Team3\core\build\testrun\test\temp\junit4-J2-20160918_124457_941.events @C:\Users\kmala\workspace\Team3\core\build\testrun\test\temp\junit4-J2-20160918_124457_941.suites -stdin"/>
      <property name="sun.java.launcher" value="SUN_STANDARD"/>
      <property name="sun.jnu.encoding" value="Cp1252"/>
      <property name="sun.management.compiler" value="HotSpot 64-Bit Tiered Compilers"/>
      <property name="sun.os.patch.level" value=""/>
      <property name="tests.artifact" value="core"/>
      <property name="tests.gradle" value="true"/>
      <property name="tests.ifNoTests" value="fail"/>
      <property name="tests.logger.level" value="WARN"/>
      <property name="tests.prefix" value="tests"/>
      <property name="tests.security.manager" value="true"/>
      <property name="tests.seed" value="FD13852EF36FC81C"/>
      <property name="tests.task" value=":core:test"/>
      <property name="user.country" value="US"/>
      <property name="user.dir" value="C:\Users\kmala\workspace\Team3\core\build\testrun\test\J2"/>
      <property name="user.home" value="C:\Users\kmala"/>
      <property name="user.language" value="en"/>
      <property name="user.name" value="kmala"/>
      <property name="user.script" value=""/>
      <property name="user.timezone" value=""/>
      <property name="user.variant" value=""/>
   </properties>
   <testcase classname="org.elasticsearch.action.support.replication.TransportReplicationActionTests" name="testCounterOnPrimary" time="0.078"/>
   <testcase classname="org.elasticsearch.action.support.replication.TransportReplicationActionTests" name="testNotStartedPrimary" time="0.046"/>
   <testcase classname="org.elasticsearch.action.support.replication.TransportReplicationActionTests" name="testBlocks" time="0.034"/>
   <testcase classname="org.elasticsearch.action.support.replication.TransportReplicationActionTests" name="testPrimaryPhaseExecutesDelegatedRequestOnRelocationTarget" time="0.009"/>
   <testcase classname="org.elasticsearch.action.support.replication.TransportReplicationActionTests" name="testPrimaryPhaseExecutesOrDelegatesRequestToRelocationTarget" time="0.009"/>
   <testcase classname="org.elasticsearch.action.support.replication.TransportReplicationActionTests" name="testReplicasCounter" time="0.016"/>
   <testcase classname="org.elasticsearch.action.support.replication.TransportReplicationActionTests" name="testRoutePhaseExecutesRequest" time="0.015"/>
   <testcase classname="org.elasticsearch.action.support.replication.TransportReplicationActionTests" name="testPrimaryReference" time="0.009"/>
   <testcase classname="org.elasticsearch.action.support.replication.TransportReplicationActionTests" name="testReplicaProxy" time="0.016"/>
   <testcase classname="org.elasticsearch.action.support.replication.TransportReplicationActionTests" name="testUnknownIndexOrShardOnReroute" time="0.015"/>
   <testcase classname="org.elasticsearch.action.support.replication.TransportReplicationActionTests" name="testShadowIndexDisablesReplication" time="0.007"/>
   <testcase classname="org.elasticsearch.action.support.replication.TransportReplicationActionTests" name="testStalePrimaryShardOnReroute" time="0.01"/>
   <testcase classname="org.elasticsearch.action.support.replication.TransportReplicationActionTests" name="testNoRerouteOnStaleClusterState" time="0.018"/>
   <testcase classname="org.elasticsearch.action.support.replication.TransportReplicationActionTests" name="testDefaultWaitForActiveShardsUsesIndexSetting" time="0.01"/>
   <system-out><![CDATA[[2016-09-18T04:47:47,719][INFO ][org.elasticsearch.cluster.service] [node_s_0] new_master {node}{l_Z-PdWAQuqPdhQczOOW5g}{local}{local[314]}, reason: test setting state
[2016-09-18T04:47:47,722][INFO ][org.elasticsearch.cluster.service] [node_s_0] master {new {node_1}{3QGfCVPPQ3egflxA3Q0M-g}{local}{local[316]}, previous {node}{l_Z-PdWAQuqPdhQczOOW5g}{local}{local[314]}}, removed {{node}{l_Z-PdWAQuqPdhQczOOW5g}{local}{local[314]},}, added {{node_1}{3QGfCVPPQ3egflxA3Q0M-g}{local}{local[316]},{node_2}{NYUafLf3QCazvUGekkSRqA}{local}{local[317]},}, reason: test setting state
[2016-09-18T04:47:47,769][INFO ][org.elasticsearch.cluster.service] [node_s_0] new_master {node}{OAHioEJ8RG6gsXURqDdiQQ}{local}{local[321]}, reason: test setting state
[2016-09-18T04:47:47,772][INFO ][org.elasticsearch.cluster.service] [node_s_0] master {new {node_1}{5ipNACRQQyO_RsuqCoj3mg}{local}{local[323]}, previous {node}{OAHioEJ8RG6gsXURqDdiQQ}{local}{local[321]}}, removed {{node}{OAHioEJ8RG6gsXURqDdiQQ}{local}{local[321]},}, added {{node_1}{5ipNACRQQyO_RsuqCoj3mg}{local}{local[323]},{node_2}{z34C1OnQQOq2puAihqyPQQ}{local}{local[324]},}, reason: test setting state
[2016-09-18T04:47:47,776][INFO ][org.elasticsearch.cluster.service] [node_s_0] removed {{node_0}{blrDxfLnR-KuWfROYdSfXg}{local}{local[322]},{node_1}{5ipNACRQQyO_RsuqCoj3mg}{local}{local[323]},{node_2}{z34C1OnQQOq2puAihqyPQQ}{local}{local[324]},}, added {{node_1}{sJyc0_jDRSeLXzTV8sVe_w}{local}{local[329]},{node_2}{IBj5xrKdRaaKmYs_wAao3Q}{local}{local[330]},}, reason: test setting state
[2016-09-18T04:47:47,782][INFO ][org.elasticsearch.cluster.service] [node_s_0] new_master {node}{EU4mcJ1hRj25vgKxqUudKA}{local}{local[334]}, reason: test setting state
[2016-09-18T04:47:47,816][INFO ][org.elasticsearch.cluster.service] [node_s_0] new_master {node}{tMBiWewjQiawAlsJxhMjCw}{local}{local[335]}, reason: test setting state
[2016-09-18T04:47:47,818][INFO ][org.elasticsearch.cluster.service] [node_s_0] master {new {node_1}{MyftaG1zR1OG0rENQML7CA}{local}{local[337]}, previous {node}{tMBiWewjQiawAlsJxhMjCw}{local}{local[335]}}, removed {{node}{tMBiWewjQiawAlsJxhMjCw}{local}{local[335]},}, added {{node_0}{lOwuij-DQUKNlEc5EYfXbA}{local}{local[336]},{node_2}{rrCuhNUwTV26xLBG0owbKg}{local}{local[338]},}, reason: test setting state
[2016-09-18T04:47:47,825][INFO ][org.elasticsearch.cluster.service] [node_s_0] new_master {node}{xuPj9JG9TSWBJLAVa-6kdg}{local}{local[342]}, reason: test setting state
[2016-09-18T04:47:47,827][INFO ][org.elasticsearch.cluster.service] [node_s_0] master {new {node_1}{ALk-moXRR0CZnhKm62jOKw}{local}{local[344]}, previous {node}{xuPj9JG9TSWBJLAVa-6kdg}{local}{local[342]}}, removed {{node}{xuPj9JG9TSWBJLAVa-6kdg}{local}{local[342]},}, added {{node_1}{ALk-moXRR0CZnhKm62jOKw}{local}{local[344]},{node_2}{2W9j33sDQDGTDVRV3SANnw}{local}{local[345]},}, reason: test setting state
[2016-09-18T04:47:47,837][INFO ][org.elasticsearch.cluster.service] [node_s_0] new_master {node}{7HVgE_CARIuyfDrYaAtLRA}{local}{local[349]}, reason: test setting state
[2016-09-18T04:47:47,839][INFO ][org.elasticsearch.cluster.service] [node_s_0] master {new {node_1}{XQLWPMhURvqDL3JNYfS2jQ}{local}{local[351]}, previous {node}{7HVgE_CARIuyfDrYaAtLRA}{local}{local[349]}}, removed {{node}{7HVgE_CARIuyfDrYaAtLRA}{local}{local[349]},}, added {{node_1}{XQLWPMhURvqDL3JNYfS2jQ}{local}{local[351]},{node_2}{Hr3mCwn1RKygo-BCY-3rCw}{local}{local[352]},}, reason: test setting state
[2016-09-18T04:47:47,840][WARN ][org.elasticsearch.transport] [node_s_0] registered two transport handlers for action internal:cluster/shard/started, handlers: org.elasticsearch.cluster.action.shard.ShardStateAction$ShardStartedTransportHandler@2d70a21d, org.elasticsearch.cluster.action.shard.ShardStateAction$ShardStartedTransportHandler@56a49835
[2016-09-18T04:47:47,840][WARN ][org.elasticsearch.transport] [node_s_0] registered two transport handlers for action internal:cluster/shard/failure, handlers: org.elasticsearch.cluster.action.shard.ShardStateAction$ShardFailedTransportHandler@46cffd9d, org.elasticsearch.cluster.action.shard.ShardStateAction$ShardFailedTransportHandler@2a6e77ca
[2016-09-18T04:47:47,857][INFO ][org.elasticsearch.cluster.service] [node_s_0] new_master {node}{f6YcChrPTUiqosN5N3wVuw}{local}{local[356]}, reason: test setting state
[2016-09-18T04:47:47,859][INFO ][org.elasticsearch.cluster.service] [node_s_0] master {new {node_1}{ZvuSiUmnQoKEV6kjhewQqQ}{local}{local[358]}, previous {node}{f6YcChrPTUiqosN5N3wVuw}{local}{local[356]}}, removed {{node}{f6YcChrPTUiqosN5N3wVuw}{local}{local[356]},}, added {{node_4}{NctMY4Z5SoeEytFzKri5aA}{local}{local[361]},{node_5}{1cpU8ScIQweBi6PSSdn_eg}{local}{local[362]},{node_1}{ZvuSiUmnQoKEV6kjhewQqQ}{local}{local[358]},{node_3}{9yCNMYq3TimxtYKZpahVgQ}{local}{local[360]},{node_2}{GOevEiqeQvOSQ0XihRHgYQ}{local}{local[359]},}, reason: test setting state
[2016-09-18T04:47:47,859][INFO ][org.elasticsearch.action.support.replication] --> primary is assigned to [node_4], checking request forwarded
[2016-09-18T04:47:47,864][INFO ][org.elasticsearch.cluster.service] [node_s_0] new_master {node}{jpQxxH_hQISf_ySQs9LUig}{local}{local[366]}, reason: test setting state
[2016-09-18T04:47:47,874][INFO ][org.elasticsearch.cluster.service] [node_s_0] new_master {node}{LSfLE9kfSF2mldUQTbknWg}{local}{local[367]}, reason: test setting state
[2016-09-18T04:47:47,876][INFO ][org.elasticsearch.action.support.replication] using state: cluster uuid: RqXVcAIBTRWSxXuZWy_iGQ
version: 0
state uuid: 6sot0OarTk6j_EqWM-BPNQ
from_diff: false
meta data version: 0
   [test]: v[1]
      0: p_term [17], a_ids []
nodes: 
   {node_6}{_QLij5KIRNOdrKHQg7A-jQ}{local}{local[374]}
   {node_1}{l0E7u9-KQPWK0KUiY8d3Ug}{local}{local[369]}, master
   {node_3}{3If7MV3BRheUXFqshYwC-g}{local}{local[371]}
   {node_0}{niPplEPCQ9O1zjuONUCnUw}{local}{local[368]}, local
   {node_5}{0PuKV4WiQkaZo7h1JLNgQw}{local}{local[373]}
   {node_2}{dww8K1NQT4ePwjMYkhZaNQ}{local}{local[370]}
   {node_7}{9MzphMu6Sa2PuNXA7YLlkA}{local}{local[375]}
   {node_4}{KfbIk5rAR-yoUE6Whm8T5A}{local}{local[372]}
routing_table (version 0):
-- index [[test]]
----shard_id [test][0]
--------[test][0], node[node_0], relocating [node_5], [P], s[RELOCATING], a[id=zANpSzmQQ_qXkt4vQDOYZA, rId=O35IA5WYSXKG9fXkg8rm5g]
--------[test][0], node[node_6], [R], s[STARTED], a[id=G2F27YzOQZK7Uv8FcemIUg]
--------[test][0], node[node_1], [R], s[STARTED], a[id=z3bjpzikQ32VJBhM9DpM_w]
--------[test][0], node[node_3], [R], s[STARTED], a[id=fEj4dCB2SLeXgzcBVTQ5BA]
--------[test][0], node[null], [R], recovery_source[peer recovery], s[UNASSIGNED], unassigned_info[[reason=INDEX_CREATED], at[2016-09-18T10:47:47.875Z], delayed=false, allocation_status[no_attempt]]
--------[test][0], node[null], [R], recovery_source[peer recovery], s[UNASSIGNED], unassigned_info[[reason=INDEX_CREATED], at[2016-09-18T10:47:47.875Z], delayed=false, allocation_status[no_attempt]]

routing_nodes:
-----node_id[node_0][V]
--------[test][0], node[node_0], relocating [node_5], [P], s[RELOCATING], a[id=zANpSzmQQ_qXkt4vQDOYZA, rId=O35IA5WYSXKG9fXkg8rm5g]
-----node_id[node_1][V]
--------[test][0], node[node_1], [R], s[STARTED], a[id=z3bjpzikQ32VJBhM9DpM_w]
-----node_id[node_2][V]
-----node_id[node_3][V]
--------[test][0], node[node_3], [R], s[STARTED], a[id=fEj4dCB2SLeXgzcBVTQ5BA]
-----node_id[node_4][V]
-----node_id[node_5][V]
--------[test][0], node[node_5], relocating [node_0], [P], recovery_source[peer recovery], s[INITIALIZING], a[id=O35IA5WYSXKG9fXkg8rm5g, rId=zANpSzmQQ_qXkt4vQDOYZA]
-----node_id[node_6][V]
--------[test][0], node[node_6], [R], s[STARTED], a[id=G2F27YzOQZK7Uv8FcemIUg]
-----node_id[node_7][V]
---- unassigned
--------[test][0], node[null], [R], recovery_source[peer recovery], s[UNASSIGNED], unassigned_info[[reason=INDEX_CREATED], at[2016-09-18T10:47:47.875Z], delayed=false, allocation_status[no_attempt]]
--------[test][0], node[null], [R], recovery_source[peer recovery], s[UNASSIGNED], unassigned_info[[reason=INDEX_CREATED], at[2016-09-18T10:47:47.875Z], delayed=false, allocation_status[no_attempt]]

[2016-09-18T04:47:47,876][INFO ][org.elasticsearch.cluster.service] [node_s_0] master {new {node_1}{l0E7u9-KQPWK0KUiY8d3Ug}{local}{local[369]}, previous {node}{LSfLE9kfSF2mldUQTbknWg}{local}{local[367]}}, removed {{node}{LSfLE9kfSF2mldUQTbknWg}{local}{local[367]},}, added {{node_6}{_QLij5KIRNOdrKHQg7A-jQ}{local}{local[374]},{node_1}{l0E7u9-KQPWK0KUiY8d3Ug}{local}{local[369]},{node_3}{3If7MV3BRheUXFqshYwC-g}{local}{local[371]},{node_5}{0PuKV4WiQkaZo7h1JLNgQw}{local}{local[373]},{node_2}{dww8K1NQT4ePwjMYkhZaNQ}{local}{local[370]},{node_7}{9MzphMu6Sa2PuNXA7YLlkA}{local}{local[375]},{node_4}{KfbIk5rAR-yoUE6Whm8T5A}{local}{local[372]},}, reason: test setting state
[2016-09-18T04:47:47,890][INFO ][org.elasticsearch.cluster.service] [node_s_0] new_master {node}{aUckA0qDQFS2EmKsO77Z_Q}{local}{local[379]}, reason: test setting state
[2016-09-18T04:47:47,892][INFO ][org.elasticsearch.cluster.service] [node_s_0] master {new {node_1}{aSod258RQWai7PSbpweGVA}{local}{local[381]}, previous {node}{aUckA0qDQFS2EmKsO77Z_Q}{local}{local[379]}}, removed {{node}{aUckA0qDQFS2EmKsO77Z_Q}{local}{local[379]},}, added {{node_1}{aSod258RQWai7PSbpweGVA}{local}{local[381]},{node_2}{GisY9Dv6SyyrP5teNhaWYQ}{local}{local[382]},}, reason: test setting state
[2016-09-18T04:47:47,906][INFO ][org.elasticsearch.cluster.service] [node_s_0] new_master {node}{-lEVkE-pT1i9keUJGg4FsQ}{local}{local[386]}, reason: test setting state
[2016-09-18T04:47:47,908][INFO ][org.elasticsearch.cluster.service] [node_s_0] master {new {node_1}{7H-Li5ePSxGVp2vWx7oofg}{local}{local[388]}, previous {node}{-lEVkE-pT1i9keUJGg4FsQ}{local}{local[386]}}, removed {{node}{-lEVkE-pT1i9keUJGg4FsQ}{local}{local[386]},}, added {{node_1}{7H-Li5ePSxGVp2vWx7oofg}{local}{local[388]},{node_2}{vKbCCyPqTHS0Z5x-h6_17A}{local}{local[389]},}, reason: test setting state
[2016-09-18T04:47:47,915][INFO ][org.elasticsearch.cluster.service] [node_s_0] new_master {node}{JIx0eRpjRgWNM3URm6x4gA}{local}{local[393]}, reason: test setting state
[2016-09-18T04:47:47,916][INFO ][org.elasticsearch.cluster.service] [node_s_0] master {new {node_1}{38xz0JMgQ5udUWO2Dh5e1Q}{local}{local[395]}, previous {node}{JIx0eRpjRgWNM3URm6x4gA}{local}{local[393]}}, removed {{node}{JIx0eRpjRgWNM3URm6x4gA}{local}{local[393]},}, added {{node_1}{38xz0JMgQ5udUWO2Dh5e1Q}{local}{local[395]},{node_2}{UAh_V7YZQwGw6fD8HrueBg}{local}{local[396]},}, reason: test setting state
[2016-09-18T04:47:47,924][INFO ][org.elasticsearch.cluster.service] [node_s_0] new_master {node}{jecndX21SzKKZTawSe417Q}{local}{local[400]}, reason: test setting state
[2016-09-18T04:47:47,926][INFO ][org.elasticsearch.cluster.service] [node_s_0] master {new {node_1}{71-DpykmSNmWiUnNl490CA}{local}{local[402]}, previous {node}{jecndX21SzKKZTawSe417Q}{local}{local[400]}}, removed {{node}{jecndX21SzKKZTawSe417Q}{local}{local[400]},}, added {{node_0}{w384YLcSR1q4x-7GEgguFA}{local}{local[401]},{node_2}{ExOYzF-BQkqFjGDeClWCzg}{local}{local[403]},}, reason: test setting state
[2016-09-18T04:47:47,941][INFO ][org.elasticsearch.cluster.service] [node_s_0] new_master {node}{1Qs23zpVQ8CzIo0hhBSDmw}{local}{local[407]}, reason: test setting state
[2016-09-18T04:47:47,946][INFO ][org.elasticsearch.cluster.service] [node_s_0] master {new {node_1}{V5eYA_JhTIqazJsACy3kZg}{local}{local[409]}, previous {node}{1Qs23zpVQ8CzIo0hhBSDmw}{local}{local[407]}}, removed {{node}{1Qs23zpVQ8CzIo0hhBSDmw}{local}{local[407]},}, added {{node_1}{V5eYA_JhTIqazJsACy3kZg}{local}{local[409]},{node_2}{cV42hTPxQZWaAo9sV5J8kg}{local}{local[410]},}, reason: test setting state
]]></system-out>
   <system-err><![CDATA[]]></system-err>
</testsuite>