<testsuite errors="0" failures="0" tests="2" skipped="0" name="org.elasticsearch.indices.cluster.IndicesClusterStateServiceRandomUpdatesTests" hostname="nohost.nodomain" time="3.211" timestamp="2016-09-18T12:46:09">
   <properties class="java.util.ArrayList">
      <property name="awt.toolkit" value="sun.awt.windows.WToolkit"/>
      <property name="file.encoding" value="Cp1252"/>
      <property name="file.encoding.pkg" value="sun.io"/>
      <property name="file.separator" value="\"/>
      <property name="java.awt.graphicsenv" value="sun.awt.Win32GraphicsEnvironment"/>
      <property name="java.awt.headless" value="true"/>
      <property name="java.awt.printerjob" value="sun.awt.windows.WPrinterJob"/>
      <property name="java.class.path" value="C:\Users\kmala\workspace\Team3\core\build\classes\test;C:\Users\kmala\workspace\Team3\core\build\resources\test;C:\Users\kmala\workspace\Team3\core\build\classes\main;C:\Users\kmala\workspace\Team3\core\build\resources\main;C:\Users\kmala\.gradle\caches\modules-2\files-2.1\org.apache.lucene\lucene-core\6.2.0\849ee62525a294416802be2cacc66c80352f6f13\lucene-core-6.2.0.jar;C:\Users\kmala\.gradle\caches\modules-2\files-2.1\org.apache.lucene\lucene-analyzers-common\6.2.0\d254d52dd394b5079129f3d5f3bf4f2d44a5936e\lucene-analyzers-common-6.2.0.jar;C:\Users\kmala\.gradle\caches\modules-2\files-2.1\org.apache.lucene\lucene-backward-codecs\6.2.0\b625bb21456b3c0d1e5e431bced125cb060c1abd\lucene-backward-codecs-6.2.0.jar;C:\Users\kmala\.gradle\caches\modules-2\files-2.1\org.apache.lucene\lucene-grouping\6.2.0\9527fedfd5acc624b2bb3f862bd99fb8f470b053\lucene-grouping-6.2.0.jar;C:\Users\kmala\.gradle\caches\modules-2\files-2.1\org.apache.lucene\lucene-highlighter\6.2.0\7ca342372a3f45e32bbd21cecaa757e38eccb8a5\lucene-highlighter-6.2.0.jar;C:\Users\kmala\.gradle\caches\modules-2\files-2.1\org.apache.lucene\lucene-join\6.2.0\da0b8de98511abd4fe9c7d48a353d17854c5ed46\lucene-join-6.2.0.jar;C:\Users\kmala\.gradle\caches\modules-2\files-2.1\org.apache.lucene\lucene-memory\6.2.0\bc9e075b1ee051c8e5246c237c38d8e71dab8a66\lucene-memory-6.2.0.jar;C:\Users\kmala\.gradle\caches\modules-2\files-2.1\org.apache.lucene\lucene-misc\6.2.0\94ddde6312566a4da4a50a88e453b6c82c759b41\lucene-misc-6.2.0.jar;C:\Users\kmala\.gradle\caches\modules-2\files-2.1\org.apache.lucene\lucene-queries\6.2.0\dce47238f78e3e97d91dc6fefa9f46f07866bc2b\lucene-queries-6.2.0.jar;C:\Users\kmala\.gradle\caches\modules-2\files-2.1\org.apache.lucene\lucene-queryparser\6.2.0\17ef728ac15e668bfa1105321611548424637645\lucene-queryparser-6.2.0.jar;C:\Users\kmala\.gradle\caches\modules-2\files-2.1\org.apache.lucene\lucene-sandbox\6.2.0\520183f7b9aba77a26e224760c420a3844b0631a\lucene-sandbox-6.2.0.jar;C:\Users\kmala\.gradle\caches\modules-2\files-2.1\org.apache.lucene\lucene-spatial\6.2.0\8dba929b66927b936fbc76103b109ad6c824daee\lucene-spatial-6.2.0.jar;C:\Users\kmala\.gradle\caches\modules-2\files-2.1\org.apache.lucene\lucene-spatial-extras\6.2.0\3b5a6ef5cd90c0218a72e9e2f7e60104be2447da\lucene-spatial-extras-6.2.0.jar;C:\Users\kmala\.gradle\caches\modules-2\files-2.1\org.apache.lucene\lucene-spatial3d\6.2.0\fcdb0567725722c5145149d1502848b6a96ec18d\lucene-spatial3d-6.2.0.jar;C:\Users\kmala\.gradle\caches\modules-2\files-2.1\org.apache.lucene\lucene-suggest\6.2.0\3d9d526c51f483d27f425c75d7e56bc0849242d6\lucene-suggest-6.2.0.jar;C:\Users\kmala\.gradle\caches\modules-2\files-2.1\org.elasticsearch\securesm\1.1\1e423447d020041534be94c0f31a49fbdc1f2950\securesm-1.1.jar;C:\Users\kmala\.gradle\caches\modules-2\files-2.1\net.sf.jopt-simple\jopt-simple\5.0.2\98cafc6081d5632b61be2c9e60650b64ddbc637c\jopt-simple-5.0.2.jar;C:\Users\kmala\.gradle\caches\modules-2\files-2.1\com.carrotsearch\hppc\0.7.1\8b5057f74ea378c0150a1860874a3ebdcb713767\hppc-0.7.1.jar;C:\Users\kmala\.gradle\caches\modules-2\files-2.1\joda-time\joda-time\2.9.4\1c295b462f16702ebe720bbb08f62e1ba80da41b\joda-time-2.9.4.jar;C:\Users\kmala\.gradle\caches\modules-2\files-2.1\org.joda\joda-convert\1.2\35ec554f0cd00c956cc69051514d9488b1374dec\joda-convert-1.2.jar;C:\Users\kmala\.gradle\caches\modules-2\files-2.1\org.yaml\snakeyaml\1.15\3b132bea69e8ee099f416044970997bde80f4ea6\snakeyaml-1.15.jar;C:\Users\kmala\.gradle\caches\modules-2\files-2.1\com.fasterxml.jackson.core\jackson-core\2.8.1\fd13b1c033741d48291315c6370f7d475a42dccf\jackson-core-2.8.1.jar;C:\Users\kmala\.gradle\caches\modules-2\files-2.1\com.fasterxml.jackson.dataformat\jackson-dataformat-smile\2.8.1\5b73867bc12224946fc67fc8d49d9f5e698d7f\jackson-dataformat-smile-2.8.1.jar;C:\Users\kmala\.gradle\caches\modules-2\files-2.1\com.fasterxml.jackson.dataformat\jackson-dataformat-yaml\2.8.1\eb63166c723b0b4b9fb5298fca232a2f6612ec34\jackson-dataformat-yaml-2.8.1.jar;C:\Users\kmala\.gradle\caches\modules-2\files-2.1\com.fasterxml.jackson.dataformat\jackson-dataformat-cbor\2.8.1\3a6fb7e75c9972559a78cf5cfc5a48a41a13ea40\jackson-dataformat-cbor-2.8.1.jar;C:\Users\kmala\.gradle\caches\modules-2\files-2.1\com.tdunning\t-digest\3.0\84ccf145ac2215e6bfa63baa3101c0af41017cfc\t-digest-3.0.jar;C:\Users\kmala\.gradle\caches\modules-2\files-2.1\org.hdrhistogram\HdrHistogram\2.1.6\7495feb7f71ee124bd2a7e7d83590e296d71d80e\HdrHistogram-2.1.6.jar;C:\Users\kmala\.gradle\caches\modules-2\files-2.1\org.locationtech.spatial4j\spatial4j\0.6\21b15310bddcfd8c72611c180f20cf23279809a3\spatial4j-0.6.jar;C:\Users\kmala\.gradle\caches\modules-2\files-2.1\com.vividsolutions\jts\1.13\3ccfb9b60f04d71add996a666ceb8902904fd805\jts-1.13.jar;C:\Users\kmala\.gradle\caches\modules-2\files-2.1\org.apache.logging.log4j\log4j-api\2.6.2\bd1b74a5d170686362091c7cf596bbc3adf5c09b\log4j-api-2.6.2.jar;C:\Users\kmala\.gradle\caches\modules-2\files-2.1\org.apache.logging.log4j\log4j-core\2.6.2\a91369f655eb1639c6aece5c5eb5108db18306\log4j-core-2.6.2.jar;C:\Users\kmala\.gradle\caches\modules-2\files-2.1\org.apache.logging.log4j\log4j-1.2-api\2.6.2\3b4c5a8b734b6a29b2f03380535a48da6284b210\log4j-1.2-api-2.6.2.jar;C:\Users\kmala\.gradle\caches\modules-2\files-2.1\net.java.dev.jna\jna\4.2.2\5012450aee579c3118ff09461d5ce210e0cdc2a9\jna-4.2.2.jar;C:\Users\kmala\workspace\Team3\test\framework\build\distributions\framework-5.0.0-alpha6-SNAPSHOT.jar;C:\Users\kmala\.gradle\caches\modules-2\files-2.1\com.carrotsearch.randomizedtesting\randomizedtesting-runner\2.3.2\307965917fe8a22b7ee72deba39ef4b8e6ebc069\randomizedtesting-runner-2.3.2.jar;C:\Users\kmala\.gradle\caches\modules-2\files-2.1\junit\junit\4.11\4e031bb61df09069aeb2bffb4019e7a5034a4ee0\junit-4.11.jar;C:\Users\kmala\.gradle\caches\modules-2\files-2.1\org.hamcrest\hamcrest-all\1.3\63a21ebc981131004ad02e0434e799fd7f3a8d5a\hamcrest-all-1.3.jar;C:\Users\kmala\.gradle\caches\modules-2\files-2.1\org.apache.lucene\lucene-test-framework\6.2.0\f5026be3983acfb40d4092dbfbc015ec6e6addab\lucene-test-framework-6.2.0.jar;C:\Users\kmala\.gradle\caches\modules-2\files-2.1\org.apache.lucene\lucene-codecs\6.2.0\99f887266b0ad9f2c286b3976c5bc48c8cd36624\lucene-codecs-6.2.0.jar;C:\Users\kmala\workspace\Team3\client\rest\build\distributions\rest-5.0.0-alpha6-SNAPSHOT.jar;C:\Users\kmala\.gradle\caches\modules-2\files-2.1\org.apache.httpcomponents\httpclient\4.5.2\733db77aa8d9b2d68015189df76ab06304406e50\httpclient-4.5.2.jar;C:\Users\kmala\.gradle\caches\modules-2\files-2.1\org.apache.httpcomponents\httpcore\4.4.5\e7501a1b34325abb00d17dde96150604a0658b54\httpcore-4.4.5.jar;C:\Users\kmala\.gradle\caches\modules-2\files-2.1\commons-logging\commons-logging\1.1.3\f6f66e966c70a83ffbdb6f17a0919eaf7c8aca7f\commons-logging-1.1.3.jar;C:\Users\kmala\.gradle\caches\modules-2\files-2.1\commons-codec\commons-codec\1.10\4b95f4897fa13f2cd904aee711aeafc0c5295cd8\commons-codec-1.10.jar;C:\Users\kmala\.gradle\caches\modules-2\files-2.1\org.elasticsearch\securemock\1.2\98201d4ad5ac93f6b415ae9172d52b5e7cda490e\securemock-1.2.jar;C:\Users\kmala\.gradle\caches\modules-2\files-2.1\org.apache.httpcomponents\httpasyncclient\4.1.2\95aa3e6fb520191a0970a73cf09f62948ee614be\httpasyncclient-4.1.2.jar;C:\Users\kmala\.gradle\caches\modules-2\files-2.1\org.apache.httpcomponents\httpcore-nio\4.4.5\f4be009e7505f6ceddf21e7960c759f413f15056\httpcore-nio-4.4.5.jar;C:\Users\kmala\.gradle\caches\modules-2\files-2.1\com.carrotsearch.randomizedtesting\junit4-ant\2.3.2\dc8f03f6111974092491f35b8269eb0fc57f52f7\junit4-ant-2.3.2.jar"/>
      <property name="java.class.version" value="52.0"/>
      <property name="java.endorsed.dirs" value="C:\Program Files\Java\jdk1.8.0_102\jre\lib\endorsed"/>
      <property name="java.ext.dirs" value="C:\Program Files\Java\jdk1.8.0_102\jre\lib\ext;C:\Windows\Sun\Java\lib\ext"/>
      <property name="java.home" value="C:\Program Files\Java\jdk1.8.0_102\jre"/>
      <property name="java.io.tmpdir" value="./temp"/>
      <property name="java.library.path" value="C:\Program Files\Java\jdk1.8.0_102\bin;C:\Windows\Sun\Java\bin;C:\Windows\system32;C:\Windows;C:\ProgramData\Oracle\Java\javapath;C:\Windows\system32;C:\Windows;C:\Windows\System32\Wbem;C:\Windows\System32\WindowsPowerShell\v1.0\;C:\Program Files (x86)\Skype\Phone\;C:\Tools\curl-7.50.1\bin;C:\Program Files\Git\cmd;C:\Tools\gradle-2.13\bin;C:\Tools\apache-maven-3.3.9\bin;C:\Program Files\doxygen\bin;C:\Tools\sonar-scanner-2.7\bin;C:\Windows\system32\config\systemprofile\.dnx\bin;C:\Program Files\Microsoft DNX\Dnvm\;C:\Program Files\Microsoft SQL Server\120\Tools\Binn\;C:\Users\kmala\AppData\Local\Microsoft\WindowsApps;;."/>
      <property name="java.runtime.name" value="Java(TM) SE Runtime Environment"/>
      <property name="java.runtime.version" value="1.8.0_102-b14"/>
      <property name="java.specification.name" value="Java Platform API Specification"/>
      <property name="java.specification.vendor" value="Oracle Corporation"/>
      <property name="java.specification.version" value="1.8"/>
      <property name="java.vendor" value="Oracle Corporation"/>
      <property name="java.vendor.url" value="http://java.oracle.com/"/>
      <property name="java.vendor.url.bug" value="http://bugreport.sun.com/bugreport/"/>
      <property name="java.version" value="1.8.0_102"/>
      <property name="java.vm.info" value="mixed mode"/>
      <property name="java.vm.name" value="Java HotSpot(TM) 64-Bit Server VM"/>
      <property name="java.vm.specification.name" value="Java Virtual Machine Specification"/>
      <property name="java.vm.specification.vendor" value="Oracle Corporation"/>
      <property name="java.vm.specification.version" value="1.8"/>
      <property name="java.vm.vendor" value="Oracle Corporation"/>
      <property name="java.vm.version" value="25.102-b14"/>
      <property name="jna.nosys" value="true"/>
      <property name="junit4.childvm.count" value="3"/>
      <property name="junit4.childvm.cwd" value="C:\Users\kmala\workspace\Team3\core\build\testrun\test\J2"/>
      <property name="junit4.childvm.id" value="2"/>
      <property name="junit4.memory.total" value="514850816"/>
      <property name="junit4.pidString" value="7260@DESKTOP-HP7QPF3"/>
      <property name="junit4.processors" value="4"/>
      <property name="line.separator" value="
"/>
      <property name="os.arch" value="amd64"/>
      <property name="os.name" value="Windows 10"/>
      <property name="os.version" value="10.0"/>
      <property name="path.separator" value=";"/>
      <property name="sun.arch.data.model" value="64"/>
      <property name="sun.boot.class.path" value="C:\Program Files\Java\jdk1.8.0_102\jre\lib\resources.jar;C:\Program Files\Java\jdk1.8.0_102\jre\lib\rt.jar;C:\Program Files\Java\jdk1.8.0_102\jre\lib\sunrsasign.jar;C:\Program Files\Java\jdk1.8.0_102\jre\lib\jsse.jar;C:\Program Files\Java\jdk1.8.0_102\jre\lib\jce.jar;C:\Program Files\Java\jdk1.8.0_102\jre\lib\charsets.jar;C:\Program Files\Java\jdk1.8.0_102\jre\lib\jfr.jar;C:\Program Files\Java\jdk1.8.0_102\jre\classes"/>
      <property name="sun.boot.library.path" value="C:\Program Files\Java\jdk1.8.0_102\jre\bin"/>
      <property name="sun.cpu.endian" value="little"/>
      <property name="sun.cpu.isalist" value="amd64"/>
      <property name="sun.desktop" value="windows"/>
      <property name="sun.io.unicode.encoding" value="UnicodeLittle"/>
      <property name="sun.java.command" value="com.carrotsearch.ant.tasks.junit4.slave.SlaveMainSafe -eventsfile C:\Users\kmala\workspace\Team3\core\build\testrun\test\temp\junit4-J2-20160918_124457_941.events @C:\Users\kmala\workspace\Team3\core\build\testrun\test\temp\junit4-J2-20160918_124457_941.suites -stdin"/>
      <property name="sun.java.launcher" value="SUN_STANDARD"/>
      <property name="sun.jnu.encoding" value="Cp1252"/>
      <property name="sun.management.compiler" value="HotSpot 64-Bit Tiered Compilers"/>
      <property name="sun.os.patch.level" value=""/>
      <property name="tests.artifact" value="core"/>
      <property name="tests.gradle" value="true"/>
      <property name="tests.ifNoTests" value="fail"/>
      <property name="tests.logger.level" value="WARN"/>
      <property name="tests.prefix" value="tests"/>
      <property name="tests.security.manager" value="true"/>
      <property name="tests.seed" value="FD13852EF36FC81C"/>
      <property name="tests.task" value=":core:test"/>
      <property name="user.country" value="US"/>
      <property name="user.dir" value="C:\Users\kmala\workspace\Team3\core\build\testrun\test\J2"/>
      <property name="user.home" value="C:\Users\kmala"/>
      <property name="user.language" value="en"/>
      <property name="user.name" value="kmala"/>
      <property name="user.script" value=""/>
      <property name="user.timezone" value=""/>
      <property name="user.variant" value=""/>
   </properties>
   <testcase classname="org.elasticsearch.indices.cluster.IndicesClusterStateServiceRandomUpdatesTests" name="testRandomClusterStateUpdates" time="3.07"/>
   <testcase classname="org.elasticsearch.indices.cluster.IndicesClusterStateServiceRandomUpdatesTests" name="testJoiningNewClusterOnlyRemovesInMemoryIndexStructures" time="0.075"/>
   <system-out><![CDATA[[2016-09-18T13:46:10,147][INFO ][org.elasticsearch.indices.cluster] [node_s_0] Iteration 0
[2016-09-18T13:46:10,248][INFO ][org.elasticsearch.cluster.metadata] [node_s_0] [index_pfwiimgxrpaztaj] creating index, cause [api], templates [], shards [2]/[1], mappings []
[2016-09-18T13:46:10,258][INFO ][org.elasticsearch.cluster.metadata] [node_s_0] closing indices [[[index_pfwiimgxrpaztaj/8jny_FcOQeOvACN4BBw7Xg]]]
[2016-09-18T13:46:10,270][INFO ][org.elasticsearch.indices.cluster] [node_s_0] Iteration 1
[2016-09-18T13:46:10,272][INFO ][org.elasticsearch.cluster.metadata] [node_s_0] [index_aibmwlraqhhogqu] creating index, cause [api], templates [], shards [2]/[1], mappings []
[2016-09-18T13:46:10,275][INFO ][org.elasticsearch.cluster.metadata] [node_s_0] [index_xxenysgvksmszge] creating index, cause [api], templates [], shards [2]/[2], mappings []
[2016-09-18T13:46:10,276][INFO ][org.elasticsearch.cluster.routing.allocation] [node_s_0] Cluster health status changed from [YELLOW] to [RED] (reason: [index [index_xxenysgvksmszge] created]).
[2016-09-18T13:46:10,308][INFO ][org.elasticsearch.cluster.metadata] [node_s_0] updating number_of_replicas to [2] for indices [index_xxenysgvksmszge, index_aibmwlraqhhogqu]
[2016-09-18T13:46:10,396][INFO ][org.elasticsearch.indices.cluster] [node_s_0] Iteration 2
[2016-09-18T13:46:10,399][INFO ][org.elasticsearch.cluster.metadata] [node_s_0] [index_nzqfkaqixfpdcns] creating index, cause [api], templates [], shards [1]/[1], mappings []
[2016-09-18T13:46:10,403][INFO ][org.elasticsearch.cluster.metadata] [node_s_0] [index_gfmvqdosxitgrad] creating index, cause [api], templates [], shards [2]/[0], mappings []
[2016-09-18T13:46:10,406][INFO ][org.elasticsearch.cluster.metadata] [node_s_0] updating number_of_replicas to [2] for indices [index_aibmwlraqhhogqu]
[2016-09-18T13:46:10,417][INFO ][org.elasticsearch.indices.cluster] [node_s_0] Iteration 3
[2016-09-18T13:46:10,419][INFO ][org.elasticsearch.cluster.metadata] [node_s_0] closing indices [[[index_nzqfkaqixfpdcns/P3pLRbSURxq_Q-1e51GgZQ]]]
[2016-09-18T13:46:10,423][INFO ][org.elasticsearch.cluster.metadata] [node_s_0] [index_imwvumhrxckecxw] creating index, cause [api], templates [], shards [1]/[1], mappings []
[2016-09-18T13:46:10,428][INFO ][org.elasticsearch.cluster.metadata] [node_s_0] [index_lcrfrtskkfjtrbm] creating index, cause [api], templates [], shards [1]/[1], mappings []
[2016-09-18T13:46:10,436][INFO ][org.elasticsearch.indices.cluster] [node_s_0] Iteration 4
[2016-09-18T13:46:10,448][INFO ][org.elasticsearch.indices.cluster] [node_s_0] Iteration 5
[2016-09-18T13:46:10,451][INFO ][org.elasticsearch.cluster.metadata] [node_s_0] [index_omoogiugossaael] creating index, cause [api], templates [], shards [1]/[1], mappings []
[2016-09-18T13:46:10,452][INFO ][org.elasticsearch.cluster.routing.allocation] [node_s_0] Cluster health status changed from [YELLOW] to [RED] (reason: [index [index_omoogiugossaael] created]).
[2016-09-18T13:46:10,457][INFO ][org.elasticsearch.cluster.metadata] [node_s_0] [index_nvitbfrpglkxjlc] creating index, cause [api], templates [], shards [3]/[1], mappings []
[2016-09-18T13:46:10,459][INFO ][org.elasticsearch.indices.cluster] [node_s_0] Iteration 6
[2016-09-18T13:46:10,460][INFO ][org.elasticsearch.indices.cluster] [node_s_0] Iteration 7
[2016-09-18T13:46:10,461][INFO ][org.elasticsearch.indices.cluster] [node_s_0] Iteration 8
[2016-09-18T13:46:10,462][INFO ][org.elasticsearch.cluster.metadata] [node_s_0] [index_gbfzpmevgbzslsr] creating index, cause [api], templates [], shards [3]/[1], mappings []
[2016-09-18T13:46:10,471][INFO ][org.elasticsearch.cluster.metadata] [node_s_0] [index_tgxagsngmemquyf] creating index, cause [api], templates [], shards [1]/[0], mappings []
[2016-09-18T13:46:10,475][INFO ][org.elasticsearch.cluster.metadata] [node_s_0] [index_kxmexrcbzcllpew] creating index, cause [api], templates [], shards [3]/[2], mappings []
[2016-09-18T13:46:10,479][INFO ][org.elasticsearch.cluster.metadata] [node_s_0] [index_mazvebymprhvgls] creating index, cause [api], templates [], shards [1]/[0], mappings []
[2016-09-18T13:46:10,487][INFO ][org.elasticsearch.cluster.metadata] [node_s_0] updating number_of_replicas to [2] for indices [index_kxmexrcbzcllpew]
[2016-09-18T13:46:10,491][INFO ][org.elasticsearch.indices.cluster] [node_s_0] Iteration 9
[2016-09-18T13:46:10,493][INFO ][org.elasticsearch.cluster.metadata] [node_s_0] [index_sxjjlmngljbmeqm] creating index, cause [api], templates [], shards [2]/[1], mappings []
[2016-09-18T13:46:10,495][INFO ][org.elasticsearch.cluster.routing.allocation] [node_s_0] Cluster health status changed from [YELLOW] to [RED] (reason: [index [index_sxjjlmngljbmeqm] created]).
[2016-09-18T13:46:10,515][INFO ][org.elasticsearch.cluster.metadata] [node_s_0] [index_oryosyzjwgogjyu] creating index, cause [api], templates [], shards [2]/[2], mappings []
[2016-09-18T13:46:10,522][INFO ][org.elasticsearch.cluster.metadata] [node_s_0] [index_efgphmbpwabfiow] creating index, cause [api], templates [], shards [2]/[1], mappings []
[2016-09-18T13:46:10,531][INFO ][org.elasticsearch.cluster.metadata] [node_s_0] [index_uaitcjvotrkgjks] creating index, cause [api], templates [], shards [2]/[1], mappings []
[2016-09-18T13:46:10,535][INFO ][org.elasticsearch.cluster.metadata] [node_s_0] updating number_of_replicas to [2] for indices [index_efgphmbpwabfiow]
[2016-09-18T13:46:10,543][INFO ][org.elasticsearch.indices.cluster] [node_s_0] Iteration 10
[2016-09-18T13:46:10,545][INFO ][org.elasticsearch.cluster.metadata] [node_s_0] [index_jgrmppxttppujlm] creating index, cause [api], templates [], shards [2]/[0], mappings []
[2016-09-18T13:46:10,604][INFO ][org.elasticsearch.indices.cluster] [node_s_0] Iteration 11
[2016-09-18T13:46:10,611][INFO ][org.elasticsearch.cluster.metadata] [node_s_0] [index_zfawfhpkrqcfngw] creating index, cause [api], templates [], shards [1]/[2], mappings []
[2016-09-18T13:46:10,614][INFO ][org.elasticsearch.cluster.metadata] [node_s_0] closing indices [[[index_jgrmppxttppujlm/uM6UuHthSciEuRtCEBjZ3g]]]
[2016-09-18T13:46:10,616][INFO ][org.elasticsearch.cluster.metadata] [node_s_0] updating number_of_replicas to [0] for indices [index_zfawfhpkrqcfngw]
[2016-09-18T13:46:10,619][INFO ][org.elasticsearch.cluster.metadata] [node_s_0] [index_igrhfjbrhjjsdbc] creating index, cause [api], templates [], shards [3]/[2], mappings []
[2016-09-18T13:46:10,623][INFO ][org.elasticsearch.cluster.routing.allocation] [node_s_0] Cluster health status changed from [YELLOW] to [RED] (reason: [index [index_igrhfjbrhjjsdbc] created]).
[2016-09-18T13:46:10,625][INFO ][org.elasticsearch.cluster.metadata] [node_s_0] [index_imgxgfalgsfpupb] creating index, cause [api], templates [], shards [1]/[0], mappings []
[2016-09-18T13:46:10,654][INFO ][org.elasticsearch.cluster.metadata] [node_s_0] updating number_of_replicas to [1] for indices [index_igrhfjbrhjjsdbc]
[2016-09-18T13:46:10,661][INFO ][org.elasticsearch.indices.cluster] [node_s_0] Iteration 12
[2016-09-18T13:46:10,664][INFO ][org.elasticsearch.cluster.metadata] [node_s_0] [index_lijjygrspmymhlk] creating index, cause [api], templates [], shards [3]/[0], mappings []
[2016-09-18T13:46:10,667][INFO ][org.elasticsearch.cluster.metadata] [node_s_0] [index_vgpzdhpcoxlayfa] creating index, cause [api], templates [], shards [2]/[1], mappings []
[2016-09-18T13:46:10,671][INFO ][org.elasticsearch.cluster.metadata] [node_s_0] [index_hhqctkbfzxbgiax] creating index, cause [api], templates [], shards [1]/[2], mappings []
[2016-09-18T13:46:10,749][INFO ][org.elasticsearch.cluster.metadata] [node_s_0] closing indices [[[index_lijjygrspmymhlk/TSG7f5hHRmaH8WBtv-PuDA]]]
[2016-09-18T13:46:10,752][INFO ][org.elasticsearch.cluster.metadata] [node_s_0] [index_vleeoledgemhtrv] creating index, cause [api], templates [], shards [2]/[0], mappings []
[2016-09-18T13:46:10,755][INFO ][org.elasticsearch.cluster.metadata] [node_s_0] [index_jgwxdhionvqvyzg] creating index, cause [api], templates [], shards [2]/[2], mappings []
[2016-09-18T13:46:10,760][INFO ][org.elasticsearch.cluster.metadata] [node_s_0] opening indices [[[index_lijjygrspmymhlk/TSG7f5hHRmaH8WBtv-PuDA]]]
[2016-09-18T13:46:10,762][INFO ][org.elasticsearch.cluster.routing.allocation] [node_s_0] Cluster health status changed from [YELLOW] to [RED] (reason: [indices opened [[[index_lijjygrspmymhlk/TSG7f5hHRmaH8WBtv-PuDA]]]]).
[2016-09-18T13:46:10,764][INFO ][org.elasticsearch.cluster.metadata] [node_s_0] updating number_of_replicas to [0] for indices [index_jgwxdhionvqvyzg]
[2016-09-18T13:46:10,782][INFO ][org.elasticsearch.indices.cluster] [node_s_0] Iteration 13
[2016-09-18T13:46:10,784][INFO ][org.elasticsearch.indices.cluster] [node_s_0] Iteration 14
[2016-09-18T13:46:10,785][INFO ][org.elasticsearch.indices.cluster] [node_s_0] Iteration 15
[2016-09-18T13:46:10,788][INFO ][org.elasticsearch.cluster.metadata] [node_s_0] [index_ylyfgpryhgwwpsl] creating index, cause [api], templates [], shards [3]/[0], mappings []
[2016-09-18T13:46:10,792][INFO ][org.elasticsearch.cluster.metadata] [node_s_0] [index_ejxeikjamvpmwms] creating index, cause [api], templates [], shards [3]/[1], mappings []
[2016-09-18T13:46:10,795][INFO ][org.elasticsearch.cluster.metadata] [node_s_0] updating number_of_replicas to [2] for indices [index_jgwxdhionvqvyzg]
[2016-09-18T13:46:10,800][INFO ][org.elasticsearch.cluster.metadata] [node_s_0] [index_fecgxnenpuauozh] creating index, cause [api], templates [], shards [2]/[0], mappings []
[2016-09-18T13:46:10,804][INFO ][org.elasticsearch.cluster.metadata] [node_s_0] [index_agbfxyavidtzwnt] creating index, cause [api], templates [], shards [2]/[2], mappings []
[2016-09-18T13:46:10,812][INFO ][org.elasticsearch.cluster.metadata] [node_s_0] closing indices [[[index_imgxgfalgsfpupb/6paizmhZRdm7yS2Pf2xu5Q]]]
[2016-09-18T13:46:10,815][INFO ][org.elasticsearch.cluster.metadata] [node_s_0] updating number_of_replicas to [2] for indices [index_vleeoledgemhtrv, index_hhqctkbfzxbgiax]
[2016-09-18T13:46:10,826][INFO ][org.elasticsearch.common.settings] [node_s_0] updating [index.refresh_interval] from [1s] to [3s]
[2016-09-18T13:46:10,838][INFO ][org.elasticsearch.common.settings] [node_s_0] updating [index.refresh_interval] from [1s] to [3s]
[2016-09-18T13:46:10,853][INFO ][org.elasticsearch.common.settings] [node_s_0] updating [index.refresh_interval] from [3s] to [1s]
[2016-09-18T13:46:10,853][INFO ][org.elasticsearch.common.settings] [node_s_0] updating [index.refresh_interval] from [1s] to [3s]
[2016-09-18T13:46:10,874][INFO ][org.elasticsearch.indices.cluster] [node_s_0] Iteration 16
[2016-09-18T13:46:10,876][INFO ][org.elasticsearch.cluster.metadata] [node_s_0] [index_ogeiwnmcwrdgkco] creating index, cause [api], templates [], shards [3]/[0], mappings []
[2016-09-18T13:46:10,883][INFO ][org.elasticsearch.cluster.metadata] [node_s_0] [index_avauebnuenqpcno] creating index, cause [api], templates [], shards [1]/[0], mappings []
[2016-09-18T13:46:10,885][INFO ][org.elasticsearch.cluster.routing.allocation] [node_s_0] Cluster health status changed from [YELLOW] to [RED] (reason: [index [index_avauebnuenqpcno] created]).
[2016-09-18T13:46:10,899][INFO ][org.elasticsearch.cluster.metadata] [node_s_0] [index_ifwspweerbaqvpz] creating index, cause [api], templates [], shards [1]/[2], mappings []
[2016-09-18T13:46:10,902][INFO ][org.elasticsearch.cluster.metadata] [node_s_0] [index_gmsprpidyvjmvif] creating index, cause [api], templates [], shards [3]/[0], mappings []
[2016-09-18T13:46:10,915][INFO ][org.elasticsearch.cluster.metadata] [node_s_0] closing indices [[[index_jgwxdhionvqvyzg/7IOciub9Q1CuZxS3nTdmuA]]]
[2016-09-18T13:46:10,943][INFO ][org.elasticsearch.indices.cluster] [node_s_0] Iteration 17
[2016-09-18T13:46:10,945][INFO ][org.elasticsearch.cluster.metadata] [node_s_0] [index_ydhuvvgvaxqlmlx] creating index, cause [api], templates [], shards [2]/[2], mappings []
[2016-09-18T13:46:11,018][INFO ][org.elasticsearch.cluster.metadata] [node_s_0] opening indices [[[index_jgrmppxttppujlm/uM6UuHthSciEuRtCEBjZ3g]]]
[2016-09-18T13:46:11,025][INFO ][org.elasticsearch.cluster.metadata] [node_s_0] updating number_of_replicas to [1] for indices [index_gmsprpidyvjmvif]
[2016-09-18T13:46:11,038][INFO ][org.elasticsearch.common.settings] [node_s_0] updating [index.refresh_interval] from [1s] to [3s]
[2016-09-18T13:46:11,041][INFO ][org.elasticsearch.common.settings] [node_s_0] updating [index.refresh_interval] from [1s] to [3s]
[2016-09-18T13:46:11,045][INFO ][org.elasticsearch.common.settings] [node_s_0] updating [index.refresh_interval] from [1s] to [3s]
[2016-09-18T13:46:11,046][INFO ][org.elasticsearch.indices.cluster] [node_s_0] Iteration 18
[2016-09-18T13:46:11,059][INFO ][org.elasticsearch.cluster.metadata] [node_s_0] [index_ludllghwgqucqpu] creating index, cause [api], templates [], shards [2]/[2], mappings []
[2016-09-18T13:46:11,075][INFO ][org.elasticsearch.cluster.metadata] [node_s_0] [index_fjytouqzybqldzv] creating index, cause [api], templates [], shards [1]/[0], mappings []
[2016-09-18T13:46:11,089][INFO ][org.elasticsearch.cluster.metadata] [node_s_0] [index_hrrcsvnncdaviud] creating index, cause [api], templates [], shards [3]/[2], mappings []
[2016-09-18T13:46:11,097][INFO ][org.elasticsearch.cluster.metadata] [node_s_0] closing indices [[[index_ifwspweerbaqvpz/45uuwSWSQuO2UBtRrzWMkg]]]
[2016-09-18T13:46:11,098][INFO ][org.elasticsearch.cluster.metadata] [node_s_0] opening indices [[[index_jgwxdhionvqvyzg/7IOciub9Q1CuZxS3nTdmuA]]]
[2016-09-18T13:46:11,112][INFO ][org.elasticsearch.indices.cluster] [node_s_0] Iteration 19
[2016-09-18T13:46:11,113][INFO ][org.elasticsearch.cluster.metadata] [node_s_0] [index_nwivuxoscqsvakv] creating index, cause [api], templates [], shards [1]/[0], mappings []
[2016-09-18T13:46:11,116][INFO ][org.elasticsearch.cluster.metadata] [node_s_0] updating number_of_replicas to [0] for indices [index_nwivuxoscqsvakv, index_ludllghwgqucqpu]
[2016-09-18T13:46:11,121][INFO ][org.elasticsearch.common.settings] [node_s_0] updating [index.refresh_interval] from [1s] to [5s]
[2016-09-18T13:46:11,125][INFO ][org.elasticsearch.indices.cluster] [node_s_0] Iteration 20
[2016-09-18T13:46:11,127][INFO ][org.elasticsearch.cluster.metadata] [node_s_0] [index_ggvdzlzjtsxuupi] creating index, cause [api], templates [], shards [2]/[0], mappings []
[2016-09-18T13:46:11,137][INFO ][org.elasticsearch.cluster.metadata] [node_s_0] updating number_of_replicas to [2] for indices [index_ludllghwgqucqpu]
[2016-09-18T13:46:11,154][INFO ][org.elasticsearch.cluster.metadata] [node_s_0] [index_fmhdejjjftpoobd] creating index, cause [api], templates [], shards [1]/[2], mappings []
[2016-09-18T13:46:11,160][INFO ][org.elasticsearch.cluster.metadata] [node_s_0] [index_jeponwdcolsccoc] creating index, cause [api], templates [], shards [2]/[2], mappings []
[2016-09-18T13:46:11,164][INFO ][org.elasticsearch.cluster.metadata] [node_s_0] [index_ymgljspsyfavecq] creating index, cause [api], templates [], shards [3]/[2], mappings []
[2016-09-18T13:46:11,176][INFO ][org.elasticsearch.cluster.metadata] [node_s_0] closing indices [[[index_ludllghwgqucqpu/vyWPZRMdTy6Jq_fbvzV5tg]]]
[2016-09-18T13:46:11,236][INFO ][org.elasticsearch.indices.cluster] [node_s_0] Iteration 21
[2016-09-18T13:46:11,237][INFO ][org.elasticsearch.cluster.metadata] [node_s_0] [index_cjgsqtyspltsspr] creating index, cause [api], templates [], shards [1]/[0], mappings []
[2016-09-18T13:46:11,250][INFO ][org.elasticsearch.cluster.metadata] [node_s_0] [index_dlnzeozblrcglmn] creating index, cause [api], templates [], shards [1]/[1], mappings []
[2016-09-18T13:46:11,269][INFO ][org.elasticsearch.cluster.metadata] [node_s_0] [index_ypfgcpjmwvdgkks] creating index, cause [api], templates [], shards [1]/[1], mappings []
[2016-09-18T13:46:11,274][INFO ][org.elasticsearch.cluster.metadata] [node_s_0] [index_wbpnhbuhuaeuhrj] creating index, cause [api], templates [], shards [2]/[0], mappings []
[2016-09-18T13:46:11,277][INFO ][org.elasticsearch.cluster.metadata] [node_s_0] closing indices [[[index_fecgxnenpuauozh/XrqyDtCdQO6V_8TEVRGkAA]]]
[2016-09-18T13:46:11,294][INFO ][org.elasticsearch.cluster.metadata] [node_s_0] [index_bamcdkujhbjpcrz] creating index, cause [api], templates [], shards [3]/[2], mappings []
[2016-09-18T13:46:11,299][INFO ][org.elasticsearch.cluster.metadata] [node_s_0] [index_ikgjatxhbguywxn] creating index, cause [api], templates [], shards [2]/[1], mappings []
[2016-09-18T13:46:11,303][INFO ][org.elasticsearch.cluster.metadata] [node_s_0] [index_sxrkbpczzsixngo] creating index, cause [api], templates [], shards [3]/[0], mappings []
[2016-09-18T13:46:11,307][INFO ][org.elasticsearch.cluster.metadata] [node_s_0] [index_dkbwukqlhltpwny] creating index, cause [api], templates [], shards [2]/[2], mappings []
[2016-09-18T13:46:11,314][INFO ][org.elasticsearch.cluster.metadata] [node_s_0] closing indices [[[index_fjytouqzybqldzv/Rr88OafzQz2whzHVaD6FrA]]]
[2016-09-18T13:46:11,337][INFO ][org.elasticsearch.cluster.metadata] [node_s_0] closing indices [[[index_cjgsqtyspltsspr/sWrn_mkETvKz3sqMyzMYSQ]]]
[2016-09-18T13:46:11,339][INFO ][org.elasticsearch.cluster.metadata] [node_s_0] updating number_of_replicas to [0] for indices [index_jeponwdcolsccoc, index_ikgjatxhbguywxn]
[2016-09-18T13:46:11,362][INFO ][org.elasticsearch.common.settings] [node_s_0] updating [index.refresh_interval] from [1s] to [3s]
[2016-09-18T13:46:11,368][INFO ][org.elasticsearch.common.settings] [node_s_0] updating [index.refresh_interval] from [1s] to [3s]
[2016-09-18T13:46:11,386][INFO ][org.elasticsearch.indices.cluster] [node_s_0] Iteration 22
[2016-09-18T13:46:11,388][INFO ][org.elasticsearch.cluster.metadata] [node_s_0] [index_hckaugyotgzfwtd] creating index, cause [api], templates [], shards [2]/[1], mappings []
[2016-09-18T13:46:11,395][INFO ][org.elasticsearch.cluster.metadata] [node_s_0] [index_iqpxzsqpamemial] creating index, cause [api], templates [], shards [1]/[2], mappings []
[2016-09-18T13:46:11,398][INFO ][org.elasticsearch.cluster.metadata] [node_s_0] [index_hzxfkhrbfwwxjkz] creating index, cause [api], templates [], shards [2]/[1], mappings []
[2016-09-18T13:46:11,406][INFO ][org.elasticsearch.cluster.metadata] [node_s_0] [index_yaqkpaddfivdzvb] creating index, cause [api], templates [], shards [1]/[1], mappings []
[2016-09-18T13:46:11,415][INFO ][org.elasticsearch.cluster.metadata] [node_s_0] [index_fozkretqspoicvn] creating index, cause [api], templates [], shards [2]/[0], mappings []
[2016-09-18T13:46:11,422][INFO ][org.elasticsearch.cluster.metadata] [node_s_0] opening indices [[[index_ifwspweerbaqvpz/45uuwSWSQuO2UBtRrzWMkg]]]
[2016-09-18T13:46:11,425][INFO ][org.elasticsearch.cluster.metadata] [node_s_0] updating number_of_replicas to [2] for indices [index_ypfgcpjmwvdgkks, index_wbpnhbuhuaeuhrj]
[2016-09-18T13:46:11,432][INFO ][org.elasticsearch.cluster.metadata] [node_s_0] [index_iqidjqucqfvnhhg] creating index, cause [api], templates [], shards [2]/[1], mappings []
[2016-09-18T13:46:11,434][INFO ][org.elasticsearch.cluster.metadata] [node_s_0] closing indices [[[index_ydhuvvgvaxqlmlx/e-XHn6p-QjySMnzekV4WYg]]]
[2016-09-18T13:46:11,437][INFO ][org.elasticsearch.cluster.metadata] [node_s_0] updating number_of_replicas to [0] for indices [index_dlnzeozblrcglmn]
[2016-09-18T13:46:11,443][INFO ][org.elasticsearch.cluster.metadata] [node_s_0] [index_rufimfhtipauven] creating index, cause [api], templates [], shards [3]/[1], mappings []
[2016-09-18T13:46:11,446][INFO ][org.elasticsearch.cluster.metadata] [node_s_0] [index_adirvbaoxkhaaoz] creating index, cause [api], templates [], shards [3]/[1], mappings []
[2016-09-18T13:46:11,451][INFO ][org.elasticsearch.cluster.metadata] [node_s_0] closing indices [[[index_ifwspweerbaqvpz/45uuwSWSQuO2UBtRrzWMkg]]]
[2016-09-18T13:46:11,454][INFO ][org.elasticsearch.cluster.metadata] [node_s_0] updating number_of_replicas to [2] for indices [index_hzxfkhrbfwwxjkz]
[2016-09-18T13:46:11,457][INFO ][org.elasticsearch.cluster.routing.allocation] [node_s_0] Cluster health status changed from [RED] to [YELLOW] (reason: [shards started [[index_ymgljspsyfavecq][0], [index_ypfgcpjmwvdgkks][0], [index_ggvdzlzjtsxuupi][1], [index_ggvdzlzjtsxuupi][0], [index_bamcdkujhbjpcrz][0], [index_bamcdkujhbjpcrz][2]] ...]).
[2016-09-18T13:46:11,469][INFO ][org.elasticsearch.common.settings] [node_s_0] updating [index.refresh_interval] from [1s] to [3s]
[2016-09-18T13:46:11,473][INFO ][org.elasticsearch.common.settings] [node_s_0] updating [index.refresh_interval] from [3s] to [4s]
[2016-09-18T13:46:11,473][INFO ][org.elasticsearch.common.settings] [node_s_0] updating [index.refresh_interval] from [1s] to [3s]
[2016-09-18T13:46:11,478][INFO ][org.elasticsearch.common.settings] [node_s_0] updating [index.refresh_interval] from [1s] to [3s]
[2016-09-18T13:46:11,533][INFO ][org.elasticsearch.indices.cluster] [node_s_0] Iteration 23
[2016-09-18T13:46:11,536][INFO ][org.elasticsearch.cluster.metadata] [node_s_0] closing indices [[[index_iqpxzsqpamemial/eEdYcpr7RJalTAuRG4W_3w]]]
[2016-09-18T13:46:11,537][INFO ][org.elasticsearch.cluster.metadata] [node_s_0] updating number_of_replicas to [2] for indices [index_hzxfkhrbfwwxjkz]
[2016-09-18T13:46:11,658][INFO ][org.elasticsearch.indices.cluster] [node_s_0] Iteration 24
[2016-09-18T13:46:11,660][INFO ][org.elasticsearch.indices.cluster] [node_s_0] Iteration 25
[2016-09-18T13:46:11,665][INFO ][org.elasticsearch.cluster.metadata] [node_s_0] closing indices [[[index_hzxfkhrbfwwxjkz/VR23Tq11S2WU78avprx60Q]]]
[2016-09-18T13:46:11,674][INFO ][org.elasticsearch.cluster.metadata] [node_s_0] [index_ysrzanqjullmfoe] creating index, cause [api], templates [], shards [2]/[2], mappings []
[2016-09-18T13:46:11,690][INFO ][org.elasticsearch.cluster.metadata] [node_s_0] [index_jsfipbsmkeuftuq] creating index, cause [api], templates [], shards [3]/[1], mappings []
[2016-09-18T13:46:11,693][INFO ][org.elasticsearch.cluster.routing.allocation] [node_s_0] Cluster health status changed from [YELLOW] to [RED] (reason: [index [index_jsfipbsmkeuftuq] created]).
[2016-09-18T13:46:11,705][INFO ][org.elasticsearch.common.settings] [node_s_0] updating [index.refresh_interval] from [3s] to [5s]
[2016-09-18T13:46:11,708][INFO ][org.elasticsearch.common.settings] [node_s_0] updating [index.refresh_interval] from [3s] to [5s]
[2016-09-18T13:46:11,711][INFO ][org.elasticsearch.common.settings] [node_s_0] updating [index.refresh_interval] from [3s] to [5s]
[2016-09-18T13:46:11,714][INFO ][org.elasticsearch.indices.cluster] [node_s_0] Iteration 26
[2016-09-18T13:46:11,718][INFO ][org.elasticsearch.cluster.metadata] [node_s_0] [index_ggpkjimzogidkcg] creating index, cause [api], templates [], shards [1]/[1], mappings []
[2016-09-18T13:46:11,723][INFO ][org.elasticsearch.cluster.metadata] [node_s_0] [index_qpagsycdcpifdfq] creating index, cause [api], templates [], shards [3]/[2], mappings []
[2016-09-18T13:46:11,732][INFO ][org.elasticsearch.cluster.metadata] [node_s_0] opening indices [[[index_ifwspweerbaqvpz/45uuwSWSQuO2UBtRrzWMkg]]]
[2016-09-18T13:46:11,734][INFO ][org.elasticsearch.cluster.metadata] [node_s_0] updating number_of_replicas to [2] for indices [index_ggpkjimzogidkcg, index_ymgljspsyfavecq]
[2016-09-18T13:46:11,740][INFO ][org.elasticsearch.cluster.metadata] [node_s_0] [index_oevqcwkywijstzw] creating index, cause [api], templates [], shards [1]/[1], mappings []
[2016-09-18T13:46:11,744][INFO ][org.elasticsearch.cluster.metadata] [node_s_0] [index_uhrnhgtbbneeqgk] creating index, cause [api], templates [], shards [1]/[2], mappings []
[2016-09-18T13:46:11,749][INFO ][org.elasticsearch.cluster.metadata] [node_s_0] [index_ipmicvdxlcapmua] creating index, cause [api], templates [], shards [3]/[2], mappings []
[2016-09-18T13:46:11,753][INFO ][org.elasticsearch.cluster.metadata] [node_s_0] closing indices [[[index_qpagsycdcpifdfq/DF5MtFmGS-CQ68WPecd87w]]]
[2016-09-18T13:46:11,768][INFO ][org.elasticsearch.common.settings] [node_s_0] updating [index.refresh_interval] from [1s] to [2s]
[2016-09-18T13:46:11,772][INFO ][org.elasticsearch.common.settings] [node_s_0] updating [index.refresh_interval] from [1s] to [2s]
[2016-09-18T13:46:11,778][INFO ][org.elasticsearch.common.settings] [node_s_0] updating [index.refresh_interval] from [1s] to [2s]
[2016-09-18T13:46:11,780][INFO ][org.elasticsearch.indices.cluster] [node_s_0] Iteration 27
[2016-09-18T13:46:11,783][INFO ][org.elasticsearch.indices.cluster] [node_s_0] Iteration 28
[2016-09-18T13:46:11,787][INFO ][org.elasticsearch.cluster.metadata] [node_s_0] [index_zhlewsxphbytldu] creating index, cause [api], templates [], shards [3]/[2], mappings []
[2016-09-18T13:46:11,797][INFO ][org.elasticsearch.cluster.metadata] [node_s_0] [index_cgcaoakwelshngi] creating index, cause [api], templates [], shards [1]/[2], mappings []
[2016-09-18T13:46:11,833][INFO ][org.elasticsearch.cluster.metadata] [node_s_0] [index_trvgpkaqivdpkjh] creating index, cause [api], templates [], shards [1]/[2], mappings []
[2016-09-18T13:46:11,838][INFO ][org.elasticsearch.cluster.metadata] [node_s_0] closing indices [[[index_trvgpkaqivdpkjh/jDH56CrfR-i_wXgRdLRjWw]]]
[2016-09-18T13:46:11,918][INFO ][org.elasticsearch.cluster.metadata] [node_s_0] closing indices [[[index_sxrkbpczzsixngo/FUAmLJUzRB29SEDQ9hMuZg]]]
[2016-09-18T13:46:11,945][INFO ][org.elasticsearch.indices.cluster] [node_s_0] Iteration 29
[2016-09-18T13:46:11,949][INFO ][org.elasticsearch.cluster.metadata] [node_s_0] [index_mwatkqzqpolvrji] creating index, cause [api], templates [], shards [3]/[0], mappings []
[2016-09-18T13:46:12,004][INFO ][org.elasticsearch.cluster.metadata] [node_s_0] [index_yhazakamvtgwpgf] creating index, cause [api], templates [], shards [1]/[0], mappings []
[2016-09-18T13:46:12,082][INFO ][org.elasticsearch.cluster.metadata] [node_s_0] opening indices [[[index_cjgsqtyspltsspr/sWrn_mkETvKz3sqMyzMYSQ]]]
[2016-09-18T13:46:12,088][INFO ][org.elasticsearch.cluster.routing.allocation] [node_s_0] Cluster health status changed from [RED] to [YELLOW] (reason: [shards started [[index_oevqcwkywijstzw][0], [index_ggvdzlzjtsxuupi][1], [index_jsfipbsmkeuftuq][2], [index_ipmicvdxlcapmua][0], [index_fozkretqspoicvn][1], [index_yaqkpaddfivdzvb][0], [index_iqidjqucqfvnhhg][1], [index_ysrzanqjullmfoe][0], [index_ifwspweerbaqvpz][0], [index_cgcaoakwelshngi][0]] ...]).
[2016-09-18T13:46:12,118][INFO ][org.elasticsearch.indices.cluster] [node_s_0] Final cluster state: cluster uuid: pXf8RM-rT2-yj0JiLK9AMw
version: 0
state uuid: pH7Gr5agQLmpBq5y8iMNaA
from_diff: false
meta data version: 0
   [index_hzxfkhrbfwwxjkz/VR23Tq11S2WU78avprx60Q]: v[7]
      0: p_term [1], a_ids []
      1: p_term [1], a_ids []
   [index_cjgsqtyspltsspr/sWrn_mkETvKz3sqMyzMYSQ]: v[5]
      0: p_term [2], a_ids []
   [index_oevqcwkywijstzw/xaItqWVaQ4aVCIAYG2m12A]: v[3]
      0: p_term [1], a_ids [huxFf3eVRL6_Zvv3W2mfrQ]
   [index_cgcaoakwelshngi/9ZOJYZ6VRqKDcKgbkbAiAg]: v[3]
      0: p_term [1], a_ids [al9xQR05QSOq3nX6KEoDUA]
   [index_fjytouqzybqldzv/Rr88OafzQz2whzHVaD6FrA]: v[4]
      0: p_term [1], a_ids []
   [index_ifwspweerbaqvpz/45uuwSWSQuO2UBtRrzWMkg]: v[10]
      0: p_term [3], a_ids [53g_cq_2SE6BuCI1MG_N8w]
   [index_dlnzeozblrcglmn/9OWAGQckSLSQ70VK0lk-tw]: v[9]
      0: p_term [1], a_ids [ZifLW7xXTeG_iJKhb1hNaA]
   [index_ipmicvdxlcapmua/s2MF2_tgQIyaJKHOoLw-aA]: v[5]
      0: p_term [1], a_ids [gSyQGI0oQzybaRiuqal5uA]
      1: p_term [1], a_ids [6K3y1cwFQ1qC1c6EIaaEgw]
      2: p_term [1], a_ids [PfY9FOK_RVehq42XYI_h9Q]
   [index_sxrkbpczzsixngo/FUAmLJUzRB29SEDQ9hMuZg]: v[10]
      0: p_term [1], a_ids [gma52lXXRIa926uvv3UE_w]
      1: p_term [1], a_ids [J8g7CBFHSayyikvRlDQddQ]
      2: p_term [1], a_ids [YpRcI6lVTcCF5rFac2VAkw]
   [index_yaqkpaddfivdzvb/m1KfNZuwQnemE_GEmdqDhQ]: v[5]
      0: p_term [1], a_ids [nrBh3Ak6QE22y3FU9n7mbA, 2p4YGAoeS9qtSv5NwoEfhQ]
   [index_fozkretqspoicvn/zIudYFd1TZeNBa2NnP9K7g]: v[8]
      0: p_term [1], a_ids [odAXURpATzadbDNqls4zqA]
      1: p_term [1], a_ids [g1hZAij0RiO7Sr8Uo2kqvA]
   [index_ysrzanqjullmfoe/qPxrEEONQtiDibcMldfsyA]: v[6]
      0: p_term [1], a_ids [YY31Iw2ESaafNmvwDtJjWw, vODNae6yRE-2WFx5xXdH0w]
      1: p_term [1], a_ids [621RRqeQTN6HPotAPnBt3A, IvgTTdC6TjCa0DsvxEQlDA, QyooV3jeT-uH3CLqTE9x6w]
   [index_ggvdzlzjtsxuupi/QuxzUizSQc6Gcv0-x2MRIA]: v[11]
      0: p_term [1], a_ids [SKBdKDAeQ7eeAWkjcw9Cqw]
      1: p_term [2], a_ids [0rSnVEgwSwavbd3t3cStiw]
   [index_bamcdkujhbjpcrz/H0vpXQM2TcWmVNHq0KT1KQ]: v[6]
      0: p_term [1], a_ids [Hj7y8XvKR6yBzU_Cr4j1zA, Ptzlv5m8S4WW_9ERIAqc5A, MkLr7Ss0Qh67RJneRAon5Q]
      1: p_term [1], a_ids [b93pfuRoQZSnLSRcNWnS9w, fnuym6nVRAuvAjbeLU48gQ, WC2K29pcSxiRkcfMqsp_Mg]
      2: p_term [1], a_ids [IRW5bpgUSGGCqQtPD1yd8A, Vg0i0SOtQymcbhx737tM6A]
   [index_ggpkjimzogidkcg/wYIzCqRVQjG1o-zOC4k1qg]: v[5]
      0: p_term [1], a_ids [DBkMKpaETomF_23R0vpBRw]
   [index_qpagsycdcpifdfq/DF5MtFmGS-CQ68WPecd87w]: v[4]
      0: p_term [1], a_ids []
      1: p_term [1], a_ids []
      2: p_term [1], a_ids []
   [index_rufimfhtipauven/XyVfTnFpQfy0h999v7mAww]: v[8]
      0: p_term [0], a_ids [Sow4S43XS8KzC3efRrggYQ, BD9PEP_XQdGwWJMvrDPPXA]
      1: p_term [1], a_ids [w7nw3pmkRFObKRlwpOBN9g, 2OqO8c9yRLK3n0KwqNHpIQ]
      2: p_term [1], a_ids [JrjQGQV9SPCUpsfr_zEjpQ, zkHF1IjQREOxWNuLjpCrgg]
   [index_iqidjqucqfvnhhg/U4M8SGSXTAeeD40TTU1F7A]: v[7]
      0: p_term [1], a_ids [U3Ird1LrQzWBMDtFE3EHAw, Spqfrf-NRQWyJd20LFLqtw]
      1: p_term [1], a_ids [sCbGji1_SnOJGzNWX5JBGA, KIJbqtwJQxCD4DAreJOx-Q]
   [index_ymgljspsyfavecq/250AjfIOT26Yho2oJrJUvA]: v[12]
      0: p_term [0], a_ids [olEbA1lhRJ2QP5mwaeQ-Pg, 2aj8hzLSRb2EOnb9KWxNDQ, XMe7Alg9RM6RI3T0egC80w]
      1: p_term [1], a_ids [MohCxpMOR-i4uWBN_X_h9Q, 5_NYy0OmQiWVM3kTVQlekw, dZMAs8n-T461tbbRuH3sYQ]
      2: p_term [1], a_ids [668zqQv2SJSSIOzW1ydY8Q, rUsTQ7CmRSCSb46aiI2GYQ, s0LdVq7DRhCZukrk_maoOg]
   [index_wbpnhbuhuaeuhrj/EHw1jzOsQqe99gleogUrDQ]: v[10]
      0: p_term [1], a_ids [xBQKGiwDT6aTcfYTwwYSIA, OWIL4fBzQYql8byw8jvoaw, FbJFmZUYQ1CuOGzdmPIO7Q]
      1: p_term [1], a_ids [kgJWWsynR2evdcnenqbwuQ, pOtUz-jgRbuT4wc-1bOwZg, v9vulyXNRqKBvYuSrxUYVw]
   [index_ypfgcpjmwvdgkks/JAaBh_epSeKOrLCYfIZO-w]: v[6]
      0: p_term [1], a_ids [cW4WZsV-TcO5v81Jq-Jx3A, y2VpLCWXRwWd4Geb4xHtBQ, 6AiobKRVSyqEF1wMKind1g]
   [index_ludllghwgqucqpu/vyWPZRMdTy6Jq_fbvzV5tg]: v[7]
      0: p_term [1], a_ids []
      1: p_term [1], a_ids []
   [index_jsfipbsmkeuftuq/gTTgCa1eQK2x6dUzLi82lw]: v[7]
      0: p_term [1], a_ids [exyqtk8fR0CeN9CxUXs9sg, gkT_drwgRYujTCAIzkpmlg]
      1: p_term [1], a_ids [j9vwUiNzQLCWbt37STvMCQ, csSz10eoSTaXDPqwuylygQ]
      2: p_term [1], a_ids [HwK2hj2pT3-I6C-5e7uOhQ, Uthx7GEmSnqA1LhkkEp3kA]
   [index_iqpxzsqpamemial/eEdYcpr7RJalTAuRG4W_3w]: v[3]
      0: p_term [1], a_ids []
   [index_mwatkqzqpolvrji/c3aCfvGgSbCrM5VOVKrG2w]: v[3]
      0: p_term [1], a_ids []
      1: p_term [1], a_ids []
      2: p_term [1], a_ids []
   [index_trvgpkaqivdpkjh/jDH56CrfR-i_wXgRdLRjWw]: v[4]
      0: p_term [1], a_ids []
   [index_yhazakamvtgwpgf/A3IqT6lzQb6BS1qHZDBNOQ]: v[2]
      0: p_term [1], a_ids []
blocks: 
   index_sxrkbpczzsixngo:
      4,index closed, blocks READ,WRITE   index_fjytouqzybqldzv:
      4,index closed, blocks READ,WRITE   index_ludllghwgqucqpu:
      4,index closed, blocks READ,WRITE   index_iqpxzsqpamemial:
      4,index closed, blocks READ,WRITE   index_hzxfkhrbfwwxjkz:
      4,index closed, blocks READ,WRITE   index_trvgpkaqivdpkjh:
      4,index closed, blocks READ,WRITE   index_qpagsycdcpifdfq:
      4,index closed, blocks READ,WRITE
nodes: 
   {node_AkGRNcJW}{uCSUhJNBSb6P7nWoq8rJbA}{local}{local[73]}
   {node_ZocHuSBp}{urgmiwuUQpq1uEv43LFnQA}{local}{local[68]}, local, master
   {node_qKlJnABK}{0o1b-cakT8K6bZt_1-1Pcw}{local}{local[72]}
   {node_rOAaIljs}{3cVMwC0FRGaw8cajLYJ6IQ}{local}{local[71]}
   {node_ncktrexG}{xDG9GT7CRyelKCTTCiIrJg}{local}{local[74]}
   {node_komyJUwC}{A6398lhMR7CH_rIag80-FQ}{local}{local[69]}
   {node_smTqgxtP}{stXRwiaHSuW7EHVz9LdpBg}{local}{local[70]}
routing_table (version 0):
-- index [[index_ggpkjimzogidkcg/wYIzCqRVQjG1o-zOC4k1qg]]
----shard_id [index_ggpkjimzogidkcg][0]
--------[index_ggpkjimzogidkcg][0], node[node_komyJUwC], [P], s[STARTED], a[id=DBkMKpaETomF_23R0vpBRw]
--------[index_ggpkjimzogidkcg][0], node[node_smTqgxtP], [R], recovery_source[peer recovery], s[INITIALIZING], a[id=aggtlqblRSqpvZgbd8iMkQ], unassigned_info[[reason=INDEX_CREATED], at[2016-09-18T10:46:11.719Z], delayed=false, allocation_status[no_attempt]]
--------[index_ggpkjimzogidkcg][0], node[node_ncktrexG], [R], recovery_source[peer recovery], s[INITIALIZING], a[id=xBb8vl2HTF6zHvL8U6YP2g], unassigned_info[[reason=REPLICA_ADDED], at[2016-09-18T10:46:11.734Z], delayed=false, allocation_status[no_attempt]]

-- index [[index_rufimfhtipauven/XyVfTnFpQfy0h999v7mAww]]
----shard_id [index_rufimfhtipauven][0]
--------[index_rufimfhtipauven][0], node[node_komyJUwC], relocating [node_ncktrexG], [R], s[RELOCATING], a[id=BD9PEP_XQdGwWJMvrDPPXA, rId=phipjLGHQvSApc-IDxEnbw]
--------[index_rufimfhtipauven][0], node[node_smTqgxtP], [P], s[STARTED], a[id=Sow4S43XS8KzC3efRrggYQ]
----shard_id [index_rufimfhtipauven][1]
--------[index_rufimfhtipauven][1], node[node_komyJUwC], [R], s[STARTED], a[id=w7nw3pmkRFObKRlwpOBN9g]
--------[index_rufimfhtipauven][1], node[node_smTqgxtP], [P], s[STARTED], a[id=2OqO8c9yRLK3n0KwqNHpIQ]
----shard_id [index_rufimfhtipauven][2]
--------[index_rufimfhtipauven][2], node[node_smTqgxtP], [R], s[STARTED], a[id=zkHF1IjQREOxWNuLjpCrgg]
--------[index_rufimfhtipauven][2], node[node_ncktrexG], [P], s[STARTED], a[id=JrjQGQV9SPCUpsfr_zEjpQ]

-- index [[index_dlnzeozblrcglmn/9OWAGQckSLSQ70VK0lk-tw]]
----shard_id [index_dlnzeozblrcglmn][0]
--------[index_dlnzeozblrcglmn][0], node[node_komyJUwC], relocating [node_smTqgxtP], [P], s[RELOCATING], a[id=ZifLW7xXTeG_iJKhb1hNaA, rId=g7UlmFT3SViXGSOj40Msww]

-- index [[index_yaqkpaddfivdzvb/m1KfNZuwQnemE_GEmdqDhQ]]
----shard_id [index_yaqkpaddfivdzvb][0]
--------[index_yaqkpaddfivdzvb][0], node[node_komyJUwC], relocating [node_ncktrexG], [R], s[RELOCATING], a[id=2p4YGAoeS9qtSv5NwoEfhQ, rId=hpGYyFxeSF2dwHrlzdOjaw]
--------[index_yaqkpaddfivdzvb][0], node[node_smTqgxtP], [P], s[STARTED], a[id=nrBh3Ak6QE22y3FU9n7mbA]

-- index [[index_oevqcwkywijstzw/xaItqWVaQ4aVCIAYG2m12A]]
----shard_id [index_oevqcwkywijstzw][0]
--------[index_oevqcwkywijstzw][0], node[node_ncktrexG], relocating [node_komyJUwC], [P], s[RELOCATING], a[id=huxFf3eVRL6_Zvv3W2mfrQ, rId=-I61h2BgQpOT6z8hS2T_3g]
--------[index_oevqcwkywijstzw][0], node[null], [R], recovery_source[peer recovery], s[UNASSIGNED], unassigned_info[[reason=INDEX_CREATED], at[2016-09-18T10:46:11.740Z], delayed=false, allocation_status[no_attempt]]

-- index [[index_jsfipbsmkeuftuq/gTTgCa1eQK2x6dUzLi82lw]]
----shard_id [index_jsfipbsmkeuftuq][0]
--------[index_jsfipbsmkeuftuq][0], node[node_komyJUwC], [P], s[STARTED], a[id=exyqtk8fR0CeN9CxUXs9sg]
--------[index_jsfipbsmkeuftuq][0], node[node_smTqgxtP], relocating [node_ncktrexG], [R], s[RELOCATING], a[id=gkT_drwgRYujTCAIzkpmlg, rId=l70EfyZ_QseRnEQflOZUTQ]
----shard_id [index_jsfipbsmkeuftuq][1]
--------[index_jsfipbsmkeuftuq][1], node[node_smTqgxtP], [P], s[STARTED], a[id=csSz10eoSTaXDPqwuylygQ]
--------[index_jsfipbsmkeuftuq][1], node[node_ncktrexG], relocating [node_komyJUwC], [R], s[RELOCATING], a[id=j9vwUiNzQLCWbt37STvMCQ, rId=-N9hjvXsQduDt8Vp5VsgBQ]
----shard_id [index_jsfipbsmkeuftuq][2]
--------[index_jsfipbsmkeuftuq][2], node[node_smTqgxtP], relocating [node_komyJUwC], [P], s[RELOCATING], a[id=Uthx7GEmSnqA1LhkkEp3kA, rId=DxajimEQTByxH_ZHaTbNjA]
--------[index_jsfipbsmkeuftuq][2], node[node_ncktrexG], [R], s[STARTED], a[id=HwK2hj2pT3-I6C-5e7uOhQ]

-- index [[index_ymgljspsyfavecq/250AjfIOT26Yho2oJrJUvA]]
----shard_id [index_ymgljspsyfavecq][0]
--------[index_ymgljspsyfavecq][0], node[node_komyJUwC], [R], s[STARTED], a[id=olEbA1lhRJ2QP5mwaeQ-Pg]
--------[index_ymgljspsyfavecq][0], node[node_smTqgxtP], [R], s[STARTED], a[id=2aj8hzLSRb2EOnb9KWxNDQ]
--------[index_ymgljspsyfavecq][0], node[node_ncktrexG], [P], s[STARTED], a[id=XMe7Alg9RM6RI3T0egC80w]
----shard_id [index_ymgljspsyfavecq][1]
--------[index_ymgljspsyfavecq][1], node[node_komyJUwC], [R], s[STARTED], a[id=5_NYy0OmQiWVM3kTVQlekw]
--------[index_ymgljspsyfavecq][1], node[node_smTqgxtP], [P], s[STARTED], a[id=MohCxpMOR-i4uWBN_X_h9Q]
--------[index_ymgljspsyfavecq][1], node[node_ncktrexG], [R], s[STARTED], a[id=dZMAs8n-T461tbbRuH3sYQ]
----shard_id [index_ymgljspsyfavecq][2]
--------[index_ymgljspsyfavecq][2], node[node_komyJUwC], [R], s[STARTED], a[id=668zqQv2SJSSIOzW1ydY8Q]
--------[index_ymgljspsyfavecq][2], node[node_smTqgxtP], [R], s[STARTED], a[id=rUsTQ7CmRSCSb46aiI2GYQ]
--------[index_ymgljspsyfavecq][2], node[node_ncktrexG], [P], s[STARTED], a[id=s0LdVq7DRhCZukrk_maoOg]

-- index [[index_cgcaoakwelshngi/9ZOJYZ6VRqKDcKgbkbAiAg]]
----shard_id [index_cgcaoakwelshngi][0]
--------[index_cgcaoakwelshngi][0], node[node_smTqgxtP], [P], s[STARTED], a[id=al9xQR05QSOq3nX6KEoDUA]
--------[index_cgcaoakwelshngi][0], node[null], [R], recovery_source[peer recovery], s[UNASSIGNED], unassigned_info[[reason=INDEX_CREATED], at[2016-09-18T10:46:11.797Z], delayed=false, allocation_status[no_attempt]]
--------[index_cgcaoakwelshngi][0], node[null], [R], recovery_source[peer recovery], s[UNASSIGNED], unassigned_info[[reason=INDEX_CREATED], at[2016-09-18T10:46:11.797Z], delayed=false, allocation_status[no_attempt]]

-- index [[index_bamcdkujhbjpcrz/H0vpXQM2TcWmVNHq0KT1KQ]]
----shard_id [index_bamcdkujhbjpcrz][0]
--------[index_bamcdkujhbjpcrz][0], node[node_komyJUwC], [P], s[STARTED], a[id=Ptzlv5m8S4WW_9ERIAqc5A]
--------[index_bamcdkujhbjpcrz][0], node[node_smTqgxtP], [R], s[STARTED], a[id=MkLr7Ss0Qh67RJneRAon5Q]
--------[index_bamcdkujhbjpcrz][0], node[node_ncktrexG], [R], s[STARTED], a[id=Hj7y8XvKR6yBzU_Cr4j1zA]
----shard_id [index_bamcdkujhbjpcrz][1]
--------[index_bamcdkujhbjpcrz][1], node[node_komyJUwC], [R], s[STARTED], a[id=fnuym6nVRAuvAjbeLU48gQ]
--------[index_bamcdkujhbjpcrz][1], node[node_smTqgxtP], [P], s[STARTED], a[id=b93pfuRoQZSnLSRcNWnS9w]
--------[index_bamcdkujhbjpcrz][1], node[node_ncktrexG], [R], s[STARTED], a[id=WC2K29pcSxiRkcfMqsp_Mg]
----shard_id [index_bamcdkujhbjpcrz][2]
--------[index_bamcdkujhbjpcrz][2], node[node_komyJUwC], [P], s[STARTED], a[id=IRW5bpgUSGGCqQtPD1yd8A]
--------[index_bamcdkujhbjpcrz][2], node[node_smTqgxtP], [R], recovery_source[peer recovery], s[INITIALIZING], a[id=-zue-Bq2TvGrfQ9pFpIPmA], unassigned_info[[reason=INDEX_CREATED], at[2016-09-18T10:46:11.294Z], delayed=false, allocation_status[no_attempt]]
--------[index_bamcdkujhbjpcrz][2], node[node_ncktrexG], [R], s[STARTED], a[id=Vg0i0SOtQymcbhx737tM6A]

-- index [[index_ipmicvdxlcapmua/s2MF2_tgQIyaJKHOoLw-aA]]
----shard_id [index_ipmicvdxlcapmua][0]
--------[index_ipmicvdxlcapmua][0], node[node_smTqgxtP], [R], recovery_source[peer recovery], s[INITIALIZING], a[id=a_eRrICLSK-KMju08eiM6Q], unassigned_info[[reason=INDEX_CREATED], at[2016-09-18T10:46:11.749Z], delayed=false, allocation_status[no_attempt]]
--------[index_ipmicvdxlcapmua][0], node[node_ncktrexG], [P], s[STARTED], a[id=gSyQGI0oQzybaRiuqal5uA]
--------[index_ipmicvdxlcapmua][0], node[null], [R], recovery_source[peer recovery], s[UNASSIGNED], unassigned_info[[reason=INDEX_CREATED], at[2016-09-18T10:46:11.749Z], delayed=false, allocation_status[no_attempt]]
----shard_id [index_ipmicvdxlcapmua][1]
--------[index_ipmicvdxlcapmua][1], node[node_komyJUwC], [P], s[STARTED], a[id=6K3y1cwFQ1qC1c6EIaaEgw]
--------[index_ipmicvdxlcapmua][1], node[node_smTqgxtP], [R], recovery_source[peer recovery], s[INITIALIZING], a[id=IrOtk-2wS5aVY03gvfG4nw], unassigned_info[[reason=INDEX_CREATED], at[2016-09-18T10:46:11.749Z], delayed=false, allocation_status[no_attempt]]
--------[index_ipmicvdxlcapmua][1], node[node_ncktrexG], [R], recovery_source[peer recovery], s[INITIALIZING], a[id=zUmENt_3SuW5QGnJBSCR_w], unassigned_info[[reason=INDEX_CREATED], at[2016-09-18T10:46:11.749Z], delayed=false, allocation_status[no_attempt]]
----shard_id [index_ipmicvdxlcapmua][2]
--------[index_ipmicvdxlcapmua][2], node[node_komyJUwC], [P], s[STARTED], a[id=PfY9FOK_RVehq42XYI_h9Q]
--------[index_ipmicvdxlcapmua][2], node[node_smTqgxtP], [R], recovery_source[peer recovery], s[INITIALIZING], a[id=8-0Zi5b8QJGudo1fjTe5BQ], unassigned_info[[reason=INDEX_CREATED], at[2016-09-18T10:46:11.749Z], delayed=false, allocation_status[no_attempt]]
--------[index_ipmicvdxlcapmua][2], node[node_ncktrexG], [R], recovery_source[peer recovery], s[INITIALIZING], a[id=445_l3mYQPONPFMACgc5Lw], unassigned_info[[reason=INDEX_CREATED], at[2016-09-18T10:46:11.749Z], delayed=false, allocation_status[no_attempt]]

-- index [[index_ysrzanqjullmfoe/qPxrEEONQtiDibcMldfsyA]]
----shard_id [index_ysrzanqjullmfoe][0]
--------[index_ysrzanqjullmfoe][0], node[node_komyJUwC], [R], s[STARTED], a[id=vODNae6yRE-2WFx5xXdH0w]
--------[index_ysrzanqjullmfoe][0], node[node_smTqgxtP], [P], s[STARTED], a[id=YY31Iw2ESaafNmvwDtJjWw]
--------[index_ysrzanqjullmfoe][0], node[node_ncktrexG], [R], recovery_source[peer recovery], s[INITIALIZING], a[id=NaacJT04SnyLnDl_a8LTHg], unassigned_info[[reason=INDEX_CREATED], at[2016-09-18T10:46:11.675Z], delayed=false, allocation_status[no_attempt]]
----shard_id [index_ysrzanqjullmfoe][1]
--------[index_ysrzanqjullmfoe][1], node[node_komyJUwC], [R], s[STARTED], a[id=IvgTTdC6TjCa0DsvxEQlDA]
--------[index_ysrzanqjullmfoe][1], node[node_smTqgxtP], [R], s[STARTED], a[id=621RRqeQTN6HPotAPnBt3A]
--------[index_ysrzanqjullmfoe][1], node[node_ncktrexG], [P], s[STARTED], a[id=QyooV3jeT-uH3CLqTE9x6w]

-- index [[index_wbpnhbuhuaeuhrj/EHw1jzOsQqe99gleogUrDQ]]
----shard_id [index_wbpnhbuhuaeuhrj][0]
--------[index_wbpnhbuhuaeuhrj][0], node[node_komyJUwC], [P], s[STARTED], a[id=xBQKGiwDT6aTcfYTwwYSIA]
--------[index_wbpnhbuhuaeuhrj][0], node[node_smTqgxtP], [R], s[STARTED], a[id=FbJFmZUYQ1CuOGzdmPIO7Q]
--------[index_wbpnhbuhuaeuhrj][0], node[node_ncktrexG], [R], s[STARTED], a[id=OWIL4fBzQYql8byw8jvoaw]
----shard_id [index_wbpnhbuhuaeuhrj][1]
--------[index_wbpnhbuhuaeuhrj][1], node[node_komyJUwC], [R], s[STARTED], a[id=pOtUz-jgRbuT4wc-1bOwZg]
--------[index_wbpnhbuhuaeuhrj][1], node[node_smTqgxtP], [P], s[STARTED], a[id=kgJWWsynR2evdcnenqbwuQ]
--------[index_wbpnhbuhuaeuhrj][1], node[node_ncktrexG], [R], s[STARTED], a[id=v9vulyXNRqKBvYuSrxUYVw]

-- index [[index_cjgsqtyspltsspr/sWrn_mkETvKz3sqMyzMYSQ]]
----shard_id [index_cjgsqtyspltsspr][0]
--------[index_cjgsqtyspltsspr][0], node[node_komyJUwC], [P], recovery_source[new shard recovery], s[INITIALIZING], a[id=TjFM2A6lSuKbe1nSHEVGxg], unassigned_info[[reason=INDEX_REOPENED], at[2016-09-18T10:46:12.082Z], delayed=false, allocation_status[no_attempt]]

-- index [[index_mwatkqzqpolvrji/c3aCfvGgSbCrM5VOVKrG2w]]
----shard_id [index_mwatkqzqpolvrji][0]
--------[index_mwatkqzqpolvrji][0], node[node_komyJUwC], [P], recovery_source[new shard recovery], s[INITIALIZING], a[id=K9wMKIWXSOOroiwZFvuVtA], unassigned_info[[reason=INDEX_CREATED], at[2016-09-18T10:46:11.949Z], delayed=false, allocation_status[no_attempt]]
----shard_id [index_mwatkqzqpolvrji][1]
--------[index_mwatkqzqpolvrji][1], node[node_komyJUwC], [P], recovery_source[new shard recovery], s[INITIALIZING], a[id=pPfNZ10eS4K_YnS_2FoDkA], unassigned_info[[reason=INDEX_CREATED], at[2016-09-18T10:46:11.949Z], delayed=false, allocation_status[no_attempt]]
----shard_id [index_mwatkqzqpolvrji][2]
--------[index_mwatkqzqpolvrji][2], node[node_komyJUwC], [P], recovery_source[new shard recovery], s[INITIALIZING], a[id=iZd72VUZRDGlTREWz1uINw], unassigned_info[[reason=INDEX_CREATED], at[2016-09-18T10:46:11.949Z], delayed=false, allocation_status[deciders_throttled]]

-- index [[index_ypfgcpjmwvdgkks/JAaBh_epSeKOrLCYfIZO-w]]
----shard_id [index_ypfgcpjmwvdgkks][0]
--------[index_ypfgcpjmwvdgkks][0], node[node_komyJUwC], [R], s[STARTED], a[id=6AiobKRVSyqEF1wMKind1g]
--------[index_ypfgcpjmwvdgkks][0], node[node_smTqgxtP], [R], s[STARTED], a[id=cW4WZsV-TcO5v81Jq-Jx3A]
--------[index_ypfgcpjmwvdgkks][0], node[node_ncktrexG], [P], s[STARTED], a[id=y2VpLCWXRwWd4Geb4xHtBQ]

-- index [[index_ggvdzlzjtsxuupi/QuxzUizSQc6Gcv0-x2MRIA]]
----shard_id [index_ggvdzlzjtsxuupi][0]
--------[index_ggvdzlzjtsxuupi][0], node[node_ncktrexG], relocating [node_smTqgxtP], [P], s[RELOCATING], a[id=SKBdKDAeQ7eeAWkjcw9Cqw, rId=QQHZBCiES9GhiJSwps_e5Q]
----shard_id [index_ggvdzlzjtsxuupi][1]
--------[index_ggvdzlzjtsxuupi][1], node[node_ncktrexG], relocating [node_komyJUwC], [P], s[RELOCATING], a[id=0rSnVEgwSwavbd3t3cStiw, rId=52FvFGfnT8-e0R_X_fs9Tg]

-- index [[index_yhazakamvtgwpgf/A3IqT6lzQb6BS1qHZDBNOQ]]
----shard_id [index_yhazakamvtgwpgf][0]
--------[index_yhazakamvtgwpgf][0], node[node_ncktrexG], [P], recovery_source[new shard recovery], s[INITIALIZING], a[id=36htz314QrK-MtGN-Yy5Qg], unassigned_info[[reason=INDEX_CREATED], at[2016-09-18T10:46:12.005Z], delayed=false, allocation_status[no_attempt]]

-- index [[index_iqidjqucqfvnhhg/U4M8SGSXTAeeD40TTU1F7A]]
----shard_id [index_iqidjqucqfvnhhg][0]
--------[index_iqidjqucqfvnhhg][0], node[node_komyJUwC], relocating [node_smTqgxtP], [P], s[RELOCATING], a[id=U3Ird1LrQzWBMDtFE3EHAw, rId=0lsnuZgxR7aiyUbJV0rzHQ]
--------[index_iqidjqucqfvnhhg][0], node[node_ncktrexG], [R], s[STARTED], a[id=Spqfrf-NRQWyJd20LFLqtw]
----shard_id [index_iqidjqucqfvnhhg][1]
--------[index_iqidjqucqfvnhhg][1], node[node_komyJUwC], [P], s[STARTED], a[id=KIJbqtwJQxCD4DAreJOx-Q]
--------[index_iqidjqucqfvnhhg][1], node[node_ncktrexG], [R], s[STARTED], a[id=sCbGji1_SnOJGzNWX5JBGA]

-- index [[index_fozkretqspoicvn/zIudYFd1TZeNBa2NnP9K7g]]
----shard_id [index_fozkretqspoicvn][0]
--------[index_fozkretqspoicvn][0], node[node_ncktrexG], relocating [node_smTqgxtP], [P], s[RELOCATING], a[id=odAXURpATzadbDNqls4zqA, rId=lSrJkWB1TPe52ibyQ3TbQw]
----shard_id [index_fozkretqspoicvn][1]
--------[index_fozkretqspoicvn][1], node[node_ncktrexG], [P], s[STARTED], a[id=g1hZAij0RiO7Sr8Uo2kqvA]

-- index [[index_ifwspweerbaqvpz/45uuwSWSQuO2UBtRrzWMkg]]
----shard_id [index_ifwspweerbaqvpz][0]
--------[index_ifwspweerbaqvpz][0], node[node_komyJUwC], [R], recovery_source[peer recovery], s[INITIALIZING], a[id=N_3NC_hRSqiwUGjDUCyGUg], unassigned_info[[reason=INDEX_REOPENED], at[2016-09-18T10:46:11.733Z], delayed=false, allocation_status[no_attempt]]
--------[index_ifwspweerbaqvpz][0], node[node_smTqgxtP], [P], s[STARTED], a[id=53g_cq_2SE6BuCI1MG_N8w]
--------[index_ifwspweerbaqvpz][0], node[null], [R], recovery_source[peer recovery], s[UNASSIGNED], unassigned_info[[reason=INDEX_REOPENED], at[2016-09-18T10:46:11.733Z], delayed=false, allocation_status[no_attempt]]

routing_nodes:
-----node_id[node_komyJUwC][V]
--------[index_ggpkjimzogidkcg][0], node[node_komyJUwC], [P], s[STARTED], a[id=DBkMKpaETomF_23R0vpBRw]
--------[index_rufimfhtipauven][1], node[node_komyJUwC], [R], s[STARTED], a[id=w7nw3pmkRFObKRlwpOBN9g]
--------[index_rufimfhtipauven][0], node[node_komyJUwC], relocating [node_ncktrexG], [R], s[RELOCATING], a[id=BD9PEP_XQdGwWJMvrDPPXA, rId=phipjLGHQvSApc-IDxEnbw]
--------[index_dlnzeozblrcglmn][0], node[node_komyJUwC], relocating [node_smTqgxtP], [P], s[RELOCATING], a[id=ZifLW7xXTeG_iJKhb1hNaA, rId=g7UlmFT3SViXGSOj40Msww]
--------[index_yaqkpaddfivdzvb][0], node[node_komyJUwC], relocating [node_ncktrexG], [R], s[RELOCATING], a[id=2p4YGAoeS9qtSv5NwoEfhQ, rId=hpGYyFxeSF2dwHrlzdOjaw]
--------[index_oevqcwkywijstzw][0], node[node_komyJUwC], relocating [node_ncktrexG], [P], recovery_source[peer recovery], s[INITIALIZING], a[id=-I61h2BgQpOT6z8hS2T_3g, rId=huxFf3eVRL6_Zvv3W2mfrQ]
--------[index_jsfipbsmkeuftuq][1], node[node_komyJUwC], relocating [node_ncktrexG], [R], recovery_source[peer recovery], s[INITIALIZING], a[id=-N9hjvXsQduDt8Vp5VsgBQ, rId=j9vwUiNzQLCWbt37STvMCQ]
--------[index_jsfipbsmkeuftuq][2], node[node_komyJUwC], relocating [node_smTqgxtP], [P], recovery_source[peer recovery], s[INITIALIZING], a[id=DxajimEQTByxH_ZHaTbNjA, rId=Uthx7GEmSnqA1LhkkEp3kA]
--------[index_jsfipbsmkeuftuq][0], node[node_komyJUwC], [P], s[STARTED], a[id=exyqtk8fR0CeN9CxUXs9sg]
--------[index_ymgljspsyfavecq][1], node[node_komyJUwC], [R], s[STARTED], a[id=5_NYy0OmQiWVM3kTVQlekw]
--------[index_ymgljspsyfavecq][2], node[node_komyJUwC], [R], s[STARTED], a[id=668zqQv2SJSSIOzW1ydY8Q]
--------[index_ymgljspsyfavecq][0], node[node_komyJUwC], [R], s[STARTED], a[id=olEbA1lhRJ2QP5mwaeQ-Pg]
--------[index_bamcdkujhbjpcrz][1], node[node_komyJUwC], [R], s[STARTED], a[id=fnuym6nVRAuvAjbeLU48gQ]
--------[index_bamcdkujhbjpcrz][2], node[node_komyJUwC], [P], s[STARTED], a[id=IRW5bpgUSGGCqQtPD1yd8A]
--------[index_bamcdkujhbjpcrz][0], node[node_komyJUwC], [P], s[STARTED], a[id=Ptzlv5m8S4WW_9ERIAqc5A]
--------[index_ipmicvdxlcapmua][1], node[node_komyJUwC], [P], s[STARTED], a[id=6K3y1cwFQ1qC1c6EIaaEgw]
--------[index_ipmicvdxlcapmua][2], node[node_komyJUwC], [P], s[STARTED], a[id=PfY9FOK_RVehq42XYI_h9Q]
--------[index_ysrzanqjullmfoe][1], node[node_komyJUwC], [R], s[STARTED], a[id=IvgTTdC6TjCa0DsvxEQlDA]
--------[index_ysrzanqjullmfoe][0], node[node_komyJUwC], [R], s[STARTED], a[id=vODNae6yRE-2WFx5xXdH0w]
--------[index_wbpnhbuhuaeuhrj][1], node[node_komyJUwC], [R], s[STARTED], a[id=pOtUz-jgRbuT4wc-1bOwZg]
--------[index_wbpnhbuhuaeuhrj][0], node[node_komyJUwC], [P], s[STARTED], a[id=xBQKGiwDT6aTcfYTwwYSIA]
--------[index_cjgsqtyspltsspr][0], node[node_komyJUwC], [P], recovery_source[new shard recovery], s[INITIALIZING], a[id=TjFM2A6lSuKbe1nSHEVGxg], unassigned_info[[reason=INDEX_REOPENED], at[2016-09-18T10:46:12.082Z], delayed=false, allocation_status[no_attempt]]
--------[index_mwatkqzqpolvrji][1], node[node_komyJUwC], [P], recovery_source[new shard recovery], s[INITIALIZING], a[id=pPfNZ10eS4K_YnS_2FoDkA], unassigned_info[[reason=INDEX_CREATED], at[2016-09-18T10:46:11.949Z], delayed=false, allocation_status[no_attempt]]
--------[index_mwatkqzqpolvrji][2], node[node_komyJUwC], [P], recovery_source[new shard recovery], s[INITIALIZING], a[id=iZd72VUZRDGlTREWz1uINw], unassigned_info[[reason=INDEX_CREATED], at[2016-09-18T10:46:11.949Z], delayed=false, allocation_status[deciders_throttled]]
--------[index_mwatkqzqpolvrji][0], node[node_komyJUwC], [P], recovery_source[new shard recovery], s[INITIALIZING], a[id=K9wMKIWXSOOroiwZFvuVtA], unassigned_info[[reason=INDEX_CREATED], at[2016-09-18T10:46:11.949Z], delayed=false, allocation_status[no_attempt]]
--------[index_ypfgcpjmwvdgkks][0], node[node_komyJUwC], [R], s[STARTED], a[id=6AiobKRVSyqEF1wMKind1g]
--------[index_ggvdzlzjtsxuupi][1], node[node_komyJUwC], relocating [node_ncktrexG], [P], recovery_source[peer recovery], s[INITIALIZING], a[id=52FvFGfnT8-e0R_X_fs9Tg, rId=0rSnVEgwSwavbd3t3cStiw]
--------[index_iqidjqucqfvnhhg][1], node[node_komyJUwC], [P], s[STARTED], a[id=KIJbqtwJQxCD4DAreJOx-Q]
--------[index_iqidjqucqfvnhhg][0], node[node_komyJUwC], relocating [node_smTqgxtP], [P], s[RELOCATING], a[id=U3Ird1LrQzWBMDtFE3EHAw, rId=0lsnuZgxR7aiyUbJV0rzHQ]
--------[index_ifwspweerbaqvpz][0], node[node_komyJUwC], [R], recovery_source[peer recovery], s[INITIALIZING], a[id=N_3NC_hRSqiwUGjDUCyGUg], unassigned_info[[reason=INDEX_REOPENED], at[2016-09-18T10:46:11.733Z], delayed=false, allocation_status[no_attempt]]
-----node_id[node_smTqgxtP][V]
--------[index_ggpkjimzogidkcg][0], node[node_smTqgxtP], [R], recovery_source[peer recovery], s[INITIALIZING], a[id=aggtlqblRSqpvZgbd8iMkQ], unassigned_info[[reason=INDEX_CREATED], at[2016-09-18T10:46:11.719Z], delayed=false, allocation_status[no_attempt]]
--------[index_rufimfhtipauven][1], node[node_smTqgxtP], [P], s[STARTED], a[id=2OqO8c9yRLK3n0KwqNHpIQ]
--------[index_rufimfhtipauven][2], node[node_smTqgxtP], [R], s[STARTED], a[id=zkHF1IjQREOxWNuLjpCrgg]
--------[index_rufimfhtipauven][0], node[node_smTqgxtP], [P], s[STARTED], a[id=Sow4S43XS8KzC3efRrggYQ]
--------[index_dlnzeozblrcglmn][0], node[node_smTqgxtP], relocating [node_komyJUwC], [P], recovery_source[peer recovery], s[INITIALIZING], a[id=g7UlmFT3SViXGSOj40Msww, rId=ZifLW7xXTeG_iJKhb1hNaA]
--------[index_yaqkpaddfivdzvb][0], node[node_smTqgxtP], [P], s[STARTED], a[id=nrBh3Ak6QE22y3FU9n7mbA]
--------[index_jsfipbsmkeuftuq][1], node[node_smTqgxtP], [P], s[STARTED], a[id=csSz10eoSTaXDPqwuylygQ]
--------[index_jsfipbsmkeuftuq][2], node[node_smTqgxtP], relocating [node_komyJUwC], [P], s[RELOCATING], a[id=Uthx7GEmSnqA1LhkkEp3kA, rId=DxajimEQTByxH_ZHaTbNjA]
--------[index_jsfipbsmkeuftuq][0], node[node_smTqgxtP], relocating [node_ncktrexG], [R], s[RELOCATING], a[id=gkT_drwgRYujTCAIzkpmlg, rId=l70EfyZ_QseRnEQflOZUTQ]
--------[index_ymgljspsyfavecq][1], node[node_smTqgxtP], [P], s[STARTED], a[id=MohCxpMOR-i4uWBN_X_h9Q]
--------[index_ymgljspsyfavecq][2], node[node_smTqgxtP], [R], s[STARTED], a[id=rUsTQ7CmRSCSb46aiI2GYQ]
--------[index_ymgljspsyfavecq][0], node[node_smTqgxtP], [R], s[STARTED], a[id=2aj8hzLSRb2EOnb9KWxNDQ]
--------[index_cgcaoakwelshngi][0], node[node_smTqgxtP], [P], s[STARTED], a[id=al9xQR05QSOq3nX6KEoDUA]
--------[index_bamcdkujhbjpcrz][1], node[node_smTqgxtP], [P], s[STARTED], a[id=b93pfuRoQZSnLSRcNWnS9w]
--------[index_bamcdkujhbjpcrz][2], node[node_smTqgxtP], [R], recovery_source[peer recovery], s[INITIALIZING], a[id=-zue-Bq2TvGrfQ9pFpIPmA], unassigned_info[[reason=INDEX_CREATED], at[2016-09-18T10:46:11.294Z], delayed=false, allocation_status[no_attempt]]
--------[index_bamcdkujhbjpcrz][0], node[node_smTqgxtP], [R], s[STARTED], a[id=MkLr7Ss0Qh67RJneRAon5Q]
--------[index_ipmicvdxlcapmua][1], node[node_smTqgxtP], [R], recovery_source[peer recovery], s[INITIALIZING], a[id=IrOtk-2wS5aVY03gvfG4nw], unassigned_info[[reason=INDEX_CREATED], at[2016-09-18T10:46:11.749Z], delayed=false, allocation_status[no_attempt]]
--------[index_ipmicvdxlcapmua][2], node[node_smTqgxtP], [R], recovery_source[peer recovery], s[INITIALIZING], a[id=8-0Zi5b8QJGudo1fjTe5BQ], unassigned_info[[reason=INDEX_CREATED], at[2016-09-18T10:46:11.749Z], delayed=false, allocation_status[no_attempt]]
--------[index_ipmicvdxlcapmua][0], node[node_smTqgxtP], [R], recovery_source[peer recovery], s[INITIALIZING], a[id=a_eRrICLSK-KMju08eiM6Q], unassigned_info[[reason=INDEX_CREATED], at[2016-09-18T10:46:11.749Z], delayed=false, allocation_status[no_attempt]]
--------[index_ysrzanqjullmfoe][1], node[node_smTqgxtP], [R], s[STARTED], a[id=621RRqeQTN6HPotAPnBt3A]
--------[index_ysrzanqjullmfoe][0], node[node_smTqgxtP], [P], s[STARTED], a[id=YY31Iw2ESaafNmvwDtJjWw]
--------[index_wbpnhbuhuaeuhrj][1], node[node_smTqgxtP], [P], s[STARTED], a[id=kgJWWsynR2evdcnenqbwuQ]
--------[index_wbpnhbuhuaeuhrj][0], node[node_smTqgxtP], [R], s[STARTED], a[id=FbJFmZUYQ1CuOGzdmPIO7Q]
--------[index_ypfgcpjmwvdgkks][0], node[node_smTqgxtP], [R], s[STARTED], a[id=cW4WZsV-TcO5v81Jq-Jx3A]
--------[index_ggvdzlzjtsxuupi][0], node[node_smTqgxtP], relocating [node_ncktrexG], [P], recovery_source[peer recovery], s[INITIALIZING], a[id=QQHZBCiES9GhiJSwps_e5Q, rId=SKBdKDAeQ7eeAWkjcw9Cqw]
--------[index_iqidjqucqfvnhhg][0], node[node_smTqgxtP], relocating [node_komyJUwC], [P], recovery_source[peer recovery], s[INITIALIZING], a[id=0lsnuZgxR7aiyUbJV0rzHQ, rId=U3Ird1LrQzWBMDtFE3EHAw]
--------[index_fozkretqspoicvn][0], node[node_smTqgxtP], relocating [node_ncktrexG], [P], recovery_source[peer recovery], s[INITIALIZING], a[id=lSrJkWB1TPe52ibyQ3TbQw, rId=odAXURpATzadbDNqls4zqA]
--------[index_ifwspweerbaqvpz][0], node[node_smTqgxtP], [P], s[STARTED], a[id=53g_cq_2SE6BuCI1MG_N8w]
-----node_id[node_ncktrexG][V]
--------[index_ggpkjimzogidkcg][0], node[node_ncktrexG], [R], recovery_source[peer recovery], s[INITIALIZING], a[id=xBb8vl2HTF6zHvL8U6YP2g], unassigned_info[[reason=REPLICA_ADDED], at[2016-09-18T10:46:11.734Z], delayed=false, allocation_status[no_attempt]]
--------[index_rufimfhtipauven][2], node[node_ncktrexG], [P], s[STARTED], a[id=JrjQGQV9SPCUpsfr_zEjpQ]
--------[index_rufimfhtipauven][0], node[node_ncktrexG], relocating [node_komyJUwC], [R], recovery_source[peer recovery], s[INITIALIZING], a[id=phipjLGHQvSApc-IDxEnbw, rId=BD9PEP_XQdGwWJMvrDPPXA]
--------[index_yaqkpaddfivdzvb][0], node[node_ncktrexG], relocating [node_komyJUwC], [R], recovery_source[peer recovery], s[INITIALIZING], a[id=hpGYyFxeSF2dwHrlzdOjaw, rId=2p4YGAoeS9qtSv5NwoEfhQ]
--------[index_oevqcwkywijstzw][0], node[node_ncktrexG], relocating [node_komyJUwC], [P], s[RELOCATING], a[id=huxFf3eVRL6_Zvv3W2mfrQ, rId=-I61h2BgQpOT6z8hS2T_3g]
--------[index_jsfipbsmkeuftuq][1], node[node_ncktrexG], relocating [node_komyJUwC], [R], s[RELOCATING], a[id=j9vwUiNzQLCWbt37STvMCQ, rId=-N9hjvXsQduDt8Vp5VsgBQ]
--------[index_jsfipbsmkeuftuq][2], node[node_ncktrexG], [R], s[STARTED], a[id=HwK2hj2pT3-I6C-5e7uOhQ]
--------[index_jsfipbsmkeuftuq][0], node[node_ncktrexG], relocating [node_smTqgxtP], [R], recovery_source[peer recovery], s[INITIALIZING], a[id=l70EfyZ_QseRnEQflOZUTQ, rId=gkT_drwgRYujTCAIzkpmlg]
--------[index_ymgljspsyfavecq][1], node[node_ncktrexG], [R], s[STARTED], a[id=dZMAs8n-T461tbbRuH3sYQ]
--------[index_ymgljspsyfavecq][2], node[node_ncktrexG], [P], s[STARTED], a[id=s0LdVq7DRhCZukrk_maoOg]
--------[index_ymgljspsyfavecq][0], node[node_ncktrexG], [P], s[STARTED], a[id=XMe7Alg9RM6RI3T0egC80w]
--------[index_bamcdkujhbjpcrz][1], node[node_ncktrexG], [R], s[STARTED], a[id=WC2K29pcSxiRkcfMqsp_Mg]
--------[index_bamcdkujhbjpcrz][2], node[node_ncktrexG], [R], s[STARTED], a[id=Vg0i0SOtQymcbhx737tM6A]
--------[index_bamcdkujhbjpcrz][0], node[node_ncktrexG], [R], s[STARTED], a[id=Hj7y8XvKR6yBzU_Cr4j1zA]
--------[index_ipmicvdxlcapmua][1], node[node_ncktrexG], [R], recovery_source[peer recovery], s[INITIALIZING], a[id=zUmENt_3SuW5QGnJBSCR_w], unassigned_info[[reason=INDEX_CREATED], at[2016-09-18T10:46:11.749Z], delayed=false, allocation_status[no_attempt]]
--------[index_ipmicvdxlcapmua][2], node[node_ncktrexG], [R], recovery_source[peer recovery], s[INITIALIZING], a[id=445_l3mYQPONPFMACgc5Lw], unassigned_info[[reason=INDEX_CREATED], at[2016-09-18T10:46:11.749Z], delayed=false, allocation_status[no_attempt]]
--------[index_ipmicvdxlcapmua][0], node[node_ncktrexG], [P], s[STARTED], a[id=gSyQGI0oQzybaRiuqal5uA]
--------[index_ysrzanqjullmfoe][1], node[node_ncktrexG], [P], s[STARTED], a[id=QyooV3jeT-uH3CLqTE9x6w]
--------[index_ysrzanqjullmfoe][0], node[node_ncktrexG], [R], recovery_source[peer recovery], s[INITIALIZING], a[id=NaacJT04SnyLnDl_a8LTHg], unassigned_info[[reason=INDEX_CREATED], at[2016-09-18T10:46:11.675Z], delayed=false, allocation_status[no_attempt]]
--------[index_wbpnhbuhuaeuhrj][1], node[node_ncktrexG], [R], s[STARTED], a[id=v9vulyXNRqKBvYuSrxUYVw]
--------[index_wbpnhbuhuaeuhrj][0], node[node_ncktrexG], [R], s[STARTED], a[id=OWIL4fBzQYql8byw8jvoaw]
--------[index_ypfgcpjmwvdgkks][0], node[node_ncktrexG], [P], s[STARTED], a[id=y2VpLCWXRwWd4Geb4xHtBQ]
--------[index_ggvdzlzjtsxuupi][1], node[node_ncktrexG], relocating [node_komyJUwC], [P], s[RELOCATING], a[id=0rSnVEgwSwavbd3t3cStiw, rId=52FvFGfnT8-e0R_X_fs9Tg]
--------[index_ggvdzlzjtsxuupi][0], node[node_ncktrexG], relocating [node_smTqgxtP], [P], s[RELOCATING], a[id=SKBdKDAeQ7eeAWkjcw9Cqw, rId=QQHZBCiES9GhiJSwps_e5Q]
--------[index_yhazakamvtgwpgf][0], node[node_ncktrexG], [P], recovery_source[new shard recovery], s[INITIALIZING], a[id=36htz314QrK-MtGN-Yy5Qg], unassigned_info[[reason=INDEX_CREATED], at[2016-09-18T10:46:12.005Z], delayed=false, allocation_status[no_attempt]]
--------[index_iqidjqucqfvnhhg][1], node[node_ncktrexG], [R], s[STARTED], a[id=sCbGji1_SnOJGzNWX5JBGA]
--------[index_iqidjqucqfvnhhg][0], node[node_ncktrexG], [R], s[STARTED], a[id=Spqfrf-NRQWyJd20LFLqtw]
--------[index_fozkretqspoicvn][1], node[node_ncktrexG], [P], s[STARTED], a[id=g1hZAij0RiO7Sr8Uo2kqvA]
--------[index_fozkretqspoicvn][0], node[node_ncktrexG], relocating [node_smTqgxtP], [P], s[RELOCATING], a[id=odAXURpATzadbDNqls4zqA, rId=lSrJkWB1TPe52ibyQ3TbQw]
---- unassigned
--------[index_oevqcwkywijstzw][0], node[null], [R], recovery_source[peer recovery], s[UNASSIGNED], unassigned_info[[reason=INDEX_CREATED], at[2016-09-18T10:46:11.740Z], delayed=false, allocation_status[no_attempt]]
--------[index_cgcaoakwelshngi][0], node[null], [R], recovery_source[peer recovery], s[UNASSIGNED], unassigned_info[[reason=INDEX_CREATED], at[2016-09-18T10:46:11.797Z], delayed=false, allocation_status[no_attempt]]
--------[index_cgcaoakwelshngi][0], node[null], [R], recovery_source[peer recovery], s[UNASSIGNED], unassigned_info[[reason=INDEX_CREATED], at[2016-09-18T10:46:11.797Z], delayed=false, allocation_status[no_attempt]]
--------[index_ipmicvdxlcapmua][0], node[null], [R], recovery_source[peer recovery], s[UNASSIGNED], unassigned_info[[reason=INDEX_CREATED], at[2016-09-18T10:46:11.749Z], delayed=false, allocation_status[no_attempt]]
--------[index_ifwspweerbaqvpz][0], node[null], [R], recovery_source[peer recovery], s[UNASSIGNED], unassigned_info[[reason=INDEX_REOPENED], at[2016-09-18T10:46:11.733Z], delayed=false, allocation_status[no_attempt]]

]]></system-out>
   <system-err><![CDATA[]]></system-err>
</testsuite>