<testsuite errors="0" failures="0" tests="10" skipped="0" name="org.elasticsearch.discovery.zen.publish.PublishClusterStateActionTests" hostname="nohost.nodomain" time="1.545" timestamp="2016-09-18T12:46:22">
   <properties class="java.util.ArrayList">
      <property name="awt.toolkit" value="sun.awt.windows.WToolkit"/>
      <property name="file.encoding" value="Cp1252"/>
      <property name="file.encoding.pkg" value="sun.io"/>
      <property name="file.separator" value="\"/>
      <property name="java.awt.graphicsenv" value="sun.awt.Win32GraphicsEnvironment"/>
      <property name="java.awt.headless" value="true"/>
      <property name="java.awt.printerjob" value="sun.awt.windows.WPrinterJob"/>
      <property name="java.class.path" value="C:\Users\kmala\workspace\Team3\core\build\classes\test;C:\Users\kmala\workspace\Team3\core\build\resources\test;C:\Users\kmala\workspace\Team3\core\build\classes\main;C:\Users\kmala\workspace\Team3\core\build\resources\main;C:\Users\kmala\.gradle\caches\modules-2\files-2.1\org.apache.lucene\lucene-core\6.2.0\849ee62525a294416802be2cacc66c80352f6f13\lucene-core-6.2.0.jar;C:\Users\kmala\.gradle\caches\modules-2\files-2.1\org.apache.lucene\lucene-analyzers-common\6.2.0\d254d52dd394b5079129f3d5f3bf4f2d44a5936e\lucene-analyzers-common-6.2.0.jar;C:\Users\kmala\.gradle\caches\modules-2\files-2.1\org.apache.lucene\lucene-backward-codecs\6.2.0\b625bb21456b3c0d1e5e431bced125cb060c1abd\lucene-backward-codecs-6.2.0.jar;C:\Users\kmala\.gradle\caches\modules-2\files-2.1\org.apache.lucene\lucene-grouping\6.2.0\9527fedfd5acc624b2bb3f862bd99fb8f470b053\lucene-grouping-6.2.0.jar;C:\Users\kmala\.gradle\caches\modules-2\files-2.1\org.apache.lucene\lucene-highlighter\6.2.0\7ca342372a3f45e32bbd21cecaa757e38eccb8a5\lucene-highlighter-6.2.0.jar;C:\Users\kmala\.gradle\caches\modules-2\files-2.1\org.apache.lucene\lucene-join\6.2.0\da0b8de98511abd4fe9c7d48a353d17854c5ed46\lucene-join-6.2.0.jar;C:\Users\kmala\.gradle\caches\modules-2\files-2.1\org.apache.lucene\lucene-memory\6.2.0\bc9e075b1ee051c8e5246c237c38d8e71dab8a66\lucene-memory-6.2.0.jar;C:\Users\kmala\.gradle\caches\modules-2\files-2.1\org.apache.lucene\lucene-misc\6.2.0\94ddde6312566a4da4a50a88e453b6c82c759b41\lucene-misc-6.2.0.jar;C:\Users\kmala\.gradle\caches\modules-2\files-2.1\org.apache.lucene\lucene-queries\6.2.0\dce47238f78e3e97d91dc6fefa9f46f07866bc2b\lucene-queries-6.2.0.jar;C:\Users\kmala\.gradle\caches\modules-2\files-2.1\org.apache.lucene\lucene-queryparser\6.2.0\17ef728ac15e668bfa1105321611548424637645\lucene-queryparser-6.2.0.jar;C:\Users\kmala\.gradle\caches\modules-2\files-2.1\org.apache.lucene\lucene-sandbox\6.2.0\520183f7b9aba77a26e224760c420a3844b0631a\lucene-sandbox-6.2.0.jar;C:\Users\kmala\.gradle\caches\modules-2\files-2.1\org.apache.lucene\lucene-spatial\6.2.0\8dba929b66927b936fbc76103b109ad6c824daee\lucene-spatial-6.2.0.jar;C:\Users\kmala\.gradle\caches\modules-2\files-2.1\org.apache.lucene\lucene-spatial-extras\6.2.0\3b5a6ef5cd90c0218a72e9e2f7e60104be2447da\lucene-spatial-extras-6.2.0.jar;C:\Users\kmala\.gradle\caches\modules-2\files-2.1\org.apache.lucene\lucene-spatial3d\6.2.0\fcdb0567725722c5145149d1502848b6a96ec18d\lucene-spatial3d-6.2.0.jar;C:\Users\kmala\.gradle\caches\modules-2\files-2.1\org.apache.lucene\lucene-suggest\6.2.0\3d9d526c51f483d27f425c75d7e56bc0849242d6\lucene-suggest-6.2.0.jar;C:\Users\kmala\.gradle\caches\modules-2\files-2.1\org.elasticsearch\securesm\1.1\1e423447d020041534be94c0f31a49fbdc1f2950\securesm-1.1.jar;C:\Users\kmala\.gradle\caches\modules-2\files-2.1\net.sf.jopt-simple\jopt-simple\5.0.2\98cafc6081d5632b61be2c9e60650b64ddbc637c\jopt-simple-5.0.2.jar;C:\Users\kmala\.gradle\caches\modules-2\files-2.1\com.carrotsearch\hppc\0.7.1\8b5057f74ea378c0150a1860874a3ebdcb713767\hppc-0.7.1.jar;C:\Users\kmala\.gradle\caches\modules-2\files-2.1\joda-time\joda-time\2.9.4\1c295b462f16702ebe720bbb08f62e1ba80da41b\joda-time-2.9.4.jar;C:\Users\kmala\.gradle\caches\modules-2\files-2.1\org.joda\joda-convert\1.2\35ec554f0cd00c956cc69051514d9488b1374dec\joda-convert-1.2.jar;C:\Users\kmala\.gradle\caches\modules-2\files-2.1\org.yaml\snakeyaml\1.15\3b132bea69e8ee099f416044970997bde80f4ea6\snakeyaml-1.15.jar;C:\Users\kmala\.gradle\caches\modules-2\files-2.1\com.fasterxml.jackson.core\jackson-core\2.8.1\fd13b1c033741d48291315c6370f7d475a42dccf\jackson-core-2.8.1.jar;C:\Users\kmala\.gradle\caches\modules-2\files-2.1\com.fasterxml.jackson.dataformat\jackson-dataformat-smile\2.8.1\5b73867bc12224946fc67fc8d49d9f5e698d7f\jackson-dataformat-smile-2.8.1.jar;C:\Users\kmala\.gradle\caches\modules-2\files-2.1\com.fasterxml.jackson.dataformat\jackson-dataformat-yaml\2.8.1\eb63166c723b0b4b9fb5298fca232a2f6612ec34\jackson-dataformat-yaml-2.8.1.jar;C:\Users\kmala\.gradle\caches\modules-2\files-2.1\com.fasterxml.jackson.dataformat\jackson-dataformat-cbor\2.8.1\3a6fb7e75c9972559a78cf5cfc5a48a41a13ea40\jackson-dataformat-cbor-2.8.1.jar;C:\Users\kmala\.gradle\caches\modules-2\files-2.1\com.tdunning\t-digest\3.0\84ccf145ac2215e6bfa63baa3101c0af41017cfc\t-digest-3.0.jar;C:\Users\kmala\.gradle\caches\modules-2\files-2.1\org.hdrhistogram\HdrHistogram\2.1.6\7495feb7f71ee124bd2a7e7d83590e296d71d80e\HdrHistogram-2.1.6.jar;C:\Users\kmala\.gradle\caches\modules-2\files-2.1\org.locationtech.spatial4j\spatial4j\0.6\21b15310bddcfd8c72611c180f20cf23279809a3\spatial4j-0.6.jar;C:\Users\kmala\.gradle\caches\modules-2\files-2.1\com.vividsolutions\jts\1.13\3ccfb9b60f04d71add996a666ceb8902904fd805\jts-1.13.jar;C:\Users\kmala\.gradle\caches\modules-2\files-2.1\org.apache.logging.log4j\log4j-api\2.6.2\bd1b74a5d170686362091c7cf596bbc3adf5c09b\log4j-api-2.6.2.jar;C:\Users\kmala\.gradle\caches\modules-2\files-2.1\org.apache.logging.log4j\log4j-core\2.6.2\a91369f655eb1639c6aece5c5eb5108db18306\log4j-core-2.6.2.jar;C:\Users\kmala\.gradle\caches\modules-2\files-2.1\org.apache.logging.log4j\log4j-1.2-api\2.6.2\3b4c5a8b734b6a29b2f03380535a48da6284b210\log4j-1.2-api-2.6.2.jar;C:\Users\kmala\.gradle\caches\modules-2\files-2.1\net.java.dev.jna\jna\4.2.2\5012450aee579c3118ff09461d5ce210e0cdc2a9\jna-4.2.2.jar;C:\Users\kmala\workspace\Team3\test\framework\build\distributions\framework-5.0.0-alpha6-SNAPSHOT.jar;C:\Users\kmala\.gradle\caches\modules-2\files-2.1\com.carrotsearch.randomizedtesting\randomizedtesting-runner\2.3.2\307965917fe8a22b7ee72deba39ef4b8e6ebc069\randomizedtesting-runner-2.3.2.jar;C:\Users\kmala\.gradle\caches\modules-2\files-2.1\junit\junit\4.11\4e031bb61df09069aeb2bffb4019e7a5034a4ee0\junit-4.11.jar;C:\Users\kmala\.gradle\caches\modules-2\files-2.1\org.hamcrest\hamcrest-all\1.3\63a21ebc981131004ad02e0434e799fd7f3a8d5a\hamcrest-all-1.3.jar;C:\Users\kmala\.gradle\caches\modules-2\files-2.1\org.apache.lucene\lucene-test-framework\6.2.0\f5026be3983acfb40d4092dbfbc015ec6e6addab\lucene-test-framework-6.2.0.jar;C:\Users\kmala\.gradle\caches\modules-2\files-2.1\org.apache.lucene\lucene-codecs\6.2.0\99f887266b0ad9f2c286b3976c5bc48c8cd36624\lucene-codecs-6.2.0.jar;C:\Users\kmala\workspace\Team3\client\rest\build\distributions\rest-5.0.0-alpha6-SNAPSHOT.jar;C:\Users\kmala\.gradle\caches\modules-2\files-2.1\org.apache.httpcomponents\httpclient\4.5.2\733db77aa8d9b2d68015189df76ab06304406e50\httpclient-4.5.2.jar;C:\Users\kmala\.gradle\caches\modules-2\files-2.1\org.apache.httpcomponents\httpcore\4.4.5\e7501a1b34325abb00d17dde96150604a0658b54\httpcore-4.4.5.jar;C:\Users\kmala\.gradle\caches\modules-2\files-2.1\commons-logging\commons-logging\1.1.3\f6f66e966c70a83ffbdb6f17a0919eaf7c8aca7f\commons-logging-1.1.3.jar;C:\Users\kmala\.gradle\caches\modules-2\files-2.1\commons-codec\commons-codec\1.10\4b95f4897fa13f2cd904aee711aeafc0c5295cd8\commons-codec-1.10.jar;C:\Users\kmala\.gradle\caches\modules-2\files-2.1\org.elasticsearch\securemock\1.2\98201d4ad5ac93f6b415ae9172d52b5e7cda490e\securemock-1.2.jar;C:\Users\kmala\.gradle\caches\modules-2\files-2.1\org.apache.httpcomponents\httpasyncclient\4.1.2\95aa3e6fb520191a0970a73cf09f62948ee614be\httpasyncclient-4.1.2.jar;C:\Users\kmala\.gradle\caches\modules-2\files-2.1\org.apache.httpcomponents\httpcore-nio\4.4.5\f4be009e7505f6ceddf21e7960c759f413f15056\httpcore-nio-4.4.5.jar;C:\Users\kmala\.gradle\caches\modules-2\files-2.1\com.carrotsearch.randomizedtesting\junit4-ant\2.3.2\dc8f03f6111974092491f35b8269eb0fc57f52f7\junit4-ant-2.3.2.jar"/>
      <property name="java.class.version" value="52.0"/>
      <property name="java.endorsed.dirs" value="C:\Program Files\Java\jdk1.8.0_102\jre\lib\endorsed"/>
      <property name="java.ext.dirs" value="C:\Program Files\Java\jdk1.8.0_102\jre\lib\ext;C:\Windows\Sun\Java\lib\ext"/>
      <property name="java.home" value="C:\Program Files\Java\jdk1.8.0_102\jre"/>
      <property name="java.io.tmpdir" value="./temp"/>
      <property name="java.library.path" value="C:\Program Files\Java\jdk1.8.0_102\bin;C:\Windows\Sun\Java\bin;C:\Windows\system32;C:\Windows;C:\ProgramData\Oracle\Java\javapath;C:\Windows\system32;C:\Windows;C:\Windows\System32\Wbem;C:\Windows\System32\WindowsPowerShell\v1.0\;C:\Program Files (x86)\Skype\Phone\;C:\Tools\curl-7.50.1\bin;C:\Program Files\Git\cmd;C:\Tools\gradle-2.13\bin;C:\Tools\apache-maven-3.3.9\bin;C:\Program Files\doxygen\bin;C:\Tools\sonar-scanner-2.7\bin;C:\Windows\system32\config\systemprofile\.dnx\bin;C:\Program Files\Microsoft DNX\Dnvm\;C:\Program Files\Microsoft SQL Server\120\Tools\Binn\;C:\Users\kmala\AppData\Local\Microsoft\WindowsApps;;."/>
      <property name="java.runtime.name" value="Java(TM) SE Runtime Environment"/>
      <property name="java.runtime.version" value="1.8.0_102-b14"/>
      <property name="java.specification.name" value="Java Platform API Specification"/>
      <property name="java.specification.vendor" value="Oracle Corporation"/>
      <property name="java.specification.version" value="1.8"/>
      <property name="java.vendor" value="Oracle Corporation"/>
      <property name="java.vendor.url" value="http://java.oracle.com/"/>
      <property name="java.vendor.url.bug" value="http://bugreport.sun.com/bugreport/"/>
      <property name="java.version" value="1.8.0_102"/>
      <property name="java.vm.info" value="mixed mode"/>
      <property name="java.vm.name" value="Java HotSpot(TM) 64-Bit Server VM"/>
      <property name="java.vm.specification.name" value="Java Virtual Machine Specification"/>
      <property name="java.vm.specification.vendor" value="Oracle Corporation"/>
      <property name="java.vm.specification.version" value="1.8"/>
      <property name="java.vm.vendor" value="Oracle Corporation"/>
      <property name="java.vm.version" value="25.102-b14"/>
      <property name="jna.nosys" value="true"/>
      <property name="junit4.childvm.count" value="3"/>
      <property name="junit4.childvm.cwd" value="C:\Users\kmala\workspace\Team3\core\build\testrun\test\J0"/>
      <property name="junit4.childvm.id" value="0"/>
      <property name="junit4.memory.total" value="514850816"/>
      <property name="junit4.pidString" value="8784@DESKTOP-HP7QPF3"/>
      <property name="junit4.processors" value="4"/>
      <property name="line.separator" value="
"/>
      <property name="os.arch" value="amd64"/>
      <property name="os.name" value="Windows 10"/>
      <property name="os.version" value="10.0"/>
      <property name="path.separator" value=";"/>
      <property name="sun.arch.data.model" value="64"/>
      <property name="sun.boot.class.path" value="C:\Program Files\Java\jdk1.8.0_102\jre\lib\resources.jar;C:\Program Files\Java\jdk1.8.0_102\jre\lib\rt.jar;C:\Program Files\Java\jdk1.8.0_102\jre\lib\sunrsasign.jar;C:\Program Files\Java\jdk1.8.0_102\jre\lib\jsse.jar;C:\Program Files\Java\jdk1.8.0_102\jre\lib\jce.jar;C:\Program Files\Java\jdk1.8.0_102\jre\lib\charsets.jar;C:\Program Files\Java\jdk1.8.0_102\jre\lib\jfr.jar;C:\Program Files\Java\jdk1.8.0_102\jre\classes"/>
      <property name="sun.boot.library.path" value="C:\Program Files\Java\jdk1.8.0_102\jre\bin"/>
      <property name="sun.cpu.endian" value="little"/>
      <property name="sun.cpu.isalist" value="amd64"/>
      <property name="sun.desktop" value="windows"/>
      <property name="sun.io.unicode.encoding" value="UnicodeLittle"/>
      <property name="sun.java.command" value="com.carrotsearch.ant.tasks.junit4.slave.SlaveMainSafe -eventsfile C:\Users\kmala\workspace\Team3\core\build\testrun\test\temp\junit4-J0-20160918_124457_941.events @C:\Users\kmala\workspace\Team3\core\build\testrun\test\temp\junit4-J0-20160918_124457_941.suites -stdin"/>
      <property name="sun.java.launcher" value="SUN_STANDARD"/>
      <property name="sun.jnu.encoding" value="Cp1252"/>
      <property name="sun.management.compiler" value="HotSpot 64-Bit Tiered Compilers"/>
      <property name="sun.os.patch.level" value=""/>
      <property name="tests.artifact" value="core"/>
      <property name="tests.gradle" value="true"/>
      <property name="tests.ifNoTests" value="fail"/>
      <property name="tests.logger.level" value="WARN"/>
      <property name="tests.prefix" value="tests"/>
      <property name="tests.security.manager" value="true"/>
      <property name="tests.seed" value="FD13852EF36FC81C"/>
      <property name="tests.task" value=":core:test"/>
      <property name="user.country" value="US"/>
      <property name="user.dir" value="C:\Users\kmala\workspace\Team3\core\build\testrun\test\J0"/>
      <property name="user.home" value="C:\Users\kmala"/>
      <property name="user.language" value="en"/>
      <property name="user.name" value="kmala"/>
      <property name="user.script" value=""/>
      <property name="user.timezone" value=""/>
      <property name="user.variant" value=""/>
   </properties>
   <testcase classname="org.elasticsearch.discovery.zen.publish.PublishClusterStateActionTests" name="testIncomingClusterStateValidation" time="0.138"/>
   <testcase classname="org.elasticsearch.discovery.zen.publish.PublishClusterStateActionTests" name="testSerializationFailureDuringDiffPublishing" time="0.461"/>
   <testcase classname="org.elasticsearch.discovery.zen.publish.PublishClusterStateActionTests" name="testPublishingWithSendingErrors" time="0.246"/>
   <testcase classname="org.elasticsearch.discovery.zen.publish.PublishClusterStateActionTests" name="testOutOfOrderCommitMessages" time="0.019"/>
   <testcase classname="org.elasticsearch.discovery.zen.publish.PublishClusterStateActionTests" name="testUnexpectedDiffPublishing" time="0.055"/>
   <testcase classname="org.elasticsearch.discovery.zen.publish.PublishClusterStateActionTests" name="testSimultaneousClusterStatePublishing" time="0.064"/>
   <testcase classname="org.elasticsearch.discovery.zen.publish.PublishClusterStateActionTests" name="testFailToPublishWithLessThanMinMasterNodes" time="0.056"/>
   <testcase classname="org.elasticsearch.discovery.zen.publish.PublishClusterStateActionTests" name="testDisablingDiffPublishing" time="0.194"/>
   <testcase classname="org.elasticsearch.discovery.zen.publish.PublishClusterStateActionTests" name="testTimeoutOrCommit" time="0.139"/>
   <testcase classname="org.elasticsearch.discovery.zen.publish.PublishClusterStateActionTests" name="testSimpleClusterStatePublishing" time="0.137"/>
   <system-out><![CDATA[[2016-09-18T10:46:22,121][INFO ][org.elasticsearch.test.transport] publish_address {local[3]}, bound_addresses {local[3]}
[2016-09-18T10:46:22,208][INFO ][org.elasticsearch.discovery.zen.publish] --> testing acceptances of any master when having no master
[2016-09-18T10:46:22,208][INFO ][org.elasticsearch.discovery.zen.publish] --> testing rejection of another master
[2016-09-18T10:46:22,208][WARN ][org.elasticsearch.discovery.zen.publish] received a cluster state from a different master than the current one, rejecting (received null, current null)
[2016-09-18T10:46:22,209][INFO ][org.elasticsearch.discovery.zen.publish] --> test state from the current master is accepted
[2016-09-18T10:46:22,209][INFO ][org.elasticsearch.discovery.zen.publish] --> testing rejection of another cluster name
[2016-09-18T10:46:22,209][WARN ][org.elasticsearch.discovery.zen.publish] received cluster state from [null] which is also master but with a different cluster name [Cluster [ObdycxuZGv]]
[2016-09-18T10:46:22,209][INFO ][org.elasticsearch.discovery.zen.publish] --> testing rejection of a cluster state with wrong local node
[2016-09-18T10:46:22,209][WARN ][org.elasticsearch.discovery.zen.publish] received a cluster state from [null] and not part of the cluster, should not happen
[2016-09-18T10:46:22,211][INFO ][org.elasticsearch.test.transport] publish_address {local[4]}, bound_addresses {local[4]}
[2016-09-18T10:46:22,217][WARN ][org.elasticsearch.discovery.zen.publish] received a cluster state from [null] and not part of the cluster, should not happen
[2016-09-18T10:46:22,217][INFO ][org.elasticsearch.discovery.zen.publish] --> testing acceptance of an old cluster state
[2016-09-18T10:46:22,217][DEBUG][org.elasticsearch.discovery.zen.publish] received a cluster state that is not newer than the current one, ignoring (received 0, current 1)
[2016-09-18T10:46:22,218][WARN ][org.elasticsearch.discovery.zen.publish] rejecting cluster state version [0] uuid [KbMmEQClS-iP7Ajc0gDI4g] received from [master]
[2016-09-18T10:46:22,227][INFO ][org.elasticsearch.test.transport] publish_address {local[5]}, bound_addresses {local[5]}
[2016-09-18T10:46:22,257][INFO ][org.elasticsearch.test.transport] publish_address {local[6]}, bound_addresses {local[6]}
[2016-09-18T10:46:22,519][DEBUG][org.elasticsearch.discovery.zen.publish] received diff for but don't have any local cluster state - requesting full state
[2016-09-18T10:46:22,599][DEBUG][org.elasticsearch.discovery.zen.publish] resending full cluster state to node {CoqVchN5TSKGJO0NDKK6pw}{XizG2yyqR7u0ArB3b-8OKw}{local}{local[6]} reason RemoteTransportException[[][local[5]][internal:discovery/zen/publish/send]]; nested: IncompatibleClusterStateVersionException[have no local cluster state];; org.elasticsearch.cluster.IncompatibleClusterStateVersionException: have no local cluster state
[2016-09-18T10:46:22,640][DEBUG][org.elasticsearch.discovery.zen.publish] received full cluster state version [1] with size [209]
[2016-09-18T10:46:22,655][TRACE][org.elasticsearch.discovery.zen.publish] sending commit for cluster state (uuid: [IXVBk1IHTWKuIGcm9XZelA], version [1]) to [{CoqVchN5TSKGJO0NDKK6pw}{XizG2yyqR7u0ArB3b-8OKw}{local}{local[6]}]
[2016-09-18T10:46:22,670][DEBUG][org.elasticsearch.discovery.zen.publish] [] received version [1], uuid [IXVBk1IHTWKuIGcm9XZelA]
[2016-09-18T10:46:22,688][INFO ][org.elasticsearch.test.transport] publish_address {local[7]}, bound_addresses {local[7]}
[2016-09-18T10:46:22,716][INFO ][org.elasticsearch.test.transport] publish_address {local[8]}, bound_addresses {local[8]}
[2016-09-18T10:46:22,731][INFO ][org.elasticsearch.test.transport] publish_address {local[9]}, bound_addresses {local[9]}
[2016-09-18T10:46:22,737][INFO ][org.elasticsearch.test.transport] publish_address {local[10]}, bound_addresses {local[10]}
[2016-09-18T10:46:22,742][INFO ][org.elasticsearch.test.transport] publish_address {local[11]}, bound_addresses {local[11]}
[2016-09-18T10:46:22,753][INFO ][org.elasticsearch.test.transport] publish_address {local[12]}, bound_addresses {local[12]}
[2016-09-18T10:46:22,756][INFO ][org.elasticsearch.test.transport] publish_address {local[13]}, bound_addresses {local[13]}
[2016-09-18T10:46:22,761][INFO ][org.elasticsearch.test.transport] publish_address {local[14]}, bound_addresses {local[14]}
[2016-09-18T10:46:22,770][INFO ][org.elasticsearch.test.transport] publish_address {local[15]}, bound_addresses {local[15]}
[2016-09-18T10:46:22,791][INFO ][org.elasticsearch.test.transport] publish_address {local[16]}, bound_addresses {local[16]}
[2016-09-18T10:46:22,796][INFO ][org.elasticsearch.discovery.zen.publish] --> expecting commit to timeout. good nodes [3], errors [3], timeouts [3]. min_master_nodes [7]
[2016-09-18T10:46:22,811][DEBUG][org.elasticsearch.discovery.zen.publish] received full cluster state version [0] with size [540]
[2016-09-18T10:46:22,816][DEBUG][org.elasticsearch.discovery.zen.publish] received full cluster state version [0] with size [540]
[2016-09-18T10:46:22,825][DEBUG][org.elasticsearch.discovery.zen.publish] failed to send cluster state to {RZrLuQDhRReowh7uRvMdsw}{Of_YA30ZSiOAaaR25Un5Lw}{local}{local[11]}
org.elasticsearch.transport.RemoteTransportException: [][local[7]][internal:discovery/zen/publish/send]
Caused by: org.elasticsearch.ElasticsearchException: forced error on incoming cluster state
	at org.elasticsearch.discovery.zen.publish.PublishClusterStateActionTests$MockPublishAction.handleIncomingClusterStateRequest(PublishClusterStateActionTests.java:860) ~[test/:?]
	at org.elasticsearch.discovery.zen.publish.PublishClusterStateAction$SendClusterStateRequestHandler.messageReceived(PublishClusterStateAction.java:459) ~[main/:?]
	at org.elasticsearch.discovery.zen.publish.PublishClusterStateAction$SendClusterStateRequestHandler.messageReceived(PublishClusterStateAction.java:455) ~[main/:?]
	at org.elasticsearch.transport.TransportRequestHandler.messageReceived(TransportRequestHandler.java:33) ~[main/:?]
	at org.elasticsearch.transport.RequestHandlerRegistry.processMessageReceived(RequestHandlerRegistry.java:69) ~[main/:?]
	at org.elasticsearch.transport.local.LocalTransport.handleRequest(LocalTransport.java:335) ~[main/:?]
	at org.elasticsearch.transport.local.LocalTransport.processReceivedMessage(LocalTransport.java:283) ~[main/:?]
	at org.elasticsearch.transport.local.LocalTransport.lambda$receiveMessage$0(LocalTransport.java:251) ~[main/:?]
	at org.elasticsearch.common.util.concurrent.ThreadContext$ContextPreservingRunnable.run(ThreadContext.java:444) [main/:?]
	at java.util.concurrent.ThreadPoolExecutor.runWorker(ThreadPoolExecutor.java:1142) [?:1.8.0_102]
	at java.util.concurrent.ThreadPoolExecutor$Worker.run(ThreadPoolExecutor.java:617) [?:1.8.0_102]
	at java.lang.Thread.run(Thread.java:745) [?:1.8.0_102]
[2016-09-18T10:46:22,829][DEBUG][org.elasticsearch.discovery.zen.publish] failed to send cluster state to {IsOv3SwYTRyzH-YzlD6gDg}{elOzWb7_RzODPv942juLqg}{local}{local[16]}
org.elasticsearch.transport.RemoteTransportException: [][local[7]][internal:discovery/zen/publish/send]
Caused by: org.elasticsearch.ElasticsearchException: forced error on incoming cluster state
	at org.elasticsearch.discovery.zen.publish.PublishClusterStateActionTests$MockPublishAction.handleIncomingClusterStateRequest(PublishClusterStateActionTests.java:860) ~[test/:?]
	at org.elasticsearch.discovery.zen.publish.PublishClusterStateAction$SendClusterStateRequestHandler.messageReceived(PublishClusterStateAction.java:459) ~[main/:?]
	at org.elasticsearch.discovery.zen.publish.PublishClusterStateAction$SendClusterStateRequestHandler.messageReceived(PublishClusterStateAction.java:455) ~[main/:?]
	at org.elasticsearch.transport.TransportRequestHandler.messageReceived(TransportRequestHandler.java:33) ~[main/:?]
	at org.elasticsearch.transport.RequestHandlerRegistry.processMessageReceived(RequestHandlerRegistry.java:69) ~[main/:?]
	at org.elasticsearch.transport.local.LocalTransport.handleRequest(LocalTransport.java:335) ~[main/:?]
	at org.elasticsearch.transport.local.LocalTransport.processReceivedMessage(LocalTransport.java:283) ~[main/:?]
	at org.elasticsearch.transport.local.LocalTransport.lambda$receiveMessage$0(LocalTransport.java:251) ~[main/:?]
	at org.elasticsearch.common.util.concurrent.ThreadContext$ContextPreservingRunnable.run(ThreadContext.java:444) [main/:?]
	at java.util.concurrent.ThreadPoolExecutor.runWorker(ThreadPoolExecutor.java:1142) [?:1.8.0_102]
	at java.util.concurrent.ThreadPoolExecutor$Worker.run(ThreadPoolExecutor.java:617) [?:1.8.0_102]
	at java.lang.Thread.run(Thread.java:745) [?:1.8.0_102]
[2016-09-18T10:46:22,831][TRACE][org.elasticsearch.discovery.zen.publish] master node {RZrLuQDhRReowh7uRvMdsw}{Of_YA30ZSiOAaaR25Un5Lw}{local}{local[11]} failed to ack cluster state version [0]. processing ... (current pending [8], needed [6])
[2016-09-18T10:46:22,832][DEBUG][org.elasticsearch.discovery.zen.publish] failed to send cluster state to {glQWK-69Sei9yBuujzSzow}{S5MOD0L2Tka-M0hxZKlV6w}{local}{local[12]}
org.elasticsearch.transport.RemoteTransportException: [][local[7]][internal:discovery/zen/publish/send]
Caused by: org.elasticsearch.ElasticsearchException: forced error on incoming cluster state
	at org.elasticsearch.discovery.zen.publish.PublishClusterStateActionTests$MockPublishAction.handleIncomingClusterStateRequest(PublishClusterStateActionTests.java:860) ~[test/:?]
	at org.elasticsearch.discovery.zen.publish.PublishClusterStateAction$SendClusterStateRequestHandler.messageReceived(PublishClusterStateAction.java:459) ~[main/:?]
	at org.elasticsearch.discovery.zen.publish.PublishClusterStateAction$SendClusterStateRequestHandler.messageReceived(PublishClusterStateAction.java:455) ~[main/:?]
	at org.elasticsearch.transport.TransportRequestHandler.messageReceived(TransportRequestHandler.java:33) ~[main/:?]
	at org.elasticsearch.transport.RequestHandlerRegistry.processMessageReceived(RequestHandlerRegistry.java:69) ~[main/:?]
	at org.elasticsearch.transport.local.LocalTransport.handleRequest(LocalTransport.java:335) ~[main/:?]
	at org.elasticsearch.transport.local.LocalTransport.processReceivedMessage(LocalTransport.java:283) ~[main/:?]
	at org.elasticsearch.transport.local.LocalTransport.lambda$receiveMessage$0(LocalTransport.java:251) ~[main/:?]
	at org.elasticsearch.common.util.concurrent.ThreadContext$ContextPreservingRunnable.run(ThreadContext.java:444) [main/:?]
	at java.util.concurrent.ThreadPoolExecutor.runWorker(ThreadPoolExecutor.java:1142) [?:1.8.0_102]
	at java.util.concurrent.ThreadPoolExecutor$Worker.run(ThreadPoolExecutor.java:617) [?:1.8.0_102]
	at java.lang.Thread.run(Thread.java:745) [?:1.8.0_102]
[2016-09-18T10:46:22,832][TRACE][org.elasticsearch.discovery.zen.publish] master node {glQWK-69Sei9yBuujzSzow}{S5MOD0L2Tka-M0hxZKlV6w}{local}{local[12]} failed to ack cluster state version [0]. processing ... (current pending [7], needed [6])
[2016-09-18T10:46:22,833][DEBUG][org.elasticsearch.discovery.zen.publish] failed to send cluster state to {o8zXUZ9VT3eVmouQy_xQ-Q}{x5qH65UmSJWYWee_QOq-Gg}{local}{local[10]}
org.elasticsearch.transport.RemoteTransportException: [][local[7]][internal:discovery/zen/publish/send]
Caused by: org.elasticsearch.ElasticsearchException: forced error on incoming cluster state
	at org.elasticsearch.discovery.zen.publish.PublishClusterStateActionTests$MockPublishAction.handleIncomingClusterStateRequest(PublishClusterStateActionTests.java:860) ~[test/:?]
	at org.elasticsearch.discovery.zen.publish.PublishClusterStateAction$SendClusterStateRequestHandler.messageReceived(PublishClusterStateAction.java:459) ~[main/:?]
	at org.elasticsearch.discovery.zen.publish.PublishClusterStateAction$SendClusterStateRequestHandler.messageReceived(PublishClusterStateAction.java:455) ~[main/:?]
	at org.elasticsearch.transport.TransportRequestHandler.messageReceived(TransportRequestHandler.java:33) ~[main/:?]
	at org.elasticsearch.transport.RequestHandlerRegistry.processMessageReceived(RequestHandlerRegistry.java:69) ~[main/:?]
	at org.elasticsearch.transport.local.LocalTransport.handleRequest(LocalTransport.java:335) ~[main/:?]
	at org.elasticsearch.transport.local.LocalTransport.processReceivedMessage(LocalTransport.java:283) ~[main/:?]
	at org.elasticsearch.transport.local.LocalTransport.lambda$receiveMessage$0(LocalTransport.java:251) ~[main/:?]
	at org.elasticsearch.common.util.concurrent.ThreadContext$ContextPreservingRunnable.run(ThreadContext.java:444) [main/:?]
	at java.util.concurrent.ThreadPoolExecutor.runWorker(ThreadPoolExecutor.java:1142) [?:1.8.0_102]
	at java.util.concurrent.ThreadPoolExecutor$Worker.run(ThreadPoolExecutor.java:617) [?:1.8.0_102]
	at java.lang.Thread.run(Thread.java:745) [?:1.8.0_102]
[2016-09-18T10:46:22,833][TRACE][org.elasticsearch.discovery.zen.publish] master node {o8zXUZ9VT3eVmouQy_xQ-Q}{x5qH65UmSJWYWee_QOq-Gg}{local}{local[10]} failed to ack cluster state version [0]. processing ... (current pending [6], needed [6])
[2016-09-18T10:46:22,834][TRACE][org.elasticsearch.discovery.zen.publish] master node {x2QIUtYvRpmcFgnw-n1HmQ}{2GV94esWRRS6YCuIGmtHNA}{local}{local[9]} acked cluster state version [0]. processing ... (current pending [5], needed [6])
[2016-09-18T10:46:22,834][TRACE][org.elasticsearch.discovery.zen.publish] master node {p4eF4m_eQJqZjtyuN0r7Ng}{Gvd1tVQCS8iMQ3r_ZRySSw}{local}{local[8]} acked cluster state version [0]. processing ... (current pending [4], needed [5])
[2016-09-18T10:46:22,918][TRACE][org.elasticsearch.discovery.zen.publish] failed to commit version [0]. timed out waiting for commit (commit timeout [100ms])
[2016-09-18T10:46:22,923][DEBUG][org.elasticsearch.discovery.zen.publish] failed to send cluster state to {t9MQ6sB4RnaPc_q5mTL2bQ}{8_owLI5lQmqoJyUiat7ocQ}{local}{local[13]}
org.elasticsearch.transport.NodeDisconnectedException: [][local[13]][internal:discovery/zen/publish/send] disconnected
[2016-09-18T10:46:22,924][TRACE][org.elasticsearch.discovery.zen.publish] master node {t9MQ6sB4RnaPc_q5mTL2bQ}{8_owLI5lQmqoJyUiat7ocQ}{local}{local[13]} failed to ack cluster state version [0]. processing ... (current pending [3], needed [4])
[2016-09-18T10:46:22,924][DEBUG][org.elasticsearch.discovery.zen.publish] failed to send cluster state to {tA4uDhK6RGiDs9HbprZ_MA}{YZ6atxsFRe-Of9nJSTjATw}{local}{local[14]}
org.elasticsearch.transport.NodeDisconnectedException: [][local[14]][internal:discovery/zen/publish/send] disconnected
[2016-09-18T10:46:22,925][TRACE][org.elasticsearch.discovery.zen.publish] master node {tA4uDhK6RGiDs9HbprZ_MA}{YZ6atxsFRe-Of9nJSTjATw}{local}{local[14]} failed to ack cluster state version [0]. processing ... (current pending [2], needed [4])
[2016-09-18T10:46:22,925][DEBUG][org.elasticsearch.discovery.zen.publish] failed to send cluster state to {90Iq0OwcTUq7JcFKCR7D3Q}{ZWTxxdnjQzaTKEvTvUHZXQ}{local}{local[15]}
org.elasticsearch.transport.NodeDisconnectedException: [][local[15]][internal:discovery/zen/publish/send] disconnected
[2016-09-18T10:46:22,925][TRACE][org.elasticsearch.discovery.zen.publish] master node {90Iq0OwcTUq7JcFKCR7D3Q}{ZWTxxdnjQzaTKEvTvUHZXQ}{local}{local[15]} failed to ack cluster state version [0]. processing ... (current pending [1], needed [4])
[2016-09-18T10:46:22,934][INFO ][org.elasticsearch.test.transport] publish_address {local[17]}, bound_addresses {local[17]}
[2016-09-18T10:46:22,939][INFO ][org.elasticsearch.discovery.zen.publish] --> publishing states
[2016-09-18T10:46:22,940][DEBUG][org.elasticsearch.discovery.zen.publish] received full cluster state version [1] with size [158]
[2016-09-18T10:46:22,940][DEBUG][org.elasticsearch.discovery.zen.publish] received full cluster state version [2] with size [160]
[2016-09-18T10:46:22,941][DEBUG][org.elasticsearch.discovery.zen.publish] received full cluster state version [3] with size [160]
[2016-09-18T10:46:22,942][DEBUG][org.elasticsearch.discovery.zen.publish] received full cluster state version [4] with size [160]
[2016-09-18T10:46:22,942][DEBUG][org.elasticsearch.discovery.zen.publish] received full cluster state version [5] with size [160]
[2016-09-18T10:46:22,943][DEBUG][org.elasticsearch.discovery.zen.publish] received full cluster state version [6] with size [160]
[2016-09-18T10:46:22,944][DEBUG][org.elasticsearch.discovery.zen.publish] received full cluster state version [7] with size [160]
[2016-09-18T10:46:22,944][DEBUG][org.elasticsearch.discovery.zen.publish] received full cluster state version [8] with size [160]
[2016-09-18T10:46:22,945][DEBUG][org.elasticsearch.discovery.zen.publish] received full cluster state version [9] with size [160]
[2016-09-18T10:46:22,945][DEBUG][org.elasticsearch.discovery.zen.publish] received full cluster state version [10] with size [160]
[2016-09-18T10:46:22,946][INFO ][org.elasticsearch.discovery.zen.publish] --> committing states
[2016-09-18T10:46:22,946][DEBUG][org.elasticsearch.discovery.zen.publish] [] received version [9], uuid [0SRfYJdMSmq4Ib4faELcig]
[2016-09-18T10:46:22,946][TRACE][org.elasticsearch.discovery.zen.publish] processing pending state uuid[hyBcIHE-T8O41lO2KAUt-g]/v[1] together with state uuid[0SRfYJdMSmq4Ib4faELcig]/v[9]
[2016-09-18T10:46:22,946][TRACE][org.elasticsearch.discovery.zen.publish] processing pending state uuid[pLOTzJLVSw2ZARhht1oqhA]/v[2] together with state uuid[0SRfYJdMSmq4Ib4faELcig]/v[9]
[2016-09-18T10:46:22,946][TRACE][org.elasticsearch.discovery.zen.publish] processing pending state uuid[iuigH-XaTiOS4Yp1WrgP4g]/v[3] together with state uuid[0SRfYJdMSmq4Ib4faELcig]/v[9]
[2016-09-18T10:46:22,946][TRACE][org.elasticsearch.discovery.zen.publish] processing pending state uuid[imdum7J5Rwu6q1LAxZESWA]/v[4] together with state uuid[0SRfYJdMSmq4Ib4faELcig]/v[9]
[2016-09-18T10:46:22,946][TRACE][org.elasticsearch.discovery.zen.publish] processing pending state uuid[ZqC2iDdNQUGBe8qd8rmLCA]/v[5] together with state uuid[0SRfYJdMSmq4Ib4faELcig]/v[9]
[2016-09-18T10:46:22,946][TRACE][org.elasticsearch.discovery.zen.publish] processing pending state uuid[YLsXrAfJSCmLsA6QbG0llw]/v[6] together with state uuid[0SRfYJdMSmq4Ib4faELcig]/v[9]
[2016-09-18T10:46:22,946][TRACE][org.elasticsearch.discovery.zen.publish] processing pending state uuid[cOTqgUhsRF6NZPvBByXGlw]/v[7] together with state uuid[0SRfYJdMSmq4Ib4faELcig]/v[9]
[2016-09-18T10:46:22,947][TRACE][org.elasticsearch.discovery.zen.publish] processing pending state uuid[A0BdVgdIR4qWewuYx1ID9A]/v[8] together with state uuid[0SRfYJdMSmq4Ib4faELcig]/v[9]
[2016-09-18T10:46:22,947][DEBUG][org.elasticsearch.discovery.zen.publish] [] received version [10], uuid [KFKUqOD9QkuXg2SNADTHOw]
[2016-09-18T10:46:22,959][INFO ][org.elasticsearch.test.transport] publish_address {local[18]}, bound_addresses {local[18]}
[2016-09-18T10:46:22,968][INFO ][org.elasticsearch.test.transport] publish_address {local[19]}, bound_addresses {local[19]}
[2016-09-18T10:46:22,973][DEBUG][org.elasticsearch.discovery.zen.publish] received diff for but don't have any local cluster state - requesting full state
[2016-09-18T10:46:22,977][DEBUG][org.elasticsearch.discovery.zen.publish] resending full cluster state to node {qEKFHWiAR5WHxJIEmXu-ig}{HxYeChf-S-OKjxrotVFLRg}{local}{local[19]} reason RemoteTransportException[[][local[18]][internal:discovery/zen/publish/send]]; nested: IncompatibleClusterStateVersionException[have no local cluster state];; org.elasticsearch.cluster.IncompatibleClusterStateVersionException: have no local cluster state
[2016-09-18T10:46:22,978][DEBUG][org.elasticsearch.discovery.zen.publish] received full cluster state version [1] with size [212]
[2016-09-18T10:46:22,980][TRACE][org.elasticsearch.discovery.zen.publish] sending commit for cluster state (uuid: [c0szxPJ5T5mkghH7qdDZew], version [1]) to [{qEKFHWiAR5WHxJIEmXu-ig}{HxYeChf-S-OKjxrotVFLRg}{local}{local[19]}]
[2016-09-18T10:46:22,981][DEBUG][org.elasticsearch.discovery.zen.publish] [] received version [1], uuid [c0szxPJ5T5mkghH7qdDZew]
[2016-09-18T10:46:22,990][DEBUG][org.elasticsearch.discovery.zen.publish] received diff cluster state version [2] with uuid [-ou4q3PpSQaDRDX0DJyg_Q], diff size [133]
[2016-09-18T10:46:22,999][TRACE][org.elasticsearch.discovery.zen.publish] sending commit for cluster state (uuid: [-ou4q3PpSQaDRDX0DJyg_Q], version [2]) to [{qEKFHWiAR5WHxJIEmXu-ig}{HxYeChf-S-OKjxrotVFLRg}{local}{local[19]}]
[2016-09-18T10:46:23,000][DEBUG][org.elasticsearch.discovery.zen.publish] [] received version [2], uuid [-ou4q3PpSQaDRDX0DJyg_Q]
[2016-09-18T10:46:23,009][INFO ][org.elasticsearch.test.transport] publish_address {local[20]}, bound_addresses {local[20]}
[2016-09-18T10:46:23,015][INFO ][org.elasticsearch.test.transport] publish_address {local[21]}, bound_addresses {local[21]}
[2016-09-18T10:46:23,027][DEBUG][org.elasticsearch.discovery.zen.publish] received full cluster state version [1] with size [286]
[2016-09-18T10:46:23,028][TRACE][org.elasticsearch.discovery.zen.publish] sending commit for cluster state (uuid: [rnLOP6KoQRWTD79x7UeheA], version [1]) to [{79CZ-ab6SqWnYbfz4nYjrg}{xwBsL07mSoiv8Xu4WMufWA}{local}{local[21]}]
[2016-09-18T10:46:23,031][DEBUG][org.elasticsearch.discovery.zen.publish] [] received version [1], uuid [rnLOP6KoQRWTD79x7UeheA]
[2016-09-18T10:46:23,034][DEBUG][org.elasticsearch.discovery.zen.publish] received full cluster state version [2] with size [305]
[2016-09-18T10:46:23,036][TRACE][org.elasticsearch.discovery.zen.publish] sending commit for cluster state (uuid: [UCsfUt5QSe6aH63FlPjoMQ], version [2]) to [{79CZ-ab6SqWnYbfz4nYjrg}{xwBsL07mSoiv8Xu4WMufWA}{local}{local[21]}]
[2016-09-18T10:46:23,045][DEBUG][org.elasticsearch.discovery.zen.publish] [] received version [2], uuid [UCsfUt5QSe6aH63FlPjoMQ]
[2016-09-18T10:46:23,052][DEBUG][org.elasticsearch.discovery.zen.publish] received full cluster state version [3] with size [324]
[2016-09-18T10:46:23,053][TRACE][org.elasticsearch.discovery.zen.publish] sending commit for cluster state (uuid: [v7XHrDSjTUWLGMVdKmyvYQ], version [3]) to [{79CZ-ab6SqWnYbfz4nYjrg}{xwBsL07mSoiv8Xu4WMufWA}{local}{local[21]}]
[2016-09-18T10:46:23,053][DEBUG][org.elasticsearch.discovery.zen.publish] [] received version [3], uuid [v7XHrDSjTUWLGMVdKmyvYQ]
[2016-09-18T10:46:23,058][DEBUG][org.elasticsearch.discovery.zen.publish] received full cluster state version [4] with size [338]
[2016-09-18T10:46:23,058][TRACE][org.elasticsearch.discovery.zen.publish] sending commit for cluster state (uuid: [XEwxuwnOSfaGMx2k4lmUOA], version [4]) to [{79CZ-ab6SqWnYbfz4nYjrg}{xwBsL07mSoiv8Xu4WMufWA}{local}{local[21]}]
[2016-09-18T10:46:23,059][DEBUG][org.elasticsearch.discovery.zen.publish] [] received version [4], uuid [XEwxuwnOSfaGMx2k4lmUOA]
[2016-09-18T10:46:23,060][DEBUG][org.elasticsearch.discovery.zen.publish] received full cluster state version [5] with size [359]
[2016-09-18T10:46:23,061][TRACE][org.elasticsearch.discovery.zen.publish] sending commit for cluster state (uuid: [eEprJeFKT0yZakNPNWw8Wg], version [5]) to [{79CZ-ab6SqWnYbfz4nYjrg}{xwBsL07mSoiv8Xu4WMufWA}{local}{local[21]}]
[2016-09-18T10:46:23,062][DEBUG][org.elasticsearch.discovery.zen.publish] [] received version [5], uuid [eEprJeFKT0yZakNPNWw8Wg]
[2016-09-18T10:46:23,063][DEBUG][org.elasticsearch.discovery.zen.publish] received full cluster state version [6] with size [373]
[2016-09-18T10:46:23,064][TRACE][org.elasticsearch.discovery.zen.publish] master node {79CZ-ab6SqWnYbfz4nYjrg}{xwBsL07mSoiv8Xu4WMufWA}{local}{local[21]} acked cluster state version [6]. processing ... (current pending [1], needed [1])
[2016-09-18T10:46:23,064][TRACE][org.elasticsearch.discovery.zen.publish] committing version [6]
[2016-09-18T10:46:23,064][TRACE][org.elasticsearch.discovery.zen.publish] sending commit for cluster state (uuid: [jPKofpp1TBuj55RIfTWFew], version [6]) to [{79CZ-ab6SqWnYbfz4nYjrg}{xwBsL07mSoiv8Xu4WMufWA}{local}{local[21]}]
[2016-09-18T10:46:23,065][DEBUG][org.elasticsearch.discovery.zen.publish] [] received version [6], uuid [jPKofpp1TBuj55RIfTWFew]
[2016-09-18T10:46:23,072][INFO ][org.elasticsearch.test.transport] publish_address {local[22]}, bound_addresses {local[22]}
[2016-09-18T10:46:23,076][INFO ][org.elasticsearch.test.transport] publish_address {local[23]}, bound_addresses {local[23]}
[2016-09-18T10:46:23,081][INFO ][org.elasticsearch.test.transport] publish_address {local[24]}, bound_addresses {local[24]}
[2016-09-18T10:46:23,084][INFO ][org.elasticsearch.test.transport] publish_address {local[25]}, bound_addresses {local[25]}
[2016-09-18T10:46:23,089][INFO ][org.elasticsearch.test.transport] publish_address {local[26]}, bound_addresses {local[26]}
[2016-09-18T10:46:23,107][INFO ][org.elasticsearch.test.transport] publish_address {local[27]}, bound_addresses {local[27]}
[2016-09-18T10:46:23,118][INFO ][org.elasticsearch.test.transport] publish_address {local[28]}, bound_addresses {local[28]}
[2016-09-18T10:46:23,129][INFO ][org.elasticsearch.test.transport] publish_address {local[29]}, bound_addresses {local[29]}
[2016-09-18T10:46:23,149][INFO ][org.elasticsearch.test.transport] publish_address {local[30]}, bound_addresses {local[30]}
[2016-09-18T10:46:23,195][DEBUG][org.elasticsearch.discovery.zen.publish] received full cluster state version [1] with size [212]
[2016-09-18T10:46:23,218][TRACE][org.elasticsearch.discovery.zen.publish] sending commit for cluster state (uuid: [Qf-GAWUDSVqTltuRqKM-0Q], version [1]) to [{UolObmSBSIy_0ldCTkCVbg}{sQ2N55rVS2yS7XmE_dyLcQ}{local}{local[30]}]
[2016-09-18T10:46:23,260][DEBUG][org.elasticsearch.discovery.zen.publish] [] received version [1], uuid [Qf-GAWUDSVqTltuRqKM-0Q]
[2016-09-18T10:46:23,297][DEBUG][org.elasticsearch.discovery.zen.publish] received full cluster state version [2] with size [255]
[2016-09-18T10:46:23,305][TRACE][org.elasticsearch.discovery.zen.publish] sending commit for cluster state (uuid: [Gh8mDaemQzmuCW0jwn9AWA], version [2]) to [{UolObmSBSIy_0ldCTkCVbg}{sQ2N55rVS2yS7XmE_dyLcQ}{local}{local[30]}]
[2016-09-18T10:46:23,310][DEBUG][org.elasticsearch.discovery.zen.publish] [] received version [2], uuid [Gh8mDaemQzmuCW0jwn9AWA]
[2016-09-18T10:46:23,325][INFO ][org.elasticsearch.test.transport] publish_address {local[31]}, bound_addresses {local[31]}
[2016-09-18T10:46:23,365][INFO ][org.elasticsearch.test.transport] publish_address {local[32]}, bound_addresses {local[32]}
[2016-09-18T10:46:23,385][DEBUG][org.elasticsearch.discovery.zen.publish] --> publishing version [1], UUID [CjxBkQ7UTy2ifF3jdjmASA]
[2016-09-18T10:46:23,394][DEBUG][org.elasticsearch.discovery.zen.publish] received full cluster state version [1] with size [210]
[2016-09-18T10:46:23,401][TRACE][org.elasticsearch.discovery.zen.publish] failed to commit version [1]. timed out waiting for commit (commit timeout [1ms])
[2016-09-18T10:46:23,401][DEBUG][org.elasticsearch.discovery.zen.publish] --> publishing [failed], verifying...
[2016-09-18T10:46:23,402][DEBUG][org.elasticsearch.discovery.zen.publish] --> publishing version [2], UUID [yCuqYIhRQ0uXh1hvF6IvGg]
[2016-09-18T10:46:23,412][TRACE][org.elasticsearch.discovery.zen.publish] ignoring ack from [{j3IBgn66SlKKSPHaEpK-yw}{lMe2hhj9SuOEtGQzygTPPQ}{local}{local[32]}] for cluster state version [1]. already failed
[2016-09-18T10:46:23,413][DEBUG][org.elasticsearch.discovery.zen.publish] received full cluster state version [2] with size [211]
[2016-09-18T10:46:23,417][TRACE][org.elasticsearch.discovery.zen.publish] failed to commit version [2]. timed out waiting for commit (commit timeout [1ms])
[2016-09-18T10:46:23,418][DEBUG][org.elasticsearch.discovery.zen.publish] --> publishing [failed], verifying...
[2016-09-18T10:46:23,418][DEBUG][org.elasticsearch.discovery.zen.publish] --> publishing version [3], UUID [kyIzQyTFQH6ASPbhU84QdA]
[2016-09-18T10:46:23,424][DEBUG][org.elasticsearch.discovery.zen.publish] received full cluster state version [3] with size [213]
[2016-09-18T10:46:23,424][TRACE][org.elasticsearch.discovery.zen.publish] ignoring ack from [{j3IBgn66SlKKSPHaEpK-yw}{lMe2hhj9SuOEtGQzygTPPQ}{local}{local[32]}] for cluster state version [2]. already failed
[2016-09-18T10:46:23,427][TRACE][org.elasticsearch.discovery.zen.publish] master node {j3IBgn66SlKKSPHaEpK-yw}{lMe2hhj9SuOEtGQzygTPPQ}{local}{local[32]} acked cluster state version [3]. processing ... (current pending [1], needed [1])
[2016-09-18T10:46:23,428][TRACE][org.elasticsearch.discovery.zen.publish] committing version [3]
[2016-09-18T10:46:23,428][TRACE][org.elasticsearch.discovery.zen.publish] sending commit for cluster state (uuid: [kyIzQyTFQH6ASPbhU84QdA], version [3]) to [{j3IBgn66SlKKSPHaEpK-yw}{lMe2hhj9SuOEtGQzygTPPQ}{local}{local[32]}]
[2016-09-18T10:46:23,432][DEBUG][org.elasticsearch.discovery.zen.publish] [] received version [3], uuid [kyIzQyTFQH6ASPbhU84QdA]
[2016-09-18T10:46:23,432][TRACE][org.elasticsearch.discovery.zen.publish] processing pending state uuid[CjxBkQ7UTy2ifF3jdjmASA]/v[1] together with state uuid[kyIzQyTFQH6ASPbhU84QdA]/v[3]
[2016-09-18T10:46:23,432][TRACE][org.elasticsearch.discovery.zen.publish] processing pending state uuid[yCuqYIhRQ0uXh1hvF6IvGg]/v[2] together with state uuid[kyIzQyTFQH6ASPbhU84QdA]/v[3]
[2016-09-18T10:46:23,436][DEBUG][org.elasticsearch.discovery.zen.publish] --> publishing [succeeded], verifying...
[2016-09-18T10:46:23,437][DEBUG][org.elasticsearch.discovery.zen.publish] --> publishing version [4], UUID [2x5KSjP4S2SUJ1j3TSkGPg]
[2016-09-18T10:46:23,437][DEBUG][org.elasticsearch.discovery.zen.publish] received full cluster state version [4] with size [211]
[2016-09-18T10:46:23,438][TRACE][org.elasticsearch.discovery.zen.publish] master node {j3IBgn66SlKKSPHaEpK-yw}{lMe2hhj9SuOEtGQzygTPPQ}{local}{local[32]} acked cluster state version [4]. processing ... (current pending [1], needed [1])
[2016-09-18T10:46:23,438][TRACE][org.elasticsearch.discovery.zen.publish] committing version [4]
[2016-09-18T10:46:23,438][TRACE][org.elasticsearch.discovery.zen.publish] sending commit for cluster state (uuid: [2x5KSjP4S2SUJ1j3TSkGPg], version [4]) to [{j3IBgn66SlKKSPHaEpK-yw}{lMe2hhj9SuOEtGQzygTPPQ}{local}{local[32]}]
[2016-09-18T10:46:23,438][DEBUG][org.elasticsearch.discovery.zen.publish] [] received version [4], uuid [2x5KSjP4S2SUJ1j3TSkGPg]
[2016-09-18T10:46:23,439][DEBUG][org.elasticsearch.discovery.zen.publish] --> publishing [succeeded], verifying...
[2016-09-18T10:46:23,439][DEBUG][org.elasticsearch.discovery.zen.publish] --> publishing version [5], UUID [lnP0jdlBTY6aMJ_qmNnFOQ]
[2016-09-18T10:46:23,440][DEBUG][org.elasticsearch.discovery.zen.publish] received full cluster state version [5] with size [212]
[2016-09-18T10:46:23,440][TRACE][org.elasticsearch.discovery.zen.publish] master node {j3IBgn66SlKKSPHaEpK-yw}{lMe2hhj9SuOEtGQzygTPPQ}{local}{local[32]} acked cluster state version [5]. processing ... (current pending [1], needed [1])
[2016-09-18T10:46:23,440][TRACE][org.elasticsearch.discovery.zen.publish] committing version [5]
[2016-09-18T10:46:23,440][TRACE][org.elasticsearch.discovery.zen.publish] sending commit for cluster state (uuid: [lnP0jdlBTY6aMJ_qmNnFOQ], version [5]) to [{j3IBgn66SlKKSPHaEpK-yw}{lMe2hhj9SuOEtGQzygTPPQ}{local}{local[32]}]
[2016-09-18T10:46:23,442][DEBUG][org.elasticsearch.discovery.zen.publish] [] received version [5], uuid [lnP0jdlBTY6aMJ_qmNnFOQ]
[2016-09-18T10:46:23,442][DEBUG][org.elasticsearch.discovery.zen.publish] --> publishing [succeeded], verifying...
[2016-09-18T10:46:23,442][DEBUG][org.elasticsearch.discovery.zen.publish] --> publishing version [6], UUID [lAEy-ov_S7-RGKce50YvcQ]
[2016-09-18T10:46:23,443][DEBUG][org.elasticsearch.discovery.zen.publish] received full cluster state version [6] with size [213]
[2016-09-18T10:46:23,443][TRACE][org.elasticsearch.discovery.zen.publish] master node {j3IBgn66SlKKSPHaEpK-yw}{lMe2hhj9SuOEtGQzygTPPQ}{local}{local[32]} acked cluster state version [6]. processing ... (current pending [1], needed [1])
[2016-09-18T10:46:23,444][TRACE][org.elasticsearch.discovery.zen.publish] committing version [6]
[2016-09-18T10:46:23,444][TRACE][org.elasticsearch.discovery.zen.publish] sending commit for cluster state (uuid: [lAEy-ov_S7-RGKce50YvcQ], version [6]) to [{j3IBgn66SlKKSPHaEpK-yw}{lMe2hhj9SuOEtGQzygTPPQ}{local}{local[32]}]
[2016-09-18T10:46:23,445][DEBUG][org.elasticsearch.discovery.zen.publish] [] received version [6], uuid [lAEy-ov_S7-RGKce50YvcQ]
[2016-09-18T10:46:23,445][DEBUG][org.elasticsearch.discovery.zen.publish] --> publishing [succeeded], verifying...
[2016-09-18T10:46:23,445][DEBUG][org.elasticsearch.discovery.zen.publish] --> publishing version [7], UUID [St0ndQm6TjWna7NDxGpvjg]
[2016-09-18T10:46:23,446][DEBUG][org.elasticsearch.discovery.zen.publish] received full cluster state version [7] with size [212]
[2016-09-18T10:46:23,447][TRACE][org.elasticsearch.discovery.zen.publish] master node {j3IBgn66SlKKSPHaEpK-yw}{lMe2hhj9SuOEtGQzygTPPQ}{local}{local[32]} acked cluster state version [7]. processing ... (current pending [1], needed [1])
[2016-09-18T10:46:23,447][TRACE][org.elasticsearch.discovery.zen.publish] committing version [7]
[2016-09-18T10:46:23,448][TRACE][org.elasticsearch.discovery.zen.publish] sending commit for cluster state (uuid: [St0ndQm6TjWna7NDxGpvjg], version [7]) to [{j3IBgn66SlKKSPHaEpK-yw}{lMe2hhj9SuOEtGQzygTPPQ}{local}{local[32]}]
[2016-09-18T10:46:23,448][DEBUG][org.elasticsearch.discovery.zen.publish] [] received version [7], uuid [St0ndQm6TjWna7NDxGpvjg]
[2016-09-18T10:46:23,449][DEBUG][org.elasticsearch.discovery.zen.publish] --> publishing [succeeded], verifying...
[2016-09-18T10:46:23,449][DEBUG][org.elasticsearch.discovery.zen.publish] --> publishing version [8], UUID [1GeT0KGPQSuYcUrijqrN0g]
[2016-09-18T10:46:23,450][DEBUG][org.elasticsearch.discovery.zen.publish] received full cluster state version [8] with size [211]
[2016-09-18T10:46:23,450][TRACE][org.elasticsearch.discovery.zen.publish] master node {j3IBgn66SlKKSPHaEpK-yw}{lMe2hhj9SuOEtGQzygTPPQ}{local}{local[32]} acked cluster state version [8]. processing ... (current pending [1], needed [1])
[2016-09-18T10:46:23,450][TRACE][org.elasticsearch.discovery.zen.publish] committing version [8]
[2016-09-18T10:46:23,450][TRACE][org.elasticsearch.discovery.zen.publish] sending commit for cluster state (uuid: [1GeT0KGPQSuYcUrijqrN0g], version [8]) to [{j3IBgn66SlKKSPHaEpK-yw}{lMe2hhj9SuOEtGQzygTPPQ}{local}{local[32]}]
[2016-09-18T10:46:23,451][DEBUG][org.elasticsearch.discovery.zen.publish] [] received version [8], uuid [1GeT0KGPQSuYcUrijqrN0g]
[2016-09-18T10:46:23,451][DEBUG][org.elasticsearch.discovery.zen.publish] --> publishing [succeeded], verifying...
[2016-09-18T10:46:23,451][DEBUG][org.elasticsearch.discovery.zen.publish] --> publishing version [9], UUID [OMjcYWCiRICyT-HV1y0xNg]
[2016-09-18T10:46:23,452][DEBUG][org.elasticsearch.discovery.zen.publish] received full cluster state version [9] with size [213]
[2016-09-18T10:46:23,452][TRACE][org.elasticsearch.discovery.zen.publish] master node {j3IBgn66SlKKSPHaEpK-yw}{lMe2hhj9SuOEtGQzygTPPQ}{local}{local[32]} acked cluster state version [9]. processing ... (current pending [1], needed [1])
[2016-09-18T10:46:23,452][TRACE][org.elasticsearch.discovery.zen.publish] committing version [9]
[2016-09-18T10:46:23,452][TRACE][org.elasticsearch.discovery.zen.publish] sending commit for cluster state (uuid: [OMjcYWCiRICyT-HV1y0xNg], version [9]) to [{j3IBgn66SlKKSPHaEpK-yw}{lMe2hhj9SuOEtGQzygTPPQ}{local}{local[32]}]
[2016-09-18T10:46:23,453][DEBUG][org.elasticsearch.discovery.zen.publish] [] received version [9], uuid [OMjcYWCiRICyT-HV1y0xNg]
[2016-09-18T10:46:23,453][DEBUG][org.elasticsearch.discovery.zen.publish] --> publishing [succeeded], verifying...
[2016-09-18T10:46:23,453][DEBUG][org.elasticsearch.discovery.zen.publish] --> publishing version [10], UUID [S71BIs2iQv6z1Lhmia3sYw]
[2016-09-18T10:46:23,454][DEBUG][org.elasticsearch.discovery.zen.publish] received full cluster state version [10] with size [213]
[2016-09-18T10:46:23,454][TRACE][org.elasticsearch.discovery.zen.publish] master node {j3IBgn66SlKKSPHaEpK-yw}{lMe2hhj9SuOEtGQzygTPPQ}{local}{local[32]} acked cluster state version [10]. processing ... (current pending [1], needed [1])
[2016-09-18T10:46:23,454][TRACE][org.elasticsearch.discovery.zen.publish] committing version [10]
[2016-09-18T10:46:23,455][TRACE][org.elasticsearch.discovery.zen.publish] sending commit for cluster state (uuid: [S71BIs2iQv6z1Lhmia3sYw], version [10]) to [{j3IBgn66SlKKSPHaEpK-yw}{lMe2hhj9SuOEtGQzygTPPQ}{local}{local[32]}]
[2016-09-18T10:46:23,455][DEBUG][org.elasticsearch.discovery.zen.publish] [] received version [10], uuid [S71BIs2iQv6z1Lhmia3sYw]
[2016-09-18T10:46:23,455][DEBUG][org.elasticsearch.discovery.zen.publish] --> publishing [succeeded], verifying...
[2016-09-18T10:46:23,462][INFO ][org.elasticsearch.test.transport] publish_address {local[33]}, bound_addresses {local[33]}
[2016-09-18T10:46:23,467][INFO ][org.elasticsearch.test.transport] publish_address {local[34]}, bound_addresses {local[34]}
[2016-09-18T10:46:23,473][DEBUG][org.elasticsearch.discovery.zen.publish] received full cluster state version [1] with size [211]
[2016-09-18T10:46:23,483][TRACE][org.elasticsearch.discovery.zen.publish] master node {hJnSwUcFRYG_3jxXNRVGhQ}{Shs3XZEjRTKE-K4TCzAnoQ}{local}{local[34]} acked cluster state version [1]. processing ... (current pending [1], needed [1])
[2016-09-18T10:46:23,483][TRACE][org.elasticsearch.discovery.zen.publish] committing version [1]
[2016-09-18T10:46:23,483][TRACE][org.elasticsearch.discovery.zen.publish] sending commit for cluster state (uuid: [Z_up8wPwTO2KVtqoiG6_xw], version [1]) to [{hJnSwUcFRYG_3jxXNRVGhQ}{Shs3XZEjRTKE-K4TCzAnoQ}{local}{local[34]}]
[2016-09-18T10:46:23,489][DEBUG][org.elasticsearch.discovery.zen.publish] [] received version [1], uuid [Z_up8wPwTO2KVtqoiG6_xw]
[2016-09-18T10:46:23,499][DEBUG][org.elasticsearch.discovery.zen.publish] received diff cluster state version [2] with uuid [mnpSnLHCSQmHau7jhaJudQ], diff size [133]
[2016-09-18T10:46:23,500][TRACE][org.elasticsearch.discovery.zen.publish] sending commit for cluster state (uuid: [mnpSnLHCSQmHau7jhaJudQ], version [2]) to [{hJnSwUcFRYG_3jxXNRVGhQ}{Shs3XZEjRTKE-K4TCzAnoQ}{local}{local[34]}]
[2016-09-18T10:46:23,508][DEBUG][org.elasticsearch.discovery.zen.publish] [] received version [2], uuid [mnpSnLHCSQmHau7jhaJudQ]
[2016-09-18T10:46:23,511][DEBUG][org.elasticsearch.discovery.zen.publish] received diff cluster state version [3] with uuid [paGiMfPZTTaCYEbOIx1vfQ], diff size [91]
[2016-09-18T10:46:23,512][TRACE][org.elasticsearch.discovery.zen.publish] sending commit for cluster state (uuid: [paGiMfPZTTaCYEbOIx1vfQ], version [3]) to [{hJnSwUcFRYG_3jxXNRVGhQ}{Shs3XZEjRTKE-K4TCzAnoQ}{local}{local[34]}]
[2016-09-18T10:46:23,512][DEBUG][org.elasticsearch.discovery.zen.publish] [] received version [3], uuid [paGiMfPZTTaCYEbOIx1vfQ]
[2016-09-18T10:46:23,513][INFO ][org.elasticsearch.test.transport] publish_address {local[35]}, bound_addresses {local[35]}
[2016-09-18T10:46:23,521][DEBUG][org.elasticsearch.discovery.zen.publish] received diff cluster state version [4] with uuid [dg1ZmC4RQxyZqPYofeWTxg], diff size [262]
[2016-09-18T10:46:23,523][DEBUG][org.elasticsearch.discovery.zen.publish] received full cluster state version [4] with size [256]
[2016-09-18T10:46:23,524][TRACE][org.elasticsearch.discovery.zen.publish] sending commit for cluster state (uuid: [dg1ZmC4RQxyZqPYofeWTxg], version [4]) to [{hJnSwUcFRYG_3jxXNRVGhQ}{Shs3XZEjRTKE-K4TCzAnoQ}{local}{local[34]}]
[2016-09-18T10:46:23,524][DEBUG][org.elasticsearch.discovery.zen.publish] [] received version [4], uuid [dg1ZmC4RQxyZqPYofeWTxg]
[2016-09-18T10:46:23,524][TRACE][org.elasticsearch.discovery.zen.publish] sending commit for cluster state (uuid: [dg1ZmC4RQxyZqPYofeWTxg], version [4]) to [{QG5TrmtyTS6hq5dBi1qgnQ}{fawbS2C5TJKE4KixeKeQ2Q}{local}{local[35]}]
[2016-09-18T10:46:23,529][DEBUG][org.elasticsearch.discovery.zen.publish] [] received version [4], uuid [dg1ZmC4RQxyZqPYofeWTxg]
[2016-09-18T10:46:23,532][DEBUG][org.elasticsearch.discovery.zen.publish] received diff cluster state version [5] with uuid [G4PBfqe0TrOQ6ImSB3zIWA], diff size [101]
[2016-09-18T10:46:23,532][TRACE][org.elasticsearch.discovery.zen.publish] master node {hJnSwUcFRYG_3jxXNRVGhQ}{Shs3XZEjRTKE-K4TCzAnoQ}{local}{local[34]} acked cluster state version [5]. processing ... (current pending [2], needed [1])
[2016-09-18T10:46:23,532][TRACE][org.elasticsearch.discovery.zen.publish] committing version [5]
[2016-09-18T10:46:23,532][TRACE][org.elasticsearch.discovery.zen.publish] sending commit for cluster state (uuid: [G4PBfqe0TrOQ6ImSB3zIWA], version [5]) to [{hJnSwUcFRYG_3jxXNRVGhQ}{Shs3XZEjRTKE-K4TCzAnoQ}{local}{local[34]}]
[2016-09-18T10:46:23,533][DEBUG][org.elasticsearch.discovery.zen.publish] [] received version [5], uuid [G4PBfqe0TrOQ6ImSB3zIWA]
[2016-09-18T10:46:23,540][DEBUG][org.elasticsearch.discovery.zen.publish] received diff cluster state version [5] with uuid [G4PBfqe0TrOQ6ImSB3zIWA], diff size [101]
[2016-09-18T10:46:23,540][TRACE][org.elasticsearch.discovery.zen.publish] sending commit for cluster state (uuid: [G4PBfqe0TrOQ6ImSB3zIWA], version [5]) to [{QG5TrmtyTS6hq5dBi1qgnQ}{fawbS2C5TJKE4KixeKeQ2Q}{local}{local[35]}]
[2016-09-18T10:46:23,567][DEBUG][org.elasticsearch.discovery.zen.publish] [] received version [5], uuid [G4PBfqe0TrOQ6ImSB3zIWA]
[2016-09-18T10:46:23,570][DEBUG][org.elasticsearch.discovery.zen.publish] resending full cluster state to node {QG5TrmtyTS6hq5dBi1qgnQ}{fawbS2C5TJKE4KixeKeQ2Q}{local}{local[35]} reason RemoteTransportException[[][local[33]][internal:discovery/zen/publish/send]]; nested: IncompatibleClusterStateVersionException[Expected diff for version 5 with uuid G4PBfqe0TrOQ6ImSB3zIWA got version 6 and uuid CY1EAK4VQMWqcJNv81liRQ];; org.elasticsearch.cluster.IncompatibleClusterStateVersionException: Expected diff for version 5 with uuid G4PBfqe0TrOQ6ImSB3zIWA got version 6 and uuid CY1EAK4VQMWqcJNv81liRQ
[2016-09-18T10:46:23,573][DEBUG][org.elasticsearch.discovery.zen.publish] resending full cluster state to node {hJnSwUcFRYG_3jxXNRVGhQ}{Shs3XZEjRTKE-K4TCzAnoQ}{local}{local[34]} reason RemoteTransportException[[][local[33]][internal:discovery/zen/publish/send]]; nested: IncompatibleClusterStateVersionException[Expected diff for version 5 with uuid G4PBfqe0TrOQ6ImSB3zIWA got version 6 and uuid CY1EAK4VQMWqcJNv81liRQ];; org.elasticsearch.cluster.IncompatibleClusterStateVersionException: Expected diff for version 5 with uuid G4PBfqe0TrOQ6ImSB3zIWA got version 6 and uuid CY1EAK4VQMWqcJNv81liRQ
[2016-09-18T10:46:23,574][DEBUG][org.elasticsearch.discovery.zen.publish] received full cluster state version [6] with size [263]
[2016-09-18T10:46:23,576][DEBUG][org.elasticsearch.discovery.zen.publish] received full cluster state version [6] with size [263]
[2016-09-18T10:46:23,577][TRACE][org.elasticsearch.discovery.zen.publish] sending commit for cluster state (uuid: [35reiK09Qeu7JO1Lk4etKQ], version [6]) to [{hJnSwUcFRYG_3jxXNRVGhQ}{Shs3XZEjRTKE-K4TCzAnoQ}{local}{local[34]}]
[2016-09-18T10:46:23,578][TRACE][org.elasticsearch.discovery.zen.publish] sending commit for cluster state (uuid: [35reiK09Qeu7JO1Lk4etKQ], version [6]) to [{QG5TrmtyTS6hq5dBi1qgnQ}{fawbS2C5TJKE4KixeKeQ2Q}{local}{local[35]}]
[2016-09-18T10:46:23,579][DEBUG][org.elasticsearch.discovery.zen.publish] [] received version [6], uuid [35reiK09Qeu7JO1Lk4etKQ]
[2016-09-18T10:46:23,579][DEBUG][org.elasticsearch.discovery.zen.publish] [] received version [6], uuid [35reiK09Qeu7JO1Lk4etKQ]
[2016-09-18T10:46:23,582][DEBUG][org.elasticsearch.discovery.zen.publish] received diff for but don't have any local cluster state - requesting full state
[2016-09-18T10:46:23,585][DEBUG][org.elasticsearch.discovery.zen.publish] resending full cluster state to node {QG5TrmtyTS6hq5dBi1qgnQ}{fawbS2C5TJKE4KixeKeQ2Q}{local}{local[35]} reason RemoteTransportException[[][local[34]][internal:discovery/zen/publish/send]]; nested: IncompatibleClusterStateVersionException[Expected diff for version 6 with uuid 35reiK09Qeu7JO1Lk4etKQ got version 7 and uuid 9BXQrLT3SHyoK_ke5vA1FQ];; org.elasticsearch.cluster.IncompatibleClusterStateVersionException: Expected diff for version 6 with uuid 35reiK09Qeu7JO1Lk4etKQ got version 7 and uuid 9BXQrLT3SHyoK_ke5vA1FQ
[2016-09-18T10:46:23,587][DEBUG][org.elasticsearch.discovery.zen.publish] resending full cluster state to node {9E4trVeIRiSTJ4o4qQc0aQ}{Qb_onXpZQviut1uVjtNjiA}{local}{local[33]} reason RemoteTransportException[[][local[34]][internal:discovery/zen/publish/send]]; nested: IncompatibleClusterStateVersionException[have no local cluster state];; org.elasticsearch.cluster.IncompatibleClusterStateVersionException: have no local cluster state
[2016-09-18T10:46:23,589][DEBUG][org.elasticsearch.discovery.zen.publish] received full cluster state version [7] with size [266]
[2016-09-18T10:46:23,589][DEBUG][org.elasticsearch.discovery.zen.publish] received full cluster state version [7] with size [266]
[2016-09-18T10:46:23,590][TRACE][org.elasticsearch.discovery.zen.publish] sending commit for cluster state (uuid: [MkfBjXmrSb-AAp5zb8QKIg], version [7]) to [{QG5TrmtyTS6hq5dBi1qgnQ}{fawbS2C5TJKE4KixeKeQ2Q}{local}{local[35]}]
[2016-09-18T10:46:23,590][TRACE][org.elasticsearch.discovery.zen.publish] sending commit for cluster state (uuid: [MkfBjXmrSb-AAp5zb8QKIg], version [7]) to [{9E4trVeIRiSTJ4o4qQc0aQ}{Qb_onXpZQviut1uVjtNjiA}{local}{local[33]}]
[2016-09-18T10:46:23,590][DEBUG][org.elasticsearch.discovery.zen.publish] [] received version [7], uuid [MkfBjXmrSb-AAp5zb8QKIg]
[2016-09-18T10:46:23,590][DEBUG][org.elasticsearch.discovery.zen.publish] [] received version [7], uuid [MkfBjXmrSb-AAp5zb8QKIg]
]]></system-out>
   <system-err><![CDATA[]]></system-err>
</testsuite>