<testsuite errors="0" failures="0" tests="64" skipped="0" name="org.elasticsearch.index.mapper.DocumentParserTests" hostname="nohost.nodomain" time="7.571" timestamp="2016-09-15T12:40:28">
   <properties class="java.util.ArrayList">
      <property name="awt.toolkit" value="sun.awt.windows.WToolkit"/>
      <property name="file.encoding" value="Cp1252"/>
      <property name="file.encoding.pkg" value="sun.io"/>
      <property name="file.separator" value="\"/>
      <property name="java.awt.graphicsenv" value="sun.awt.Win32GraphicsEnvironment"/>
      <property name="java.awt.headless" value="true"/>
      <property name="java.awt.printerjob" value="sun.awt.windows.WPrinterJob"/>
      <property name="java.class.path" value="C:\projects\team3\core\build\classes\test;C:\projects\team3\core\build\resources\test;C:\projects\team3\core\build\classes\main;C:\projects\team3\core\build\resources\main;C:\Users\domin\.gradle\caches\modules-2\files-2.1\org.apache.lucene\lucene-core\6.2.0\849ee62525a294416802be2cacc66c80352f6f13\lucene-core-6.2.0.jar;C:\Users\domin\.gradle\caches\modules-2\files-2.1\org.apache.lucene\lucene-analyzers-common\6.2.0\d254d52dd394b5079129f3d5f3bf4f2d44a5936e\lucene-analyzers-common-6.2.0.jar;C:\Users\domin\.gradle\caches\modules-2\files-2.1\org.apache.lucene\lucene-backward-codecs\6.2.0\b625bb21456b3c0d1e5e431bced125cb060c1abd\lucene-backward-codecs-6.2.0.jar;C:\Users\domin\.gradle\caches\modules-2\files-2.1\org.apache.lucene\lucene-grouping\6.2.0\9527fedfd5acc624b2bb3f862bd99fb8f470b053\lucene-grouping-6.2.0.jar;C:\Users\domin\.gradle\caches\modules-2\files-2.1\org.apache.lucene\lucene-highlighter\6.2.0\7ca342372a3f45e32bbd21cecaa757e38eccb8a5\lucene-highlighter-6.2.0.jar;C:\Users\domin\.gradle\caches\modules-2\files-2.1\org.apache.lucene\lucene-join\6.2.0\da0b8de98511abd4fe9c7d48a353d17854c5ed46\lucene-join-6.2.0.jar;C:\Users\domin\.gradle\caches\modules-2\files-2.1\org.apache.lucene\lucene-memory\6.2.0\bc9e075b1ee051c8e5246c237c38d8e71dab8a66\lucene-memory-6.2.0.jar;C:\Users\domin\.gradle\caches\modules-2\files-2.1\org.apache.lucene\lucene-misc\6.2.0\94ddde6312566a4da4a50a88e453b6c82c759b41\lucene-misc-6.2.0.jar;C:\Users\domin\.gradle\caches\modules-2\files-2.1\org.apache.lucene\lucene-queries\6.2.0\dce47238f78e3e97d91dc6fefa9f46f07866bc2b\lucene-queries-6.2.0.jar;C:\Users\domin\.gradle\caches\modules-2\files-2.1\org.apache.lucene\lucene-queryparser\6.2.0\17ef728ac15e668bfa1105321611548424637645\lucene-queryparser-6.2.0.jar;C:\Users\domin\.gradle\caches\modules-2\files-2.1\org.apache.lucene\lucene-sandbox\6.2.0\520183f7b9aba77a26e224760c420a3844b0631a\lucene-sandbox-6.2.0.jar;C:\Users\domin\.gradle\caches\modules-2\files-2.1\org.apache.lucene\lucene-spatial\6.2.0\8dba929b66927b936fbc76103b109ad6c824daee\lucene-spatial-6.2.0.jar;C:\Users\domin\.gradle\caches\modules-2\files-2.1\org.apache.lucene\lucene-spatial-extras\6.2.0\3b5a6ef5cd90c0218a72e9e2f7e60104be2447da\lucene-spatial-extras-6.2.0.jar;C:\Users\domin\.gradle\caches\modules-2\files-2.1\org.apache.lucene\lucene-spatial3d\6.2.0\fcdb0567725722c5145149d1502848b6a96ec18d\lucene-spatial3d-6.2.0.jar;C:\Users\domin\.gradle\caches\modules-2\files-2.1\org.apache.lucene\lucene-suggest\6.2.0\3d9d526c51f483d27f425c75d7e56bc0849242d6\lucene-suggest-6.2.0.jar;C:\Users\domin\.gradle\caches\modules-2\files-2.1\org.elasticsearch\securesm\1.1\1e423447d020041534be94c0f31a49fbdc1f2950\securesm-1.1.jar;C:\Users\domin\.gradle\caches\modules-2\files-2.1\net.sf.jopt-simple\jopt-simple\5.0.2\98cafc6081d5632b61be2c9e60650b64ddbc637c\jopt-simple-5.0.2.jar;C:\Users\domin\.gradle\caches\modules-2\files-2.1\com.carrotsearch\hppc\0.7.1\8b5057f74ea378c0150a1860874a3ebdcb713767\hppc-0.7.1.jar;C:\Users\domin\.gradle\caches\modules-2\files-2.1\joda-time\joda-time\2.9.4\1c295b462f16702ebe720bbb08f62e1ba80da41b\joda-time-2.9.4.jar;C:\Users\domin\.gradle\caches\modules-2\files-2.1\org.joda\joda-convert\1.2\35ec554f0cd00c956cc69051514d9488b1374dec\joda-convert-1.2.jar;C:\Users\domin\.gradle\caches\modules-2\files-2.1\org.yaml\snakeyaml\1.15\3b132bea69e8ee099f416044970997bde80f4ea6\snakeyaml-1.15.jar;C:\Users\domin\.gradle\caches\modules-2\files-2.1\com.fasterxml.jackson.core\jackson-core\2.8.1\fd13b1c033741d48291315c6370f7d475a42dccf\jackson-core-2.8.1.jar;C:\Users\domin\.gradle\caches\modules-2\files-2.1\com.fasterxml.jackson.dataformat\jackson-dataformat-smile\2.8.1\5b73867bc12224946fc67fc8d49d9f5e698d7f\jackson-dataformat-smile-2.8.1.jar;C:\Users\domin\.gradle\caches\modules-2\files-2.1\com.fasterxml.jackson.dataformat\jackson-dataformat-yaml\2.8.1\eb63166c723b0b4b9fb5298fca232a2f6612ec34\jackson-dataformat-yaml-2.8.1.jar;C:\Users\domin\.gradle\caches\modules-2\files-2.1\com.fasterxml.jackson.dataformat\jackson-dataformat-cbor\2.8.1\3a6fb7e75c9972559a78cf5cfc5a48a41a13ea40\jackson-dataformat-cbor-2.8.1.jar;C:\Users\domin\.gradle\caches\modules-2\files-2.1\com.tdunning\t-digest\3.0\84ccf145ac2215e6bfa63baa3101c0af41017cfc\t-digest-3.0.jar;C:\Users\domin\.gradle\caches\modules-2\files-2.1\org.hdrhistogram\HdrHistogram\2.1.6\7495feb7f71ee124bd2a7e7d83590e296d71d80e\HdrHistogram-2.1.6.jar;C:\Users\domin\.gradle\caches\modules-2\files-2.1\org.locationtech.spatial4j\spatial4j\0.6\21b15310bddcfd8c72611c180f20cf23279809a3\spatial4j-0.6.jar;C:\Users\domin\.gradle\caches\modules-2\files-2.1\com.vividsolutions\jts\1.13\3ccfb9b60f04d71add996a666ceb8902904fd805\jts-1.13.jar;C:\Users\domin\.gradle\caches\modules-2\files-2.1\org.apache.logging.log4j\log4j-api\2.6.2\bd1b74a5d170686362091c7cf596bbc3adf5c09b\log4j-api-2.6.2.jar;C:\Users\domin\.gradle\caches\modules-2\files-2.1\org.apache.logging.log4j\log4j-core\2.6.2\a91369f655eb1639c6aece5c5eb5108db18306\log4j-core-2.6.2.jar;C:\Users\domin\.gradle\caches\modules-2\files-2.1\org.apache.logging.log4j\log4j-1.2-api\2.6.2\3b4c5a8b734b6a29b2f03380535a48da6284b210\log4j-1.2-api-2.6.2.jar;C:\Users\domin\.gradle\caches\modules-2\files-2.1\net.java.dev.jna\jna\4.2.2\5012450aee579c3118ff09461d5ce210e0cdc2a9\jna-4.2.2.jar;C:\projects\team3\test\framework\build\distributions\framework-5.0.0-alpha6-SNAPSHOT.jar;C:\Users\domin\.gradle\caches\modules-2\files-2.1\com.carrotsearch.randomizedtesting\randomizedtesting-runner\2.3.2\307965917fe8a22b7ee72deba39ef4b8e6ebc069\randomizedtesting-runner-2.3.2.jar;C:\Users\domin\.gradle\caches\modules-2\files-2.1\junit\junit\4.11\4e031bb61df09069aeb2bffb4019e7a5034a4ee0\junit-4.11.jar;C:\Users\domin\.gradle\caches\modules-2\files-2.1\org.hamcrest\hamcrest-all\1.3\63a21ebc981131004ad02e0434e799fd7f3a8d5a\hamcrest-all-1.3.jar;C:\Users\domin\.gradle\caches\modules-2\files-2.1\org.apache.lucene\lucene-test-framework\6.2.0\f5026be3983acfb40d4092dbfbc015ec6e6addab\lucene-test-framework-6.2.0.jar;C:\Users\domin\.gradle\caches\modules-2\files-2.1\org.apache.lucene\lucene-codecs\6.2.0\99f887266b0ad9f2c286b3976c5bc48c8cd36624\lucene-codecs-6.2.0.jar;C:\projects\team3\client\rest\build\distributions\rest-5.0.0-alpha6-SNAPSHOT.jar;C:\Users\domin\.gradle\caches\modules-2\files-2.1\org.apache.httpcomponents\httpclient\4.5.2\733db77aa8d9b2d68015189df76ab06304406e50\httpclient-4.5.2.jar;C:\Users\domin\.gradle\caches\modules-2\files-2.1\org.apache.httpcomponents\httpcore\4.4.5\e7501a1b34325abb00d17dde96150604a0658b54\httpcore-4.4.5.jar;C:\Users\domin\.gradle\caches\modules-2\files-2.1\commons-logging\commons-logging\1.1.3\f6f66e966c70a83ffbdb6f17a0919eaf7c8aca7f\commons-logging-1.1.3.jar;C:\Users\domin\.gradle\caches\modules-2\files-2.1\commons-codec\commons-codec\1.10\4b95f4897fa13f2cd904aee711aeafc0c5295cd8\commons-codec-1.10.jar;C:\Users\domin\.gradle\caches\modules-2\files-2.1\org.elasticsearch\securemock\1.2\98201d4ad5ac93f6b415ae9172d52b5e7cda490e\securemock-1.2.jar;C:\Users\domin\.gradle\caches\modules-2\files-2.1\org.apache.httpcomponents\httpasyncclient\4.1.2\95aa3e6fb520191a0970a73cf09f62948ee614be\httpasyncclient-4.1.2.jar;C:\Users\domin\.gradle\caches\modules-2\files-2.1\org.apache.httpcomponents\httpcore-nio\4.4.5\f4be009e7505f6ceddf21e7960c759f413f15056\httpcore-nio-4.4.5.jar;C:\Users\domin\.gradle\caches\modules-2\files-2.1\com.carrotsearch.randomizedtesting\junit4-ant\2.3.2\dc8f03f6111974092491f35b8269eb0fc57f52f7\junit4-ant-2.3.2.jar"/>
      <property name="java.class.version" value="52.0"/>
      <property name="java.endorsed.dirs" value="C:\Program Files\Java\jdk1.8.0_65\jre\lib\endorsed"/>
      <property name="java.ext.dirs" value="C:\Program Files\Java\jdk1.8.0_65\jre\lib\ext;C:\WINDOWS\Sun\Java\lib\ext"/>
      <property name="java.home" value="C:\Program Files\Java\jdk1.8.0_65\jre"/>
      <property name="java.io.tmpdir" value="./temp"/>
      <property name="java.library.path" value="C:\Program Files\Java\jdk1.8.0_65\bin;C:\WINDOWS\Sun\Java\bin;C:\WINDOWS\system32;C:\WINDOWS;C:\Ruby22-x64\bin;C:\Imagick;C:\ProgramData\Oracle\Java\javapath;C:\Program Files (x86)\Intel\iCLS Client\;C:\Program Files\Intel\iCLS Client\;C:\Windows\system32;C:\Windows;C:\Windows\System32\Wbem;C:\Windows\System32\WindowsPowerShell\v1.0\;C:\Program Files (x86)\Intel\Intel(R) Management Engine Components\DAL;C:\Program Files\Intel\Intel(R) Management Engine Components\DAL;C:\Program Files (x86)\Intel\Intel(R) Management Engine Components\IPT;C:\Program Files\Intel\Intel(R) Management Engine Components\IPT;C:\Program Files (x86)\NVIDIA Corporation\PhysX\Common;C:\Program Files (x86)\Skype\Phone\;C:\xampp\php;C:\ProgramData\ComposerSetup\bin;C:\Program Files\Git\cmd;C:\Program Files\OpenVPN\bin;C:\Program Files\nodejs\;C:\WINDOWS\system32;C:\WINDOWS;C:\WINDOWS\System32\Wbem;C:\WINDOWS\System32\WindowsPowerShell\v1.0\;C:\Program Files\cURL\bin;C:\Program Files\gradle\2.13\bin;C:\Program Files\CMake\bin;C:\Program Files\flex_bison;C:\Program Files\doxygen\bin;C:\SonarQube\SonarQubeScanner\bin;C:\Users\domin\AppData\Local\Programs\Python\Python35-32\Scripts\;C:\Users\domin\AppData\Local\Programs\Python\Python35-32\;C:\Users\domin\AppData\Roaming\npm;C:\Users\domin\AppData\Local\Microsoft\WindowsApps;;."/>
      <property name="java.runtime.name" value="Java(TM) SE Runtime Environment"/>
      <property name="java.runtime.version" value="1.8.0_65-b17"/>
      <property name="java.specification.name" value="Java Platform API Specification"/>
      <property name="java.specification.vendor" value="Oracle Corporation"/>
      <property name="java.specification.version" value="1.8"/>
      <property name="java.vendor" value="Oracle Corporation"/>
      <property name="java.vendor.url" value="http://java.oracle.com/"/>
      <property name="java.vendor.url.bug" value="http://bugreport.sun.com/bugreport/"/>
      <property name="java.version" value="1.8.0_65"/>
      <property name="java.vm.info" value="mixed mode"/>
      <property name="java.vm.name" value="Java HotSpot(TM) 64-Bit Server VM"/>
      <property name="java.vm.specification.name" value="Java Virtual Machine Specification"/>
      <property name="java.vm.specification.vendor" value="Oracle Corporation"/>
      <property name="java.vm.specification.version" value="1.8"/>
      <property name="java.vm.vendor" value="Oracle Corporation"/>
      <property name="java.vm.version" value="25.65-b01"/>
      <property name="jna.nosys" value="true"/>
      <property name="junit4.childvm.count" value="3"/>
      <property name="junit4.childvm.cwd" value="C:\projects\team3\core\build\testrun\test\J0"/>
      <property name="junit4.childvm.id" value="0"/>
      <property name="junit4.memory.total" value="514850816"/>
      <property name="junit4.pidString" value="15428@LAPTOP-LKSM26S6"/>
      <property name="junit4.processors" value="4"/>
      <property name="line.separator" value="
"/>
      <property name="os.arch" value="amd64"/>
      <property name="os.name" value="Windows 10"/>
      <property name="os.version" value="10.0"/>
      <property name="path.separator" value=";"/>
      <property name="sun.arch.data.model" value="64"/>
      <property name="sun.boot.class.path" value="C:\Program Files\Java\jdk1.8.0_65\jre\lib\resources.jar;C:\Program Files\Java\jdk1.8.0_65\jre\lib\rt.jar;C:\Program Files\Java\jdk1.8.0_65\jre\lib\sunrsasign.jar;C:\Program Files\Java\jdk1.8.0_65\jre\lib\jsse.jar;C:\Program Files\Java\jdk1.8.0_65\jre\lib\jce.jar;C:\Program Files\Java\jdk1.8.0_65\jre\lib\charsets.jar;C:\Program Files\Java\jdk1.8.0_65\jre\lib\jfr.jar;C:\Program Files\Java\jdk1.8.0_65\jre\classes"/>
      <property name="sun.boot.library.path" value="C:\Program Files\Java\jdk1.8.0_65\jre\bin"/>
      <property name="sun.cpu.endian" value="little"/>
      <property name="sun.cpu.isalist" value="amd64"/>
      <property name="sun.desktop" value="windows"/>
      <property name="sun.io.unicode.encoding" value="UnicodeLittle"/>
      <property name="sun.java.command" value="com.carrotsearch.ant.tasks.junit4.slave.SlaveMainSafe -eventsfile C:\projects\team3\core\build\testrun\test\temp\junit4-J0-20160915_123537_460.events @C:\projects\team3\core\build\testrun\test\temp\junit4-J0-20160915_123537_460.suites -stdin"/>
      <property name="sun.java.launcher" value="SUN_STANDARD"/>
      <property name="sun.jnu.encoding" value="Cp1252"/>
      <property name="sun.management.compiler" value="HotSpot 64-Bit Tiered Compilers"/>
      <property name="sun.os.patch.level" value=""/>
      <property name="tests.artifact" value="core"/>
      <property name="tests.gradle" value="true"/>
      <property name="tests.ifNoTests" value="fail"/>
      <property name="tests.logger.level" value="WARN"/>
      <property name="tests.prefix" value="tests"/>
      <property name="tests.security.manager" value="true"/>
      <property name="tests.seed" value="9CF13790D965C5A7"/>
      <property name="tests.task" value=":core:test"/>
      <property name="user.country" value="AT"/>
      <property name="user.dir" value="C:\projects\team3\core\build\testrun\test\J0"/>
      <property name="user.home" value="C:\Users\domin"/>
      <property name="user.language" value="de"/>
      <property name="user.name" value="domin"/>
      <property name="user.script" value=""/>
      <property name="user.timezone" value=""/>
      <property name="user.variant" value=""/>
   </properties>
   <testcase classname="org.elasticsearch.index.mapper.DocumentParserTests" name="testPropagateDynamicWithExistingMapper" time="0.387"/>
   <testcase classname="org.elasticsearch.index.mapper.DocumentParserTests" name="testNoLevelWithFieldTypeAsValueNotFirst" time="0.096"/>
   <testcase classname="org.elasticsearch.index.mapper.DocumentParserTests" name="testDocumentContainsMetadataField" time="0.118"/>
   <testcase classname="org.elasticsearch.index.mapper.DocumentParserTests" name="testDeepSubfieldAfterSubfieldMappingUpdate" time="0.119"/>
   <testcase classname="org.elasticsearch.index.mapper.DocumentParserTests" name="testTypeDisabled" time="0.12"/>
   <testcase classname="org.elasticsearch.index.mapper.DocumentParserTests" name="testDynamicDottedFieldNameLongWithExistingParentWrongType" time="0.109"/>
   <testcase classname="org.elasticsearch.index.mapper.DocumentParserTests" name="testDynamicDottedFieldNameObjectWithExistingParentWrongType" time="0.083"/>
   <testcase classname="org.elasticsearch.index.mapper.DocumentParserTests" name="testDynamicGeoPointArrayWithTemplate" time="0.073"/>
   <testcase classname="org.elasticsearch.index.mapper.DocumentParserTests" name="testNoLevelWithFieldTypeAsObjectNotFirst" time="0.135"/>
   <testcase classname="org.elasticsearch.index.mapper.DocumentParserTests" name="testSingleMappingUpdate" time="0.09"/>
   <testcase classname="org.elasticsearch.index.mapper.DocumentParserTests" name="testSimpleParser" time="0.135"/>
   <testcase classname="org.elasticsearch.index.mapper.DocumentParserTests" name="testDynamicDottedFieldNameObject" time="0.096"/>
   <testcase classname="org.elasticsearch.index.mapper.DocumentParserTests" name="testSimpleMapper" time="0.121"/>
   <testcase classname="org.elasticsearch.index.mapper.DocumentParserTests" name="testTypeLevelWithFieldTypeAsValue" time="0.094"/>
   <testcase classname="org.elasticsearch.index.mapper.DocumentParserTests" name="testDynamicFalseDottedFieldNameLong" time="0.129"/>
   <testcase classname="org.elasticsearch.index.mapper.DocumentParserTests" name="testTypeLevelWithFieldTypeAsValueNotFirst" time="0.127"/>
   <testcase classname="org.elasticsearch.index.mapper.DocumentParserTests" name="testDynamicFalseDottedFieldNameLongArray" time="0.119"/>
   <testcase classname="org.elasticsearch.index.mapper.DocumentParserTests" name="testDynamicFalseObject" time="0.113"/>
   <testcase classname="org.elasticsearch.index.mapper.DocumentParserTests" name="testObjectMappingUpdate" time="0.097"/>
   <testcase classname="org.elasticsearch.index.mapper.DocumentParserTests" name="testDynamicDottedFieldNameLongWithParentTemplate" time="0.094"/>
   <testcase classname="org.elasticsearch.index.mapper.DocumentParserTests" name="testDynamicLongArray" time="0.091"/>
   <testcase classname="org.elasticsearch.index.mapper.DocumentParserTests" name="testDynamicDottedFieldNameLongWithExistingParent" time="0.097"/>
   <testcase classname="org.elasticsearch.index.mapper.DocumentParserTests" name="testDynamicDottedFieldNameLongArrayWithParentTemplate" time="0.101"/>
   <testcase classname="org.elasticsearch.index.mapper.DocumentParserTests" name="testDynamicDottedFieldNameObjectWithParentTemplate" time="0.104"/>
   <testcase classname="org.elasticsearch.index.mapper.DocumentParserTests" name="testMappedLongArray" time="0.147"/>
   <testcase classname="org.elasticsearch.index.mapper.DocumentParserTests" name="testPropagateDynamicWithDynamicMapper" time="0.123"/>
   <testcase classname="org.elasticsearch.index.mapper.DocumentParserTests" name="testDynamicDottedFieldNameObjectWithExistingParent" time="0.124"/>
   <testcase classname="org.elasticsearch.index.mapper.DocumentParserTests" name="testParseToJsonAndParse" time="0.157"/>
   <testcase classname="org.elasticsearch.index.mapper.DocumentParserTests" name="testMappedNullValue" time="0.136"/>
   <testcase classname="org.elasticsearch.index.mapper.DocumentParserTests" name="testDynamicFalseLongArray" time="0.107"/>
   <testcase classname="org.elasticsearch.index.mapper.DocumentParserTests" name="testDynamicStrictValue" time="0.111"/>
   <testcase classname="org.elasticsearch.index.mapper.DocumentParserTests" name="testNoLevelWithFieldTypeAsObject" time="0.106"/>
   <testcase classname="org.elasticsearch.index.mapper.DocumentParserTests" name="testDynamicObjectWithTemplate" time="0.131"/>
   <testcase classname="org.elasticsearch.index.mapper.DocumentParserTests" name="testIncludeInAllPropagation" time="0.11"/>
   <testcase classname="org.elasticsearch.index.mapper.DocumentParserTests" name="testTypeLevel" time="0.128"/>
   <testcase classname="org.elasticsearch.index.mapper.DocumentParserTests" name="testDynamicFalseNull" time="0.096"/>
   <testcase classname="org.elasticsearch.index.mapper.DocumentParserTests" name="testDynamicStrictDottedFieldNameLongArray" time="0.128"/>
   <testcase classname="org.elasticsearch.index.mapper.DocumentParserTests" name="testNoLevel" time="0.084"/>
   <testcase classname="org.elasticsearch.index.mapper.DocumentParserTests" name="testTypeLevelWithFieldTypeAsObjectNotFirst" time="0.086"/>
   <testcase classname="org.elasticsearch.index.mapper.DocumentParserTests" name="testNoLevelWithFieldTypeAsValue" time="0.103"/>
   <testcase classname="org.elasticsearch.index.mapper.DocumentParserTests" name="testDynamicDottedFieldNameLongArrayWithExistingParent" time="0.1"/>
   <testcase classname="org.elasticsearch.index.mapper.DocumentParserTests" name="testDeepSubfieldMappingUpdate" time="0.099"/>
   <testcase classname="org.elasticsearch.index.mapper.DocumentParserTests" name="testFieldDisabled" time="0.187"/>
   <testcase classname="org.elasticsearch.index.mapper.DocumentParserTests" name="testDynamicFalseValue" time="0.129"/>
   <testcase classname="org.elasticsearch.index.mapper.DocumentParserTests" name="testDynamicDottedFieldNameLongArray" time="0.104"/>
   <testcase classname="org.elasticsearch.index.mapper.DocumentParserTests" name="testTypeLevelWithFieldTypeAsObject" time="0.118"/>
   <testcase classname="org.elasticsearch.index.mapper.DocumentParserTests" name="testMultipleSubfieldMappingUpdate" time="0.089"/>
   <testcase classname="org.elasticsearch.index.mapper.DocumentParserTests" name="testEmptyMappingUpdate" time="0.132"/>
   <testcase classname="org.elasticsearch.index.mapper.DocumentParserTests" name="testDynamicStrictObject" time="0.116"/>
   <testcase classname="org.elasticsearch.index.mapper.DocumentParserTests" name="testDynamicStrictLongArray" time="0.117"/>
   <testcase classname="org.elasticsearch.index.mapper.DocumentParserTests" name="testSimpleParserNoTypeNoId" time="0.125"/>
   <testcase classname="org.elasticsearch.index.mapper.DocumentParserTests" name="testSubfieldMappingUpdate" time="0.096"/>
   <testcase classname="org.elasticsearch.index.mapper.DocumentParserTests" name="testDynamicDottedFieldNameLong" time="0.132"/>
   <testcase classname="org.elasticsearch.index.mapper.DocumentParserTests" name="testAttributes" time="0.091"/>
   <testcase classname="org.elasticsearch.index.mapper.DocumentParserTests" name="testDotsWithExistingMapper" time="0.086"/>
   <testcase classname="org.elasticsearch.index.mapper.DocumentParserTests" name="testDynamicLongArrayWithTemplate" time="0.112"/>
   <testcase classname="org.elasticsearch.index.mapper.DocumentParserTests" name="testDynamicRootFallback" time="0.128"/>
   <testcase classname="org.elasticsearch.index.mapper.DocumentParserTests" name="testDynamicStrictNull" time="0.1"/>
   <testcase classname="org.elasticsearch.index.mapper.DocumentParserTests" name="testMappedGeoPointArray" time="0.107"/>
   <testcase classname="org.elasticsearch.index.mapper.DocumentParserTests" name="testDynamicStrictDottedFieldNameLong" time="0.106"/>
   <testcase classname="org.elasticsearch.index.mapper.DocumentParserTests" name="testDynamicFalseDottedFieldNameObject" time="0.135"/>
   <testcase classname="org.elasticsearch.index.mapper.DocumentParserTests" name="testNoDocumentSent" time="0.159"/>
   <testcase classname="org.elasticsearch.index.mapper.DocumentParserTests" name="testDynamicStrictDottedFieldNameObject" time="0.12"/>
   <testcase classname="org.elasticsearch.index.mapper.DocumentParserTests" name="testDynamicDottedFieldNameLongArrayWithExistingParentWrongType" time="0.116"/>
   <system-out><![CDATA[[2016-09-15T13:40:28,962][INFO ][org.elasticsearch.node   ] [node_s_0] initializing ...
[2016-09-15T13:40:28,985][INFO ][org.elasticsearch.env    ] [node_s_0] using [1] data paths, mounts [[Acer (C:)]], net usable_space [789.1gb], net total_space [930.9gb], spins? [unknown], types [NTFS]
[2016-09-15T13:40:28,985][INFO ][org.elasticsearch.env    ] [node_s_0] heap size [491mb], compressed ordinary object pointers [true]
[2016-09-15T13:40:28,988][INFO ][org.elasticsearch.node   ] [node_s_0] version[5.0.0-alpha6-SNAPSHOT], pid[15428], build[Unknown/Unknown], OS[Windows 10/10.0/amd64], JVM[Oracle Corporation/Java HotSpot(TM) 64-Bit Server VM/1.8.0_65/25.65-b01]
[2016-09-15T13:40:28,992][INFO ][org.elasticsearch.plugins] [node_s_0] no modules loaded
[2016-09-15T13:40:28,992][INFO ][org.elasticsearch.plugins] [node_s_0] loaded plugin [org.elasticsearch.test.InternalSettingsPlugin]
[2016-09-15T13:40:29,154][INFO ][org.elasticsearch.node   ] [node_s_0] initialized
[2016-09-15T13:40:29,155][INFO ][org.elasticsearch.node   ] [node_s_0] starting ...
[2016-09-15T13:40:29,155][INFO ][org.elasticsearch.transport] [node_s_0] publish_address {local[126]}, bound_addresses {local[126]}
[2016-09-15T13:40:29,156][INFO ][org.elasticsearch.cluster.service] [node_s_0] new_master {node_s_0}{Gh8B3_4ZQ8mZRgpc-yD3QA}{vIkQgSvDRFSy6UBzzgZX3g}{local}{local[126]}, reason: local-disco-initial_connect(master)
[2016-09-15T13:40:29,158][INFO ][org.elasticsearch.node   ] [node_s_0] started
[2016-09-15T13:40:29,172][INFO ][org.elasticsearch.gateway] [node_s_0] recovered [0] indices into cluster_state
[2016-09-15T13:40:29,192][INFO ][org.elasticsearch.cluster.metadata] [node_s_0] [test] creating index, cause [api], templates [random_index_template], shards [1]/[0], mappings []
[2016-09-15T13:40:29,301][INFO ][org.elasticsearch.cluster.routing.allocation] [node_s_0] Cluster health status changed from [YELLOW] to [GREEN] (reason: [shards started [[test][0]] ...]).
[2016-09-15T13:40:29,315][INFO ][org.elasticsearch.index.mapper] [node_s_0] [test] [DocumentParserTests#testPropagateDynamicWithExistingMapper]: cleaning up after test
[2016-09-15T13:40:29,346][INFO ][org.elasticsearch.cluster.metadata] [node_s_0] [test] creating index, cause [api], templates [random_index_template], shards [1]/[0], mappings []
[2016-09-15T13:40:29,391][INFO ][org.elasticsearch.cluster.routing.allocation] [node_s_0] Cluster health status changed from [YELLOW] to [GREEN] (reason: [shards started [[test][0]] ...]).
[2016-09-15T13:40:29,407][INFO ][org.elasticsearch.index.mapper] [node_s_0] [test] [DocumentParserTests#testNoLevelWithFieldTypeAsValueNotFirst]: cleaning up after test
[2016-09-15T13:40:29,443][INFO ][org.elasticsearch.cluster.metadata] [node_s_0] [test] creating index, cause [api], templates [random_index_template], shards [1]/[0], mappings []
[2016-09-15T13:40:29,502][INFO ][org.elasticsearch.cluster.routing.allocation] [node_s_0] Cluster health status changed from [YELLOW] to [GREEN] (reason: [shards started [[test][0]] ...]).
[2016-09-15T13:40:29,520][INFO ][org.elasticsearch.index.mapper] [node_s_0] [test] [DocumentParserTests#testDocumentContainsMetadataField]: cleaning up after test
[2016-09-15T13:40:29,561][INFO ][org.elasticsearch.cluster.metadata] [node_s_0] [test] creating index, cause [api], templates [random_index_template], shards [1]/[0], mappings []
[2016-09-15T13:40:29,612][INFO ][org.elasticsearch.cluster.routing.allocation] [node_s_0] Cluster health status changed from [YELLOW] to [GREEN] (reason: [shards started [[test][0]] ...]).
[2016-09-15T13:40:29,630][INFO ][org.elasticsearch.index.mapper] [node_s_0] [test] [DocumentParserTests#testDeepSubfieldAfterSubfieldMappingUpdate]: cleaning up after test
[2016-09-15T13:40:29,681][INFO ][org.elasticsearch.cluster.metadata] [node_s_0] [test] creating index, cause [api], templates [random_index_template], shards [1]/[0], mappings []
[2016-09-15T13:40:29,747][INFO ][org.elasticsearch.cluster.routing.allocation] [node_s_0] Cluster health status changed from [YELLOW] to [GREEN] (reason: [shards started [[test][0]] ...]).
[2016-09-15T13:40:29,762][INFO ][org.elasticsearch.index.mapper] [node_s_0] [test] [DocumentParserTests#testTypeDisabled]: cleaning up after test
[2016-09-15T13:40:29,800][INFO ][org.elasticsearch.cluster.metadata] [node_s_0] [test] creating index, cause [api], templates [random_index_template], shards [1]/[0], mappings []
[2016-09-15T13:40:29,849][INFO ][org.elasticsearch.cluster.routing.allocation] [node_s_0] Cluster health status changed from [YELLOW] to [GREEN] (reason: [shards started [[test][0]] ...]).
[2016-09-15T13:40:29,865][INFO ][org.elasticsearch.index.mapper] [node_s_0] [test] [DocumentParserTests#testDynamicDottedFieldNameLongWithExistingParentWrongType]: cleaning up after test
[2016-09-15T13:40:29,908][INFO ][org.elasticsearch.cluster.metadata] [node_s_0] [test] creating index, cause [api], templates [random_index_template], shards [1]/[0], mappings []
[2016-09-15T13:40:29,953][INFO ][org.elasticsearch.cluster.routing.allocation] [node_s_0] Cluster health status changed from [YELLOW] to [GREEN] (reason: [shards started [[test][0]] ...]).
[2016-09-15T13:40:29,966][INFO ][org.elasticsearch.index.mapper] [node_s_0] [test] [DocumentParserTests#testDynamicDottedFieldNameObjectWithExistingParentWrongType]: cleaning up after test
[2016-09-15T13:40:29,992][INFO ][org.elasticsearch.cluster.metadata] [node_s_0] [test] creating index, cause [api], templates [random_index_template], shards [1]/[0], mappings []
[2016-09-15T13:40:30,028][INFO ][org.elasticsearch.cluster.routing.allocation] [node_s_0] Cluster health status changed from [YELLOW] to [GREEN] (reason: [shards started [[test][0]] ...]).
[2016-09-15T13:40:30,038][INFO ][org.elasticsearch.index.mapper] [node_s_0] [test] [DocumentParserTests#testDynamicGeoPointArrayWithTemplate]: cleaning up after test
[2016-09-15T13:40:30,066][INFO ][org.elasticsearch.cluster.metadata] [node_s_0] [test] creating index, cause [api], templates [random_index_template], shards [1]/[0], mappings []
[2016-09-15T13:40:30,103][INFO ][org.elasticsearch.cluster.routing.allocation] [node_s_0] Cluster health status changed from [YELLOW] to [GREEN] (reason: [shards started [[test][0]] ...]).
[2016-09-15T13:40:30,113][INFO ][org.elasticsearch.index.mapper] [node_s_0] [test] [DocumentParserTests#testNoLevelWithFieldTypeAsObjectNotFirst]: cleaning up after test
[2016-09-15T13:40:30,198][INFO ][org.elasticsearch.cluster.metadata] [node_s_0] [test] creating index, cause [api], templates [random_index_template], shards [1]/[0], mappings []
[2016-09-15T13:40:30,241][INFO ][org.elasticsearch.cluster.routing.allocation] [node_s_0] Cluster health status changed from [YELLOW] to [GREEN] (reason: [shards started [[test][0]] ...]).
[2016-09-15T13:40:30,253][INFO ][org.elasticsearch.index.mapper] [node_s_0] [test] [DocumentParserTests#testSingleMappingUpdate]: cleaning up after test
[2016-09-15T13:40:30,307][INFO ][org.elasticsearch.cluster.metadata] [node_s_0] [test] creating index, cause [api], templates [random_index_template], shards [1]/[0], mappings []
[2016-09-15T13:40:30,364][INFO ][org.elasticsearch.cluster.routing.allocation] [node_s_0] Cluster health status changed from [YELLOW] to [GREEN] (reason: [shards started [[test][0]] ...]).
[2016-09-15T13:40:30,387][INFO ][org.elasticsearch.index.mapper] [node_s_0] [test] [DocumentParserTests#testSimpleParser]: cleaning up after test
[2016-09-15T13:40:30,426][INFO ][org.elasticsearch.cluster.metadata] [node_s_0] [test] creating index, cause [api], templates [random_index_template], shards [1]/[0], mappings []
[2016-09-15T13:40:30,470][INFO ][org.elasticsearch.cluster.routing.allocation] [node_s_0] Cluster health status changed from [YELLOW] to [GREEN] (reason: [shards started [[test][0]] ...]).
[2016-09-15T13:40:30,483][INFO ][org.elasticsearch.index.mapper] [node_s_0] [test] [DocumentParserTests#testDynamicDottedFieldNameObject]: cleaning up after test
[2016-09-15T13:40:30,522][INFO ][org.elasticsearch.cluster.metadata] [node_s_0] [test] creating index, cause [api], templates [random_index_template], shards [1]/[0], mappings []
[2016-09-15T13:40:30,577][INFO ][org.elasticsearch.cluster.routing.allocation] [node_s_0] Cluster health status changed from [YELLOW] to [GREEN] (reason: [shards started [[test][0]] ...]).
[2016-09-15T13:40:30,597][INFO ][org.elasticsearch.index.mapper] [node_s_0] [test] [DocumentParserTests#testSimpleMapper]: cleaning up after test
[2016-09-15T13:40:30,642][INFO ][org.elasticsearch.cluster.metadata] [node_s_0] [test] creating index, cause [api], templates [random_index_template], shards [1]/[0], mappings []
[2016-09-15T13:40:30,686][INFO ][org.elasticsearch.cluster.routing.allocation] [node_s_0] Cluster health status changed from [YELLOW] to [GREEN] (reason: [shards started [[test][0]] ...]).
[2016-09-15T13:40:30,698][INFO ][org.elasticsearch.index.mapper] [node_s_0] [test] [DocumentParserTests#testTypeLevelWithFieldTypeAsValue]: cleaning up after test
[2016-09-15T13:40:30,742][INFO ][org.elasticsearch.cluster.metadata] [node_s_0] [test] creating index, cause [api], templates [random_index_template], shards [1]/[0], mappings []
[2016-09-15T13:40:30,810][INFO ][org.elasticsearch.cluster.routing.allocation] [node_s_0] Cluster health status changed from [YELLOW] to [GREEN] (reason: [shards started [[test][0]] ...]).
[2016-09-15T13:40:30,825][INFO ][org.elasticsearch.index.mapper] [node_s_0] [test] [DocumentParserTests#testDynamicFalseDottedFieldNameLong]: cleaning up after test
[2016-09-15T13:40:30,866][INFO ][org.elasticsearch.cluster.metadata] [node_s_0] [test] creating index, cause [api], templates [random_index_template], shards [1]/[0], mappings []
[2016-09-15T13:40:30,919][INFO ][org.elasticsearch.cluster.routing.allocation] [node_s_0] Cluster health status changed from [YELLOW] to [GREEN] (reason: [shards started [[test][0]] ...]).
[2016-09-15T13:40:30,937][INFO ][org.elasticsearch.index.mapper] [node_s_0] [test] [DocumentParserTests#testTypeLevelWithFieldTypeAsValueNotFirst]: cleaning up after test
[2016-09-15T13:40:30,993][INFO ][org.elasticsearch.cluster.metadata] [node_s_0] [test] creating index, cause [api], templates [random_index_template], shards [1]/[0], mappings []
[2016-09-15T13:40:31,064][INFO ][org.elasticsearch.cluster.routing.allocation] [node_s_0] Cluster health status changed from [YELLOW] to [GREEN] (reason: [shards started [[test][0]] ...]).
[2016-09-15T13:40:31,077][INFO ][org.elasticsearch.index.mapper] [node_s_0] [test] [DocumentParserTests#testDynamicFalseDottedFieldNameLongArray]: cleaning up after test
[2016-09-15T13:40:31,113][INFO ][org.elasticsearch.cluster.metadata] [node_s_0] [test] creating index, cause [api], templates [random_index_template], shards [1]/[0], mappings []
[2016-09-15T13:40:31,179][INFO ][org.elasticsearch.cluster.routing.allocation] [node_s_0] Cluster health status changed from [YELLOW] to [GREEN] (reason: [shards started [[test][0]] ...]).
[2016-09-15T13:40:31,192][INFO ][org.elasticsearch.index.mapper] [node_s_0] [test] [DocumentParserTests#testDynamicFalseObject]: cleaning up after test
[2016-09-15T13:40:31,226][INFO ][org.elasticsearch.cluster.metadata] [node_s_0] [test] creating index, cause [api], templates [random_index_template], shards [1]/[0], mappings []
[2016-09-15T13:40:31,278][INFO ][org.elasticsearch.cluster.routing.allocation] [node_s_0] Cluster health status changed from [YELLOW] to [GREEN] (reason: [shards started [[test][0]] ...]).
[2016-09-15T13:40:31,291][INFO ][org.elasticsearch.index.mapper] [node_s_0] [test] [DocumentParserTests#testObjectMappingUpdate]: cleaning up after test
[2016-09-15T13:40:31,323][INFO ][org.elasticsearch.cluster.metadata] [node_s_0] [test] creating index, cause [api], templates [random_index_template], shards [1]/[0], mappings []
[2016-09-15T13:40:31,365][INFO ][org.elasticsearch.cluster.routing.allocation] [node_s_0] Cluster health status changed from [YELLOW] to [GREEN] (reason: [shards started [[test][0]] ...]).
[2016-09-15T13:40:31,378][INFO ][org.elasticsearch.index.mapper] [node_s_0] [test] [DocumentParserTests#testDynamicDottedFieldNameLongWithParentTemplate]: cleaning up after test
[2016-09-15T13:40:31,416][INFO ][org.elasticsearch.cluster.metadata] [node_s_0] [test] creating index, cause [api], templates [random_index_template], shards [1]/[0], mappings []
[2016-09-15T13:40:31,461][INFO ][org.elasticsearch.cluster.routing.allocation] [node_s_0] Cluster health status changed from [YELLOW] to [GREEN] (reason: [shards started [[test][0]] ...]).
[2016-09-15T13:40:31,475][INFO ][org.elasticsearch.index.mapper] [node_s_0] [test] [DocumentParserTests#testDynamicLongArray]: cleaning up after test
[2016-09-15T13:40:31,508][INFO ][org.elasticsearch.cluster.metadata] [node_s_0] [test] creating index, cause [api], templates [random_index_template], shards [1]/[0], mappings []
[2016-09-15T13:40:31,555][INFO ][org.elasticsearch.cluster.routing.allocation] [node_s_0] Cluster health status changed from [YELLOW] to [GREEN] (reason: [shards started [[test][0]] ...]).
[2016-09-15T13:40:31,569][INFO ][org.elasticsearch.index.mapper] [node_s_0] [test] [DocumentParserTests#testDynamicDottedFieldNameLongWithExistingParent]: cleaning up after test
[2016-09-15T13:40:31,605][INFO ][org.elasticsearch.cluster.metadata] [node_s_0] [test] creating index, cause [api], templates [random_index_template], shards [1]/[0], mappings []
[2016-09-15T13:40:31,661][INFO ][org.elasticsearch.cluster.routing.allocation] [node_s_0] Cluster health status changed from [YELLOW] to [GREEN] (reason: [shards started [[test][0]] ...]).
[2016-09-15T13:40:31,673][INFO ][org.elasticsearch.index.mapper] [node_s_0] [test] [DocumentParserTests#testDynamicDottedFieldNameLongArrayWithParentTemplate]: cleaning up after test
[2016-09-15T13:40:31,707][INFO ][org.elasticsearch.cluster.metadata] [node_s_0] [test] creating index, cause [api], templates [random_index_template], shards [1]/[0], mappings []
[2016-09-15T13:40:31,750][INFO ][org.elasticsearch.cluster.routing.allocation] [node_s_0] Cluster health status changed from [YELLOW] to [GREEN] (reason: [shards started [[test][0]] ...]).
[2016-09-15T13:40:31,765][INFO ][org.elasticsearch.index.mapper] [node_s_0] [test] [DocumentParserTests#testDynamicDottedFieldNameObjectWithParentTemplate]: cleaning up after test
[2016-09-15T13:40:31,812][INFO ][org.elasticsearch.cluster.metadata] [node_s_0] [test] creating index, cause [api], templates [random_index_template], shards [1]/[0], mappings []
[2016-09-15T13:40:31,894][INFO ][org.elasticsearch.cluster.routing.allocation] [node_s_0] Cluster health status changed from [YELLOW] to [GREEN] (reason: [shards started [[test][0]] ...]).
[2016-09-15T13:40:31,909][INFO ][org.elasticsearch.index.mapper] [node_s_0] [test] [DocumentParserTests#testMappedLongArray]: cleaning up after test
[2016-09-15T13:40:31,958][INFO ][org.elasticsearch.cluster.metadata] [node_s_0] [test] creating index, cause [api], templates [random_index_template], shards [1]/[0], mappings []
[2016-09-15T13:40:32,023][INFO ][org.elasticsearch.cluster.routing.allocation] [node_s_0] Cluster health status changed from [YELLOW] to [GREEN] (reason: [shards started [[test][0]] ...]).
[2016-09-15T13:40:32,039][INFO ][org.elasticsearch.index.mapper] [node_s_0] [test] [DocumentParserTests#testPropagateDynamicWithDynamicMapper]: cleaning up after test
[2016-09-15T13:40:32,082][INFO ][org.elasticsearch.cluster.metadata] [node_s_0] [test] creating index, cause [api], templates [random_index_template], shards [1]/[0], mappings []
[2016-09-15T13:40:32,139][INFO ][org.elasticsearch.cluster.routing.allocation] [node_s_0] Cluster health status changed from [YELLOW] to [GREEN] (reason: [shards started [[test][0]] ...]).
[2016-09-15T13:40:32,158][INFO ][org.elasticsearch.index.mapper] [node_s_0] [test] [DocumentParserTests#testDynamicDottedFieldNameObjectWithExistingParent]: cleaning up after test
[2016-09-15T13:40:32,208][INFO ][org.elasticsearch.cluster.metadata] [node_s_0] [test] creating index, cause [api], templates [random_index_template], shards [1]/[0], mappings []
[2016-09-15T13:40:32,277][INFO ][org.elasticsearch.cluster.routing.allocation] [node_s_0] Cluster health status changed from [YELLOW] to [GREEN] (reason: [shards started [[test][0]] ...]).
[2016-09-15T13:40:32,306][INFO ][org.elasticsearch.index.mapper] [node_s_0] [test] [DocumentParserTests#testParseToJsonAndParse]: cleaning up after test
[2016-09-15T13:40:32,365][INFO ][org.elasticsearch.cluster.metadata] [node_s_0] [test] creating index, cause [api], templates [random_index_template], shards [1]/[0], mappings []
[2016-09-15T13:40:32,426][INFO ][org.elasticsearch.cluster.routing.allocation] [node_s_0] Cluster health status changed from [YELLOW] to [GREEN] (reason: [shards started [[test][0]] ...]).
[2016-09-15T13:40:32,442][INFO ][org.elasticsearch.index.mapper] [node_s_0] [test] [DocumentParserTests#testMappedNullValue]: cleaning up after test
[2016-09-15T13:40:32,500][INFO ][org.elasticsearch.cluster.metadata] [node_s_0] [test] creating index, cause [api], templates [random_index_template], shards [1]/[0], mappings []
[2016-09-15T13:40:32,556][INFO ][org.elasticsearch.cluster.routing.allocation] [node_s_0] Cluster health status changed from [YELLOW] to [GREEN] (reason: [shards started [[test][0]] ...]).
[2016-09-15T13:40:32,569][INFO ][org.elasticsearch.index.mapper] [node_s_0] [test] [DocumentParserTests#testDynamicFalseLongArray]: cleaning up after test
[2016-09-15T13:40:32,607][INFO ][org.elasticsearch.cluster.metadata] [node_s_0] [test] creating index, cause [api], templates [random_index_template], shards [1]/[0], mappings []
[2016-09-15T13:40:32,664][INFO ][org.elasticsearch.cluster.routing.allocation] [node_s_0] Cluster health status changed from [YELLOW] to [GREEN] (reason: [shards started [[test][0]] ...]).
[2016-09-15T13:40:32,679][INFO ][org.elasticsearch.index.mapper] [node_s_0] [test] [DocumentParserTests#testDynamicStrictValue]: cleaning up after test
[2016-09-15T13:40:32,715][INFO ][org.elasticsearch.cluster.metadata] [node_s_0] [test] creating index, cause [api], templates [random_index_template], shards [1]/[0], mappings []
[2016-09-15T13:40:32,775][INFO ][org.elasticsearch.cluster.routing.allocation] [node_s_0] Cluster health status changed from [YELLOW] to [GREEN] (reason: [shards started [[test][0]] ...]).
[2016-09-15T13:40:32,789][INFO ][org.elasticsearch.index.mapper] [node_s_0] [test] [DocumentParserTests#testNoLevelWithFieldTypeAsObject]: cleaning up after test
[2016-09-15T13:40:32,821][INFO ][org.elasticsearch.cluster.metadata] [node_s_0] [test] creating index, cause [api], templates [random_index_template], shards [1]/[0], mappings []
[2016-09-15T13:40:32,885][INFO ][org.elasticsearch.cluster.routing.allocation] [node_s_0] Cluster health status changed from [YELLOW] to [GREEN] (reason: [shards started [[test][0]] ...]).
[2016-09-15T13:40:32,904][INFO ][org.elasticsearch.index.mapper] [node_s_0] [test] [DocumentParserTests#testDynamicObjectWithTemplate]: cleaning up after test
[2016-09-15T13:40:32,964][INFO ][org.elasticsearch.cluster.metadata] [node_s_0] [test] creating index, cause [api], templates [random_index_template], shards [1]/[0], mappings []
[2016-09-15T13:40:33,019][INFO ][org.elasticsearch.cluster.routing.allocation] [node_s_0] Cluster health status changed from [YELLOW] to [GREEN] (reason: [shards started [[test][0]] ...]).
[2016-09-15T13:40:33,028][INFO ][org.elasticsearch.index.mapper] [node_s_0] [test] [DocumentParserTests#testIncludeInAllPropagation]: cleaning up after test
[2016-09-15T13:40:33,063][INFO ][org.elasticsearch.cluster.metadata] [node_s_0] [test] creating index, cause [api], templates [random_index_template], shards [1]/[0], mappings []
[2016-09-15T13:40:33,111][INFO ][org.elasticsearch.cluster.routing.allocation] [node_s_0] Cluster health status changed from [YELLOW] to [GREEN] (reason: [shards started [[test][0]] ...]).
[2016-09-15T13:40:33,122][INFO ][org.elasticsearch.index.mapper] [node_s_0] [test] [DocumentParserTests#testTypeLevel]: cleaning up after test
[2016-09-15T13:40:33,193][INFO ][org.elasticsearch.cluster.metadata] [node_s_0] [test] creating index, cause [api], templates [random_index_template], shards [1]/[0], mappings []
[2016-09-15T13:40:33,244][INFO ][org.elasticsearch.cluster.routing.allocation] [node_s_0] Cluster health status changed from [YELLOW] to [GREEN] (reason: [shards started [[test][0]] ...]).
[2016-09-15T13:40:33,256][INFO ][org.elasticsearch.index.mapper] [node_s_0] [test] [DocumentParserTests#testDynamicFalseNull]: cleaning up after test
[2016-09-15T13:40:33,287][INFO ][org.elasticsearch.cluster.metadata] [node_s_0] [test] creating index, cause [api], templates [random_index_template], shards [1]/[0], mappings []
[2016-09-15T13:40:33,329][INFO ][org.elasticsearch.cluster.routing.allocation] [node_s_0] Cluster health status changed from [YELLOW] to [GREEN] (reason: [shards started [[test][0]] ...]).
[2016-09-15T13:40:33,388][INFO ][org.elasticsearch.index.mapper] [node_s_0] [test] [DocumentParserTests#testDynamicStrictDottedFieldNameLongArray]: cleaning up after test
[2016-09-15T13:40:33,414][INFO ][org.elasticsearch.cluster.metadata] [node_s_0] [test] creating index, cause [api], templates [random_index_template], shards [1]/[0], mappings []
[2016-09-15T13:40:33,455][INFO ][org.elasticsearch.cluster.routing.allocation] [node_s_0] Cluster health status changed from [YELLOW] to [GREEN] (reason: [shards started [[test][0]] ...]).
[2016-09-15T13:40:33,467][INFO ][org.elasticsearch.index.mapper] [node_s_0] [test] [DocumentParserTests#testNoLevel]: cleaning up after test
[2016-09-15T13:40:33,500][INFO ][org.elasticsearch.cluster.metadata] [node_s_0] [test] creating index, cause [api], templates [random_index_template], shards [1]/[0], mappings []
[2016-09-15T13:40:33,537][INFO ][org.elasticsearch.cluster.routing.allocation] [node_s_0] Cluster health status changed from [YELLOW] to [GREEN] (reason: [shards started [[test][0]] ...]).
[2016-09-15T13:40:33,551][INFO ][org.elasticsearch.index.mapper] [node_s_0] [test] [DocumentParserTests#testTypeLevelWithFieldTypeAsObjectNotFirst]: cleaning up after test
[2016-09-15T13:40:33,586][INFO ][org.elasticsearch.cluster.metadata] [node_s_0] [test] creating index, cause [api], templates [random_index_template], shards [1]/[0], mappings []
[2016-09-15T13:40:33,639][INFO ][org.elasticsearch.cluster.routing.allocation] [node_s_0] Cluster health status changed from [YELLOW] to [GREEN] (reason: [shards started [[test][0]] ...]).
[2016-09-15T13:40:33,653][INFO ][org.elasticsearch.index.mapper] [node_s_0] [test] [DocumentParserTests#testNoLevelWithFieldTypeAsValue]: cleaning up after test
[2016-09-15T13:40:33,687][INFO ][org.elasticsearch.cluster.metadata] [node_s_0] [test] creating index, cause [api], templates [random_index_template], shards [1]/[0], mappings []
[2016-09-15T13:40:33,739][INFO ][org.elasticsearch.cluster.routing.allocation] [node_s_0] Cluster health status changed from [YELLOW] to [GREEN] (reason: [shards started [[test][0]] ...]).
[2016-09-15T13:40:33,753][INFO ][org.elasticsearch.index.mapper] [node_s_0] [test] [DocumentParserTests#testDynamicDottedFieldNameLongArrayWithExistingParent]: cleaning up after test
[2016-09-15T13:40:33,789][INFO ][org.elasticsearch.cluster.metadata] [node_s_0] [test] creating index, cause [api], templates [random_index_template], shards [1]/[0], mappings []
[2016-09-15T13:40:33,839][INFO ][org.elasticsearch.cluster.routing.allocation] [node_s_0] Cluster health status changed from [YELLOW] to [GREEN] (reason: [shards started [[test][0]] ...]).
[2016-09-15T13:40:33,853][INFO ][org.elasticsearch.index.mapper] [node_s_0] [test] [DocumentParserTests#testDeepSubfieldMappingUpdate]: cleaning up after test
[2016-09-15T13:40:33,888][INFO ][org.elasticsearch.cluster.metadata] [node_s_0] [test] creating index, cause [api], templates [random_index_template], shards [1]/[0], mappings []
[2016-09-15T13:40:33,971][INFO ][org.elasticsearch.cluster.routing.allocation] [node_s_0] Cluster health status changed from [YELLOW] to [GREEN] (reason: [shards started [[test][0]] ...]).
[2016-09-15T13:40:34,042][INFO ][org.elasticsearch.index.mapper] [node_s_0] [test] [DocumentParserTests#testFieldDisabled]: cleaning up after test
[2016-09-15T13:40:34,075][INFO ][org.elasticsearch.cluster.metadata] [node_s_0] [test] creating index, cause [api], templates [random_index_template], shards [1]/[0], mappings []
[2016-09-15T13:40:34,151][INFO ][org.elasticsearch.cluster.routing.allocation] [node_s_0] Cluster health status changed from [YELLOW] to [GREEN] (reason: [shards started [[test][0]] ...]).
[2016-09-15T13:40:34,166][INFO ][org.elasticsearch.index.mapper] [node_s_0] [test] [DocumentParserTests#testDynamicFalseValue]: cleaning up after test
[2016-09-15T13:40:34,203][INFO ][org.elasticsearch.cluster.metadata] [node_s_0] [test] creating index, cause [api], templates [random_index_template], shards [1]/[0], mappings []
[2016-09-15T13:40:34,258][INFO ][org.elasticsearch.cluster.routing.allocation] [node_s_0] Cluster health status changed from [YELLOW] to [GREEN] (reason: [shards started [[test][0]] ...]).
[2016-09-15T13:40:34,275][INFO ][org.elasticsearch.index.mapper] [node_s_0] [test] [DocumentParserTests#testDynamicDottedFieldNameLongArray]: cleaning up after test
[2016-09-15T13:40:34,307][INFO ][org.elasticsearch.cluster.metadata] [node_s_0] [test] creating index, cause [api], templates [random_index_template], shards [1]/[0], mappings []
[2016-09-15T13:40:34,362][INFO ][org.elasticsearch.cluster.routing.allocation] [node_s_0] Cluster health status changed from [YELLOW] to [GREEN] (reason: [shards started [[test][0]] ...]).
[2016-09-15T13:40:34,395][INFO ][org.elasticsearch.index.mapper] [node_s_0] [test] [DocumentParserTests#testTypeLevelWithFieldTypeAsObject]: cleaning up after test
[2016-09-15T13:40:34,423][INFO ][org.elasticsearch.cluster.metadata] [node_s_0] [test] creating index, cause [api], templates [random_index_template], shards [1]/[0], mappings []
[2016-09-15T13:40:34,472][INFO ][org.elasticsearch.cluster.routing.allocation] [node_s_0] Cluster health status changed from [YELLOW] to [GREEN] (reason: [shards started [[test][0]] ...]).
[2016-09-15T13:40:34,484][INFO ][org.elasticsearch.index.mapper] [node_s_0] [test] [DocumentParserTests#testMultipleSubfieldMappingUpdate]: cleaning up after test
[2016-09-15T13:40:34,515][INFO ][org.elasticsearch.cluster.metadata] [node_s_0] [test] creating index, cause [api], templates [random_index_template], shards [1]/[0], mappings []
[2016-09-15T13:40:34,581][INFO ][org.elasticsearch.cluster.routing.allocation] [node_s_0] Cluster health status changed from [YELLOW] to [GREEN] (reason: [shards started [[test][0]] ...]).
[2016-09-15T13:40:34,595][INFO ][org.elasticsearch.index.mapper] [node_s_0] [test] [DocumentParserTests#testEmptyMappingUpdate]: cleaning up after test
[2016-09-15T13:40:34,647][INFO ][org.elasticsearch.cluster.metadata] [node_s_0] [test] creating index, cause [api], templates [random_index_template], shards [1]/[0], mappings []
[2016-09-15T13:40:34,702][INFO ][org.elasticsearch.cluster.routing.allocation] [node_s_0] Cluster health status changed from [YELLOW] to [GREEN] (reason: [shards started [[test][0]] ...]).
[2016-09-15T13:40:34,717][INFO ][org.elasticsearch.index.mapper] [node_s_0] [test] [DocumentParserTests#testDynamicStrictObject]: cleaning up after test
[2016-09-15T13:40:34,763][INFO ][org.elasticsearch.cluster.metadata] [node_s_0] [test] creating index, cause [api], templates [random_index_template], shards [1]/[0], mappings []
[2016-09-15T13:40:34,820][INFO ][org.elasticsearch.cluster.routing.allocation] [node_s_0] Cluster health status changed from [YELLOW] to [GREEN] (reason: [shards started [[test][0]] ...]).
[2016-09-15T13:40:34,834][INFO ][org.elasticsearch.index.mapper] [node_s_0] [test] [DocumentParserTests#testDynamicStrictLongArray]: cleaning up after test
[2016-09-15T13:40:34,881][INFO ][org.elasticsearch.cluster.metadata] [node_s_0] [test] creating index, cause [api], templates [random_index_template], shards [1]/[0], mappings []
[2016-09-15T13:40:34,932][INFO ][org.elasticsearch.cluster.routing.allocation] [node_s_0] Cluster health status changed from [YELLOW] to [GREEN] (reason: [shards started [[test][0]] ...]).
[2016-09-15T13:40:34,965][INFO ][org.elasticsearch.index.mapper] [node_s_0] [test] [DocumentParserTests#testSimpleParserNoTypeNoId]: cleaning up after test
[2016-09-15T13:40:35,004][INFO ][org.elasticsearch.cluster.metadata] [node_s_0] [test] creating index, cause [api], templates [random_index_template], shards [1]/[0], mappings []
[2016-09-15T13:40:35,053][INFO ][org.elasticsearch.cluster.routing.allocation] [node_s_0] Cluster health status changed from [YELLOW] to [GREEN] (reason: [shards started [[test][0]] ...]).
[2016-09-15T13:40:35,066][INFO ][org.elasticsearch.index.mapper] [node_s_0] [test] [DocumentParserTests#testSubfieldMappingUpdate]: cleaning up after test
[2016-09-15T13:40:35,102][INFO ][org.elasticsearch.cluster.metadata] [node_s_0] [test] creating index, cause [api], templates [random_index_template], shards [1]/[0], mappings []
[2016-09-15T13:40:35,168][INFO ][org.elasticsearch.cluster.routing.allocation] [node_s_0] Cluster health status changed from [YELLOW] to [GREEN] (reason: [shards started [[test][0]] ...]).
[2016-09-15T13:40:35,188][INFO ][org.elasticsearch.index.mapper] [node_s_0] [test] [DocumentParserTests#testDynamicDottedFieldNameLong]: cleaning up after test
[2016-09-15T13:40:35,234][INFO ][org.elasticsearch.cluster.metadata] [node_s_0] [test] creating index, cause [api], templates [random_index_template], shards [1]/[0], mappings []
[2016-09-15T13:40:35,276][INFO ][org.elasticsearch.cluster.routing.allocation] [node_s_0] Cluster health status changed from [YELLOW] to [GREEN] (reason: [shards started [[test][0]] ...]).
[2016-09-15T13:40:35,291][INFO ][org.elasticsearch.index.mapper] [node_s_0] [test] [DocumentParserTests#testAttributes]: cleaning up after test
[2016-09-15T13:40:35,324][INFO ][org.elasticsearch.cluster.metadata] [node_s_0] [test] creating index, cause [api], templates [random_index_template], shards [1]/[0], mappings []
[2016-09-15T13:40:35,369][INFO ][org.elasticsearch.cluster.routing.allocation] [node_s_0] Cluster health status changed from [YELLOW] to [GREEN] (reason: [shards started [[test][0]] ...]).
[2016-09-15T13:40:35,380][INFO ][org.elasticsearch.index.mapper] [node_s_0] [test] [DocumentParserTests#testDotsWithExistingMapper]: cleaning up after test
[2016-09-15T13:40:35,410][INFO ][org.elasticsearch.cluster.metadata] [node_s_0] [test] creating index, cause [api], templates [random_index_template], shards [1]/[0], mappings []
[2016-09-15T13:40:35,462][INFO ][org.elasticsearch.cluster.routing.allocation] [node_s_0] Cluster health status changed from [YELLOW] to [GREEN] (reason: [shards started [[test][0]] ...]).
[2016-09-15T13:40:35,478][INFO ][org.elasticsearch.index.mapper] [node_s_0] [test] [DocumentParserTests#testDynamicLongArrayWithTemplate]: cleaning up after test
[2016-09-15T13:40:35,524][INFO ][org.elasticsearch.cluster.metadata] [node_s_0] [test] creating index, cause [api], templates [random_index_template], shards [1]/[0], mappings []
[2016-09-15T13:40:35,596][INFO ][org.elasticsearch.cluster.routing.allocation] [node_s_0] Cluster health status changed from [YELLOW] to [GREEN] (reason: [shards started [[test][0]] ...]).
[2016-09-15T13:40:35,610][INFO ][org.elasticsearch.index.mapper] [node_s_0] [test] [DocumentParserTests#testDynamicRootFallback]: cleaning up after test
[2016-09-15T13:40:35,652][INFO ][org.elasticsearch.cluster.metadata] [node_s_0] [test] creating index, cause [api], templates [random_index_template], shards [1]/[0], mappings []
[2016-09-15T13:40:35,692][INFO ][org.elasticsearch.cluster.routing.allocation] [node_s_0] Cluster health status changed from [YELLOW] to [GREEN] (reason: [shards started [[test][0]] ...]).
[2016-09-15T13:40:35,703][INFO ][org.elasticsearch.index.mapper] [node_s_0] [test] [DocumentParserTests#testDynamicStrictNull]: cleaning up after test
[2016-09-15T13:40:35,751][INFO ][org.elasticsearch.cluster.metadata] [node_s_0] [test] creating index, cause [api], templates [random_index_template], shards [1]/[0], mappings []
[2016-09-15T13:40:35,794][INFO ][org.elasticsearch.cluster.routing.allocation] [node_s_0] Cluster health status changed from [YELLOW] to [GREEN] (reason: [shards started [[test][0]] ...]).
[2016-09-15T13:40:35,805][INFO ][org.elasticsearch.index.mapper] [node_s_0] [test] [DocumentParserTests#testMappedGeoPointArray]: cleaning up after test
[2016-09-15T13:40:35,854][INFO ][org.elasticsearch.cluster.metadata] [node_s_0] [test] creating index, cause [api], templates [random_index_template], shards [1]/[0], mappings []
[2016-09-15T13:40:35,913][INFO ][org.elasticsearch.cluster.routing.allocation] [node_s_0] Cluster health status changed from [YELLOW] to [GREEN] (reason: [shards started [[test][0]] ...]).
[2016-09-15T13:40:35,926][INFO ][org.elasticsearch.index.mapper] [node_s_0] [test] [DocumentParserTests#testDynamicStrictDottedFieldNameLong]: cleaning up after test
[2016-09-15T13:40:35,964][INFO ][org.elasticsearch.cluster.metadata] [node_s_0] [test] creating index, cause [api], templates [random_index_template], shards [1]/[0], mappings []
[2016-09-15T13:40:36,047][INFO ][org.elasticsearch.cluster.routing.allocation] [node_s_0] Cluster health status changed from [YELLOW] to [GREEN] (reason: [shards started [[test][0]] ...]).
[2016-09-15T13:40:36,061][INFO ][org.elasticsearch.index.mapper] [node_s_0] [test] [DocumentParserTests#testDynamicFalseDottedFieldNameObject]: cleaning up after test
[2016-09-15T13:40:36,097][INFO ][org.elasticsearch.cluster.metadata] [node_s_0] [test] creating index, cause [api], templates [random_index_template], shards [1]/[0], mappings []
[2016-09-15T13:40:36,141][INFO ][org.elasticsearch.cluster.routing.allocation] [node_s_0] Cluster health status changed from [YELLOW] to [GREEN] (reason: [shards started [[test][0]] ...]).
[2016-09-15T13:40:36,222][INFO ][org.elasticsearch.index.mapper] [node_s_0] [test] [DocumentParserTests#testNoDocumentSent]: cleaning up after test
[2016-09-15T13:40:36,257][INFO ][org.elasticsearch.cluster.metadata] [node_s_0] [test] creating index, cause [api], templates [random_index_template], shards [1]/[0], mappings []
[2016-09-15T13:40:36,321][INFO ][org.elasticsearch.cluster.routing.allocation] [node_s_0] Cluster health status changed from [YELLOW] to [GREEN] (reason: [shards started [[test][0]] ...]).
[2016-09-15T13:40:36,335][INFO ][org.elasticsearch.index.mapper] [node_s_0] [test] [DocumentParserTests#testDynamicStrictDottedFieldNameObject]: cleaning up after test
[2016-09-15T13:40:36,377][INFO ][org.elasticsearch.cluster.metadata] [node_s_0] [test] creating index, cause [api], templates [random_index_template], shards [1]/[0], mappings []
[2016-09-15T13:40:36,426][INFO ][org.elasticsearch.cluster.routing.allocation] [node_s_0] Cluster health status changed from [YELLOW] to [GREEN] (reason: [shards started [[test][0]] ...]).
[2016-09-15T13:40:36,451][INFO ][org.elasticsearch.index.mapper] [node_s_0] [test] [DocumentParserTests#testDynamicDottedFieldNameLongArrayWithExistingParentWrongType]: cleaning up after test
[2016-09-15T13:40:36,486][INFO ][org.elasticsearch.node   ] [node_s_0] stopping ...
[2016-09-15T13:40:36,490][INFO ][org.elasticsearch.node   ] [node_s_0] stopped
[2016-09-15T13:40:36,490][INFO ][org.elasticsearch.node   ] [node_s_0] closing ...
[2016-09-15T13:40:36,492][INFO ][org.elasticsearch.node   ] [node_s_0] closed
]]></system-out>
   <system-err><![CDATA[]]></system-err>
</testsuite>