<testsuite errors="0" failures="0" tests="12" skipped="0" name="org.elasticsearch.index.mapper.LegacyDateFieldMapperTests" hostname="nohost.nodomain" time="3.069" timestamp="2016-09-18T12:49:11">
   <properties class="java.util.ArrayList">
      <property name="awt.toolkit" value="sun.awt.windows.WToolkit"/>
      <property name="file.encoding" value="Cp1252"/>
      <property name="file.encoding.pkg" value="sun.io"/>
      <property name="file.separator" value="\"/>
      <property name="java.awt.graphicsenv" value="sun.awt.Win32GraphicsEnvironment"/>
      <property name="java.awt.headless" value="true"/>
      <property name="java.awt.printerjob" value="sun.awt.windows.WPrinterJob"/>
      <property name="java.class.path" value="C:\Users\kmala\workspace\Team3\core\build\classes\test;C:\Users\kmala\workspace\Team3\core\build\resources\test;C:\Users\kmala\workspace\Team3\core\build\classes\main;C:\Users\kmala\workspace\Team3\core\build\resources\main;C:\Users\kmala\.gradle\caches\modules-2\files-2.1\org.apache.lucene\lucene-core\6.2.0\849ee62525a294416802be2cacc66c80352f6f13\lucene-core-6.2.0.jar;C:\Users\kmala\.gradle\caches\modules-2\files-2.1\org.apache.lucene\lucene-analyzers-common\6.2.0\d254d52dd394b5079129f3d5f3bf4f2d44a5936e\lucene-analyzers-common-6.2.0.jar;C:\Users\kmala\.gradle\caches\modules-2\files-2.1\org.apache.lucene\lucene-backward-codecs\6.2.0\b625bb21456b3c0d1e5e431bced125cb060c1abd\lucene-backward-codecs-6.2.0.jar;C:\Users\kmala\.gradle\caches\modules-2\files-2.1\org.apache.lucene\lucene-grouping\6.2.0\9527fedfd5acc624b2bb3f862bd99fb8f470b053\lucene-grouping-6.2.0.jar;C:\Users\kmala\.gradle\caches\modules-2\files-2.1\org.apache.lucene\lucene-highlighter\6.2.0\7ca342372a3f45e32bbd21cecaa757e38eccb8a5\lucene-highlighter-6.2.0.jar;C:\Users\kmala\.gradle\caches\modules-2\files-2.1\org.apache.lucene\lucene-join\6.2.0\da0b8de98511abd4fe9c7d48a353d17854c5ed46\lucene-join-6.2.0.jar;C:\Users\kmala\.gradle\caches\modules-2\files-2.1\org.apache.lucene\lucene-memory\6.2.0\bc9e075b1ee051c8e5246c237c38d8e71dab8a66\lucene-memory-6.2.0.jar;C:\Users\kmala\.gradle\caches\modules-2\files-2.1\org.apache.lucene\lucene-misc\6.2.0\94ddde6312566a4da4a50a88e453b6c82c759b41\lucene-misc-6.2.0.jar;C:\Users\kmala\.gradle\caches\modules-2\files-2.1\org.apache.lucene\lucene-queries\6.2.0\dce47238f78e3e97d91dc6fefa9f46f07866bc2b\lucene-queries-6.2.0.jar;C:\Users\kmala\.gradle\caches\modules-2\files-2.1\org.apache.lucene\lucene-queryparser\6.2.0\17ef728ac15e668bfa1105321611548424637645\lucene-queryparser-6.2.0.jar;C:\Users\kmala\.gradle\caches\modules-2\files-2.1\org.apache.lucene\lucene-sandbox\6.2.0\520183f7b9aba77a26e224760c420a3844b0631a\lucene-sandbox-6.2.0.jar;C:\Users\kmala\.gradle\caches\modules-2\files-2.1\org.apache.lucene\lucene-spatial\6.2.0\8dba929b66927b936fbc76103b109ad6c824daee\lucene-spatial-6.2.0.jar;C:\Users\kmala\.gradle\caches\modules-2\files-2.1\org.apache.lucene\lucene-spatial-extras\6.2.0\3b5a6ef5cd90c0218a72e9e2f7e60104be2447da\lucene-spatial-extras-6.2.0.jar;C:\Users\kmala\.gradle\caches\modules-2\files-2.1\org.apache.lucene\lucene-spatial3d\6.2.0\fcdb0567725722c5145149d1502848b6a96ec18d\lucene-spatial3d-6.2.0.jar;C:\Users\kmala\.gradle\caches\modules-2\files-2.1\org.apache.lucene\lucene-suggest\6.2.0\3d9d526c51f483d27f425c75d7e56bc0849242d6\lucene-suggest-6.2.0.jar;C:\Users\kmala\.gradle\caches\modules-2\files-2.1\org.elasticsearch\securesm\1.1\1e423447d020041534be94c0f31a49fbdc1f2950\securesm-1.1.jar;C:\Users\kmala\.gradle\caches\modules-2\files-2.1\net.sf.jopt-simple\jopt-simple\5.0.2\98cafc6081d5632b61be2c9e60650b64ddbc637c\jopt-simple-5.0.2.jar;C:\Users\kmala\.gradle\caches\modules-2\files-2.1\com.carrotsearch\hppc\0.7.1\8b5057f74ea378c0150a1860874a3ebdcb713767\hppc-0.7.1.jar;C:\Users\kmala\.gradle\caches\modules-2\files-2.1\joda-time\joda-time\2.9.4\1c295b462f16702ebe720bbb08f62e1ba80da41b\joda-time-2.9.4.jar;C:\Users\kmala\.gradle\caches\modules-2\files-2.1\org.joda\joda-convert\1.2\35ec554f0cd00c956cc69051514d9488b1374dec\joda-convert-1.2.jar;C:\Users\kmala\.gradle\caches\modules-2\files-2.1\org.yaml\snakeyaml\1.15\3b132bea69e8ee099f416044970997bde80f4ea6\snakeyaml-1.15.jar;C:\Users\kmala\.gradle\caches\modules-2\files-2.1\com.fasterxml.jackson.core\jackson-core\2.8.1\fd13b1c033741d48291315c6370f7d475a42dccf\jackson-core-2.8.1.jar;C:\Users\kmala\.gradle\caches\modules-2\files-2.1\com.fasterxml.jackson.dataformat\jackson-dataformat-smile\2.8.1\5b73867bc12224946fc67fc8d49d9f5e698d7f\jackson-dataformat-smile-2.8.1.jar;C:\Users\kmala\.gradle\caches\modules-2\files-2.1\com.fasterxml.jackson.dataformat\jackson-dataformat-yaml\2.8.1\eb63166c723b0b4b9fb5298fca232a2f6612ec34\jackson-dataformat-yaml-2.8.1.jar;C:\Users\kmala\.gradle\caches\modules-2\files-2.1\com.fasterxml.jackson.dataformat\jackson-dataformat-cbor\2.8.1\3a6fb7e75c9972559a78cf5cfc5a48a41a13ea40\jackson-dataformat-cbor-2.8.1.jar;C:\Users\kmala\.gradle\caches\modules-2\files-2.1\com.tdunning\t-digest\3.0\84ccf145ac2215e6bfa63baa3101c0af41017cfc\t-digest-3.0.jar;C:\Users\kmala\.gradle\caches\modules-2\files-2.1\org.hdrhistogram\HdrHistogram\2.1.6\7495feb7f71ee124bd2a7e7d83590e296d71d80e\HdrHistogram-2.1.6.jar;C:\Users\kmala\.gradle\caches\modules-2\files-2.1\org.locationtech.spatial4j\spatial4j\0.6\21b15310bddcfd8c72611c180f20cf23279809a3\spatial4j-0.6.jar;C:\Users\kmala\.gradle\caches\modules-2\files-2.1\com.vividsolutions\jts\1.13\3ccfb9b60f04d71add996a666ceb8902904fd805\jts-1.13.jar;C:\Users\kmala\.gradle\caches\modules-2\files-2.1\org.apache.logging.log4j\log4j-api\2.6.2\bd1b74a5d170686362091c7cf596bbc3adf5c09b\log4j-api-2.6.2.jar;C:\Users\kmala\.gradle\caches\modules-2\files-2.1\org.apache.logging.log4j\log4j-core\2.6.2\a91369f655eb1639c6aece5c5eb5108db18306\log4j-core-2.6.2.jar;C:\Users\kmala\.gradle\caches\modules-2\files-2.1\org.apache.logging.log4j\log4j-1.2-api\2.6.2\3b4c5a8b734b6a29b2f03380535a48da6284b210\log4j-1.2-api-2.6.2.jar;C:\Users\kmala\.gradle\caches\modules-2\files-2.1\net.java.dev.jna\jna\4.2.2\5012450aee579c3118ff09461d5ce210e0cdc2a9\jna-4.2.2.jar;C:\Users\kmala\workspace\Team3\test\framework\build\distributions\framework-5.0.0-alpha6-SNAPSHOT.jar;C:\Users\kmala\.gradle\caches\modules-2\files-2.1\com.carrotsearch.randomizedtesting\randomizedtesting-runner\2.3.2\307965917fe8a22b7ee72deba39ef4b8e6ebc069\randomizedtesting-runner-2.3.2.jar;C:\Users\kmala\.gradle\caches\modules-2\files-2.1\junit\junit\4.11\4e031bb61df09069aeb2bffb4019e7a5034a4ee0\junit-4.11.jar;C:\Users\kmala\.gradle\caches\modules-2\files-2.1\org.hamcrest\hamcrest-all\1.3\63a21ebc981131004ad02e0434e799fd7f3a8d5a\hamcrest-all-1.3.jar;C:\Users\kmala\.gradle\caches\modules-2\files-2.1\org.apache.lucene\lucene-test-framework\6.2.0\f5026be3983acfb40d4092dbfbc015ec6e6addab\lucene-test-framework-6.2.0.jar;C:\Users\kmala\.gradle\caches\modules-2\files-2.1\org.apache.lucene\lucene-codecs\6.2.0\99f887266b0ad9f2c286b3976c5bc48c8cd36624\lucene-codecs-6.2.0.jar;C:\Users\kmala\workspace\Team3\client\rest\build\distributions\rest-5.0.0-alpha6-SNAPSHOT.jar;C:\Users\kmala\.gradle\caches\modules-2\files-2.1\org.apache.httpcomponents\httpclient\4.5.2\733db77aa8d9b2d68015189df76ab06304406e50\httpclient-4.5.2.jar;C:\Users\kmala\.gradle\caches\modules-2\files-2.1\org.apache.httpcomponents\httpcore\4.4.5\e7501a1b34325abb00d17dde96150604a0658b54\httpcore-4.4.5.jar;C:\Users\kmala\.gradle\caches\modules-2\files-2.1\commons-logging\commons-logging\1.1.3\f6f66e966c70a83ffbdb6f17a0919eaf7c8aca7f\commons-logging-1.1.3.jar;C:\Users\kmala\.gradle\caches\modules-2\files-2.1\commons-codec\commons-codec\1.10\4b95f4897fa13f2cd904aee711aeafc0c5295cd8\commons-codec-1.10.jar;C:\Users\kmala\.gradle\caches\modules-2\files-2.1\org.elasticsearch\securemock\1.2\98201d4ad5ac93f6b415ae9172d52b5e7cda490e\securemock-1.2.jar;C:\Users\kmala\.gradle\caches\modules-2\files-2.1\org.apache.httpcomponents\httpasyncclient\4.1.2\95aa3e6fb520191a0970a73cf09f62948ee614be\httpasyncclient-4.1.2.jar;C:\Users\kmala\.gradle\caches\modules-2\files-2.1\org.apache.httpcomponents\httpcore-nio\4.4.5\f4be009e7505f6ceddf21e7960c759f413f15056\httpcore-nio-4.4.5.jar;C:\Users\kmala\.gradle\caches\modules-2\files-2.1\com.carrotsearch.randomizedtesting\junit4-ant\2.3.2\dc8f03f6111974092491f35b8269eb0fc57f52f7\junit4-ant-2.3.2.jar"/>
      <property name="java.class.version" value="52.0"/>
      <property name="java.endorsed.dirs" value="C:\Program Files\Java\jdk1.8.0_102\jre\lib\endorsed"/>
      <property name="java.ext.dirs" value="C:\Program Files\Java\jdk1.8.0_102\jre\lib\ext;C:\Windows\Sun\Java\lib\ext"/>
      <property name="java.home" value="C:\Program Files\Java\jdk1.8.0_102\jre"/>
      <property name="java.io.tmpdir" value="./temp"/>
      <property name="java.library.path" value="C:\Program Files\Java\jdk1.8.0_102\bin;C:\Windows\Sun\Java\bin;C:\Windows\system32;C:\Windows;C:\ProgramData\Oracle\Java\javapath;C:\Windows\system32;C:\Windows;C:\Windows\System32\Wbem;C:\Windows\System32\WindowsPowerShell\v1.0\;C:\Program Files (x86)\Skype\Phone\;C:\Tools\curl-7.50.1\bin;C:\Program Files\Git\cmd;C:\Tools\gradle-2.13\bin;C:\Tools\apache-maven-3.3.9\bin;C:\Program Files\doxygen\bin;C:\Tools\sonar-scanner-2.7\bin;C:\Windows\system32\config\systemprofile\.dnx\bin;C:\Program Files\Microsoft DNX\Dnvm\;C:\Program Files\Microsoft SQL Server\120\Tools\Binn\;C:\Users\kmala\AppData\Local\Microsoft\WindowsApps;;."/>
      <property name="java.runtime.name" value="Java(TM) SE Runtime Environment"/>
      <property name="java.runtime.version" value="1.8.0_102-b14"/>
      <property name="java.specification.name" value="Java Platform API Specification"/>
      <property name="java.specification.vendor" value="Oracle Corporation"/>
      <property name="java.specification.version" value="1.8"/>
      <property name="java.vendor" value="Oracle Corporation"/>
      <property name="java.vendor.url" value="http://java.oracle.com/"/>
      <property name="java.vendor.url.bug" value="http://bugreport.sun.com/bugreport/"/>
      <property name="java.version" value="1.8.0_102"/>
      <property name="java.vm.info" value="mixed mode"/>
      <property name="java.vm.name" value="Java HotSpot(TM) 64-Bit Server VM"/>
      <property name="java.vm.specification.name" value="Java Virtual Machine Specification"/>
      <property name="java.vm.specification.vendor" value="Oracle Corporation"/>
      <property name="java.vm.specification.version" value="1.8"/>
      <property name="java.vm.vendor" value="Oracle Corporation"/>
      <property name="java.vm.version" value="25.102-b14"/>
      <property name="jna.nosys" value="true"/>
      <property name="junit4.childvm.count" value="3"/>
      <property name="junit4.childvm.cwd" value="C:\Users\kmala\workspace\Team3\core\build\testrun\test\J2"/>
      <property name="junit4.childvm.id" value="2"/>
      <property name="junit4.memory.total" value="514850816"/>
      <property name="junit4.pidString" value="7260@DESKTOP-HP7QPF3"/>
      <property name="junit4.processors" value="4"/>
      <property name="line.separator" value="
"/>
      <property name="os.arch" value="amd64"/>
      <property name="os.name" value="Windows 10"/>
      <property name="os.version" value="10.0"/>
      <property name="path.separator" value=";"/>
      <property name="sun.arch.data.model" value="64"/>
      <property name="sun.boot.class.path" value="C:\Program Files\Java\jdk1.8.0_102\jre\lib\resources.jar;C:\Program Files\Java\jdk1.8.0_102\jre\lib\rt.jar;C:\Program Files\Java\jdk1.8.0_102\jre\lib\sunrsasign.jar;C:\Program Files\Java\jdk1.8.0_102\jre\lib\jsse.jar;C:\Program Files\Java\jdk1.8.0_102\jre\lib\jce.jar;C:\Program Files\Java\jdk1.8.0_102\jre\lib\charsets.jar;C:\Program Files\Java\jdk1.8.0_102\jre\lib\jfr.jar;C:\Program Files\Java\jdk1.8.0_102\jre\classes"/>
      <property name="sun.boot.library.path" value="C:\Program Files\Java\jdk1.8.0_102\jre\bin"/>
      <property name="sun.cpu.endian" value="little"/>
      <property name="sun.cpu.isalist" value="amd64"/>
      <property name="sun.desktop" value="windows"/>
      <property name="sun.io.unicode.encoding" value="UnicodeLittle"/>
      <property name="sun.java.command" value="com.carrotsearch.ant.tasks.junit4.slave.SlaveMainSafe -eventsfile C:\Users\kmala\workspace\Team3\core\build\testrun\test\temp\junit4-J2-20160918_124457_941.events @C:\Users\kmala\workspace\Team3\core\build\testrun\test\temp\junit4-J2-20160918_124457_941.suites -stdin"/>
      <property name="sun.java.launcher" value="SUN_STANDARD"/>
      <property name="sun.jnu.encoding" value="Cp1252"/>
      <property name="sun.management.compiler" value="HotSpot 64-Bit Tiered Compilers"/>
      <property name="sun.os.patch.level" value=""/>
      <property name="tests.artifact" value="core"/>
      <property name="tests.gradle" value="true"/>
      <property name="tests.ifNoTests" value="fail"/>
      <property name="tests.logger.level" value="WARN"/>
      <property name="tests.prefix" value="tests"/>
      <property name="tests.security.manager" value="true"/>
      <property name="tests.seed" value="FD13852EF36FC81C"/>
      <property name="tests.task" value=":core:test"/>
      <property name="user.country" value="US"/>
      <property name="user.dir" value="C:\Users\kmala\workspace\Team3\core\build\testrun\test\J2"/>
      <property name="user.home" value="C:\Users\kmala"/>
      <property name="user.language" value="en"/>
      <property name="user.name" value="kmala"/>
      <property name="user.script" value=""/>
      <property name="user.timezone" value=""/>
      <property name="user.variant" value=""/>
   </properties>
   <testcase classname="org.elasticsearch.index.mapper.LegacyDateFieldMapperTests" name="testThatNewIndicesOnlyAllowStrictDates" time="0.567"/>
   <testcase classname="org.elasticsearch.index.mapper.LegacyDateFieldMapperTests" name="testDayWithoutYearFormat" time="0.151"/>
   <testcase classname="org.elasticsearch.index.mapper.LegacyDateFieldMapperTests" name="testLocale" time="0.148"/>
   <testcase classname="org.elasticsearch.index.mapper.LegacyDateFieldMapperTests" name="testDateDetection" time="0.125"/>
   <testcase classname="org.elasticsearch.index.mapper.LegacyDateFieldMapperTests" name="testParseLocal" time="0.004"/>
   <testcase classname="org.elasticsearch.index.mapper.LegacyDateFieldMapperTests" name="testThatEpochCanBeIgnoredWithCustomFormat" time="0.866"/>
   <testcase classname="org.elasticsearch.index.mapper.LegacyDateFieldMapperTests" name="testTimestampAsDate" time="0.138"/>
   <testcase classname="org.elasticsearch.index.mapper.LegacyDateFieldMapperTests" name="testDefaultDocValues" time="0.166"/>
   <testcase classname="org.elasticsearch.index.mapper.LegacyDateFieldMapperTests" name="testAutomaticDateParser" time="0.185"/>
   <testcase classname="org.elasticsearch.index.mapper.LegacyDateFieldMapperTests" name="testThatMergingWorks" time="0.25"/>
   <testcase classname="org.elasticsearch.index.mapper.LegacyDateFieldMapperTests" name="testIgnoreMalformedOption" time="0.187"/>
   <testcase classname="org.elasticsearch.index.mapper.LegacyDateFieldMapperTests" name="testHourFormat" time="0.13"/>
   <system-out><![CDATA[[2016-09-18T00:49:12,007][INFO ][org.elasticsearch.node   ] [node_s_0] initializing ...
[2016-09-18T00:49:12,099][INFO ][org.elasticsearch.env    ] [node_s_0] using [1] data paths, mounts [[(C:)]], net usable_space [704.6gb], net total_space [780.6gb], spins? [unknown], types [NTFS]
[2016-09-18T00:49:12,099][INFO ][org.elasticsearch.env    ] [node_s_0] heap size [491mb], compressed ordinary object pointers [true]
[2016-09-18T00:49:12,104][INFO ][org.elasticsearch.node   ] [node_s_0] version[5.0.0-alpha6-SNAPSHOT], pid[7260], build[Unknown/Unknown], OS[Windows 10/10.0/amd64], JVM[Oracle Corporation/Java HotSpot(TM) 64-Bit Server VM/1.8.0_102/25.102-b14]
[2016-09-18T00:49:12,108][INFO ][org.elasticsearch.plugins] [node_s_0] no modules loaded
[2016-09-18T00:49:12,108][INFO ][org.elasticsearch.plugins] [node_s_0] loaded plugin [org.elasticsearch.test.InternalSettingsPlugin]
[2016-09-18T00:49:12,368][INFO ][org.elasticsearch.node   ] [node_s_0] initialized
[2016-09-18T00:49:12,369][INFO ][org.elasticsearch.node   ] [node_s_0] starting ...
[2016-09-18T00:49:12,372][INFO ][org.elasticsearch.transport] [node_s_0] publish_address {local[105]}, bound_addresses {local[105]}
[2016-09-18T00:49:12,373][INFO ][org.elasticsearch.cluster.service] [node_s_0] new_master {node_s_0}{LYdrpf1rSWm7bPq-adoPXg}{8l_45NyNQxmgzGotg2Yv3A}{local}{local[105]}, reason: local-disco-initial_connect(master)
[2016-09-18T00:49:12,375][INFO ][org.elasticsearch.node   ] [node_s_0] started
[2016-09-18T00:49:12,397][INFO ][org.elasticsearch.gateway] [node_s_0] recovered [0] indices into cluster_state
[2016-09-18T00:49:12,428][INFO ][org.elasticsearch.cluster.metadata] [node_s_0] [test] creating index, cause [api], templates [random_index_template], shards [1]/[0], mappings []
[2016-09-18T00:49:12,505][INFO ][org.elasticsearch.cluster.routing.allocation] [node_s_0] Cluster health status changed from [YELLOW] to [GREEN] (reason: [shards started [[test][0]] ...]).
[2016-09-18T00:49:12,518][INFO ][org.elasticsearch.cluster.metadata] [node_s_0] [test/8ZS4b1EUTHeVY5ffS4priA] create_mapping [type]
[2016-09-18T00:49:12,530][INFO ][org.elasticsearch.index.mapper] [node_s_0] [test] [LegacyDateFieldMapperTests#testThatNewIndicesOnlyAllowStrictDates]: cleaning up after test
[2016-09-18T00:49:12,573][INFO ][org.elasticsearch.cluster.metadata] [node_s_0] [test] creating index, cause [api], templates [random_index_template], shards [1]/[0], mappings []
[2016-09-18T00:49:12,623][INFO ][org.elasticsearch.cluster.routing.allocation] [node_s_0] Cluster health status changed from [YELLOW] to [GREEN] (reason: [shards started [[test][0]] ...]).
[2016-09-18T00:49:12,642][INFO ][org.elasticsearch.cluster.metadata] [node_s_0] [test/Ym6iWoCBT7qh6fB0K-M2ew] create_mapping [type]
[2016-09-18T00:49:12,676][INFO ][org.elasticsearch.index.mapper] [node_s_0] [test] [LegacyDateFieldMapperTests#testDayWithoutYearFormat]: cleaning up after test
[2016-09-18T00:49:12,726][INFO ][org.elasticsearch.cluster.metadata] [node_s_0] [test] creating index, cause [api], templates [random_index_template], shards [1]/[0], mappings []
[2016-09-18T00:49:12,801][INFO ][org.elasticsearch.cluster.routing.allocation] [node_s_0] Cluster health status changed from [YELLOW] to [GREEN] (reason: [shards started [[test][0]] ...]).
[2016-09-18T00:49:12,818][INFO ][org.elasticsearch.cluster.metadata] [node_s_0] [test/l2HVe_bGTuOu_n8KFf9P6A] create_mapping [type]
[2016-09-18T00:49:12,835][INFO ][org.elasticsearch.index.mapper] [node_s_0] [test] [LegacyDateFieldMapperTests#testLocale]: cleaning up after test
[2016-09-18T00:49:12,872][INFO ][org.elasticsearch.cluster.metadata] [node_s_0] [test] creating index, cause [api], templates [random_index_template], shards [1]/[0], mappings []
[2016-09-18T00:49:12,916][INFO ][org.elasticsearch.cluster.routing.allocation] [node_s_0] Cluster health status changed from [YELLOW] to [GREEN] (reason: [shards started [[test][0]] ...]).
[2016-09-18T00:49:12,942][INFO ][org.elasticsearch.cluster.metadata] [node_s_0] [test/sF8QZ7_fS5-6GkyHC6qV_Q] create_mapping [type]
[2016-09-18T00:49:12,954][INFO ][org.elasticsearch.index.mapper] [node_s_0] [test] [LegacyDateFieldMapperTests#testDateDetection]: cleaning up after test
[2016-09-18T00:49:12,995][INFO ][org.elasticsearch.index.mapper] [node_s_0] [test] [LegacyDateFieldMapperTests#testParseLocal]: cleaning up after test
[2016-09-18T00:49:13,002][INFO ][org.elasticsearch.cluster.metadata] [node_s_0] [test1] creating index, cause [api], templates [random_index_template], shards [1]/[0], mappings []
[2016-09-18T00:49:13,060][INFO ][org.elasticsearch.cluster.routing.allocation] [node_s_0] Cluster health status changed from [YELLOW] to [GREEN] (reason: [shards started [[test1][0]] ...]).
[2016-09-18T00:49:13,084][INFO ][org.elasticsearch.cluster.metadata] [node_s_0] [test1/o-OCTqWoQya0ckC2OQj_uA] create_mapping [type]
[2016-09-18T00:49:13,102][INFO ][org.elasticsearch.cluster.metadata] [node_s_0] [test2] creating index, cause [auto(index api)], templates [random_index_template], shards [1]/[0], mappings []
[2016-09-18T00:49:13,539][INFO ][org.elasticsearch.cluster.routing.allocation] [node_s_0] Cluster health status changed from [YELLOW] to [GREEN] (reason: [shards started [[test2][0]] ...]).
[2016-09-18T00:49:13,555][INFO ][org.elasticsearch.cluster.metadata] [node_s_0] [test2/ScVIisSZRPu0vAw0KHY-ug] create_mapping [test]
[2016-09-18T00:49:13,581][INFO ][org.elasticsearch.cluster.metadata] [node_s_0] [test] creating index, cause [auto(index api)], templates [random_index_template], shards [1]/[0], mappings []
[2016-09-18T00:49:13,694][INFO ][org.elasticsearch.cluster.routing.allocation] [node_s_0] Cluster health status changed from [YELLOW] to [GREEN] (reason: [shards started [[test][0]] ...]).
[2016-09-18T00:49:13,708][INFO ][org.elasticsearch.cluster.metadata] [node_s_0] [test/gmfWbG2nRHShmCPyniUXhQ] create_mapping [test]
[2016-09-18T00:49:13,738][INFO ][org.elasticsearch.index.mapper] [node_s_0] [test] [LegacyDateFieldMapperTests#testThatEpochCanBeIgnoredWithCustomFormat]: cleaning up after test
[2016-09-18T00:49:13,872][INFO ][org.elasticsearch.cluster.metadata] [node_s_0] [test] creating index, cause [api], templates [random_index_template], shards [1]/[0], mappings []
[2016-09-18T00:49:13,934][INFO ][org.elasticsearch.cluster.routing.allocation] [node_s_0] Cluster health status changed from [YELLOW] to [GREEN] (reason: [shards started [[test][0]] ...]).
[2016-09-18T00:49:13,949][INFO ][org.elasticsearch.cluster.metadata] [node_s_0] [test/K1MkJrezQwK2qQRNikIpyQ] create_mapping [type]
[2016-09-18T00:49:13,961][INFO ][org.elasticsearch.index.mapper] [node_s_0] [test] [LegacyDateFieldMapperTests#testTimestampAsDate]: cleaning up after test
[2016-09-18T00:49:14,006][INFO ][org.elasticsearch.cluster.metadata] [node_s_0] [test] creating index, cause [api], templates [random_index_template], shards [1]/[0], mappings []
[2016-09-18T00:49:14,082][INFO ][org.elasticsearch.cluster.routing.allocation] [node_s_0] Cluster health status changed from [YELLOW] to [GREEN] (reason: [shards started [[test][0]] ...]).
[2016-09-18T00:49:14,097][INFO ][org.elasticsearch.cluster.metadata] [node_s_0] [test/g8fXyylYSQiHb2qNiTAPEQ] create_mapping [type]
[2016-09-18T00:49:14,126][INFO ][org.elasticsearch.index.mapper] [node_s_0] [test] [LegacyDateFieldMapperTests#testDefaultDocValues]: cleaning up after test
[2016-09-18T00:49:14,172][INFO ][org.elasticsearch.cluster.metadata] [node_s_0] [test] creating index, cause [api], templates [random_index_template], shards [1]/[0], mappings []
[2016-09-18T00:49:14,251][INFO ][org.elasticsearch.cluster.routing.allocation] [node_s_0] Cluster health status changed from [YELLOW] to [GREEN] (reason: [shards started [[test][0]] ...]).
[2016-09-18T00:49:14,265][INFO ][org.elasticsearch.cluster.metadata] [node_s_0] [test/f_d-hbpaSUu5Y35dEW0z_Q] create_mapping [type]
[2016-09-18T00:49:14,281][INFO ][org.elasticsearch.cluster.metadata] [node_s_0] [test/f_d-hbpaSUu5Y35dEW0z_Q] update_mapping [type]
[2016-09-18T00:49:14,325][INFO ][org.elasticsearch.index.mapper] [node_s_0] [test] [LegacyDateFieldMapperTests#testAutomaticDateParser]: cleaning up after test
[2016-09-18T00:49:14,357][INFO ][org.elasticsearch.cluster.metadata] [node_s_0] [test1] creating index, cause [api], templates [random_index_template], shards [1]/[0], mappings []
[2016-09-18T00:49:14,405][INFO ][org.elasticsearch.cluster.routing.allocation] [node_s_0] Cluster health status changed from [YELLOW] to [GREEN] (reason: [shards started [[test1][0]] ...]).
[2016-09-18T00:49:14,420][INFO ][org.elasticsearch.cluster.metadata] [node_s_0] [test1/JsCR5G86QeGJFGz7_6UZDg] create_mapping [type]
[2016-09-18T00:49:14,442][INFO ][org.elasticsearch.cluster.metadata] [node_s_0] [test2] creating index, cause [api], templates [random_index_template], shards [1]/[0], mappings []
[2016-09-18T00:49:14,492][INFO ][org.elasticsearch.cluster.routing.allocation] [node_s_0] Cluster health status changed from [YELLOW] to [GREEN] (reason: [shards started [[test2][0]] ...]).
[2016-09-18T00:49:14,505][INFO ][org.elasticsearch.cluster.metadata] [node_s_0] [test2/QR0OteV6S5CovoGjNkMuMA] create_mapping [type]
[2016-09-18T00:49:14,527][INFO ][org.elasticsearch.index.mapper] [node_s_0] [test2] [LegacyDateFieldMapperTests#testThatMergingWorks]: cleaning up after test
[2016-09-18T00:49:14,609][INFO ][org.elasticsearch.cluster.metadata] [node_s_0] [test] creating index, cause [api], templates [random_index_template], shards [1]/[0], mappings []
[2016-09-18T00:49:14,663][INFO ][org.elasticsearch.cluster.routing.allocation] [node_s_0] Cluster health status changed from [YELLOW] to [GREEN] (reason: [shards started [[test][0]] ...]).
[2016-09-18T00:49:14,679][INFO ][org.elasticsearch.cluster.metadata] [node_s_0] [test/lv8ZGHqrQtij8gdT_MHbNg] create_mapping [type]
[2016-09-18T00:49:14,692][INFO ][org.elasticsearch.cluster.metadata] [node_s_0] [test2] creating index, cause [api], templates [random_index_template], shards [1]/[0], mappings []
[2016-09-18T00:49:14,732][INFO ][org.elasticsearch.cluster.routing.allocation] [node_s_0] Cluster health status changed from [YELLOW] to [GREEN] (reason: [shards started [[test2][0]] ...]).
[2016-09-18T00:49:14,741][INFO ][org.elasticsearch.index.mapper] [node_s_0] [test2] [LegacyDateFieldMapperTests#testIgnoreMalformedOption]: cleaning up after test
[2016-09-18T00:49:14,794][INFO ][org.elasticsearch.cluster.metadata] [node_s_0] [test] creating index, cause [api], templates [random_index_template], shards [1]/[0], mappings []
[2016-09-18T00:49:14,860][INFO ][org.elasticsearch.cluster.routing.allocation] [node_s_0] Cluster health status changed from [YELLOW] to [GREEN] (reason: [shards started [[test][0]] ...]).
[2016-09-18T00:49:14,876][INFO ][org.elasticsearch.cluster.metadata] [node_s_0] [test/GjpSgXGWQw2Ch9BAT26DvQ] create_mapping [type]
[2016-09-18T00:49:14,891][INFO ][org.elasticsearch.index.mapper] [node_s_0] [test] [LegacyDateFieldMapperTests#testHourFormat]: cleaning up after test
[2016-09-18T00:49:14,918][INFO ][org.elasticsearch.node   ] [node_s_0] stopping ...
[2016-09-18T00:49:14,918][INFO ][org.elasticsearch.node   ] [node_s_0] stopped
[2016-09-18T00:49:14,918][INFO ][org.elasticsearch.node   ] [node_s_0] closing ...
[2016-09-18T00:49:14,920][INFO ][org.elasticsearch.node   ] [node_s_0] closed
]]></system-out>
   <system-err><![CDATA[]]></system-err>
</testsuite>