<testsuite errors="0" failures="0" tests="9" skipped="0" name="org.elasticsearch.action.admin.cluster.node.tasks.TransportTasksActionTests" hostname="nohost.nodomain" time="1.917" timestamp="2016-09-18T13:15:47">
   <properties class="java.util.ArrayList">
      <property name="awt.toolkit" value="sun.awt.windows.WToolkit"/>
      <property name="file.encoding" value="Cp1252"/>
      <property name="file.encoding.pkg" value="sun.io"/>
      <property name="file.separator" value="\"/>
      <property name="java.awt.graphicsenv" value="sun.awt.Win32GraphicsEnvironment"/>
      <property name="java.awt.headless" value="true"/>
      <property name="java.awt.printerjob" value="sun.awt.windows.WPrinterJob"/>
      <property name="java.class.path" value="C:\Users\kmala\workspace\Team3\core\build\classes\test;C:\Users\kmala\workspace\Team3\core\build\resources\test;C:\Users\kmala\workspace\Team3\core\build\classes\main;C:\Users\kmala\workspace\Team3\core\build\resources\main;C:\Users\kmala\.gradle\caches\modules-2\files-2.1\org.apache.lucene\lucene-core\6.2.0\849ee62525a294416802be2cacc66c80352f6f13\lucene-core-6.2.0.jar;C:\Users\kmala\.gradle\caches\modules-2\files-2.1\org.apache.lucene\lucene-analyzers-common\6.2.0\d254d52dd394b5079129f3d5f3bf4f2d44a5936e\lucene-analyzers-common-6.2.0.jar;C:\Users\kmala\.gradle\caches\modules-2\files-2.1\org.apache.lucene\lucene-backward-codecs\6.2.0\b625bb21456b3c0d1e5e431bced125cb060c1abd\lucene-backward-codecs-6.2.0.jar;C:\Users\kmala\.gradle\caches\modules-2\files-2.1\org.apache.lucene\lucene-grouping\6.2.0\9527fedfd5acc624b2bb3f862bd99fb8f470b053\lucene-grouping-6.2.0.jar;C:\Users\kmala\.gradle\caches\modules-2\files-2.1\org.apache.lucene\lucene-highlighter\6.2.0\7ca342372a3f45e32bbd21cecaa757e38eccb8a5\lucene-highlighter-6.2.0.jar;C:\Users\kmala\.gradle\caches\modules-2\files-2.1\org.apache.lucene\lucene-join\6.2.0\da0b8de98511abd4fe9c7d48a353d17854c5ed46\lucene-join-6.2.0.jar;C:\Users\kmala\.gradle\caches\modules-2\files-2.1\org.apache.lucene\lucene-memory\6.2.0\bc9e075b1ee051c8e5246c237c38d8e71dab8a66\lucene-memory-6.2.0.jar;C:\Users\kmala\.gradle\caches\modules-2\files-2.1\org.apache.lucene\lucene-misc\6.2.0\94ddde6312566a4da4a50a88e453b6c82c759b41\lucene-misc-6.2.0.jar;C:\Users\kmala\.gradle\caches\modules-2\files-2.1\org.apache.lucene\lucene-queries\6.2.0\dce47238f78e3e97d91dc6fefa9f46f07866bc2b\lucene-queries-6.2.0.jar;C:\Users\kmala\.gradle\caches\modules-2\files-2.1\org.apache.lucene\lucene-queryparser\6.2.0\17ef728ac15e668bfa1105321611548424637645\lucene-queryparser-6.2.0.jar;C:\Users\kmala\.gradle\caches\modules-2\files-2.1\org.apache.lucene\lucene-sandbox\6.2.0\520183f7b9aba77a26e224760c420a3844b0631a\lucene-sandbox-6.2.0.jar;C:\Users\kmala\.gradle\caches\modules-2\files-2.1\org.apache.lucene\lucene-spatial\6.2.0\8dba929b66927b936fbc76103b109ad6c824daee\lucene-spatial-6.2.0.jar;C:\Users\kmala\.gradle\caches\modules-2\files-2.1\org.apache.lucene\lucene-spatial-extras\6.2.0\3b5a6ef5cd90c0218a72e9e2f7e60104be2447da\lucene-spatial-extras-6.2.0.jar;C:\Users\kmala\.gradle\caches\modules-2\files-2.1\org.apache.lucene\lucene-spatial3d\6.2.0\fcdb0567725722c5145149d1502848b6a96ec18d\lucene-spatial3d-6.2.0.jar;C:\Users\kmala\.gradle\caches\modules-2\files-2.1\org.apache.lucene\lucene-suggest\6.2.0\3d9d526c51f483d27f425c75d7e56bc0849242d6\lucene-suggest-6.2.0.jar;C:\Users\kmala\.gradle\caches\modules-2\files-2.1\org.elasticsearch\securesm\1.1\1e423447d020041534be94c0f31a49fbdc1f2950\securesm-1.1.jar;C:\Users\kmala\.gradle\caches\modules-2\files-2.1\net.sf.jopt-simple\jopt-simple\5.0.2\98cafc6081d5632b61be2c9e60650b64ddbc637c\jopt-simple-5.0.2.jar;C:\Users\kmala\.gradle\caches\modules-2\files-2.1\com.carrotsearch\hppc\0.7.1\8b5057f74ea378c0150a1860874a3ebdcb713767\hppc-0.7.1.jar;C:\Users\kmala\.gradle\caches\modules-2\files-2.1\joda-time\joda-time\2.9.4\1c295b462f16702ebe720bbb08f62e1ba80da41b\joda-time-2.9.4.jar;C:\Users\kmala\.gradle\caches\modules-2\files-2.1\org.joda\joda-convert\1.2\35ec554f0cd00c956cc69051514d9488b1374dec\joda-convert-1.2.jar;C:\Users\kmala\.gradle\caches\modules-2\files-2.1\org.yaml\snakeyaml\1.15\3b132bea69e8ee099f416044970997bde80f4ea6\snakeyaml-1.15.jar;C:\Users\kmala\.gradle\caches\modules-2\files-2.1\com.fasterxml.jackson.core\jackson-core\2.8.1\fd13b1c033741d48291315c6370f7d475a42dccf\jackson-core-2.8.1.jar;C:\Users\kmala\.gradle\caches\modules-2\files-2.1\com.fasterxml.jackson.dataformat\jackson-dataformat-smile\2.8.1\5b73867bc12224946fc67fc8d49d9f5e698d7f\jackson-dataformat-smile-2.8.1.jar;C:\Users\kmala\.gradle\caches\modules-2\files-2.1\com.fasterxml.jackson.dataformat\jackson-dataformat-yaml\2.8.1\eb63166c723b0b4b9fb5298fca232a2f6612ec34\jackson-dataformat-yaml-2.8.1.jar;C:\Users\kmala\.gradle\caches\modules-2\files-2.1\com.fasterxml.jackson.dataformat\jackson-dataformat-cbor\2.8.1\3a6fb7e75c9972559a78cf5cfc5a48a41a13ea40\jackson-dataformat-cbor-2.8.1.jar;C:\Users\kmala\.gradle\caches\modules-2\files-2.1\com.tdunning\t-digest\3.0\84ccf145ac2215e6bfa63baa3101c0af41017cfc\t-digest-3.0.jar;C:\Users\kmala\.gradle\caches\modules-2\files-2.1\org.hdrhistogram\HdrHistogram\2.1.6\7495feb7f71ee124bd2a7e7d83590e296d71d80e\HdrHistogram-2.1.6.jar;C:\Users\kmala\.gradle\caches\modules-2\files-2.1\org.locationtech.spatial4j\spatial4j\0.6\21b15310bddcfd8c72611c180f20cf23279809a3\spatial4j-0.6.jar;C:\Users\kmala\.gradle\caches\modules-2\files-2.1\com.vividsolutions\jts\1.13\3ccfb9b60f04d71add996a666ceb8902904fd805\jts-1.13.jar;C:\Users\kmala\.gradle\caches\modules-2\files-2.1\org.apache.logging.log4j\log4j-api\2.6.2\bd1b74a5d170686362091c7cf596bbc3adf5c09b\log4j-api-2.6.2.jar;C:\Users\kmala\.gradle\caches\modules-2\files-2.1\org.apache.logging.log4j\log4j-core\2.6.2\a91369f655eb1639c6aece5c5eb5108db18306\log4j-core-2.6.2.jar;C:\Users\kmala\.gradle\caches\modules-2\files-2.1\org.apache.logging.log4j\log4j-1.2-api\2.6.2\3b4c5a8b734b6a29b2f03380535a48da6284b210\log4j-1.2-api-2.6.2.jar;C:\Users\kmala\.gradle\caches\modules-2\files-2.1\net.java.dev.jna\jna\4.2.2\5012450aee579c3118ff09461d5ce210e0cdc2a9\jna-4.2.2.jar;C:\Users\kmala\workspace\Team3\test\framework\build\distributions\framework-5.0.0-alpha6-SNAPSHOT.jar;C:\Users\kmala\.gradle\caches\modules-2\files-2.1\com.carrotsearch.randomizedtesting\randomizedtesting-runner\2.3.2\307965917fe8a22b7ee72deba39ef4b8e6ebc069\randomizedtesting-runner-2.3.2.jar;C:\Users\kmala\.gradle\caches\modules-2\files-2.1\junit\junit\4.11\4e031bb61df09069aeb2bffb4019e7a5034a4ee0\junit-4.11.jar;C:\Users\kmala\.gradle\caches\modules-2\files-2.1\org.hamcrest\hamcrest-all\1.3\63a21ebc981131004ad02e0434e799fd7f3a8d5a\hamcrest-all-1.3.jar;C:\Users\kmala\.gradle\caches\modules-2\files-2.1\org.apache.lucene\lucene-test-framework\6.2.0\f5026be3983acfb40d4092dbfbc015ec6e6addab\lucene-test-framework-6.2.0.jar;C:\Users\kmala\.gradle\caches\modules-2\files-2.1\org.apache.lucene\lucene-codecs\6.2.0\99f887266b0ad9f2c286b3976c5bc48c8cd36624\lucene-codecs-6.2.0.jar;C:\Users\kmala\workspace\Team3\client\rest\build\distributions\rest-5.0.0-alpha6-SNAPSHOT.jar;C:\Users\kmala\.gradle\caches\modules-2\files-2.1\org.apache.httpcomponents\httpclient\4.5.2\733db77aa8d9b2d68015189df76ab06304406e50\httpclient-4.5.2.jar;C:\Users\kmala\.gradle\caches\modules-2\files-2.1\org.apache.httpcomponents\httpcore\4.4.5\e7501a1b34325abb00d17dde96150604a0658b54\httpcore-4.4.5.jar;C:\Users\kmala\.gradle\caches\modules-2\files-2.1\commons-logging\commons-logging\1.1.3\f6f66e966c70a83ffbdb6f17a0919eaf7c8aca7f\commons-logging-1.1.3.jar;C:\Users\kmala\.gradle\caches\modules-2\files-2.1\commons-codec\commons-codec\1.10\4b95f4897fa13f2cd904aee711aeafc0c5295cd8\commons-codec-1.10.jar;C:\Users\kmala\.gradle\caches\modules-2\files-2.1\org.elasticsearch\securemock\1.2\98201d4ad5ac93f6b415ae9172d52b5e7cda490e\securemock-1.2.jar;C:\Users\kmala\.gradle\caches\modules-2\files-2.1\org.apache.httpcomponents\httpasyncclient\4.1.2\95aa3e6fb520191a0970a73cf09f62948ee614be\httpasyncclient-4.1.2.jar;C:\Users\kmala\.gradle\caches\modules-2\files-2.1\org.apache.httpcomponents\httpcore-nio\4.4.5\f4be009e7505f6ceddf21e7960c759f413f15056\httpcore-nio-4.4.5.jar;C:\Users\kmala\.gradle\caches\modules-2\files-2.1\com.carrotsearch.randomizedtesting\junit4-ant\2.3.2\dc8f03f6111974092491f35b8269eb0fc57f52f7\junit4-ant-2.3.2.jar"/>
      <property name="java.class.version" value="52.0"/>
      <property name="java.endorsed.dirs" value="C:\Program Files\Java\jdk1.8.0_102\jre\lib\endorsed"/>
      <property name="java.ext.dirs" value="C:\Program Files\Java\jdk1.8.0_102\jre\lib\ext;C:\Windows\Sun\Java\lib\ext"/>
      <property name="java.home" value="C:\Program Files\Java\jdk1.8.0_102\jre"/>
      <property name="java.io.tmpdir" value="./temp"/>
      <property name="java.library.path" value="C:\Program Files\Java\jdk1.8.0_102\bin;C:\Windows\Sun\Java\bin;C:\Windows\system32;C:\Windows;C:\ProgramData\Oracle\Java\javapath;C:\Windows\system32;C:\Windows;C:\Windows\System32\Wbem;C:\Windows\System32\WindowsPowerShell\v1.0\;C:\Program Files (x86)\Skype\Phone\;C:\Tools\curl-7.50.1\bin;C:\Program Files\Git\cmd;C:\Tools\gradle-2.13\bin;C:\Tools\apache-maven-3.3.9\bin;C:\Program Files\doxygen\bin;C:\Tools\sonar-scanner-2.7\bin;C:\Windows\system32\config\systemprofile\.dnx\bin;C:\Program Files\Microsoft DNX\Dnvm\;C:\Program Files\Microsoft SQL Server\120\Tools\Binn\;C:\Users\kmala\AppData\Local\Microsoft\WindowsApps;;."/>
      <property name="java.runtime.name" value="Java(TM) SE Runtime Environment"/>
      <property name="java.runtime.version" value="1.8.0_102-b14"/>
      <property name="java.specification.name" value="Java Platform API Specification"/>
      <property name="java.specification.vendor" value="Oracle Corporation"/>
      <property name="java.specification.version" value="1.8"/>
      <property name="java.vendor" value="Oracle Corporation"/>
      <property name="java.vendor.url" value="http://java.oracle.com/"/>
      <property name="java.vendor.url.bug" value="http://bugreport.sun.com/bugreport/"/>
      <property name="java.version" value="1.8.0_102"/>
      <property name="java.vm.info" value="mixed mode"/>
      <property name="java.vm.name" value="Java HotSpot(TM) 64-Bit Server VM"/>
      <property name="java.vm.specification.name" value="Java Virtual Machine Specification"/>
      <property name="java.vm.specification.vendor" value="Oracle Corporation"/>
      <property name="java.vm.specification.version" value="1.8"/>
      <property name="java.vm.vendor" value="Oracle Corporation"/>
      <property name="java.vm.version" value="25.102-b14"/>
      <property name="jna.nosys" value="true"/>
      <property name="junit4.childvm.count" value="3"/>
      <property name="junit4.childvm.cwd" value="C:\Users\kmala\workspace\Team3\core\build\testrun\test\J0"/>
      <property name="junit4.childvm.id" value="0"/>
      <property name="junit4.memory.total" value="514850816"/>
      <property name="junit4.pidString" value="12196@DESKTOP-HP7QPF3"/>
      <property name="junit4.processors" value="4"/>
      <property name="line.separator" value="
"/>
      <property name="os.arch" value="amd64"/>
      <property name="os.name" value="Windows 10"/>
      <property name="os.version" value="10.0"/>
      <property name="path.separator" value=";"/>
      <property name="sun.arch.data.model" value="64"/>
      <property name="sun.boot.class.path" value="C:\Program Files\Java\jdk1.8.0_102\jre\lib\resources.jar;C:\Program Files\Java\jdk1.8.0_102\jre\lib\rt.jar;C:\Program Files\Java\jdk1.8.0_102\jre\lib\sunrsasign.jar;C:\Program Files\Java\jdk1.8.0_102\jre\lib\jsse.jar;C:\Program Files\Java\jdk1.8.0_102\jre\lib\jce.jar;C:\Program Files\Java\jdk1.8.0_102\jre\lib\charsets.jar;C:\Program Files\Java\jdk1.8.0_102\jre\lib\jfr.jar;C:\Program Files\Java\jdk1.8.0_102\jre\classes"/>
      <property name="sun.boot.library.path" value="C:\Program Files\Java\jdk1.8.0_102\jre\bin"/>
      <property name="sun.cpu.endian" value="little"/>
      <property name="sun.cpu.isalist" value="amd64"/>
      <property name="sun.desktop" value="windows"/>
      <property name="sun.io.unicode.encoding" value="UnicodeLittle"/>
      <property name="sun.java.command" value="com.carrotsearch.ant.tasks.junit4.slave.SlaveMainSafe -eventsfile C:\Users\kmala\workspace\Team3\core\build\testrun\test\temp\junit4-J0-20160918_131412_265.events @C:\Users\kmala\workspace\Team3\core\build\testrun\test\temp\junit4-J0-20160918_131412_265.suites -stdin"/>
      <property name="sun.java.launcher" value="SUN_STANDARD"/>
      <property name="sun.jnu.encoding" value="Cp1252"/>
      <property name="sun.management.compiler" value="HotSpot 64-Bit Tiered Compilers"/>
      <property name="sun.os.patch.level" value=""/>
      <property name="tests.artifact" value="core"/>
      <property name="tests.gradle" value="true"/>
      <property name="tests.ifNoTests" value="fail"/>
      <property name="tests.logger.level" value="WARN"/>
      <property name="tests.prefix" value="tests"/>
      <property name="tests.security.manager" value="true"/>
      <property name="tests.seed" value="DB64F96F238DCA2A"/>
      <property name="tests.task" value=":core:test"/>
      <property name="user.country" value="US"/>
      <property name="user.dir" value="C:\Users\kmala\workspace\Team3\core\build\testrun\test\J0"/>
      <property name="user.home" value="C:\Users\kmala"/>
      <property name="user.language" value="en"/>
      <property name="user.name" value="kmala"/>
      <property name="user.script" value=""/>
      <property name="user.timezone" value=""/>
      <property name="user.variant" value=""/>
   </properties>
   <testcase classname="org.elasticsearch.action.admin.cluster.node.tasks.TransportTasksActionTests" name="testCancellingTasksThatDontSupportCancellation" time="0.524"/>
   <testcase classname="org.elasticsearch.action.admin.cluster.node.tasks.TransportTasksActionTests" name="testTasksToXContentGrouping" time="0.177"/>
   <testcase classname="org.elasticsearch.action.admin.cluster.node.tasks.TransportTasksActionTests" name="testTasksDescriptions" time="0.094"/>
   <testcase classname="org.elasticsearch.action.admin.cluster.node.tasks.TransportTasksActionTests" name="testTaskManagementOptOut" time="0.337"/>
   <testcase classname="org.elasticsearch.action.admin.cluster.node.tasks.TransportTasksActionTests" name="testTaskNodeFiltering" time="0.062"/>
   <testcase classname="org.elasticsearch.action.admin.cluster.node.tasks.TransportTasksActionTests" name="testRunningTasksCount" time="0.128"/>
   <testcase classname="org.elasticsearch.action.admin.cluster.node.tasks.TransportTasksActionTests" name="testTaskLevelActionFailures" time="0.142"/>
   <testcase classname="org.elasticsearch.action.admin.cluster.node.tasks.TransportTasksActionTests" name="testFailedTasksCount" time="0.041"/>
   <testcase classname="org.elasticsearch.action.admin.cluster.node.tasks.TransportTasksActionTests" name="testFindChildTasks" time="0.102"/>
   <system-out><![CDATA[[2016-09-18T08:15:47,737][INFO ][org.elasticsearch.cluster.service] [node_s_0] new_master {node}{NM8IPtT2T8CKswmhaYdxDg}{local}{local[108]}, reason: test setting state
[2016-09-18T08:15:47,746][INFO ][org.elasticsearch.action.admin.cluster.node.tasks] publish_address {local[14]}, bound_addresses {local[14]}
[2016-09-18T08:15:47,803][INFO ][org.elasticsearch.cluster.service] [node_s_0] new_master {node}{MdKWMDB5SiqZI2NHl2SUuA}{local}{local[109]}, reason: test setting state
[2016-09-18T08:15:47,805][INFO ][org.elasticsearch.action.admin.cluster.node.tasks] publish_address {local[15]}, bound_addresses {local[15]}
[2016-09-18T08:15:47,834][INFO ][org.elasticsearch.cluster.service] [node_s_0] new_master {node}{uLmIFOezQS2rfEEZqwUxOg}{local}{local[110]}, reason: test setting state
[2016-09-18T08:15:47,835][INFO ][org.elasticsearch.action.admin.cluster.node.tasks] publish_address {local[16]}, bound_addresses {local[16]}
[2016-09-18T08:15:47,858][INFO ][org.elasticsearch.cluster.service] [node_s_0] new_master {node}{S7O_VFDLRIeO0FfsZ_mo6w}{local}{local[111]}, reason: test setting state
[2016-09-18T08:15:47,859][INFO ][org.elasticsearch.action.admin.cluster.node.tasks] publish_address {local[17]}, bound_addresses {local[17]}
[2016-09-18T08:15:47,878][INFO ][org.elasticsearch.cluster.service] [node_s_0] new_master {node}{mDPu0D2JQ662duKCE9T_qA}{local}{local[112]}, reason: test setting state
[2016-09-18T08:15:47,879][INFO ][org.elasticsearch.action.admin.cluster.node.tasks] publish_address {local[18]}, bound_addresses {local[18]}
[2016-09-18T08:15:47,889][INFO ][org.elasticsearch.cluster.service] [node_s_0] new_master {node}{R3ni8rr7SvKZIZ89HtSaHg}{local}{local[113]}, reason: test setting state
[2016-09-18T08:15:47,890][INFO ][org.elasticsearch.action.admin.cluster.node.tasks] publish_address {local[19]}, bound_addresses {local[19]}
[2016-09-18T08:15:47,893][INFO ][org.elasticsearch.cluster.service] [node_s_0] master {new {node0}{vNiMFeCHQwS9yKjVKdjxzQ}{local}{local[14]}, previous {node}{NM8IPtT2T8CKswmhaYdxDg}{local}{local[108]}}, removed {{node}{NM8IPtT2T8CKswmhaYdxDg}{local}{local[108]},}, added {{node1}{BZ5htAPwSaGT9CNUsMAk_g}{local}{local[15]},{node3}{rnXqqw4-STG0yTCanYd9tQ}{local}{local[17]},{node4}{tkvFOp5cRM6eYzLdVA-vcw}{local}{local[18]},{node2}{uIw3AruxTnubnutvZxo4OQ}{local}{local[16]},{node5}{wto3QIXQSUau2_A2dfqEHg}{local}{local[19]},}, reason: test setting state
[2016-09-18T08:15:47,894][INFO ][org.elasticsearch.cluster.service] [node_s_0] master {new {node0}{vNiMFeCHQwS9yKjVKdjxzQ}{local}{local[14]}, previous {node}{MdKWMDB5SiqZI2NHl2SUuA}{local}{local[109]}}, removed {{node}{MdKWMDB5SiqZI2NHl2SUuA}{local}{local[109]},}, added {{node3}{rnXqqw4-STG0yTCanYd9tQ}{local}{local[17]},{node4}{tkvFOp5cRM6eYzLdVA-vcw}{local}{local[18]},{node2}{uIw3AruxTnubnutvZxo4OQ}{local}{local[16]},{node5}{wto3QIXQSUau2_A2dfqEHg}{local}{local[19]},{node0}{vNiMFeCHQwS9yKjVKdjxzQ}{local}{local[14]},}, reason: test setting state
[2016-09-18T08:15:47,894][INFO ][org.elasticsearch.cluster.service] [node_s_0] master {new {node0}{vNiMFeCHQwS9yKjVKdjxzQ}{local}{local[14]}, previous {node}{uLmIFOezQS2rfEEZqwUxOg}{local}{local[110]}}, removed {{node}{uLmIFOezQS2rfEEZqwUxOg}{local}{local[110]},}, added {{node1}{BZ5htAPwSaGT9CNUsMAk_g}{local}{local[15]},{node3}{rnXqqw4-STG0yTCanYd9tQ}{local}{local[17]},{node4}{tkvFOp5cRM6eYzLdVA-vcw}{local}{local[18]},{node5}{wto3QIXQSUau2_A2dfqEHg}{local}{local[19]},{node0}{vNiMFeCHQwS9yKjVKdjxzQ}{local}{local[14]},}, reason: test setting state
[2016-09-18T08:15:47,895][INFO ][org.elasticsearch.cluster.service] [node_s_0] master {new {node0}{vNiMFeCHQwS9yKjVKdjxzQ}{local}{local[14]}, previous {node}{S7O_VFDLRIeO0FfsZ_mo6w}{local}{local[111]}}, removed {{node}{S7O_VFDLRIeO0FfsZ_mo6w}{local}{local[111]},}, added {{node1}{BZ5htAPwSaGT9CNUsMAk_g}{local}{local[15]},{node4}{tkvFOp5cRM6eYzLdVA-vcw}{local}{local[18]},{node2}{uIw3AruxTnubnutvZxo4OQ}{local}{local[16]},{node5}{wto3QIXQSUau2_A2dfqEHg}{local}{local[19]},{node0}{vNiMFeCHQwS9yKjVKdjxzQ}{local}{local[14]},}, reason: test setting state
[2016-09-18T08:15:47,895][INFO ][org.elasticsearch.cluster.service] [node_s_0] master {new {node0}{vNiMFeCHQwS9yKjVKdjxzQ}{local}{local[14]}, previous {node}{mDPu0D2JQ662duKCE9T_qA}{local}{local[112]}}, removed {{node}{mDPu0D2JQ662duKCE9T_qA}{local}{local[112]},}, added {{node1}{BZ5htAPwSaGT9CNUsMAk_g}{local}{local[15]},{node3}{rnXqqw4-STG0yTCanYd9tQ}{local}{local[17]},{node2}{uIw3AruxTnubnutvZxo4OQ}{local}{local[16]},{node5}{wto3QIXQSUau2_A2dfqEHg}{local}{local[19]},{node0}{vNiMFeCHQwS9yKjVKdjxzQ}{local}{local[14]},}, reason: test setting state
[2016-09-18T08:15:47,896][INFO ][org.elasticsearch.cluster.service] [node_s_0] master {new {node0}{vNiMFeCHQwS9yKjVKdjxzQ}{local}{local[14]}, previous {node}{R3ni8rr7SvKZIZ89HtSaHg}{local}{local[113]}}, removed {{node}{R3ni8rr7SvKZIZ89HtSaHg}{local}{local[113]},}, added {{node1}{BZ5htAPwSaGT9CNUsMAk_g}{local}{local[15]},{node3}{rnXqqw4-STG0yTCanYd9tQ}{local}{local[17]},{node4}{tkvFOp5cRM6eYzLdVA-vcw}{local}{local[18]},{node2}{uIw3AruxTnubnutvZxo4OQ}{local}{local[16]},{node0}{vNiMFeCHQwS9yKjVKdjxzQ}{local}{local[14]},}, reason: test setting state
[2016-09-18T08:15:48,030][INFO ][org.elasticsearch.action.admin.cluster.node.tasks] Awaiting for all actions to start
[2016-09-18T08:15:48,049][INFO ][org.elasticsearch.action.admin.cluster.node.tasks] Action on node 3
[2016-09-18T08:15:48,049][INFO ][org.elasticsearch.action.admin.cluster.node.tasks] Action on node 1
[2016-09-18T08:15:48,052][INFO ][org.elasticsearch.action.admin.cluster.node.tasks] Action on node 4
[2016-09-18T08:15:48,053][INFO ][org.elasticsearch.action.admin.cluster.node.tasks] Action on node 2
[2016-09-18T08:15:48,054][INFO ][org.elasticsearch.action.admin.cluster.node.tasks] Action on node 5
[2016-09-18T08:15:48,058][INFO ][org.elasticsearch.action.admin.cluster.node.tasks] Action on node 0
[2016-09-18T08:15:48,058][INFO ][org.elasticsearch.action.admin.cluster.node.tasks] Done waiting for all actions to start
[2016-09-18T08:15:48,169][INFO ][org.elasticsearch.action.admin.cluster.node.tasks] Action on node 3 finished
[2016-09-18T08:15:48,170][INFO ][org.elasticsearch.action.admin.cluster.node.tasks] Action on node 1 finished
[2016-09-18T08:15:48,170][INFO ][org.elasticsearch.action.admin.cluster.node.tasks] Action on node 4 finished
[2016-09-18T08:15:48,170][INFO ][org.elasticsearch.action.admin.cluster.node.tasks] Action on node 2 finished
[2016-09-18T08:15:48,170][INFO ][org.elasticsearch.action.admin.cluster.node.tasks] Action on node 5 finished
[2016-09-18T08:15:48,170][INFO ][org.elasticsearch.action.admin.cluster.node.tasks] Action on node 0 finished
[2016-09-18T08:15:48,197][INFO ][org.elasticsearch.cluster.service] [node_s_0] new_master {node}{jvX48T8lQVOHYeLQan0rkQ}{local}{local[114]}, reason: test setting state
[2016-09-18T08:15:48,198][INFO ][org.elasticsearch.action.admin.cluster.node.tasks] publish_address {local[20]}, bound_addresses {local[20]}
[2016-09-18T08:15:48,209][INFO ][org.elasticsearch.cluster.service] [node_s_0] new_master {node}{BFzk8Qq8RR6oWAFnuhXLzA}{local}{local[115]}, reason: test setting state
[2016-09-18T08:15:48,210][INFO ][org.elasticsearch.action.admin.cluster.node.tasks] publish_address {local[21]}, bound_addresses {local[21]}
[2016-09-18T08:15:48,217][INFO ][org.elasticsearch.cluster.service] [node_s_0] new_master {node}{rjB-2WWoTrGJxs79Tc1p7g}{local}{local[116]}, reason: test setting state
[2016-09-18T08:15:48,219][INFO ][org.elasticsearch.action.admin.cluster.node.tasks] publish_address {local[22]}, bound_addresses {local[22]}
[2016-09-18T08:15:48,227][INFO ][org.elasticsearch.cluster.service] [node_s_0] new_master {node}{r0Uv1JeVS9GlMQkYzPqmDQ}{local}{local[117]}, reason: test setting state
[2016-09-18T08:15:48,229][INFO ][org.elasticsearch.action.admin.cluster.node.tasks] publish_address {local[23]}, bound_addresses {local[23]}
[2016-09-18T08:15:48,236][INFO ][org.elasticsearch.cluster.service] [node_s_0] new_master {node}{4vXFE7LrQkispEtxdbS5jg}{local}{local[118]}, reason: test setting state
[2016-09-18T08:15:48,237][INFO ][org.elasticsearch.action.admin.cluster.node.tasks] publish_address {local[24]}, bound_addresses {local[24]}
[2016-09-18T08:15:48,245][INFO ][org.elasticsearch.cluster.service] [node_s_0] new_master {node}{L0LB69lpRSmDy-3-r-Vbeg}{local}{local[119]}, reason: test setting state
[2016-09-18T08:15:48,246][INFO ][org.elasticsearch.action.admin.cluster.node.tasks] publish_address {local[25]}, bound_addresses {local[25]}
[2016-09-18T08:15:48,257][INFO ][org.elasticsearch.cluster.service] [node_s_0] new_master {node}{pqxWOqMIROmQ84-330yZIQ}{local}{local[120]}, reason: test setting state
[2016-09-18T08:15:48,269][INFO ][org.elasticsearch.action.admin.cluster.node.tasks] publish_address {local[26]}, bound_addresses {local[26]}
[2016-09-18T08:15:48,277][INFO ][org.elasticsearch.cluster.service] [node_s_0] new_master {node}{rPe5llqeQBeU27annr-4fQ}{local}{local[121]}, reason: test setting state
[2016-09-18T08:15:48,278][INFO ][org.elasticsearch.action.admin.cluster.node.tasks] publish_address {local[27]}, bound_addresses {local[27]}
[2016-09-18T08:15:48,289][INFO ][org.elasticsearch.cluster.service] [node_s_0] new_master {node}{2yr6css7TLyU0j6Oa7Y3hQ}{local}{local[122]}, reason: test setting state
[2016-09-18T08:15:48,291][INFO ][org.elasticsearch.action.admin.cluster.node.tasks] publish_address {local[28]}, bound_addresses {local[28]}
[2016-09-18T08:15:48,292][INFO ][org.elasticsearch.cluster.service] [node_s_0] master {new {node0}{n13M45L1QzmAg43w13Nq8A}{local}{local[20]}, previous {node}{jvX48T8lQVOHYeLQan0rkQ}{local}{local[114]}}, removed {{node}{jvX48T8lQVOHYeLQan0rkQ}{local}{local[114]},}, added {{node3}{4Ybch-8fTiax5CozlSi7Qg}{local}{local[23]},{node8}{diZqTX9TQHK0poIwg_dGmQ}{local}{local[28]},{node1}{tUq5Pa1jSWynC47w_Du-Lw}{local}{local[21]},{node6}{JYeBQV-hQDCy1WMjPphd2A}{local}{local[26]},{node4}{QRR6i8ANSwGTx_I2SRhquQ}{local}{local[24]},{node2}{W9I2PNt8QF6tDV7Dx3MfCg}{local}{local[22]},{node7}{EggHdOxgS7WQ2rZPERKJPA}{local}{local[27]},{node5}{GWFLuQ2bS7W-esqpN6v8yA}{local}{local[25]},}, reason: test setting state
[2016-09-18T08:15:48,292][INFO ][org.elasticsearch.cluster.service] [node_s_0] master {new {node0}{n13M45L1QzmAg43w13Nq8A}{local}{local[20]}, previous {node}{BFzk8Qq8RR6oWAFnuhXLzA}{local}{local[115]}}, removed {{node}{BFzk8Qq8RR6oWAFnuhXLzA}{local}{local[115]},}, added {{node0}{n13M45L1QzmAg43w13Nq8A}{local}{local[20]},{node2}{W9I2PNt8QF6tDV7Dx3MfCg}{local}{local[22]},{node7}{EggHdOxgS7WQ2rZPERKJPA}{local}{local[27]},{node5}{GWFLuQ2bS7W-esqpN6v8yA}{local}{local[25]},{node6}{JYeBQV-hQDCy1WMjPphd2A}{local}{local[26]},{node3}{4Ybch-8fTiax5CozlSi7Qg}{local}{local[23]},{node8}{diZqTX9TQHK0poIwg_dGmQ}{local}{local[28]},{node4}{QRR6i8ANSwGTx_I2SRhquQ}{local}{local[24]},}, reason: test setting state
[2016-09-18T08:15:48,294][INFO ][org.elasticsearch.cluster.service] [node_s_0] master {new {node0}{n13M45L1QzmAg43w13Nq8A}{local}{local[20]}, previous {node}{rjB-2WWoTrGJxs79Tc1p7g}{local}{local[116]}}, removed {{node}{rjB-2WWoTrGJxs79Tc1p7g}{local}{local[116]},}, added {{node7}{EggHdOxgS7WQ2rZPERKJPA}{local}{local[27]},{node5}{GWFLuQ2bS7W-esqpN6v8yA}{local}{local[25]},{node4}{QRR6i8ANSwGTx_I2SRhquQ}{local}{local[24]},{node8}{diZqTX9TQHK0poIwg_dGmQ}{local}{local[28]},{node0}{n13M45L1QzmAg43w13Nq8A}{local}{local[20]},{node3}{4Ybch-8fTiax5CozlSi7Qg}{local}{local[23]},{node6}{JYeBQV-hQDCy1WMjPphd2A}{local}{local[26]},{node1}{tUq5Pa1jSWynC47w_Du-Lw}{local}{local[21]},}, reason: test setting state
[2016-09-18T08:15:48,295][INFO ][org.elasticsearch.cluster.service] [node_s_0] master {new {node0}{n13M45L1QzmAg43w13Nq8A}{local}{local[20]}, previous {node}{r0Uv1JeVS9GlMQkYzPqmDQ}{local}{local[117]}}, removed {{node}{r0Uv1JeVS9GlMQkYzPqmDQ}{local}{local[117]},}, added {{node0}{n13M45L1QzmAg43w13Nq8A}{local}{local[20]},{node6}{JYeBQV-hQDCy1WMjPphd2A}{local}{local[26]},{node5}{GWFLuQ2bS7W-esqpN6v8yA}{local}{local[25]},{node4}{QRR6i8ANSwGTx_I2SRhquQ}{local}{local[24]},{node7}{EggHdOxgS7WQ2rZPERKJPA}{local}{local[27]},{node8}{diZqTX9TQHK0poIwg_dGmQ}{local}{local[28]},{node2}{W9I2PNt8QF6tDV7Dx3MfCg}{local}{local[22]},{node1}{tUq5Pa1jSWynC47w_Du-Lw}{local}{local[21]},}, reason: test setting state
[2016-09-18T08:15:48,296][INFO ][org.elasticsearch.cluster.service] [node_s_0] master {new {node0}{n13M45L1QzmAg43w13Nq8A}{local}{local[20]}, previous {node}{4vXFE7LrQkispEtxdbS5jg}{local}{local[118]}}, removed {{node}{4vXFE7LrQkispEtxdbS5jg}{local}{local[118]},}, added {{node5}{GWFLuQ2bS7W-esqpN6v8yA}{local}{local[25]},{node6}{JYeBQV-hQDCy1WMjPphd2A}{local}{local[26]},{node1}{tUq5Pa1jSWynC47w_Du-Lw}{local}{local[21]},{node8}{diZqTX9TQHK0poIwg_dGmQ}{local}{local[28]},{node0}{n13M45L1QzmAg43w13Nq8A}{local}{local[20]},{node2}{W9I2PNt8QF6tDV7Dx3MfCg}{local}{local[22]},{node3}{4Ybch-8fTiax5CozlSi7Qg}{local}{local[23]},{node7}{EggHdOxgS7WQ2rZPERKJPA}{local}{local[27]},}, reason: test setting state
[2016-09-18T08:15:48,299][INFO ][org.elasticsearch.cluster.service] [node_s_0] master {new {node0}{n13M45L1QzmAg43w13Nq8A}{local}{local[20]}, previous {node}{L0LB69lpRSmDy-3-r-Vbeg}{local}{local[119]}}, removed {{node}{L0LB69lpRSmDy-3-r-Vbeg}{local}{local[119]},}, added {{node7}{EggHdOxgS7WQ2rZPERKJPA}{local}{local[27]},{node3}{4Ybch-8fTiax5CozlSi7Qg}{local}{local[23]},{node1}{tUq5Pa1jSWynC47w_Du-Lw}{local}{local[21]},{node8}{diZqTX9TQHK0poIwg_dGmQ}{local}{local[28]},{node6}{JYeBQV-hQDCy1WMjPphd2A}{local}{local[26]},{node2}{W9I2PNt8QF6tDV7Dx3MfCg}{local}{local[22]},{node4}{QRR6i8ANSwGTx_I2SRhquQ}{local}{local[24]},{node0}{n13M45L1QzmAg43w13Nq8A}{local}{local[20]},}, reason: test setting state
[2016-09-18T08:15:48,304][INFO ][org.elasticsearch.cluster.service] [node_s_0] master {new {node0}{n13M45L1QzmAg43w13Nq8A}{local}{local[20]}, previous {node}{pqxWOqMIROmQ84-330yZIQ}{local}{local[120]}}, removed {{node}{pqxWOqMIROmQ84-330yZIQ}{local}{local[120]},}, added {{node4}{QRR6i8ANSwGTx_I2SRhquQ}{local}{local[24]},{node7}{EggHdOxgS7WQ2rZPERKJPA}{local}{local[27]},{node1}{tUq5Pa1jSWynC47w_Du-Lw}{local}{local[21]},{node8}{diZqTX9TQHK0poIwg_dGmQ}{local}{local[28]},{node2}{W9I2PNt8QF6tDV7Dx3MfCg}{local}{local[22]},{node5}{GWFLuQ2bS7W-esqpN6v8yA}{local}{local[25]},{node3}{4Ybch-8fTiax5CozlSi7Qg}{local}{local[23]},{node0}{n13M45L1QzmAg43w13Nq8A}{local}{local[20]},}, reason: test setting state
[2016-09-18T08:15:48,305][INFO ][org.elasticsearch.cluster.service] [node_s_0] master {new {node0}{n13M45L1QzmAg43w13Nq8A}{local}{local[20]}, previous {node}{rPe5llqeQBeU27annr-4fQ}{local}{local[121]}}, removed {{node}{rPe5llqeQBeU27annr-4fQ}{local}{local[121]},}, added {{node5}{GWFLuQ2bS7W-esqpN6v8yA}{local}{local[25]},{node0}{n13M45L1QzmAg43w13Nq8A}{local}{local[20]},{node8}{diZqTX9TQHK0poIwg_dGmQ}{local}{local[28]},{node2}{W9I2PNt8QF6tDV7Dx3MfCg}{local}{local[22]},{node4}{QRR6i8ANSwGTx_I2SRhquQ}{local}{local[24]},{node6}{JYeBQV-hQDCy1WMjPphd2A}{local}{local[26]},{node1}{tUq5Pa1jSWynC47w_Du-Lw}{local}{local[21]},{node3}{4Ybch-8fTiax5CozlSi7Qg}{local}{local[23]},}, reason: test setting state
[2016-09-18T08:15:48,306][INFO ][org.elasticsearch.cluster.service] [node_s_0] master {new {node0}{n13M45L1QzmAg43w13Nq8A}{local}{local[20]}, previous {node}{2yr6css7TLyU0j6Oa7Y3hQ}{local}{local[122]}}, removed {{node}{2yr6css7TLyU0j6Oa7Y3hQ}{local}{local[122]},}, added {{node1}{tUq5Pa1jSWynC47w_Du-Lw}{local}{local[21]},{node7}{EggHdOxgS7WQ2rZPERKJPA}{local}{local[27]},{node0}{n13M45L1QzmAg43w13Nq8A}{local}{local[20]},{node3}{4Ybch-8fTiax5CozlSi7Qg}{local}{local[23]},{node5}{GWFLuQ2bS7W-esqpN6v8yA}{local}{local[25]},{node6}{JYeBQV-hQDCy1WMjPphd2A}{local}{local[26]},{node2}{W9I2PNt8QF6tDV7Dx3MfCg}{local}{local[22]},{node4}{QRR6i8ANSwGTx_I2SRhquQ}{local}{local[24]},}, reason: test setting state
[2016-09-18T08:15:48,349][INFO ][org.elasticsearch.action.admin.cluster.node.tasks] {"nodes":{"node4":{"name":"","transport_address":"local[24]","host":"local","ip":"local[24]","roles":[],"tasks":{"node4:1":{"node":"node4","id":1,"type":"local","action":"cluster:monitor/tasks/lists[n]","start_time_in_millis":1474197348346,"running_time_in_nanos":16328,"cancellable":false,"parent_task_id":"node0:1"}}},"node5":{"name":"","transport_address":"local[25]","host":"local","ip":"local[25]","roles":[],"tasks":{"node5:1":{"node":"node5","id":1,"type":"local","action":"cluster:monitor/tasks/lists[n]","start_time_in_millis":1474197348345,"running_time_in_nanos":24726,"cancellable":false,"parent_task_id":"node0:1"}}},"node2":{"name":"","transport_address":"local[22]","host":"local","ip":"local[22]","roles":[],"tasks":{"node2:1":{"node":"node2","id":1,"type":"local","action":"cluster:monitor/tasks/lists[n]","start_time_in_millis":1474197348346,"running_time_in_nanos":13996,"cancellable":false,"parent_task_id":"node0:1"}}},"node3":{"name":"","transport_address":"local[23]","host":"local","ip":"local[23]","roles":[],"tasks":{"node3:1":{"node":"node3","id":1,"type":"local","action":"cluster:monitor/tasks/lists[n]","start_time_in_millis":1474197348322,"running_time_in_nanos":45720,"cancellable":false,"parent_task_id":"node0:1"}}},"node8":{"name":"","transport_address":"local[28]","host":"local","ip":"local[28]","roles":[],"tasks":{"node8:1":{"node":"node8","id":1,"type":"local","action":"cluster:monitor/tasks/lists[n]","start_time_in_millis":1474197348322,"running_time_in_nanos":37789,"cancellable":false,"parent_task_id":"node0:1"}}},"node6":{"name":"","transport_address":"local[26]","host":"local","ip":"local[26]","roles":[],"tasks":{"node6:1":{"node":"node6","id":1,"type":"local","action":"cluster:monitor/tasks/lists[n]","start_time_in_millis":1474197348325,"running_time_in_nanos":40588,"cancellable":false,"parent_task_id":"node0:1"}}},"node7":{"name":"","transport_address":"local[27]","host":"local","ip":"local[27]","roles":[],"tasks":{"node7:1":{"node":"node7","id":1,"type":"local","action":"cluster:monitor/tasks/lists[n]","start_time_in_millis":1474197348345,"running_time_in_nanos":27526,"cancellable":false,"parent_task_id":"node0:1"}}},"node0":{"name":"","transport_address":"local[20]","host":"local","ip":"local[20]","roles":[],"tasks":{"node0:1":{"node":"node0","id":1,"type":"transport","action":"cluster:monitor/tasks/lists","start_time_in_millis":1474197348308,"running_time_in_nanos":36680624,"cancellable":false},"node0:2":{"node":"node0","id":2,"type":"local","action":"cluster:monitor/tasks/lists[n]","start_time_in_millis":1474197348345,"running_time_in_nanos":73713,"cancellable":false,"parent_task_id":"node0:1"}}},"node1":{"name":"","transport_address":"local[21]","host":"local","ip":"local[21]","roles":[],"tasks":{"node1:1":{"node":"node1","id":1,"type":"local","action":"cluster:monitor/tasks/lists[n]","start_time_in_millis":1474197348325,"running_time_in_nanos":44321,"cancellable":false,"parent_task_id":"node0:1"}}}}}
[2016-09-18T08:15:48,350][INFO ][org.elasticsearch.action.admin.cluster.node.tasks] {"tasks":{"node0:1":{"node":"node0","id":1,"type":"transport","action":"cluster:monitor/tasks/lists","start_time_in_millis":1474197348308,"running_time_in_nanos":36680624,"cancellable":false,"children":[{"node":"node3","id":1,"type":"local","action":"cluster:monitor/tasks/lists[n]","start_time_in_millis":1474197348322,"running_time_in_nanos":45720,"cancellable":false,"parent_task_id":"node0:1"},{"node":"node2","id":1,"type":"local","action":"cluster:monitor/tasks/lists[n]","start_time_in_millis":1474197348346,"running_time_in_nanos":13996,"cancellable":false,"parent_task_id":"node0:1"},{"node":"node1","id":1,"type":"local","action":"cluster:monitor/tasks/lists[n]","start_time_in_millis":1474197348325,"running_time_in_nanos":44321,"cancellable":false,"parent_task_id":"node0:1"},{"node":"node0","id":2,"type":"local","action":"cluster:monitor/tasks/lists[n]","start_time_in_millis":1474197348345,"running_time_in_nanos":73713,"cancellable":false,"parent_task_id":"node0:1"},{"node":"node8","id":1,"type":"local","action":"cluster:monitor/tasks/lists[n]","start_time_in_millis":1474197348322,"running_time_in_nanos":37789,"cancellable":false,"parent_task_id":"node0:1"},{"node":"node7","id":1,"type":"local","action":"cluster:monitor/tasks/lists[n]","start_time_in_millis":1474197348345,"running_time_in_nanos":27526,"cancellable":false,"parent_task_id":"node0:1"},{"node":"node6","id":1,"type":"local","action":"cluster:monitor/tasks/lists[n]","start_time_in_millis":1474197348325,"running_time_in_nanos":40588,"cancellable":false,"parent_task_id":"node0:1"},{"node":"node5","id":1,"type":"local","action":"cluster:monitor/tasks/lists[n]","start_time_in_millis":1474197348345,"running_time_in_nanos":24726,"cancellable":false,"parent_task_id":"node0:1"},{"node":"node4","id":1,"type":"local","action":"cluster:monitor/tasks/lists[n]","start_time_in_millis":1474197348346,"running_time_in_nanos":16328,"cancellable":false,"parent_task_id":"node0:1"}]}}}
[2016-09-18T08:15:48,370][INFO ][org.elasticsearch.cluster.service] [node_s_0] new_master {node}{SDCdbusfS9mrEqxPplklcw}{local}{local[123]}, reason: test setting state
[2016-09-18T08:15:48,372][INFO ][org.elasticsearch.action.admin.cluster.node.tasks] publish_address {local[29]}, bound_addresses {local[29]}
[2016-09-18T08:15:48,375][INFO ][org.elasticsearch.cluster.service] [node_s_0] new_master {node}{EccJgclGSeWPKhMgL9WBIA}{local}{local[124]}, reason: test setting state
[2016-09-18T08:15:48,377][INFO ][org.elasticsearch.action.admin.cluster.node.tasks] publish_address {local[30]}, bound_addresses {local[30]}
[2016-09-18T08:15:48,418][INFO ][org.elasticsearch.cluster.service] [node_s_0] new_master {node}{MdGJnXeTSza8Jg4KKK-5fg}{local}{local[125]}, reason: test setting state
[2016-09-18T08:15:48,420][INFO ][org.elasticsearch.action.admin.cluster.node.tasks] publish_address {local[31]}, bound_addresses {local[31]}
[2016-09-18T08:15:48,421][INFO ][org.elasticsearch.cluster.service] [node_s_0] master {new {node0}{ddBjMHdGQFiw4CiY0VSdAw}{local}{local[29]}, previous {node}{SDCdbusfS9mrEqxPplklcw}{local}{local[123]}}, removed {{node}{SDCdbusfS9mrEqxPplklcw}{local}{local[123]},}, added {{node1}{scG70OcpQbmVqY_VGa8amQ}{local}{local[30]},{node2}{qIFUVOb8QYK2aA1r1iLsqw}{local}{local[31]},}, reason: test setting state
[2016-09-18T08:15:48,422][INFO ][org.elasticsearch.cluster.service] [node_s_0] master {new {node0}{ddBjMHdGQFiw4CiY0VSdAw}{local}{local[29]}, previous {node}{EccJgclGSeWPKhMgL9WBIA}{local}{local[124]}}, removed {{node}{EccJgclGSeWPKhMgL9WBIA}{local}{local[124]},}, added {{node2}{qIFUVOb8QYK2aA1r1iLsqw}{local}{local[31]},{node0}{ddBjMHdGQFiw4CiY0VSdAw}{local}{local[29]},}, reason: test setting state
[2016-09-18T08:15:48,422][INFO ][org.elasticsearch.cluster.service] [node_s_0] master {new {node0}{ddBjMHdGQFiw4CiY0VSdAw}{local}{local[29]}, previous {node}{MdGJnXeTSza8Jg4KKK-5fg}{local}{local[125]}}, removed {{node}{MdGJnXeTSza8Jg4KKK-5fg}{local}{local[125]},}, added {{node1}{scG70OcpQbmVqY_VGa8amQ}{local}{local[30]},{node0}{ddBjMHdGQFiw4CiY0VSdAw}{local}{local[29]},}, reason: test setting state
[2016-09-18T08:15:48,424][INFO ][org.elasticsearch.action.admin.cluster.node.tasks] Awaiting for all actions to start
[2016-09-18T08:15:48,428][INFO ][org.elasticsearch.action.admin.cluster.node.tasks] Action on node 1
[2016-09-18T08:15:48,431][INFO ][org.elasticsearch.action.admin.cluster.node.tasks] Action on node 2
[2016-09-18T08:15:48,435][INFO ][org.elasticsearch.action.admin.cluster.node.tasks] Action on node 0
[2016-09-18T08:15:48,435][INFO ][org.elasticsearch.action.admin.cluster.node.tasks] Done waiting for all actions to start
[2016-09-18T08:15:48,447][INFO ][org.elasticsearch.action.admin.cluster.node.tasks] Action on node 0 finished
[2016-09-18T08:15:48,447][INFO ][org.elasticsearch.action.admin.cluster.node.tasks] Action on node 2 finished
[2016-09-18T08:15:48,447][INFO ][org.elasticsearch.action.admin.cluster.node.tasks] Action on node 1 finished
[2016-09-18T08:15:48,462][INFO ][org.elasticsearch.cluster.service] [node_s_0] new_master {node}{hyt9WrZCTzmew1JCeQriSw}{local}{local[126]}, reason: test setting state
[2016-09-18T08:15:48,463][INFO ][org.elasticsearch.action.admin.cluster.node.tasks] publish_address {local[32]}, bound_addresses {local[32]}
[2016-09-18T08:15:48,466][INFO ][org.elasticsearch.cluster.service] [node_s_0] new_master {node}{kCphurk8RxujOI9srrU4pg}{local}{local[127]}, reason: test setting state
[2016-09-18T08:15:48,468][INFO ][org.elasticsearch.action.admin.cluster.node.tasks] publish_address {local[33]}, bound_addresses {local[33]}
[2016-09-18T08:15:48,510][INFO ][org.elasticsearch.cluster.service] [node_s_0] new_master {node}{uiic29K6QKio1vDnZqpiSA}{local}{local[128]}, reason: test setting state
[2016-09-18T08:15:48,511][INFO ][org.elasticsearch.action.admin.cluster.node.tasks] publish_address {local[34]}, bound_addresses {local[34]}
[2016-09-18T08:15:48,582][INFO ][org.elasticsearch.cluster.service] [node_s_0] new_master {node}{HxYorHgKSQSd0TGue0nhcw}{local}{local[129]}, reason: test setting state
[2016-09-18T08:15:48,584][INFO ][org.elasticsearch.action.admin.cluster.node.tasks] publish_address {local[35]}, bound_addresses {local[35]}
[2016-09-18T08:15:48,599][INFO ][org.elasticsearch.cluster.service] [node_s_0] new_master {node}{n2ZbIFI6Q4GW38imq_WtpQ}{local}{local[130]}, reason: test setting state
[2016-09-18T08:15:48,600][INFO ][org.elasticsearch.action.admin.cluster.node.tasks] publish_address {local[36]}, bound_addresses {local[36]}
[2016-09-18T08:15:48,604][INFO ][org.elasticsearch.cluster.service] [node_s_0] new_master {node}{eUiMTF1ESuawe3M9cgSu9Q}{local}{local[131]}, reason: test setting state
[2016-09-18T08:15:48,605][INFO ][org.elasticsearch.action.admin.cluster.node.tasks] publish_address {local[37]}, bound_addresses {local[37]}
[2016-09-18T08:15:48,616][INFO ][org.elasticsearch.cluster.service] [node_s_0] new_master {node}{x1bsRFL1TXeWergCN7_IoA}{local}{local[132]}, reason: test setting state
[2016-09-18T08:15:48,618][INFO ][org.elasticsearch.action.admin.cluster.node.tasks] publish_address {local[38]}, bound_addresses {local[38]}
[2016-09-18T08:15:48,644][INFO ][org.elasticsearch.cluster.service] [node_s_0] new_master {node}{BgFlOHyKS762NrqmLVcmZg}{local}{local[133]}, reason: test setting state
[2016-09-18T08:15:48,645][INFO ][org.elasticsearch.action.admin.cluster.node.tasks] publish_address {local[39]}, bound_addresses {local[39]}
[2016-09-18T08:15:48,649][INFO ][org.elasticsearch.cluster.service] [node_s_0] new_master {node}{zVqOwrYXTUqHlsGDcXL-_Q}{local}{local[134]}, reason: test setting state
[2016-09-18T08:15:48,651][INFO ][org.elasticsearch.action.admin.cluster.node.tasks] publish_address {local[40]}, bound_addresses {local[40]}
[2016-09-18T08:15:48,652][INFO ][org.elasticsearch.cluster.service] [node_s_0] master {new {node0}{CxzjgToSQD2YcP2udPnNoA}{local}{local[32]}, previous {node}{hyt9WrZCTzmew1JCeQriSw}{local}{local[126]}}, removed {{node}{hyt9WrZCTzmew1JCeQriSw}{local}{local[126]},}, added {{node8}{qnYnoXvzSTup_0906rFWUA}{local}{local[40]},{node7}{Pw4WscoRTVust4eKcZMGug}{local}{local[39]},{node2}{Y9ETrx10R7ehW84TNQJKGQ}{local}{local[34]},{node6}{X29S9Gu4QCSL8i2O3xgmDA}{local}{local[38]},{node5}{4xlRtVsEQ1yFEVi7Ui3DVQ}{local}{local[37]},{node4}{Z5q97jERRCO5VvwigGXIIQ}{local}{local[36]},{node3}{prBk9A6rS5SC-wO8VEQ9kw}{local}{local[35]},{node1}{dM3AeXYpSRSmvtoP5-FCYw}{local}{local[33]},}, reason: test setting state
[2016-09-18T08:15:48,653][INFO ][org.elasticsearch.cluster.service] [node_s_0] master {new {node0}{CxzjgToSQD2YcP2udPnNoA}{local}{local[32]}, previous {node}{kCphurk8RxujOI9srrU4pg}{local}{local[127]}}, removed {{node}{kCphurk8RxujOI9srrU4pg}{local}{local[127]},}, added {{node2}{Y9ETrx10R7ehW84TNQJKGQ}{local}{local[34]},{node4}{Z5q97jERRCO5VvwigGXIIQ}{local}{local[36]},{node6}{X29S9Gu4QCSL8i2O3xgmDA}{local}{local[38]},{node7}{Pw4WscoRTVust4eKcZMGug}{local}{local[39]},{node0}{CxzjgToSQD2YcP2udPnNoA}{local}{local[32]},{node5}{4xlRtVsEQ1yFEVi7Ui3DVQ}{local}{local[37]},{node3}{prBk9A6rS5SC-wO8VEQ9kw}{local}{local[35]},{node8}{qnYnoXvzSTup_0906rFWUA}{local}{local[40]},}, reason: test setting state
[2016-09-18T08:15:48,654][INFO ][org.elasticsearch.cluster.service] [node_s_0] master {new {node0}{CxzjgToSQD2YcP2udPnNoA}{local}{local[32]}, previous {node}{uiic29K6QKio1vDnZqpiSA}{local}{local[128]}}, removed {{node}{uiic29K6QKio1vDnZqpiSA}{local}{local[128]},}, added {{node5}{4xlRtVsEQ1yFEVi7Ui3DVQ}{local}{local[37]},{node7}{Pw4WscoRTVust4eKcZMGug}{local}{local[39]},{node8}{qnYnoXvzSTup_0906rFWUA}{local}{local[40]},{node4}{Z5q97jERRCO5VvwigGXIIQ}{local}{local[36]},{node1}{dM3AeXYpSRSmvtoP5-FCYw}{local}{local[33]},{node0}{CxzjgToSQD2YcP2udPnNoA}{local}{local[32]},{node3}{prBk9A6rS5SC-wO8VEQ9kw}{local}{local[35]},{node6}{X29S9Gu4QCSL8i2O3xgmDA}{local}{local[38]},}, reason: test setting state
[2016-09-18T08:15:48,655][INFO ][org.elasticsearch.cluster.service] [node_s_0] master {new {node0}{CxzjgToSQD2YcP2udPnNoA}{local}{local[32]}, previous {node}{HxYorHgKSQSd0TGue0nhcw}{local}{local[129]}}, removed {{node}{HxYorHgKSQSd0TGue0nhcw}{local}{local[129]},}, added {{node6}{X29S9Gu4QCSL8i2O3xgmDA}{local}{local[38]},{node2}{Y9ETrx10R7ehW84TNQJKGQ}{local}{local[34]},{node4}{Z5q97jERRCO5VvwigGXIIQ}{local}{local[36]},{node7}{Pw4WscoRTVust4eKcZMGug}{local}{local[39]},{node8}{qnYnoXvzSTup_0906rFWUA}{local}{local[40]},{node1}{dM3AeXYpSRSmvtoP5-FCYw}{local}{local[33]},{node0}{CxzjgToSQD2YcP2udPnNoA}{local}{local[32]},{node5}{4xlRtVsEQ1yFEVi7Ui3DVQ}{local}{local[37]},}, reason: test setting state
[2016-09-18T08:15:48,656][INFO ][org.elasticsearch.cluster.service] [node_s_0] master {new {node0}{CxzjgToSQD2YcP2udPnNoA}{local}{local[32]}, previous {node}{n2ZbIFI6Q4GW38imq_WtpQ}{local}{local[130]}}, removed {{node}{n2ZbIFI6Q4GW38imq_WtpQ}{local}{local[130]},}, added {{node3}{prBk9A6rS5SC-wO8VEQ9kw}{local}{local[35]},{node6}{X29S9Gu4QCSL8i2O3xgmDA}{local}{local[38]},{node0}{CxzjgToSQD2YcP2udPnNoA}{local}{local[32]},{node8}{qnYnoXvzSTup_0906rFWUA}{local}{local[40]},{node1}{dM3AeXYpSRSmvtoP5-FCYw}{local}{local[33]},{node7}{Pw4WscoRTVust4eKcZMGug}{local}{local[39]},{node2}{Y9ETrx10R7ehW84TNQJKGQ}{local}{local[34]},{node5}{4xlRtVsEQ1yFEVi7Ui3DVQ}{local}{local[37]},}, reason: test setting state
[2016-09-18T08:15:48,659][INFO ][org.elasticsearch.cluster.service] [node_s_0] master {new {node0}{CxzjgToSQD2YcP2udPnNoA}{local}{local[32]}, previous {node}{eUiMTF1ESuawe3M9cgSu9Q}{local}{local[131]}}, removed {{node}{eUiMTF1ESuawe3M9cgSu9Q}{local}{local[131]},}, added {{node6}{X29S9Gu4QCSL8i2O3xgmDA}{local}{local[38]},{node3}{prBk9A6rS5SC-wO8VEQ9kw}{local}{local[35]},{node2}{Y9ETrx10R7ehW84TNQJKGQ}{local}{local[34]},{node4}{Z5q97jERRCO5VvwigGXIIQ}{local}{local[36]},{node7}{Pw4WscoRTVust4eKcZMGug}{local}{local[39]},{node8}{qnYnoXvzSTup_0906rFWUA}{local}{local[40]},{node0}{CxzjgToSQD2YcP2udPnNoA}{local}{local[32]},{node1}{dM3AeXYpSRSmvtoP5-FCYw}{local}{local[33]},}, reason: test setting state
[2016-09-18T08:15:48,660][INFO ][org.elasticsearch.cluster.service] [node_s_0] master {new {node0}{CxzjgToSQD2YcP2udPnNoA}{local}{local[32]}, previous {node}{x1bsRFL1TXeWergCN7_IoA}{local}{local[132]}}, removed {{node}{x1bsRFL1TXeWergCN7_IoA}{local}{local[132]},}, added {{node2}{Y9ETrx10R7ehW84TNQJKGQ}{local}{local[34]},{node4}{Z5q97jERRCO5VvwigGXIIQ}{local}{local[36]},{node7}{Pw4WscoRTVust4eKcZMGug}{local}{local[39]},{node0}{CxzjgToSQD2YcP2udPnNoA}{local}{local[32]},{node8}{qnYnoXvzSTup_0906rFWUA}{local}{local[40]},{node1}{dM3AeXYpSRSmvtoP5-FCYw}{local}{local[33]},{node3}{prBk9A6rS5SC-wO8VEQ9kw}{local}{local[35]},{node5}{4xlRtVsEQ1yFEVi7Ui3DVQ}{local}{local[37]},}, reason: test setting state
[2016-09-18T08:15:48,663][INFO ][org.elasticsearch.cluster.service] [node_s_0] master {new {node0}{CxzjgToSQD2YcP2udPnNoA}{local}{local[32]}, previous {node}{BgFlOHyKS762NrqmLVcmZg}{local}{local[133]}}, removed {{node}{BgFlOHyKS762NrqmLVcmZg}{local}{local[133]},}, added {{node2}{Y9ETrx10R7ehW84TNQJKGQ}{local}{local[34]},{node1}{dM3AeXYpSRSmvtoP5-FCYw}{local}{local[33]},{node6}{X29S9Gu4QCSL8i2O3xgmDA}{local}{local[38]},{node4}{Z5q97jERRCO5VvwigGXIIQ}{local}{local[36]},{node0}{CxzjgToSQD2YcP2udPnNoA}{local}{local[32]},{node5}{4xlRtVsEQ1yFEVi7Ui3DVQ}{local}{local[37]},{node3}{prBk9A6rS5SC-wO8VEQ9kw}{local}{local[35]},{node8}{qnYnoXvzSTup_0906rFWUA}{local}{local[40]},}, reason: test setting state
[2016-09-18T08:15:48,664][INFO ][org.elasticsearch.cluster.service] [node_s_0] master {new {node0}{CxzjgToSQD2YcP2udPnNoA}{local}{local[32]}, previous {node}{zVqOwrYXTUqHlsGDcXL-_Q}{local}{local[134]}}, removed {{node}{zVqOwrYXTUqHlsGDcXL-_Q}{local}{local[134]},}, added {{node6}{X29S9Gu4QCSL8i2O3xgmDA}{local}{local[38]},{node1}{dM3AeXYpSRSmvtoP5-FCYw}{local}{local[33]},{node5}{4xlRtVsEQ1yFEVi7Ui3DVQ}{local}{local[37]},{node0}{CxzjgToSQD2YcP2udPnNoA}{local}{local[32]},{node2}{Y9ETrx10R7ehW84TNQJKGQ}{local}{local[34]},{node3}{prBk9A6rS5SC-wO8VEQ9kw}{local}{local[35]},{node7}{Pw4WscoRTVust4eKcZMGug}{local}{local[39]},{node4}{Z5q97jERRCO5VvwigGXIIQ}{local}{local[36]},}, reason: test setting state
[2016-09-18T08:15:48,683][INFO ][org.elasticsearch.action.admin.cluster.node.tasks] Awaiting for all actions to start
[2016-09-18T08:15:48,706][INFO ][org.elasticsearch.action.admin.cluster.node.tasks] Action on node 8
[2016-09-18T08:15:48,708][INFO ][org.elasticsearch.action.admin.cluster.node.tasks] Action on node 7
[2016-09-18T08:15:48,709][INFO ][org.elasticsearch.action.admin.cluster.node.tasks] Action on node 2
[2016-09-18T08:15:48,709][INFO ][org.elasticsearch.action.admin.cluster.node.tasks] Action on node 0
[2016-09-18T08:15:48,709][INFO ][org.elasticsearch.action.admin.cluster.node.tasks] Action on node 6
[2016-09-18T08:15:48,709][INFO ][org.elasticsearch.action.admin.cluster.node.tasks] Action on node 5
[2016-09-18T08:15:48,711][INFO ][org.elasticsearch.action.admin.cluster.node.tasks] Action on node 4
[2016-09-18T08:15:48,714][INFO ][org.elasticsearch.action.admin.cluster.node.tasks] Action on node 3
[2016-09-18T08:15:48,716][INFO ][org.elasticsearch.action.admin.cluster.node.tasks] Action on node 1
[2016-09-18T08:15:48,716][INFO ][org.elasticsearch.action.admin.cluster.node.tasks] Done waiting for all actions to start
[2016-09-18T08:15:48,776][INFO ][org.elasticsearch.action.admin.cluster.node.tasks] Action on node 8 finished
[2016-09-18T08:15:48,776][INFO ][org.elasticsearch.action.admin.cluster.node.tasks] Action on node 7 finished
[2016-09-18T08:15:48,777][INFO ][org.elasticsearch.action.admin.cluster.node.tasks] Action on node 2 finished
[2016-09-18T08:15:48,777][INFO ][org.elasticsearch.action.admin.cluster.node.tasks] Action on node 0 finished
[2016-09-18T08:15:48,777][INFO ][org.elasticsearch.action.admin.cluster.node.tasks] Action on node 6 finished
[2016-09-18T08:15:48,777][INFO ][org.elasticsearch.action.admin.cluster.node.tasks] Action on node 5 finished
[2016-09-18T08:15:48,777][INFO ][org.elasticsearch.action.admin.cluster.node.tasks] Action on node 4 finished
[2016-09-18T08:15:48,778][INFO ][org.elasticsearch.action.admin.cluster.node.tasks] Action on node 3 finished
[2016-09-18T08:15:48,778][INFO ][org.elasticsearch.action.admin.cluster.node.tasks] Action on node 1 finished
[2016-09-18T08:15:48,808][INFO ][org.elasticsearch.cluster.service] [node_s_0] new_master {node}{wS0Cg-FDQC6_jm4bGtsrCA}{local}{local[135]}, reason: test setting state
[2016-09-18T08:15:48,809][INFO ][org.elasticsearch.action.admin.cluster.node.tasks] publish_address {local[41]}, bound_addresses {local[41]}
[2016-09-18T08:15:48,814][INFO ][org.elasticsearch.cluster.service] [node_s_0] new_master {node}{K3xcUtEPQtmkZrnstZmoCw}{local}{local[136]}, reason: test setting state
[2016-09-18T08:15:48,815][INFO ][org.elasticsearch.action.admin.cluster.node.tasks] publish_address {local[42]}, bound_addresses {local[42]}
[2016-09-18T08:15:48,823][INFO ][org.elasticsearch.cluster.service] [node_s_0] new_master {node}{r-yLW8Z0T0q6WdqcdJYg_A}{local}{local[137]}, reason: test setting state
[2016-09-18T08:15:48,825][INFO ][org.elasticsearch.action.admin.cluster.node.tasks] publish_address {local[43]}, bound_addresses {local[43]}
[2016-09-18T08:15:48,828][INFO ][org.elasticsearch.cluster.service] [node_s_0] new_master {node}{SafJ6JxpQB6fa0m9qTsg7g}{local}{local[138]}, reason: test setting state
[2016-09-18T08:15:48,830][INFO ][org.elasticsearch.action.admin.cluster.node.tasks] publish_address {local[44]}, bound_addresses {local[44]}
[2016-09-18T08:15:48,830][INFO ][org.elasticsearch.cluster.service] [node_s_0] master {new {node0}{Rwxo8mJySry4iAkB2TbVHQ}{local}{local[41]}, previous {node}{wS0Cg-FDQC6_jm4bGtsrCA}{local}{local[135]}}, removed {{node}{wS0Cg-FDQC6_jm4bGtsrCA}{local}{local[135]},}, added {{node1}{eqagTLxvQ0i0CTDwB7yR1g}{local}{local[42]},{node3}{j_iTP9_zRquj5u-MrFxh_w}{local}{local[44]},{node2}{YEA6BHytTTmTkj7dNN7hXg}{local}{local[43]},}, reason: test setting state
[2016-09-18T08:15:48,831][INFO ][org.elasticsearch.cluster.service] [node_s_0] master {new {node0}{Rwxo8mJySry4iAkB2TbVHQ}{local}{local[41]}, previous {node}{K3xcUtEPQtmkZrnstZmoCw}{local}{local[136]}}, removed {{node}{K3xcUtEPQtmkZrnstZmoCw}{local}{local[136]},}, added {{node3}{j_iTP9_zRquj5u-MrFxh_w}{local}{local[44]},{node2}{YEA6BHytTTmTkj7dNN7hXg}{local}{local[43]},{node0}{Rwxo8mJySry4iAkB2TbVHQ}{local}{local[41]},}, reason: test setting state
[2016-09-18T08:15:48,832][INFO ][org.elasticsearch.cluster.service] [node_s_0] master {new {node0}{Rwxo8mJySry4iAkB2TbVHQ}{local}{local[41]}, previous {node}{r-yLW8Z0T0q6WdqcdJYg_A}{local}{local[137]}}, removed {{node}{r-yLW8Z0T0q6WdqcdJYg_A}{local}{local[137]},}, added {{node1}{eqagTLxvQ0i0CTDwB7yR1g}{local}{local[42]},{node3}{j_iTP9_zRquj5u-MrFxh_w}{local}{local[44]},{node0}{Rwxo8mJySry4iAkB2TbVHQ}{local}{local[41]},}, reason: test setting state
[2016-09-18T08:15:48,833][INFO ][org.elasticsearch.cluster.service] [node_s_0] master {new {node0}{Rwxo8mJySry4iAkB2TbVHQ}{local}{local[41]}, previous {node}{SafJ6JxpQB6fa0m9qTsg7g}{local}{local[138]}}, removed {{node}{SafJ6JxpQB6fa0m9qTsg7g}{local}{local[138]},}, added {{node1}{eqagTLxvQ0i0CTDwB7yR1g}{local}{local[42]},{node2}{YEA6BHytTTmTkj7dNN7hXg}{local}{local[43]},{node0}{Rwxo8mJySry4iAkB2TbVHQ}{local}{local[41]},}, reason: test setting state
[2016-09-18T08:15:48,836][INFO ][org.elasticsearch.action.admin.cluster.node.tasks] Awaiting for all actions to start
[2016-09-18T08:15:48,837][INFO ][org.elasticsearch.action.admin.cluster.node.tasks] Action on node 1
[2016-09-18T08:15:48,838][INFO ][org.elasticsearch.action.admin.cluster.node.tasks] Action on node 3
[2016-09-18T08:15:48,838][INFO ][org.elasticsearch.action.admin.cluster.node.tasks] Action on node 2
[2016-09-18T08:15:48,838][INFO ][org.elasticsearch.action.admin.cluster.node.tasks] Action on node 0
[2016-09-18T08:15:48,838][INFO ][org.elasticsearch.action.admin.cluster.node.tasks] Done waiting for all actions to start
[2016-09-18T08:15:48,838][INFO ][org.elasticsearch.action.admin.cluster.node.tasks] Filtering out nodes [node2] size: 1
[2016-09-18T08:15:48,846][INFO ][org.elasticsearch.action.admin.cluster.node.tasks] Action on node 2 finished
[2016-09-18T08:15:48,846][INFO ][org.elasticsearch.action.admin.cluster.node.tasks] Action on node 1 finished
[2016-09-18T08:15:48,846][INFO ][org.elasticsearch.action.admin.cluster.node.tasks] Action on node 0 finished
[2016-09-18T08:15:48,846][INFO ][org.elasticsearch.action.admin.cluster.node.tasks] Action on node 3 finished
[2016-09-18T08:15:48,885][INFO ][org.elasticsearch.cluster.service] [node_s_0] new_master {node}{sOb4NVUHTZq8SI6tiOmKZA}{local}{local[139]}, reason: test setting state
[2016-09-18T08:15:48,886][INFO ][org.elasticsearch.action.admin.cluster.node.tasks] publish_address {local[45]}, bound_addresses {local[45]}
[2016-09-18T08:15:48,890][INFO ][org.elasticsearch.cluster.service] [node_s_0] new_master {node}{jaRyGaV6Tgu6HhBTVji7dg}{local}{local[140]}, reason: test setting state
[2016-09-18T08:15:48,892][INFO ][org.elasticsearch.action.admin.cluster.node.tasks] publish_address {local[46]}, bound_addresses {local[46]}
[2016-09-18T08:15:48,903][INFO ][org.elasticsearch.cluster.service] [node_s_0] new_master {node}{zA57BBfNThOQfxodtSkSug}{local}{local[141]}, reason: test setting state
[2016-09-18T08:15:48,904][INFO ][org.elasticsearch.action.admin.cluster.node.tasks] publish_address {local[47]}, bound_addresses {local[47]}
[2016-09-18T08:15:48,905][INFO ][org.elasticsearch.cluster.service] [node_s_0] master {new {node0}{asdd2P0YT7SGy-2AeHZT1A}{local}{local[45]}, previous {node}{sOb4NVUHTZq8SI6tiOmKZA}{local}{local[139]}}, removed {{node}{sOb4NVUHTZq8SI6tiOmKZA}{local}{local[139]},}, added {{node1}{o3qjTSeMRBiPWGqxycySzw}{local}{local[46]},{node2}{I3hSUpCdQkGxX3WZa73UgA}{local}{local[47]},}, reason: test setting state
[2016-09-18T08:15:48,906][INFO ][org.elasticsearch.cluster.service] [node_s_0] master {new {node0}{asdd2P0YT7SGy-2AeHZT1A}{local}{local[45]}, previous {node}{jaRyGaV6Tgu6HhBTVji7dg}{local}{local[140]}}, removed {{node}{jaRyGaV6Tgu6HhBTVji7dg}{local}{local[140]},}, added {{node2}{I3hSUpCdQkGxX3WZa73UgA}{local}{local[47]},{node0}{asdd2P0YT7SGy-2AeHZT1A}{local}{local[45]},}, reason: test setting state
[2016-09-18T08:15:48,907][INFO ][org.elasticsearch.cluster.service] [node_s_0] master {new {node0}{asdd2P0YT7SGy-2AeHZT1A}{local}{local[45]}, previous {node}{zA57BBfNThOQfxodtSkSug}{local}{local[141]}}, removed {{node}{zA57BBfNThOQfxodtSkSug}{local}{local[141]},}, added {{node1}{o3qjTSeMRBiPWGqxycySzw}{local}{local[46]},{node0}{asdd2P0YT7SGy-2AeHZT1A}{local}{local[45]},}, reason: test setting state
[2016-09-18T08:15:48,910][INFO ][org.elasticsearch.action.admin.cluster.node.tasks] Awaiting for all actions to start
[2016-09-18T08:15:48,923][INFO ][org.elasticsearch.action.admin.cluster.node.tasks] Action on node 2
[2016-09-18T08:15:48,924][INFO ][org.elasticsearch.action.admin.cluster.node.tasks] Action on node 1
[2016-09-18T08:15:48,924][INFO ][org.elasticsearch.action.admin.cluster.node.tasks] Action on node 0
[2016-09-18T08:15:48,924][INFO ][org.elasticsearch.action.admin.cluster.node.tasks] Done waiting for all actions to start
[2016-09-18T08:15:48,925][INFO ][org.elasticsearch.action.admin.cluster.node.tasks] Listing currently running tasks using node [1]
[2016-09-18T08:15:48,932][INFO ][org.elasticsearch.action.admin.cluster.node.tasks] Checking currently running tasks
[2016-09-18T08:15:48,972][INFO ][org.elasticsearch.action.admin.cluster.node.tasks] Action on node 2 finished
[2016-09-18T08:15:48,972][INFO ][org.elasticsearch.action.admin.cluster.node.tasks] Action on node 1 finished
[2016-09-18T08:15:48,973][INFO ][org.elasticsearch.action.admin.cluster.node.tasks] Action on node 0 finished
[2016-09-18T08:15:49,005][INFO ][org.elasticsearch.cluster.service] [node_s_0] new_master {node}{U5EXmJjYStuX52JctDGT2A}{local}{local[142]}, reason: test setting state
[2016-09-18T08:15:49,006][INFO ][org.elasticsearch.action.admin.cluster.node.tasks] publish_address {local[48]}, bound_addresses {local[48]}
[2016-09-18T08:15:49,016][INFO ][org.elasticsearch.cluster.service] [node_s_0] new_master {node}{AOLBNx0_R3S4p7JVKdriKw}{local}{local[143]}, reason: test setting state
[2016-09-18T08:15:49,017][INFO ][org.elasticsearch.action.admin.cluster.node.tasks] publish_address {local[49]}, bound_addresses {local[49]}
[2016-09-18T08:15:49,038][INFO ][org.elasticsearch.cluster.service] [node_s_0] new_master {node}{TOTGHQB8Q6OPGvZB-y0s-Q}{local}{local[144]}, reason: test setting state
[2016-09-18T08:15:49,039][INFO ][org.elasticsearch.action.admin.cluster.node.tasks] publish_address {local[50]}, bound_addresses {local[50]}
[2016-09-18T08:15:49,061][INFO ][org.elasticsearch.cluster.service] [node_s_0] new_master {node}{i-2Eze2MQLS1T8G3uJ3_qw}{local}{local[145]}, reason: test setting state
[2016-09-18T08:15:49,062][INFO ][org.elasticsearch.action.admin.cluster.node.tasks] publish_address {local[51]}, bound_addresses {local[51]}
[2016-09-18T08:15:49,068][INFO ][org.elasticsearch.cluster.service] [node_s_0] new_master {node}{3lsST1ahR2Sr9Id-MqaYWQ}{local}{local[146]}, reason: test setting state
[2016-09-18T08:15:49,069][INFO ][org.elasticsearch.action.admin.cluster.node.tasks] publish_address {local[52]}, bound_addresses {local[52]}
[2016-09-18T08:15:49,070][INFO ][org.elasticsearch.cluster.service] [node_s_0] master {new {node0}{_xGhITB2So2nh82BOazcCA}{local}{local[48]}, previous {node}{U5EXmJjYStuX52JctDGT2A}{local}{local[142]}}, removed {{node}{U5EXmJjYStuX52JctDGT2A}{local}{local[142]},}, added {{node1}{_vtLB49NR8Kux-5O_X8lhw}{local}{local[49]},{node3}{Yb6TkJmrQ0C3N1praHx1hg}{local}{local[51]},{node4}{OiMoBphARLuRC6fv3jYjOA}{local}{local[52]},{node2}{PEJaHB7IR1mTREwrFzVMsw}{local}{local[50]},}, reason: test setting state
[2016-09-18T08:15:49,071][INFO ][org.elasticsearch.cluster.service] [node_s_0] master {new {node0}{_xGhITB2So2nh82BOazcCA}{local}{local[48]}, previous {node}{AOLBNx0_R3S4p7JVKdriKw}{local}{local[143]}}, removed {{node}{AOLBNx0_R3S4p7JVKdriKw}{local}{local[143]},}, added {{node3}{Yb6TkJmrQ0C3N1praHx1hg}{local}{local[51]},{node4}{OiMoBphARLuRC6fv3jYjOA}{local}{local[52]},{node2}{PEJaHB7IR1mTREwrFzVMsw}{local}{local[50]},{node0}{_xGhITB2So2nh82BOazcCA}{local}{local[48]},}, reason: test setting state
[2016-09-18T08:15:49,072][INFO ][org.elasticsearch.cluster.service] [node_s_0] master {new {node0}{_xGhITB2So2nh82BOazcCA}{local}{local[48]}, previous {node}{TOTGHQB8Q6OPGvZB-y0s-Q}{local}{local[144]}}, removed {{node}{TOTGHQB8Q6OPGvZB-y0s-Q}{local}{local[144]},}, added {{node1}{_vtLB49NR8Kux-5O_X8lhw}{local}{local[49]},{node3}{Yb6TkJmrQ0C3N1praHx1hg}{local}{local[51]},{node4}{OiMoBphARLuRC6fv3jYjOA}{local}{local[52]},{node0}{_xGhITB2So2nh82BOazcCA}{local}{local[48]},}, reason: test setting state
[2016-09-18T08:15:49,072][INFO ][org.elasticsearch.cluster.service] [node_s_0] master {new {node0}{_xGhITB2So2nh82BOazcCA}{local}{local[48]}, previous {node}{i-2Eze2MQLS1T8G3uJ3_qw}{local}{local[145]}}, removed {{node}{i-2Eze2MQLS1T8G3uJ3_qw}{local}{local[145]},}, added {{node1}{_vtLB49NR8Kux-5O_X8lhw}{local}{local[49]},{node4}{OiMoBphARLuRC6fv3jYjOA}{local}{local[52]},{node2}{PEJaHB7IR1mTREwrFzVMsw}{local}{local[50]},{node0}{_xGhITB2So2nh82BOazcCA}{local}{local[48]},}, reason: test setting state
[2016-09-18T08:15:49,074][INFO ][org.elasticsearch.cluster.service] [node_s_0] master {new {node0}{_xGhITB2So2nh82BOazcCA}{local}{local[48]}, previous {node}{3lsST1ahR2Sr9Id-MqaYWQ}{local}{local[146]}}, removed {{node}{3lsST1ahR2Sr9Id-MqaYWQ}{local}{local[146]},}, added {{node1}{_vtLB49NR8Kux-5O_X8lhw}{local}{local[49]},{node3}{Yb6TkJmrQ0C3N1praHx1hg}{local}{local[51]},{node2}{PEJaHB7IR1mTREwrFzVMsw}{local}{local[50]},{node0}{_xGhITB2So2nh82BOazcCA}{local}{local[48]},}, reason: test setting state
[2016-09-18T08:15:49,083][INFO ][org.elasticsearch.action.admin.cluster.node.tasks] Awaiting for all actions to start
[2016-09-18T08:15:49,092][INFO ][org.elasticsearch.action.admin.cluster.node.tasks] Action on node 1
[2016-09-18T08:15:49,092][INFO ][org.elasticsearch.action.admin.cluster.node.tasks] Action on node 3
[2016-09-18T08:15:49,093][INFO ][org.elasticsearch.action.admin.cluster.node.tasks] Action on node 4
[2016-09-18T08:15:49,095][INFO ][org.elasticsearch.action.admin.cluster.node.tasks] Action on node 2
[2016-09-18T08:15:49,096][INFO ][org.elasticsearch.action.admin.cluster.node.tasks] Action on node 0
[2016-09-18T08:15:49,096][INFO ][org.elasticsearch.action.admin.cluster.node.tasks] Done waiting for all actions to start
[2016-09-18T08:15:49,100][INFO ][org.elasticsearch.action.admin.cluster.node.tasks] Task action on node 1
[2016-09-18T08:15:49,100][INFO ][org.elasticsearch.action.admin.cluster.node.tasks] Task action on node 3
[2016-09-18T08:15:49,102][INFO ][org.elasticsearch.action.admin.cluster.node.tasks] Task action on node 4
[2016-09-18T08:15:49,104][INFO ][org.elasticsearch.action.admin.cluster.node.tasks] Task action on node 2
[2016-09-18T08:15:49,104][INFO ][org.elasticsearch.action.admin.cluster.node.tasks] Failing on node 2
[2016-09-18T08:15:49,110][INFO ][org.elasticsearch.action.admin.cluster.node.tasks] Task action on node 0
[2016-09-18T08:15:49,111][INFO ][org.elasticsearch.action.admin.cluster.node.tasks] Action on node 3 finished
[2016-09-18T08:15:49,111][INFO ][org.elasticsearch.action.admin.cluster.node.tasks] Action on node 4 finished
[2016-09-18T08:15:49,112][INFO ][org.elasticsearch.action.admin.cluster.node.tasks] Action on node 2 finished
[2016-09-18T08:15:49,111][INFO ][org.elasticsearch.action.admin.cluster.node.tasks] Action on node 1 finished
[2016-09-18T08:15:49,112][INFO ][org.elasticsearch.action.admin.cluster.node.tasks] Action on node 0 finished
[2016-09-18T08:15:49,147][INFO ][org.elasticsearch.cluster.service] [node_s_0] new_master {node}{4_omH9UYS-ugoGeULJyjbA}{local}{local[147]}, reason: test setting state
[2016-09-18T08:15:49,148][INFO ][org.elasticsearch.action.admin.cluster.node.tasks] publish_address {local[53]}, bound_addresses {local[53]}
[2016-09-18T08:15:49,151][INFO ][org.elasticsearch.cluster.service] [node_s_0] new_master {node}{ZBMGZKk1SdarxoutMuBtvQ}{local}{local[148]}, reason: test setting state
[2016-09-18T08:15:49,153][INFO ][org.elasticsearch.action.admin.cluster.node.tasks] publish_address {local[54]}, bound_addresses {local[54]}
[2016-09-18T08:15:49,154][INFO ][org.elasticsearch.cluster.service] [node_s_0] master {new {node0}{gi8GwC92QxOvWSky8hsTjQ}{local}{local[53]}, previous {node}{4_omH9UYS-ugoGeULJyjbA}{local}{local[147]}}, removed {{node}{4_omH9UYS-ugoGeULJyjbA}{local}{local[147]},}, added {{node1}{TdfOscc6SuycuZs37X-2cQ}{local}{local[54]},}, reason: test setting state
[2016-09-18T08:15:49,154][INFO ][org.elasticsearch.cluster.service] [node_s_0] master {new {node0}{gi8GwC92QxOvWSky8hsTjQ}{local}{local[53]}, previous {node}{ZBMGZKk1SdarxoutMuBtvQ}{local}{local[148]}}, removed {{node}{ZBMGZKk1SdarxoutMuBtvQ}{local}{local[148]},}, added {{node0}{gi8GwC92QxOvWSky8hsTjQ}{local}{local[53]},}, reason: test setting state
[2016-09-18T08:15:49,158][INFO ][org.elasticsearch.action.admin.cluster.node.tasks] Action on node 1
[2016-09-18T08:15:49,158][INFO ][org.elasticsearch.action.admin.cluster.node.tasks] Action on node 0
[2016-09-18T08:15:49,191][INFO ][org.elasticsearch.cluster.service] [node_s_0] new_master {node}{whU148NuT8ySeV4rdWlpqA}{local}{local[149]}, reason: test setting state
[2016-09-18T08:15:49,192][INFO ][org.elasticsearch.action.admin.cluster.node.tasks] publish_address {local[55]}, bound_addresses {local[55]}
[2016-09-18T08:15:49,195][INFO ][org.elasticsearch.cluster.service] [node_s_0] new_master {node}{ayxpZ0VJSj-m_H4dSgqRCA}{local}{local[150]}, reason: test setting state
[2016-09-18T08:15:49,197][INFO ][org.elasticsearch.action.admin.cluster.node.tasks] publish_address {local[56]}, bound_addresses {local[56]}
[2016-09-18T08:15:49,204][INFO ][org.elasticsearch.cluster.service] [node_s_0] new_master {node}{-2S_YIZ1QfGe3PZuiJJJNA}{local}{local[151]}, reason: test setting state
[2016-09-18T08:15:49,205][INFO ][org.elasticsearch.action.admin.cluster.node.tasks] publish_address {local[57]}, bound_addresses {local[57]}
[2016-09-18T08:15:49,209][INFO ][org.elasticsearch.cluster.service] [node_s_0] new_master {node}{XNZqoVN5Qxi2UwIkj2N1ig}{local}{local[152]}, reason: test setting state
[2016-09-18T08:15:49,210][INFO ][org.elasticsearch.action.admin.cluster.node.tasks] publish_address {local[58]}, bound_addresses {local[58]}
[2016-09-18T08:15:49,213][INFO ][org.elasticsearch.cluster.service] [node_s_0] new_master {node}{38r2zqWXQ9yFJKeN6-IQpw}{local}{local[153]}, reason: test setting state
[2016-09-18T08:15:49,215][INFO ][org.elasticsearch.action.admin.cluster.node.tasks] publish_address {local[59]}, bound_addresses {local[59]}
[2016-09-18T08:15:49,220][INFO ][org.elasticsearch.cluster.service] [node_s_0] new_master {node}{ody_f2iwR062XOstrgooBQ}{local}{local[154]}, reason: test setting state
[2016-09-18T08:15:49,222][INFO ][org.elasticsearch.action.admin.cluster.node.tasks] publish_address {local[60]}, bound_addresses {local[60]}
[2016-09-18T08:15:49,229][INFO ][org.elasticsearch.cluster.service] [node_s_0] new_master {node}{tKgms3lyT2-z2DOT4nsXaQ}{local}{local[155]}, reason: test setting state
[2016-09-18T08:15:49,233][INFO ][org.elasticsearch.action.admin.cluster.node.tasks] publish_address {local[61]}, bound_addresses {local[61]}
[2016-09-18T08:15:49,234][INFO ][org.elasticsearch.cluster.service] [node_s_0] master {new {node0}{6PpV-H0vRC2O6_oQsDwg6Q}{local}{local[55]}, previous {node}{whU148NuT8ySeV4rdWlpqA}{local}{local[149]}}, removed {{node}{whU148NuT8ySeV4rdWlpqA}{local}{local[149]},}, added {{node6}{G5Jah0WkSmey5ftbTiLoug}{local}{local[61]},{node4}{VvRnlLuVTN2c2w6tlNjSPA}{local}{local[59]},{node3}{qJbMJ5x8QJOc8HRMLbd4ow}{local}{local[58]},{node2}{-Nc2TuXQRtu3HFXVuspUJg}{local}{local[57]},{node5}{MzEEzIUGQtqt1bRt81hBQQ}{local}{local[60]},{node1}{HEafxkDxSoaqmgWtRumoNQ}{local}{local[56]},}, reason: test setting state
[2016-09-18T08:15:49,235][INFO ][org.elasticsearch.cluster.service] [node_s_0] master {new {node0}{6PpV-H0vRC2O6_oQsDwg6Q}{local}{local[55]}, previous {node}{ayxpZ0VJSj-m_H4dSgqRCA}{local}{local[150]}}, removed {{node}{ayxpZ0VJSj-m_H4dSgqRCA}{local}{local[150]},}, added {{node5}{MzEEzIUGQtqt1bRt81hBQQ}{local}{local[60]},{node2}{-Nc2TuXQRtu3HFXVuspUJg}{local}{local[57]},{node4}{VvRnlLuVTN2c2w6tlNjSPA}{local}{local[59]},{node0}{6PpV-H0vRC2O6_oQsDwg6Q}{local}{local[55]},{node6}{G5Jah0WkSmey5ftbTiLoug}{local}{local[61]},{node3}{qJbMJ5x8QJOc8HRMLbd4ow}{local}{local[58]},}, reason: test setting state
[2016-09-18T08:15:49,235][INFO ][org.elasticsearch.cluster.service] [node_s_0] master {new {node0}{6PpV-H0vRC2O6_oQsDwg6Q}{local}{local[55]}, previous {node}{-2S_YIZ1QfGe3PZuiJJJNA}{local}{local[151]}}, removed {{node}{-2S_YIZ1QfGe3PZuiJJJNA}{local}{local[151]},}, added {{node4}{VvRnlLuVTN2c2w6tlNjSPA}{local}{local[59]},{node3}{qJbMJ5x8QJOc8HRMLbd4ow}{local}{local[58]},{node6}{G5Jah0WkSmey5ftbTiLoug}{local}{local[61]},{node0}{6PpV-H0vRC2O6_oQsDwg6Q}{local}{local[55]},{node5}{MzEEzIUGQtqt1bRt81hBQQ}{local}{local[60]},{node1}{HEafxkDxSoaqmgWtRumoNQ}{local}{local[56]},}, reason: test setting state
[2016-09-18T08:15:49,235][INFO ][org.elasticsearch.cluster.service] [node_s_0] master {new {node0}{6PpV-H0vRC2O6_oQsDwg6Q}{local}{local[55]}, previous {node}{XNZqoVN5Qxi2UwIkj2N1ig}{local}{local[152]}}, removed {{node}{XNZqoVN5Qxi2UwIkj2N1ig}{local}{local[152]},}, added {{node0}{6PpV-H0vRC2O6_oQsDwg6Q}{local}{local[55]},{node5}{MzEEzIUGQtqt1bRt81hBQQ}{local}{local[60]},{node6}{G5Jah0WkSmey5ftbTiLoug}{local}{local[61]},{node2}{-Nc2TuXQRtu3HFXVuspUJg}{local}{local[57]},{node4}{VvRnlLuVTN2c2w6tlNjSPA}{local}{local[59]},{node1}{HEafxkDxSoaqmgWtRumoNQ}{local}{local[56]},}, reason: test setting state
[2016-09-18T08:15:49,236][INFO ][org.elasticsearch.cluster.service] [node_s_0] master {new {node0}{6PpV-H0vRC2O6_oQsDwg6Q}{local}{local[55]}, previous {node}{38r2zqWXQ9yFJKeN6-IQpw}{local}{local[153]}}, removed {{node}{38r2zqWXQ9yFJKeN6-IQpw}{local}{local[153]},}, added {{node3}{qJbMJ5x8QJOc8HRMLbd4ow}{local}{local[58]},{node6}{G5Jah0WkSmey5ftbTiLoug}{local}{local[61]},{node5}{MzEEzIUGQtqt1bRt81hBQQ}{local}{local[60]},{node1}{HEafxkDxSoaqmgWtRumoNQ}{local}{local[56]},{node2}{-Nc2TuXQRtu3HFXVuspUJg}{local}{local[57]},{node0}{6PpV-H0vRC2O6_oQsDwg6Q}{local}{local[55]},}, reason: test setting state
[2016-09-18T08:15:49,236][INFO ][org.elasticsearch.cluster.service] [node_s_0] master {new {node0}{6PpV-H0vRC2O6_oQsDwg6Q}{local}{local[55]}, previous {node}{ody_f2iwR062XOstrgooBQ}{local}{local[154]}}, removed {{node}{ody_f2iwR062XOstrgooBQ}{local}{local[154]},}, added {{node3}{qJbMJ5x8QJOc8HRMLbd4ow}{local}{local[58]},{node1}{HEafxkDxSoaqmgWtRumoNQ}{local}{local[56]},{node6}{G5Jah0WkSmey5ftbTiLoug}{local}{local[61]},{node0}{6PpV-H0vRC2O6_oQsDwg6Q}{local}{local[55]},{node4}{VvRnlLuVTN2c2w6tlNjSPA}{local}{local[59]},{node2}{-Nc2TuXQRtu3HFXVuspUJg}{local}{local[57]},}, reason: test setting state
[2016-09-18T08:15:49,236][INFO ][org.elasticsearch.cluster.service] [node_s_0] master {new {node0}{6PpV-H0vRC2O6_oQsDwg6Q}{local}{local[55]}, previous {node}{tKgms3lyT2-z2DOT4nsXaQ}{local}{local[155]}}, removed {{node}{tKgms3lyT2-z2DOT4nsXaQ}{local}{local[155]},}, added {{node0}{6PpV-H0vRC2O6_oQsDwg6Q}{local}{local[55]},{node1}{HEafxkDxSoaqmgWtRumoNQ}{local}{local[56]},{node2}{-Nc2TuXQRtu3HFXVuspUJg}{local}{local[57]},{node4}{VvRnlLuVTN2c2w6tlNjSPA}{local}{local[59]},{node3}{qJbMJ5x8QJOc8HRMLbd4ow}{local}{local[58]},{node5}{MzEEzIUGQtqt1bRt81hBQQ}{local}{local[60]},}, reason: test setting state
[2016-09-18T08:15:49,243][INFO ][org.elasticsearch.action.admin.cluster.node.tasks] Awaiting for all actions to start
[2016-09-18T08:15:49,247][INFO ][org.elasticsearch.action.admin.cluster.node.tasks] Action on node 0
[2016-09-18T08:15:49,248][INFO ][org.elasticsearch.action.admin.cluster.node.tasks] Action on node 6
[2016-09-18T08:15:49,248][INFO ][org.elasticsearch.action.admin.cluster.node.tasks] Action on node 4
[2016-09-18T08:15:49,249][INFO ][org.elasticsearch.action.admin.cluster.node.tasks] Action on node 3
[2016-09-18T08:15:49,249][INFO ][org.elasticsearch.action.admin.cluster.node.tasks] Action on node 2
[2016-09-18T08:15:49,250][INFO ][org.elasticsearch.action.admin.cluster.node.tasks] Action on node 5
[2016-09-18T08:15:49,250][INFO ][org.elasticsearch.action.admin.cluster.node.tasks] Action on node 1
[2016-09-18T08:15:49,250][INFO ][org.elasticsearch.action.admin.cluster.node.tasks] Done waiting for all actions to start
[2016-09-18T08:15:49,260][INFO ][org.elasticsearch.action.admin.cluster.node.tasks] Action on node 6 finished
[2016-09-18T08:15:49,260][INFO ][org.elasticsearch.action.admin.cluster.node.tasks] Action on node 4 finished
[2016-09-18T08:15:49,260][INFO ][org.elasticsearch.action.admin.cluster.node.tasks] Action on node 3 finished
[2016-09-18T08:15:49,260][INFO ][org.elasticsearch.action.admin.cluster.node.tasks] Action on node 0 finished
[2016-09-18T08:15:49,260][INFO ][org.elasticsearch.action.admin.cluster.node.tasks] Action on node 2 finished
[2016-09-18T08:15:49,260][INFO ][org.elasticsearch.action.admin.cluster.node.tasks] Action on node 5 finished
[2016-09-18T08:15:49,260][INFO ][org.elasticsearch.action.admin.cluster.node.tasks] Action on node 1 finished
]]></system-out>
   <system-err><![CDATA[Sep 18, 2016 1:15:49 PM com.carrotsearch.randomizedtesting.ThreadLeakControl checkThreadLeaks
WARNING: Will linger awaiting termination of 7 leaked thread(s).
]]></system-err>
</testsuite>