<testsuite errors="0" failures="0" tests="7" skipped="0" name="org.elasticsearch.indices.IndicesServiceTests" hostname="nohost.nodomain" time="1.954" timestamp="2016-09-15T12:41:44">
   <properties class="java.util.ArrayList">
      <property name="awt.toolkit" value="sun.awt.windows.WToolkit"/>
      <property name="file.encoding" value="Cp1252"/>
      <property name="file.encoding.pkg" value="sun.io"/>
      <property name="file.separator" value="\"/>
      <property name="java.awt.graphicsenv" value="sun.awt.Win32GraphicsEnvironment"/>
      <property name="java.awt.headless" value="true"/>
      <property name="java.awt.printerjob" value="sun.awt.windows.WPrinterJob"/>
      <property name="java.class.path" value="C:\projects\team3\core\build\classes\test;C:\projects\team3\core\build\resources\test;C:\projects\team3\core\build\classes\main;C:\projects\team3\core\build\resources\main;C:\Users\domin\.gradle\caches\modules-2\files-2.1\org.apache.lucene\lucene-core\6.2.0\849ee62525a294416802be2cacc66c80352f6f13\lucene-core-6.2.0.jar;C:\Users\domin\.gradle\caches\modules-2\files-2.1\org.apache.lucene\lucene-analyzers-common\6.2.0\d254d52dd394b5079129f3d5f3bf4f2d44a5936e\lucene-analyzers-common-6.2.0.jar;C:\Users\domin\.gradle\caches\modules-2\files-2.1\org.apache.lucene\lucene-backward-codecs\6.2.0\b625bb21456b3c0d1e5e431bced125cb060c1abd\lucene-backward-codecs-6.2.0.jar;C:\Users\domin\.gradle\caches\modules-2\files-2.1\org.apache.lucene\lucene-grouping\6.2.0\9527fedfd5acc624b2bb3f862bd99fb8f470b053\lucene-grouping-6.2.0.jar;C:\Users\domin\.gradle\caches\modules-2\files-2.1\org.apache.lucene\lucene-highlighter\6.2.0\7ca342372a3f45e32bbd21cecaa757e38eccb8a5\lucene-highlighter-6.2.0.jar;C:\Users\domin\.gradle\caches\modules-2\files-2.1\org.apache.lucene\lucene-join\6.2.0\da0b8de98511abd4fe9c7d48a353d17854c5ed46\lucene-join-6.2.0.jar;C:\Users\domin\.gradle\caches\modules-2\files-2.1\org.apache.lucene\lucene-memory\6.2.0\bc9e075b1ee051c8e5246c237c38d8e71dab8a66\lucene-memory-6.2.0.jar;C:\Users\domin\.gradle\caches\modules-2\files-2.1\org.apache.lucene\lucene-misc\6.2.0\94ddde6312566a4da4a50a88e453b6c82c759b41\lucene-misc-6.2.0.jar;C:\Users\domin\.gradle\caches\modules-2\files-2.1\org.apache.lucene\lucene-queries\6.2.0\dce47238f78e3e97d91dc6fefa9f46f07866bc2b\lucene-queries-6.2.0.jar;C:\Users\domin\.gradle\caches\modules-2\files-2.1\org.apache.lucene\lucene-queryparser\6.2.0\17ef728ac15e668bfa1105321611548424637645\lucene-queryparser-6.2.0.jar;C:\Users\domin\.gradle\caches\modules-2\files-2.1\org.apache.lucene\lucene-sandbox\6.2.0\520183f7b9aba77a26e224760c420a3844b0631a\lucene-sandbox-6.2.0.jar;C:\Users\domin\.gradle\caches\modules-2\files-2.1\org.apache.lucene\lucene-spatial\6.2.0\8dba929b66927b936fbc76103b109ad6c824daee\lucene-spatial-6.2.0.jar;C:\Users\domin\.gradle\caches\modules-2\files-2.1\org.apache.lucene\lucene-spatial-extras\6.2.0\3b5a6ef5cd90c0218a72e9e2f7e60104be2447da\lucene-spatial-extras-6.2.0.jar;C:\Users\domin\.gradle\caches\modules-2\files-2.1\org.apache.lucene\lucene-spatial3d\6.2.0\fcdb0567725722c5145149d1502848b6a96ec18d\lucene-spatial3d-6.2.0.jar;C:\Users\domin\.gradle\caches\modules-2\files-2.1\org.apache.lucene\lucene-suggest\6.2.0\3d9d526c51f483d27f425c75d7e56bc0849242d6\lucene-suggest-6.2.0.jar;C:\Users\domin\.gradle\caches\modules-2\files-2.1\org.elasticsearch\securesm\1.1\1e423447d020041534be94c0f31a49fbdc1f2950\securesm-1.1.jar;C:\Users\domin\.gradle\caches\modules-2\files-2.1\net.sf.jopt-simple\jopt-simple\5.0.2\98cafc6081d5632b61be2c9e60650b64ddbc637c\jopt-simple-5.0.2.jar;C:\Users\domin\.gradle\caches\modules-2\files-2.1\com.carrotsearch\hppc\0.7.1\8b5057f74ea378c0150a1860874a3ebdcb713767\hppc-0.7.1.jar;C:\Users\domin\.gradle\caches\modules-2\files-2.1\joda-time\joda-time\2.9.4\1c295b462f16702ebe720bbb08f62e1ba80da41b\joda-time-2.9.4.jar;C:\Users\domin\.gradle\caches\modules-2\files-2.1\org.joda\joda-convert\1.2\35ec554f0cd00c956cc69051514d9488b1374dec\joda-convert-1.2.jar;C:\Users\domin\.gradle\caches\modules-2\files-2.1\org.yaml\snakeyaml\1.15\3b132bea69e8ee099f416044970997bde80f4ea6\snakeyaml-1.15.jar;C:\Users\domin\.gradle\caches\modules-2\files-2.1\com.fasterxml.jackson.core\jackson-core\2.8.1\fd13b1c033741d48291315c6370f7d475a42dccf\jackson-core-2.8.1.jar;C:\Users\domin\.gradle\caches\modules-2\files-2.1\com.fasterxml.jackson.dataformat\jackson-dataformat-smile\2.8.1\5b73867bc12224946fc67fc8d49d9f5e698d7f\jackson-dataformat-smile-2.8.1.jar;C:\Users\domin\.gradle\caches\modules-2\files-2.1\com.fasterxml.jackson.dataformat\jackson-dataformat-yaml\2.8.1\eb63166c723b0b4b9fb5298fca232a2f6612ec34\jackson-dataformat-yaml-2.8.1.jar;C:\Users\domin\.gradle\caches\modules-2\files-2.1\com.fasterxml.jackson.dataformat\jackson-dataformat-cbor\2.8.1\3a6fb7e75c9972559a78cf5cfc5a48a41a13ea40\jackson-dataformat-cbor-2.8.1.jar;C:\Users\domin\.gradle\caches\modules-2\files-2.1\com.tdunning\t-digest\3.0\84ccf145ac2215e6bfa63baa3101c0af41017cfc\t-digest-3.0.jar;C:\Users\domin\.gradle\caches\modules-2\files-2.1\org.hdrhistogram\HdrHistogram\2.1.6\7495feb7f71ee124bd2a7e7d83590e296d71d80e\HdrHistogram-2.1.6.jar;C:\Users\domin\.gradle\caches\modules-2\files-2.1\org.locationtech.spatial4j\spatial4j\0.6\21b15310bddcfd8c72611c180f20cf23279809a3\spatial4j-0.6.jar;C:\Users\domin\.gradle\caches\modules-2\files-2.1\com.vividsolutions\jts\1.13\3ccfb9b60f04d71add996a666ceb8902904fd805\jts-1.13.jar;C:\Users\domin\.gradle\caches\modules-2\files-2.1\org.apache.logging.log4j\log4j-api\2.6.2\bd1b74a5d170686362091c7cf596bbc3adf5c09b\log4j-api-2.6.2.jar;C:\Users\domin\.gradle\caches\modules-2\files-2.1\org.apache.logging.log4j\log4j-core\2.6.2\a91369f655eb1639c6aece5c5eb5108db18306\log4j-core-2.6.2.jar;C:\Users\domin\.gradle\caches\modules-2\files-2.1\org.apache.logging.log4j\log4j-1.2-api\2.6.2\3b4c5a8b734b6a29b2f03380535a48da6284b210\log4j-1.2-api-2.6.2.jar;C:\Users\domin\.gradle\caches\modules-2\files-2.1\net.java.dev.jna\jna\4.2.2\5012450aee579c3118ff09461d5ce210e0cdc2a9\jna-4.2.2.jar;C:\projects\team3\test\framework\build\distributions\framework-5.0.0-alpha6-SNAPSHOT.jar;C:\Users\domin\.gradle\caches\modules-2\files-2.1\com.carrotsearch.randomizedtesting\randomizedtesting-runner\2.3.2\307965917fe8a22b7ee72deba39ef4b8e6ebc069\randomizedtesting-runner-2.3.2.jar;C:\Users\domin\.gradle\caches\modules-2\files-2.1\junit\junit\4.11\4e031bb61df09069aeb2bffb4019e7a5034a4ee0\junit-4.11.jar;C:\Users\domin\.gradle\caches\modules-2\files-2.1\org.hamcrest\hamcrest-all\1.3\63a21ebc981131004ad02e0434e799fd7f3a8d5a\hamcrest-all-1.3.jar;C:\Users\domin\.gradle\caches\modules-2\files-2.1\org.apache.lucene\lucene-test-framework\6.2.0\f5026be3983acfb40d4092dbfbc015ec6e6addab\lucene-test-framework-6.2.0.jar;C:\Users\domin\.gradle\caches\modules-2\files-2.1\org.apache.lucene\lucene-codecs\6.2.0\99f887266b0ad9f2c286b3976c5bc48c8cd36624\lucene-codecs-6.2.0.jar;C:\projects\team3\client\rest\build\distributions\rest-5.0.0-alpha6-SNAPSHOT.jar;C:\Users\domin\.gradle\caches\modules-2\files-2.1\org.apache.httpcomponents\httpclient\4.5.2\733db77aa8d9b2d68015189df76ab06304406e50\httpclient-4.5.2.jar;C:\Users\domin\.gradle\caches\modules-2\files-2.1\org.apache.httpcomponents\httpcore\4.4.5\e7501a1b34325abb00d17dde96150604a0658b54\httpcore-4.4.5.jar;C:\Users\domin\.gradle\caches\modules-2\files-2.1\commons-logging\commons-logging\1.1.3\f6f66e966c70a83ffbdb6f17a0919eaf7c8aca7f\commons-logging-1.1.3.jar;C:\Users\domin\.gradle\caches\modules-2\files-2.1\commons-codec\commons-codec\1.10\4b95f4897fa13f2cd904aee711aeafc0c5295cd8\commons-codec-1.10.jar;C:\Users\domin\.gradle\caches\modules-2\files-2.1\org.elasticsearch\securemock\1.2\98201d4ad5ac93f6b415ae9172d52b5e7cda490e\securemock-1.2.jar;C:\Users\domin\.gradle\caches\modules-2\files-2.1\org.apache.httpcomponents\httpasyncclient\4.1.2\95aa3e6fb520191a0970a73cf09f62948ee614be\httpasyncclient-4.1.2.jar;C:\Users\domin\.gradle\caches\modules-2\files-2.1\org.apache.httpcomponents\httpcore-nio\4.4.5\f4be009e7505f6ceddf21e7960c759f413f15056\httpcore-nio-4.4.5.jar;C:\Users\domin\.gradle\caches\modules-2\files-2.1\com.carrotsearch.randomizedtesting\junit4-ant\2.3.2\dc8f03f6111974092491f35b8269eb0fc57f52f7\junit4-ant-2.3.2.jar"/>
      <property name="java.class.version" value="52.0"/>
      <property name="java.endorsed.dirs" value="C:\Program Files\Java\jdk1.8.0_65\jre\lib\endorsed"/>
      <property name="java.ext.dirs" value="C:\Program Files\Java\jdk1.8.0_65\jre\lib\ext;C:\WINDOWS\Sun\Java\lib\ext"/>
      <property name="java.home" value="C:\Program Files\Java\jdk1.8.0_65\jre"/>
      <property name="java.io.tmpdir" value="./temp"/>
      <property name="java.library.path" value="C:\Program Files\Java\jdk1.8.0_65\bin;C:\WINDOWS\Sun\Java\bin;C:\WINDOWS\system32;C:\WINDOWS;C:\Ruby22-x64\bin;C:\Imagick;C:\ProgramData\Oracle\Java\javapath;C:\Program Files (x86)\Intel\iCLS Client\;C:\Program Files\Intel\iCLS Client\;C:\Windows\system32;C:\Windows;C:\Windows\System32\Wbem;C:\Windows\System32\WindowsPowerShell\v1.0\;C:\Program Files (x86)\Intel\Intel(R) Management Engine Components\DAL;C:\Program Files\Intel\Intel(R) Management Engine Components\DAL;C:\Program Files (x86)\Intel\Intel(R) Management Engine Components\IPT;C:\Program Files\Intel\Intel(R) Management Engine Components\IPT;C:\Program Files (x86)\NVIDIA Corporation\PhysX\Common;C:\Program Files (x86)\Skype\Phone\;C:\xampp\php;C:\ProgramData\ComposerSetup\bin;C:\Program Files\Git\cmd;C:\Program Files\OpenVPN\bin;C:\Program Files\nodejs\;C:\WINDOWS\system32;C:\WINDOWS;C:\WINDOWS\System32\Wbem;C:\WINDOWS\System32\WindowsPowerShell\v1.0\;C:\Program Files\cURL\bin;C:\Program Files\gradle\2.13\bin;C:\Program Files\CMake\bin;C:\Program Files\flex_bison;C:\Program Files\doxygen\bin;C:\SonarQube\SonarQubeScanner\bin;C:\Users\domin\AppData\Local\Programs\Python\Python35-32\Scripts\;C:\Users\domin\AppData\Local\Programs\Python\Python35-32\;C:\Users\domin\AppData\Roaming\npm;C:\Users\domin\AppData\Local\Microsoft\WindowsApps;;."/>
      <property name="java.runtime.name" value="Java(TM) SE Runtime Environment"/>
      <property name="java.runtime.version" value="1.8.0_65-b17"/>
      <property name="java.specification.name" value="Java Platform API Specification"/>
      <property name="java.specification.vendor" value="Oracle Corporation"/>
      <property name="java.specification.version" value="1.8"/>
      <property name="java.vendor" value="Oracle Corporation"/>
      <property name="java.vendor.url" value="http://java.oracle.com/"/>
      <property name="java.vendor.url.bug" value="http://bugreport.sun.com/bugreport/"/>
      <property name="java.version" value="1.8.0_65"/>
      <property name="java.vm.info" value="mixed mode"/>
      <property name="java.vm.name" value="Java HotSpot(TM) 64-Bit Server VM"/>
      <property name="java.vm.specification.name" value="Java Virtual Machine Specification"/>
      <property name="java.vm.specification.vendor" value="Oracle Corporation"/>
      <property name="java.vm.specification.version" value="1.8"/>
      <property name="java.vm.vendor" value="Oracle Corporation"/>
      <property name="java.vm.version" value="25.65-b01"/>
      <property name="jna.nosys" value="true"/>
      <property name="junit4.childvm.count" value="3"/>
      <property name="junit4.childvm.cwd" value="C:\projects\team3\core\build\testrun\test\J1"/>
      <property name="junit4.childvm.id" value="1"/>
      <property name="junit4.memory.total" value="514850816"/>
      <property name="junit4.pidString" value="8548@LAPTOP-LKSM26S6"/>
      <property name="junit4.processors" value="4"/>
      <property name="line.separator" value="
"/>
      <property name="os.arch" value="amd64"/>
      <property name="os.name" value="Windows 10"/>
      <property name="os.version" value="10.0"/>
      <property name="path.separator" value=";"/>
      <property name="sun.arch.data.model" value="64"/>
      <property name="sun.boot.class.path" value="C:\Program Files\Java\jdk1.8.0_65\jre\lib\resources.jar;C:\Program Files\Java\jdk1.8.0_65\jre\lib\rt.jar;C:\Program Files\Java\jdk1.8.0_65\jre\lib\sunrsasign.jar;C:\Program Files\Java\jdk1.8.0_65\jre\lib\jsse.jar;C:\Program Files\Java\jdk1.8.0_65\jre\lib\jce.jar;C:\Program Files\Java\jdk1.8.0_65\jre\lib\charsets.jar;C:\Program Files\Java\jdk1.8.0_65\jre\lib\jfr.jar;C:\Program Files\Java\jdk1.8.0_65\jre\classes"/>
      <property name="sun.boot.library.path" value="C:\Program Files\Java\jdk1.8.0_65\jre\bin"/>
      <property name="sun.cpu.endian" value="little"/>
      <property name="sun.cpu.isalist" value="amd64"/>
      <property name="sun.desktop" value="windows"/>
      <property name="sun.io.unicode.encoding" value="UnicodeLittle"/>
      <property name="sun.java.command" value="com.carrotsearch.ant.tasks.junit4.slave.SlaveMainSafe -eventsfile C:\projects\team3\core\build\testrun\test\temp\junit4-J1-20160915_123537_463.events @C:\projects\team3\core\build\testrun\test\temp\junit4-J1-20160915_123537_463.suites -stdin"/>
      <property name="sun.java.launcher" value="SUN_STANDARD"/>
      <property name="sun.jnu.encoding" value="Cp1252"/>
      <property name="sun.management.compiler" value="HotSpot 64-Bit Tiered Compilers"/>
      <property name="sun.os.patch.level" value=""/>
      <property name="tests.artifact" value="core"/>
      <property name="tests.gradle" value="true"/>
      <property name="tests.ifNoTests" value="fail"/>
      <property name="tests.logger.level" value="WARN"/>
      <property name="tests.prefix" value="tests"/>
      <property name="tests.security.manager" value="true"/>
      <property name="tests.seed" value="9CF13790D965C5A7"/>
      <property name="tests.task" value=":core:test"/>
      <property name="user.country" value="AT"/>
      <property name="user.dir" value="C:\projects\team3\core\build\testrun\test\J1"/>
      <property name="user.home" value="C:\Users\domin"/>
      <property name="user.language" value="de"/>
      <property name="user.name" value="domin"/>
      <property name="user.script" value=""/>
      <property name="user.timezone" value=""/>
      <property name="user.variant" value=""/>
   </properties>
   <testcase classname="org.elasticsearch.indices.IndicesServiceTests" name="testPendingTasks" time="0.407"/>
   <testcase classname="org.elasticsearch.indices.IndicesServiceTests" name="testCanDeleteIndexContent" time="0.127"/>
   <testcase classname="org.elasticsearch.indices.IndicesServiceTests" name="testIndexAndTombstoneWithSameNameOnStartup" time="0.126"/>
   <testcase classname="org.elasticsearch.indices.IndicesServiceTests" name="testVerifyIfIndexContentDeleted" time="0.142"/>
   <testcase classname="org.elasticsearch.indices.IndicesServiceTests" name="testDeleteIndexStore" time="0.537"/>
   <testcase classname="org.elasticsearch.indices.IndicesServiceTests" name="testCanDeleteShardContent" time="0.197"/>
   <testcase classname="org.elasticsearch.indices.IndicesServiceTests" name="testDanglingIndicesWithAliasConflict" time="0.365"/>
   <system-out><![CDATA[[2016-09-15T10:41:44,768][INFO ][org.elasticsearch.node   ] [node_s_0] initializing ...
[2016-09-15T10:41:44,786][INFO ][org.elasticsearch.env    ] [node_s_0] using [1] data paths, mounts [[Acer (C:)]], net usable_space [789.1gb], net total_space [930.9gb], spins? [unknown], types [NTFS]
[2016-09-15T10:41:44,787][INFO ][org.elasticsearch.env    ] [node_s_0] heap size [491mb], compressed ordinary object pointers [true]
[2016-09-15T10:41:44,789][INFO ][org.elasticsearch.node   ] [node_s_0] version[5.0.0-alpha6-SNAPSHOT], pid[8548], build[Unknown/Unknown], OS[Windows 10/10.0/amd64], JVM[Oracle Corporation/Java HotSpot(TM) 64-Bit Server VM/1.8.0_65/25.65-b01]
[2016-09-15T10:41:44,791][INFO ][org.elasticsearch.plugins] [node_s_0] no modules loaded
[2016-09-15T10:41:44,791][INFO ][org.elasticsearch.plugins] [node_s_0] no plugins loaded
[2016-09-15T10:41:44,889][INFO ][org.elasticsearch.node   ] [node_s_0] initialized
[2016-09-15T10:41:44,889][INFO ][org.elasticsearch.node   ] [node_s_0] starting ...
[2016-09-15T10:41:44,890][INFO ][org.elasticsearch.transport] [node_s_0] publish_address {local[34]}, bound_addresses {local[34]}
[2016-09-15T10:41:44,891][INFO ][org.elasticsearch.cluster.service] [node_s_0] new_master {node_s_0}{73RtDI_ITpems_esXaOG0g}{WfYpm9glShKYQYvLqeGSnw}{local}{local[34]}, reason: local-disco-initial_connect(master)
[2016-09-15T10:41:44,891][INFO ][org.elasticsearch.node   ] [node_s_0] started
[2016-09-15T10:41:44,899][INFO ][org.elasticsearch.gateway] [node_s_0] recovered [0] indices into cluster_state
[2016-09-15T10:41:44,915][INFO ][org.elasticsearch.cluster.metadata] [node_s_0] [test] creating index, cause [api], templates [random_index_template], shards [1]/[0], mappings []
[2016-09-15T10:41:44,986][INFO ][org.elasticsearch.cluster.routing.allocation] [node_s_0] Cluster health status changed from [YELLOW] to [GREEN] (reason: [shards started [[test][0]] ...]).
[2016-09-15T10:41:44,999][INFO ][org.elasticsearch.cluster.metadata] [node_s_0] closing indices [[[test/ae_LYQ6UQfy01B4NHTaO7w]]]
[2016-09-15T10:41:45,025][INFO ][org.elasticsearch.cluster.metadata] [node_s_0] opening indices [[[test/ae_LYQ6UQfy01B4NHTaO7w]]]
[2016-09-15T10:41:45,035][INFO ][org.elasticsearch.indices] [node_s_0] [IndicesServiceTests#testPendingTasks]: cleaning up after test
[2016-09-15T10:41:45,047][INFO ][org.elasticsearch.node   ] [node_s_0] stopping ...
[2016-09-15T10:41:45,048][INFO ][org.elasticsearch.node   ] [node_s_0] stopped
[2016-09-15T10:41:45,048][INFO ][org.elasticsearch.node   ] [node_s_0] closing ...
[2016-09-15T10:41:45,049][INFO ][org.elasticsearch.node   ] [node_s_0] closed
[2016-09-15T10:41:45,055][INFO ][org.elasticsearch.node   ] [node_s_0] initializing ...
[2016-09-15T10:41:45,069][INFO ][org.elasticsearch.env    ] [node_s_0] using [1] data paths, mounts [[Acer (C:)]], net usable_space [789.1gb], net total_space [930.9gb], spins? [unknown], types [NTFS]
[2016-09-15T10:41:45,070][INFO ][org.elasticsearch.env    ] [node_s_0] heap size [491mb], compressed ordinary object pointers [true]
[2016-09-15T10:41:45,072][INFO ][org.elasticsearch.node   ] [node_s_0] version[5.0.0-alpha6-SNAPSHOT], pid[8548], build[Unknown/Unknown], OS[Windows 10/10.0/amd64], JVM[Oracle Corporation/Java HotSpot(TM) 64-Bit Server VM/1.8.0_65/25.65-b01]
[2016-09-15T10:41:45,073][INFO ][org.elasticsearch.plugins] [node_s_0] no modules loaded
[2016-09-15T10:41:45,074][INFO ][org.elasticsearch.plugins] [node_s_0] no plugins loaded
[2016-09-15T10:41:45,148][INFO ][org.elasticsearch.node   ] [node_s_0] initialized
[2016-09-15T10:41:45,148][INFO ][org.elasticsearch.node   ] [node_s_0] starting ...
[2016-09-15T10:41:45,149][INFO ][org.elasticsearch.transport] [node_s_0] publish_address {local[35]}, bound_addresses {local[35]}
[2016-09-15T10:41:45,149][INFO ][org.elasticsearch.cluster.service] [node_s_0] new_master {node_s_0}{lrT3EhneROec5EMiMsEfJg}{c3XMYHhqQmCwHjKVaC4YNg}{local}{local[35]}, reason: local-disco-initial_connect(master)
[2016-09-15T10:41:45,150][INFO ][org.elasticsearch.node   ] [node_s_0] started
[2016-09-15T10:41:45,158][INFO ][org.elasticsearch.gateway] [node_s_0] recovered [0] indices into cluster_state
[2016-09-15T10:41:45,173][INFO ][org.elasticsearch.indices] [node_s_0] [IndicesServiceTests#testCanDeleteIndexContent]: cleaning up after test
[2016-09-15T10:41:45,174][INFO ][org.elasticsearch.node   ] [node_s_0] stopping ...
[2016-09-15T10:41:45,175][INFO ][org.elasticsearch.node   ] [node_s_0] stopped
[2016-09-15T10:41:45,175][INFO ][org.elasticsearch.node   ] [node_s_0] closing ...
[2016-09-15T10:41:45,175][INFO ][org.elasticsearch.node   ] [node_s_0] closed
[2016-09-15T10:41:45,180][INFO ][org.elasticsearch.node   ] [node_s_0] initializing ...
[2016-09-15T10:41:45,195][INFO ][org.elasticsearch.env    ] [node_s_0] using [1] data paths, mounts [[Acer (C:)]], net usable_space [789.1gb], net total_space [930.9gb], spins? [unknown], types [NTFS]
[2016-09-15T10:41:45,195][INFO ][org.elasticsearch.env    ] [node_s_0] heap size [491mb], compressed ordinary object pointers [true]
[2016-09-15T10:41:45,198][INFO ][org.elasticsearch.node   ] [node_s_0] version[5.0.0-alpha6-SNAPSHOT], pid[8548], build[Unknown/Unknown], OS[Windows 10/10.0/amd64], JVM[Oracle Corporation/Java HotSpot(TM) 64-Bit Server VM/1.8.0_65/25.65-b01]
[2016-09-15T10:41:45,199][INFO ][org.elasticsearch.plugins] [node_s_0] no modules loaded
[2016-09-15T10:41:45,199][INFO ][org.elasticsearch.plugins] [node_s_0] no plugins loaded
[2016-09-15T10:41:45,276][INFO ][org.elasticsearch.node   ] [node_s_0] initialized
[2016-09-15T10:41:45,276][INFO ][org.elasticsearch.node   ] [node_s_0] starting ...
[2016-09-15T10:41:45,276][INFO ][org.elasticsearch.transport] [node_s_0] publish_address {local[36]}, bound_addresses {local[36]}
[2016-09-15T10:41:45,277][INFO ][org.elasticsearch.cluster.service] [node_s_0] new_master {node_s_0}{C09-YJRwRJ26gN2kaYNlPg}{0vGKDvvFQ2ug5-fjX0doPQ}{local}{local[36]}, reason: local-disco-initial_connect(master)
[2016-09-15T10:41:45,277][INFO ][org.elasticsearch.node   ] [node_s_0] started
[2016-09-15T10:41:45,285][INFO ][org.elasticsearch.gateway] [node_s_0] recovered [0] indices into cluster_state
[2016-09-15T10:41:45,299][INFO ][org.elasticsearch.indices] [node_s_0] [IndicesServiceTests#testIndexAndTombstoneWithSameNameOnStartup]: cleaning up after test
[2016-09-15T10:41:45,300][INFO ][org.elasticsearch.node   ] [node_s_0] stopping ...
[2016-09-15T10:41:45,300][INFO ][org.elasticsearch.node   ] [node_s_0] stopped
[2016-09-15T10:41:45,300][INFO ][org.elasticsearch.node   ] [node_s_0] closing ...
[2016-09-15T10:41:45,302][INFO ][org.elasticsearch.node   ] [node_s_0] closed
[2016-09-15T10:41:45,307][INFO ][org.elasticsearch.node   ] [node_s_0] initializing ...
[2016-09-15T10:41:45,322][INFO ][org.elasticsearch.env    ] [node_s_0] using [1] data paths, mounts [[Acer (C:)]], net usable_space [789.1gb], net total_space [930.9gb], spins? [unknown], types [NTFS]
[2016-09-15T10:41:45,322][INFO ][org.elasticsearch.env    ] [node_s_0] heap size [491mb], compressed ordinary object pointers [true]
[2016-09-15T10:41:45,325][INFO ][org.elasticsearch.node   ] [node_s_0] version[5.0.0-alpha6-SNAPSHOT], pid[8548], build[Unknown/Unknown], OS[Windows 10/10.0/amd64], JVM[Oracle Corporation/Java HotSpot(TM) 64-Bit Server VM/1.8.0_65/25.65-b01]
[2016-09-15T10:41:45,327][INFO ][org.elasticsearch.plugins] [node_s_0] no modules loaded
[2016-09-15T10:41:45,327][INFO ][org.elasticsearch.plugins] [node_s_0] no plugins loaded
[2016-09-15T10:41:45,401][INFO ][org.elasticsearch.node   ] [node_s_0] initialized
[2016-09-15T10:41:45,401][INFO ][org.elasticsearch.node   ] [node_s_0] starting ...
[2016-09-15T10:41:45,402][INFO ][org.elasticsearch.transport] [node_s_0] publish_address {local[37]}, bound_addresses {local[37]}
[2016-09-15T10:41:45,402][INFO ][org.elasticsearch.cluster.service] [node_s_0] new_master {node_s_0}{PZ9GGYhmQZOaRyvQRoYLuA}{oQlWknSGSfmWAr_pEc7SCA}{local}{local[37]}, reason: local-disco-initial_connect(master)
[2016-09-15T10:41:45,402][INFO ][org.elasticsearch.node   ] [node_s_0] started
[2016-09-15T10:41:45,412][INFO ][org.elasticsearch.gateway] [node_s_0] recovered [0] indices into cluster_state
[2016-09-15T10:41:45,438][INFO ][org.elasticsearch.indices] [node_s_0] [IndicesServiceTests#testVerifyIfIndexContentDeleted]: cleaning up after test
[2016-09-15T10:41:45,438][INFO ][org.elasticsearch.node   ] [node_s_0] stopping ...
[2016-09-15T10:41:45,439][INFO ][org.elasticsearch.node   ] [node_s_0] stopped
[2016-09-15T10:41:45,439][INFO ][org.elasticsearch.node   ] [node_s_0] closing ...
[2016-09-15T10:41:45,440][INFO ][org.elasticsearch.node   ] [node_s_0] closed
[2016-09-15T10:41:45,446][INFO ][org.elasticsearch.node   ] [node_s_0] initializing ...
[2016-09-15T10:41:45,460][INFO ][org.elasticsearch.env    ] [node_s_0] using [1] data paths, mounts [[Acer (C:)]], net usable_space [789.1gb], net total_space [930.9gb], spins? [unknown], types [NTFS]
[2016-09-15T10:41:45,460][INFO ][org.elasticsearch.env    ] [node_s_0] heap size [491mb], compressed ordinary object pointers [true]
[2016-09-15T10:41:45,463][INFO ][org.elasticsearch.node   ] [node_s_0] version[5.0.0-alpha6-SNAPSHOT], pid[8548], build[Unknown/Unknown], OS[Windows 10/10.0/amd64], JVM[Oracle Corporation/Java HotSpot(TM) 64-Bit Server VM/1.8.0_65/25.65-b01]
[2016-09-15T10:41:45,464][INFO ][org.elasticsearch.plugins] [node_s_0] no modules loaded
[2016-09-15T10:41:45,464][INFO ][org.elasticsearch.plugins] [node_s_0] no plugins loaded
[2016-09-15T10:41:45,542][INFO ][org.elasticsearch.node   ] [node_s_0] initialized
[2016-09-15T10:41:45,542][INFO ][org.elasticsearch.node   ] [node_s_0] starting ...
[2016-09-15T10:41:45,543][INFO ][org.elasticsearch.transport] [node_s_0] publish_address {local[38]}, bound_addresses {local[38]}
[2016-09-15T10:41:45,543][INFO ][org.elasticsearch.cluster.service] [node_s_0] new_master {node_s_0}{faxQ5zoAQW2zWbAsYlgtJw}{5G67w4x5Q6u3zXLIJaj_Ow}{local}{local[38]}, reason: local-disco-initial_connect(master)
[2016-09-15T10:41:45,544][INFO ][org.elasticsearch.node   ] [node_s_0] started
[2016-09-15T10:41:45,552][INFO ][org.elasticsearch.gateway] [node_s_0] recovered [0] indices into cluster_state
[2016-09-15T10:41:45,570][INFO ][org.elasticsearch.cluster.metadata] [node_s_0] [test] creating index, cause [api], templates [random_index_template], shards [1]/[0], mappings []
[2016-09-15T10:41:45,615][INFO ][org.elasticsearch.cluster.routing.allocation] [node_s_0] Cluster health status changed from [YELLOW] to [GREEN] (reason: [shards started [[test][0]] ...]).
[2016-09-15T10:41:45,671][INFO ][org.elasticsearch.cluster.metadata] [node_s_0] [test] creating index, cause [api], templates [random_index_template], shards [1]/[0], mappings []
[2016-09-15T10:41:45,706][INFO ][org.elasticsearch.cluster.routing.allocation] [node_s_0] Cluster health status changed from [YELLOW] to [GREEN] (reason: [shards started [[test][0]] ...]).
[2016-09-15T10:41:45,720][INFO ][org.elasticsearch.cluster.metadata] [node_s_0] [test/4pxrzqwNR0S27n79baDOdg] create_mapping [type]
[2016-09-15T10:41:45,852][INFO ][org.elasticsearch.cluster.metadata] [node_s_0] closing indices [[[test/4pxrzqwNR0S27n79baDOdg]]]
[2016-09-15T10:41:45,868][INFO ][org.elasticsearch.cluster.metadata] [node_s_0] opening indices [[[test/4pxrzqwNR0S27n79baDOdg]]]
[2016-09-15T10:41:45,912][INFO ][org.elasticsearch.cluster.routing.allocation] [node_s_0] Cluster health status changed from [RED] to [GREEN] (reason: [shards started [[test][0]] ...]).
[2016-09-15T10:41:45,922][INFO ][org.elasticsearch.indices] [node_s_0] [IndicesServiceTests#testDeleteIndexStore]: cleaning up after test
[2016-09-15T10:41:45,941][INFO ][org.elasticsearch.node   ] [node_s_0] stopping ...
[2016-09-15T10:41:45,941][INFO ][org.elasticsearch.node   ] [node_s_0] stopped
[2016-09-15T10:41:45,941][INFO ][org.elasticsearch.node   ] [node_s_0] closing ...
[2016-09-15T10:41:45,943][INFO ][org.elasticsearch.node   ] [node_s_0] closed
[2016-09-15T10:41:45,949][INFO ][org.elasticsearch.node   ] [node_s_0] initializing ...
[2016-09-15T10:41:45,964][INFO ][org.elasticsearch.env    ] [node_s_0] using [1] data paths, mounts [[Acer (C:)]], net usable_space [789.1gb], net total_space [930.9gb], spins? [unknown], types [NTFS]
[2016-09-15T10:41:45,964][INFO ][org.elasticsearch.env    ] [node_s_0] heap size [491mb], compressed ordinary object pointers [true]
[2016-09-15T10:41:45,966][INFO ][org.elasticsearch.node   ] [node_s_0] version[5.0.0-alpha6-SNAPSHOT], pid[8548], build[Unknown/Unknown], OS[Windows 10/10.0/amd64], JVM[Oracle Corporation/Java HotSpot(TM) 64-Bit Server VM/1.8.0_65/25.65-b01]
[2016-09-15T10:41:45,968][INFO ][org.elasticsearch.plugins] [node_s_0] no modules loaded
[2016-09-15T10:41:45,968][INFO ][org.elasticsearch.plugins] [node_s_0] no plugins loaded
[2016-09-15T10:41:46,043][INFO ][org.elasticsearch.node   ] [node_s_0] initialized
[2016-09-15T10:41:46,043][INFO ][org.elasticsearch.node   ] [node_s_0] starting ...
[2016-09-15T10:41:46,044][INFO ][org.elasticsearch.transport] [node_s_0] publish_address {local[39]}, bound_addresses {local[39]}
[2016-09-15T10:41:46,044][INFO ][org.elasticsearch.cluster.service] [node_s_0] new_master {node_s_0}{tocAMiExQf-FYx7SCIbfSA}{JlDMP3vwRFC5HzsfAMJxew}{local}{local[39]}, reason: local-disco-initial_connect(master)
[2016-09-15T10:41:46,045][INFO ][org.elasticsearch.node   ] [node_s_0] started
[2016-09-15T10:41:46,090][INFO ][org.elasticsearch.gateway] [node_s_0] recovered [0] indices into cluster_state
[2016-09-15T10:41:46,107][INFO ][org.elasticsearch.cluster.metadata] [node_s_0] [test] creating index, cause [api], templates [random_index_template], shards [1]/[0], mappings []
[2016-09-15T10:41:46,143][INFO ][org.elasticsearch.cluster.routing.allocation] [node_s_0] Cluster health status changed from [YELLOW] to [GREEN] (reason: [shards started [[test][0]] ...]).
[2016-09-15T10:41:46,161][INFO ][org.elasticsearch.indices] [node_s_0] [IndicesServiceTests#testCanDeleteShardContent]: cleaning up after test
[2016-09-15T10:41:46,176][INFO ][org.elasticsearch.node   ] [node_s_0] stopping ...
[2016-09-15T10:41:46,177][INFO ][org.elasticsearch.node   ] [node_s_0] stopped
[2016-09-15T10:41:46,177][INFO ][org.elasticsearch.node   ] [node_s_0] closing ...
[2016-09-15T10:41:46,178][INFO ][org.elasticsearch.node   ] [node_s_0] closed
[2016-09-15T10:41:46,186][INFO ][org.elasticsearch.node   ] [node_s_0] initializing ...
[2016-09-15T10:41:46,200][INFO ][org.elasticsearch.env    ] [node_s_0] using [1] data paths, mounts [[Acer (C:)]], net usable_space [789.1gb], net total_space [930.9gb], spins? [unknown], types [NTFS]
[2016-09-15T10:41:46,200][INFO ][org.elasticsearch.env    ] [node_s_0] heap size [491mb], compressed ordinary object pointers [true]
[2016-09-15T10:41:46,203][INFO ][org.elasticsearch.node   ] [node_s_0] version[5.0.0-alpha6-SNAPSHOT], pid[8548], build[Unknown/Unknown], OS[Windows 10/10.0/amd64], JVM[Oracle Corporation/Java HotSpot(TM) 64-Bit Server VM/1.8.0_65/25.65-b01]
[2016-09-15T10:41:46,204][INFO ][org.elasticsearch.plugins] [node_s_0] no modules loaded
[2016-09-15T10:41:46,204][INFO ][org.elasticsearch.plugins] [node_s_0] no plugins loaded
[2016-09-15T10:41:46,277][INFO ][org.elasticsearch.node   ] [node_s_0] initialized
[2016-09-15T10:41:46,278][INFO ][org.elasticsearch.node   ] [node_s_0] starting ...
[2016-09-15T10:41:46,278][INFO ][org.elasticsearch.transport] [node_s_0] publish_address {local[40]}, bound_addresses {local[40]}
[2016-09-15T10:41:46,279][INFO ][org.elasticsearch.cluster.service] [node_s_0] new_master {node_s_0}{K-gmz35VRp-5_Qk2l6AVEw}{mWxDuAvPTHqEM0lROGnguA}{local}{local[40]}, reason: local-disco-initial_connect(master)
[2016-09-15T10:41:46,279][INFO ][org.elasticsearch.node   ] [node_s_0] started
[2016-09-15T10:41:46,288][INFO ][org.elasticsearch.gateway] [node_s_0] recovered [0] indices into cluster_state
[2016-09-15T10:41:46,303][INFO ][org.elasticsearch.cluster.metadata] [node_s_0] [test-idx1] creating index, cause [api], templates [random_index_template], shards [1]/[0], mappings []
[2016-09-15T10:41:46,363][INFO ][org.elasticsearch.cluster.routing.allocation] [node_s_0] Cluster health status changed from [YELLOW] to [GREEN] (reason: [shards started [[test-idx1][0]] ...]).
[2016-09-15T10:41:46,388][WARN ][org.elasticsearch.gateway] [node_s_0] ignoring dangled index [[test-alias/IV1_M8XKSXC9ldjhRNPH3Q]] on node [{node_s_0}{K-gmz35VRp-5_Qk2l6AVEw}{mWxDuAvPTHqEM0lROGnguA}{local}{local[40]}] due to an existing alias with the same name
[2016-09-15T10:41:46,396][INFO ][org.elasticsearch.gateway] [node_s_0] auto importing dangled indices [[test-alias/IV1_M8XKSXC9ldjhRNPH3Q]/OPEN] from [{node_s_0}{K-gmz35VRp-5_Qk2l6AVEw}{mWxDuAvPTHqEM0lROGnguA}{local}{local[40]}]
[2016-09-15T10:41:46,471][INFO ][org.elasticsearch.indices] [node_s_0] [IndicesServiceTests#testDanglingIndicesWithAliasConflict]: cleaning up after test
[2016-09-15T10:41:46,503][INFO ][org.elasticsearch.node   ] [node_s_0] stopping ...
[2016-09-15T10:41:46,503][INFO ][org.elasticsearch.node   ] [node_s_0] stopped
[2016-09-15T10:41:46,503][INFO ][org.elasticsearch.node   ] [node_s_0] closing ...
[2016-09-15T10:41:46,505][INFO ][org.elasticsearch.node   ] [node_s_0] closed
[2016-09-15T10:41:46,513][INFO ][org.elasticsearch.node   ] [node_s_0] initializing ...
[2016-09-15T10:41:46,548][INFO ][org.elasticsearch.env    ] [node_s_0] using [1] data paths, mounts [[Acer (C:)]], net usable_space [789.1gb], net total_space [930.9gb], spins? [unknown], types [NTFS]
[2016-09-15T10:41:46,548][INFO ][org.elasticsearch.env    ] [node_s_0] heap size [491mb], compressed ordinary object pointers [true]
[2016-09-15T10:41:46,550][INFO ][org.elasticsearch.node   ] [node_s_0] version[5.0.0-alpha6-SNAPSHOT], pid[8548], build[Unknown/Unknown], OS[Windows 10/10.0/amd64], JVM[Oracle Corporation/Java HotSpot(TM) 64-Bit Server VM/1.8.0_65/25.65-b01]
[2016-09-15T10:41:46,552][INFO ][org.elasticsearch.plugins] [node_s_0] no modules loaded
[2016-09-15T10:41:46,552][INFO ][org.elasticsearch.plugins] [node_s_0] no plugins loaded
[2016-09-15T10:41:46,636][INFO ][org.elasticsearch.node   ] [node_s_0] initialized
[2016-09-15T10:41:46,636][INFO ][org.elasticsearch.node   ] [node_s_0] starting ...
[2016-09-15T10:41:46,636][INFO ][org.elasticsearch.transport] [node_s_0] publish_address {local[41]}, bound_addresses {local[41]}
[2016-09-15T10:41:46,637][INFO ][org.elasticsearch.cluster.service] [node_s_0] new_master {node_s_0}{XkRIPoBGSSSCdpcPypOGJQ}{5Odq8Ns2TQGiIqVixzB9Fg}{local}{local[41]}, reason: local-disco-initial_connect(master)
[2016-09-15T10:41:46,638][INFO ][org.elasticsearch.node   ] [node_s_0] started
[2016-09-15T10:41:46,649][INFO ][org.elasticsearch.gateway] [node_s_0] recovered [0] indices into cluster_state
[2016-09-15T10:41:46,663][INFO ][org.elasticsearch.node   ] [node_s_0] stopping ...
[2016-09-15T10:41:46,664][INFO ][org.elasticsearch.node   ] [node_s_0] stopped
[2016-09-15T10:41:46,664][INFO ][org.elasticsearch.node   ] [node_s_0] closing ...
[2016-09-15T10:41:46,665][INFO ][org.elasticsearch.node   ] [node_s_0] closed
]]></system-out>
   <system-err><![CDATA[]]></system-err>
</testsuite>