<testsuite errors="0" failures="0" tests="44" skipped="0" name="org.elasticsearch.index.mapper.LegacyStringMappingTests" hostname="nohost.nodomain" time="9.214" timestamp="2016-09-18T12:48:15">
   <properties class="java.util.ArrayList">
      <property name="awt.toolkit" value="sun.awt.windows.WToolkit"/>
      <property name="file.encoding" value="Cp1252"/>
      <property name="file.encoding.pkg" value="sun.io"/>
      <property name="file.separator" value="\"/>
      <property name="java.awt.graphicsenv" value="sun.awt.Win32GraphicsEnvironment"/>
      <property name="java.awt.headless" value="true"/>
      <property name="java.awt.printerjob" value="sun.awt.windows.WPrinterJob"/>
      <property name="java.class.path" value="C:\Users\kmala\workspace\Team3\core\build\classes\test;C:\Users\kmala\workspace\Team3\core\build\resources\test;C:\Users\kmala\workspace\Team3\core\build\classes\main;C:\Users\kmala\workspace\Team3\core\build\resources\main;C:\Users\kmala\.gradle\caches\modules-2\files-2.1\org.apache.lucene\lucene-core\6.2.0\849ee62525a294416802be2cacc66c80352f6f13\lucene-core-6.2.0.jar;C:\Users\kmala\.gradle\caches\modules-2\files-2.1\org.apache.lucene\lucene-analyzers-common\6.2.0\d254d52dd394b5079129f3d5f3bf4f2d44a5936e\lucene-analyzers-common-6.2.0.jar;C:\Users\kmala\.gradle\caches\modules-2\files-2.1\org.apache.lucene\lucene-backward-codecs\6.2.0\b625bb21456b3c0d1e5e431bced125cb060c1abd\lucene-backward-codecs-6.2.0.jar;C:\Users\kmala\.gradle\caches\modules-2\files-2.1\org.apache.lucene\lucene-grouping\6.2.0\9527fedfd5acc624b2bb3f862bd99fb8f470b053\lucene-grouping-6.2.0.jar;C:\Users\kmala\.gradle\caches\modules-2\files-2.1\org.apache.lucene\lucene-highlighter\6.2.0\7ca342372a3f45e32bbd21cecaa757e38eccb8a5\lucene-highlighter-6.2.0.jar;C:\Users\kmala\.gradle\caches\modules-2\files-2.1\org.apache.lucene\lucene-join\6.2.0\da0b8de98511abd4fe9c7d48a353d17854c5ed46\lucene-join-6.2.0.jar;C:\Users\kmala\.gradle\caches\modules-2\files-2.1\org.apache.lucene\lucene-memory\6.2.0\bc9e075b1ee051c8e5246c237c38d8e71dab8a66\lucene-memory-6.2.0.jar;C:\Users\kmala\.gradle\caches\modules-2\files-2.1\org.apache.lucene\lucene-misc\6.2.0\94ddde6312566a4da4a50a88e453b6c82c759b41\lucene-misc-6.2.0.jar;C:\Users\kmala\.gradle\caches\modules-2\files-2.1\org.apache.lucene\lucene-queries\6.2.0\dce47238f78e3e97d91dc6fefa9f46f07866bc2b\lucene-queries-6.2.0.jar;C:\Users\kmala\.gradle\caches\modules-2\files-2.1\org.apache.lucene\lucene-queryparser\6.2.0\17ef728ac15e668bfa1105321611548424637645\lucene-queryparser-6.2.0.jar;C:\Users\kmala\.gradle\caches\modules-2\files-2.1\org.apache.lucene\lucene-sandbox\6.2.0\520183f7b9aba77a26e224760c420a3844b0631a\lucene-sandbox-6.2.0.jar;C:\Users\kmala\.gradle\caches\modules-2\files-2.1\org.apache.lucene\lucene-spatial\6.2.0\8dba929b66927b936fbc76103b109ad6c824daee\lucene-spatial-6.2.0.jar;C:\Users\kmala\.gradle\caches\modules-2\files-2.1\org.apache.lucene\lucene-spatial-extras\6.2.0\3b5a6ef5cd90c0218a72e9e2f7e60104be2447da\lucene-spatial-extras-6.2.0.jar;C:\Users\kmala\.gradle\caches\modules-2\files-2.1\org.apache.lucene\lucene-spatial3d\6.2.0\fcdb0567725722c5145149d1502848b6a96ec18d\lucene-spatial3d-6.2.0.jar;C:\Users\kmala\.gradle\caches\modules-2\files-2.1\org.apache.lucene\lucene-suggest\6.2.0\3d9d526c51f483d27f425c75d7e56bc0849242d6\lucene-suggest-6.2.0.jar;C:\Users\kmala\.gradle\caches\modules-2\files-2.1\org.elasticsearch\securesm\1.1\1e423447d020041534be94c0f31a49fbdc1f2950\securesm-1.1.jar;C:\Users\kmala\.gradle\caches\modules-2\files-2.1\net.sf.jopt-simple\jopt-simple\5.0.2\98cafc6081d5632b61be2c9e60650b64ddbc637c\jopt-simple-5.0.2.jar;C:\Users\kmala\.gradle\caches\modules-2\files-2.1\com.carrotsearch\hppc\0.7.1\8b5057f74ea378c0150a1860874a3ebdcb713767\hppc-0.7.1.jar;C:\Users\kmala\.gradle\caches\modules-2\files-2.1\joda-time\joda-time\2.9.4\1c295b462f16702ebe720bbb08f62e1ba80da41b\joda-time-2.9.4.jar;C:\Users\kmala\.gradle\caches\modules-2\files-2.1\org.joda\joda-convert\1.2\35ec554f0cd00c956cc69051514d9488b1374dec\joda-convert-1.2.jar;C:\Users\kmala\.gradle\caches\modules-2\files-2.1\org.yaml\snakeyaml\1.15\3b132bea69e8ee099f416044970997bde80f4ea6\snakeyaml-1.15.jar;C:\Users\kmala\.gradle\caches\modules-2\files-2.1\com.fasterxml.jackson.core\jackson-core\2.8.1\fd13b1c033741d48291315c6370f7d475a42dccf\jackson-core-2.8.1.jar;C:\Users\kmala\.gradle\caches\modules-2\files-2.1\com.fasterxml.jackson.dataformat\jackson-dataformat-smile\2.8.1\5b73867bc12224946fc67fc8d49d9f5e698d7f\jackson-dataformat-smile-2.8.1.jar;C:\Users\kmala\.gradle\caches\modules-2\files-2.1\com.fasterxml.jackson.dataformat\jackson-dataformat-yaml\2.8.1\eb63166c723b0b4b9fb5298fca232a2f6612ec34\jackson-dataformat-yaml-2.8.1.jar;C:\Users\kmala\.gradle\caches\modules-2\files-2.1\com.fasterxml.jackson.dataformat\jackson-dataformat-cbor\2.8.1\3a6fb7e75c9972559a78cf5cfc5a48a41a13ea40\jackson-dataformat-cbor-2.8.1.jar;C:\Users\kmala\.gradle\caches\modules-2\files-2.1\com.tdunning\t-digest\3.0\84ccf145ac2215e6bfa63baa3101c0af41017cfc\t-digest-3.0.jar;C:\Users\kmala\.gradle\caches\modules-2\files-2.1\org.hdrhistogram\HdrHistogram\2.1.6\7495feb7f71ee124bd2a7e7d83590e296d71d80e\HdrHistogram-2.1.6.jar;C:\Users\kmala\.gradle\caches\modules-2\files-2.1\org.locationtech.spatial4j\spatial4j\0.6\21b15310bddcfd8c72611c180f20cf23279809a3\spatial4j-0.6.jar;C:\Users\kmala\.gradle\caches\modules-2\files-2.1\com.vividsolutions\jts\1.13\3ccfb9b60f04d71add996a666ceb8902904fd805\jts-1.13.jar;C:\Users\kmala\.gradle\caches\modules-2\files-2.1\org.apache.logging.log4j\log4j-api\2.6.2\bd1b74a5d170686362091c7cf596bbc3adf5c09b\log4j-api-2.6.2.jar;C:\Users\kmala\.gradle\caches\modules-2\files-2.1\org.apache.logging.log4j\log4j-core\2.6.2\a91369f655eb1639c6aece5c5eb5108db18306\log4j-core-2.6.2.jar;C:\Users\kmala\.gradle\caches\modules-2\files-2.1\org.apache.logging.log4j\log4j-1.2-api\2.6.2\3b4c5a8b734b6a29b2f03380535a48da6284b210\log4j-1.2-api-2.6.2.jar;C:\Users\kmala\.gradle\caches\modules-2\files-2.1\net.java.dev.jna\jna\4.2.2\5012450aee579c3118ff09461d5ce210e0cdc2a9\jna-4.2.2.jar;C:\Users\kmala\workspace\Team3\test\framework\build\distributions\framework-5.0.0-alpha6-SNAPSHOT.jar;C:\Users\kmala\.gradle\caches\modules-2\files-2.1\com.carrotsearch.randomizedtesting\randomizedtesting-runner\2.3.2\307965917fe8a22b7ee72deba39ef4b8e6ebc069\randomizedtesting-runner-2.3.2.jar;C:\Users\kmala\.gradle\caches\modules-2\files-2.1\junit\junit\4.11\4e031bb61df09069aeb2bffb4019e7a5034a4ee0\junit-4.11.jar;C:\Users\kmala\.gradle\caches\modules-2\files-2.1\org.hamcrest\hamcrest-all\1.3\63a21ebc981131004ad02e0434e799fd7f3a8d5a\hamcrest-all-1.3.jar;C:\Users\kmala\.gradle\caches\modules-2\files-2.1\org.apache.lucene\lucene-test-framework\6.2.0\f5026be3983acfb40d4092dbfbc015ec6e6addab\lucene-test-framework-6.2.0.jar;C:\Users\kmala\.gradle\caches\modules-2\files-2.1\org.apache.lucene\lucene-codecs\6.2.0\99f887266b0ad9f2c286b3976c5bc48c8cd36624\lucene-codecs-6.2.0.jar;C:\Users\kmala\workspace\Team3\client\rest\build\distributions\rest-5.0.0-alpha6-SNAPSHOT.jar;C:\Users\kmala\.gradle\caches\modules-2\files-2.1\org.apache.httpcomponents\httpclient\4.5.2\733db77aa8d9b2d68015189df76ab06304406e50\httpclient-4.5.2.jar;C:\Users\kmala\.gradle\caches\modules-2\files-2.1\org.apache.httpcomponents\httpcore\4.4.5\e7501a1b34325abb00d17dde96150604a0658b54\httpcore-4.4.5.jar;C:\Users\kmala\.gradle\caches\modules-2\files-2.1\commons-logging\commons-logging\1.1.3\f6f66e966c70a83ffbdb6f17a0919eaf7c8aca7f\commons-logging-1.1.3.jar;C:\Users\kmala\.gradle\caches\modules-2\files-2.1\commons-codec\commons-codec\1.10\4b95f4897fa13f2cd904aee711aeafc0c5295cd8\commons-codec-1.10.jar;C:\Users\kmala\.gradle\caches\modules-2\files-2.1\org.elasticsearch\securemock\1.2\98201d4ad5ac93f6b415ae9172d52b5e7cda490e\securemock-1.2.jar;C:\Users\kmala\.gradle\caches\modules-2\files-2.1\org.apache.httpcomponents\httpasyncclient\4.1.2\95aa3e6fb520191a0970a73cf09f62948ee614be\httpasyncclient-4.1.2.jar;C:\Users\kmala\.gradle\caches\modules-2\files-2.1\org.apache.httpcomponents\httpcore-nio\4.4.5\f4be009e7505f6ceddf21e7960c759f413f15056\httpcore-nio-4.4.5.jar;C:\Users\kmala\.gradle\caches\modules-2\files-2.1\com.carrotsearch.randomizedtesting\junit4-ant\2.3.2\dc8f03f6111974092491f35b8269eb0fc57f52f7\junit4-ant-2.3.2.jar"/>
      <property name="java.class.version" value="52.0"/>
      <property name="java.endorsed.dirs" value="C:\Program Files\Java\jdk1.8.0_102\jre\lib\endorsed"/>
      <property name="java.ext.dirs" value="C:\Program Files\Java\jdk1.8.0_102\jre\lib\ext;C:\Windows\Sun\Java\lib\ext"/>
      <property name="java.home" value="C:\Program Files\Java\jdk1.8.0_102\jre"/>
      <property name="java.io.tmpdir" value="./temp"/>
      <property name="java.library.path" value="C:\Program Files\Java\jdk1.8.0_102\bin;C:\Windows\Sun\Java\bin;C:\Windows\system32;C:\Windows;C:\ProgramData\Oracle\Java\javapath;C:\Windows\system32;C:\Windows;C:\Windows\System32\Wbem;C:\Windows\System32\WindowsPowerShell\v1.0\;C:\Program Files (x86)\Skype\Phone\;C:\Tools\curl-7.50.1\bin;C:\Program Files\Git\cmd;C:\Tools\gradle-2.13\bin;C:\Tools\apache-maven-3.3.9\bin;C:\Program Files\doxygen\bin;C:\Tools\sonar-scanner-2.7\bin;C:\Windows\system32\config\systemprofile\.dnx\bin;C:\Program Files\Microsoft DNX\Dnvm\;C:\Program Files\Microsoft SQL Server\120\Tools\Binn\;C:\Users\kmala\AppData\Local\Microsoft\WindowsApps;;."/>
      <property name="java.runtime.name" value="Java(TM) SE Runtime Environment"/>
      <property name="java.runtime.version" value="1.8.0_102-b14"/>
      <property name="java.specification.name" value="Java Platform API Specification"/>
      <property name="java.specification.vendor" value="Oracle Corporation"/>
      <property name="java.specification.version" value="1.8"/>
      <property name="java.vendor" value="Oracle Corporation"/>
      <property name="java.vendor.url" value="http://java.oracle.com/"/>
      <property name="java.vendor.url.bug" value="http://bugreport.sun.com/bugreport/"/>
      <property name="java.version" value="1.8.0_102"/>
      <property name="java.vm.info" value="mixed mode"/>
      <property name="java.vm.name" value="Java HotSpot(TM) 64-Bit Server VM"/>
      <property name="java.vm.specification.name" value="Java Virtual Machine Specification"/>
      <property name="java.vm.specification.vendor" value="Oracle Corporation"/>
      <property name="java.vm.specification.version" value="1.8"/>
      <property name="java.vm.vendor" value="Oracle Corporation"/>
      <property name="java.vm.version" value="25.102-b14"/>
      <property name="jna.nosys" value="true"/>
      <property name="junit4.childvm.count" value="3"/>
      <property name="junit4.childvm.cwd" value="C:\Users\kmala\workspace\Team3\core\build\testrun\test\J1"/>
      <property name="junit4.childvm.id" value="1"/>
      <property name="junit4.memory.total" value="514850816"/>
      <property name="junit4.pidString" value="6936@DESKTOP-HP7QPF3"/>
      <property name="junit4.processors" value="4"/>
      <property name="line.separator" value="
"/>
      <property name="os.arch" value="amd64"/>
      <property name="os.name" value="Windows 10"/>
      <property name="os.version" value="10.0"/>
      <property name="path.separator" value=";"/>
      <property name="sun.arch.data.model" value="64"/>
      <property name="sun.boot.class.path" value="C:\Program Files\Java\jdk1.8.0_102\jre\lib\resources.jar;C:\Program Files\Java\jdk1.8.0_102\jre\lib\rt.jar;C:\Program Files\Java\jdk1.8.0_102\jre\lib\sunrsasign.jar;C:\Program Files\Java\jdk1.8.0_102\jre\lib\jsse.jar;C:\Program Files\Java\jdk1.8.0_102\jre\lib\jce.jar;C:\Program Files\Java\jdk1.8.0_102\jre\lib\charsets.jar;C:\Program Files\Java\jdk1.8.0_102\jre\lib\jfr.jar;C:\Program Files\Java\jdk1.8.0_102\jre\classes"/>
      <property name="sun.boot.library.path" value="C:\Program Files\Java\jdk1.8.0_102\jre\bin"/>
      <property name="sun.cpu.endian" value="little"/>
      <property name="sun.cpu.isalist" value="amd64"/>
      <property name="sun.desktop" value="windows"/>
      <property name="sun.io.unicode.encoding" value="UnicodeLittle"/>
      <property name="sun.java.command" value="com.carrotsearch.ant.tasks.junit4.slave.SlaveMainSafe -eventsfile C:\Users\kmala\workspace\Team3\core\build\testrun\test\temp\junit4-J1-20160918_124457_942.events @C:\Users\kmala\workspace\Team3\core\build\testrun\test\temp\junit4-J1-20160918_124457_942.suites -stdin"/>
      <property name="sun.java.launcher" value="SUN_STANDARD"/>
      <property name="sun.jnu.encoding" value="Cp1252"/>
      <property name="sun.management.compiler" value="HotSpot 64-Bit Tiered Compilers"/>
      <property name="sun.os.patch.level" value=""/>
      <property name="tests.artifact" value="core"/>
      <property name="tests.gradle" value="true"/>
      <property name="tests.ifNoTests" value="fail"/>
      <property name="tests.logger.level" value="WARN"/>
      <property name="tests.prefix" value="tests"/>
      <property name="tests.security.manager" value="true"/>
      <property name="tests.seed" value="FD13852EF36FC81C"/>
      <property name="tests.task" value=":core:test"/>
      <property name="user.country" value="US"/>
      <property name="user.dir" value="C:\Users\kmala\workspace\Team3\core\build\testrun\test\J1"/>
      <property name="user.home" value="C:\Users\kmala"/>
      <property name="user.language" value="en"/>
      <property name="user.name" value="kmala"/>
      <property name="user.script" value=""/>
      <property name="user.timezone" value=""/>
      <property name="user.variant" value=""/>
   </properties>
   <testcase classname="org.elasticsearch.index.mapper.LegacyStringMappingTests" name="testDisableNorms" time="0.697"/>
   <testcase classname="org.elasticsearch.index.mapper.LegacyStringMappingTests" name="testKeywordFieldAsStringWithUnsupportedField" time="0.227"/>
   <testcase classname="org.elasticsearch.index.mapper.LegacyStringMappingTests" name="testLimit" time="0.216"/>
   <testcase classname="org.elasticsearch.index.mapper.LegacyStringMappingTests" name="testMergeKeywordIntoStringWithIncludeInAll" time="0.298"/>
   <testcase classname="org.elasticsearch.index.mapper.LegacyStringMappingTests" name="testMergeKeywordIntoStringWithCopyTo" time="0.312"/>
   <testcase classname="org.elasticsearch.index.mapper.LegacyStringMappingTests" name="testMergeTextIntoStringWithIncludeInAll" time="0.186"/>
   <testcase classname="org.elasticsearch.index.mapper.LegacyStringMappingTests" name="testMergeTextIntoStringWithFileddataDisabled" time="0.336"/>
   <testcase classname="org.elasticsearch.index.mapper.LegacyStringMappingTests" name="testDefaultsForNotAnalyzed" time="0.143"/>
   <testcase classname="org.elasticsearch.index.mapper.LegacyStringMappingTests" name="testMergeKeywordIntoStringWithFields" time="0.226"/>
   <testcase classname="org.elasticsearch.index.mapper.LegacyStringMappingTests" name="testMergeKeywordIntoStringWithIndexFalse" time="0.398"/>
   <testcase classname="org.elasticsearch.index.mapper.LegacyStringMappingTests" name="testMergeKeywordIntoStringWithIgnoreAbove" time="0.323"/>
   <testcase classname="org.elasticsearch.index.mapper.LegacyStringMappingTests" name="testMergeTextIntoStringWithCopyTo" time="0.152"/>
   <testcase classname="org.elasticsearch.index.mapper.LegacyStringMappingTests" name="testMergeTextIntoStringWithDocValues" time="0.152"/>
   <testcase classname="org.elasticsearch.index.mapper.LegacyStringMappingTests" name="testDocValues" time="0.106"/>
   <testcase classname="org.elasticsearch.index.mapper.LegacyStringMappingTests" name="testMergeTextIntoStringWithStore" time="0.118"/>
   <testcase classname="org.elasticsearch.index.mapper.LegacyStringMappingTests" name="testAnalyzedFieldPositionIncrementWithoutPositions" time="0.166"/>
   <testcase classname="org.elasticsearch.index.mapper.LegacyStringMappingTests" name="testMergeKeywordIntoStringWithBoost" time="0.244"/>
   <testcase classname="org.elasticsearch.index.mapper.LegacyStringMappingTests" name="testSearchQuoteAnalyzerSerialization" time="0.09"/>
   <testcase classname="org.elasticsearch.index.mapper.LegacyStringMappingTests" name="testMergeKeywordIntoStringWithNorms" time="0.23"/>
   <testcase classname="org.elasticsearch.index.mapper.LegacyStringMappingTests" name="testMergeKeywordIntoStringWithDocValues" time="0.194"/>
   <testcase classname="org.elasticsearch.index.mapper.LegacyStringMappingTests" name="testMergeKeywordIntoString" time="0.156"/>
   <testcase classname="org.elasticsearch.index.mapper.LegacyStringMappingTests" name="testFielddataFilter" time="0.123"/>
   <testcase classname="org.elasticsearch.index.mapper.LegacyStringMappingTests" name="testMergeTextIntoStringWithBoost" time="0.188"/>
   <testcase classname="org.elasticsearch.index.mapper.LegacyStringMappingTests" name="testBwCompatDocValues" time="0.347"/>
   <testcase classname="org.elasticsearch.index.mapper.LegacyStringMappingTests" name="testMergeTextIntoStringWithFielddataFrequencyFilter" time="0.19"/>
   <testcase classname="org.elasticsearch.index.mapper.LegacyStringMappingTests" name="testMergeTextIntoStringWithNorms" time="0.278"/>
   <testcase classname="org.elasticsearch.index.mapper.LegacyStringMappingTests" name="testTermVectors" time="0.2"/>
   <testcase classname="org.elasticsearch.index.mapper.LegacyStringMappingTests" name="testPositionOffsetGapDeprecation" time="0.324"/>
   <testcase classname="org.elasticsearch.index.mapper.LegacyStringMappingTests" name="testDisabledFielddata" time="0.418"/>
   <testcase classname="org.elasticsearch.index.mapper.LegacyStringMappingTests" name="testMergeTextIntoStringWithFields" time="0.198"/>
   <testcase classname="org.elasticsearch.index.mapper.LegacyStringMappingTests" name="testSearchAnalyzerSerialization" time="0.244"/>
   <testcase classname="org.elasticsearch.index.mapper.LegacyStringMappingTests" name="testMergeTextIntoStringWithPositionIncrementGap" time="0.177"/>
   <testcase classname="org.elasticsearch.index.mapper.LegacyStringMappingTests" name="testTextFieldAsStringWithUnsupportedField" time="0.1"/>
   <testcase classname="org.elasticsearch.index.mapper.LegacyStringMappingTests" name="testMergeTextIntoStringWithEagerGlobalOrdinals" time="0.135"/>
   <testcase classname="org.elasticsearch.index.mapper.LegacyStringMappingTests" name="testMergeTextIntoStringWithSearchQuoteAnayzer" time="0.222"/>
   <testcase classname="org.elasticsearch.index.mapper.LegacyStringMappingTests" name="testFielddataLoading" time="0.116"/>
   <testcase classname="org.elasticsearch.index.mapper.LegacyStringMappingTests" name="testNonAnalyzedFieldPositionIncrement" time="0.092"/>
   <testcase classname="org.elasticsearch.index.mapper.LegacyStringMappingTests" name="testDefaultsForAnalyzed" time="0.107"/>
   <testcase classname="org.elasticsearch.index.mapper.LegacyStringMappingTests" name="testMergeStringIntoStringWithSimilarity" time="0.124"/>
   <testcase classname="org.elasticsearch.index.mapper.LegacyStringMappingTests" name="testMergeKeywordIntoStringWithStore" time="0.104"/>
   <testcase classname="org.elasticsearch.index.mapper.LegacyStringMappingTests" name="testMergeKeywordIntoStringWithIndexOptions" time="0.11"/>
   <testcase classname="org.elasticsearch.index.mapper.LegacyStringMappingTests" name="testMergeKeywordIntoStringWithSimilarity" time="0.095"/>
   <testcase classname="org.elasticsearch.index.mapper.LegacyStringMappingTests" name="testMergeTextIntoStringWithIndexOptions" time="0.15"/>
   <testcase classname="org.elasticsearch.index.mapper.LegacyStringMappingTests" name="testMergeTextIntoString" time="0.133"/>
   <system-out><![CDATA[[2016-09-18T12:48:15,378][INFO ][org.elasticsearch.node   ] [node_s_0] initializing ...
[2016-09-18T12:48:15,420][INFO ][org.elasticsearch.env    ] [node_s_0] using [1] data paths, mounts [[(C:)]], net usable_space [704.6gb], net total_space [780.6gb], spins? [unknown], types [NTFS]
[2016-09-18T12:48:15,420][INFO ][org.elasticsearch.env    ] [node_s_0] heap size [491mb], compressed ordinary object pointers [true]
[2016-09-18T12:48:15,428][INFO ][org.elasticsearch.node   ] [node_s_0] version[5.0.0-alpha6-SNAPSHOT], pid[6936], build[Unknown/Unknown], OS[Windows 10/10.0/amd64], JVM[Oracle Corporation/Java HotSpot(TM) 64-Bit Server VM/1.8.0_102/25.102-b14]
[2016-09-18T12:48:15,430][INFO ][org.elasticsearch.plugins] [node_s_0] no modules loaded
[2016-09-18T12:48:15,430][INFO ][org.elasticsearch.plugins] [node_s_0] loaded plugin [org.elasticsearch.test.InternalSettingsPlugin]
[2016-09-18T12:48:15,691][INFO ][org.elasticsearch.node   ] [node_s_0] initialized
[2016-09-18T12:48:15,691][INFO ][org.elasticsearch.node   ] [node_s_0] starting ...
[2016-09-18T12:48:15,692][INFO ][org.elasticsearch.transport] [node_s_0] publish_address {local[13]}, bound_addresses {local[13]}
[2016-09-18T12:48:15,710][INFO ][org.elasticsearch.cluster.service] [node_s_0] new_master {node_s_0}{VAB1nM7XRGKFHGzPVqVCew}{AqJK7ZkKT5KCd3GhnmE6YQ}{local}{local[13]}, reason: local-disco-initial_connect(master)
[2016-09-18T12:48:15,711][INFO ][org.elasticsearch.node   ] [node_s_0] started
[2016-09-18T12:48:15,765][INFO ][org.elasticsearch.gateway] [node_s_0] recovered [0] indices into cluster_state
[2016-09-18T12:48:15,788][INFO ][org.elasticsearch.cluster.metadata] [node_s_0] [test] creating index, cause [api], templates [random_index_template], shards [1]/[0], mappings []
[2016-09-18T12:48:15,937][INFO ][org.elasticsearch.cluster.routing.allocation] [node_s_0] Cluster health status changed from [YELLOW] to [GREEN] (reason: [shards started [[test][0]] ...]).
[2016-09-18T12:48:15,954][WARN ][org.elasticsearch.deprecation.index.mapper] [node_s_0] [test] The [norms{enabled:true/false}] way of specifying norms is deprecated, please use [norms:true/false] instead
[2016-09-18T12:48:15,967][WARN ][org.elasticsearch.deprecation.index.mapper] [node_s_0] [test] The [norms{enabled:true/false}] way of specifying norms is deprecated, please use [norms:true/false] instead
[2016-09-18T12:48:15,968][INFO ][org.elasticsearch.index.mapper] [node_s_0] [test] [LegacyStringMappingTests#testDisableNorms]: cleaning up after test
[2016-09-18T12:48:16,085][INFO ][org.elasticsearch.cluster.metadata] [node_s_0] [test] creating index, cause [api], templates [random_index_template], shards [1]/[0], mappings []
[2016-09-18T12:48:16,205][INFO ][org.elasticsearch.cluster.routing.allocation] [node_s_0] Cluster health status changed from [YELLOW] to [GREEN] (reason: [shards started [[test][0]] ...]).
[2016-09-18T12:48:16,245][INFO ][org.elasticsearch.index.mapper] [node_s_0] [test] [LegacyStringMappingTests#testKeywordFieldAsStringWithUnsupportedField]: cleaning up after test
[2016-09-18T12:48:16,299][INFO ][org.elasticsearch.cluster.metadata] [node_s_0] [test] creating index, cause [api], templates [random_index_template], shards [1]/[0], mappings []
[2016-09-18T12:48:16,372][INFO ][org.elasticsearch.cluster.routing.allocation] [node_s_0] Cluster health status changed from [YELLOW] to [GREEN] (reason: [shards started [[test][0]] ...]).
[2016-09-18T12:48:16,391][INFO ][org.elasticsearch.index.mapper] [node_s_0] [test] [LegacyStringMappingTests#testLimit]: cleaning up after test
[2016-09-18T12:48:16,543][INFO ][org.elasticsearch.cluster.metadata] [node_s_0] [test] creating index, cause [api], templates [random_index_template], shards [1]/[0], mappings []
[2016-09-18T12:48:16,688][INFO ][org.elasticsearch.cluster.routing.allocation] [node_s_0] Cluster health status changed from [YELLOW] to [GREEN] (reason: [shards started [[test][0]] ...]).
[2016-09-18T12:48:16,705][INFO ][org.elasticsearch.index.mapper] [node_s_0] [test] --> Updating mapping to {"test_type":{"properties":{"test_field":{"type":"string","index":"not_analyzed","include_in_all":false}}}}
[2016-09-18T12:48:16,708][INFO ][org.elasticsearch.cluster.metadata] [node_s_0] [test/Bo1NJqIVQT26Eflbn6mV7g] create_mapping [test_type]
[2016-09-18T12:48:16,733][INFO ][org.elasticsearch.index.mapper] [node_s_0] [test] --> Updating mapping to {"test_type":{"properties":{"test_field":{"type":"keyword","include_in_all":false}}}}
[2016-09-18T12:48:16,761][INFO ][org.elasticsearch.index.mapper] [node_s_0] [test] [LegacyStringMappingTests#testMergeKeywordIntoStringWithIncludeInAll]: cleaning up after test
[2016-09-18T12:48:16,815][INFO ][org.elasticsearch.cluster.metadata] [node_s_0] [test] creating index, cause [api], templates [random_index_template], shards [1]/[0], mappings []
[2016-09-18T12:48:16,908][INFO ][org.elasticsearch.cluster.routing.allocation] [node_s_0] Cluster health status changed from [YELLOW] to [GREEN] (reason: [shards started [[test][0]] ...]).
[2016-09-18T12:48:16,973][INFO ][org.elasticsearch.index.mapper] [node_s_0] [test] --> Updating mapping to {"test_type":{"properties":{"test_field":{"type":"string","index":"not_analyzed","copy_to":"another_field"}}}}
[2016-09-18T12:48:16,982][INFO ][org.elasticsearch.cluster.metadata] [node_s_0] [test/pvbDEJICSsqgIml9jEeqyg] create_mapping [test_type]
[2016-09-18T12:48:17,001][INFO ][org.elasticsearch.index.mapper] [node_s_0] [test] --> Updating mapping to {"test_type":{"properties":{"test_field":{"type":"keyword","copy_to":"another_field"}}}}
[2016-09-18T12:48:17,028][INFO ][org.elasticsearch.index.mapper] [node_s_0] [test] [LegacyStringMappingTests#testMergeKeywordIntoStringWithCopyTo]: cleaning up after test
[2016-09-18T12:48:17,126][INFO ][org.elasticsearch.cluster.metadata] [node_s_0] [test] creating index, cause [api], templates [random_index_template], shards [1]/[0], mappings []
[2016-09-18T12:48:17,205][INFO ][org.elasticsearch.cluster.routing.allocation] [node_s_0] Cluster health status changed from [YELLOW] to [GREEN] (reason: [shards started [[test][0]] ...]).
[2016-09-18T12:48:17,220][INFO ][org.elasticsearch.index.mapper] [node_s_0] [test] --> Updating mapping to {"test_type":{"properties":{"test_field":{"type":"string","include_in_all":false}}}}
[2016-09-18T12:48:17,222][INFO ][org.elasticsearch.cluster.metadata] [node_s_0] [test/I5nX1L7-RaC0P6Wiv6yOZA] create_mapping [test_type]
[2016-09-18T12:48:17,240][INFO ][org.elasticsearch.index.mapper] [node_s_0] [test] --> Updating mapping to {"test_type":{"properties":{"test_field":{"type":"text","include_in_all":false,"fielddata":true}}}}
[2016-09-18T12:48:17,263][INFO ][org.elasticsearch.index.mapper] [node_s_0] [test] [LegacyStringMappingTests#testMergeTextIntoStringWithIncludeInAll]: cleaning up after test
[2016-09-18T12:48:17,313][INFO ][org.elasticsearch.cluster.metadata] [node_s_0] [test] creating index, cause [api], templates [random_index_template], shards [1]/[0], mappings []
[2016-09-18T12:48:17,384][INFO ][org.elasticsearch.cluster.routing.allocation] [node_s_0] Cluster health status changed from [YELLOW] to [GREEN] (reason: [shards started [[test][0]] ...]).
[2016-09-18T12:48:17,397][INFO ][org.elasticsearch.index.mapper] [node_s_0] [test] --> Updating mapping to {"test_type":{"properties":{"test_field":{"type":"string","fielddata":false}}}}
[2016-09-18T12:48:17,399][INFO ][org.elasticsearch.cluster.metadata] [node_s_0] [test/RX_vQv8MQCq1v46ovbnu7A] create_mapping [test_type]
[2016-09-18T12:48:17,422][INFO ][org.elasticsearch.index.mapper] [node_s_0] [test] --> Updating mapping to {"test_type":{"properties":{"test_field":{"type":"text"}}}}
[2016-09-18T12:48:17,562][INFO ][org.elasticsearch.index.mapper] [node_s_0] [test] [LegacyStringMappingTests#testMergeTextIntoStringWithFileddataDisabled]: cleaning up after test
[2016-09-18T12:48:17,652][INFO ][org.elasticsearch.cluster.metadata] [node_s_0] [test] creating index, cause [api], templates [random_index_template], shards [1]/[0], mappings []
[2016-09-18T12:48:17,733][INFO ][org.elasticsearch.cluster.routing.allocation] [node_s_0] Cluster health status changed from [YELLOW] to [GREEN] (reason: [shards started [[test][0]] ...]).
[2016-09-18T12:48:17,752][WARN ][org.elasticsearch.deprecation.index.mapper] [node_s_0] [test] The [norms{enabled:true/false}] way of specifying norms is deprecated, please use [norms:true/false] instead
[2016-09-18T12:48:17,755][WARN ][org.elasticsearch.deprecation.index.mapper] [node_s_0] [test] [omit_norms] is deprecated, please use [norms] instead with the opposite boolean value
[2016-09-18T12:48:17,756][INFO ][org.elasticsearch.index.mapper] [node_s_0] [test] [LegacyStringMappingTests#testDefaultsForNotAnalyzed]: cleaning up after test
[2016-09-18T12:48:17,792][INFO ][org.elasticsearch.cluster.metadata] [node_s_0] [test] creating index, cause [api], templates [random_index_template], shards [1]/[0], mappings []
[2016-09-18T12:48:17,840][INFO ][org.elasticsearch.cluster.routing.allocation] [node_s_0] Cluster health status changed from [YELLOW] to [GREEN] (reason: [shards started [[test][0]] ...]).
[2016-09-18T12:48:17,854][INFO ][org.elasticsearch.index.mapper] [node_s_0] [test] --> Updating mapping to {"test_type":{"properties":{"test_field":{"type":"string","index":"not_analyzed","fields":{"foo":{"type":"string","analyzer":"standard"}}}}}}
[2016-09-18T12:48:17,857][INFO ][org.elasticsearch.cluster.metadata] [node_s_0] [test/DvLJcyfyStOMR36AWlpwww] create_mapping [test_type]
[2016-09-18T12:48:17,870][INFO ][org.elasticsearch.index.mapper] [node_s_0] [test] --> Updating mapping to {"test_type":{"properties":{"test_field":{"type":"keyword","fields":{"foo":{"type":"string","analyzer":"standard"}}}}}}
[2016-09-18T12:48:17,898][INFO ][org.elasticsearch.index.mapper] [node_s_0] [test] --> Updating mapping to {"test_type":{"properties":{"test_field":{"type":"string","index":"not_analyzed","fields":{"foo":{"type":"string","analyzer":"standard"},"bar":{"type":"string","analyzer":"whitespace"}}}}}}
[2016-09-18T12:48:17,903][INFO ][org.elasticsearch.cluster.metadata] [node_s_0] [test/DvLJcyfyStOMR36AWlpwww] update_mapping [test_type]
[2016-09-18T12:48:17,930][INFO ][org.elasticsearch.index.mapper] [node_s_0] [test] --> Updating mapping to {"test_type":{"properties":{"test_field":{"type":"keyword","fields":{"foo":{"type":"string","analyzer":"standard"},"bar":{"type":"string","analyzer":"whitespace"}}}}}}
[2016-09-18T12:48:17,959][INFO ][org.elasticsearch.index.mapper] [node_s_0] [test] [LegacyStringMappingTests#testMergeKeywordIntoStringWithFields]: cleaning up after test
[2016-09-18T12:48:18,018][INFO ][org.elasticsearch.cluster.metadata] [node_s_0] [test] creating index, cause [api], templates [random_index_template], shards [1]/[0], mappings []
[2016-09-18T12:48:18,073][INFO ][org.elasticsearch.cluster.routing.allocation] [node_s_0] Cluster health status changed from [YELLOW] to [GREEN] (reason: [shards started [[test][0]] ...]).
[2016-09-18T12:48:18,088][INFO ][org.elasticsearch.index.mapper] [node_s_0] [test] --> Updating mapping to {"test_type":{"properties":{"test_field":{"type":"string","index":"no"}}}}
[2016-09-18T12:48:18,090][INFO ][org.elasticsearch.cluster.metadata] [node_s_0] [test/4OOWgl3kQYqack3pZYhDwA] create_mapping [test_type]
[2016-09-18T12:48:18,346][INFO ][org.elasticsearch.index.mapper] [node_s_0] [test] --> Updating mapping to {"test_type":{"properties":{"test_field":{"type":"keyword","index":false}}}}
[2016-09-18T12:48:18,381][INFO ][org.elasticsearch.index.mapper] [node_s_0] [test] [LegacyStringMappingTests#testMergeKeywordIntoStringWithIndexFalse]: cleaning up after test
[2016-09-18T12:48:18,432][INFO ][org.elasticsearch.cluster.metadata] [node_s_0] [test] creating index, cause [api], templates [random_index_template], shards [1]/[0], mappings []
[2016-09-18T12:48:18,589][INFO ][org.elasticsearch.cluster.routing.allocation] [node_s_0] Cluster health status changed from [YELLOW] to [GREEN] (reason: [shards started [[test][0]] ...]).
[2016-09-18T12:48:18,630][INFO ][org.elasticsearch.index.mapper] [node_s_0] [test] --> Updating mapping to {"test_type":{"properties":{"test_field":{"type":"string","index":"not_analyzed","ignore_above":128}}}}
[2016-09-18T12:48:18,639][INFO ][org.elasticsearch.cluster.metadata] [node_s_0] [test/4WTxaJUjRG617SPWfoc6Sg] create_mapping [test_type]
[2016-09-18T12:48:18,654][INFO ][org.elasticsearch.index.mapper] [node_s_0] [test] --> Updating mapping to {"test_type":{"properties":{"test_field":{"type":"keyword","ignore_above":128}}}}
[2016-09-18T12:48:18,672][INFO ][org.elasticsearch.index.mapper] [node_s_0] [test] [LegacyStringMappingTests#testMergeKeywordIntoStringWithIgnoreAbove]: cleaning up after test
[2016-09-18T12:48:18,738][INFO ][org.elasticsearch.cluster.metadata] [node_s_0] [test] creating index, cause [api], templates [random_index_template], shards [1]/[0], mappings []
[2016-09-18T12:48:18,791][INFO ][org.elasticsearch.cluster.routing.allocation] [node_s_0] Cluster health status changed from [YELLOW] to [GREEN] (reason: [shards started [[test][0]] ...]).
[2016-09-18T12:48:18,811][INFO ][org.elasticsearch.index.mapper] [node_s_0] [test] --> Updating mapping to {"test_type":{"properties":{"test_field":{"type":"string","copy_to":"another_field"}}}}
[2016-09-18T12:48:18,813][INFO ][org.elasticsearch.cluster.metadata] [node_s_0] [test/33K_mbRGQQGXUAZ10_u6Fg] create_mapping [test_type]
[2016-09-18T12:48:18,827][INFO ][org.elasticsearch.index.mapper] [node_s_0] [test] --> Updating mapping to {"test_type":{"properties":{"test_field":{"type":"text","copy_to":"another_field","fielddata":true}}}}
[2016-09-18T12:48:18,846][INFO ][org.elasticsearch.index.mapper] [node_s_0] [test] [LegacyStringMappingTests#testMergeTextIntoStringWithCopyTo]: cleaning up after test
[2016-09-18T12:48:18,891][INFO ][org.elasticsearch.cluster.metadata] [node_s_0] [test] creating index, cause [api], templates [random_index_template], shards [1]/[0], mappings []
[2016-09-18T12:48:18,946][INFO ][org.elasticsearch.cluster.routing.allocation] [node_s_0] Cluster health status changed from [YELLOW] to [GREEN] (reason: [shards started [[test][0]] ...]).
[2016-09-18T12:48:18,969][INFO ][org.elasticsearch.index.mapper] [node_s_0] [test] --> Updating mapping to {"test_type":{"properties":{"test_field":{"type":"string","doc_values":false}}}}
[2016-09-18T12:48:18,971][INFO ][org.elasticsearch.cluster.metadata] [node_s_0] [test/xmCHqlWcQguDYS_fpXxmwg] create_mapping [test_type]
[2016-09-18T12:48:18,985][INFO ][org.elasticsearch.index.mapper] [node_s_0] [test] --> Updating mapping to {"test_type":{"properties":{"test_field":{"type":"text","doc_values":false,"fielddata":true}}}}
[2016-09-18T12:48:19,003][INFO ][org.elasticsearch.index.mapper] [node_s_0] [test] [LegacyStringMappingTests#testMergeTextIntoStringWithDocValues]: cleaning up after test
[2016-09-18T12:48:19,044][INFO ][org.elasticsearch.cluster.metadata] [node_s_0] [test] creating index, cause [api], templates [random_index_template], shards [1]/[0], mappings []
[2016-09-18T12:48:19,093][INFO ][org.elasticsearch.cluster.routing.allocation] [node_s_0] Cluster health status changed from [YELLOW] to [GREEN] (reason: [shards started [[test][0]] ...]).
[2016-09-18T12:48:19,109][INFO ][org.elasticsearch.index.mapper] [node_s_0] [test] [LegacyStringMappingTests#testDocValues]: cleaning up after test
[2016-09-18T12:48:19,148][INFO ][org.elasticsearch.cluster.metadata] [node_s_0] [test] creating index, cause [api], templates [random_index_template], shards [1]/[0], mappings []
[2016-09-18T12:48:19,194][INFO ][org.elasticsearch.cluster.routing.allocation] [node_s_0] Cluster health status changed from [YELLOW] to [GREEN] (reason: [shards started [[test][0]] ...]).
[2016-09-18T12:48:19,206][INFO ][org.elasticsearch.index.mapper] [node_s_0] [test] --> Updating mapping to {"test_type":{"properties":{"test_field":{"type":"string","store":true}}}}
[2016-09-18T12:48:19,209][INFO ][org.elasticsearch.cluster.metadata] [node_s_0] [test/xzDPaF6KQF2Gx_srWx6xFQ] create_mapping [test_type]
[2016-09-18T12:48:19,219][INFO ][org.elasticsearch.index.mapper] [node_s_0] [test] --> Updating mapping to {"test_type":{"properties":{"test_field":{"type":"text","store":true,"fielddata":true}}}}
[2016-09-18T12:48:19,231][INFO ][org.elasticsearch.index.mapper] [node_s_0] [test] [LegacyStringMappingTests#testMergeTextIntoStringWithStore]: cleaning up after test
[2016-09-18T12:48:19,268][INFO ][org.elasticsearch.cluster.metadata] [node_s_0] [test] creating index, cause [api], templates [random_index_template], shards [1]/[0], mappings []
[2016-09-18T12:48:19,387][INFO ][org.elasticsearch.cluster.routing.allocation] [node_s_0] Cluster health status changed from [YELLOW] to [GREEN] (reason: [shards started [[test][0]] ...]).
[2016-09-18T12:48:19,402][INFO ][org.elasticsearch.index.mapper] [node_s_0] [test] [LegacyStringMappingTests#testAnalyzedFieldPositionIncrementWithoutPositions]: cleaning up after test
[2016-09-18T12:48:19,433][INFO ][org.elasticsearch.cluster.metadata] [node_s_0] [test] creating index, cause [api], templates [random_index_template], shards [1]/[0], mappings []
[2016-09-18T12:48:19,480][INFO ][org.elasticsearch.cluster.routing.allocation] [node_s_0] Cluster health status changed from [YELLOW] to [GREEN] (reason: [shards started [[test][0]] ...]).
[2016-09-18T12:48:19,506][INFO ][org.elasticsearch.index.mapper] [node_s_0] [test] --> Updating mapping to {"test_type":{"properties":{"test_field":{"type":"string","index":"not_analyzed","boost":1.5}}}}
[2016-09-18T12:48:19,509][INFO ][org.elasticsearch.cluster.metadata] [node_s_0] [test/LMNVpaoPTyifEPJbLb-DAA] create_mapping [test_type]
[2016-09-18T12:48:19,528][INFO ][org.elasticsearch.index.mapper] [node_s_0] [test] --> Updating mapping to {"test_type":{"properties":{"test_field":{"type":"keyword","boost":1.5}}}}
[2016-09-18T12:48:19,577][INFO ][org.elasticsearch.index.mapper] [node_s_0] [test] --> Updating mapping to {"test_type":{"properties":{"test_field":{"type":"keyword","boost":1.4}}}}
[2016-09-18T12:48:19,581][INFO ][org.elasticsearch.cluster.metadata] [node_s_0] [test/LMNVpaoPTyifEPJbLb-DAA] update_mapping [test_type]
[2016-09-18T12:48:19,600][INFO ][org.elasticsearch.index.mapper] [node_s_0] [test] [LegacyStringMappingTests#testMergeKeywordIntoStringWithBoost]: cleaning up after test
[2016-09-18T12:48:19,678][INFO ][org.elasticsearch.cluster.metadata] [node_s_0] [test] creating index, cause [api], templates [random_index_template], shards [1]/[0], mappings []
[2016-09-18T12:48:19,722][INFO ][org.elasticsearch.cluster.routing.allocation] [node_s_0] Cluster health status changed from [YELLOW] to [GREEN] (reason: [shards started [[test][0]] ...]).
[2016-09-18T12:48:19,736][INFO ][org.elasticsearch.index.mapper] [node_s_0] [test] [LegacyStringMappingTests#testSearchQuoteAnalyzerSerialization]: cleaning up after test
[2016-09-18T12:48:19,769][INFO ][org.elasticsearch.cluster.metadata] [node_s_0] [test] creating index, cause [api], templates [random_index_template], shards [1]/[0], mappings []
[2016-09-18T12:48:19,838][INFO ][org.elasticsearch.cluster.routing.allocation] [node_s_0] Cluster health status changed from [YELLOW] to [GREEN] (reason: [shards started [[test][0]] ...]).
[2016-09-18T12:48:19,858][INFO ][org.elasticsearch.index.mapper] [node_s_0] [test] --> Updating mapping to {"test_type":{"properties":{"test_field":{"type":"string","index":"not_analyzed","norms":true}}}}
[2016-09-18T12:48:19,861][INFO ][org.elasticsearch.cluster.metadata] [node_s_0] [test/vPE0rhwwQUWHT-4fehZ3TA] create_mapping [test_type]
[2016-09-18T12:48:19,886][INFO ][org.elasticsearch.index.mapper] [node_s_0] [test] --> Updating mapping to {"test_type":{"properties":{"test_field":{"type":"keyword","norms":true}}}}
[2016-09-18T12:48:19,915][INFO ][org.elasticsearch.index.mapper] [node_s_0] [test] --> Updating mapping to {"test_type":{"properties":{"test_field":{"type":"string","index":"not_analyzed","norms":{"enabled":true,"loading":"pYcCV"}}}}}
[2016-09-18T12:48:19,916][WARN ][org.elasticsearch.deprecation.index.mapper] [node_s_0] [test] The [norms{enabled:true/false}] way of specifying norms is deprecated, please use [norms:true/false] instead
[2016-09-18T12:48:19,917][WARN ][org.elasticsearch.deprecation.index.mapper] [node_s_0] [test] The [norms{enabled:true/false}] way of specifying norms is deprecated, please use [norms:true/false] instead
[2016-09-18T12:48:19,942][INFO ][org.elasticsearch.index.mapper] [node_s_0] [test] --> Updating mapping to {"test_type":{"properties":{"test_field":{"type":"keyword","norms":{"enabled":true,"loading":"KFtfZ"}}}}}
[2016-09-18T12:48:19,943][WARN ][org.elasticsearch.deprecation.index.mapper] [node_s_0] [test] The [norms{enabled:true/false}] way of specifying norms is deprecated, please use [norms:true/false] instead
[2016-09-18T12:48:19,945][WARN ][org.elasticsearch.deprecation.index.mapper] [node_s_0] [test] The [norms{enabled:true/false}] way of specifying norms is deprecated, please use [norms:true/false] instead
[2016-09-18T12:48:19,959][INFO ][org.elasticsearch.index.mapper] [node_s_0] [test] [LegacyStringMappingTests#testMergeKeywordIntoStringWithNorms]: cleaning up after test
[2016-09-18T12:48:19,999][INFO ][org.elasticsearch.cluster.metadata] [node_s_0] [test] creating index, cause [api], templates [random_index_template], shards [1]/[0], mappings []
[2016-09-18T12:48:20,067][INFO ][org.elasticsearch.cluster.routing.allocation] [node_s_0] Cluster health status changed from [YELLOW] to [GREEN] (reason: [shards started [[test][0]] ...]).
[2016-09-18T12:48:20,083][INFO ][org.elasticsearch.index.mapper] [node_s_0] [test] --> Updating mapping to {"test_type":{"properties":{"test_field":{"type":"string","index":"not_analyzed","doc_values":false}}}}
[2016-09-18T12:48:20,086][INFO ][org.elasticsearch.cluster.metadata] [node_s_0] [test/r0A-3quOQO2v9HEiKDaFPA] create_mapping [test_type]
[2016-09-18T12:48:20,099][INFO ][org.elasticsearch.index.mapper] [node_s_0] [test] --> Updating mapping to {"test_type":{"properties":{"test_field":{"type":"keyword","doc_values":false}}}}
[2016-09-18T12:48:20,124][INFO ][org.elasticsearch.index.mapper] [node_s_0] [test] [LegacyStringMappingTests#testMergeKeywordIntoStringWithDocValues]: cleaning up after test
[2016-09-18T12:48:20,193][INFO ][org.elasticsearch.cluster.metadata] [node_s_0] [test] creating index, cause [api], templates [random_index_template], shards [1]/[0], mappings []
[2016-09-18T12:48:20,241][INFO ][org.elasticsearch.cluster.routing.allocation] [node_s_0] Cluster health status changed from [YELLOW] to [GREEN] (reason: [shards started [[test][0]] ...]).
[2016-09-18T12:48:20,253][INFO ][org.elasticsearch.index.mapper] [node_s_0] [test] --> Updating mapping to {"test_type":{"properties":{"test_field":{"type":"string","index":"not_analyzed"}}}}
[2016-09-18T12:48:20,255][INFO ][org.elasticsearch.cluster.metadata] [node_s_0] [test/81YwmBDXRc2aY7BMRwMjng] create_mapping [test_type]
[2016-09-18T12:48:20,269][INFO ][org.elasticsearch.index.mapper] [node_s_0] [test] --> Updating mapping to {"test_type":{"properties":{"test_field":{"type":"keyword"}}}}
[2016-09-18T12:48:20,284][INFO ][org.elasticsearch.index.mapper] [node_s_0] [test] [LegacyStringMappingTests#testMergeKeywordIntoString]: cleaning up after test
[2016-09-18T12:48:20,349][INFO ][org.elasticsearch.cluster.metadata] [node_s_0] [test] creating index, cause [api], templates [random_index_template], shards [1]/[0], mappings []
[2016-09-18T12:48:20,414][INFO ][org.elasticsearch.cluster.routing.allocation] [node_s_0] Cluster health status changed from [YELLOW] to [GREEN] (reason: [shards started [[test][0]] ...]).
[2016-09-18T12:48:20,427][INFO ][org.elasticsearch.index.mapper] [node_s_0] [test] [LegacyStringMappingTests#testFielddataFilter]: cleaning up after test
[2016-09-18T12:48:20,474][INFO ][org.elasticsearch.cluster.metadata] [node_s_0] [test] creating index, cause [api], templates [random_index_template], shards [1]/[0], mappings []
[2016-09-18T12:48:20,530][INFO ][org.elasticsearch.cluster.routing.allocation] [node_s_0] Cluster health status changed from [YELLOW] to [GREEN] (reason: [shards started [[test][0]] ...]).
[2016-09-18T12:48:20,567][INFO ][org.elasticsearch.index.mapper] [node_s_0] [test] --> Updating mapping to {"test_type":{"properties":{"test_field":{"type":"string","boost":1.5}}}}
[2016-09-18T12:48:20,570][INFO ][org.elasticsearch.cluster.metadata] [node_s_0] [test/h27L2UDSRgOSV4tqZTBzZg] create_mapping [test_type]
[2016-09-18T12:48:20,584][INFO ][org.elasticsearch.index.mapper] [node_s_0] [test] --> Updating mapping to {"test_type":{"properties":{"test_field":{"type":"text","boost":1.5,"fielddata":true}}}}
[2016-09-18T12:48:20,609][INFO ][org.elasticsearch.index.mapper] [node_s_0] [test] --> Updating mapping to {"test_type":{"properties":{"test_field":{"type":"text","boost":1.4,"fielddata":true}}}}
[2016-09-18T12:48:20,612][INFO ][org.elasticsearch.cluster.metadata] [node_s_0] [test/h27L2UDSRgOSV4tqZTBzZg] update_mapping [test_type]
[2016-09-18T12:48:20,625][INFO ][org.elasticsearch.index.mapper] [node_s_0] [test] [LegacyStringMappingTests#testMergeTextIntoStringWithBoost]: cleaning up after test
[2016-09-18T12:48:20,664][INFO ][org.elasticsearch.cluster.metadata] [node_s_0] [test] creating index, cause [api], templates [random_index_template], shards [1]/[0], mappings []
[2016-09-18T12:48:20,756][INFO ][org.elasticsearch.cluster.routing.allocation] [node_s_0] Cluster health status changed from [YELLOW] to [GREEN] (reason: [shards started [[test][0]] ...]).
[2016-09-18T12:48:20,772][INFO ][org.elasticsearch.cluster.metadata] [node_s_0] [test_old] creating index, cause [api], templates [random_index_template], shards [1]/[0], mappings []
[2016-09-18T12:48:20,935][INFO ][org.elasticsearch.cluster.routing.allocation] [node_s_0] Cluster health status changed from [YELLOW] to [GREEN] (reason: [shards started [[test_old][0]] ...]).
[2016-09-18T12:48:20,948][INFO ][org.elasticsearch.index.mapper] [node_s_0] [test_old] [LegacyStringMappingTests#testBwCompatDocValues]: cleaning up after test
[2016-09-18T12:48:21,008][INFO ][org.elasticsearch.cluster.metadata] [node_s_0] [test] creating index, cause [api], templates [random_index_template], shards [1]/[0], mappings []
[2016-09-18T12:48:21,076][INFO ][org.elasticsearch.cluster.routing.allocation] [node_s_0] Cluster health status changed from [YELLOW] to [GREEN] (reason: [shards started [[test][0]] ...]).
[2016-09-18T12:48:21,090][INFO ][org.elasticsearch.index.mapper] [node_s_0] [test] --> Updating mapping to {"test_type":{"properties":{"test_field":{"type":"string","fielddata":{"format":"pagedbytes","filter":{"frequency":{"min":0.001,"max":0.1,"min_segment_size":100}}}}}}}
[2016-09-18T12:48:21,093][INFO ][org.elasticsearch.cluster.metadata] [node_s_0] [test/yRvc0QnwT_a0tLBxxIj8Og] create_mapping [test_type]
[2016-09-18T12:48:21,107][INFO ][org.elasticsearch.index.mapper] [node_s_0] [test] --> Updating mapping to {"test_type":{"properties":{"test_field":{"type":"text","fielddata":true,"fielddata_frequency_filter":{"min":0.001,"max":0.1,"min_segment_size":100}}}}}
[2016-09-18T12:48:21,125][INFO ][org.elasticsearch.index.mapper] [node_s_0] [test] [LegacyStringMappingTests#testMergeTextIntoStringWithFielddataFrequencyFilter]: cleaning up after test
[2016-09-18T12:48:21,201][INFO ][org.elasticsearch.cluster.metadata] [node_s_0] [test] creating index, cause [api], templates [random_index_template], shards [1]/[0], mappings []
[2016-09-18T12:48:21,338][INFO ][org.elasticsearch.cluster.routing.allocation] [node_s_0] Cluster health status changed from [YELLOW] to [GREEN] (reason: [shards started [[test][0]] ...]).
[2016-09-18T12:48:21,394][INFO ][org.elasticsearch.index.mapper] [node_s_0] [test] --> Updating mapping to {"test_type":{"properties":{"test_field":{"type":"string","norms":false}}}}
[2016-09-18T12:48:21,396][INFO ][org.elasticsearch.cluster.metadata] [node_s_0] [test/J5_xhhbiRtyFcyydDFQszg] create_mapping [test_type]
[2016-09-18T12:48:21,410][INFO ][org.elasticsearch.index.mapper] [node_s_0] [test] --> Updating mapping to {"test_type":{"properties":{"test_field":{"type":"text","norms":false,"fielddata":true}}}}
[2016-09-18T12:48:21,432][INFO ][org.elasticsearch.index.mapper] [node_s_0] [test] [LegacyStringMappingTests#testMergeTextIntoStringWithNorms]: cleaning up after test
[2016-09-18T12:48:21,478][INFO ][org.elasticsearch.cluster.metadata] [node_s_0] [test] creating index, cause [api], templates [random_index_template], shards [1]/[0], mappings []
[2016-09-18T12:48:21,542][INFO ][org.elasticsearch.cluster.routing.allocation] [node_s_0] Cluster health status changed from [YELLOW] to [GREEN] (reason: [shards started [[test][0]] ...]).
[2016-09-18T12:48:21,611][INFO ][org.elasticsearch.index.mapper] [node_s_0] [test] [LegacyStringMappingTests#testTermVectors]: cleaning up after test
[2016-09-18T12:48:21,677][INFO ][org.elasticsearch.cluster.metadata] [node_s_0] [test] creating index, cause [api], templates [random_index_template], shards [1]/[0], mappings []
[2016-09-18T12:48:21,948][INFO ][org.elasticsearch.cluster.routing.allocation] [node_s_0] Cluster health status changed from [YELLOW] to [GREEN] (reason: [shards started [[test][0]] ...]).
[2016-09-18T12:48:21,970][INFO ][org.elasticsearch.index.mapper] [node_s_0] [test] [LegacyStringMappingTests#testPositionOffsetGapDeprecation]: cleaning up after test
[2016-09-18T12:48:22,001][INFO ][org.elasticsearch.cluster.metadata] [node_s_0] [test] creating index, cause [api], templates [random_index_template], shards [1]/[0], mappings []
[2016-09-18T12:48:22,373][INFO ][org.elasticsearch.cluster.routing.allocation] [node_s_0] Cluster health status changed from [YELLOW] to [GREEN] (reason: [shards started [[test][0]] ...]).
[2016-09-18T12:48:22,386][INFO ][org.elasticsearch.index.mapper] [node_s_0] [test] [LegacyStringMappingTests#testDisabledFielddata]: cleaning up after test
[2016-09-18T12:48:22,420][INFO ][org.elasticsearch.cluster.metadata] [node_s_0] [test] creating index, cause [api], templates [random_index_template], shards [1]/[0], mappings []
[2016-09-18T12:48:22,475][INFO ][org.elasticsearch.cluster.routing.allocation] [node_s_0] Cluster health status changed from [YELLOW] to [GREEN] (reason: [shards started [[test][0]] ...]).
[2016-09-18T12:48:22,489][INFO ][org.elasticsearch.index.mapper] [node_s_0] [test] --> Updating mapping to {"test_type":{"properties":{"test_field":{"type":"string","fields":{"foo":{"type":"string","analyzer":"standard"}}}}}}
[2016-09-18T12:48:22,491][INFO ][org.elasticsearch.cluster.metadata] [node_s_0] [test/ohvGgUUcSq-PDYjL-tdqEA] create_mapping [test_type]
[2016-09-18T12:48:22,504][INFO ][org.elasticsearch.index.mapper] [node_s_0] [test] --> Updating mapping to {"test_type":{"properties":{"test_field":{"type":"text","fielddata":true,"fields":{"foo":{"type":"string","analyzer":"standard"}}}}}}
[2016-09-18T12:48:22,521][INFO ][org.elasticsearch.index.mapper] [node_s_0] [test] --> Updating mapping to {"test_type":{"properties":{"test_field":{"type":"string","fields":{"foo":{"type":"string","analyzer":"standard"},"bar":{"type":"string","analyzer":"whitespace"}}}}}}
[2016-09-18T12:48:22,524][INFO ][org.elasticsearch.cluster.metadata] [node_s_0] [test/ohvGgUUcSq-PDYjL-tdqEA] update_mapping [test_type]
[2016-09-18T12:48:22,553][INFO ][org.elasticsearch.index.mapper] [node_s_0] [test] --> Updating mapping to {"test_type":{"properties":{"test_field":{"type":"text","fielddata":true,"fields":{"foo":{"type":"string","analyzer":"standard"},"bar":{"type":"string","analyzer":"whitespace"}}}}}}
[2016-09-18T12:48:22,575][INFO ][org.elasticsearch.index.mapper] [node_s_0] [test] [LegacyStringMappingTests#testMergeTextIntoStringWithFields]: cleaning up after test
[2016-09-18T12:48:22,629][INFO ][org.elasticsearch.cluster.metadata] [node_s_0] [test] creating index, cause [api], templates [random_index_template], shards [1]/[0], mappings []
[2016-09-18T12:48:22,799][INFO ][org.elasticsearch.cluster.routing.allocation] [node_s_0] Cluster health status changed from [YELLOW] to [GREEN] (reason: [shards started [[test][0]] ...]).
[2016-09-18T12:48:22,822][INFO ][org.elasticsearch.index.mapper] [node_s_0] [test] [LegacyStringMappingTests#testSearchAnalyzerSerialization]: cleaning up after test
[2016-09-18T12:48:22,875][INFO ][org.elasticsearch.cluster.metadata] [node_s_0] [test] creating index, cause [api], templates [random_index_template], shards [1]/[0], mappings []
[2016-09-18T12:48:22,927][INFO ][org.elasticsearch.cluster.routing.allocation] [node_s_0] Cluster health status changed from [YELLOW] to [GREEN] (reason: [shards started [[test][0]] ...]).
[2016-09-18T12:48:22,971][INFO ][org.elasticsearch.index.mapper] [node_s_0] [test] --> Updating mapping to {"test_type":{"properties":{"test_field":{"type":"string","position_increment_gap":5285}}}}
[2016-09-18T12:48:22,975][INFO ][org.elasticsearch.cluster.metadata] [node_s_0] [test/cCUSzBVHTQ2WjNnRgBUG4g] create_mapping [test_type]
[2016-09-18T12:48:22,989][INFO ][org.elasticsearch.index.mapper] [node_s_0] [test] --> Updating mapping to {"test_type":{"properties":{"test_field":{"type":"text","position_increment_gap":5285,"fielddata":true}}}}
[2016-09-18T12:48:23,005][INFO ][org.elasticsearch.index.mapper] [node_s_0] [test] [LegacyStringMappingTests#testMergeTextIntoStringWithPositionIncrementGap]: cleaning up after test
[2016-09-18T12:48:23,037][INFO ][org.elasticsearch.cluster.metadata] [node_s_0] [test] creating index, cause [api], templates [random_index_template], shards [1]/[0], mappings []
[2016-09-18T12:48:23,093][INFO ][org.elasticsearch.cluster.routing.allocation] [node_s_0] Cluster health status changed from [YELLOW] to [GREEN] (reason: [shards started [[test][0]] ...]).
[2016-09-18T12:48:23,105][INFO ][org.elasticsearch.index.mapper] [node_s_0] [test] [LegacyStringMappingTests#testTextFieldAsStringWithUnsupportedField]: cleaning up after test
[2016-09-18T12:48:23,137][INFO ][org.elasticsearch.cluster.metadata] [node_s_0] [test] creating index, cause [api], templates [random_index_template], shards [1]/[0], mappings []
[2016-09-18T12:48:23,186][INFO ][org.elasticsearch.cluster.routing.allocation] [node_s_0] Cluster health status changed from [YELLOW] to [GREEN] (reason: [shards started [[test][0]] ...]).
[2016-09-18T12:48:23,198][INFO ][org.elasticsearch.index.mapper] [node_s_0] [test] --> Updating mapping to {"test_type":{"properties":{"test_field":{"type":"string","fielddata":{"format":"pagedbytes","loading":"eager_global_ordinals"}}}}}
[2016-09-18T12:48:23,200][INFO ][org.elasticsearch.cluster.metadata] [node_s_0] [test/Aljk7TL1Qjq7JUOT7g7wrg] create_mapping [test_type]
[2016-09-18T12:48:23,215][INFO ][org.elasticsearch.index.mapper] [node_s_0] [test] --> Updating mapping to {"test_type":{"properties":{"test_field":{"type":"text","fielddata":true,"eager_global_ordinals":true}}}}
[2016-09-18T12:48:23,234][INFO ][org.elasticsearch.index.mapper] [node_s_0] [test] [LegacyStringMappingTests#testMergeTextIntoStringWithEagerGlobalOrdinals]: cleaning up after test
[2016-09-18T12:48:23,274][INFO ][org.elasticsearch.cluster.metadata] [node_s_0] [test] creating index, cause [api], templates [random_index_template], shards [1]/[0], mappings []
[2016-09-18T12:48:23,322][INFO ][org.elasticsearch.cluster.routing.allocation] [node_s_0] Cluster health status changed from [YELLOW] to [GREEN] (reason: [shards started [[test][0]] ...]).
[2016-09-18T12:48:23,335][INFO ][org.elasticsearch.index.mapper] [node_s_0] [test] --> Updating mapping to {"test_type":{"properties":{"test_field":{"type":"string","analyzer":"standard","search_analyzer":"whitespace","search_quote_analyzer":"keyword"}}}}
[2016-09-18T12:48:23,341][INFO ][org.elasticsearch.cluster.metadata] [node_s_0] [test/Tp7rHSdNTi25_O85tabV0w] create_mapping [test_type]
[2016-09-18T12:48:23,354][INFO ][org.elasticsearch.index.mapper] [node_s_0] [test] --> Updating mapping to {"test_type":{"properties":{"test_field":{"type":"text","analyzer":"standard","search_analyzer":"whitespace","search_quote_analyzer":"keyword","fielddata":true}}}}
[2016-09-18T12:48:23,455][INFO ][org.elasticsearch.index.mapper] [node_s_0] [test] [LegacyStringMappingTests#testMergeTextIntoStringWithSearchQuoteAnayzer]: cleaning up after test
[2016-09-18T12:48:23,495][INFO ][org.elasticsearch.cluster.metadata] [node_s_0] [test] creating index, cause [api], templates [random_index_template], shards [1]/[0], mappings []
[2016-09-18T12:48:23,548][INFO ][org.elasticsearch.cluster.routing.allocation] [node_s_0] Cluster health status changed from [YELLOW] to [GREEN] (reason: [shards started [[test][0]] ...]).
[2016-09-18T12:48:23,561][INFO ][org.elasticsearch.index.mapper] [node_s_0] [test] [LegacyStringMappingTests#testFielddataLoading]: cleaning up after test
[2016-09-18T12:48:23,612][INFO ][org.elasticsearch.cluster.metadata] [node_s_0] [test] creating index, cause [api], templates [random_index_template], shards [1]/[0], mappings []
[2016-09-18T12:48:23,665][INFO ][org.elasticsearch.cluster.routing.allocation] [node_s_0] Cluster health status changed from [YELLOW] to [GREEN] (reason: [shards started [[test][0]] ...]).
[2016-09-18T12:48:23,677][INFO ][org.elasticsearch.index.mapper] [node_s_0] [test] [LegacyStringMappingTests#testNonAnalyzedFieldPositionIncrement]: cleaning up after test
[2016-09-18T12:48:23,705][INFO ][org.elasticsearch.cluster.metadata] [node_s_0] [test] creating index, cause [api], templates [random_index_template], shards [1]/[0], mappings []
[2016-09-18T12:48:23,748][INFO ][org.elasticsearch.cluster.routing.allocation] [node_s_0] Cluster health status changed from [YELLOW] to [GREEN] (reason: [shards started [[test][0]] ...]).
[2016-09-18T12:48:23,764][INFO ][org.elasticsearch.index.mapper] [node_s_0] [test] [LegacyStringMappingTests#testDefaultsForAnalyzed]: cleaning up after test
[2016-09-18T12:48:23,811][INFO ][org.elasticsearch.cluster.metadata] [node_s_0] [test] creating index, cause [api], templates [random_index_template], shards [1]/[0], mappings []
[2016-09-18T12:48:23,850][INFO ][org.elasticsearch.cluster.routing.allocation] [node_s_0] Cluster health status changed from [YELLOW] to [GREEN] (reason: [shards started [[test][0]] ...]).
[2016-09-18T12:48:23,859][INFO ][org.elasticsearch.index.mapper] [node_s_0] [test] --> Updating mapping to {"test_type":{"properties":{"test_field":{"type":"string","similarity":"BM25"}}}}
[2016-09-18T12:48:23,861][INFO ][org.elasticsearch.cluster.metadata] [node_s_0] [test/m5nDOIr4QkChrytXupU7Gw] create_mapping [test_type]
[2016-09-18T12:48:23,897][INFO ][org.elasticsearch.index.mapper] [node_s_0] [test] --> Updating mapping to {"test_type":{"properties":{"test_field":{"type":"text","similarity":"BM25","fielddata":true}}}}
[2016-09-18T12:48:23,909][INFO ][org.elasticsearch.index.mapper] [node_s_0] [test] [LegacyStringMappingTests#testMergeStringIntoStringWithSimilarity]: cleaning up after test
[2016-09-18T12:48:23,936][INFO ][org.elasticsearch.cluster.metadata] [node_s_0] [test] creating index, cause [api], templates [random_index_template], shards [1]/[0], mappings []
[2016-09-18T12:48:23,973][INFO ][org.elasticsearch.cluster.routing.allocation] [node_s_0] Cluster health status changed from [YELLOW] to [GREEN] (reason: [shards started [[test][0]] ...]).
[2016-09-18T12:48:23,982][INFO ][org.elasticsearch.index.mapper] [node_s_0] [test] --> Updating mapping to {"test_type":{"properties":{"test_field":{"type":"string","index":"not_analyzed","store":true}}}}
[2016-09-18T12:48:23,984][INFO ][org.elasticsearch.cluster.metadata] [node_s_0] [test/3nQgt7aiQ9CWBQq8SNjHiw] create_mapping [test_type]
[2016-09-18T12:48:23,995][INFO ][org.elasticsearch.index.mapper] [node_s_0] [test] --> Updating mapping to {"test_type":{"properties":{"test_field":{"type":"keyword","store":true}}}}
[2016-09-18T12:48:24,007][INFO ][org.elasticsearch.index.mapper] [node_s_0] [test] [LegacyStringMappingTests#testMergeKeywordIntoStringWithStore]: cleaning up after test
[2016-09-18T12:48:24,040][INFO ][org.elasticsearch.cluster.metadata] [node_s_0] [test] creating index, cause [api], templates [random_index_template], shards [1]/[0], mappings []
[2016-09-18T12:48:24,086][INFO ][org.elasticsearch.cluster.routing.allocation] [node_s_0] Cluster health status changed from [YELLOW] to [GREEN] (reason: [shards started [[test][0]] ...]).
[2016-09-18T12:48:24,095][INFO ][org.elasticsearch.index.mapper] [node_s_0] [test] --> Updating mapping to {"test_type":{"properties":{"test_field":{"type":"string","index":"not_analyzed","index_options":"freqs"}}}}
[2016-09-18T12:48:24,097][INFO ][org.elasticsearch.cluster.metadata] [node_s_0] [test/6pdxEA-GTMGLAOXmItwU8Q] create_mapping [test_type]
[2016-09-18T12:48:24,109][INFO ][org.elasticsearch.index.mapper] [node_s_0] [test] --> Updating mapping to {"test_type":{"properties":{"test_field":{"type":"keyword","index_options":"freqs"}}}}
[2016-09-18T12:48:24,124][INFO ][org.elasticsearch.index.mapper] [node_s_0] [test] [LegacyStringMappingTests#testMergeKeywordIntoStringWithIndexOptions]: cleaning up after test
[2016-09-18T12:48:24,149][INFO ][org.elasticsearch.cluster.metadata] [node_s_0] [test] creating index, cause [api], templates [random_index_template], shards [1]/[0], mappings []
[2016-09-18T12:48:24,184][INFO ][org.elasticsearch.cluster.routing.allocation] [node_s_0] Cluster health status changed from [YELLOW] to [GREEN] (reason: [shards started [[test][0]] ...]).
[2016-09-18T12:48:24,193][INFO ][org.elasticsearch.index.mapper] [node_s_0] [test] --> Updating mapping to {"test_type":{"properties":{"test_field":{"type":"string","index":"not_analyzed","similarity":"BM25"}}}}
[2016-09-18T12:48:24,195][INFO ][org.elasticsearch.cluster.metadata] [node_s_0] [test/FkoKWP_HTeuyq4clxd5qrQ] create_mapping [test_type]
[2016-09-18T12:48:24,204][INFO ][org.elasticsearch.index.mapper] [node_s_0] [test] --> Updating mapping to {"test_type":{"properties":{"test_field":{"type":"keyword","similarity":"BM25"}}}}
[2016-09-18T12:48:24,215][INFO ][org.elasticsearch.index.mapper] [node_s_0] [test] [LegacyStringMappingTests#testMergeKeywordIntoStringWithSimilarity]: cleaning up after test
[2016-09-18T12:48:24,244][INFO ][org.elasticsearch.cluster.metadata] [node_s_0] [test] creating index, cause [api], templates [random_index_template], shards [1]/[0], mappings []
[2016-09-18T12:48:24,280][INFO ][org.elasticsearch.cluster.routing.allocation] [node_s_0] Cluster health status changed from [YELLOW] to [GREEN] (reason: [shards started [[test][0]] ...]).
[2016-09-18T12:48:24,294][INFO ][org.elasticsearch.index.mapper] [node_s_0] [test] --> Updating mapping to {"test_type":{"properties":{"test_field":{"type":"string","index_options":"offsets"}}}}
[2016-09-18T12:48:24,296][INFO ][org.elasticsearch.cluster.metadata] [node_s_0] [test/UFg-C0pKSlSI4t82L87d3w] create_mapping [test_type]
[2016-09-18T12:48:24,309][INFO ][org.elasticsearch.index.mapper] [node_s_0] [test] --> Updating mapping to {"test_type":{"properties":{"test_field":{"type":"text","index_options":"offsets","fielddata":true}}}}
[2016-09-18T12:48:24,360][INFO ][org.elasticsearch.index.mapper] [node_s_0] [test] [LegacyStringMappingTests#testMergeTextIntoStringWithIndexOptions]: cleaning up after test
[2016-09-18T12:48:24,396][INFO ][org.elasticsearch.cluster.metadata] [node_s_0] [test] creating index, cause [api], templates [random_index_template], shards [1]/[0], mappings []
[2016-09-18T12:48:24,449][INFO ][org.elasticsearch.cluster.routing.allocation] [node_s_0] Cluster health status changed from [YELLOW] to [GREEN] (reason: [shards started [[test][0]] ...]).
[2016-09-18T12:48:24,461][INFO ][org.elasticsearch.index.mapper] [node_s_0] [test] --> Updating mapping to {"test_type":{"properties":{"test_field":{"type":"string"}}}}
[2016-09-18T12:48:24,462][INFO ][org.elasticsearch.cluster.metadata] [node_s_0] [test/p_FsYgb-QjS4vmeMnfGcOg] create_mapping [test_type]
[2016-09-18T12:48:24,487][INFO ][org.elasticsearch.index.mapper] [node_s_0] [test] --> Updating mapping to {"test_type":{"properties":{"test_field":{"type":"text","fielddata":true}}}}
[2016-09-18T12:48:24,498][INFO ][org.elasticsearch.index.mapper] [node_s_0] [test] [LegacyStringMappingTests#testMergeTextIntoString]: cleaning up after test
[2016-09-18T12:48:24,522][INFO ][org.elasticsearch.node   ] [node_s_0] stopping ...
[2016-09-18T12:48:24,523][INFO ][org.elasticsearch.node   ] [node_s_0] stopped
[2016-09-18T12:48:24,523][INFO ][org.elasticsearch.node   ] [node_s_0] closing ...
[2016-09-18T12:48:24,524][INFO ][org.elasticsearch.node   ] [node_s_0] closed
]]></system-out>
   <system-err><![CDATA[]]></system-err>
</testsuite>