<testsuite errors="0" failures="0" tests="10" skipped="0" name="org.elasticsearch.discovery.zen.publish.PublishClusterStateActionTests" hostname="nohost.nodomain" time="3.487" timestamp="2016-09-15T12:37:23">
   <properties class="java.util.ArrayList">
      <property name="awt.toolkit" value="sun.awt.windows.WToolkit"/>
      <property name="file.encoding" value="Cp1252"/>
      <property name="file.encoding.pkg" value="sun.io"/>
      <property name="file.separator" value="\"/>
      <property name="java.awt.graphicsenv" value="sun.awt.Win32GraphicsEnvironment"/>
      <property name="java.awt.headless" value="true"/>
      <property name="java.awt.printerjob" value="sun.awt.windows.WPrinterJob"/>
      <property name="java.class.path" value="C:\projects\team3\core\build\classes\test;C:\projects\team3\core\build\resources\test;C:\projects\team3\core\build\classes\main;C:\projects\team3\core\build\resources\main;C:\Users\domin\.gradle\caches\modules-2\files-2.1\org.apache.lucene\lucene-core\6.2.0\849ee62525a294416802be2cacc66c80352f6f13\lucene-core-6.2.0.jar;C:\Users\domin\.gradle\caches\modules-2\files-2.1\org.apache.lucene\lucene-analyzers-common\6.2.0\d254d52dd394b5079129f3d5f3bf4f2d44a5936e\lucene-analyzers-common-6.2.0.jar;C:\Users\domin\.gradle\caches\modules-2\files-2.1\org.apache.lucene\lucene-backward-codecs\6.2.0\b625bb21456b3c0d1e5e431bced125cb060c1abd\lucene-backward-codecs-6.2.0.jar;C:\Users\domin\.gradle\caches\modules-2\files-2.1\org.apache.lucene\lucene-grouping\6.2.0\9527fedfd5acc624b2bb3f862bd99fb8f470b053\lucene-grouping-6.2.0.jar;C:\Users\domin\.gradle\caches\modules-2\files-2.1\org.apache.lucene\lucene-highlighter\6.2.0\7ca342372a3f45e32bbd21cecaa757e38eccb8a5\lucene-highlighter-6.2.0.jar;C:\Users\domin\.gradle\caches\modules-2\files-2.1\org.apache.lucene\lucene-join\6.2.0\da0b8de98511abd4fe9c7d48a353d17854c5ed46\lucene-join-6.2.0.jar;C:\Users\domin\.gradle\caches\modules-2\files-2.1\org.apache.lucene\lucene-memory\6.2.0\bc9e075b1ee051c8e5246c237c38d8e71dab8a66\lucene-memory-6.2.0.jar;C:\Users\domin\.gradle\caches\modules-2\files-2.1\org.apache.lucene\lucene-misc\6.2.0\94ddde6312566a4da4a50a88e453b6c82c759b41\lucene-misc-6.2.0.jar;C:\Users\domin\.gradle\caches\modules-2\files-2.1\org.apache.lucene\lucene-queries\6.2.0\dce47238f78e3e97d91dc6fefa9f46f07866bc2b\lucene-queries-6.2.0.jar;C:\Users\domin\.gradle\caches\modules-2\files-2.1\org.apache.lucene\lucene-queryparser\6.2.0\17ef728ac15e668bfa1105321611548424637645\lucene-queryparser-6.2.0.jar;C:\Users\domin\.gradle\caches\modules-2\files-2.1\org.apache.lucene\lucene-sandbox\6.2.0\520183f7b9aba77a26e224760c420a3844b0631a\lucene-sandbox-6.2.0.jar;C:\Users\domin\.gradle\caches\modules-2\files-2.1\org.apache.lucene\lucene-spatial\6.2.0\8dba929b66927b936fbc76103b109ad6c824daee\lucene-spatial-6.2.0.jar;C:\Users\domin\.gradle\caches\modules-2\files-2.1\org.apache.lucene\lucene-spatial-extras\6.2.0\3b5a6ef5cd90c0218a72e9e2f7e60104be2447da\lucene-spatial-extras-6.2.0.jar;C:\Users\domin\.gradle\caches\modules-2\files-2.1\org.apache.lucene\lucene-spatial3d\6.2.0\fcdb0567725722c5145149d1502848b6a96ec18d\lucene-spatial3d-6.2.0.jar;C:\Users\domin\.gradle\caches\modules-2\files-2.1\org.apache.lucene\lucene-suggest\6.2.0\3d9d526c51f483d27f425c75d7e56bc0849242d6\lucene-suggest-6.2.0.jar;C:\Users\domin\.gradle\caches\modules-2\files-2.1\org.elasticsearch\securesm\1.1\1e423447d020041534be94c0f31a49fbdc1f2950\securesm-1.1.jar;C:\Users\domin\.gradle\caches\modules-2\files-2.1\net.sf.jopt-simple\jopt-simple\5.0.2\98cafc6081d5632b61be2c9e60650b64ddbc637c\jopt-simple-5.0.2.jar;C:\Users\domin\.gradle\caches\modules-2\files-2.1\com.carrotsearch\hppc\0.7.1\8b5057f74ea378c0150a1860874a3ebdcb713767\hppc-0.7.1.jar;C:\Users\domin\.gradle\caches\modules-2\files-2.1\joda-time\joda-time\2.9.4\1c295b462f16702ebe720bbb08f62e1ba80da41b\joda-time-2.9.4.jar;C:\Users\domin\.gradle\caches\modules-2\files-2.1\org.joda\joda-convert\1.2\35ec554f0cd00c956cc69051514d9488b1374dec\joda-convert-1.2.jar;C:\Users\domin\.gradle\caches\modules-2\files-2.1\org.yaml\snakeyaml\1.15\3b132bea69e8ee099f416044970997bde80f4ea6\snakeyaml-1.15.jar;C:\Users\domin\.gradle\caches\modules-2\files-2.1\com.fasterxml.jackson.core\jackson-core\2.8.1\fd13b1c033741d48291315c6370f7d475a42dccf\jackson-core-2.8.1.jar;C:\Users\domin\.gradle\caches\modules-2\files-2.1\com.fasterxml.jackson.dataformat\jackson-dataformat-smile\2.8.1\5b73867bc12224946fc67fc8d49d9f5e698d7f\jackson-dataformat-smile-2.8.1.jar;C:\Users\domin\.gradle\caches\modules-2\files-2.1\com.fasterxml.jackson.dataformat\jackson-dataformat-yaml\2.8.1\eb63166c723b0b4b9fb5298fca232a2f6612ec34\jackson-dataformat-yaml-2.8.1.jar;C:\Users\domin\.gradle\caches\modules-2\files-2.1\com.fasterxml.jackson.dataformat\jackson-dataformat-cbor\2.8.1\3a6fb7e75c9972559a78cf5cfc5a48a41a13ea40\jackson-dataformat-cbor-2.8.1.jar;C:\Users\domin\.gradle\caches\modules-2\files-2.1\com.tdunning\t-digest\3.0\84ccf145ac2215e6bfa63baa3101c0af41017cfc\t-digest-3.0.jar;C:\Users\domin\.gradle\caches\modules-2\files-2.1\org.hdrhistogram\HdrHistogram\2.1.6\7495feb7f71ee124bd2a7e7d83590e296d71d80e\HdrHistogram-2.1.6.jar;C:\Users\domin\.gradle\caches\modules-2\files-2.1\org.locationtech.spatial4j\spatial4j\0.6\21b15310bddcfd8c72611c180f20cf23279809a3\spatial4j-0.6.jar;C:\Users\domin\.gradle\caches\modules-2\files-2.1\com.vividsolutions\jts\1.13\3ccfb9b60f04d71add996a666ceb8902904fd805\jts-1.13.jar;C:\Users\domin\.gradle\caches\modules-2\files-2.1\org.apache.logging.log4j\log4j-api\2.6.2\bd1b74a5d170686362091c7cf596bbc3adf5c09b\log4j-api-2.6.2.jar;C:\Users\domin\.gradle\caches\modules-2\files-2.1\org.apache.logging.log4j\log4j-core\2.6.2\a91369f655eb1639c6aece5c5eb5108db18306\log4j-core-2.6.2.jar;C:\Users\domin\.gradle\caches\modules-2\files-2.1\org.apache.logging.log4j\log4j-1.2-api\2.6.2\3b4c5a8b734b6a29b2f03380535a48da6284b210\log4j-1.2-api-2.6.2.jar;C:\Users\domin\.gradle\caches\modules-2\files-2.1\net.java.dev.jna\jna\4.2.2\5012450aee579c3118ff09461d5ce210e0cdc2a9\jna-4.2.2.jar;C:\projects\team3\test\framework\build\distributions\framework-5.0.0-alpha6-SNAPSHOT.jar;C:\Users\domin\.gradle\caches\modules-2\files-2.1\com.carrotsearch.randomizedtesting\randomizedtesting-runner\2.3.2\307965917fe8a22b7ee72deba39ef4b8e6ebc069\randomizedtesting-runner-2.3.2.jar;C:\Users\domin\.gradle\caches\modules-2\files-2.1\junit\junit\4.11\4e031bb61df09069aeb2bffb4019e7a5034a4ee0\junit-4.11.jar;C:\Users\domin\.gradle\caches\modules-2\files-2.1\org.hamcrest\hamcrest-all\1.3\63a21ebc981131004ad02e0434e799fd7f3a8d5a\hamcrest-all-1.3.jar;C:\Users\domin\.gradle\caches\modules-2\files-2.1\org.apache.lucene\lucene-test-framework\6.2.0\f5026be3983acfb40d4092dbfbc015ec6e6addab\lucene-test-framework-6.2.0.jar;C:\Users\domin\.gradle\caches\modules-2\files-2.1\org.apache.lucene\lucene-codecs\6.2.0\99f887266b0ad9f2c286b3976c5bc48c8cd36624\lucene-codecs-6.2.0.jar;C:\projects\team3\client\rest\build\distributions\rest-5.0.0-alpha6-SNAPSHOT.jar;C:\Users\domin\.gradle\caches\modules-2\files-2.1\org.apache.httpcomponents\httpclient\4.5.2\733db77aa8d9b2d68015189df76ab06304406e50\httpclient-4.5.2.jar;C:\Users\domin\.gradle\caches\modules-2\files-2.1\org.apache.httpcomponents\httpcore\4.4.5\e7501a1b34325abb00d17dde96150604a0658b54\httpcore-4.4.5.jar;C:\Users\domin\.gradle\caches\modules-2\files-2.1\commons-logging\commons-logging\1.1.3\f6f66e966c70a83ffbdb6f17a0919eaf7c8aca7f\commons-logging-1.1.3.jar;C:\Users\domin\.gradle\caches\modules-2\files-2.1\commons-codec\commons-codec\1.10\4b95f4897fa13f2cd904aee711aeafc0c5295cd8\commons-codec-1.10.jar;C:\Users\domin\.gradle\caches\modules-2\files-2.1\org.elasticsearch\securemock\1.2\98201d4ad5ac93f6b415ae9172d52b5e7cda490e\securemock-1.2.jar;C:\Users\domin\.gradle\caches\modules-2\files-2.1\org.apache.httpcomponents\httpasyncclient\4.1.2\95aa3e6fb520191a0970a73cf09f62948ee614be\httpasyncclient-4.1.2.jar;C:\Users\domin\.gradle\caches\modules-2\files-2.1\org.apache.httpcomponents\httpcore-nio\4.4.5\f4be009e7505f6ceddf21e7960c759f413f15056\httpcore-nio-4.4.5.jar;C:\Users\domin\.gradle\caches\modules-2\files-2.1\com.carrotsearch.randomizedtesting\junit4-ant\2.3.2\dc8f03f6111974092491f35b8269eb0fc57f52f7\junit4-ant-2.3.2.jar"/>
      <property name="java.class.version" value="52.0"/>
      <property name="java.endorsed.dirs" value="C:\Program Files\Java\jdk1.8.0_65\jre\lib\endorsed"/>
      <property name="java.ext.dirs" value="C:\Program Files\Java\jdk1.8.0_65\jre\lib\ext;C:\WINDOWS\Sun\Java\lib\ext"/>
      <property name="java.home" value="C:\Program Files\Java\jdk1.8.0_65\jre"/>
      <property name="java.io.tmpdir" value="./temp"/>
      <property name="java.library.path" value="C:\Program Files\Java\jdk1.8.0_65\bin;C:\WINDOWS\Sun\Java\bin;C:\WINDOWS\system32;C:\WINDOWS;C:\Ruby22-x64\bin;C:\Imagick;C:\ProgramData\Oracle\Java\javapath;C:\Program Files (x86)\Intel\iCLS Client\;C:\Program Files\Intel\iCLS Client\;C:\Windows\system32;C:\Windows;C:\Windows\System32\Wbem;C:\Windows\System32\WindowsPowerShell\v1.0\;C:\Program Files (x86)\Intel\Intel(R) Management Engine Components\DAL;C:\Program Files\Intel\Intel(R) Management Engine Components\DAL;C:\Program Files (x86)\Intel\Intel(R) Management Engine Components\IPT;C:\Program Files\Intel\Intel(R) Management Engine Components\IPT;C:\Program Files (x86)\NVIDIA Corporation\PhysX\Common;C:\Program Files (x86)\Skype\Phone\;C:\xampp\php;C:\ProgramData\ComposerSetup\bin;C:\Program Files\Git\cmd;C:\Program Files\OpenVPN\bin;C:\Program Files\nodejs\;C:\WINDOWS\system32;C:\WINDOWS;C:\WINDOWS\System32\Wbem;C:\WINDOWS\System32\WindowsPowerShell\v1.0\;C:\Program Files\cURL\bin;C:\Program Files\gradle\2.13\bin;C:\Program Files\CMake\bin;C:\Program Files\flex_bison;C:\Program Files\doxygen\bin;C:\SonarQube\SonarQubeScanner\bin;C:\Users\domin\AppData\Local\Programs\Python\Python35-32\Scripts\;C:\Users\domin\AppData\Local\Programs\Python\Python35-32\;C:\Users\domin\AppData\Roaming\npm;C:\Users\domin\AppData\Local\Microsoft\WindowsApps;;."/>
      <property name="java.runtime.name" value="Java(TM) SE Runtime Environment"/>
      <property name="java.runtime.version" value="1.8.0_65-b17"/>
      <property name="java.specification.name" value="Java Platform API Specification"/>
      <property name="java.specification.vendor" value="Oracle Corporation"/>
      <property name="java.specification.version" value="1.8"/>
      <property name="java.vendor" value="Oracle Corporation"/>
      <property name="java.vendor.url" value="http://java.oracle.com/"/>
      <property name="java.vendor.url.bug" value="http://bugreport.sun.com/bugreport/"/>
      <property name="java.version" value="1.8.0_65"/>
      <property name="java.vm.info" value="mixed mode"/>
      <property name="java.vm.name" value="Java HotSpot(TM) 64-Bit Server VM"/>
      <property name="java.vm.specification.name" value="Java Virtual Machine Specification"/>
      <property name="java.vm.specification.vendor" value="Oracle Corporation"/>
      <property name="java.vm.specification.version" value="1.8"/>
      <property name="java.vm.vendor" value="Oracle Corporation"/>
      <property name="java.vm.version" value="25.65-b01"/>
      <property name="jna.nosys" value="true"/>
      <property name="junit4.childvm.count" value="3"/>
      <property name="junit4.childvm.cwd" value="C:\projects\team3\core\build\testrun\test\J0"/>
      <property name="junit4.childvm.id" value="0"/>
      <property name="junit4.memory.total" value="514850816"/>
      <property name="junit4.pidString" value="15428@LAPTOP-LKSM26S6"/>
      <property name="junit4.processors" value="4"/>
      <property name="line.separator" value="
"/>
      <property name="os.arch" value="amd64"/>
      <property name="os.name" value="Windows 10"/>
      <property name="os.version" value="10.0"/>
      <property name="path.separator" value=";"/>
      <property name="sun.arch.data.model" value="64"/>
      <property name="sun.boot.class.path" value="C:\Program Files\Java\jdk1.8.0_65\jre\lib\resources.jar;C:\Program Files\Java\jdk1.8.0_65\jre\lib\rt.jar;C:\Program Files\Java\jdk1.8.0_65\jre\lib\sunrsasign.jar;C:\Program Files\Java\jdk1.8.0_65\jre\lib\jsse.jar;C:\Program Files\Java\jdk1.8.0_65\jre\lib\jce.jar;C:\Program Files\Java\jdk1.8.0_65\jre\lib\charsets.jar;C:\Program Files\Java\jdk1.8.0_65\jre\lib\jfr.jar;C:\Program Files\Java\jdk1.8.0_65\jre\classes"/>
      <property name="sun.boot.library.path" value="C:\Program Files\Java\jdk1.8.0_65\jre\bin"/>
      <property name="sun.cpu.endian" value="little"/>
      <property name="sun.cpu.isalist" value="amd64"/>
      <property name="sun.desktop" value="windows"/>
      <property name="sun.io.unicode.encoding" value="UnicodeLittle"/>
      <property name="sun.java.command" value="com.carrotsearch.ant.tasks.junit4.slave.SlaveMainSafe -eventsfile C:\projects\team3\core\build\testrun\test\temp\junit4-J0-20160915_123537_460.events @C:\projects\team3\core\build\testrun\test\temp\junit4-J0-20160915_123537_460.suites -stdin"/>
      <property name="sun.java.launcher" value="SUN_STANDARD"/>
      <property name="sun.jnu.encoding" value="Cp1252"/>
      <property name="sun.management.compiler" value="HotSpot 64-Bit Tiered Compilers"/>
      <property name="sun.os.patch.level" value=""/>
      <property name="tests.artifact" value="core"/>
      <property name="tests.gradle" value="true"/>
      <property name="tests.ifNoTests" value="fail"/>
      <property name="tests.logger.level" value="WARN"/>
      <property name="tests.prefix" value="tests"/>
      <property name="tests.security.manager" value="true"/>
      <property name="tests.seed" value="9CF13790D965C5A7"/>
      <property name="tests.task" value=":core:test"/>
      <property name="user.country" value="AT"/>
      <property name="user.dir" value="C:\projects\team3\core\build\testrun\test\J0"/>
      <property name="user.home" value="C:\Users\domin"/>
      <property name="user.language" value="de"/>
      <property name="user.name" value="domin"/>
      <property name="user.script" value=""/>
      <property name="user.timezone" value=""/>
      <property name="user.variant" value=""/>
   </properties>
   <testcase classname="org.elasticsearch.discovery.zen.publish.PublishClusterStateActionTests" name="testIncomingClusterStateValidation" time="0.435"/>
   <testcase classname="org.elasticsearch.discovery.zen.publish.PublishClusterStateActionTests" name="testSimultaneousClusterStatePublishing" time="1.761"/>
   <testcase classname="org.elasticsearch.discovery.zen.publish.PublishClusterStateActionTests" name="testSimpleClusterStatePublishing" time="0.679"/>
   <testcase classname="org.elasticsearch.discovery.zen.publish.PublishClusterStateActionTests" name="testOutOfOrderCommitMessages" time="0.102"/>
   <testcase classname="org.elasticsearch.discovery.zen.publish.PublishClusterStateActionTests" name="testDisablingDiffPublishing" time="0.14"/>
   <testcase classname="org.elasticsearch.discovery.zen.publish.PublishClusterStateActionTests" name="testSerializationFailureDuringDiffPublishing" time="0.069"/>
   <testcase classname="org.elasticsearch.discovery.zen.publish.PublishClusterStateActionTests" name="testUnexpectedDiffPublishing" time="0.034"/>
   <testcase classname="org.elasticsearch.discovery.zen.publish.PublishClusterStateActionTests" name="testTimeoutOrCommit" time="0.068"/>
   <testcase classname="org.elasticsearch.discovery.zen.publish.PublishClusterStateActionTests" name="testPublishingWithSendingErrors" time="0.127"/>
   <testcase classname="org.elasticsearch.discovery.zen.publish.PublishClusterStateActionTests" name="testFailToPublishWithLessThanMinMasterNodes" time="0.036"/>
   <system-out><![CDATA[[2016-09-15T19:37:23,190][INFO ][org.elasticsearch.test.transport] publish_address {local[7]}, bound_addresses {local[7]}
[2016-09-15T19:37:23,544][INFO ][org.elasticsearch.discovery.zen.publish] --> testing acceptances of any master when having no master
[2016-09-15T19:37:23,544][INFO ][org.elasticsearch.discovery.zen.publish] --> testing rejection of another master
[2016-09-15T19:37:23,545][WARN ][org.elasticsearch.discovery.zen.publish] received a cluster state from a different master than the current one, rejecting (received null, current null)
[2016-09-15T19:37:23,545][INFO ][org.elasticsearch.discovery.zen.publish] --> test state from the current master is accepted
[2016-09-15T19:37:23,545][INFO ][org.elasticsearch.discovery.zen.publish] --> testing rejection of another cluster name
[2016-09-15T19:37:23,545][WARN ][org.elasticsearch.discovery.zen.publish] received cluster state from [null] which is also master but with a different cluster name [Cluster [ryQezZcVeO]]
[2016-09-15T19:37:23,546][INFO ][org.elasticsearch.discovery.zen.publish] --> testing rejection of a cluster state with wrong local node
[2016-09-15T19:37:23,547][WARN ][org.elasticsearch.discovery.zen.publish] received a cluster state from [null] and not part of the cluster, should not happen
[2016-09-15T19:37:23,552][INFO ][org.elasticsearch.test.transport] publish_address {local[8]}, bound_addresses {local[8]}
[2016-09-15T19:37:23,557][WARN ][org.elasticsearch.discovery.zen.publish] received a cluster state from [null] and not part of the cluster, should not happen
[2016-09-15T19:37:23,557][INFO ][org.elasticsearch.discovery.zen.publish] --> testing acceptance of an old cluster state
[2016-09-15T19:37:23,558][DEBUG][org.elasticsearch.discovery.zen.publish] received a cluster state that is not newer than the current one, ignoring (received 0, current 1)
[2016-09-15T19:37:23,558][WARN ][org.elasticsearch.discovery.zen.publish] rejecting cluster state version [0] uuid [qXDM0Jg3RpuSErRB2UjiBQ] received from [master]
[2016-09-15T19:37:23,617][INFO ][org.elasticsearch.test.transport] publish_address {local[9]}, bound_addresses {local[9]}
[2016-09-15T19:37:23,632][INFO ][org.elasticsearch.test.transport] publish_address {local[10]}, bound_addresses {local[10]}
[2016-09-15T19:37:23,640][INFO ][org.elasticsearch.test.transport] publish_address {local[11]}, bound_addresses {local[11]}
[2016-09-15T19:37:23,650][INFO ][org.elasticsearch.test.transport] publish_address {local[12]}, bound_addresses {local[12]}
[2016-09-15T19:37:23,667][INFO ][org.elasticsearch.test.transport] publish_address {local[13]}, bound_addresses {local[13]}
[2016-09-15T19:37:23,673][INFO ][org.elasticsearch.test.transport] publish_address {local[14]}, bound_addresses {local[14]}
[2016-09-15T19:37:23,688][INFO ][org.elasticsearch.test.transport] publish_address {local[15]}, bound_addresses {local[15]}
[2016-09-15T19:37:23,694][INFO ][org.elasticsearch.test.transport] publish_address {local[16]}, bound_addresses {local[16]}
[2016-09-15T19:37:23,698][INFO ][org.elasticsearch.test.transport] publish_address {local[17]}, bound_addresses {local[17]}
[2016-09-15T19:37:23,910][DEBUG][org.elasticsearch.discovery.zen.publish] received full cluster state version [1] with size [577]
[2016-09-15T19:37:23,913][DEBUG][org.elasticsearch.discovery.zen.publish] received full cluster state version [1] with size [577]
[2016-09-15T19:37:23,914][DEBUG][org.elasticsearch.discovery.zen.publish] received full cluster state version [1] with size [577]
[2016-09-15T19:37:23,916][DEBUG][org.elasticsearch.discovery.zen.publish] received full cluster state version [1] with size [577]
[2016-09-15T19:37:23,916][DEBUG][org.elasticsearch.discovery.zen.publish] received full cluster state version [1] with size [577]
[2016-09-15T19:37:23,918][DEBUG][org.elasticsearch.discovery.zen.publish] received full cluster state version [1] with size [577]
[2016-09-15T19:37:23,921][DEBUG][org.elasticsearch.discovery.zen.publish] received full cluster state version [1] with size [577]
[2016-09-15T19:37:23,922][DEBUG][org.elasticsearch.discovery.zen.publish] received full cluster state version [1] with size [577]
[2016-09-15T19:37:23,953][TRACE][org.elasticsearch.discovery.zen.publish] master node {KCsoSF8GQfKClQNAm4gtaw}{HGIotp-0S46LdPFMbgoW1Q}{local}{local[13]} acked cluster state version [1]. processing ... (current pending [8], needed [7])
[2016-09-15T19:37:23,954][TRACE][org.elasticsearch.discovery.zen.publish] master node {Y-oSYvTNRXiC5QtW3z7kSw}{Rcer7-VQTkKD7E7Xr61AEg}{local}{local[11]} acked cluster state version [1]. processing ... (current pending [7], needed [6])
[2016-09-15T19:37:23,954][TRACE][org.elasticsearch.discovery.zen.publish] master node {_jivl7eASUG1YA2TZ9Vyqw}{rHalgRoCT8qh58jEuWMkCg}{local}{local[14]} acked cluster state version [1]. processing ... (current pending [6], needed [5])
[2016-09-15T19:37:23,957][TRACE][org.elasticsearch.discovery.zen.publish] master node {YEkCTbHrQ4ybBtx-CqBF9Q}{jEh7_NmeTiufnLusLtaPjA}{local}{local[15]} acked cluster state version [1]. processing ... (current pending [5], needed [4])
[2016-09-15T19:37:23,957][TRACE][org.elasticsearch.discovery.zen.publish] master node {X8iM8k8YRYCbEzPsOgnD1w}{yGRyW5pfSByosoir2xBVrA}{local}{local[10]} acked cluster state version [1]. processing ... (current pending [4], needed [3])
[2016-09-15T19:37:23,964][TRACE][org.elasticsearch.discovery.zen.publish] master node {0m3SZSuOSh-_mmK_VsBtTA}{IKKf0L5nTIOk-yHoNvVzdQ}{local}{local[17]} acked cluster state version [1]. processing ... (current pending [3], needed [2])
[2016-09-15T19:37:23,965][TRACE][org.elasticsearch.discovery.zen.publish] master node {dyVgKvKgRdKIH5ml0qe37Q}{YpAAUuzuR1GzE6mnr2c2Pw}{local}{local[16]} acked cluster state version [1]. processing ... (current pending [2], needed [1])
[2016-09-15T19:37:23,966][TRACE][org.elasticsearch.discovery.zen.publish] committing version [1]
[2016-09-15T19:37:23,966][TRACE][org.elasticsearch.discovery.zen.publish] sending commit for cluster state (uuid: [acPPXORFR-yG-HDiuOdi_g], version [1]) to [{KCsoSF8GQfKClQNAm4gtaw}{HGIotp-0S46LdPFMbgoW1Q}{local}{local[13]}]
[2016-09-15T19:37:24,014][TRACE][org.elasticsearch.discovery.zen.publish] sending commit for cluster state (uuid: [acPPXORFR-yG-HDiuOdi_g], version [1]) to [{Y-oSYvTNRXiC5QtW3z7kSw}{Rcer7-VQTkKD7E7Xr61AEg}{local}{local[11]}]
[2016-09-15T19:37:24,017][TRACE][org.elasticsearch.discovery.zen.publish] sending commit for cluster state (uuid: [acPPXORFR-yG-HDiuOdi_g], version [1]) to [{_jivl7eASUG1YA2TZ9Vyqw}{rHalgRoCT8qh58jEuWMkCg}{local}{local[14]}]
[2016-09-15T19:37:24,018][TRACE][org.elasticsearch.discovery.zen.publish] sending commit for cluster state (uuid: [acPPXORFR-yG-HDiuOdi_g], version [1]) to [{YEkCTbHrQ4ybBtx-CqBF9Q}{jEh7_NmeTiufnLusLtaPjA}{local}{local[15]}]
[2016-09-15T19:37:24,018][TRACE][org.elasticsearch.discovery.zen.publish] sending commit for cluster state (uuid: [acPPXORFR-yG-HDiuOdi_g], version [1]) to [{X8iM8k8YRYCbEzPsOgnD1w}{yGRyW5pfSByosoir2xBVrA}{local}{local[10]}]
[2016-09-15T19:37:24,019][TRACE][org.elasticsearch.discovery.zen.publish] sending commit for cluster state (uuid: [acPPXORFR-yG-HDiuOdi_g], version [1]) to [{0m3SZSuOSh-_mmK_VsBtTA}{IKKf0L5nTIOk-yHoNvVzdQ}{local}{local[17]}]
[2016-09-15T19:37:24,019][TRACE][org.elasticsearch.discovery.zen.publish] sending commit for cluster state (uuid: [acPPXORFR-yG-HDiuOdi_g], version [1]) to [{dyVgKvKgRdKIH5ml0qe37Q}{YpAAUuzuR1GzE6mnr2c2Pw}{local}{local[16]}]
[2016-09-15T19:37:24,019][TRACE][org.elasticsearch.discovery.zen.publish] sending commit for cluster state (uuid: [acPPXORFR-yG-HDiuOdi_g], version [1]) to [{N0AQrviUQ6mb6TQydEw8cw}{yJ6mcuyMQiO_XUJ924t9Qg}{local}{local[12]}]
[2016-09-15T19:37:24,036][DEBUG][org.elasticsearch.discovery.zen.publish] [] received version [1], uuid [acPPXORFR-yG-HDiuOdi_g]
[2016-09-15T19:37:24,036][DEBUG][org.elasticsearch.discovery.zen.publish] [] received version [1], uuid [acPPXORFR-yG-HDiuOdi_g]
[2016-09-15T19:37:24,037][DEBUG][org.elasticsearch.discovery.zen.publish] [] received version [1], uuid [acPPXORFR-yG-HDiuOdi_g]
[2016-09-15T19:37:24,036][DEBUG][org.elasticsearch.discovery.zen.publish] [] received version [1], uuid [acPPXORFR-yG-HDiuOdi_g]
[2016-09-15T19:37:24,037][DEBUG][org.elasticsearch.discovery.zen.publish] [] received version [1], uuid [acPPXORFR-yG-HDiuOdi_g]
[2016-09-15T19:37:24,037][DEBUG][org.elasticsearch.discovery.zen.publish] [] received version [1], uuid [acPPXORFR-yG-HDiuOdi_g]
[2016-09-15T19:37:24,038][DEBUG][org.elasticsearch.discovery.zen.publish] [] received version [1], uuid [acPPXORFR-yG-HDiuOdi_g]
[2016-09-15T19:37:24,038][DEBUG][org.elasticsearch.discovery.zen.publish] [] received version [1], uuid [acPPXORFR-yG-HDiuOdi_g]
[2016-09-15T19:37:24,765][DEBUG][org.elasticsearch.discovery.zen.publish] received diff cluster state version [2] with uuid [M5VrhY-US0meyCf30E2thg], diff size [179]
[2016-09-15T19:37:24,766][DEBUG][org.elasticsearch.discovery.zen.publish] received diff cluster state version [2] with uuid [M5VrhY-US0meyCf30E2thg], diff size [179]
[2016-09-15T19:37:24,775][TRACE][org.elasticsearch.discovery.zen.publish] sending commit for cluster state (uuid: [M5VrhY-US0meyCf30E2thg], version [2]) to [{0m3SZSuOSh-_mmK_VsBtTA}{IKKf0L5nTIOk-yHoNvVzdQ}{local}{local[17]}]
[2016-09-15T19:37:24,776][DEBUG][org.elasticsearch.discovery.zen.publish] received diff cluster state version [2] with uuid [M5VrhY-US0meyCf30E2thg], diff size [179]
[2016-09-15T19:37:24,779][DEBUG][org.elasticsearch.discovery.zen.publish] received diff cluster state version [2] with uuid [M5VrhY-US0meyCf30E2thg], diff size [179]
[2016-09-15T19:37:24,782][TRACE][org.elasticsearch.discovery.zen.publish] sending commit for cluster state (uuid: [M5VrhY-US0meyCf30E2thg], version [2]) to [{Y-oSYvTNRXiC5QtW3z7kSw}{Rcer7-VQTkKD7E7Xr61AEg}{local}{local[11]}]
[2016-09-15T19:37:24,783][DEBUG][org.elasticsearch.discovery.zen.publish] received diff cluster state version [2] with uuid [M5VrhY-US0meyCf30E2thg], diff size [179]
[2016-09-15T19:37:24,786][TRACE][org.elasticsearch.discovery.zen.publish] sending commit for cluster state (uuid: [M5VrhY-US0meyCf30E2thg], version [2]) to [{YEkCTbHrQ4ybBtx-CqBF9Q}{jEh7_NmeTiufnLusLtaPjA}{local}{local[15]}]
[2016-09-15T19:37:24,793][DEBUG][org.elasticsearch.discovery.zen.publish] received diff cluster state version [2] with uuid [M5VrhY-US0meyCf30E2thg], diff size [179]
[2016-09-15T19:37:24,794][TRACE][org.elasticsearch.discovery.zen.publish] sending commit for cluster state (uuid: [M5VrhY-US0meyCf30E2thg], version [2]) to [{KCsoSF8GQfKClQNAm4gtaw}{HGIotp-0S46LdPFMbgoW1Q}{local}{local[13]}]
[2016-09-15T19:37:24,797][DEBUG][org.elasticsearch.discovery.zen.publish] received diff cluster state version [2] with uuid [M5VrhY-US0meyCf30E2thg], diff size [179]
[2016-09-15T19:37:24,799][TRACE][org.elasticsearch.discovery.zen.publish] sending commit for cluster state (uuid: [M5VrhY-US0meyCf30E2thg], version [2]) to [{dyVgKvKgRdKIH5ml0qe37Q}{YpAAUuzuR1GzE6mnr2c2Pw}{local}{local[16]}]
[2016-09-15T19:37:24,799][TRACE][org.elasticsearch.discovery.zen.publish] sending commit for cluster state (uuid: [M5VrhY-US0meyCf30E2thg], version [2]) to [{_jivl7eASUG1YA2TZ9Vyqw}{rHalgRoCT8qh58jEuWMkCg}{local}{local[14]}]
[2016-09-15T19:37:24,801][TRACE][org.elasticsearch.discovery.zen.publish] sending commit for cluster state (uuid: [M5VrhY-US0meyCf30E2thg], version [2]) to [{X8iM8k8YRYCbEzPsOgnD1w}{yGRyW5pfSByosoir2xBVrA}{local}{local[10]}]
[2016-09-15T19:37:24,802][DEBUG][org.elasticsearch.discovery.zen.publish] received diff cluster state version [2] with uuid [M5VrhY-US0meyCf30E2thg], diff size [179]
[2016-09-15T19:37:24,803][TRACE][org.elasticsearch.discovery.zen.publish] sending commit for cluster state (uuid: [M5VrhY-US0meyCf30E2thg], version [2]) to [{N0AQrviUQ6mb6TQydEw8cw}{yJ6mcuyMQiO_XUJ924t9Qg}{local}{local[12]}]
[2016-09-15T19:37:24,821][DEBUG][org.elasticsearch.discovery.zen.publish] [] received version [2], uuid [M5VrhY-US0meyCf30E2thg]
[2016-09-15T19:37:24,824][DEBUG][org.elasticsearch.discovery.zen.publish] [] received version [2], uuid [M5VrhY-US0meyCf30E2thg]
[2016-09-15T19:37:24,838][DEBUG][org.elasticsearch.discovery.zen.publish] [] received version [2], uuid [M5VrhY-US0meyCf30E2thg]
[2016-09-15T19:37:24,853][DEBUG][org.elasticsearch.discovery.zen.publish] [] received version [2], uuid [M5VrhY-US0meyCf30E2thg]
[2016-09-15T19:37:24,860][DEBUG][org.elasticsearch.discovery.zen.publish] [] received version [2], uuid [M5VrhY-US0meyCf30E2thg]
[2016-09-15T19:37:24,949][DEBUG][org.elasticsearch.discovery.zen.publish] [] received version [2], uuid [M5VrhY-US0meyCf30E2thg]
[2016-09-15T19:37:24,958][DEBUG][org.elasticsearch.discovery.zen.publish] [] received version [2], uuid [M5VrhY-US0meyCf30E2thg]
[2016-09-15T19:37:24,963][DEBUG][org.elasticsearch.discovery.zen.publish] [] received version [2], uuid [M5VrhY-US0meyCf30E2thg]
[2016-09-15T19:37:24,982][DEBUG][org.elasticsearch.discovery.zen.publish] received diff cluster state version [3] with uuid [EI-CHOH8TrayX7pE4H7RoA], diff size [183]
[2016-09-15T19:37:24,983][DEBUG][org.elasticsearch.discovery.zen.publish] received diff cluster state version [3] with uuid [EI-CHOH8TrayX7pE4H7RoA], diff size [183]
[2016-09-15T19:37:24,983][DEBUG][org.elasticsearch.discovery.zen.publish] received diff cluster state version [3] with uuid [EI-CHOH8TrayX7pE4H7RoA], diff size [183]
[2016-09-15T19:37:24,983][DEBUG][org.elasticsearch.discovery.zen.publish] received diff cluster state version [3] with uuid [EI-CHOH8TrayX7pE4H7RoA], diff size [183]
[2016-09-15T19:37:24,984][DEBUG][org.elasticsearch.discovery.zen.publish] received diff cluster state version [3] with uuid [EI-CHOH8TrayX7pE4H7RoA], diff size [183]
[2016-09-15T19:37:24,985][DEBUG][org.elasticsearch.discovery.zen.publish] received diff cluster state version [3] with uuid [EI-CHOH8TrayX7pE4H7RoA], diff size [183]
[2016-09-15T19:37:24,985][DEBUG][org.elasticsearch.discovery.zen.publish] received diff cluster state version [3] with uuid [EI-CHOH8TrayX7pE4H7RoA], diff size [183]
[2016-09-15T19:37:24,986][DEBUG][org.elasticsearch.discovery.zen.publish] received diff cluster state version [3] with uuid [EI-CHOH8TrayX7pE4H7RoA], diff size [183]
[2016-09-15T19:37:24,988][TRACE][org.elasticsearch.discovery.zen.publish] master node {N0AQrviUQ6mb6TQydEw8cw}{yJ6mcuyMQiO_XUJ924t9Qg}{local}{local[12]} acked cluster state version [3]. processing ... (current pending [8], needed [6])
[2016-09-15T19:37:24,988][TRACE][org.elasticsearch.discovery.zen.publish] master node {X8iM8k8YRYCbEzPsOgnD1w}{yGRyW5pfSByosoir2xBVrA}{local}{local[10]} acked cluster state version [3]. processing ... (current pending [7], needed [5])
[2016-09-15T19:37:24,988][TRACE][org.elasticsearch.discovery.zen.publish] master node {dyVgKvKgRdKIH5ml0qe37Q}{YpAAUuzuR1GzE6mnr2c2Pw}{local}{local[16]} acked cluster state version [3]. processing ... (current pending [6], needed [4])
[2016-09-15T19:37:24,988][TRACE][org.elasticsearch.discovery.zen.publish] master node {KCsoSF8GQfKClQNAm4gtaw}{HGIotp-0S46LdPFMbgoW1Q}{local}{local[13]} acked cluster state version [3]. processing ... (current pending [5], needed [3])
[2016-09-15T19:37:24,989][TRACE][org.elasticsearch.discovery.zen.publish] master node {YEkCTbHrQ4ybBtx-CqBF9Q}{jEh7_NmeTiufnLusLtaPjA}{local}{local[15]} acked cluster state version [3]. processing ... (current pending [4], needed [2])
[2016-09-15T19:37:25,017][TRACE][org.elasticsearch.discovery.zen.publish] master node {0m3SZSuOSh-_mmK_VsBtTA}{IKKf0L5nTIOk-yHoNvVzdQ}{local}{local[17]} acked cluster state version [3]. processing ... (current pending [3], needed [1])
[2016-09-15T19:37:25,017][TRACE][org.elasticsearch.discovery.zen.publish] committing version [3]
[2016-09-15T19:37:25,017][TRACE][org.elasticsearch.discovery.zen.publish] sending commit for cluster state (uuid: [EI-CHOH8TrayX7pE4H7RoA], version [3]) to [{N0AQrviUQ6mb6TQydEw8cw}{yJ6mcuyMQiO_XUJ924t9Qg}{local}{local[12]}]
[2016-09-15T19:37:25,017][TRACE][org.elasticsearch.discovery.zen.publish] sending commit for cluster state (uuid: [EI-CHOH8TrayX7pE4H7RoA], version [3]) to [{X8iM8k8YRYCbEzPsOgnD1w}{yGRyW5pfSByosoir2xBVrA}{local}{local[10]}]
[2016-09-15T19:37:25,017][TRACE][org.elasticsearch.discovery.zen.publish] sending commit for cluster state (uuid: [EI-CHOH8TrayX7pE4H7RoA], version [3]) to [{dyVgKvKgRdKIH5ml0qe37Q}{YpAAUuzuR1GzE6mnr2c2Pw}{local}{local[16]}]
[2016-09-15T19:37:25,018][TRACE][org.elasticsearch.discovery.zen.publish] sending commit for cluster state (uuid: [EI-CHOH8TrayX7pE4H7RoA], version [3]) to [{KCsoSF8GQfKClQNAm4gtaw}{HGIotp-0S46LdPFMbgoW1Q}{local}{local[13]}]
[2016-09-15T19:37:25,018][TRACE][org.elasticsearch.discovery.zen.publish] sending commit for cluster state (uuid: [EI-CHOH8TrayX7pE4H7RoA], version [3]) to [{YEkCTbHrQ4ybBtx-CqBF9Q}{jEh7_NmeTiufnLusLtaPjA}{local}{local[15]}]
[2016-09-15T19:37:25,018][TRACE][org.elasticsearch.discovery.zen.publish] sending commit for cluster state (uuid: [EI-CHOH8TrayX7pE4H7RoA], version [3]) to [{0m3SZSuOSh-_mmK_VsBtTA}{IKKf0L5nTIOk-yHoNvVzdQ}{local}{local[17]}]
[2016-09-15T19:37:25,018][TRACE][org.elasticsearch.discovery.zen.publish] sending commit for cluster state (uuid: [EI-CHOH8TrayX7pE4H7RoA], version [3]) to [{_jivl7eASUG1YA2TZ9Vyqw}{rHalgRoCT8qh58jEuWMkCg}{local}{local[14]}]
[2016-09-15T19:37:25,023][TRACE][org.elasticsearch.discovery.zen.publish] sending commit for cluster state (uuid: [EI-CHOH8TrayX7pE4H7RoA], version [3]) to [{Y-oSYvTNRXiC5QtW3z7kSw}{Rcer7-VQTkKD7E7Xr61AEg}{local}{local[11]}]
[2016-09-15T19:37:25,024][DEBUG][org.elasticsearch.discovery.zen.publish] [] received version [3], uuid [EI-CHOH8TrayX7pE4H7RoA]
[2016-09-15T19:37:25,024][DEBUG][org.elasticsearch.discovery.zen.publish] [] received version [3], uuid [EI-CHOH8TrayX7pE4H7RoA]
[2016-09-15T19:37:25,025][DEBUG][org.elasticsearch.discovery.zen.publish] [] received version [3], uuid [EI-CHOH8TrayX7pE4H7RoA]
[2016-09-15T19:37:25,026][DEBUG][org.elasticsearch.discovery.zen.publish] [] received version [3], uuid [EI-CHOH8TrayX7pE4H7RoA]
[2016-09-15T19:37:25,026][DEBUG][org.elasticsearch.discovery.zen.publish] [] received version [3], uuid [EI-CHOH8TrayX7pE4H7RoA]
[2016-09-15T19:37:25,026][DEBUG][org.elasticsearch.discovery.zen.publish] [] received version [3], uuid [EI-CHOH8TrayX7pE4H7RoA]
[2016-09-15T19:37:25,026][DEBUG][org.elasticsearch.discovery.zen.publish] [] received version [3], uuid [EI-CHOH8TrayX7pE4H7RoA]
[2016-09-15T19:37:25,026][DEBUG][org.elasticsearch.discovery.zen.publish] [] received version [3], uuid [EI-CHOH8TrayX7pE4H7RoA]
[2016-09-15T19:37:25,048][DEBUG][org.elasticsearch.discovery.zen.publish] received diff cluster state version [4] with uuid [K_Vkpz_4RMOSNvmue8Q9HQ], diff size [183]
[2016-09-15T19:37:25,049][DEBUG][org.elasticsearch.discovery.zen.publish] received diff cluster state version [4] with uuid [K_Vkpz_4RMOSNvmue8Q9HQ], diff size [183]
[2016-09-15T19:37:25,049][DEBUG][org.elasticsearch.discovery.zen.publish] received diff cluster state version [4] with uuid [K_Vkpz_4RMOSNvmue8Q9HQ], diff size [183]
[2016-09-15T19:37:25,049][DEBUG][org.elasticsearch.discovery.zen.publish] received diff cluster state version [4] with uuid [K_Vkpz_4RMOSNvmue8Q9HQ], diff size [183]
[2016-09-15T19:37:25,050][DEBUG][org.elasticsearch.discovery.zen.publish] received diff cluster state version [4] with uuid [K_Vkpz_4RMOSNvmue8Q9HQ], diff size [183]
[2016-09-15T19:37:25,050][DEBUG][org.elasticsearch.discovery.zen.publish] received diff cluster state version [4] with uuid [K_Vkpz_4RMOSNvmue8Q9HQ], diff size [183]
[2016-09-15T19:37:25,050][DEBUG][org.elasticsearch.discovery.zen.publish] received diff cluster state version [4] with uuid [K_Vkpz_4RMOSNvmue8Q9HQ], diff size [183]
[2016-09-15T19:37:25,050][DEBUG][org.elasticsearch.discovery.zen.publish] received diff cluster state version [4] with uuid [K_Vkpz_4RMOSNvmue8Q9HQ], diff size [183]
[2016-09-15T19:37:25,050][TRACE][org.elasticsearch.discovery.zen.publish] master node {N0AQrviUQ6mb6TQydEw8cw}{yJ6mcuyMQiO_XUJ924t9Qg}{local}{local[12]} acked cluster state version [4]. processing ... (current pending [8], needed [1])
[2016-09-15T19:37:25,051][TRACE][org.elasticsearch.discovery.zen.publish] committing version [4]
[2016-09-15T19:37:25,051][TRACE][org.elasticsearch.discovery.zen.publish] sending commit for cluster state (uuid: [K_Vkpz_4RMOSNvmue8Q9HQ], version [4]) to [{N0AQrviUQ6mb6TQydEw8cw}{yJ6mcuyMQiO_XUJ924t9Qg}{local}{local[12]}]
[2016-09-15T19:37:25,051][TRACE][org.elasticsearch.discovery.zen.publish] sending commit for cluster state (uuid: [K_Vkpz_4RMOSNvmue8Q9HQ], version [4]) to [{0m3SZSuOSh-_mmK_VsBtTA}{IKKf0L5nTIOk-yHoNvVzdQ}{local}{local[17]}]
[2016-09-15T19:37:25,051][TRACE][org.elasticsearch.discovery.zen.publish] sending commit for cluster state (uuid: [K_Vkpz_4RMOSNvmue8Q9HQ], version [4]) to [{dyVgKvKgRdKIH5ml0qe37Q}{YpAAUuzuR1GzE6mnr2c2Pw}{local}{local[16]}]
[2016-09-15T19:37:25,052][TRACE][org.elasticsearch.discovery.zen.publish] sending commit for cluster state (uuid: [K_Vkpz_4RMOSNvmue8Q9HQ], version [4]) to [{KCsoSF8GQfKClQNAm4gtaw}{HGIotp-0S46LdPFMbgoW1Q}{local}{local[13]}]
[2016-09-15T19:37:25,052][TRACE][org.elasticsearch.discovery.zen.publish] sending commit for cluster state (uuid: [K_Vkpz_4RMOSNvmue8Q9HQ], version [4]) to [{YEkCTbHrQ4ybBtx-CqBF9Q}{jEh7_NmeTiufnLusLtaPjA}{local}{local[15]}]
[2016-09-15T19:37:25,052][TRACE][org.elasticsearch.discovery.zen.publish] sending commit for cluster state (uuid: [K_Vkpz_4RMOSNvmue8Q9HQ], version [4]) to [{X8iM8k8YRYCbEzPsOgnD1w}{yGRyW5pfSByosoir2xBVrA}{local}{local[10]}]
[2016-09-15T19:37:25,052][DEBUG][org.elasticsearch.discovery.zen.publish] [] received version [4], uuid [K_Vkpz_4RMOSNvmue8Q9HQ]
[2016-09-15T19:37:25,053][TRACE][org.elasticsearch.discovery.zen.publish] sending commit for cluster state (uuid: [K_Vkpz_4RMOSNvmue8Q9HQ], version [4]) to [{Y-oSYvTNRXiC5QtW3z7kSw}{Rcer7-VQTkKD7E7Xr61AEg}{local}{local[11]}]
[2016-09-15T19:37:25,053][TRACE][org.elasticsearch.discovery.zen.publish] sending commit for cluster state (uuid: [K_Vkpz_4RMOSNvmue8Q9HQ], version [4]) to [{_jivl7eASUG1YA2TZ9Vyqw}{rHalgRoCT8qh58jEuWMkCg}{local}{local[14]}]
[2016-09-15T19:37:25,053][DEBUG][org.elasticsearch.discovery.zen.publish] [] received version [4], uuid [K_Vkpz_4RMOSNvmue8Q9HQ]
[2016-09-15T19:37:25,053][DEBUG][org.elasticsearch.discovery.zen.publish] [] received version [4], uuid [K_Vkpz_4RMOSNvmue8Q9HQ]
[2016-09-15T19:37:25,053][DEBUG][org.elasticsearch.discovery.zen.publish] [] received version [4], uuid [K_Vkpz_4RMOSNvmue8Q9HQ]
[2016-09-15T19:37:25,053][DEBUG][org.elasticsearch.discovery.zen.publish] [] received version [4], uuid [K_Vkpz_4RMOSNvmue8Q9HQ]
[2016-09-15T19:37:25,054][DEBUG][org.elasticsearch.discovery.zen.publish] [] received version [4], uuid [K_Vkpz_4RMOSNvmue8Q9HQ]
[2016-09-15T19:37:25,054][DEBUG][org.elasticsearch.discovery.zen.publish] [] received version [4], uuid [K_Vkpz_4RMOSNvmue8Q9HQ]
[2016-09-15T19:37:25,054][DEBUG][org.elasticsearch.discovery.zen.publish] [] received version [4], uuid [K_Vkpz_4RMOSNvmue8Q9HQ]
[2016-09-15T19:37:25,063][DEBUG][org.elasticsearch.discovery.zen.publish] received diff cluster state version [5] with uuid [BGBz3PvVReOLSIe6kOaB5Q], diff size [183]
[2016-09-15T19:37:25,064][DEBUG][org.elasticsearch.discovery.zen.publish] received diff cluster state version [5] with uuid [BGBz3PvVReOLSIe6kOaB5Q], diff size [183]
[2016-09-15T19:37:25,064][DEBUG][org.elasticsearch.discovery.zen.publish] received diff cluster state version [5] with uuid [BGBz3PvVReOLSIe6kOaB5Q], diff size [183]
[2016-09-15T19:37:25,064][DEBUG][org.elasticsearch.discovery.zen.publish] received diff cluster state version [5] with uuid [BGBz3PvVReOLSIe6kOaB5Q], diff size [183]
[2016-09-15T19:37:25,065][DEBUG][org.elasticsearch.discovery.zen.publish] received diff cluster state version [5] with uuid [BGBz3PvVReOLSIe6kOaB5Q], diff size [183]
[2016-09-15T19:37:25,065][DEBUG][org.elasticsearch.discovery.zen.publish] received diff cluster state version [5] with uuid [BGBz3PvVReOLSIe6kOaB5Q], diff size [183]
[2016-09-15T19:37:25,069][DEBUG][org.elasticsearch.discovery.zen.publish] received diff cluster state version [5] with uuid [BGBz3PvVReOLSIe6kOaB5Q], diff size [183]
[2016-09-15T19:37:25,068][TRACE][org.elasticsearch.discovery.zen.publish] sending commit for cluster state (uuid: [BGBz3PvVReOLSIe6kOaB5Q], version [5]) to [{_jivl7eASUG1YA2TZ9Vyqw}{rHalgRoCT8qh58jEuWMkCg}{local}{local[14]}]
[2016-09-15T19:37:25,070][TRACE][org.elasticsearch.discovery.zen.publish] sending commit for cluster state (uuid: [BGBz3PvVReOLSIe6kOaB5Q], version [5]) to [{dyVgKvKgRdKIH5ml0qe37Q}{YpAAUuzuR1GzE6mnr2c2Pw}{local}{local[16]}]
[2016-09-15T19:37:25,070][TRACE][org.elasticsearch.discovery.zen.publish] sending commit for cluster state (uuid: [BGBz3PvVReOLSIe6kOaB5Q], version [5]) to [{KCsoSF8GQfKClQNAm4gtaw}{HGIotp-0S46LdPFMbgoW1Q}{local}{local[13]}]
[2016-09-15T19:37:25,070][TRACE][org.elasticsearch.discovery.zen.publish] sending commit for cluster state (uuid: [BGBz3PvVReOLSIe6kOaB5Q], version [5]) to [{X8iM8k8YRYCbEzPsOgnD1w}{yGRyW5pfSByosoir2xBVrA}{local}{local[10]}]
[2016-09-15T19:37:25,070][TRACE][org.elasticsearch.discovery.zen.publish] sending commit for cluster state (uuid: [BGBz3PvVReOLSIe6kOaB5Q], version [5]) to [{0m3SZSuOSh-_mmK_VsBtTA}{IKKf0L5nTIOk-yHoNvVzdQ}{local}{local[17]}]
[2016-09-15T19:37:25,068][DEBUG][org.elasticsearch.discovery.zen.publish] received diff cluster state version [5] with uuid [BGBz3PvVReOLSIe6kOaB5Q], diff size [183]
[2016-09-15T19:37:25,070][DEBUG][org.elasticsearch.discovery.zen.publish] [] received version [5], uuid [BGBz3PvVReOLSIe6kOaB5Q]
[2016-09-15T19:37:25,071][DEBUG][org.elasticsearch.discovery.zen.publish] [] received version [5], uuid [BGBz3PvVReOLSIe6kOaB5Q]
[2016-09-15T19:37:25,071][DEBUG][org.elasticsearch.discovery.zen.publish] [] received version [5], uuid [BGBz3PvVReOLSIe6kOaB5Q]
[2016-09-15T19:37:25,071][DEBUG][org.elasticsearch.discovery.zen.publish] [] received version [5], uuid [BGBz3PvVReOLSIe6kOaB5Q]
[2016-09-15T19:37:25,071][TRACE][org.elasticsearch.discovery.zen.publish] sending commit for cluster state (uuid: [BGBz3PvVReOLSIe6kOaB5Q], version [5]) to [{Y-oSYvTNRXiC5QtW3z7kSw}{Rcer7-VQTkKD7E7Xr61AEg}{local}{local[11]}]
[2016-09-15T19:37:25,072][DEBUG][org.elasticsearch.discovery.zen.publish] [] received version [5], uuid [BGBz3PvVReOLSIe6kOaB5Q]
[2016-09-15T19:37:25,072][DEBUG][org.elasticsearch.discovery.zen.publish] [] received version [5], uuid [BGBz3PvVReOLSIe6kOaB5Q]
[2016-09-15T19:37:25,072][TRACE][org.elasticsearch.discovery.zen.publish] sending commit for cluster state (uuid: [BGBz3PvVReOLSIe6kOaB5Q], version [5]) to [{N0AQrviUQ6mb6TQydEw8cw}{yJ6mcuyMQiO_XUJ924t9Qg}{local}{local[12]}]
[2016-09-15T19:37:25,072][DEBUG][org.elasticsearch.discovery.zen.publish] [] received version [5], uuid [BGBz3PvVReOLSIe6kOaB5Q]
[2016-09-15T19:37:25,079][TRACE][org.elasticsearch.discovery.zen.publish] sending commit for cluster state (uuid: [BGBz3PvVReOLSIe6kOaB5Q], version [5]) to [{YEkCTbHrQ4ybBtx-CqBF9Q}{jEh7_NmeTiufnLusLtaPjA}{local}{local[15]}]
[2016-09-15T19:37:25,080][DEBUG][org.elasticsearch.discovery.zen.publish] [] received version [5], uuid [BGBz3PvVReOLSIe6kOaB5Q]
[2016-09-15T19:37:25,085][DEBUG][org.elasticsearch.discovery.zen.publish] received diff cluster state version [6] with uuid [mynrjImxS3-Y8Fc4NuC_Mw], diff size [188]
[2016-09-15T19:37:25,085][DEBUG][org.elasticsearch.discovery.zen.publish] received diff cluster state version [6] with uuid [mynrjImxS3-Y8Fc4NuC_Mw], diff size [188]
[2016-09-15T19:37:25,086][DEBUG][org.elasticsearch.discovery.zen.publish] received diff cluster state version [6] with uuid [mynrjImxS3-Y8Fc4NuC_Mw], diff size [188]
[2016-09-15T19:37:25,086][DEBUG][org.elasticsearch.discovery.zen.publish] received diff cluster state version [6] with uuid [mynrjImxS3-Y8Fc4NuC_Mw], diff size [188]
[2016-09-15T19:37:25,086][DEBUG][org.elasticsearch.discovery.zen.publish] received diff cluster state version [6] with uuid [mynrjImxS3-Y8Fc4NuC_Mw], diff size [188]
[2016-09-15T19:37:25,086][DEBUG][org.elasticsearch.discovery.zen.publish] received diff cluster state version [6] with uuid [mynrjImxS3-Y8Fc4NuC_Mw], diff size [188]
[2016-09-15T19:37:25,087][DEBUG][org.elasticsearch.discovery.zen.publish] received diff cluster state version [6] with uuid [mynrjImxS3-Y8Fc4NuC_Mw], diff size [188]
[2016-09-15T19:37:25,088][TRACE][org.elasticsearch.discovery.zen.publish] master node {_jivl7eASUG1YA2TZ9Vyqw}{rHalgRoCT8qh58jEuWMkCg}{local}{local[14]} acked cluster state version [6]. processing ... (current pending [8], needed [7])
[2016-09-15T19:37:25,088][TRACE][org.elasticsearch.discovery.zen.publish] master node {Y-oSYvTNRXiC5QtW3z7kSw}{Rcer7-VQTkKD7E7Xr61AEg}{local}{local[11]} acked cluster state version [6]. processing ... (current pending [7], needed [6])
[2016-09-15T19:37:25,088][TRACE][org.elasticsearch.discovery.zen.publish] master node {dyVgKvKgRdKIH5ml0qe37Q}{YpAAUuzuR1GzE6mnr2c2Pw}{local}{local[16]} acked cluster state version [6]. processing ... (current pending [6], needed [5])
[2016-09-15T19:37:25,088][TRACE][org.elasticsearch.discovery.zen.publish] master node {YEkCTbHrQ4ybBtx-CqBF9Q}{jEh7_NmeTiufnLusLtaPjA}{local}{local[15]} acked cluster state version [6]. processing ... (current pending [5], needed [4])
[2016-09-15T19:37:25,117][TRACE][org.elasticsearch.discovery.zen.publish] master node {N0AQrviUQ6mb6TQydEw8cw}{yJ6mcuyMQiO_XUJ924t9Qg}{local}{local[12]} acked cluster state version [6]. processing ... (current pending [4], needed [3])
[2016-09-15T19:37:25,116][DEBUG][org.elasticsearch.discovery.zen.publish] received diff cluster state version [6] with uuid [mynrjImxS3-Y8Fc4NuC_Mw], diff size [188]
[2016-09-15T19:37:25,118][TRACE][org.elasticsearch.discovery.zen.publish] master node {0m3SZSuOSh-_mmK_VsBtTA}{IKKf0L5nTIOk-yHoNvVzdQ}{local}{local[17]} acked cluster state version [6]. processing ... (current pending [3], needed [2])
[2016-09-15T19:37:25,118][TRACE][org.elasticsearch.discovery.zen.publish] master node {KCsoSF8GQfKClQNAm4gtaw}{HGIotp-0S46LdPFMbgoW1Q}{local}{local[13]} acked cluster state version [6]. processing ... (current pending [2], needed [1])
[2016-09-15T19:37:25,118][TRACE][org.elasticsearch.discovery.zen.publish] committing version [6]
[2016-09-15T19:37:25,119][TRACE][org.elasticsearch.discovery.zen.publish] sending commit for cluster state (uuid: [mynrjImxS3-Y8Fc4NuC_Mw], version [6]) to [{_jivl7eASUG1YA2TZ9Vyqw}{rHalgRoCT8qh58jEuWMkCg}{local}{local[14]}]
[2016-09-15T19:37:25,119][TRACE][org.elasticsearch.discovery.zen.publish] sending commit for cluster state (uuid: [mynrjImxS3-Y8Fc4NuC_Mw], version [6]) to [{Y-oSYvTNRXiC5QtW3z7kSw}{Rcer7-VQTkKD7E7Xr61AEg}{local}{local[11]}]
[2016-09-15T19:37:25,119][TRACE][org.elasticsearch.discovery.zen.publish] sending commit for cluster state (uuid: [mynrjImxS3-Y8Fc4NuC_Mw], version [6]) to [{dyVgKvKgRdKIH5ml0qe37Q}{YpAAUuzuR1GzE6mnr2c2Pw}{local}{local[16]}]
[2016-09-15T19:37:25,119][TRACE][org.elasticsearch.discovery.zen.publish] sending commit for cluster state (uuid: [mynrjImxS3-Y8Fc4NuC_Mw], version [6]) to [{YEkCTbHrQ4ybBtx-CqBF9Q}{jEh7_NmeTiufnLusLtaPjA}{local}{local[15]}]
[2016-09-15T19:37:25,119][TRACE][org.elasticsearch.discovery.zen.publish] sending commit for cluster state (uuid: [mynrjImxS3-Y8Fc4NuC_Mw], version [6]) to [{N0AQrviUQ6mb6TQydEw8cw}{yJ6mcuyMQiO_XUJ924t9Qg}{local}{local[12]}]
[2016-09-15T19:37:25,119][TRACE][org.elasticsearch.discovery.zen.publish] sending commit for cluster state (uuid: [mynrjImxS3-Y8Fc4NuC_Mw], version [6]) to [{0m3SZSuOSh-_mmK_VsBtTA}{IKKf0L5nTIOk-yHoNvVzdQ}{local}{local[17]}]
[2016-09-15T19:37:25,119][TRACE][org.elasticsearch.discovery.zen.publish] sending commit for cluster state (uuid: [mynrjImxS3-Y8Fc4NuC_Mw], version [6]) to [{KCsoSF8GQfKClQNAm4gtaw}{HGIotp-0S46LdPFMbgoW1Q}{local}{local[13]}]
[2016-09-15T19:37:25,120][DEBUG][org.elasticsearch.discovery.zen.publish] [] received version [6], uuid [mynrjImxS3-Y8Fc4NuC_Mw]
[2016-09-15T19:37:25,120][DEBUG][org.elasticsearch.discovery.zen.publish] [] received version [6], uuid [mynrjImxS3-Y8Fc4NuC_Mw]
[2016-09-15T19:37:25,122][DEBUG][org.elasticsearch.discovery.zen.publish] [] received version [6], uuid [mynrjImxS3-Y8Fc4NuC_Mw]
[2016-09-15T19:37:25,129][DEBUG][org.elasticsearch.discovery.zen.publish] [] received version [6], uuid [mynrjImxS3-Y8Fc4NuC_Mw]
[2016-09-15T19:37:25,130][DEBUG][org.elasticsearch.discovery.zen.publish] [] received version [6], uuid [mynrjImxS3-Y8Fc4NuC_Mw]
[2016-09-15T19:37:25,130][DEBUG][org.elasticsearch.discovery.zen.publish] [] received version [6], uuid [mynrjImxS3-Y8Fc4NuC_Mw]
[2016-09-15T19:37:25,130][DEBUG][org.elasticsearch.discovery.zen.publish] [] received version [6], uuid [mynrjImxS3-Y8Fc4NuC_Mw]
[2016-09-15T19:37:25,131][TRACE][org.elasticsearch.discovery.zen.publish] sending commit for cluster state (uuid: [mynrjImxS3-Y8Fc4NuC_Mw], version [6]) to [{X8iM8k8YRYCbEzPsOgnD1w}{yGRyW5pfSByosoir2xBVrA}{local}{local[10]}]
[2016-09-15T19:37:25,131][DEBUG][org.elasticsearch.discovery.zen.publish] [] received version [6], uuid [mynrjImxS3-Y8Fc4NuC_Mw]
[2016-09-15T19:37:25,142][DEBUG][org.elasticsearch.discovery.zen.publish] received diff cluster state version [7] with uuid [wEDNN5ViSRShq_QCAvz0pA], diff size [190]
[2016-09-15T19:37:25,143][DEBUG][org.elasticsearch.discovery.zen.publish] received diff cluster state version [7] with uuid [wEDNN5ViSRShq_QCAvz0pA], diff size [190]
[2016-09-15T19:37:25,143][DEBUG][org.elasticsearch.discovery.zen.publish] received diff cluster state version [7] with uuid [wEDNN5ViSRShq_QCAvz0pA], diff size [190]
[2016-09-15T19:37:25,145][DEBUG][org.elasticsearch.discovery.zen.publish] received diff cluster state version [7] with uuid [wEDNN5ViSRShq_QCAvz0pA], diff size [190]
[2016-09-15T19:37:25,146][DEBUG][org.elasticsearch.discovery.zen.publish] received diff cluster state version [7] with uuid [wEDNN5ViSRShq_QCAvz0pA], diff size [190]
[2016-09-15T19:37:25,161][DEBUG][org.elasticsearch.discovery.zen.publish] received diff cluster state version [7] with uuid [wEDNN5ViSRShq_QCAvz0pA], diff size [190]
[2016-09-15T19:37:25,164][DEBUG][org.elasticsearch.discovery.zen.publish] received diff cluster state version [7] with uuid [wEDNN5ViSRShq_QCAvz0pA], diff size [190]
[2016-09-15T19:37:25,165][DEBUG][org.elasticsearch.discovery.zen.publish] received diff cluster state version [7] with uuid [wEDNN5ViSRShq_QCAvz0pA], diff size [190]
[2016-09-15T19:37:25,171][TRACE][org.elasticsearch.discovery.zen.publish] sending commit for cluster state (uuid: [wEDNN5ViSRShq_QCAvz0pA], version [7]) to [{Y-oSYvTNRXiC5QtW3z7kSw}{Rcer7-VQTkKD7E7Xr61AEg}{local}{local[11]}]
[2016-09-15T19:37:25,172][TRACE][org.elasticsearch.discovery.zen.publish] sending commit for cluster state (uuid: [wEDNN5ViSRShq_QCAvz0pA], version [7]) to [{0m3SZSuOSh-_mmK_VsBtTA}{IKKf0L5nTIOk-yHoNvVzdQ}{local}{local[17]}]
[2016-09-15T19:37:25,172][TRACE][org.elasticsearch.discovery.zen.publish] sending commit for cluster state (uuid: [wEDNN5ViSRShq_QCAvz0pA], version [7]) to [{X8iM8k8YRYCbEzPsOgnD1w}{yGRyW5pfSByosoir2xBVrA}{local}{local[10]}]
[2016-09-15T19:37:25,172][TRACE][org.elasticsearch.discovery.zen.publish] sending commit for cluster state (uuid: [wEDNN5ViSRShq_QCAvz0pA], version [7]) to [{dyVgKvKgRdKIH5ml0qe37Q}{YpAAUuzuR1GzE6mnr2c2Pw}{local}{local[16]}]
[2016-09-15T19:37:25,172][TRACE][org.elasticsearch.discovery.zen.publish] sending commit for cluster state (uuid: [wEDNN5ViSRShq_QCAvz0pA], version [7]) to [{KCsoSF8GQfKClQNAm4gtaw}{HGIotp-0S46LdPFMbgoW1Q}{local}{local[13]}]
[2016-09-15T19:37:25,173][TRACE][org.elasticsearch.discovery.zen.publish] sending commit for cluster state (uuid: [wEDNN5ViSRShq_QCAvz0pA], version [7]) to [{YEkCTbHrQ4ybBtx-CqBF9Q}{jEh7_NmeTiufnLusLtaPjA}{local}{local[15]}]
[2016-09-15T19:37:25,173][TRACE][org.elasticsearch.discovery.zen.publish] sending commit for cluster state (uuid: [wEDNN5ViSRShq_QCAvz0pA], version [7]) to [{_jivl7eASUG1YA2TZ9Vyqw}{rHalgRoCT8qh58jEuWMkCg}{local}{local[14]}]
[2016-09-15T19:37:25,173][DEBUG][org.elasticsearch.discovery.zen.publish] [] received version [7], uuid [wEDNN5ViSRShq_QCAvz0pA]
[2016-09-15T19:37:25,173][DEBUG][org.elasticsearch.discovery.zen.publish] [] received version [7], uuid [wEDNN5ViSRShq_QCAvz0pA]
[2016-09-15T19:37:25,174][DEBUG][org.elasticsearch.discovery.zen.publish] [] received version [7], uuid [wEDNN5ViSRShq_QCAvz0pA]
[2016-09-15T19:37:25,174][DEBUG][org.elasticsearch.discovery.zen.publish] [] received version [7], uuid [wEDNN5ViSRShq_QCAvz0pA]
[2016-09-15T19:37:25,174][DEBUG][org.elasticsearch.discovery.zen.publish] [] received version [7], uuid [wEDNN5ViSRShq_QCAvz0pA]
[2016-09-15T19:37:25,174][DEBUG][org.elasticsearch.discovery.zen.publish] [] received version [7], uuid [wEDNN5ViSRShq_QCAvz0pA]
[2016-09-15T19:37:25,175][TRACE][org.elasticsearch.discovery.zen.publish] sending commit for cluster state (uuid: [wEDNN5ViSRShq_QCAvz0pA], version [7]) to [{N0AQrviUQ6mb6TQydEw8cw}{yJ6mcuyMQiO_XUJ924t9Qg}{local}{local[12]}]
[2016-09-15T19:37:25,175][DEBUG][org.elasticsearch.discovery.zen.publish] [] received version [7], uuid [wEDNN5ViSRShq_QCAvz0pA]
[2016-09-15T19:37:25,175][DEBUG][org.elasticsearch.discovery.zen.publish] [] received version [7], uuid [wEDNN5ViSRShq_QCAvz0pA]
[2016-09-15T19:37:25,344][INFO ][org.elasticsearch.test.transport] publish_address {local[18]}, bound_addresses {local[18]}
[2016-09-15T19:37:25,387][INFO ][org.elasticsearch.test.transport] publish_address {local[19]}, bound_addresses {local[19]}
[2016-09-15T19:37:25,574][DEBUG][org.elasticsearch.discovery.zen.publish] received full cluster state version [1] with size [211]
[2016-09-15T19:37:25,590][TRACE][org.elasticsearch.discovery.zen.publish] master node {UNG31vpjSgGLoMzKRsxowA}{GghQvqgsRzOOwHhGe1BLmA}{local}{local[19]} acked cluster state version [1]. processing ... (current pending [1], needed [1])
[2016-09-15T19:37:25,627][TRACE][org.elasticsearch.discovery.zen.publish] committing version [1]
[2016-09-15T19:37:25,628][TRACE][org.elasticsearch.discovery.zen.publish] sending commit for cluster state (uuid: [e0z4irZ8Qv-dVh6Y_yxtsQ], version [1]) to [{UNG31vpjSgGLoMzKRsxowA}{GghQvqgsRzOOwHhGe1BLmA}{local}{local[19]}]
[2016-09-15T19:37:25,704][DEBUG][org.elasticsearch.discovery.zen.publish] [] received version [1], uuid [e0z4irZ8Qv-dVh6Y_yxtsQ]
[2016-09-15T19:37:25,851][DEBUG][org.elasticsearch.discovery.zen.publish] received diff cluster state version [2] with uuid [M2w-VpIFSZaqRKIK_ZdEmA], diff size [133]
[2016-09-15T19:37:25,853][TRACE][org.elasticsearch.discovery.zen.publish] sending commit for cluster state (uuid: [M2w-VpIFSZaqRKIK_ZdEmA], version [2]) to [{UNG31vpjSgGLoMzKRsxowA}{GghQvqgsRzOOwHhGe1BLmA}{local}{local[19]}]
[2016-09-15T19:37:25,854][DEBUG][org.elasticsearch.discovery.zen.publish] [] received version [2], uuid [M2w-VpIFSZaqRKIK_ZdEmA]
[2016-09-15T19:37:25,856][DEBUG][org.elasticsearch.discovery.zen.publish] received diff cluster state version [3] with uuid [wvk6w_CYTXqKgK1Qb4WReA], diff size [91]
[2016-09-15T19:37:25,856][TRACE][org.elasticsearch.discovery.zen.publish] sending commit for cluster state (uuid: [wvk6w_CYTXqKgK1Qb4WReA], version [3]) to [{UNG31vpjSgGLoMzKRsxowA}{GghQvqgsRzOOwHhGe1BLmA}{local}{local[19]}]
[2016-09-15T19:37:25,856][DEBUG][org.elasticsearch.discovery.zen.publish] [] received version [3], uuid [wvk6w_CYTXqKgK1Qb4WReA]
[2016-09-15T19:37:25,859][INFO ][org.elasticsearch.test.transport] publish_address {local[20]}, bound_addresses {local[20]}
[2016-09-15T19:37:25,863][DEBUG][org.elasticsearch.discovery.zen.publish] received diff cluster state version [4] with uuid [14GwJqwNS8uzWiK3xrL-GQ], diff size [268]
[2016-09-15T19:37:25,863][TRACE][org.elasticsearch.discovery.zen.publish] master node {UNG31vpjSgGLoMzKRsxowA}{GghQvqgsRzOOwHhGe1BLmA}{local}{local[19]} acked cluster state version [4]. processing ... (current pending [2], needed [2])
[2016-09-15T19:37:25,892][DEBUG][org.elasticsearch.discovery.zen.publish] received full cluster state version [4] with size [262]
[2016-09-15T19:37:25,893][TRACE][org.elasticsearch.discovery.zen.publish] master node {pKfnGIqOQZim17Ax-zSU4g}{dUFSfwNoTvSUhRiQY5VCnw}{local}{local[20]} acked cluster state version [4]. processing ... (current pending [1], needed [1])
[2016-09-15T19:37:25,893][TRACE][org.elasticsearch.discovery.zen.publish] committing version [4]
[2016-09-15T19:37:25,893][TRACE][org.elasticsearch.discovery.zen.publish] sending commit for cluster state (uuid: [14GwJqwNS8uzWiK3xrL-GQ], version [4]) to [{UNG31vpjSgGLoMzKRsxowA}{GghQvqgsRzOOwHhGe1BLmA}{local}{local[19]}]
[2016-09-15T19:37:25,893][TRACE][org.elasticsearch.discovery.zen.publish] sending commit for cluster state (uuid: [14GwJqwNS8uzWiK3xrL-GQ], version [4]) to [{pKfnGIqOQZim17Ax-zSU4g}{dUFSfwNoTvSUhRiQY5VCnw}{local}{local[20]}]
[2016-09-15T19:37:25,895][DEBUG][org.elasticsearch.discovery.zen.publish] [] received version [4], uuid [14GwJqwNS8uzWiK3xrL-GQ]
[2016-09-15T19:37:25,897][DEBUG][org.elasticsearch.discovery.zen.publish] [] received version [4], uuid [14GwJqwNS8uzWiK3xrL-GQ]
[2016-09-15T19:37:25,899][DEBUG][org.elasticsearch.discovery.zen.publish] received diff cluster state version [5] with uuid [GmFBQMVtTSSA1AkFje3aeQ], diff size [101]
[2016-09-15T19:37:25,899][TRACE][org.elasticsearch.discovery.zen.publish] master node {UNG31vpjSgGLoMzKRsxowA}{GghQvqgsRzOOwHhGe1BLmA}{local}{local[19]} acked cluster state version [5]. processing ... (current pending [2], needed [1])
[2016-09-15T19:37:25,899][TRACE][org.elasticsearch.discovery.zen.publish] committing version [5]
[2016-09-15T19:37:25,899][TRACE][org.elasticsearch.discovery.zen.publish] sending commit for cluster state (uuid: [GmFBQMVtTSSA1AkFje3aeQ], version [5]) to [{UNG31vpjSgGLoMzKRsxowA}{GghQvqgsRzOOwHhGe1BLmA}{local}{local[19]}]
[2016-09-15T19:37:25,909][DEBUG][org.elasticsearch.discovery.zen.publish] received diff cluster state version [5] with uuid [GmFBQMVtTSSA1AkFje3aeQ], diff size [101]
[2016-09-15T19:37:25,911][DEBUG][org.elasticsearch.discovery.zen.publish] [] received version [5], uuid [GmFBQMVtTSSA1AkFje3aeQ]
[2016-09-15T19:37:25,921][TRACE][org.elasticsearch.discovery.zen.publish] sending commit for cluster state (uuid: [GmFBQMVtTSSA1AkFje3aeQ], version [5]) to [{pKfnGIqOQZim17Ax-zSU4g}{dUFSfwNoTvSUhRiQY5VCnw}{local}{local[20]}]
[2016-09-15T19:37:25,958][DEBUG][org.elasticsearch.discovery.zen.publish] [] received version [5], uuid [GmFBQMVtTSSA1AkFje3aeQ]
[2016-09-15T19:37:25,966][DEBUG][org.elasticsearch.discovery.zen.publish] resending full cluster state to node {UNG31vpjSgGLoMzKRsxowA}{GghQvqgsRzOOwHhGe1BLmA}{local}{local[19]} reason RemoteTransportException[[][local[18]][internal:discovery/zen/publish/send]]; nested: IncompatibleClusterStateVersionException[Expected diff for version 5 with uuid GmFBQMVtTSSA1AkFje3aeQ got version 6 and uuid s6L1JTr6TPy2P9WGDwY2Ug];; org.elasticsearch.cluster.IncompatibleClusterStateVersionException: Expected diff for version 5 with uuid GmFBQMVtTSSA1AkFje3aeQ got version 6 and uuid s6L1JTr6TPy2P9WGDwY2Ug
[2016-09-15T19:37:25,970][DEBUG][org.elasticsearch.discovery.zen.publish] resending full cluster state to node {pKfnGIqOQZim17Ax-zSU4g}{dUFSfwNoTvSUhRiQY5VCnw}{local}{local[20]} reason RemoteTransportException[[][local[18]][internal:discovery/zen/publish/send]]; nested: IncompatibleClusterStateVersionException[Expected diff for version 5 with uuid GmFBQMVtTSSA1AkFje3aeQ got version 6 and uuid s6L1JTr6TPy2P9WGDwY2Ug];; org.elasticsearch.cluster.IncompatibleClusterStateVersionException: Expected diff for version 5 with uuid GmFBQMVtTSSA1AkFje3aeQ got version 6 and uuid s6L1JTr6TPy2P9WGDwY2Ug
[2016-09-15T19:37:25,984][DEBUG][org.elasticsearch.discovery.zen.publish] received full cluster state version [6] with size [270]
[2016-09-15T19:37:25,986][DEBUG][org.elasticsearch.discovery.zen.publish] received full cluster state version [6] with size [270]
[2016-09-15T19:37:25,986][TRACE][org.elasticsearch.discovery.zen.publish] sending commit for cluster state (uuid: [288aGus9Q_C5omq_K4Bpvg], version [6]) to [{UNG31vpjSgGLoMzKRsxowA}{GghQvqgsRzOOwHhGe1BLmA}{local}{local[19]}]
[2016-09-15T19:37:25,988][TRACE][org.elasticsearch.discovery.zen.publish] sending commit for cluster state (uuid: [288aGus9Q_C5omq_K4Bpvg], version [6]) to [{pKfnGIqOQZim17Ax-zSU4g}{dUFSfwNoTvSUhRiQY5VCnw}{local}{local[20]}]
[2016-09-15T19:37:25,993][DEBUG][org.elasticsearch.discovery.zen.publish] [] received version [6], uuid [288aGus9Q_C5omq_K4Bpvg]
[2016-09-15T19:37:25,995][DEBUG][org.elasticsearch.discovery.zen.publish] [] received version [6], uuid [288aGus9Q_C5omq_K4Bpvg]
[2016-09-15T19:37:26,000][DEBUG][org.elasticsearch.discovery.zen.publish] received diff for but don't have any local cluster state - requesting full state
[2016-09-15T19:37:26,001][DEBUG][org.elasticsearch.discovery.zen.publish] resending full cluster state to node {DQjXvEB6Sjqj-6PC2K2Ouw}{Nvp0H1KHTtaV9ZPk6tvi5g}{local}{local[18]} reason RemoteTransportException[[][local[19]][internal:discovery/zen/publish/send]]; nested: IncompatibleClusterStateVersionException[have no local cluster state];; org.elasticsearch.cluster.IncompatibleClusterStateVersionException: have no local cluster state
[2016-09-15T19:37:26,001][DEBUG][org.elasticsearch.discovery.zen.publish] resending full cluster state to node {pKfnGIqOQZim17Ax-zSU4g}{dUFSfwNoTvSUhRiQY5VCnw}{local}{local[20]} reason RemoteTransportException[[][local[19]][internal:discovery/zen/publish/send]]; nested: IncompatibleClusterStateVersionException[Expected diff for version 6 with uuid 288aGus9Q_C5omq_K4Bpvg got version 7 and uuid KH6uwOQWQnatefjbZftHFw];; org.elasticsearch.cluster.IncompatibleClusterStateVersionException: Expected diff for version 6 with uuid 288aGus9Q_C5omq_K4Bpvg got version 7 and uuid KH6uwOQWQnatefjbZftHFw
[2016-09-15T19:37:26,002][DEBUG][org.elasticsearch.discovery.zen.publish] received full cluster state version [7] with size [268]
[2016-09-15T19:37:26,002][DEBUG][org.elasticsearch.discovery.zen.publish] received full cluster state version [7] with size [268]
[2016-09-15T19:37:26,003][TRACE][org.elasticsearch.discovery.zen.publish] sending commit for cluster state (uuid: [2z3mKJUBTjWquZUjHeXBBw], version [7]) to [{DQjXvEB6Sjqj-6PC2K2Ouw}{Nvp0H1KHTtaV9ZPk6tvi5g}{local}{local[18]}]
[2016-09-15T19:37:26,003][TRACE][org.elasticsearch.discovery.zen.publish] sending commit for cluster state (uuid: [2z3mKJUBTjWquZUjHeXBBw], version [7]) to [{pKfnGIqOQZim17Ax-zSU4g}{dUFSfwNoTvSUhRiQY5VCnw}{local}{local[20]}]
[2016-09-15T19:37:26,003][DEBUG][org.elasticsearch.discovery.zen.publish] [] received version [7], uuid [2z3mKJUBTjWquZUjHeXBBw]
[2016-09-15T19:37:26,003][DEBUG][org.elasticsearch.discovery.zen.publish] [] received version [7], uuid [2z3mKJUBTjWquZUjHeXBBw]
[2016-09-15T19:37:26,022][INFO ][org.elasticsearch.test.transport] publish_address {local[21]}, bound_addresses {local[21]}
[2016-09-15T19:37:26,102][INFO ][org.elasticsearch.discovery.zen.publish] --> publishing states
[2016-09-15T19:37:26,102][DEBUG][org.elasticsearch.discovery.zen.publish] received full cluster state version [1] with size [160]
[2016-09-15T19:37:26,103][DEBUG][org.elasticsearch.discovery.zen.publish] received full cluster state version [2] with size [161]
[2016-09-15T19:37:26,103][DEBUG][org.elasticsearch.discovery.zen.publish] received full cluster state version [3] with size [161]
[2016-09-15T19:37:26,104][DEBUG][org.elasticsearch.discovery.zen.publish] received full cluster state version [4] with size [161]
[2016-09-15T19:37:26,104][DEBUG][org.elasticsearch.discovery.zen.publish] received full cluster state version [5] with size [161]
[2016-09-15T19:37:26,105][DEBUG][org.elasticsearch.discovery.zen.publish] received full cluster state version [6] with size [161]
[2016-09-15T19:37:26,105][DEBUG][org.elasticsearch.discovery.zen.publish] received full cluster state version [7] with size [161]
[2016-09-15T19:37:26,106][DEBUG][org.elasticsearch.discovery.zen.publish] received full cluster state version [8] with size [161]
[2016-09-15T19:37:26,106][INFO ][org.elasticsearch.discovery.zen.publish] --> committing states
[2016-09-15T19:37:26,106][DEBUG][org.elasticsearch.discovery.zen.publish] [] received version [8], uuid [lMc1LiilTKacypgHOc_Pwg]
[2016-09-15T19:37:26,106][TRACE][org.elasticsearch.discovery.zen.publish] processing pending state uuid[kyfYUFPeToSyw1AuIzVraA]/v[1] together with state uuid[lMc1LiilTKacypgHOc_Pwg]/v[8]
[2016-09-15T19:37:26,106][TRACE][org.elasticsearch.discovery.zen.publish] processing pending state uuid[rsoNU18yROSYe-vvOYogcA]/v[2] together with state uuid[lMc1LiilTKacypgHOc_Pwg]/v[8]
[2016-09-15T19:37:26,107][TRACE][org.elasticsearch.discovery.zen.publish] processing pending state uuid[QboOS1YQTOO0Mep8A0uU9Q]/v[3] together with state uuid[lMc1LiilTKacypgHOc_Pwg]/v[8]
[2016-09-15T19:37:26,107][TRACE][org.elasticsearch.discovery.zen.publish] processing pending state uuid[c7toaSNOTHeAlAKIJ_HM5A]/v[4] together with state uuid[lMc1LiilTKacypgHOc_Pwg]/v[8]
[2016-09-15T19:37:26,107][TRACE][org.elasticsearch.discovery.zen.publish] processing pending state uuid[JbpSh5_VRDmF2f3e8Dnvow]/v[5] together with state uuid[lMc1LiilTKacypgHOc_Pwg]/v[8]
[2016-09-15T19:37:26,107][TRACE][org.elasticsearch.discovery.zen.publish] processing pending state uuid[pkuxlZ5oRv-ovB99V5D0QQ]/v[6] together with state uuid[lMc1LiilTKacypgHOc_Pwg]/v[8]
[2016-09-15T19:37:26,107][TRACE][org.elasticsearch.discovery.zen.publish] processing pending state uuid[6GNT38zmSaS_rkuJofyF_Q]/v[7] together with state uuid[lMc1LiilTKacypgHOc_Pwg]/v[8]
[2016-09-15T19:37:26,148][INFO ][org.elasticsearch.test.transport] publish_address {local[22]}, bound_addresses {local[22]}
[2016-09-15T19:37:26,183][INFO ][org.elasticsearch.test.transport] publish_address {local[23]}, bound_addresses {local[23]}
[2016-09-15T19:37:26,199][DEBUG][org.elasticsearch.discovery.zen.publish] received full cluster state version [1] with size [211]
[2016-09-15T19:37:26,207][TRACE][org.elasticsearch.discovery.zen.publish] sending commit for cluster state (uuid: [V9_zjnQkTSGFShXRIds5mg], version [1]) to [{uvDEyFRETR6JfTlf0D6JDg}{Ka2T1u21TpCea-JyaszLAA}{local}{local[23]}]
[2016-09-15T19:37:26,218][DEBUG][org.elasticsearch.discovery.zen.publish] [] received version [1], uuid [V9_zjnQkTSGFShXRIds5mg]
[2016-09-15T19:37:26,222][DEBUG][org.elasticsearch.discovery.zen.publish] received full cluster state version [2] with size [252]
[2016-09-15T19:37:26,232][TRACE][org.elasticsearch.discovery.zen.publish] sending commit for cluster state (uuid: [ijszZxHCQXmRIwKizCnhHg], version [2]) to [{uvDEyFRETR6JfTlf0D6JDg}{Ka2T1u21TpCea-JyaszLAA}{local}{local[23]}]
[2016-09-15T19:37:26,244][DEBUG][org.elasticsearch.discovery.zen.publish] [] received version [2], uuid [ijszZxHCQXmRIwKizCnhHg]
[2016-09-15T19:37:26,265][INFO ][org.elasticsearch.test.transport] publish_address {local[24]}, bound_addresses {local[24]}
[2016-09-15T19:37:26,269][INFO ][org.elasticsearch.test.transport] publish_address {local[25]}, bound_addresses {local[25]}
[2016-09-15T19:37:26,274][DEBUG][org.elasticsearch.discovery.zen.publish] received diff for but don't have any local cluster state - requesting full state
[2016-09-15T19:37:26,276][DEBUG][org.elasticsearch.discovery.zen.publish] resending full cluster state to node {E1FFAZy4TeGE0utMMhfBcA}{ml7u9CGHQLSYKrOkcYKAJA}{local}{local[25]} reason RemoteTransportException[[][local[24]][internal:discovery/zen/publish/send]]; nested: IncompatibleClusterStateVersionException[have no local cluster state];; org.elasticsearch.cluster.IncompatibleClusterStateVersionException: have no local cluster state
[2016-09-15T19:37:26,278][DEBUG][org.elasticsearch.discovery.zen.publish] received full cluster state version [1] with size [210]
[2016-09-15T19:37:26,279][TRACE][org.elasticsearch.discovery.zen.publish] sending commit for cluster state (uuid: [AUz5AOrOQxu7C9Ub-iS5AA], version [1]) to [{E1FFAZy4TeGE0utMMhfBcA}{ml7u9CGHQLSYKrOkcYKAJA}{local}{local[25]}]
[2016-09-15T19:37:26,284][DEBUG][org.elasticsearch.discovery.zen.publish] [] received version [1], uuid [AUz5AOrOQxu7C9Ub-iS5AA]
[2016-09-15T19:37:26,326][INFO ][org.elasticsearch.test.transport] publish_address {local[26]}, bound_addresses {local[26]}
[2016-09-15T19:37:26,332][INFO ][org.elasticsearch.test.transport] publish_address {local[27]}, bound_addresses {local[27]}
[2016-09-15T19:37:26,340][DEBUG][org.elasticsearch.discovery.zen.publish] received diff for but don't have any local cluster state - requesting full state
[2016-09-15T19:37:26,342][DEBUG][org.elasticsearch.discovery.zen.publish] resending full cluster state to node {3Jed_M2mS1G0cBVMQthA1A}{hbw5xB9XSVWCyg86m1Z__g}{local}{local[27]} reason RemoteTransportException[[][local[26]][internal:discovery/zen/publish/send]]; nested: IncompatibleClusterStateVersionException[have no local cluster state];; org.elasticsearch.cluster.IncompatibleClusterStateVersionException: have no local cluster state
[2016-09-15T19:37:26,344][DEBUG][org.elasticsearch.discovery.zen.publish] received full cluster state version [1] with size [211]
[2016-09-15T19:37:26,345][TRACE][org.elasticsearch.discovery.zen.publish] master node {3Jed_M2mS1G0cBVMQthA1A}{hbw5xB9XSVWCyg86m1Z__g}{local}{local[27]} acked cluster state version [1]. processing ... (current pending [1], needed [1])
[2016-09-15T19:37:26,345][TRACE][org.elasticsearch.discovery.zen.publish] committing version [1]
[2016-09-15T19:37:26,345][TRACE][org.elasticsearch.discovery.zen.publish] sending commit for cluster state (uuid: [q-jD4P4CSbWVq_iYgwtPqw], version [1]) to [{3Jed_M2mS1G0cBVMQthA1A}{hbw5xB9XSVWCyg86m1Z__g}{local}{local[27]}]
[2016-09-15T19:37:26,346][DEBUG][org.elasticsearch.discovery.zen.publish] [] received version [1], uuid [q-jD4P4CSbWVq_iYgwtPqw]
[2016-09-15T19:37:26,349][DEBUG][org.elasticsearch.discovery.zen.publish] received diff cluster state version [2] with uuid [mVse7XMpTnuQyS9KH87yXw], diff size [133]
[2016-09-15T19:37:26,350][TRACE][org.elasticsearch.discovery.zen.publish] sending commit for cluster state (uuid: [mVse7XMpTnuQyS9KH87yXw], version [2]) to [{3Jed_M2mS1G0cBVMQthA1A}{hbw5xB9XSVWCyg86m1Z__g}{local}{local[27]}]
[2016-09-15T19:37:26,350][DEBUG][org.elasticsearch.discovery.zen.publish] [] received version [2], uuid [mVse7XMpTnuQyS9KH87yXw]
[2016-09-15T19:37:26,362][INFO ][org.elasticsearch.test.transport] publish_address {local[28]}, bound_addresses {local[28]}
[2016-09-15T19:37:26,373][INFO ][org.elasticsearch.test.transport] publish_address {local[29]}, bound_addresses {local[29]}
[2016-09-15T19:37:26,376][DEBUG][org.elasticsearch.discovery.zen.publish] --> publishing version [1], UUID [7qz2FhzsTbiWL7TqdLR4hg]
[2016-09-15T19:37:26,377][DEBUG][org.elasticsearch.discovery.zen.publish] received full cluster state version [1] with size [212]
[2016-09-15T19:37:26,378][TRACE][org.elasticsearch.discovery.zen.publish] master node {BqS38VkMSFmQN_ZfoYzdpg}{GKwXeG2kTweGYVjh5hT_zQ}{local}{local[29]} acked cluster state version [1]. processing ... (current pending [1], needed [1])
[2016-09-15T19:37:26,379][TRACE][org.elasticsearch.discovery.zen.publish] committing version [1]
[2016-09-15T19:37:26,379][TRACE][org.elasticsearch.discovery.zen.publish] sending commit for cluster state (uuid: [7qz2FhzsTbiWL7TqdLR4hg], version [1]) to [{BqS38VkMSFmQN_ZfoYzdpg}{GKwXeG2kTweGYVjh5hT_zQ}{local}{local[29]}]
[2016-09-15T19:37:26,380][DEBUG][org.elasticsearch.discovery.zen.publish] [] received version [1], uuid [7qz2FhzsTbiWL7TqdLR4hg]
[2016-09-15T19:37:26,382][DEBUG][org.elasticsearch.discovery.zen.publish] --> publishing [succeeded], verifying...
[2016-09-15T19:37:26,383][DEBUG][org.elasticsearch.discovery.zen.publish] --> publishing version [2], UUID [yu_ipTZdTZmwOJLZOC0ZTw]
[2016-09-15T19:37:26,385][TRACE][org.elasticsearch.discovery.zen.publish] failed to commit version [2]. timed out waiting for commit (commit timeout [1ms])
[2016-09-15T19:37:26,387][DEBUG][org.elasticsearch.discovery.zen.publish] --> publishing [failed], verifying...
[2016-09-15T19:37:26,387][DEBUG][org.elasticsearch.discovery.zen.publish] --> publishing version [3], UUID [S1FaXtycQJ6GUbj-Tz46pQ]
[2016-09-15T19:37:26,391][DEBUG][org.elasticsearch.discovery.zen.publish] received full cluster state version [2] with size [214]
[2016-09-15T19:37:26,392][TRACE][org.elasticsearch.discovery.zen.publish] failed to commit version [3]. timed out waiting for commit (commit timeout [1ms])
[2016-09-15T19:37:26,392][DEBUG][org.elasticsearch.discovery.zen.publish] --> publishing [failed], verifying...
[2016-09-15T19:37:26,393][DEBUG][org.elasticsearch.discovery.zen.publish] --> publishing version [4], UUID [3uLHBeIMSIOriWO9uKR3RQ]
[2016-09-15T19:37:26,393][DEBUG][org.elasticsearch.discovery.zen.publish] received full cluster state version [4] with size [214]
[2016-09-15T19:37:26,395][DEBUG][org.elasticsearch.discovery.zen.publish] received full cluster state version [3] with size [214]
[2016-09-15T19:37:26,396][TRACE][org.elasticsearch.discovery.zen.publish] ignoring ack from [{BqS38VkMSFmQN_ZfoYzdpg}{GKwXeG2kTweGYVjh5hT_zQ}{local}{local[29]}] for cluster state version [3]. already failed
[2016-09-15T19:37:26,396][TRACE][org.elasticsearch.discovery.zen.publish] failed to commit version [4]. timed out waiting for commit (commit timeout [1ms])
[2016-09-15T19:37:26,397][DEBUG][org.elasticsearch.discovery.zen.publish] --> publishing [failed], verifying...
[2016-09-15T19:37:26,397][DEBUG][org.elasticsearch.discovery.zen.publish] --> publishing version [5], UUID [ekN-0vJcQniPtrHv8K1qcw]
[2016-09-15T19:37:26,397][TRACE][org.elasticsearch.discovery.zen.publish] ignoring ack from [{BqS38VkMSFmQN_ZfoYzdpg}{GKwXeG2kTweGYVjh5hT_zQ}{local}{local[29]}] for cluster state version [2]. already failed
[2016-09-15T19:37:26,397][TRACE][org.elasticsearch.discovery.zen.publish] ignoring ack from [{BqS38VkMSFmQN_ZfoYzdpg}{GKwXeG2kTweGYVjh5hT_zQ}{local}{local[29]}] for cluster state version [4]. already failed
[2016-09-15T19:37:26,398][DEBUG][org.elasticsearch.discovery.zen.publish] received full cluster state version [5] with size [214]
[2016-09-15T19:37:26,398][TRACE][org.elasticsearch.discovery.zen.publish] master node {BqS38VkMSFmQN_ZfoYzdpg}{GKwXeG2kTweGYVjh5hT_zQ}{local}{local[29]} acked cluster state version [5]. processing ... (current pending [1], needed [1])
[2016-09-15T19:37:26,398][TRACE][org.elasticsearch.discovery.zen.publish] committing version [5]
[2016-09-15T19:37:26,398][TRACE][org.elasticsearch.discovery.zen.publish] sending commit for cluster state (uuid: [ekN-0vJcQniPtrHv8K1qcw], version [5]) to [{BqS38VkMSFmQN_ZfoYzdpg}{GKwXeG2kTweGYVjh5hT_zQ}{local}{local[29]}]
[2016-09-15T19:37:26,399][DEBUG][org.elasticsearch.discovery.zen.publish] [] received version [5], uuid [ekN-0vJcQniPtrHv8K1qcw]
[2016-09-15T19:37:26,399][TRACE][org.elasticsearch.discovery.zen.publish] processing pending state uuid[yu_ipTZdTZmwOJLZOC0ZTw]/v[2] together with state uuid[ekN-0vJcQniPtrHv8K1qcw]/v[5]
[2016-09-15T19:37:26,399][TRACE][org.elasticsearch.discovery.zen.publish] processing pending state uuid[3uLHBeIMSIOriWO9uKR3RQ]/v[4] together with state uuid[ekN-0vJcQniPtrHv8K1qcw]/v[5]
[2016-09-15T19:37:26,399][TRACE][org.elasticsearch.discovery.zen.publish] processing pending state uuid[S1FaXtycQJ6GUbj-Tz46pQ]/v[3] together with state uuid[ekN-0vJcQniPtrHv8K1qcw]/v[5]
[2016-09-15T19:37:26,399][DEBUG][org.elasticsearch.discovery.zen.publish] --> publishing [succeeded], verifying...
[2016-09-15T19:37:26,399][DEBUG][org.elasticsearch.discovery.zen.publish] --> publishing version [6], UUID [DBCZ6oElRxqxPQr7AkEWWA]
[2016-09-15T19:37:26,400][DEBUG][org.elasticsearch.discovery.zen.publish] received full cluster state version [6] with size [214]
[2016-09-15T19:37:26,400][TRACE][org.elasticsearch.discovery.zen.publish] master node {BqS38VkMSFmQN_ZfoYzdpg}{GKwXeG2kTweGYVjh5hT_zQ}{local}{local[29]} acked cluster state version [6]. processing ... (current pending [1], needed [1])
[2016-09-15T19:37:26,400][TRACE][org.elasticsearch.discovery.zen.publish] committing version [6]
[2016-09-15T19:37:26,400][TRACE][org.elasticsearch.discovery.zen.publish] sending commit for cluster state (uuid: [DBCZ6oElRxqxPQr7AkEWWA], version [6]) to [{BqS38VkMSFmQN_ZfoYzdpg}{GKwXeG2kTweGYVjh5hT_zQ}{local}{local[29]}]
[2016-09-15T19:37:26,401][DEBUG][org.elasticsearch.discovery.zen.publish] [] received version [6], uuid [DBCZ6oElRxqxPQr7AkEWWA]
[2016-09-15T19:37:26,401][DEBUG][org.elasticsearch.discovery.zen.publish] --> publishing [succeeded], verifying...
[2016-09-15T19:37:26,401][DEBUG][org.elasticsearch.discovery.zen.publish] --> publishing version [7], UUID [4u7qhqt1TaOQeo_b_a-MDw]
[2016-09-15T19:37:26,402][DEBUG][org.elasticsearch.discovery.zen.publish] received full cluster state version [7] with size [214]
[2016-09-15T19:37:26,402][TRACE][org.elasticsearch.discovery.zen.publish] master node {BqS38VkMSFmQN_ZfoYzdpg}{GKwXeG2kTweGYVjh5hT_zQ}{local}{local[29]} acked cluster state version [7]. processing ... (current pending [1], needed [1])
[2016-09-15T19:37:26,402][TRACE][org.elasticsearch.discovery.zen.publish] committing version [7]
[2016-09-15T19:37:26,402][TRACE][org.elasticsearch.discovery.zen.publish] sending commit for cluster state (uuid: [4u7qhqt1TaOQeo_b_a-MDw], version [7]) to [{BqS38VkMSFmQN_ZfoYzdpg}{GKwXeG2kTweGYVjh5hT_zQ}{local}{local[29]}]
[2016-09-15T19:37:26,402][DEBUG][org.elasticsearch.discovery.zen.publish] [] received version [7], uuid [4u7qhqt1TaOQeo_b_a-MDw]
[2016-09-15T19:37:26,403][DEBUG][org.elasticsearch.discovery.zen.publish] --> publishing [succeeded], verifying...
[2016-09-15T19:37:26,403][DEBUG][org.elasticsearch.discovery.zen.publish] --> publishing version [8], UUID [cOiGpjCbQLO_Dyel6ibz9g]
[2016-09-15T19:37:26,404][DEBUG][org.elasticsearch.discovery.zen.publish] received full cluster state version [8] with size [214]
[2016-09-15T19:37:26,404][TRACE][org.elasticsearch.discovery.zen.publish] master node {BqS38VkMSFmQN_ZfoYzdpg}{GKwXeG2kTweGYVjh5hT_zQ}{local}{local[29]} acked cluster state version [8]. processing ... (current pending [1], needed [1])
[2016-09-15T19:37:26,404][TRACE][org.elasticsearch.discovery.zen.publish] committing version [8]
[2016-09-15T19:37:26,404][TRACE][org.elasticsearch.discovery.zen.publish] sending commit for cluster state (uuid: [cOiGpjCbQLO_Dyel6ibz9g], version [8]) to [{BqS38VkMSFmQN_ZfoYzdpg}{GKwXeG2kTweGYVjh5hT_zQ}{local}{local[29]}]
[2016-09-15T19:37:26,404][DEBUG][org.elasticsearch.discovery.zen.publish] [] received version [8], uuid [cOiGpjCbQLO_Dyel6ibz9g]
[2016-09-15T19:37:26,405][DEBUG][org.elasticsearch.discovery.zen.publish] --> publishing [succeeded], verifying...
[2016-09-15T19:37:26,408][DEBUG][org.elasticsearch.discovery.zen.publish] --> publishing version [9], UUID [0_priDZ3TDS5SPv7XiGVYQ]
[2016-09-15T19:37:26,412][DEBUG][org.elasticsearch.discovery.zen.publish] received full cluster state version [9] with size [214]
[2016-09-15T19:37:26,412][TRACE][org.elasticsearch.discovery.zen.publish] failed to commit version [9]. timed out waiting for commit (commit timeout [1ms])
[2016-09-15T19:37:26,412][DEBUG][org.elasticsearch.discovery.zen.publish] --> publishing [failed], verifying...
[2016-09-15T19:37:26,413][DEBUG][org.elasticsearch.discovery.zen.publish] --> publishing version [10], UUID [ZjWEMzRhRNW9aCaViGI3sg]
[2016-09-15T19:37:26,419][DEBUG][org.elasticsearch.discovery.zen.publish] received full cluster state version [10] with size [214]
[2016-09-15T19:37:26,419][TRACE][org.elasticsearch.discovery.zen.publish] failed to commit version [10]. timed out waiting for commit (commit timeout [1ms])
[2016-09-15T19:37:26,419][TRACE][org.elasticsearch.discovery.zen.publish] ignoring ack from [{BqS38VkMSFmQN_ZfoYzdpg}{GKwXeG2kTweGYVjh5hT_zQ}{local}{local[29]}] for cluster state version [9]. already failed
[2016-09-15T19:37:26,419][DEBUG][org.elasticsearch.discovery.zen.publish] --> publishing [failed], verifying...
[2016-09-15T19:37:26,420][TRACE][org.elasticsearch.discovery.zen.publish] ignoring ack from [{BqS38VkMSFmQN_ZfoYzdpg}{GKwXeG2kTweGYVjh5hT_zQ}{local}{local[29]}] for cluster state version [10]. already failed
[2016-09-15T19:37:26,427][INFO ][org.elasticsearch.test.transport] publish_address {local[30]}, bound_addresses {local[30]}
[2016-09-15T19:37:26,432][INFO ][org.elasticsearch.test.transport] publish_address {local[31]}, bound_addresses {local[31]}
[2016-09-15T19:37:26,437][INFO ][org.elasticsearch.test.transport] publish_address {local[32]}, bound_addresses {local[32]}
[2016-09-15T19:37:26,445][INFO ][org.elasticsearch.test.transport] publish_address {local[33]}, bound_addresses {local[33]}
[2016-09-15T19:37:26,449][INFO ][org.elasticsearch.test.transport] publish_address {local[34]}, bound_addresses {local[34]}
[2016-09-15T19:37:26,453][INFO ][org.elasticsearch.test.transport] publish_address {local[35]}, bound_addresses {local[35]}
[2016-09-15T19:37:26,458][INFO ][org.elasticsearch.test.transport] publish_address {local[36]}, bound_addresses {local[36]}
[2016-09-15T19:37:26,463][INFO ][org.elasticsearch.test.transport] publish_address {local[37]}, bound_addresses {local[37]}
[2016-09-15T19:37:26,467][INFO ][org.elasticsearch.test.transport] publish_address {local[38]}, bound_addresses {local[38]}
[2016-09-15T19:37:26,472][INFO ][org.elasticsearch.test.transport] publish_address {local[39]}, bound_addresses {local[39]}
[2016-09-15T19:37:26,484][INFO ][org.elasticsearch.test.transport] publish_address {local[40]}, bound_addresses {local[40]}
[2016-09-15T19:37:26,488][INFO ][org.elasticsearch.test.transport] publish_address {local[41]}, bound_addresses {local[41]}
[2016-09-15T19:37:26,492][INFO ][org.elasticsearch.discovery.zen.publish] --> expecting commit to succeed. good nodes [5], errors [4], timeouts [2]. min_master_nodes [5]
[2016-09-15T19:37:26,501][DEBUG][org.elasticsearch.discovery.zen.publish] received full cluster state version [0] with size [615]
[2016-09-15T19:37:26,503][DEBUG][org.elasticsearch.discovery.zen.publish] received full cluster state version [0] with size [615]
[2016-09-15T19:37:26,503][DEBUG][org.elasticsearch.discovery.zen.publish] received full cluster state version [0] with size [615]
[2016-09-15T19:37:26,504][DEBUG][org.elasticsearch.discovery.zen.publish] received full cluster state version [0] with size [615]
[2016-09-15T19:37:26,507][DEBUG][org.elasticsearch.discovery.zen.publish] failed to send cluster state to {W-PZrMVsQrODlBoczKZGFg}{usgceW6lSg2G8PL6gKr-uQ}{local}{local[38]}
org.elasticsearch.transport.RemoteTransportException: [][local[30]][internal:discovery/zen/publish/send]
Caused by: org.elasticsearch.ElasticsearchException: forced error on incoming cluster state
	at org.elasticsearch.discovery.zen.publish.PublishClusterStateActionTests$MockPublishAction.handleIncomingClusterStateRequest(PublishClusterStateActionTests.java:860) ~[test/:?]
	at org.elasticsearch.discovery.zen.publish.PublishClusterStateAction$SendClusterStateRequestHandler.messageReceived(PublishClusterStateAction.java:459) ~[main/:?]
	at org.elasticsearch.discovery.zen.publish.PublishClusterStateAction$SendClusterStateRequestHandler.messageReceived(PublishClusterStateAction.java:455) ~[main/:?]
	at org.elasticsearch.transport.TransportRequestHandler.messageReceived(TransportRequestHandler.java:33) ~[main/:?]
	at org.elasticsearch.transport.RequestHandlerRegistry.processMessageReceived(RequestHandlerRegistry.java:69) ~[main/:?]
	at org.elasticsearch.transport.local.LocalTransport.handleRequest(LocalTransport.java:335) ~[main/:?]
	at org.elasticsearch.transport.local.LocalTransport.processReceivedMessage(LocalTransport.java:283) ~[main/:?]
	at org.elasticsearch.transport.local.LocalTransport.lambda$receiveMessage$929(LocalTransport.java:251) ~[main/:?]
	at org.elasticsearch.common.util.concurrent.ThreadContext$ContextPreservingRunnable.run(ThreadContext.java:444) [main/:?]
	at java.util.concurrent.ThreadPoolExecutor.runWorker(ThreadPoolExecutor.java:1142) [?:1.8.0_65]
	at java.util.concurrent.ThreadPoolExecutor$Worker.run(ThreadPoolExecutor.java:617) [?:1.8.0_65]
	at java.lang.Thread.run(Thread.java:745) [?:1.8.0_65]
[2016-09-15T19:37:26,507][DEBUG][org.elasticsearch.discovery.zen.publish] failed to send cluster state to {AXCY0UE2QT6McJbwlSc1VQ}{wcVubC7fSM-yfn2CuqBgGA}{local}{local[35]}
org.elasticsearch.transport.RemoteTransportException: [][local[30]][internal:discovery/zen/publish/send]
Caused by: org.elasticsearch.ElasticsearchException: forced error on incoming cluster state
	at org.elasticsearch.discovery.zen.publish.PublishClusterStateActionTests$MockPublishAction.handleIncomingClusterStateRequest(PublishClusterStateActionTests.java:860) ~[test/:?]
	at org.elasticsearch.discovery.zen.publish.PublishClusterStateAction$SendClusterStateRequestHandler.messageReceived(PublishClusterStateAction.java:459) ~[main/:?]
	at org.elasticsearch.discovery.zen.publish.PublishClusterStateAction$SendClusterStateRequestHandler.messageReceived(PublishClusterStateAction.java:455) ~[main/:?]
	at org.elasticsearch.transport.TransportRequestHandler.messageReceived(TransportRequestHandler.java:33) ~[main/:?]
	at org.elasticsearch.transport.RequestHandlerRegistry.processMessageReceived(RequestHandlerRegistry.java:69) ~[main/:?]
	at org.elasticsearch.transport.local.LocalTransport.handleRequest(LocalTransport.java:335) ~[main/:?]
	at org.elasticsearch.transport.local.LocalTransport.processReceivedMessage(LocalTransport.java:283) ~[main/:?]
	at org.elasticsearch.transport.local.LocalTransport.lambda$receiveMessage$929(LocalTransport.java:251) ~[main/:?]
	at org.elasticsearch.common.util.concurrent.ThreadContext$ContextPreservingRunnable.run(ThreadContext.java:444) [main/:?]
	at java.util.concurrent.ThreadPoolExecutor.runWorker(ThreadPoolExecutor.java:1142) [?:1.8.0_65]
	at java.util.concurrent.ThreadPoolExecutor$Worker.run(ThreadPoolExecutor.java:617) [?:1.8.0_65]
	at java.lang.Thread.run(Thread.java:745) [?:1.8.0_65]
[2016-09-15T19:37:26,510][DEBUG][org.elasticsearch.discovery.zen.publish] failed to send cluster state to {MO9vO6OBSUCiSHjyAomRsQ}{-YsAHLqiT2e1CuK_FNZWuQ}{local}{local[36]}
org.elasticsearch.transport.RemoteTransportException: [][local[30]][internal:discovery/zen/publish/send]
Caused by: org.elasticsearch.ElasticsearchException: forced error on incoming cluster state
	at org.elasticsearch.discovery.zen.publish.PublishClusterStateActionTests$MockPublishAction.handleIncomingClusterStateRequest(PublishClusterStateActionTests.java:860) ~[test/:?]
	at org.elasticsearch.discovery.zen.publish.PublishClusterStateAction$SendClusterStateRequestHandler.messageReceived(PublishClusterStateAction.java:459) ~[main/:?]
	at org.elasticsearch.discovery.zen.publish.PublishClusterStateAction$SendClusterStateRequestHandler.messageReceived(PublishClusterStateAction.java:455) ~[main/:?]
	at org.elasticsearch.transport.TransportRequestHandler.messageReceived(TransportRequestHandler.java:33) ~[main/:?]
	at org.elasticsearch.transport.RequestHandlerRegistry.processMessageReceived(RequestHandlerRegistry.java:69) ~[main/:?]
	at org.elasticsearch.transport.local.LocalTransport.handleRequest(LocalTransport.java:335) ~[main/:?]
	at org.elasticsearch.transport.local.LocalTransport.processReceivedMessage(LocalTransport.java:283) ~[main/:?]
	at org.elasticsearch.transport.local.LocalTransport.lambda$receiveMessage$929(LocalTransport.java:251) ~[main/:?]
	at org.elasticsearch.common.util.concurrent.ThreadContext$ContextPreservingRunnable.run(ThreadContext.java:444) [main/:?]
	at java.util.concurrent.ThreadPoolExecutor.runWorker(ThreadPoolExecutor.java:1142) [?:1.8.0_65]
	at java.util.concurrent.ThreadPoolExecutor$Worker.run(ThreadPoolExecutor.java:617) [?:1.8.0_65]
	at java.lang.Thread.run(Thread.java:745) [?:1.8.0_65]
[2016-09-15T19:37:26,512][TRACE][org.elasticsearch.discovery.zen.publish] master node {W-PZrMVsQrODlBoczKZGFg}{usgceW6lSg2G8PL6gKr-uQ}{local}{local[38]} failed to ack cluster state version [0]. processing ... (current pending [10], needed [4])
[2016-09-15T19:37:26,508][DEBUG][org.elasticsearch.discovery.zen.publish] failed to send cluster state to {ol2SUoI5R3-iCuGa8BTcrQ}{y_IvfnhRR0Go4jzOgoVY0w}{local}{local[41]}
org.elasticsearch.transport.RemoteTransportException: [][local[30]][internal:discovery/zen/publish/send]
Caused by: org.elasticsearch.ElasticsearchException: forced error on incoming cluster state
	at org.elasticsearch.discovery.zen.publish.PublishClusterStateActionTests$MockPublishAction.handleIncomingClusterStateRequest(PublishClusterStateActionTests.java:860) ~[test/:?]
	at org.elasticsearch.discovery.zen.publish.PublishClusterStateAction$SendClusterStateRequestHandler.messageReceived(PublishClusterStateAction.java:459) ~[main/:?]
	at org.elasticsearch.discovery.zen.publish.PublishClusterStateAction$SendClusterStateRequestHandler.messageReceived(PublishClusterStateAction.java:455) ~[main/:?]
	at org.elasticsearch.transport.TransportRequestHandler.messageReceived(TransportRequestHandler.java:33) ~[main/:?]
	at org.elasticsearch.transport.RequestHandlerRegistry.processMessageReceived(RequestHandlerRegistry.java:69) ~[main/:?]
	at org.elasticsearch.transport.local.LocalTransport.handleRequest(LocalTransport.java:335) ~[main/:?]
	at org.elasticsearch.transport.local.LocalTransport.processReceivedMessage(LocalTransport.java:283) ~[main/:?]
	at org.elasticsearch.transport.local.LocalTransport.lambda$receiveMessage$929(LocalTransport.java:251) ~[main/:?]
	at org.elasticsearch.common.util.concurrent.ThreadContext$ContextPreservingRunnable.run(ThreadContext.java:444) [main/:?]
	at java.util.concurrent.ThreadPoolExecutor.runWorker(ThreadPoolExecutor.java:1142) [?:1.8.0_65]
	at java.util.concurrent.ThreadPoolExecutor$Worker.run(ThreadPoolExecutor.java:617) [?:1.8.0_65]
	at java.lang.Thread.run(Thread.java:745) [?:1.8.0_65]
[2016-09-15T19:37:26,513][TRACE][org.elasticsearch.discovery.zen.publish] master node {MO9vO6OBSUCiSHjyAomRsQ}{-YsAHLqiT2e1CuK_FNZWuQ}{local}{local[36]} failed to ack cluster state version [0]. processing ... (current pending [9], needed [4])
[2016-09-15T19:37:26,513][TRACE][org.elasticsearch.discovery.zen.publish] master node {8-QP04IFSieN3bNEDTfKvw}{ljOb7paMSLGcs0osINEPGA}{local}{local[32]} acked cluster state version [0]. processing ... (current pending [8], needed [4])
[2016-09-15T19:37:26,513][TRACE][org.elasticsearch.discovery.zen.publish] master node {wlbCFMEDSWKjNfrDSuVMyg}{xcoNsoMbTiGAbBUhUMaZPw}{local}{local[33]} acked cluster state version [0]. processing ... (current pending [7], needed [3])
[2016-09-15T19:37:26,513][TRACE][org.elasticsearch.discovery.zen.publish] master node {oojjU1iMQlC8XbF4Nimgag}{Oo8VgYPoS4S9_O-x1w8aeA}{local}{local[31]} acked cluster state version [0]. processing ... (current pending [6], needed [2])
[2016-09-15T19:37:26,513][TRACE][org.elasticsearch.discovery.zen.publish] master node {tQPT8ou5TE-vy22T1QF26A}{WR5oWncGSy2rrjbMUJD_IA}{local}{local[34]} acked cluster state version [0]. processing ... (current pending [5], needed [1])
[2016-09-15T19:37:26,513][TRACE][org.elasticsearch.discovery.zen.publish] committing version [0]
[2016-09-15T19:37:26,513][TRACE][org.elasticsearch.discovery.zen.publish] sending commit for cluster state (uuid: [51O6BRR7TbuOfjllW5_2bw], version [0]) to [{8-QP04IFSieN3bNEDTfKvw}{ljOb7paMSLGcs0osINEPGA}{local}{local[32]}]
[2016-09-15T19:37:26,513][DEBUG][org.elasticsearch.discovery.zen.publish] failed to send cluster state to {JN1VVIZ6SSyPWb0W908ZeQ}{W2dpgJdjR7OTprvSRq3YNw}{local}{local[37]}
org.elasticsearch.transport.RemoteTransportException: [][local[30]][internal:discovery/zen/publish/send]
Caused by: org.elasticsearch.ElasticsearchException: forced error on incoming cluster state
	at org.elasticsearch.discovery.zen.publish.PublishClusterStateActionTests$MockPublishAction.handleIncomingClusterStateRequest(PublishClusterStateActionTests.java:860) ~[test/:?]
	at org.elasticsearch.discovery.zen.publish.PublishClusterStateAction$SendClusterStateRequestHandler.messageReceived(PublishClusterStateAction.java:459) ~[main/:?]
	at org.elasticsearch.discovery.zen.publish.PublishClusterStateAction$SendClusterStateRequestHandler.messageReceived(PublishClusterStateAction.java:455) ~[main/:?]
	at org.elasticsearch.transport.TransportRequestHandler.messageReceived(TransportRequestHandler.java:33) ~[main/:?]
	at org.elasticsearch.transport.RequestHandlerRegistry.processMessageReceived(RequestHandlerRegistry.java:69) ~[main/:?]
	at org.elasticsearch.transport.local.LocalTransport.handleRequest(LocalTransport.java:335) ~[main/:?]
	at org.elasticsearch.transport.local.LocalTransport.processReceivedMessage(LocalTransport.java:283) ~[main/:?]
	at org.elasticsearch.transport.local.LocalTransport.lambda$receiveMessage$929(LocalTransport.java:251) ~[main/:?]
	at org.elasticsearch.common.util.concurrent.ThreadContext$ContextPreservingRunnable.run(ThreadContext.java:444) [main/:?]
	at java.util.concurrent.ThreadPoolExecutor.runWorker(ThreadPoolExecutor.java:1142) [?:1.8.0_65]
	at java.util.concurrent.ThreadPoolExecutor$Worker.run(ThreadPoolExecutor.java:617) [?:1.8.0_65]
	at java.lang.Thread.run(Thread.java:745) [?:1.8.0_65]
[2016-09-15T19:37:26,514][TRACE][org.elasticsearch.discovery.zen.publish] sending commit for cluster state (uuid: [51O6BRR7TbuOfjllW5_2bw], version [0]) to [{wlbCFMEDSWKjNfrDSuVMyg}{xcoNsoMbTiGAbBUhUMaZPw}{local}{local[33]}]
[2016-09-15T19:37:26,514][TRACE][org.elasticsearch.discovery.zen.publish] sending commit for cluster state (uuid: [51O6BRR7TbuOfjllW5_2bw], version [0]) to [{oojjU1iMQlC8XbF4Nimgag}{Oo8VgYPoS4S9_O-x1w8aeA}{local}{local[31]}]
[2016-09-15T19:37:26,514][TRACE][org.elasticsearch.discovery.zen.publish] sending commit for cluster state (uuid: [51O6BRR7TbuOfjllW5_2bw], version [0]) to [{tQPT8ou5TE-vy22T1QF26A}{WR5oWncGSy2rrjbMUJD_IA}{local}{local[34]}]
[2016-09-15T19:37:26,515][TRACE][org.elasticsearch.discovery.zen.publish] master node {AXCY0UE2QT6McJbwlSc1VQ}{wcVubC7fSM-yfn2CuqBgGA}{local}{local[35]} failed to ack cluster state version [0]. processing ... (current pending [4], needed [0])
[2016-09-15T19:37:26,515][TRACE][org.elasticsearch.discovery.zen.publish] master node {JN1VVIZ6SSyPWb0W908ZeQ}{W2dpgJdjR7OTprvSRq3YNw}{local}{local[37]} failed to ack cluster state version [0]. processing ... (current pending [3], needed [0])
[2016-09-15T19:37:26,515][WARN ][org.elasticsearch.discovery.zen.publish] timed out waiting for all nodes to process published state [0] (timeout [5ms], pending nodes: [{tQPT8ou5TE-vy22T1QF26A}{WR5oWncGSy2rrjbMUJD_IA}{local}{local[34]}, {8bdBf1v0RjyRenZ9Amc4yg}{D1Zc68uYTWumf5wDEHxedw}{local}{local[40]}, {c867bXSSTi6rmXrnpL4Dlw}{ZJ3bCLPHSEG79RAhoXWBfg}{local}{local[39]}, {JN1VVIZ6SSyPWb0W908ZeQ}{W2dpgJdjR7OTprvSRq3YNw}{local}{local[37]}, {8-QP04IFSieN3bNEDTfKvw}{ljOb7paMSLGcs0osINEPGA}{local}{local[32]}, {wlbCFMEDSWKjNfrDSuVMyg}{xcoNsoMbTiGAbBUhUMaZPw}{local}{local[33]}, {oojjU1iMQlC8XbF4Nimgag}{Oo8VgYPoS4S9_O-x1w8aeA}{local}{local[31]}])
[2016-09-15T19:37:26,528][DEBUG][org.elasticsearch.discovery.zen.publish] [] received version [0], uuid [51O6BRR7TbuOfjllW5_2bw]
[2016-09-15T19:37:26,528][DEBUG][org.elasticsearch.discovery.zen.publish] [] received version [0], uuid [51O6BRR7TbuOfjllW5_2bw]
[2016-09-15T19:37:26,528][DEBUG][org.elasticsearch.discovery.zen.publish] [] received version [0], uuid [51O6BRR7TbuOfjllW5_2bw]
[2016-09-15T19:37:26,529][DEBUG][org.elasticsearch.discovery.zen.publish] node {8-QP04IFSieN3bNEDTfKvw}{ljOb7paMSLGcs0osINEPGA}{local}{local[32]} responded to cluster state commit [0]
[2016-09-15T19:37:26,529][WARN ][org.elasticsearch.test.transport] Transport response handler not found of id [12]
[2016-09-15T19:37:26,529][DEBUG][org.elasticsearch.discovery.zen.publish] node {tQPT8ou5TE-vy22T1QF26A}{WR5oWncGSy2rrjbMUJD_IA}{local}{local[34]} responded to cluster state commit [0]
[2016-09-15T19:37:26,529][DEBUG][org.elasticsearch.discovery.zen.publish] node {oojjU1iMQlC8XbF4Nimgag}{Oo8VgYPoS4S9_O-x1w8aeA}{local}{local[31]} responded to cluster state commit [0]
[2016-09-15T19:37:26,544][DEBUG][org.elasticsearch.discovery.zen.publish] failed to commit cluster state (uuid [51O6BRR7TbuOfjllW5_2bw], version [0]) to {wlbCFMEDSWKjNfrDSuVMyg}{xcoNsoMbTiGAbBUhUMaZPw}{local}{local[33]}
org.elasticsearch.transport.NodeDisconnectedException: [][local[33]][internal:discovery/zen/publish/commit] disconnected
[2016-09-15T19:37:26,544][DEBUG][org.elasticsearch.discovery.zen.publish] failed to send cluster state to {c867bXSSTi6rmXrnpL4Dlw}{ZJ3bCLPHSEG79RAhoXWBfg}{local}{local[39]}
org.elasticsearch.transport.NodeDisconnectedException: [][local[39]][internal:discovery/zen/publish/send] disconnected
[2016-09-15T19:37:26,545][TRACE][org.elasticsearch.discovery.zen.publish] master node {c867bXSSTi6rmXrnpL4Dlw}{ZJ3bCLPHSEG79RAhoXWBfg}{local}{local[39]} failed to ack cluster state version [0]. processing ... (current pending [2], needed [0])
[2016-09-15T19:37:26,545][DEBUG][org.elasticsearch.discovery.zen.publish] failed to send cluster state to {8bdBf1v0RjyRenZ9Amc4yg}{D1Zc68uYTWumf5wDEHxedw}{local}{local[40]}
org.elasticsearch.transport.NodeDisconnectedException: [][local[40]][internal:discovery/zen/publish/send] disconnected
[2016-09-15T19:37:26,545][TRACE][org.elasticsearch.discovery.zen.publish] master node {8bdBf1v0RjyRenZ9Amc4yg}{D1Zc68uYTWumf5wDEHxedw}{local}{local[40]} failed to ack cluster state version [0]. processing ... (current pending [1], needed [0])
[2016-09-15T19:37:26,554][INFO ][org.elasticsearch.test.transport] publish_address {local[42]}, bound_addresses {local[42]}
[2016-09-15T19:37:26,571][INFO ][org.elasticsearch.test.transport] publish_address {local[43]}, bound_addresses {local[43]}
]]></system-out>
   <system-err><![CDATA[]]></system-err>
</testsuite>