<testsuite errors="0" failures="0" tests="7" skipped="0" name="org.elasticsearch.discovery.zen.publish.PendingClusterStatesQueueTests" hostname="nohost.nodomain" time="0.094" timestamp="2016-09-15T12:39:37">
   <properties class="java.util.ArrayList">
      <property name="awt.toolkit" value="sun.awt.windows.WToolkit"/>
      <property name="file.encoding" value="Cp1252"/>
      <property name="file.encoding.pkg" value="sun.io"/>
      <property name="file.separator" value="\"/>
      <property name="java.awt.graphicsenv" value="sun.awt.Win32GraphicsEnvironment"/>
      <property name="java.awt.headless" value="true"/>
      <property name="java.awt.printerjob" value="sun.awt.windows.WPrinterJob"/>
      <property name="java.class.path" value="C:\projects\team3\core\build\classes\test;C:\projects\team3\core\build\resources\test;C:\projects\team3\core\build\classes\main;C:\projects\team3\core\build\resources\main;C:\Users\domin\.gradle\caches\modules-2\files-2.1\org.apache.lucene\lucene-core\6.2.0\849ee62525a294416802be2cacc66c80352f6f13\lucene-core-6.2.0.jar;C:\Users\domin\.gradle\caches\modules-2\files-2.1\org.apache.lucene\lucene-analyzers-common\6.2.0\d254d52dd394b5079129f3d5f3bf4f2d44a5936e\lucene-analyzers-common-6.2.0.jar;C:\Users\domin\.gradle\caches\modules-2\files-2.1\org.apache.lucene\lucene-backward-codecs\6.2.0\b625bb21456b3c0d1e5e431bced125cb060c1abd\lucene-backward-codecs-6.2.0.jar;C:\Users\domin\.gradle\caches\modules-2\files-2.1\org.apache.lucene\lucene-grouping\6.2.0\9527fedfd5acc624b2bb3f862bd99fb8f470b053\lucene-grouping-6.2.0.jar;C:\Users\domin\.gradle\caches\modules-2\files-2.1\org.apache.lucene\lucene-highlighter\6.2.0\7ca342372a3f45e32bbd21cecaa757e38eccb8a5\lucene-highlighter-6.2.0.jar;C:\Users\domin\.gradle\caches\modules-2\files-2.1\org.apache.lucene\lucene-join\6.2.0\da0b8de98511abd4fe9c7d48a353d17854c5ed46\lucene-join-6.2.0.jar;C:\Users\domin\.gradle\caches\modules-2\files-2.1\org.apache.lucene\lucene-memory\6.2.0\bc9e075b1ee051c8e5246c237c38d8e71dab8a66\lucene-memory-6.2.0.jar;C:\Users\domin\.gradle\caches\modules-2\files-2.1\org.apache.lucene\lucene-misc\6.2.0\94ddde6312566a4da4a50a88e453b6c82c759b41\lucene-misc-6.2.0.jar;C:\Users\domin\.gradle\caches\modules-2\files-2.1\org.apache.lucene\lucene-queries\6.2.0\dce47238f78e3e97d91dc6fefa9f46f07866bc2b\lucene-queries-6.2.0.jar;C:\Users\domin\.gradle\caches\modules-2\files-2.1\org.apache.lucene\lucene-queryparser\6.2.0\17ef728ac15e668bfa1105321611548424637645\lucene-queryparser-6.2.0.jar;C:\Users\domin\.gradle\caches\modules-2\files-2.1\org.apache.lucene\lucene-sandbox\6.2.0\520183f7b9aba77a26e224760c420a3844b0631a\lucene-sandbox-6.2.0.jar;C:\Users\domin\.gradle\caches\modules-2\files-2.1\org.apache.lucene\lucene-spatial\6.2.0\8dba929b66927b936fbc76103b109ad6c824daee\lucene-spatial-6.2.0.jar;C:\Users\domin\.gradle\caches\modules-2\files-2.1\org.apache.lucene\lucene-spatial-extras\6.2.0\3b5a6ef5cd90c0218a72e9e2f7e60104be2447da\lucene-spatial-extras-6.2.0.jar;C:\Users\domin\.gradle\caches\modules-2\files-2.1\org.apache.lucene\lucene-spatial3d\6.2.0\fcdb0567725722c5145149d1502848b6a96ec18d\lucene-spatial3d-6.2.0.jar;C:\Users\domin\.gradle\caches\modules-2\files-2.1\org.apache.lucene\lucene-suggest\6.2.0\3d9d526c51f483d27f425c75d7e56bc0849242d6\lucene-suggest-6.2.0.jar;C:\Users\domin\.gradle\caches\modules-2\files-2.1\org.elasticsearch\securesm\1.1\1e423447d020041534be94c0f31a49fbdc1f2950\securesm-1.1.jar;C:\Users\domin\.gradle\caches\modules-2\files-2.1\net.sf.jopt-simple\jopt-simple\5.0.2\98cafc6081d5632b61be2c9e60650b64ddbc637c\jopt-simple-5.0.2.jar;C:\Users\domin\.gradle\caches\modules-2\files-2.1\com.carrotsearch\hppc\0.7.1\8b5057f74ea378c0150a1860874a3ebdcb713767\hppc-0.7.1.jar;C:\Users\domin\.gradle\caches\modules-2\files-2.1\joda-time\joda-time\2.9.4\1c295b462f16702ebe720bbb08f62e1ba80da41b\joda-time-2.9.4.jar;C:\Users\domin\.gradle\caches\modules-2\files-2.1\org.joda\joda-convert\1.2\35ec554f0cd00c956cc69051514d9488b1374dec\joda-convert-1.2.jar;C:\Users\domin\.gradle\caches\modules-2\files-2.1\org.yaml\snakeyaml\1.15\3b132bea69e8ee099f416044970997bde80f4ea6\snakeyaml-1.15.jar;C:\Users\domin\.gradle\caches\modules-2\files-2.1\com.fasterxml.jackson.core\jackson-core\2.8.1\fd13b1c033741d48291315c6370f7d475a42dccf\jackson-core-2.8.1.jar;C:\Users\domin\.gradle\caches\modules-2\files-2.1\com.fasterxml.jackson.dataformat\jackson-dataformat-smile\2.8.1\5b73867bc12224946fc67fc8d49d9f5e698d7f\jackson-dataformat-smile-2.8.1.jar;C:\Users\domin\.gradle\caches\modules-2\files-2.1\com.fasterxml.jackson.dataformat\jackson-dataformat-yaml\2.8.1\eb63166c723b0b4b9fb5298fca232a2f6612ec34\jackson-dataformat-yaml-2.8.1.jar;C:\Users\domin\.gradle\caches\modules-2\files-2.1\com.fasterxml.jackson.dataformat\jackson-dataformat-cbor\2.8.1\3a6fb7e75c9972559a78cf5cfc5a48a41a13ea40\jackson-dataformat-cbor-2.8.1.jar;C:\Users\domin\.gradle\caches\modules-2\files-2.1\com.tdunning\t-digest\3.0\84ccf145ac2215e6bfa63baa3101c0af41017cfc\t-digest-3.0.jar;C:\Users\domin\.gradle\caches\modules-2\files-2.1\org.hdrhistogram\HdrHistogram\2.1.6\7495feb7f71ee124bd2a7e7d83590e296d71d80e\HdrHistogram-2.1.6.jar;C:\Users\domin\.gradle\caches\modules-2\files-2.1\org.locationtech.spatial4j\spatial4j\0.6\21b15310bddcfd8c72611c180f20cf23279809a3\spatial4j-0.6.jar;C:\Users\domin\.gradle\caches\modules-2\files-2.1\com.vividsolutions\jts\1.13\3ccfb9b60f04d71add996a666ceb8902904fd805\jts-1.13.jar;C:\Users\domin\.gradle\caches\modules-2\files-2.1\org.apache.logging.log4j\log4j-api\2.6.2\bd1b74a5d170686362091c7cf596bbc3adf5c09b\log4j-api-2.6.2.jar;C:\Users\domin\.gradle\caches\modules-2\files-2.1\org.apache.logging.log4j\log4j-core\2.6.2\a91369f655eb1639c6aece5c5eb5108db18306\log4j-core-2.6.2.jar;C:\Users\domin\.gradle\caches\modules-2\files-2.1\org.apache.logging.log4j\log4j-1.2-api\2.6.2\3b4c5a8b734b6a29b2f03380535a48da6284b210\log4j-1.2-api-2.6.2.jar;C:\Users\domin\.gradle\caches\modules-2\files-2.1\net.java.dev.jna\jna\4.2.2\5012450aee579c3118ff09461d5ce210e0cdc2a9\jna-4.2.2.jar;C:\projects\team3\test\framework\build\distributions\framework-5.0.0-alpha6-SNAPSHOT.jar;C:\Users\domin\.gradle\caches\modules-2\files-2.1\com.carrotsearch.randomizedtesting\randomizedtesting-runner\2.3.2\307965917fe8a22b7ee72deba39ef4b8e6ebc069\randomizedtesting-runner-2.3.2.jar;C:\Users\domin\.gradle\caches\modules-2\files-2.1\junit\junit\4.11\4e031bb61df09069aeb2bffb4019e7a5034a4ee0\junit-4.11.jar;C:\Users\domin\.gradle\caches\modules-2\files-2.1\org.hamcrest\hamcrest-all\1.3\63a21ebc981131004ad02e0434e799fd7f3a8d5a\hamcrest-all-1.3.jar;C:\Users\domin\.gradle\caches\modules-2\files-2.1\org.apache.lucene\lucene-test-framework\6.2.0\f5026be3983acfb40d4092dbfbc015ec6e6addab\lucene-test-framework-6.2.0.jar;C:\Users\domin\.gradle\caches\modules-2\files-2.1\org.apache.lucene\lucene-codecs\6.2.0\99f887266b0ad9f2c286b3976c5bc48c8cd36624\lucene-codecs-6.2.0.jar;C:\projects\team3\client\rest\build\distributions\rest-5.0.0-alpha6-SNAPSHOT.jar;C:\Users\domin\.gradle\caches\modules-2\files-2.1\org.apache.httpcomponents\httpclient\4.5.2\733db77aa8d9b2d68015189df76ab06304406e50\httpclient-4.5.2.jar;C:\Users\domin\.gradle\caches\modules-2\files-2.1\org.apache.httpcomponents\httpcore\4.4.5\e7501a1b34325abb00d17dde96150604a0658b54\httpcore-4.4.5.jar;C:\Users\domin\.gradle\caches\modules-2\files-2.1\commons-logging\commons-logging\1.1.3\f6f66e966c70a83ffbdb6f17a0919eaf7c8aca7f\commons-logging-1.1.3.jar;C:\Users\domin\.gradle\caches\modules-2\files-2.1\commons-codec\commons-codec\1.10\4b95f4897fa13f2cd904aee711aeafc0c5295cd8\commons-codec-1.10.jar;C:\Users\domin\.gradle\caches\modules-2\files-2.1\org.elasticsearch\securemock\1.2\98201d4ad5ac93f6b415ae9172d52b5e7cda490e\securemock-1.2.jar;C:\Users\domin\.gradle\caches\modules-2\files-2.1\org.apache.httpcomponents\httpasyncclient\4.1.2\95aa3e6fb520191a0970a73cf09f62948ee614be\httpasyncclient-4.1.2.jar;C:\Users\domin\.gradle\caches\modules-2\files-2.1\org.apache.httpcomponents\httpcore-nio\4.4.5\f4be009e7505f6ceddf21e7960c759f413f15056\httpcore-nio-4.4.5.jar;C:\Users\domin\.gradle\caches\modules-2\files-2.1\com.carrotsearch.randomizedtesting\junit4-ant\2.3.2\dc8f03f6111974092491f35b8269eb0fc57f52f7\junit4-ant-2.3.2.jar"/>
      <property name="java.class.version" value="52.0"/>
      <property name="java.endorsed.dirs" value="C:\Program Files\Java\jdk1.8.0_65\jre\lib\endorsed"/>
      <property name="java.ext.dirs" value="C:\Program Files\Java\jdk1.8.0_65\jre\lib\ext;C:\WINDOWS\Sun\Java\lib\ext"/>
      <property name="java.home" value="C:\Program Files\Java\jdk1.8.0_65\jre"/>
      <property name="java.io.tmpdir" value="./temp"/>
      <property name="java.library.path" value="C:\Program Files\Java\jdk1.8.0_65\bin;C:\WINDOWS\Sun\Java\bin;C:\WINDOWS\system32;C:\WINDOWS;C:\Ruby22-x64\bin;C:\Imagick;C:\ProgramData\Oracle\Java\javapath;C:\Program Files (x86)\Intel\iCLS Client\;C:\Program Files\Intel\iCLS Client\;C:\Windows\system32;C:\Windows;C:\Windows\System32\Wbem;C:\Windows\System32\WindowsPowerShell\v1.0\;C:\Program Files (x86)\Intel\Intel(R) Management Engine Components\DAL;C:\Program Files\Intel\Intel(R) Management Engine Components\DAL;C:\Program Files (x86)\Intel\Intel(R) Management Engine Components\IPT;C:\Program Files\Intel\Intel(R) Management Engine Components\IPT;C:\Program Files (x86)\NVIDIA Corporation\PhysX\Common;C:\Program Files (x86)\Skype\Phone\;C:\xampp\php;C:\ProgramData\ComposerSetup\bin;C:\Program Files\Git\cmd;C:\Program Files\OpenVPN\bin;C:\Program Files\nodejs\;C:\WINDOWS\system32;C:\WINDOWS;C:\WINDOWS\System32\Wbem;C:\WINDOWS\System32\WindowsPowerShell\v1.0\;C:\Program Files\cURL\bin;C:\Program Files\gradle\2.13\bin;C:\Program Files\CMake\bin;C:\Program Files\flex_bison;C:\Program Files\doxygen\bin;C:\SonarQube\SonarQubeScanner\bin;C:\Users\domin\AppData\Local\Programs\Python\Python35-32\Scripts\;C:\Users\domin\AppData\Local\Programs\Python\Python35-32\;C:\Users\domin\AppData\Roaming\npm;C:\Users\domin\AppData\Local\Microsoft\WindowsApps;;."/>
      <property name="java.runtime.name" value="Java(TM) SE Runtime Environment"/>
      <property name="java.runtime.version" value="1.8.0_65-b17"/>
      <property name="java.specification.name" value="Java Platform API Specification"/>
      <property name="java.specification.vendor" value="Oracle Corporation"/>
      <property name="java.specification.version" value="1.8"/>
      <property name="java.vendor" value="Oracle Corporation"/>
      <property name="java.vendor.url" value="http://java.oracle.com/"/>
      <property name="java.vendor.url.bug" value="http://bugreport.sun.com/bugreport/"/>
      <property name="java.version" value="1.8.0_65"/>
      <property name="java.vm.info" value="mixed mode"/>
      <property name="java.vm.name" value="Java HotSpot(TM) 64-Bit Server VM"/>
      <property name="java.vm.specification.name" value="Java Virtual Machine Specification"/>
      <property name="java.vm.specification.vendor" value="Oracle Corporation"/>
      <property name="java.vm.specification.version" value="1.8"/>
      <property name="java.vm.vendor" value="Oracle Corporation"/>
      <property name="java.vm.version" value="25.65-b01"/>
      <property name="jna.nosys" value="true"/>
      <property name="junit4.childvm.count" value="3"/>
      <property name="junit4.childvm.cwd" value="C:\projects\team3\core\build\testrun\test\J2"/>
      <property name="junit4.childvm.id" value="2"/>
      <property name="junit4.memory.total" value="514850816"/>
      <property name="junit4.pidString" value="11072@LAPTOP-LKSM26S6"/>
      <property name="junit4.processors" value="4"/>
      <property name="line.separator" value="
"/>
      <property name="os.arch" value="amd64"/>
      <property name="os.name" value="Windows 10"/>
      <property name="os.version" value="10.0"/>
      <property name="path.separator" value=";"/>
      <property name="sun.arch.data.model" value="64"/>
      <property name="sun.boot.class.path" value="C:\Program Files\Java\jdk1.8.0_65\jre\lib\resources.jar;C:\Program Files\Java\jdk1.8.0_65\jre\lib\rt.jar;C:\Program Files\Java\jdk1.8.0_65\jre\lib\sunrsasign.jar;C:\Program Files\Java\jdk1.8.0_65\jre\lib\jsse.jar;C:\Program Files\Java\jdk1.8.0_65\jre\lib\jce.jar;C:\Program Files\Java\jdk1.8.0_65\jre\lib\charsets.jar;C:\Program Files\Java\jdk1.8.0_65\jre\lib\jfr.jar;C:\Program Files\Java\jdk1.8.0_65\jre\classes"/>
      <property name="sun.boot.library.path" value="C:\Program Files\Java\jdk1.8.0_65\jre\bin"/>
      <property name="sun.cpu.endian" value="little"/>
      <property name="sun.cpu.isalist" value="amd64"/>
      <property name="sun.desktop" value="windows"/>
      <property name="sun.io.unicode.encoding" value="UnicodeLittle"/>
      <property name="sun.java.command" value="com.carrotsearch.ant.tasks.junit4.slave.SlaveMainSafe -eventsfile C:\projects\team3\core\build\testrun\test\temp\junit4-J2-20160915_123537_461.events @C:\projects\team3\core\build\testrun\test\temp\junit4-J2-20160915_123537_461.suites -stdin"/>
      <property name="sun.java.launcher" value="SUN_STANDARD"/>
      <property name="sun.jnu.encoding" value="Cp1252"/>
      <property name="sun.management.compiler" value="HotSpot 64-Bit Tiered Compilers"/>
      <property name="sun.os.patch.level" value=""/>
      <property name="tests.artifact" value="core"/>
      <property name="tests.gradle" value="true"/>
      <property name="tests.ifNoTests" value="fail"/>
      <property name="tests.logger.level" value="WARN"/>
      <property name="tests.prefix" value="tests"/>
      <property name="tests.security.manager" value="true"/>
      <property name="tests.seed" value="9CF13790D965C5A7"/>
      <property name="tests.task" value=":core:test"/>
      <property name="user.country" value="AT"/>
      <property name="user.dir" value="C:\projects\team3\core\build\testrun\test\J2"/>
      <property name="user.home" value="C:\Users\domin"/>
      <property name="user.language" value="de"/>
      <property name="user.name" value="domin"/>
      <property name="user.script" value=""/>
      <property name="user.timezone" value=""/>
      <property name="user.variant" value=""/>
   </properties>
   <testcase classname="org.elasticsearch.discovery.zen.publish.PendingClusterStatesQueueTests" name="testSelectNextStateToProcess_empty" time="0.002"/>
   <testcase classname="org.elasticsearch.discovery.zen.publish.PendingClusterStatesQueueTests" name="testDroppingStatesAtCapacity" time="0.032"/>
   <testcase classname="org.elasticsearch.discovery.zen.publish.PendingClusterStatesQueueTests" name="testQueueStats" time="0.023"/>
   <testcase classname="org.elasticsearch.discovery.zen.publish.PendingClusterStatesQueueTests" name="testSimpleQueueSameMaster" time="0.003"/>
   <testcase classname="org.elasticsearch.discovery.zen.publish.PendingClusterStatesQueueTests" name="testProcessedStateCleansStatesFromOtherMasters" time="0.003"/>
   <testcase classname="org.elasticsearch.discovery.zen.publish.PendingClusterStatesQueueTests" name="testFailAllAndClear" time="0.006"/>
   <testcase classname="org.elasticsearch.discovery.zen.publish.PendingClusterStatesQueueTests" name="testFailedStateCleansSupersededStatesOnly" time="0.007"/>
   <system-out><![CDATA[[2016-09-15T13:39:37,696][WARN ][org.elasticsearch.discovery.zen.publish] dropping pending state [[uuid[NZHjdErkQFuMY383_KI2kQ], v[11], m[master3]]]. more than [83] pending states.
[2016-09-15T13:39:37,696][WARN ][org.elasticsearch.discovery.zen.publish] dropping pending state [[uuid[F4-PdkbpQva_MppVjJZm9g], v[1], m[master2]]]. more than [83] pending states.
[2016-09-15T13:39:37,696][WARN ][org.elasticsearch.discovery.zen.publish] dropping pending state [[uuid[e5Bxf7e0Ra-XGJM6ubKiXw], v[3], m[master1]]]. more than [83] pending states.
[2016-09-15T13:39:37,696][WARN ][org.elasticsearch.discovery.zen.publish] dropping pending state [[uuid[dFwoiY50QGKvgVYVzT8Xjw], v[34], m[master4]]]. more than [83] pending states.
[2016-09-15T13:39:37,696][WARN ][org.elasticsearch.discovery.zen.publish] dropping pending state [[uuid[FSCuI1SvRz-WB-8ONZvH6w], v[23], m[master2]]]. more than [83] pending states.
[2016-09-15T13:39:37,696][WARN ][org.elasticsearch.discovery.zen.publish] dropping pending state [[uuid[TWod1DmZRdO7AN_QPBXwuQ], v[33], m[master3]]]. more than [83] pending states.
[2016-09-15T13:39:37,697][WARN ][org.elasticsearch.discovery.zen.publish] dropping pending state [[uuid[4eQ9qV1LSVS6fb1KUbZi3w], v[7], m[master4]]]. more than [83] pending states.
[2016-09-15T13:39:37,697][WARN ][org.elasticsearch.discovery.zen.publish] dropping pending state [[uuid[Sr8ukoC8ROyj-5H8bxfOGA], v[6], m[master3]]]. more than [83] pending states.
[2016-09-15T13:39:37,697][WARN ][org.elasticsearch.discovery.zen.publish] dropping pending state [[uuid[sa1p6fOBREymK48sa_tfNg], v[13], m[master2]]]. more than [83] pending states.
[2016-09-15T13:39:37,697][WARN ][org.elasticsearch.discovery.zen.publish] dropping pending state [[uuid[QHoFDHcKSDSVUzltZaA7TA], v[31], m[master3]]]. more than [83] pending states.
[2016-09-15T13:39:37,697][WARN ][org.elasticsearch.discovery.zen.publish] dropping pending state [[uuid[ImzSm23dRFeY22YO9yKREQ], v[16], m[master1]]]. more than [83] pending states.
[2016-09-15T13:39:37,697][WARN ][org.elasticsearch.discovery.zen.publish] dropping pending state [[uuid[9GN3XBMCQfOcyNZO-SiFPA], v[41], m[master4]]]. more than [83] pending states.
[2016-09-15T13:39:37,697][WARN ][org.elasticsearch.discovery.zen.publish] dropping pending state [[uuid[GgDZGO6xQnqwVp90bhxSQQ], v[30], m[master4]]]. more than [83] pending states.
[2016-09-15T13:39:37,697][WARN ][org.elasticsearch.discovery.zen.publish] dropping pending state [[uuid[0EKTkfJuREyB073ddzPNlw], v[17], m[master4]]]. more than [83] pending states.
[2016-09-15T13:39:37,697][WARN ][org.elasticsearch.discovery.zen.publish] dropping pending state [[uuid[AOOgYryDTx-VTj-JO16B1w], v[27], m[master4]]]. more than [83] pending states.
[2016-09-15T13:39:37,697][WARN ][org.elasticsearch.discovery.zen.publish] dropping pending state [[uuid[_lA7Ek_vT7m4EV25JA2ciQ], v[38], m[master1]]]. more than [83] pending states.
[2016-09-15T13:39:37,697][WARN ][org.elasticsearch.discovery.zen.publish] dropping pending state [[uuid[wpbAqXslT1-BZ1DWLjWowA], v[8], m[master2]]]. more than [83] pending states.
[2016-09-15T13:39:37,697][WARN ][org.elasticsearch.discovery.zen.publish] dropping pending state [[uuid[nzVc4c17R9Walm4cyGjLVw], v[27], m[master1]]]. more than [83] pending states.
[2016-09-15T13:39:37,697][WARN ][org.elasticsearch.discovery.zen.publish] dropping pending state [[uuid[YbRHGXLpQIKuY4_evwH-3g], v[11], m[master2]]]. more than [83] pending states.
[2016-09-15T13:39:37,697][WARN ][org.elasticsearch.discovery.zen.publish] dropping pending state [[uuid[XLXFAutqQYmQLA11JsyTUg], v[16], m[master4]]]. more than [83] pending states.
[2016-09-15T13:39:37,698][WARN ][org.elasticsearch.discovery.zen.publish] dropping pending state [[uuid[Ae1Jj1ezSdy1Y2SxsdddqQ], v[18], m[master3]]]. more than [83] pending states.
[2016-09-15T13:39:37,698][WARN ][org.elasticsearch.discovery.zen.publish] dropping pending state [[uuid[vbCiiXa_RsC3hSykJmzVWA], v[25], m[master1]]]. more than [83] pending states.
[2016-09-15T13:39:37,698][WARN ][org.elasticsearch.discovery.zen.publish] dropping pending state [[uuid[oePCflLqSqSQb9rTvgctKg], v[28], m[master4]]]. more than [83] pending states.
[2016-09-15T13:39:37,698][WARN ][org.elasticsearch.discovery.zen.publish] dropping pending state [[uuid[Z8Pe_nk6QvSHZJT4JmaOeA], v[32], m[master3]]]. more than [83] pending states.
[2016-09-15T13:39:37,698][WARN ][org.elasticsearch.discovery.zen.publish] dropping pending state [[uuid[vIngzOxsTWGOOC0AFImVjA], v[22], m[master2]]]. more than [83] pending states.
[2016-09-15T13:39:37,698][WARN ][org.elasticsearch.discovery.zen.publish] dropping pending state [[uuid[ZYXtwgZvS1G_L_OlGEZT0w], v[19], m[master2]]]. more than [83] pending states.
[2016-09-15T13:39:37,698][WARN ][org.elasticsearch.discovery.zen.publish] dropping pending state [[uuid[hOYwBJUgSeS7o4_oeAJWjw], v[25], m[master3]]]. more than [83] pending states.
[2016-09-15T13:39:37,698][WARN ][org.elasticsearch.discovery.zen.publish] dropping pending state [[uuid[Cs-Cz7y7RYC9TyiWAPWmqQ], v[2], m[master4]]]. more than [83] pending states.
[2016-09-15T13:39:37,698][WARN ][org.elasticsearch.discovery.zen.publish] dropping pending state [[uuid[op968RhjQLuBfhe4NXcJCA], v[17], m[master3]]]. more than [83] pending states.
[2016-09-15T13:39:37,698][WARN ][org.elasticsearch.discovery.zen.publish] dropping pending state [[uuid[qQaaQOvhTayZSYPTpJnvZg], v[31], m[master1]]]. more than [83] pending states.
[2016-09-15T13:39:37,698][WARN ][org.elasticsearch.discovery.zen.publish] dropping pending state [[uuid[bmNLqIQLRwe7kXBsUltS_A], v[30], m[master2]]]. more than [83] pending states.
[2016-09-15T13:39:37,698][WARN ][org.elasticsearch.discovery.zen.publish] dropping pending state [[uuid[x-A0oJVEQKS8hkREkNGDkQ], v[32], m[master4]]]. more than [83] pending states.
[2016-09-15T13:39:37,698][WARN ][org.elasticsearch.discovery.zen.publish] dropping pending state [[uuid[t3SndJDbReS-4vwLrfRYPA], v[6], m[master4]]]. more than [83] pending states.
[2016-09-15T13:39:37,698][WARN ][org.elasticsearch.discovery.zen.publish] dropping pending state [[uuid[kMbRbcbGRrWsNHJ1hGnTOg], v[28], m[master2]]]. more than [83] pending states.
[2016-09-15T13:39:37,698][WARN ][org.elasticsearch.discovery.zen.publish] dropping pending state [[uuid[XouDtrPqRhaOR9o3Hpecnw], v[35], m[master4]]]. more than [83] pending states.
[2016-09-15T13:39:37,699][WARN ][org.elasticsearch.discovery.zen.publish] dropping pending state [[uuid[BOjy0ZvdR129JkSMYjZMKA], v[21], m[master1]]]. more than [83] pending states.
[2016-09-15T13:39:37,699][WARN ][org.elasticsearch.discovery.zen.publish] dropping pending state [[uuid[XroU7cWQQKmeWZXDtJpaGw], v[7], m[master1]]]. more than [83] pending states.
[2016-09-15T13:39:37,699][WARN ][org.elasticsearch.discovery.zen.publish] dropping pending state [[uuid[uDni86PjS8mTF4NGSJzuZQ], v[26], m[master4]]]. more than [83] pending states.
[2016-09-15T13:39:37,699][WARN ][org.elasticsearch.discovery.zen.publish] dropping pending state [[uuid[4dD557z0RRObRk6HdGH28g], v[38], m[master4]]]. more than [83] pending states.
[2016-09-15T13:39:37,699][WARN ][org.elasticsearch.discovery.zen.publish] dropping pending state [[uuid[3czE4tTcQieS4J7WvAGlZg], v[40], m[master1]]]. more than [83] pending states.
[2016-09-15T13:39:37,699][WARN ][org.elasticsearch.discovery.zen.publish] dropping pending state [[uuid[l6qPMCgoSRSQFmrOAkWMEQ], v[3], m[master4]]]. more than [83] pending states.
[2016-09-15T13:39:37,699][WARN ][org.elasticsearch.discovery.zen.publish] dropping pending state [[uuid[EruK-eQfTc2F5emd9W6Gkg], v[9], m[master1]]]. more than [83] pending states.
[2016-09-15T13:39:37,699][WARN ][org.elasticsearch.discovery.zen.publish] dropping pending state [[uuid[HATND4CVQLyS-BKau08sPA], v[26], m[master1]]]. more than [83] pending states.
[2016-09-15T13:39:37,699][WARN ][org.elasticsearch.discovery.zen.publish] dropping pending state [[uuid[sRbousYBS12wamaV4Azx2w], v[36], m[master3]]]. more than [83] pending states.
[2016-09-15T13:39:37,699][WARN ][org.elasticsearch.discovery.zen.publish] dropping pending state [[uuid[cDK0u6usTl-6ZwItpv8DBw], v[10], m[master4]]]. more than [83] pending states.
[2016-09-15T13:39:37,699][WARN ][org.elasticsearch.discovery.zen.publish] dropping pending state [[uuid[uUWR1rEoTMekiLYt0gGiSg], v[30], m[master3]]]. more than [83] pending states.
[2016-09-15T13:39:37,699][WARN ][org.elasticsearch.discovery.zen.publish] dropping pending state [[uuid[lC5UUdjSRM2fBceP-X4VCw], v[13], m[master3]]]. more than [83] pending states.
[2016-09-15T13:39:37,700][WARN ][org.elasticsearch.discovery.zen.publish] dropping pending state [[uuid[q-cUtlN3SmOFWdqsg-iFjw], v[8], m[master4]]]. more than [83] pending states.
[2016-09-15T13:39:37,700][WARN ][org.elasticsearch.discovery.zen.publish] dropping pending state [[uuid[O-hNGXhgTYq436tFE6nKqg], v[35], m[master2]]]. more than [83] pending states.
[2016-09-15T13:39:37,700][WARN ][org.elasticsearch.discovery.zen.publish] dropping pending state [[uuid[HIPRysX2Si6c_77lt7RnJw], v[0], m[master1]]]. more than [83] pending states.
[2016-09-15T13:39:37,700][WARN ][org.elasticsearch.discovery.zen.publish] dropping pending state [[uuid[raqLOAabSqu_Y-nznb1OKQ], v[32], m[master2]]]. more than [83] pending states.
[2016-09-15T13:39:37,700][WARN ][org.elasticsearch.discovery.zen.publish] dropping pending state [[uuid[PHTR1nhpSUWoVehxhoy2Og], v[12], m[master3]]]. more than [83] pending states.
[2016-09-15T13:39:37,700][WARN ][org.elasticsearch.discovery.zen.publish] dropping pending state [[uuid[5VwspV0IS3GDpUtePLSAJg], v[4], m[master1]]]. more than [83] pending states.
[2016-09-15T13:39:37,700][WARN ][org.elasticsearch.discovery.zen.publish] dropping pending state [[uuid[knldoOzsQBWhKLP8khfwLw], v[3], m[master3]]]. more than [83] pending states.
[2016-09-15T13:39:37,700][WARN ][org.elasticsearch.discovery.zen.publish] dropping pending state [[uuid[x_VPkvBxSQCrlzAPlrCByQ], v[42], m[master4]]]. more than [83] pending states.
[2016-09-15T13:39:37,700][WARN ][org.elasticsearch.discovery.zen.publish] dropping pending state [[uuid[SQJIPGgARS215PyfShMViA], v[12], m[master1]]]. more than [83] pending states.
[2016-09-15T13:39:37,700][WARN ][org.elasticsearch.discovery.zen.publish] dropping pending state [[uuid[O8NM052oT9a_KnFixB9RoA], v[36], m[master1]]]. more than [83] pending states.
[2016-09-15T13:39:37,700][WARN ][org.elasticsearch.discovery.zen.publish] dropping pending state [[uuid[D32yRS_PTJuDivNvntzeQA], v[29], m[master1]]]. more than [83] pending states.
[2016-09-15T13:39:37,700][WARN ][org.elasticsearch.discovery.zen.publish] dropping pending state [[uuid[VIywNXmlSvGipTv-Hwj9_Q], v[13], m[master4]]]. more than [83] pending states.
[2016-09-15T13:39:37,700][WARN ][org.elasticsearch.discovery.zen.publish] dropping pending state [[uuid[maVll8HjT4q_nPsDFPbrdA], v[37], m[master4]]]. more than [83] pending states.
[2016-09-15T13:39:37,700][WARN ][org.elasticsearch.discovery.zen.publish] dropping pending state [[uuid[9aqVtDdSRradfS8nORUjrA], v[6], m[master2]]]. more than [83] pending states.
[2016-09-15T13:39:37,701][WARN ][org.elasticsearch.discovery.zen.publish] dropping pending state [[uuid[FlQfweNGT5-41Wnn_268Sg], v[5], m[master3]]]. more than [83] pending states.
[2016-09-15T13:39:37,701][WARN ][org.elasticsearch.discovery.zen.publish] dropping pending state [[uuid[sl94Y0YbQ6y4OQ9TAUpE2A], v[23], m[master3]]]. more than [83] pending states.
[2016-09-15T13:39:37,701][WARN ][org.elasticsearch.discovery.zen.publish] dropping pending state [[uuid[X2Ze_owXRQi985t49zhX2Q], v[29], m[master2]]]. more than [83] pending states.
[2016-09-15T13:39:37,701][WARN ][org.elasticsearch.discovery.zen.publish] dropping pending state [[uuid[2zBZ3LYoRQK9HMf6rI1xkg], v[6], m[master1]]]. more than [83] pending states.
[2016-09-15T13:39:37,701][WARN ][org.elasticsearch.discovery.zen.publish] dropping pending state [[uuid[SMGZ8zfzShiXjm0IhGubtw], v[23], m[master1]]]. more than [83] pending states.
[2016-09-15T13:39:37,701][WARN ][org.elasticsearch.discovery.zen.publish] dropping pending state [[uuid[7EMe4-rnR_WclbUkR977Tg], v[1], m[master4]]]. more than [83] pending states.
[2016-09-15T13:39:37,701][WARN ][org.elasticsearch.discovery.zen.publish] dropping pending state [[uuid[Y6Fm3zjjQGKCjPdQVs0j9g], v[4], m[master2]]]. more than [83] pending states.
[2016-09-15T13:39:37,701][WARN ][org.elasticsearch.discovery.zen.publish] dropping pending state [[uuid[ZI1VeNZZRIqYuWbFFvK32Q], v[10], m[master1]]]. more than [83] pending states.
[2016-09-15T13:39:37,701][WARN ][org.elasticsearch.discovery.zen.publish] dropping pending state [[uuid[0oG1mJ_ORA-Gen2OfqE78Q], v[31], m[master2]]]. more than [83] pending states.
[2016-09-15T13:39:37,701][WARN ][org.elasticsearch.discovery.zen.publish] dropping pending state [[uuid[QROJYRVSStWe8BwhpxVzbQ], v[35], m[master3]]]. more than [83] pending states.
[2016-09-15T13:39:37,701][WARN ][org.elasticsearch.discovery.zen.publish] dropping pending state [[uuid[9EZOlWw1Q7O0sdi0vFUW-Q], v[36], m[master2]]]. more than [83] pending states.
[2016-09-15T13:39:37,701][WARN ][org.elasticsearch.discovery.zen.publish] dropping pending state [[uuid[zDou_2dxRsGYu1R1BCYSTA], v[20], m[master2]]]. more than [83] pending states.
[2016-09-15T13:39:37,701][WARN ][org.elasticsearch.discovery.zen.publish] dropping pending state [[uuid[Okgkx6xUQHSbFVidua8qng], v[27], m[master3]]]. more than [83] pending states.
[2016-09-15T13:39:37,701][WARN ][org.elasticsearch.discovery.zen.publish] dropping pending state [[uuid[MV-Mq9tYQIau146bees-tA], v[37], m[master3]]]. more than [83] pending states.
[2016-09-15T13:39:37,702][WARN ][org.elasticsearch.discovery.zen.publish] dropping pending state [[uuid[weKlXU8bTDqUnjEwPLyHZA], v[11], m[master1]]]. more than [83] pending states.
[2016-09-15T13:39:37,702][WARN ][org.elasticsearch.discovery.zen.publish] dropping pending state [[uuid[1kGBuQy9Q3i-inEthu0J-A], v[12], m[master2]]]. more than [83] pending states.
[2016-09-15T13:39:37,702][WARN ][org.elasticsearch.discovery.zen.publish] dropping pending state [[uuid[nIozfAGxQlGf3wrPy1aCGw], v[15], m[master3]]]. more than [83] pending states.
[2016-09-15T13:39:37,702][WARN ][org.elasticsearch.discovery.zen.publish] dropping pending state [[uuid[mIB6AaZ6SU24tusGuSPSew], v[5], m[master4]]]. more than [83] pending states.
[2016-09-15T13:39:37,702][WARN ][org.elasticsearch.discovery.zen.publish] dropping pending state [[uuid[rs5-KsyjSn-SrFCIjGDETQ], v[24], m[master1]]]. more than [83] pending states.
[2016-09-15T13:39:37,702][WARN ][org.elasticsearch.discovery.zen.publish] dropping pending state [[uuid[hZhIZ6z2Sg-ekb8R4H8pEw], v[43], m[master4]]]. more than [83] pending states.
[2016-09-15T13:39:37,702][WARN ][org.elasticsearch.discovery.zen.publish] dropping pending state [[uuid[yMecyBAkRfSWb1w6sjZqvA], v[0], m[master4]]]. more than [83] pending states.
[2016-09-15T13:39:37,702][WARN ][org.elasticsearch.discovery.zen.publish] dropping pending state [[uuid[Yq2HGy8BTveIfYfMSwXs5g], v[9], m[master3]]]. more than [83] pending states.
[2016-09-15T13:39:37,732][WARN ][org.elasticsearch.discovery.zen.publish] received a cluster state (uuid[J2SRAOP9SPWmISAtb4nqng]/v[0]) from a different master than the current one, rejecting (received {master2}{NbQ5pvKOTLe6R5l_zO2grg}{local}{local[364]}, current {master1}{pgwo72RQT8ad7RZOp0-HNw}{local}{local[363]})
[2016-09-15T13:39:37,732][WARN ][org.elasticsearch.discovery.zen.publish] received a cluster state (uuid[4cL6emLwSTe3awt4jBo4HQ]/v[2]) from a different master than the current one, rejecting (received {master4}{a6SkHbZgQZuSAB9K3b5uKA}{local}{local[362]}, current {master1}{pgwo72RQT8ad7RZOp0-HNw}{local}{local[363]})
[2016-09-15T13:39:37,732][WARN ][org.elasticsearch.discovery.zen.publish] received a cluster state (uuid[FftK7iOuRhquqHIyuP5dWw]/v[1]) from a different master than the current one, rejecting (received {master2}{NbQ5pvKOTLe6R5l_zO2grg}{local}{local[364]}, current {master1}{pgwo72RQT8ad7RZOp0-HNw}{local}{local[363]})
[2016-09-15T13:39:37,732][WARN ][org.elasticsearch.discovery.zen.publish] received a cluster state (uuid[14BhULIgQRCz2A9bttbDVQ]/v[3]) from a different master than the current one, rejecting (received {master2}{NbQ5pvKOTLe6R5l_zO2grg}{local}{local[364]}, current {master1}{pgwo72RQT8ad7RZOp0-HNw}{local}{local[363]})
[2016-09-15T13:39:37,732][WARN ][org.elasticsearch.discovery.zen.publish] received a cluster state (uuid[kBMtnWDXQJ6lk2sAg-Dc1w]/v[4]) from a different master than the current one, rejecting (received {master2}{NbQ5pvKOTLe6R5l_zO2grg}{local}{local[364]}, current {master1}{pgwo72RQT8ad7RZOp0-HNw}{local}{local[363]})
[2016-09-15T13:39:37,732][WARN ][org.elasticsearch.discovery.zen.publish] received a cluster state (uuid[3OwuJl6eTfGu60hZp2GoJw]/v[0]) from a different master than the current one, rejecting (received {master3}{uuP9Y5l4QvunyRbLUW7mog}{local}{local[365]}, current {master1}{pgwo72RQT8ad7RZOp0-HNw}{local}{local[363]})
[2016-09-15T13:39:37,733][WARN ][org.elasticsearch.discovery.zen.publish] received a cluster state (uuid[4L7Bze90QZ-5eRxOVu1kqQ]/v[5]) from a different master than the current one, rejecting (received {master2}{NbQ5pvKOTLe6R5l_zO2grg}{local}{local[364]}, current {master1}{pgwo72RQT8ad7RZOp0-HNw}{local}{local[363]})
]]></system-out>
   <system-err><![CDATA[]]></system-err>
</testsuite>