<testsuite errors="0" failures="0" tests="44" skipped="0" name="org.elasticsearch.index.mapper.LegacyStringMappingTests" hostname="nohost.nodomain" time="6.807" timestamp="2016-09-15T12:41:23">
   <properties class="java.util.ArrayList">
      <property name="awt.toolkit" value="sun.awt.windows.WToolkit"/>
      <property name="file.encoding" value="Cp1252"/>
      <property name="file.encoding.pkg" value="sun.io"/>
      <property name="file.separator" value="\"/>
      <property name="java.awt.graphicsenv" value="sun.awt.Win32GraphicsEnvironment"/>
      <property name="java.awt.headless" value="true"/>
      <property name="java.awt.printerjob" value="sun.awt.windows.WPrinterJob"/>
      <property name="java.class.path" value="C:\projects\team3\core\build\classes\test;C:\projects\team3\core\build\resources\test;C:\projects\team3\core\build\classes\main;C:\projects\team3\core\build\resources\main;C:\Users\domin\.gradle\caches\modules-2\files-2.1\org.apache.lucene\lucene-core\6.2.0\849ee62525a294416802be2cacc66c80352f6f13\lucene-core-6.2.0.jar;C:\Users\domin\.gradle\caches\modules-2\files-2.1\org.apache.lucene\lucene-analyzers-common\6.2.0\d254d52dd394b5079129f3d5f3bf4f2d44a5936e\lucene-analyzers-common-6.2.0.jar;C:\Users\domin\.gradle\caches\modules-2\files-2.1\org.apache.lucene\lucene-backward-codecs\6.2.0\b625bb21456b3c0d1e5e431bced125cb060c1abd\lucene-backward-codecs-6.2.0.jar;C:\Users\domin\.gradle\caches\modules-2\files-2.1\org.apache.lucene\lucene-grouping\6.2.0\9527fedfd5acc624b2bb3f862bd99fb8f470b053\lucene-grouping-6.2.0.jar;C:\Users\domin\.gradle\caches\modules-2\files-2.1\org.apache.lucene\lucene-highlighter\6.2.0\7ca342372a3f45e32bbd21cecaa757e38eccb8a5\lucene-highlighter-6.2.0.jar;C:\Users\domin\.gradle\caches\modules-2\files-2.1\org.apache.lucene\lucene-join\6.2.0\da0b8de98511abd4fe9c7d48a353d17854c5ed46\lucene-join-6.2.0.jar;C:\Users\domin\.gradle\caches\modules-2\files-2.1\org.apache.lucene\lucene-memory\6.2.0\bc9e075b1ee051c8e5246c237c38d8e71dab8a66\lucene-memory-6.2.0.jar;C:\Users\domin\.gradle\caches\modules-2\files-2.1\org.apache.lucene\lucene-misc\6.2.0\94ddde6312566a4da4a50a88e453b6c82c759b41\lucene-misc-6.2.0.jar;C:\Users\domin\.gradle\caches\modules-2\files-2.1\org.apache.lucene\lucene-queries\6.2.0\dce47238f78e3e97d91dc6fefa9f46f07866bc2b\lucene-queries-6.2.0.jar;C:\Users\domin\.gradle\caches\modules-2\files-2.1\org.apache.lucene\lucene-queryparser\6.2.0\17ef728ac15e668bfa1105321611548424637645\lucene-queryparser-6.2.0.jar;C:\Users\domin\.gradle\caches\modules-2\files-2.1\org.apache.lucene\lucene-sandbox\6.2.0\520183f7b9aba77a26e224760c420a3844b0631a\lucene-sandbox-6.2.0.jar;C:\Users\domin\.gradle\caches\modules-2\files-2.1\org.apache.lucene\lucene-spatial\6.2.0\8dba929b66927b936fbc76103b109ad6c824daee\lucene-spatial-6.2.0.jar;C:\Users\domin\.gradle\caches\modules-2\files-2.1\org.apache.lucene\lucene-spatial-extras\6.2.0\3b5a6ef5cd90c0218a72e9e2f7e60104be2447da\lucene-spatial-extras-6.2.0.jar;C:\Users\domin\.gradle\caches\modules-2\files-2.1\org.apache.lucene\lucene-spatial3d\6.2.0\fcdb0567725722c5145149d1502848b6a96ec18d\lucene-spatial3d-6.2.0.jar;C:\Users\domin\.gradle\caches\modules-2\files-2.1\org.apache.lucene\lucene-suggest\6.2.0\3d9d526c51f483d27f425c75d7e56bc0849242d6\lucene-suggest-6.2.0.jar;C:\Users\domin\.gradle\caches\modules-2\files-2.1\org.elasticsearch\securesm\1.1\1e423447d020041534be94c0f31a49fbdc1f2950\securesm-1.1.jar;C:\Users\domin\.gradle\caches\modules-2\files-2.1\net.sf.jopt-simple\jopt-simple\5.0.2\98cafc6081d5632b61be2c9e60650b64ddbc637c\jopt-simple-5.0.2.jar;C:\Users\domin\.gradle\caches\modules-2\files-2.1\com.carrotsearch\hppc\0.7.1\8b5057f74ea378c0150a1860874a3ebdcb713767\hppc-0.7.1.jar;C:\Users\domin\.gradle\caches\modules-2\files-2.1\joda-time\joda-time\2.9.4\1c295b462f16702ebe720bbb08f62e1ba80da41b\joda-time-2.9.4.jar;C:\Users\domin\.gradle\caches\modules-2\files-2.1\org.joda\joda-convert\1.2\35ec554f0cd00c956cc69051514d9488b1374dec\joda-convert-1.2.jar;C:\Users\domin\.gradle\caches\modules-2\files-2.1\org.yaml\snakeyaml\1.15\3b132bea69e8ee099f416044970997bde80f4ea6\snakeyaml-1.15.jar;C:\Users\domin\.gradle\caches\modules-2\files-2.1\com.fasterxml.jackson.core\jackson-core\2.8.1\fd13b1c033741d48291315c6370f7d475a42dccf\jackson-core-2.8.1.jar;C:\Users\domin\.gradle\caches\modules-2\files-2.1\com.fasterxml.jackson.dataformat\jackson-dataformat-smile\2.8.1\5b73867bc12224946fc67fc8d49d9f5e698d7f\jackson-dataformat-smile-2.8.1.jar;C:\Users\domin\.gradle\caches\modules-2\files-2.1\com.fasterxml.jackson.dataformat\jackson-dataformat-yaml\2.8.1\eb63166c723b0b4b9fb5298fca232a2f6612ec34\jackson-dataformat-yaml-2.8.1.jar;C:\Users\domin\.gradle\caches\modules-2\files-2.1\com.fasterxml.jackson.dataformat\jackson-dataformat-cbor\2.8.1\3a6fb7e75c9972559a78cf5cfc5a48a41a13ea40\jackson-dataformat-cbor-2.8.1.jar;C:\Users\domin\.gradle\caches\modules-2\files-2.1\com.tdunning\t-digest\3.0\84ccf145ac2215e6bfa63baa3101c0af41017cfc\t-digest-3.0.jar;C:\Users\domin\.gradle\caches\modules-2\files-2.1\org.hdrhistogram\HdrHistogram\2.1.6\7495feb7f71ee124bd2a7e7d83590e296d71d80e\HdrHistogram-2.1.6.jar;C:\Users\domin\.gradle\caches\modules-2\files-2.1\org.locationtech.spatial4j\spatial4j\0.6\21b15310bddcfd8c72611c180f20cf23279809a3\spatial4j-0.6.jar;C:\Users\domin\.gradle\caches\modules-2\files-2.1\com.vividsolutions\jts\1.13\3ccfb9b60f04d71add996a666ceb8902904fd805\jts-1.13.jar;C:\Users\domin\.gradle\caches\modules-2\files-2.1\org.apache.logging.log4j\log4j-api\2.6.2\bd1b74a5d170686362091c7cf596bbc3adf5c09b\log4j-api-2.6.2.jar;C:\Users\domin\.gradle\caches\modules-2\files-2.1\org.apache.logging.log4j\log4j-core\2.6.2\a91369f655eb1639c6aece5c5eb5108db18306\log4j-core-2.6.2.jar;C:\Users\domin\.gradle\caches\modules-2\files-2.1\org.apache.logging.log4j\log4j-1.2-api\2.6.2\3b4c5a8b734b6a29b2f03380535a48da6284b210\log4j-1.2-api-2.6.2.jar;C:\Users\domin\.gradle\caches\modules-2\files-2.1\net.java.dev.jna\jna\4.2.2\5012450aee579c3118ff09461d5ce210e0cdc2a9\jna-4.2.2.jar;C:\projects\team3\test\framework\build\distributions\framework-5.0.0-alpha6-SNAPSHOT.jar;C:\Users\domin\.gradle\caches\modules-2\files-2.1\com.carrotsearch.randomizedtesting\randomizedtesting-runner\2.3.2\307965917fe8a22b7ee72deba39ef4b8e6ebc069\randomizedtesting-runner-2.3.2.jar;C:\Users\domin\.gradle\caches\modules-2\files-2.1\junit\junit\4.11\4e031bb61df09069aeb2bffb4019e7a5034a4ee0\junit-4.11.jar;C:\Users\domin\.gradle\caches\modules-2\files-2.1\org.hamcrest\hamcrest-all\1.3\63a21ebc981131004ad02e0434e799fd7f3a8d5a\hamcrest-all-1.3.jar;C:\Users\domin\.gradle\caches\modules-2\files-2.1\org.apache.lucene\lucene-test-framework\6.2.0\f5026be3983acfb40d4092dbfbc015ec6e6addab\lucene-test-framework-6.2.0.jar;C:\Users\domin\.gradle\caches\modules-2\files-2.1\org.apache.lucene\lucene-codecs\6.2.0\99f887266b0ad9f2c286b3976c5bc48c8cd36624\lucene-codecs-6.2.0.jar;C:\projects\team3\client\rest\build\distributions\rest-5.0.0-alpha6-SNAPSHOT.jar;C:\Users\domin\.gradle\caches\modules-2\files-2.1\org.apache.httpcomponents\httpclient\4.5.2\733db77aa8d9b2d68015189df76ab06304406e50\httpclient-4.5.2.jar;C:\Users\domin\.gradle\caches\modules-2\files-2.1\org.apache.httpcomponents\httpcore\4.4.5\e7501a1b34325abb00d17dde96150604a0658b54\httpcore-4.4.5.jar;C:\Users\domin\.gradle\caches\modules-2\files-2.1\commons-logging\commons-logging\1.1.3\f6f66e966c70a83ffbdb6f17a0919eaf7c8aca7f\commons-logging-1.1.3.jar;C:\Users\domin\.gradle\caches\modules-2\files-2.1\commons-codec\commons-codec\1.10\4b95f4897fa13f2cd904aee711aeafc0c5295cd8\commons-codec-1.10.jar;C:\Users\domin\.gradle\caches\modules-2\files-2.1\org.elasticsearch\securemock\1.2\98201d4ad5ac93f6b415ae9172d52b5e7cda490e\securemock-1.2.jar;C:\Users\domin\.gradle\caches\modules-2\files-2.1\org.apache.httpcomponents\httpasyncclient\4.1.2\95aa3e6fb520191a0970a73cf09f62948ee614be\httpasyncclient-4.1.2.jar;C:\Users\domin\.gradle\caches\modules-2\files-2.1\org.apache.httpcomponents\httpcore-nio\4.4.5\f4be009e7505f6ceddf21e7960c759f413f15056\httpcore-nio-4.4.5.jar;C:\Users\domin\.gradle\caches\modules-2\files-2.1\com.carrotsearch.randomizedtesting\junit4-ant\2.3.2\dc8f03f6111974092491f35b8269eb0fc57f52f7\junit4-ant-2.3.2.jar"/>
      <property name="java.class.version" value="52.0"/>
      <property name="java.endorsed.dirs" value="C:\Program Files\Java\jdk1.8.0_65\jre\lib\endorsed"/>
      <property name="java.ext.dirs" value="C:\Program Files\Java\jdk1.8.0_65\jre\lib\ext;C:\WINDOWS\Sun\Java\lib\ext"/>
      <property name="java.home" value="C:\Program Files\Java\jdk1.8.0_65\jre"/>
      <property name="java.io.tmpdir" value="./temp"/>
      <property name="java.library.path" value="C:\Program Files\Java\jdk1.8.0_65\bin;C:\WINDOWS\Sun\Java\bin;C:\WINDOWS\system32;C:\WINDOWS;C:\Ruby22-x64\bin;C:\Imagick;C:\ProgramData\Oracle\Java\javapath;C:\Program Files (x86)\Intel\iCLS Client\;C:\Program Files\Intel\iCLS Client\;C:\Windows\system32;C:\Windows;C:\Windows\System32\Wbem;C:\Windows\System32\WindowsPowerShell\v1.0\;C:\Program Files (x86)\Intel\Intel(R) Management Engine Components\DAL;C:\Program Files\Intel\Intel(R) Management Engine Components\DAL;C:\Program Files (x86)\Intel\Intel(R) Management Engine Components\IPT;C:\Program Files\Intel\Intel(R) Management Engine Components\IPT;C:\Program Files (x86)\NVIDIA Corporation\PhysX\Common;C:\Program Files (x86)\Skype\Phone\;C:\xampp\php;C:\ProgramData\ComposerSetup\bin;C:\Program Files\Git\cmd;C:\Program Files\OpenVPN\bin;C:\Program Files\nodejs\;C:\WINDOWS\system32;C:\WINDOWS;C:\WINDOWS\System32\Wbem;C:\WINDOWS\System32\WindowsPowerShell\v1.0\;C:\Program Files\cURL\bin;C:\Program Files\gradle\2.13\bin;C:\Program Files\CMake\bin;C:\Program Files\flex_bison;C:\Program Files\doxygen\bin;C:\SonarQube\SonarQubeScanner\bin;C:\Users\domin\AppData\Local\Programs\Python\Python35-32\Scripts\;C:\Users\domin\AppData\Local\Programs\Python\Python35-32\;C:\Users\domin\AppData\Roaming\npm;C:\Users\domin\AppData\Local\Microsoft\WindowsApps;;."/>
      <property name="java.runtime.name" value="Java(TM) SE Runtime Environment"/>
      <property name="java.runtime.version" value="1.8.0_65-b17"/>
      <property name="java.specification.name" value="Java Platform API Specification"/>
      <property name="java.specification.vendor" value="Oracle Corporation"/>
      <property name="java.specification.version" value="1.8"/>
      <property name="java.vendor" value="Oracle Corporation"/>
      <property name="java.vendor.url" value="http://java.oracle.com/"/>
      <property name="java.vendor.url.bug" value="http://bugreport.sun.com/bugreport/"/>
      <property name="java.version" value="1.8.0_65"/>
      <property name="java.vm.info" value="mixed mode"/>
      <property name="java.vm.name" value="Java HotSpot(TM) 64-Bit Server VM"/>
      <property name="java.vm.specification.name" value="Java Virtual Machine Specification"/>
      <property name="java.vm.specification.vendor" value="Oracle Corporation"/>
      <property name="java.vm.specification.version" value="1.8"/>
      <property name="java.vm.vendor" value="Oracle Corporation"/>
      <property name="java.vm.version" value="25.65-b01"/>
      <property name="jna.nosys" value="true"/>
      <property name="junit4.childvm.count" value="3"/>
      <property name="junit4.childvm.cwd" value="C:\projects\team3\core\build\testrun\test\J1"/>
      <property name="junit4.childvm.id" value="1"/>
      <property name="junit4.memory.total" value="514850816"/>
      <property name="junit4.pidString" value="8548@LAPTOP-LKSM26S6"/>
      <property name="junit4.processors" value="4"/>
      <property name="line.separator" value="
"/>
      <property name="os.arch" value="amd64"/>
      <property name="os.name" value="Windows 10"/>
      <property name="os.version" value="10.0"/>
      <property name="path.separator" value=";"/>
      <property name="sun.arch.data.model" value="64"/>
      <property name="sun.boot.class.path" value="C:\Program Files\Java\jdk1.8.0_65\jre\lib\resources.jar;C:\Program Files\Java\jdk1.8.0_65\jre\lib\rt.jar;C:\Program Files\Java\jdk1.8.0_65\jre\lib\sunrsasign.jar;C:\Program Files\Java\jdk1.8.0_65\jre\lib\jsse.jar;C:\Program Files\Java\jdk1.8.0_65\jre\lib\jce.jar;C:\Program Files\Java\jdk1.8.0_65\jre\lib\charsets.jar;C:\Program Files\Java\jdk1.8.0_65\jre\lib\jfr.jar;C:\Program Files\Java\jdk1.8.0_65\jre\classes"/>
      <property name="sun.boot.library.path" value="C:\Program Files\Java\jdk1.8.0_65\jre\bin"/>
      <property name="sun.cpu.endian" value="little"/>
      <property name="sun.cpu.isalist" value="amd64"/>
      <property name="sun.desktop" value="windows"/>
      <property name="sun.io.unicode.encoding" value="UnicodeLittle"/>
      <property name="sun.java.command" value="com.carrotsearch.ant.tasks.junit4.slave.SlaveMainSafe -eventsfile C:\projects\team3\core\build\testrun\test\temp\junit4-J1-20160915_123537_463.events @C:\projects\team3\core\build\testrun\test\temp\junit4-J1-20160915_123537_463.suites -stdin"/>
      <property name="sun.java.launcher" value="SUN_STANDARD"/>
      <property name="sun.jnu.encoding" value="Cp1252"/>
      <property name="sun.management.compiler" value="HotSpot 64-Bit Tiered Compilers"/>
      <property name="sun.os.patch.level" value=""/>
      <property name="tests.artifact" value="core"/>
      <property name="tests.gradle" value="true"/>
      <property name="tests.ifNoTests" value="fail"/>
      <property name="tests.logger.level" value="WARN"/>
      <property name="tests.prefix" value="tests"/>
      <property name="tests.security.manager" value="true"/>
      <property name="tests.seed" value="9CF13790D965C5A7"/>
      <property name="tests.task" value=":core:test"/>
      <property name="user.country" value="AT"/>
      <property name="user.dir" value="C:\projects\team3\core\build\testrun\test\J1"/>
      <property name="user.home" value="C:\Users\domin"/>
      <property name="user.language" value="de"/>
      <property name="user.name" value="domin"/>
      <property name="user.script" value=""/>
      <property name="user.timezone" value=""/>
      <property name="user.variant" value=""/>
   </properties>
   <testcase classname="org.elasticsearch.index.mapper.LegacyStringMappingTests" name="testMergeKeywordIntoStringWithDocValues" time="0.425"/>
   <testcase classname="org.elasticsearch.index.mapper.LegacyStringMappingTests" name="testDisableNorms" time="0.324"/>
   <testcase classname="org.elasticsearch.index.mapper.LegacyStringMappingTests" name="testMergeTextIntoStringWithFileddataDisabled" time="0.334"/>
   <testcase classname="org.elasticsearch.index.mapper.LegacyStringMappingTests" name="testFielddataLoading" time="0.157"/>
   <testcase classname="org.elasticsearch.index.mapper.LegacyStringMappingTests" name="testDefaultsForAnalyzed" time="0.276"/>
   <testcase classname="org.elasticsearch.index.mapper.LegacyStringMappingTests" name="testMergeTextIntoStringWithEagerGlobalOrdinals" time="0.261"/>
   <testcase classname="org.elasticsearch.index.mapper.LegacyStringMappingTests" name="testMergeStringIntoStringWithSimilarity" time="0.291"/>
   <testcase classname="org.elasticsearch.index.mapper.LegacyStringMappingTests" name="testMergeTextIntoStringWithPositionIncrementGap" time="0.18"/>
   <testcase classname="org.elasticsearch.index.mapper.LegacyStringMappingTests" name="testMergeKeywordIntoStringWithBoost" time="0.185"/>
   <testcase classname="org.elasticsearch.index.mapper.LegacyStringMappingTests" name="testTextFieldAsStringWithUnsupportedField" time="0.094"/>
   <testcase classname="org.elasticsearch.index.mapper.LegacyStringMappingTests" name="testMergeKeywordIntoStringWithSimilarity" time="0.142"/>
   <testcase classname="org.elasticsearch.index.mapper.LegacyStringMappingTests" name="testMergeKeywordIntoStringWithIndexFalse" time="0.112"/>
   <testcase classname="org.elasticsearch.index.mapper.LegacyStringMappingTests" name="testPositionOffsetGapDeprecation" time="0.082"/>
   <testcase classname="org.elasticsearch.index.mapper.LegacyStringMappingTests" name="testMergeKeywordIntoStringWithFields" time="0.17"/>
   <testcase classname="org.elasticsearch.index.mapper.LegacyStringMappingTests" name="testSearchAnalyzerSerialization" time="0.093"/>
   <testcase classname="org.elasticsearch.index.mapper.LegacyStringMappingTests" name="testMergeKeywordIntoStringWithCopyTo" time="0.124"/>
   <testcase classname="org.elasticsearch.index.mapper.LegacyStringMappingTests" name="testBwCompatDocValues" time="0.169"/>
   <testcase classname="org.elasticsearch.index.mapper.LegacyStringMappingTests" name="testDocValues" time="0.125"/>
   <testcase classname="org.elasticsearch.index.mapper.LegacyStringMappingTests" name="testMergeKeywordIntoStringWithNorms" time="0.171"/>
   <testcase classname="org.elasticsearch.index.mapper.LegacyStringMappingTests" name="testNonAnalyzedFieldPositionIncrement" time="0.111"/>
   <testcase classname="org.elasticsearch.index.mapper.LegacyStringMappingTests" name="testDefaultsForNotAnalyzed" time="0.111"/>
   <testcase classname="org.elasticsearch.index.mapper.LegacyStringMappingTests" name="testMergeTextIntoStringWithSearchQuoteAnayzer" time="0.131"/>
   <testcase classname="org.elasticsearch.index.mapper.LegacyStringMappingTests" name="testMergeKeywordIntoStringWithIndexOptions" time="0.143"/>
   <testcase classname="org.elasticsearch.index.mapper.LegacyStringMappingTests" name="testMergeTextIntoStringWithBoost" time="0.157"/>
   <testcase classname="org.elasticsearch.index.mapper.LegacyStringMappingTests" name="testMergeTextIntoStringWithIncludeInAll" time="0.148"/>
   <testcase classname="org.elasticsearch.index.mapper.LegacyStringMappingTests" name="testMergeTextIntoStringWithStore" time="0.154"/>
   <testcase classname="org.elasticsearch.index.mapper.LegacyStringMappingTests" name="testMergeTextIntoStringWithFields" time="0.181"/>
   <testcase classname="org.elasticsearch.index.mapper.LegacyStringMappingTests" name="testMergeKeywordIntoStringWithIgnoreAbove" time="0.169"/>
   <testcase classname="org.elasticsearch.index.mapper.LegacyStringMappingTests" name="testTermVectors" time="0.118"/>
   <testcase classname="org.elasticsearch.index.mapper.LegacyStringMappingTests" name="testMergeKeywordIntoStringWithStore" time="0.137"/>
   <testcase classname="org.elasticsearch.index.mapper.LegacyStringMappingTests" name="testMergeKeywordIntoStringWithIncludeInAll" time="0.105"/>
   <testcase classname="org.elasticsearch.index.mapper.LegacyStringMappingTests" name="testDisabledFielddata" time="0.081"/>
   <testcase classname="org.elasticsearch.index.mapper.LegacyStringMappingTests" name="testMergeKeywordIntoString" time="0.127"/>
   <testcase classname="org.elasticsearch.index.mapper.LegacyStringMappingTests" name="testAnalyzedFieldPositionIncrementWithoutPositions" time="0.077"/>
   <testcase classname="org.elasticsearch.index.mapper.LegacyStringMappingTests" name="testMergeTextIntoStringWithNorms" time="0.101"/>
   <testcase classname="org.elasticsearch.index.mapper.LegacyStringMappingTests" name="testMergeTextIntoStringWithCopyTo" time="0.117"/>
   <testcase classname="org.elasticsearch.index.mapper.LegacyStringMappingTests" name="testLimit" time="0.075"/>
   <testcase classname="org.elasticsearch.index.mapper.LegacyStringMappingTests" name="testFielddataFilter" time="0.075"/>
   <testcase classname="org.elasticsearch.index.mapper.LegacyStringMappingTests" name="testMergeTextIntoStringWithDocValues" time="0.109"/>
   <testcase classname="org.elasticsearch.index.mapper.LegacyStringMappingTests" name="testSearchQuoteAnalyzerSerialization" time="0.106"/>
   <testcase classname="org.elasticsearch.index.mapper.LegacyStringMappingTests" name="testKeywordFieldAsStringWithUnsupportedField" time="0.086"/>
   <testcase classname="org.elasticsearch.index.mapper.LegacyStringMappingTests" name="testMergeTextIntoStringWithFielddataFrequencyFilter" time="0.176"/>
   <testcase classname="org.elasticsearch.index.mapper.LegacyStringMappingTests" name="testMergeTextIntoString" time="0.099"/>
   <testcase classname="org.elasticsearch.index.mapper.LegacyStringMappingTests" name="testMergeTextIntoStringWithIndexOptions" time="0.13"/>
   <system-out><![CDATA[[2016-09-15T05:41:23,447][INFO ][org.elasticsearch.node   ] [node_s_0] initializing ...
[2016-09-15T05:41:23,483][INFO ][org.elasticsearch.env    ] [node_s_0] using [1] data paths, mounts [[Acer (C:)]], net usable_space [789.1gb], net total_space [930.9gb], spins? [unknown], types [NTFS]
[2016-09-15T05:41:23,483][INFO ][org.elasticsearch.env    ] [node_s_0] heap size [491mb], compressed ordinary object pointers [true]
[2016-09-15T05:41:23,486][INFO ][org.elasticsearch.node   ] [node_s_0] version[5.0.0-alpha6-SNAPSHOT], pid[8548], build[Unknown/Unknown], OS[Windows 10/10.0/amd64], JVM[Oracle Corporation/Java HotSpot(TM) 64-Bit Server VM/1.8.0_65/25.65-b01]
[2016-09-15T05:41:23,488][INFO ][org.elasticsearch.plugins] [node_s_0] no modules loaded
[2016-09-15T05:41:23,488][INFO ][org.elasticsearch.plugins] [node_s_0] loaded plugin [org.elasticsearch.test.InternalSettingsPlugin]
[2016-09-15T05:41:23,630][INFO ][org.elasticsearch.node   ] [node_s_0] initialized
[2016-09-15T05:41:23,631][INFO ][org.elasticsearch.node   ] [node_s_0] starting ...
[2016-09-15T05:41:23,631][INFO ][org.elasticsearch.transport] [node_s_0] publish_address {local[28]}, bound_addresses {local[28]}
[2016-09-15T05:41:23,632][INFO ][org.elasticsearch.cluster.service] [node_s_0] new_master {node_s_0}{p4EVRkXDQKW_FYyXuxgD0Q}{atLuJKeeTRC6sqFzb5qHLg}{local}{local[28]}, reason: local-disco-initial_connect(master)
[2016-09-15T05:41:23,633][INFO ][org.elasticsearch.node   ] [node_s_0] started
[2016-09-15T05:41:23,644][INFO ][org.elasticsearch.gateway] [node_s_0] recovered [0] indices into cluster_state
[2016-09-15T05:41:23,662][INFO ][org.elasticsearch.cluster.metadata] [node_s_0] [test] creating index, cause [api], templates [random_index_template], shards [1]/[0], mappings []
[2016-09-15T05:41:23,737][INFO ][org.elasticsearch.cluster.routing.allocation] [node_s_0] Cluster health status changed from [YELLOW] to [GREEN] (reason: [shards started [[test][0]] ...]).
[2016-09-15T05:41:23,753][INFO ][org.elasticsearch.index.mapper] [node_s_0] [test] --> Updating mapping to {"test_type":{"properties":{"test_field":{"type":"string","index":"not_analyzed","doc_values":false}}}}
[2016-09-15T05:41:23,756][INFO ][org.elasticsearch.cluster.metadata] [node_s_0] [test/fGyMwqIQT0KTsrNjSJ9dOg] create_mapping [test_type]
[2016-09-15T05:41:23,772][INFO ][org.elasticsearch.index.mapper] [node_s_0] [test] --> Updating mapping to {"test_type":{"properties":{"test_field":{"type":"keyword","doc_values":false}}}}
[2016-09-15T05:41:23,791][INFO ][org.elasticsearch.index.mapper] [node_s_0] [test] [LegacyStringMappingTests#testMergeKeywordIntoStringWithDocValues]: cleaning up after test
[2016-09-15T05:41:23,872][INFO ][org.elasticsearch.cluster.metadata] [node_s_0] [test] creating index, cause [api], templates [random_index_template], shards [1]/[0], mappings []
[2016-09-15T05:41:24,065][INFO ][org.elasticsearch.cluster.routing.allocation] [node_s_0] Cluster health status changed from [YELLOW] to [GREEN] (reason: [shards started [[test][0]] ...]).
[2016-09-15T05:41:24,126][WARN ][org.elasticsearch.deprecation.index.mapper] [node_s_0] [test] The [norms{enabled:true/false}] way of specifying norms is deprecated, please use [norms:true/false] instead
[2016-09-15T05:41:24,130][WARN ][org.elasticsearch.deprecation.index.mapper] [node_s_0] [test] The [norms{enabled:true/false}] way of specifying norms is deprecated, please use [norms:true/false] instead
[2016-09-15T05:41:24,145][INFO ][org.elasticsearch.index.mapper] [node_s_0] [test] [LegacyStringMappingTests#testDisableNorms]: cleaning up after test
[2016-09-15T05:41:24,195][INFO ][org.elasticsearch.cluster.metadata] [node_s_0] [test] creating index, cause [api], templates [random_index_template], shards [1]/[0], mappings []
[2016-09-15T05:41:24,363][INFO ][org.elasticsearch.cluster.routing.allocation] [node_s_0] Cluster health status changed from [YELLOW] to [GREEN] (reason: [shards started [[test][0]] ...]).
[2016-09-15T05:41:24,392][INFO ][org.elasticsearch.index.mapper] [node_s_0] [test] --> Updating mapping to {"test_type":{"properties":{"test_field":{"type":"string","fielddata":false}}}}
[2016-09-15T05:41:24,396][INFO ][org.elasticsearch.cluster.metadata] [node_s_0] [test/TMlNPmXuTU2YRY9o2UqjqA] create_mapping [test_type]
[2016-09-15T05:41:24,414][INFO ][org.elasticsearch.index.mapper] [node_s_0] [test] --> Updating mapping to {"test_type":{"properties":{"test_field":{"type":"text"}}}}
[2016-09-15T05:41:24,467][INFO ][org.elasticsearch.index.mapper] [node_s_0] [test] [LegacyStringMappingTests#testMergeTextIntoStringWithFileddataDisabled]: cleaning up after test
[2016-09-15T05:41:24,528][INFO ][org.elasticsearch.cluster.metadata] [node_s_0] [test] creating index, cause [api], templates [random_index_template], shards [1]/[0], mappings []
[2016-09-15T05:41:24,605][INFO ][org.elasticsearch.cluster.routing.allocation] [node_s_0] Cluster health status changed from [YELLOW] to [GREEN] (reason: [shards started [[test][0]] ...]).
[2016-09-15T05:41:24,621][INFO ][org.elasticsearch.index.mapper] [node_s_0] [test] [LegacyStringMappingTests#testFielddataLoading]: cleaning up after test
[2016-09-15T05:41:24,684][INFO ][org.elasticsearch.cluster.metadata] [node_s_0] [test] creating index, cause [api], templates [random_index_template], shards [1]/[0], mappings []
[2016-09-15T05:41:24,805][INFO ][org.elasticsearch.cluster.routing.allocation] [node_s_0] Cluster health status changed from [YELLOW] to [GREEN] (reason: [shards started [[test][0]] ...]).
[2016-09-15T05:41:24,876][INFO ][org.elasticsearch.index.mapper] [node_s_0] [test] [LegacyStringMappingTests#testDefaultsForAnalyzed]: cleaning up after test
[2016-09-15T05:41:24,960][INFO ][org.elasticsearch.cluster.metadata] [node_s_0] [test] creating index, cause [api], templates [random_index_template], shards [1]/[0], mappings []
[2016-09-15T05:41:25,058][INFO ][org.elasticsearch.cluster.routing.allocation] [node_s_0] Cluster health status changed from [YELLOW] to [GREEN] (reason: [shards started [[test][0]] ...]).
[2016-09-15T05:41:25,097][INFO ][org.elasticsearch.index.mapper] [node_s_0] [test] --> Updating mapping to {"test_type":{"properties":{"test_field":{"type":"string","fielddata":{"format":"pagedbytes","loading":"eager_global_ordinals"}}}}}
[2016-09-15T05:41:25,099][INFO ][org.elasticsearch.cluster.metadata] [node_s_0] [test/C7MZZ_UoQ16BgvF7EOKdFw] create_mapping [test_type]
[2016-09-15T05:41:25,132][INFO ][org.elasticsearch.index.mapper] [node_s_0] [test] --> Updating mapping to {"test_type":{"properties":{"test_field":{"type":"text","fielddata":true,"eager_global_ordinals":true}}}}
[2016-09-15T05:41:25,176][INFO ][org.elasticsearch.index.mapper] [node_s_0] [test] [LegacyStringMappingTests#testMergeTextIntoStringWithEagerGlobalOrdinals]: cleaning up after test
[2016-09-15T05:41:25,221][INFO ][org.elasticsearch.cluster.metadata] [node_s_0] [test] creating index, cause [api], templates [random_index_template], shards [1]/[0], mappings []
[2016-09-15T05:41:25,360][INFO ][org.elasticsearch.cluster.routing.allocation] [node_s_0] Cluster health status changed from [YELLOW] to [GREEN] (reason: [shards started [[test][0]] ...]).
[2016-09-15T05:41:25,377][INFO ][org.elasticsearch.index.mapper] [node_s_0] [test] --> Updating mapping to {"test_type":{"properties":{"test_field":{"type":"string","similarity":"BM25"}}}}
[2016-09-15T05:41:25,379][INFO ][org.elasticsearch.cluster.metadata] [node_s_0] [test/CTtlpwrzQhm8C59CBpreXA] create_mapping [test_type]
[2016-09-15T05:41:25,443][INFO ][org.elasticsearch.index.mapper] [node_s_0] [test] --> Updating mapping to {"test_type":{"properties":{"test_field":{"type":"text","similarity":"BM25","fielddata":true}}}}
[2016-09-15T05:41:25,461][INFO ][org.elasticsearch.index.mapper] [node_s_0] [test] [LegacyStringMappingTests#testMergeStringIntoStringWithSimilarity]: cleaning up after test
[2016-09-15T05:41:25,515][INFO ][org.elasticsearch.cluster.metadata] [node_s_0] [test] creating index, cause [api], templates [random_index_template], shards [1]/[0], mappings []
[2016-09-15T05:41:25,579][INFO ][org.elasticsearch.cluster.routing.allocation] [node_s_0] Cluster health status changed from [YELLOW] to [GREEN] (reason: [shards started [[test][0]] ...]).
[2016-09-15T05:41:25,596][INFO ][org.elasticsearch.index.mapper] [node_s_0] [test] --> Updating mapping to {"test_type":{"properties":{"test_field":{"type":"string","position_increment_gap":269}}}}
[2016-09-15T05:41:25,598][INFO ][org.elasticsearch.cluster.metadata] [node_s_0] [test/UP1x8r_rRu2KnJnLikE8ug] create_mapping [test_type]
[2016-09-15T05:41:25,613][INFO ][org.elasticsearch.index.mapper] [node_s_0] [test] --> Updating mapping to {"test_type":{"properties":{"test_field":{"type":"text","position_increment_gap":269,"fielddata":true}}}}
[2016-09-15T05:41:25,630][INFO ][org.elasticsearch.index.mapper] [node_s_0] [test] [LegacyStringMappingTests#testMergeTextIntoStringWithPositionIncrementGap]: cleaning up after test
[2016-09-15T05:41:25,705][INFO ][org.elasticsearch.cluster.metadata] [node_s_0] [test] creating index, cause [api], templates [random_index_template], shards [1]/[0], mappings []
[2016-09-15T05:41:25,771][INFO ][org.elasticsearch.cluster.routing.allocation] [node_s_0] Cluster health status changed from [YELLOW] to [GREEN] (reason: [shards started [[test][0]] ...]).
[2016-09-15T05:41:25,785][INFO ][org.elasticsearch.index.mapper] [node_s_0] [test] --> Updating mapping to {"test_type":{"properties":{"test_field":{"type":"string","index":"not_analyzed","boost":1.5}}}}
[2016-09-15T05:41:25,787][INFO ][org.elasticsearch.cluster.metadata] [node_s_0] [test/B7f_EISbTpujzBkRcJ7izw] create_mapping [test_type]
[2016-09-15T05:41:25,803][INFO ][org.elasticsearch.index.mapper] [node_s_0] [test] --> Updating mapping to {"test_type":{"properties":{"test_field":{"type":"keyword","boost":1.5}}}}
[2016-09-15T05:41:25,820][INFO ][org.elasticsearch.index.mapper] [node_s_0] [test] --> Updating mapping to {"test_type":{"properties":{"test_field":{"type":"keyword","boost":1.4}}}}
[2016-09-15T05:41:25,823][INFO ][org.elasticsearch.cluster.metadata] [node_s_0] [test/B7f_EISbTpujzBkRcJ7izw] update_mapping [test_type]
[2016-09-15T05:41:25,837][INFO ][org.elasticsearch.index.mapper] [node_s_0] [test] [LegacyStringMappingTests#testMergeKeywordIntoStringWithBoost]: cleaning up after test
[2016-09-15T05:41:25,879][INFO ][org.elasticsearch.cluster.metadata] [node_s_0] [test] creating index, cause [api], templates [random_index_template], shards [1]/[0], mappings []
[2016-09-15T05:41:25,928][INFO ][org.elasticsearch.cluster.routing.allocation] [node_s_0] Cluster health status changed from [YELLOW] to [GREEN] (reason: [shards started [[test][0]] ...]).
[2016-09-15T05:41:25,941][INFO ][org.elasticsearch.index.mapper] [node_s_0] [test] [LegacyStringMappingTests#testTextFieldAsStringWithUnsupportedField]: cleaning up after test
[2016-09-15T05:41:25,973][INFO ][org.elasticsearch.cluster.metadata] [node_s_0] [test] creating index, cause [api], templates [random_index_template], shards [1]/[0], mappings []
[2016-09-15T05:41:26,038][INFO ][org.elasticsearch.cluster.routing.allocation] [node_s_0] Cluster health status changed from [YELLOW] to [GREEN] (reason: [shards started [[test][0]] ...]).
[2016-09-15T05:41:26,049][INFO ][org.elasticsearch.index.mapper] [node_s_0] [test] --> Updating mapping to {"test_type":{"properties":{"test_field":{"type":"string","index":"not_analyzed","similarity":"BM25"}}}}
[2016-09-15T05:41:26,051][INFO ][org.elasticsearch.cluster.metadata] [node_s_0] [test/0_3mnmu8RNW0YTkSVuZJkg] create_mapping [test_type]
[2016-09-15T05:41:26,060][INFO ][org.elasticsearch.index.mapper] [node_s_0] [test] --> Updating mapping to {"test_type":{"properties":{"test_field":{"type":"keyword","similarity":"BM25"}}}}
[2016-09-15T05:41:26,083][INFO ][org.elasticsearch.index.mapper] [node_s_0] [test] [LegacyStringMappingTests#testMergeKeywordIntoStringWithSimilarity]: cleaning up after test
[2016-09-15T05:41:26,115][INFO ][org.elasticsearch.cluster.metadata] [node_s_0] [test] creating index, cause [api], templates [random_index_template], shards [1]/[0], mappings []
[2016-09-15T05:41:26,159][INFO ][org.elasticsearch.cluster.routing.allocation] [node_s_0] Cluster health status changed from [YELLOW] to [GREEN] (reason: [shards started [[test][0]] ...]).
[2016-09-15T05:41:26,170][INFO ][org.elasticsearch.index.mapper] [node_s_0] [test] --> Updating mapping to {"test_type":{"properties":{"test_field":{"type":"string","index":"no"}}}}
[2016-09-15T05:41:26,172][INFO ][org.elasticsearch.cluster.metadata] [node_s_0] [test/Mu2OL6UzS_KBrv59Q91Vxg] create_mapping [test_type]
[2016-09-15T05:41:26,183][INFO ][org.elasticsearch.index.mapper] [node_s_0] [test] --> Updating mapping to {"test_type":{"properties":{"test_field":{"type":"keyword","index":false}}}}
[2016-09-15T05:41:26,199][INFO ][org.elasticsearch.index.mapper] [node_s_0] [test] [LegacyStringMappingTests#testMergeKeywordIntoStringWithIndexFalse]: cleaning up after test
[2016-09-15T05:41:26,226][INFO ][org.elasticsearch.cluster.metadata] [node_s_0] [test] creating index, cause [api], templates [random_index_template], shards [1]/[0], mappings []
[2016-09-15T05:41:26,268][INFO ][org.elasticsearch.cluster.routing.allocation] [node_s_0] Cluster health status changed from [YELLOW] to [GREEN] (reason: [shards started [[test][0]] ...]).
[2016-09-15T05:41:26,279][INFO ][org.elasticsearch.index.mapper] [node_s_0] [test] [LegacyStringMappingTests#testPositionOffsetGapDeprecation]: cleaning up after test
[2016-09-15T05:41:26,308][INFO ][org.elasticsearch.cluster.metadata] [node_s_0] [test] creating index, cause [api], templates [random_index_template], shards [1]/[0], mappings []
[2016-09-15T05:41:26,377][INFO ][org.elasticsearch.cluster.routing.allocation] [node_s_0] Cluster health status changed from [YELLOW] to [GREEN] (reason: [shards started [[test][0]] ...]).
[2016-09-15T05:41:26,387][INFO ][org.elasticsearch.index.mapper] [node_s_0] [test] --> Updating mapping to {"test_type":{"properties":{"test_field":{"type":"string","index":"not_analyzed","fields":{"foo":{"type":"string","analyzer":"standard"}}}}}}
[2016-09-15T05:41:26,388][INFO ][org.elasticsearch.cluster.metadata] [node_s_0] [test/RoHkoej4T2C-cRt2kUMehg] create_mapping [test_type]
[2016-09-15T05:41:26,399][INFO ][org.elasticsearch.index.mapper] [node_s_0] [test] --> Updating mapping to {"test_type":{"properties":{"test_field":{"type":"keyword","fields":{"foo":{"type":"string","analyzer":"standard"}}}}}}
[2016-09-15T05:41:26,414][INFO ][org.elasticsearch.index.mapper] [node_s_0] [test] --> Updating mapping to {"test_type":{"properties":{"test_field":{"type":"string","index":"not_analyzed","fields":{"foo":{"type":"string","analyzer":"standard"},"bar":{"type":"string","analyzer":"whitespace"}}}}}}
[2016-09-15T05:41:26,417][INFO ][org.elasticsearch.cluster.metadata] [node_s_0] [test/RoHkoej4T2C-cRt2kUMehg] update_mapping [test_type]
[2016-09-15T05:41:26,433][INFO ][org.elasticsearch.index.mapper] [node_s_0] [test] --> Updating mapping to {"test_type":{"properties":{"test_field":{"type":"keyword","fields":{"foo":{"type":"string","analyzer":"standard"},"bar":{"type":"string","analyzer":"whitespace"}}}}}}
[2016-09-15T05:41:26,451][INFO ][org.elasticsearch.index.mapper] [node_s_0] [test] [LegacyStringMappingTests#testMergeKeywordIntoStringWithFields]: cleaning up after test
[2016-09-15T05:41:26,478][INFO ][org.elasticsearch.cluster.metadata] [node_s_0] [test] creating index, cause [api], templates [random_index_template], shards [1]/[0], mappings []
[2016-09-15T05:41:26,529][INFO ][org.elasticsearch.cluster.routing.allocation] [node_s_0] Cluster health status changed from [YELLOW] to [GREEN] (reason: [shards started [[test][0]] ...]).
[2016-09-15T05:41:26,543][INFO ][org.elasticsearch.index.mapper] [node_s_0] [test] [LegacyStringMappingTests#testSearchAnalyzerSerialization]: cleaning up after test
[2016-09-15T05:41:26,573][INFO ][org.elasticsearch.cluster.metadata] [node_s_0] [test] creating index, cause [api], templates [random_index_template], shards [1]/[0], mappings []
[2016-09-15T05:41:26,625][INFO ][org.elasticsearch.cluster.routing.allocation] [node_s_0] Cluster health status changed from [YELLOW] to [GREEN] (reason: [shards started [[test][0]] ...]).
[2016-09-15T05:41:26,636][INFO ][org.elasticsearch.index.mapper] [node_s_0] [test] --> Updating mapping to {"test_type":{"properties":{"test_field":{"type":"string","index":"not_analyzed","copy_to":"another_field"}}}}
[2016-09-15T05:41:26,637][INFO ][org.elasticsearch.cluster.metadata] [node_s_0] [test/yQTHMu7ARXub9XLG1l_7nw] create_mapping [test_type]
[2016-09-15T05:41:26,649][INFO ][org.elasticsearch.index.mapper] [node_s_0] [test] --> Updating mapping to {"test_type":{"properties":{"test_field":{"type":"keyword","copy_to":"another_field"}}}}
[2016-09-15T05:41:26,666][INFO ][org.elasticsearch.index.mapper] [node_s_0] [test] [LegacyStringMappingTests#testMergeKeywordIntoStringWithCopyTo]: cleaning up after test
[2016-09-15T05:41:26,695][INFO ][org.elasticsearch.cluster.metadata] [node_s_0] [test] creating index, cause [api], templates [random_index_template], shards [1]/[0], mappings []
[2016-09-15T05:41:26,739][INFO ][org.elasticsearch.cluster.routing.allocation] [node_s_0] Cluster health status changed from [YELLOW] to [GREEN] (reason: [shards started [[test][0]] ...]).
[2016-09-15T05:41:26,753][INFO ][org.elasticsearch.cluster.metadata] [node_s_0] [test_old] creating index, cause [api], templates [random_index_template], shards [1]/[0], mappings []
[2016-09-15T05:41:26,802][INFO ][org.elasticsearch.cluster.routing.allocation] [node_s_0] Cluster health status changed from [YELLOW] to [GREEN] (reason: [shards started [[test_old][0]] ...]).
[2016-09-15T05:41:26,814][INFO ][org.elasticsearch.index.mapper] [node_s_0] [test_old] [LegacyStringMappingTests#testBwCompatDocValues]: cleaning up after test
[2016-09-15T05:41:26,866][INFO ][org.elasticsearch.cluster.metadata] [node_s_0] [test] creating index, cause [api], templates [random_index_template], shards [1]/[0], mappings []
[2016-09-15T05:41:26,938][INFO ][org.elasticsearch.cluster.routing.allocation] [node_s_0] Cluster health status changed from [YELLOW] to [GREEN] (reason: [shards started [[test][0]] ...]).
[2016-09-15T05:41:26,952][INFO ][org.elasticsearch.index.mapper] [node_s_0] [test] [LegacyStringMappingTests#testDocValues]: cleaning up after test
[2016-09-15T05:41:26,991][INFO ][org.elasticsearch.cluster.metadata] [node_s_0] [test] creating index, cause [api], templates [random_index_template], shards [1]/[0], mappings []
[2016-09-15T05:41:27,046][INFO ][org.elasticsearch.cluster.routing.allocation] [node_s_0] Cluster health status changed from [YELLOW] to [GREEN] (reason: [shards started [[test][0]] ...]).
[2016-09-15T05:41:27,059][INFO ][org.elasticsearch.index.mapper] [node_s_0] [test] --> Updating mapping to {"test_type":{"properties":{"test_field":{"type":"string","index":"not_analyzed","norms":true}}}}
[2016-09-15T05:41:27,061][INFO ][org.elasticsearch.cluster.metadata] [node_s_0] [test/Jou4_NPPQmy2KDhQk7i63g] create_mapping [test_type]
[2016-09-15T05:41:27,074][INFO ][org.elasticsearch.index.mapper] [node_s_0] [test] --> Updating mapping to {"test_type":{"properties":{"test_field":{"type":"keyword","norms":true}}}}
[2016-09-15T05:41:27,089][INFO ][org.elasticsearch.index.mapper] [node_s_0] [test] --> Updating mapping to {"test_type":{"properties":{"test_field":{"type":"string","index":"not_analyzed","norms":{"enabled":true,"loading":"CYrGG"}}}}}
[2016-09-15T05:41:27,090][WARN ][org.elasticsearch.deprecation.index.mapper] [node_s_0] [test] The [norms{enabled:true/false}] way of specifying norms is deprecated, please use [norms:true/false] instead
[2016-09-15T05:41:27,090][WARN ][org.elasticsearch.deprecation.index.mapper] [node_s_0] [test] The [norms{enabled:true/false}] way of specifying norms is deprecated, please use [norms:true/false] instead
[2016-09-15T05:41:27,105][INFO ][org.elasticsearch.index.mapper] [node_s_0] [test] --> Updating mapping to {"test_type":{"properties":{"test_field":{"type":"keyword","norms":{"enabled":true,"loading":"XXDCP"}}}}}
[2016-09-15T05:41:27,105][WARN ][org.elasticsearch.deprecation.index.mapper] [node_s_0] [test] The [norms{enabled:true/false}] way of specifying norms is deprecated, please use [norms:true/false] instead
[2016-09-15T05:41:27,106][WARN ][org.elasticsearch.deprecation.index.mapper] [node_s_0] [test] The [norms{enabled:true/false}] way of specifying norms is deprecated, please use [norms:true/false] instead
[2016-09-15T05:41:27,121][INFO ][org.elasticsearch.index.mapper] [node_s_0] [test] [LegacyStringMappingTests#testMergeKeywordIntoStringWithNorms]: cleaning up after test
[2016-09-15T05:41:27,162][INFO ][org.elasticsearch.cluster.metadata] [node_s_0] [test] creating index, cause [api], templates [random_index_template], shards [1]/[0], mappings []
[2016-09-15T05:41:27,221][INFO ][org.elasticsearch.cluster.routing.allocation] [node_s_0] Cluster health status changed from [YELLOW] to [GREEN] (reason: [shards started [[test][0]] ...]).
[2016-09-15T05:41:27,236][INFO ][org.elasticsearch.index.mapper] [node_s_0] [test] [LegacyStringMappingTests#testNonAnalyzedFieldPositionIncrement]: cleaning up after test
[2016-09-15T05:41:27,274][INFO ][org.elasticsearch.cluster.metadata] [node_s_0] [test] creating index, cause [api], templates [random_index_template], shards [1]/[0], mappings []
[2016-09-15T05:41:27,330][INFO ][org.elasticsearch.cluster.routing.allocation] [node_s_0] Cluster health status changed from [YELLOW] to [GREEN] (reason: [shards started [[test][0]] ...]).
[2016-09-15T05:41:27,345][WARN ][org.elasticsearch.deprecation.index.mapper] [node_s_0] [test] The [norms{enabled:true/false}] way of specifying norms is deprecated, please use [norms:true/false] instead
[2016-09-15T05:41:27,346][WARN ][org.elasticsearch.deprecation.index.mapper] [node_s_0] [test] [omit_norms] is deprecated, please use [norms] instead with the opposite boolean value
[2016-09-15T05:41:27,347][INFO ][org.elasticsearch.index.mapper] [node_s_0] [test] [LegacyStringMappingTests#testDefaultsForNotAnalyzed]: cleaning up after test
[2016-09-15T05:41:27,385][INFO ][org.elasticsearch.cluster.metadata] [node_s_0] [test] creating index, cause [api], templates [random_index_template], shards [1]/[0], mappings []
[2016-09-15T05:41:27,435][INFO ][org.elasticsearch.cluster.routing.allocation] [node_s_0] Cluster health status changed from [YELLOW] to [GREEN] (reason: [shards started [[test][0]] ...]).
[2016-09-15T05:41:27,446][INFO ][org.elasticsearch.index.mapper] [node_s_0] [test] --> Updating mapping to {"test_type":{"properties":{"test_field":{"type":"string","analyzer":"standard","search_analyzer":"whitespace","search_quote_analyzer":"keyword"}}}}
[2016-09-15T05:41:27,448][INFO ][org.elasticsearch.cluster.metadata] [node_s_0] [test/W6smdV8xTQyWtUQ7g-NXOQ] create_mapping [test_type]
[2016-09-15T05:41:27,462][INFO ][org.elasticsearch.index.mapper] [node_s_0] [test] --> Updating mapping to {"test_type":{"properties":{"test_field":{"type":"text","analyzer":"standard","search_analyzer":"whitespace","search_quote_analyzer":"keyword","fielddata":true}}}}
[2016-09-15T05:41:27,479][INFO ][org.elasticsearch.index.mapper] [node_s_0] [test] [LegacyStringMappingTests#testMergeTextIntoStringWithSearchQuoteAnayzer]: cleaning up after test
[2016-09-15T05:41:27,517][INFO ][org.elasticsearch.cluster.metadata] [node_s_0] [test] creating index, cause [api], templates [random_index_template], shards [1]/[0], mappings []
[2016-09-15T05:41:27,571][INFO ][org.elasticsearch.cluster.routing.allocation] [node_s_0] Cluster health status changed from [YELLOW] to [GREEN] (reason: [shards started [[test][0]] ...]).
[2016-09-15T05:41:27,584][INFO ][org.elasticsearch.index.mapper] [node_s_0] [test] --> Updating mapping to {"test_type":{"properties":{"test_field":{"type":"string","index":"not_analyzed","index_options":"freqs"}}}}
[2016-09-15T05:41:27,587][INFO ][org.elasticsearch.cluster.metadata] [node_s_0] [test/4RliqIYSQMGaVkxCdPQaQA] create_mapping [test_type]
[2016-09-15T05:41:27,603][INFO ][org.elasticsearch.index.mapper] [node_s_0] [test] --> Updating mapping to {"test_type":{"properties":{"test_field":{"type":"keyword","index_options":"freqs"}}}}
[2016-09-15T05:41:27,620][INFO ][org.elasticsearch.index.mapper] [node_s_0] [test] [LegacyStringMappingTests#testMergeKeywordIntoStringWithIndexOptions]: cleaning up after test
[2016-09-15T05:41:27,660][INFO ][org.elasticsearch.cluster.metadata] [node_s_0] [test] creating index, cause [api], templates [random_index_template], shards [1]/[0], mappings []
[2016-09-15T05:41:27,716][INFO ][org.elasticsearch.cluster.routing.allocation] [node_s_0] Cluster health status changed from [YELLOW] to [GREEN] (reason: [shards started [[test][0]] ...]).
[2016-09-15T05:41:27,729][INFO ][org.elasticsearch.index.mapper] [node_s_0] [test] --> Updating mapping to {"test_type":{"properties":{"test_field":{"type":"string","boost":1.5}}}}
[2016-09-15T05:41:27,731][INFO ][org.elasticsearch.cluster.metadata] [node_s_0] [test/VKKZFtOMTxWgMyi78kQMBQ] create_mapping [test_type]
[2016-09-15T05:41:27,745][INFO ][org.elasticsearch.index.mapper] [node_s_0] [test] --> Updating mapping to {"test_type":{"properties":{"test_field":{"type":"text","boost":1.5,"fielddata":true}}}}
[2016-09-15T05:41:27,762][INFO ][org.elasticsearch.index.mapper] [node_s_0] [test] --> Updating mapping to {"test_type":{"properties":{"test_field":{"type":"text","boost":1.4,"fielddata":true}}}}
[2016-09-15T05:41:27,765][INFO ][org.elasticsearch.cluster.metadata] [node_s_0] [test/VKKZFtOMTxWgMyi78kQMBQ] update_mapping [test_type]
[2016-09-15T05:41:27,778][INFO ][org.elasticsearch.index.mapper] [node_s_0] [test] [LegacyStringMappingTests#testMergeTextIntoStringWithBoost]: cleaning up after test
[2016-09-15T05:41:27,818][INFO ][org.elasticsearch.cluster.metadata] [node_s_0] [test] creating index, cause [api], templates [random_index_template], shards [1]/[0], mappings []
[2016-09-15T05:41:27,879][INFO ][org.elasticsearch.cluster.routing.allocation] [node_s_0] Cluster health status changed from [YELLOW] to [GREEN] (reason: [shards started [[test][0]] ...]).
[2016-09-15T05:41:27,893][INFO ][org.elasticsearch.index.mapper] [node_s_0] [test] --> Updating mapping to {"test_type":{"properties":{"test_field":{"type":"string","include_in_all":false}}}}
[2016-09-15T05:41:27,895][INFO ][org.elasticsearch.cluster.metadata] [node_s_0] [test/GAIIpyhUQtWTGbt_jyrnNA] create_mapping [test_type]
[2016-09-15T05:41:27,909][INFO ][org.elasticsearch.index.mapper] [node_s_0] [test] --> Updating mapping to {"test_type":{"properties":{"test_field":{"type":"text","include_in_all":false,"fielddata":true}}}}
[2016-09-15T05:41:27,925][INFO ][org.elasticsearch.index.mapper] [node_s_0] [test] [LegacyStringMappingTests#testMergeTextIntoStringWithIncludeInAll]: cleaning up after test
[2016-09-15T05:41:27,966][INFO ][org.elasticsearch.cluster.metadata] [node_s_0] [test] creating index, cause [api], templates [random_index_template], shards [1]/[0], mappings []
[2016-09-15T05:41:28,029][INFO ][org.elasticsearch.cluster.routing.allocation] [node_s_0] Cluster health status changed from [YELLOW] to [GREEN] (reason: [shards started [[test][0]] ...]).
[2016-09-15T05:41:28,045][INFO ][org.elasticsearch.index.mapper] [node_s_0] [test] --> Updating mapping to {"test_type":{"properties":{"test_field":{"type":"string","store":true}}}}
[2016-09-15T05:41:28,047][INFO ][org.elasticsearch.cluster.metadata] [node_s_0] [test/Pr8V3b-jSNenlc3QSzajpw] create_mapping [test_type]
[2016-09-15T05:41:28,062][INFO ][org.elasticsearch.index.mapper] [node_s_0] [test] --> Updating mapping to {"test_type":{"properties":{"test_field":{"type":"text","store":true,"fielddata":true}}}}
[2016-09-15T05:41:28,081][INFO ][org.elasticsearch.index.mapper] [node_s_0] [test] [LegacyStringMappingTests#testMergeTextIntoStringWithStore]: cleaning up after test
[2016-09-15T05:41:28,119][INFO ][org.elasticsearch.cluster.metadata] [node_s_0] [test] creating index, cause [api], templates [random_index_template], shards [1]/[0], mappings []
[2016-09-15T05:41:28,182][INFO ][org.elasticsearch.cluster.routing.allocation] [node_s_0] Cluster health status changed from [YELLOW] to [GREEN] (reason: [shards started [[test][0]] ...]).
[2016-09-15T05:41:28,197][INFO ][org.elasticsearch.index.mapper] [node_s_0] [test] --> Updating mapping to {"test_type":{"properties":{"test_field":{"type":"string","fields":{"foo":{"type":"string","analyzer":"standard"}}}}}}
[2016-09-15T05:41:28,199][INFO ][org.elasticsearch.cluster.metadata] [node_s_0] [test/Cj5A51P0SKmJXPSBO72e8g] create_mapping [test_type]
[2016-09-15T05:41:28,214][INFO ][org.elasticsearch.index.mapper] [node_s_0] [test] --> Updating mapping to {"test_type":{"properties":{"test_field":{"type":"text","fielddata":true,"fields":{"foo":{"type":"string","analyzer":"standard"}}}}}}
[2016-09-15T05:41:28,230][INFO ][org.elasticsearch.index.mapper] [node_s_0] [test] --> Updating mapping to {"test_type":{"properties":{"test_field":{"type":"string","fields":{"foo":{"type":"string","analyzer":"standard"},"bar":{"type":"string","analyzer":"whitespace"}}}}}}
[2016-09-15T05:41:28,233][INFO ][org.elasticsearch.cluster.metadata] [node_s_0] [test/Cj5A51P0SKmJXPSBO72e8g] update_mapping [test_type]
[2016-09-15T05:41:28,247][INFO ][org.elasticsearch.index.mapper] [node_s_0] [test] --> Updating mapping to {"test_type":{"properties":{"test_field":{"type":"text","fielddata":true,"fields":{"foo":{"type":"string","analyzer":"standard"},"bar":{"type":"string","analyzer":"whitespace"}}}}}}
[2016-09-15T05:41:28,262][INFO ][org.elasticsearch.index.mapper] [node_s_0] [test] [LegacyStringMappingTests#testMergeTextIntoStringWithFields]: cleaning up after test
[2016-09-15T05:41:28,300][INFO ][org.elasticsearch.cluster.metadata] [node_s_0] [test] creating index, cause [api], templates [random_index_template], shards [1]/[0], mappings []
[2016-09-15T05:41:28,363][INFO ][org.elasticsearch.cluster.routing.allocation] [node_s_0] Cluster health status changed from [YELLOW] to [GREEN] (reason: [shards started [[test][0]] ...]).
[2016-09-15T05:41:28,393][INFO ][org.elasticsearch.index.mapper] [node_s_0] [test] --> Updating mapping to {"test_type":{"properties":{"test_field":{"type":"string","index":"not_analyzed","ignore_above":128}}}}
[2016-09-15T05:41:28,395][INFO ][org.elasticsearch.cluster.metadata] [node_s_0] [test/uw-c4kZkSTehtQO_iupe4A] create_mapping [test_type]
[2016-09-15T05:41:28,410][INFO ][org.elasticsearch.index.mapper] [node_s_0] [test] --> Updating mapping to {"test_type":{"properties":{"test_field":{"type":"keyword","ignore_above":128}}}}
[2016-09-15T05:41:28,428][INFO ][org.elasticsearch.index.mapper] [node_s_0] [test] [LegacyStringMappingTests#testMergeKeywordIntoStringWithIgnoreAbove]: cleaning up after test
[2016-09-15T05:41:28,472][INFO ][org.elasticsearch.cluster.metadata] [node_s_0] [test] creating index, cause [api], templates [random_index_template], shards [1]/[0], mappings []
[2016-09-15T05:41:28,534][INFO ][org.elasticsearch.cluster.routing.allocation] [node_s_0] Cluster health status changed from [YELLOW] to [GREEN] (reason: [shards started [[test][0]] ...]).
[2016-09-15T05:41:28,549][INFO ][org.elasticsearch.index.mapper] [node_s_0] [test] [LegacyStringMappingTests#testTermVectors]: cleaning up after test
[2016-09-15T05:41:28,589][INFO ][org.elasticsearch.cluster.metadata] [node_s_0] [test] creating index, cause [api], templates [random_index_template], shards [1]/[0], mappings []
[2016-09-15T05:41:28,656][INFO ][org.elasticsearch.cluster.routing.allocation] [node_s_0] Cluster health status changed from [YELLOW] to [GREEN] (reason: [shards started [[test][0]] ...]).
[2016-09-15T05:41:28,668][INFO ][org.elasticsearch.index.mapper] [node_s_0] [test] --> Updating mapping to {"test_type":{"properties":{"test_field":{"type":"string","index":"not_analyzed","store":true}}}}
[2016-09-15T05:41:28,670][INFO ][org.elasticsearch.cluster.metadata] [node_s_0] [test/_zDe4uj9SyOeqybuXEQcmg] create_mapping [test_type]
[2016-09-15T05:41:28,682][INFO ][org.elasticsearch.index.mapper] [node_s_0] [test] --> Updating mapping to {"test_type":{"properties":{"test_field":{"type":"keyword","store":true}}}}
[2016-09-15T05:41:28,694][INFO ][org.elasticsearch.index.mapper] [node_s_0] [test] [LegacyStringMappingTests#testMergeKeywordIntoStringWithStore]: cleaning up after test
[2016-09-15T05:41:28,724][INFO ][org.elasticsearch.cluster.metadata] [node_s_0] [test] creating index, cause [api], templates [random_index_template], shards [1]/[0], mappings []
[2016-09-15T05:41:28,769][INFO ][org.elasticsearch.cluster.routing.allocation] [node_s_0] Cluster health status changed from [YELLOW] to [GREEN] (reason: [shards started [[test][0]] ...]).
[2016-09-15T05:41:28,780][INFO ][org.elasticsearch.index.mapper] [node_s_0] [test] --> Updating mapping to {"test_type":{"properties":{"test_field":{"type":"string","index":"not_analyzed","include_in_all":false}}}}
[2016-09-15T05:41:28,782][INFO ][org.elasticsearch.cluster.metadata] [node_s_0] [test/Ix_0VRjSQLmZuCmOSkaMpQ] create_mapping [test_type]
[2016-09-15T05:41:28,792][INFO ][org.elasticsearch.index.mapper] [node_s_0] [test] --> Updating mapping to {"test_type":{"properties":{"test_field":{"type":"keyword","include_in_all":false}}}}
[2016-09-15T05:41:28,803][INFO ][org.elasticsearch.index.mapper] [node_s_0] [test] [LegacyStringMappingTests#testMergeKeywordIntoStringWithIncludeInAll]: cleaning up after test
[2016-09-15T05:41:28,830][INFO ][org.elasticsearch.cluster.metadata] [node_s_0] [test] creating index, cause [api], templates [random_index_template], shards [1]/[0], mappings []
[2016-09-15T05:41:28,873][INFO ][org.elasticsearch.cluster.routing.allocation] [node_s_0] Cluster health status changed from [YELLOW] to [GREEN] (reason: [shards started [[test][0]] ...]).
[2016-09-15T05:41:28,883][INFO ][org.elasticsearch.index.mapper] [node_s_0] [test] [LegacyStringMappingTests#testDisabledFielddata]: cleaning up after test
[2016-09-15T05:41:28,912][INFO ][org.elasticsearch.cluster.metadata] [node_s_0] [test] creating index, cause [api], templates [random_index_template], shards [1]/[0], mappings []
[2016-09-15T05:41:28,958][INFO ][org.elasticsearch.cluster.routing.allocation] [node_s_0] Cluster health status changed from [YELLOW] to [GREEN] (reason: [shards started [[test][0]] ...]).
[2016-09-15T05:41:28,969][INFO ][org.elasticsearch.index.mapper] [node_s_0] [test] --> Updating mapping to {"test_type":{"properties":{"test_field":{"type":"string","index":"not_analyzed"}}}}
[2016-09-15T05:41:28,970][INFO ][org.elasticsearch.cluster.metadata] [node_s_0] [test/RYE4Oy7KRaKPW0seKS7LJw] create_mapping [test_type]
[2016-09-15T05:41:28,984][INFO ][org.elasticsearch.index.mapper] [node_s_0] [test] --> Updating mapping to {"test_type":{"properties":{"test_field":{"type":"keyword"}}}}
[2016-09-15T05:41:29,001][INFO ][org.elasticsearch.index.mapper] [node_s_0] [test] [LegacyStringMappingTests#testMergeKeywordIntoString]: cleaning up after test
[2016-09-15T05:41:29,039][INFO ][org.elasticsearch.cluster.metadata] [node_s_0] [test] creating index, cause [api], templates [random_index_template], shards [1]/[0], mappings []
[2016-09-15T05:41:29,080][INFO ][org.elasticsearch.cluster.routing.allocation] [node_s_0] Cluster health status changed from [YELLOW] to [GREEN] (reason: [shards started [[test][0]] ...]).
[2016-09-15T05:41:29,090][INFO ][org.elasticsearch.index.mapper] [node_s_0] [test] [LegacyStringMappingTests#testAnalyzedFieldPositionIncrementWithoutPositions]: cleaning up after test
[2016-09-15T05:41:29,116][INFO ][org.elasticsearch.cluster.metadata] [node_s_0] [test] creating index, cause [api], templates [random_index_template], shards [1]/[0], mappings []
[2016-09-15T05:41:29,158][INFO ][org.elasticsearch.cluster.routing.allocation] [node_s_0] Cluster health status changed from [YELLOW] to [GREEN] (reason: [shards started [[test][0]] ...]).
[2016-09-15T05:41:29,168][INFO ][org.elasticsearch.index.mapper] [node_s_0] [test] --> Updating mapping to {"test_type":{"properties":{"test_field":{"type":"string","norms":false}}}}
[2016-09-15T05:41:29,169][INFO ][org.elasticsearch.cluster.metadata] [node_s_0] [test/EYLUomZ8RMiFtJpMhQgteg] create_mapping [test_type]
[2016-09-15T05:41:29,179][INFO ][org.elasticsearch.index.mapper] [node_s_0] [test] --> Updating mapping to {"test_type":{"properties":{"test_field":{"type":"text","norms":false,"fielddata":true}}}}
[2016-09-15T05:41:29,191][INFO ][org.elasticsearch.index.mapper] [node_s_0] [test] [LegacyStringMappingTests#testMergeTextIntoStringWithNorms]: cleaning up after test
[2016-09-15T05:41:29,219][INFO ][org.elasticsearch.cluster.metadata] [node_s_0] [test] creating index, cause [api], templates [random_index_template], shards [1]/[0], mappings []
[2016-09-15T05:41:29,272][INFO ][org.elasticsearch.cluster.routing.allocation] [node_s_0] Cluster health status changed from [YELLOW] to [GREEN] (reason: [shards started [[test][0]] ...]).
[2016-09-15T05:41:29,281][INFO ][org.elasticsearch.index.mapper] [node_s_0] [test] --> Updating mapping to {"test_type":{"properties":{"test_field":{"type":"string","copy_to":"another_field"}}}}
[2016-09-15T05:41:29,283][INFO ][org.elasticsearch.cluster.metadata] [node_s_0] [test/ugB8N-bqRSCcugsqIKPARA] create_mapping [test_type]
[2016-09-15T05:41:29,296][INFO ][org.elasticsearch.index.mapper] [node_s_0] [test] --> Updating mapping to {"test_type":{"properties":{"test_field":{"type":"text","copy_to":"another_field","fielddata":true}}}}
[2016-09-15T05:41:29,308][INFO ][org.elasticsearch.index.mapper] [node_s_0] [test] [LegacyStringMappingTests#testMergeTextIntoStringWithCopyTo]: cleaning up after test
[2016-09-15T05:41:29,335][INFO ][org.elasticsearch.cluster.metadata] [node_s_0] [test] creating index, cause [api], templates [random_index_template], shards [1]/[0], mappings []
[2016-09-15T05:41:29,374][INFO ][org.elasticsearch.cluster.routing.allocation] [node_s_0] Cluster health status changed from [YELLOW] to [GREEN] (reason: [shards started [[test][0]] ...]).
[2016-09-15T05:41:29,384][INFO ][org.elasticsearch.index.mapper] [node_s_0] [test] [LegacyStringMappingTests#testLimit]: cleaning up after test
[2016-09-15T05:41:29,411][INFO ][org.elasticsearch.cluster.metadata] [node_s_0] [test] creating index, cause [api], templates [random_index_template], shards [1]/[0], mappings []
[2016-09-15T05:41:29,448][INFO ][org.elasticsearch.cluster.routing.allocation] [node_s_0] Cluster health status changed from [YELLOW] to [GREEN] (reason: [shards started [[test][0]] ...]).
[2016-09-15T05:41:29,459][INFO ][org.elasticsearch.index.mapper] [node_s_0] [test] [LegacyStringMappingTests#testFielddataFilter]: cleaning up after test
[2016-09-15T05:41:29,487][INFO ][org.elasticsearch.cluster.metadata] [node_s_0] [test] creating index, cause [api], templates [random_index_template], shards [1]/[0], mappings []
[2016-09-15T05:41:29,531][INFO ][org.elasticsearch.cluster.routing.allocation] [node_s_0] Cluster health status changed from [YELLOW] to [GREEN] (reason: [shards started [[test][0]] ...]).
[2016-09-15T05:41:29,540][INFO ][org.elasticsearch.index.mapper] [node_s_0] [test] --> Updating mapping to {"test_type":{"properties":{"test_field":{"type":"string","doc_values":false}}}}
[2016-09-15T05:41:29,541][INFO ][org.elasticsearch.cluster.metadata] [node_s_0] [test/7BW21eWpQ1i5shWOTAi5nw] create_mapping [test_type]
[2016-09-15T05:41:29,551][INFO ][org.elasticsearch.index.mapper] [node_s_0] [test] --> Updating mapping to {"test_type":{"properties":{"test_field":{"type":"text","doc_values":false,"fielddata":true}}}}
[2016-09-15T05:41:29,562][INFO ][org.elasticsearch.index.mapper] [node_s_0] [test] [LegacyStringMappingTests#testMergeTextIntoStringWithDocValues]: cleaning up after test
[2016-09-15T05:41:29,596][INFO ][org.elasticsearch.cluster.metadata] [node_s_0] [test] creating index, cause [api], templates [random_index_template], shards [1]/[0], mappings []
[2016-09-15T05:41:29,639][INFO ][org.elasticsearch.cluster.routing.allocation] [node_s_0] Cluster health status changed from [YELLOW] to [GREEN] (reason: [shards started [[test][0]] ...]).
[2016-09-15T05:41:29,650][INFO ][org.elasticsearch.index.mapper] [node_s_0] [test] [LegacyStringMappingTests#testSearchQuoteAnalyzerSerialization]: cleaning up after test
[2016-09-15T05:41:29,702][INFO ][org.elasticsearch.cluster.metadata] [node_s_0] [test] creating index, cause [api], templates [random_index_template], shards [1]/[0], mappings []
[2016-09-15T05:41:29,748][INFO ][org.elasticsearch.cluster.routing.allocation] [node_s_0] Cluster health status changed from [YELLOW] to [GREEN] (reason: [shards started [[test][0]] ...]).
[2016-09-15T05:41:29,759][INFO ][org.elasticsearch.index.mapper] [node_s_0] [test] [LegacyStringMappingTests#testKeywordFieldAsStringWithUnsupportedField]: cleaning up after test
[2016-09-15T05:41:29,787][INFO ][org.elasticsearch.cluster.metadata] [node_s_0] [test] creating index, cause [api], templates [random_index_template], shards [1]/[0], mappings []
[2016-09-15T05:41:29,830][INFO ][org.elasticsearch.cluster.routing.allocation] [node_s_0] Cluster health status changed from [YELLOW] to [GREEN] (reason: [shards started [[test][0]] ...]).
[2016-09-15T05:41:29,839][INFO ][org.elasticsearch.index.mapper] [node_s_0] [test] --> Updating mapping to {"test_type":{"properties":{"test_field":{"type":"string","fielddata":{"format":"pagedbytes","filter":{"frequency":{"min":0.001,"max":0.1,"min_segment_size":100}}}}}}}
[2016-09-15T05:41:29,840][INFO ][org.elasticsearch.cluster.metadata] [node_s_0] [test/w9_yvw6XRJ-BTrXsH80P4Q] create_mapping [test_type]
[2016-09-15T05:41:29,850][INFO ][org.elasticsearch.index.mapper] [node_s_0] [test] --> Updating mapping to {"test_type":{"properties":{"test_field":{"type":"text","fielddata":true,"fielddata_frequency_filter":{"min":0.001,"max":0.1,"min_segment_size":100}}}}}
[2016-09-15T05:41:29,936][INFO ][org.elasticsearch.index.mapper] [node_s_0] [test] [LegacyStringMappingTests#testMergeTextIntoStringWithFielddataFrequencyFilter]: cleaning up after test
[2016-09-15T05:41:29,964][INFO ][org.elasticsearch.cluster.metadata] [node_s_0] [test] creating index, cause [api], templates [random_index_template], shards [1]/[0], mappings []
[2016-09-15T05:41:30,004][INFO ][org.elasticsearch.cluster.routing.allocation] [node_s_0] Cluster health status changed from [YELLOW] to [GREEN] (reason: [shards started [[test][0]] ...]).
[2016-09-15T05:41:30,013][INFO ][org.elasticsearch.index.mapper] [node_s_0] [test] --> Updating mapping to {"test_type":{"properties":{"test_field":{"type":"string"}}}}
[2016-09-15T05:41:30,015][INFO ][org.elasticsearch.cluster.metadata] [node_s_0] [test/ZUhGG2qMSOKl8Vm4d5n8WQ] create_mapping [test_type]
[2016-09-15T05:41:30,026][INFO ][org.elasticsearch.index.mapper] [node_s_0] [test] --> Updating mapping to {"test_type":{"properties":{"test_field":{"type":"text","fielddata":true}}}}
[2016-09-15T05:41:30,036][INFO ][org.elasticsearch.index.mapper] [node_s_0] [test] [LegacyStringMappingTests#testMergeTextIntoString]: cleaning up after test
[2016-09-15T05:41:30,064][INFO ][org.elasticsearch.cluster.metadata] [node_s_0] [test] creating index, cause [api], templates [random_index_template], shards [1]/[0], mappings []
[2016-09-15T05:41:30,104][INFO ][org.elasticsearch.cluster.routing.allocation] [node_s_0] Cluster health status changed from [YELLOW] to [GREEN] (reason: [shards started [[test][0]] ...]).
[2016-09-15T05:41:30,113][INFO ][org.elasticsearch.index.mapper] [node_s_0] [test] --> Updating mapping to {"test_type":{"properties":{"test_field":{"type":"string","index_options":"docs"}}}}
[2016-09-15T05:41:30,115][INFO ][org.elasticsearch.cluster.metadata] [node_s_0] [test/dzoVVUlxRy6kQqGzPRZBdA] create_mapping [test_type]
[2016-09-15T05:41:30,153][INFO ][org.elasticsearch.index.mapper] [node_s_0] [test] --> Updating mapping to {"test_type":{"properties":{"test_field":{"type":"text","index_options":"docs","fielddata":true}}}}
[2016-09-15T05:41:30,165][INFO ][org.elasticsearch.index.mapper] [node_s_0] [test] [LegacyStringMappingTests#testMergeTextIntoStringWithIndexOptions]: cleaning up after test
[2016-09-15T05:41:30,187][INFO ][org.elasticsearch.node   ] [node_s_0] stopping ...
[2016-09-15T05:41:30,188][INFO ][org.elasticsearch.node   ] [node_s_0] stopped
[2016-09-15T05:41:30,188][INFO ][org.elasticsearch.node   ] [node_s_0] closing ...
[2016-09-15T05:41:30,189][INFO ][org.elasticsearch.node   ] [node_s_0] closed
]]></system-out>
   <system-err><![CDATA[]]></system-err>
</testsuite>