<testsuite errors="0" failures="0" tests="9" skipped="0" name="org.elasticsearch.action.admin.cluster.node.tasks.TransportTasksActionTests" hostname="nohost.nodomain" time="1.297" timestamp="2016-09-15T12:39:35">
   <properties class="java.util.ArrayList">
      <property name="awt.toolkit" value="sun.awt.windows.WToolkit"/>
      <property name="file.encoding" value="Cp1252"/>
      <property name="file.encoding.pkg" value="sun.io"/>
      <property name="file.separator" value="\"/>
      <property name="java.awt.graphicsenv" value="sun.awt.Win32GraphicsEnvironment"/>
      <property name="java.awt.headless" value="true"/>
      <property name="java.awt.printerjob" value="sun.awt.windows.WPrinterJob"/>
      <property name="java.class.path" value="C:\projects\team3\core\build\classes\test;C:\projects\team3\core\build\resources\test;C:\projects\team3\core\build\classes\main;C:\projects\team3\core\build\resources\main;C:\Users\domin\.gradle\caches\modules-2\files-2.1\org.apache.lucene\lucene-core\6.2.0\849ee62525a294416802be2cacc66c80352f6f13\lucene-core-6.2.0.jar;C:\Users\domin\.gradle\caches\modules-2\files-2.1\org.apache.lucene\lucene-analyzers-common\6.2.0\d254d52dd394b5079129f3d5f3bf4f2d44a5936e\lucene-analyzers-common-6.2.0.jar;C:\Users\domin\.gradle\caches\modules-2\files-2.1\org.apache.lucene\lucene-backward-codecs\6.2.0\b625bb21456b3c0d1e5e431bced125cb060c1abd\lucene-backward-codecs-6.2.0.jar;C:\Users\domin\.gradle\caches\modules-2\files-2.1\org.apache.lucene\lucene-grouping\6.2.0\9527fedfd5acc624b2bb3f862bd99fb8f470b053\lucene-grouping-6.2.0.jar;C:\Users\domin\.gradle\caches\modules-2\files-2.1\org.apache.lucene\lucene-highlighter\6.2.0\7ca342372a3f45e32bbd21cecaa757e38eccb8a5\lucene-highlighter-6.2.0.jar;C:\Users\domin\.gradle\caches\modules-2\files-2.1\org.apache.lucene\lucene-join\6.2.0\da0b8de98511abd4fe9c7d48a353d17854c5ed46\lucene-join-6.2.0.jar;C:\Users\domin\.gradle\caches\modules-2\files-2.1\org.apache.lucene\lucene-memory\6.2.0\bc9e075b1ee051c8e5246c237c38d8e71dab8a66\lucene-memory-6.2.0.jar;C:\Users\domin\.gradle\caches\modules-2\files-2.1\org.apache.lucene\lucene-misc\6.2.0\94ddde6312566a4da4a50a88e453b6c82c759b41\lucene-misc-6.2.0.jar;C:\Users\domin\.gradle\caches\modules-2\files-2.1\org.apache.lucene\lucene-queries\6.2.0\dce47238f78e3e97d91dc6fefa9f46f07866bc2b\lucene-queries-6.2.0.jar;C:\Users\domin\.gradle\caches\modules-2\files-2.1\org.apache.lucene\lucene-queryparser\6.2.0\17ef728ac15e668bfa1105321611548424637645\lucene-queryparser-6.2.0.jar;C:\Users\domin\.gradle\caches\modules-2\files-2.1\org.apache.lucene\lucene-sandbox\6.2.0\520183f7b9aba77a26e224760c420a3844b0631a\lucene-sandbox-6.2.0.jar;C:\Users\domin\.gradle\caches\modules-2\files-2.1\org.apache.lucene\lucene-spatial\6.2.0\8dba929b66927b936fbc76103b109ad6c824daee\lucene-spatial-6.2.0.jar;C:\Users\domin\.gradle\caches\modules-2\files-2.1\org.apache.lucene\lucene-spatial-extras\6.2.0\3b5a6ef5cd90c0218a72e9e2f7e60104be2447da\lucene-spatial-extras-6.2.0.jar;C:\Users\domin\.gradle\caches\modules-2\files-2.1\org.apache.lucene\lucene-spatial3d\6.2.0\fcdb0567725722c5145149d1502848b6a96ec18d\lucene-spatial3d-6.2.0.jar;C:\Users\domin\.gradle\caches\modules-2\files-2.1\org.apache.lucene\lucene-suggest\6.2.0\3d9d526c51f483d27f425c75d7e56bc0849242d6\lucene-suggest-6.2.0.jar;C:\Users\domin\.gradle\caches\modules-2\files-2.1\org.elasticsearch\securesm\1.1\1e423447d020041534be94c0f31a49fbdc1f2950\securesm-1.1.jar;C:\Users\domin\.gradle\caches\modules-2\files-2.1\net.sf.jopt-simple\jopt-simple\5.0.2\98cafc6081d5632b61be2c9e60650b64ddbc637c\jopt-simple-5.0.2.jar;C:\Users\domin\.gradle\caches\modules-2\files-2.1\com.carrotsearch\hppc\0.7.1\8b5057f74ea378c0150a1860874a3ebdcb713767\hppc-0.7.1.jar;C:\Users\domin\.gradle\caches\modules-2\files-2.1\joda-time\joda-time\2.9.4\1c295b462f16702ebe720bbb08f62e1ba80da41b\joda-time-2.9.4.jar;C:\Users\domin\.gradle\caches\modules-2\files-2.1\org.joda\joda-convert\1.2\35ec554f0cd00c956cc69051514d9488b1374dec\joda-convert-1.2.jar;C:\Users\domin\.gradle\caches\modules-2\files-2.1\org.yaml\snakeyaml\1.15\3b132bea69e8ee099f416044970997bde80f4ea6\snakeyaml-1.15.jar;C:\Users\domin\.gradle\caches\modules-2\files-2.1\com.fasterxml.jackson.core\jackson-core\2.8.1\fd13b1c033741d48291315c6370f7d475a42dccf\jackson-core-2.8.1.jar;C:\Users\domin\.gradle\caches\modules-2\files-2.1\com.fasterxml.jackson.dataformat\jackson-dataformat-smile\2.8.1\5b73867bc12224946fc67fc8d49d9f5e698d7f\jackson-dataformat-smile-2.8.1.jar;C:\Users\domin\.gradle\caches\modules-2\files-2.1\com.fasterxml.jackson.dataformat\jackson-dataformat-yaml\2.8.1\eb63166c723b0b4b9fb5298fca232a2f6612ec34\jackson-dataformat-yaml-2.8.1.jar;C:\Users\domin\.gradle\caches\modules-2\files-2.1\com.fasterxml.jackson.dataformat\jackson-dataformat-cbor\2.8.1\3a6fb7e75c9972559a78cf5cfc5a48a41a13ea40\jackson-dataformat-cbor-2.8.1.jar;C:\Users\domin\.gradle\caches\modules-2\files-2.1\com.tdunning\t-digest\3.0\84ccf145ac2215e6bfa63baa3101c0af41017cfc\t-digest-3.0.jar;C:\Users\domin\.gradle\caches\modules-2\files-2.1\org.hdrhistogram\HdrHistogram\2.1.6\7495feb7f71ee124bd2a7e7d83590e296d71d80e\HdrHistogram-2.1.6.jar;C:\Users\domin\.gradle\caches\modules-2\files-2.1\org.locationtech.spatial4j\spatial4j\0.6\21b15310bddcfd8c72611c180f20cf23279809a3\spatial4j-0.6.jar;C:\Users\domin\.gradle\caches\modules-2\files-2.1\com.vividsolutions\jts\1.13\3ccfb9b60f04d71add996a666ceb8902904fd805\jts-1.13.jar;C:\Users\domin\.gradle\caches\modules-2\files-2.1\org.apache.logging.log4j\log4j-api\2.6.2\bd1b74a5d170686362091c7cf596bbc3adf5c09b\log4j-api-2.6.2.jar;C:\Users\domin\.gradle\caches\modules-2\files-2.1\org.apache.logging.log4j\log4j-core\2.6.2\a91369f655eb1639c6aece5c5eb5108db18306\log4j-core-2.6.2.jar;C:\Users\domin\.gradle\caches\modules-2\files-2.1\org.apache.logging.log4j\log4j-1.2-api\2.6.2\3b4c5a8b734b6a29b2f03380535a48da6284b210\log4j-1.2-api-2.6.2.jar;C:\Users\domin\.gradle\caches\modules-2\files-2.1\net.java.dev.jna\jna\4.2.2\5012450aee579c3118ff09461d5ce210e0cdc2a9\jna-4.2.2.jar;C:\projects\team3\test\framework\build\distributions\framework-5.0.0-alpha6-SNAPSHOT.jar;C:\Users\domin\.gradle\caches\modules-2\files-2.1\com.carrotsearch.randomizedtesting\randomizedtesting-runner\2.3.2\307965917fe8a22b7ee72deba39ef4b8e6ebc069\randomizedtesting-runner-2.3.2.jar;C:\Users\domin\.gradle\caches\modules-2\files-2.1\junit\junit\4.11\4e031bb61df09069aeb2bffb4019e7a5034a4ee0\junit-4.11.jar;C:\Users\domin\.gradle\caches\modules-2\files-2.1\org.hamcrest\hamcrest-all\1.3\63a21ebc981131004ad02e0434e799fd7f3a8d5a\hamcrest-all-1.3.jar;C:\Users\domin\.gradle\caches\modules-2\files-2.1\org.apache.lucene\lucene-test-framework\6.2.0\f5026be3983acfb40d4092dbfbc015ec6e6addab\lucene-test-framework-6.2.0.jar;C:\Users\domin\.gradle\caches\modules-2\files-2.1\org.apache.lucene\lucene-codecs\6.2.0\99f887266b0ad9f2c286b3976c5bc48c8cd36624\lucene-codecs-6.2.0.jar;C:\projects\team3\client\rest\build\distributions\rest-5.0.0-alpha6-SNAPSHOT.jar;C:\Users\domin\.gradle\caches\modules-2\files-2.1\org.apache.httpcomponents\httpclient\4.5.2\733db77aa8d9b2d68015189df76ab06304406e50\httpclient-4.5.2.jar;C:\Users\domin\.gradle\caches\modules-2\files-2.1\org.apache.httpcomponents\httpcore\4.4.5\e7501a1b34325abb00d17dde96150604a0658b54\httpcore-4.4.5.jar;C:\Users\domin\.gradle\caches\modules-2\files-2.1\commons-logging\commons-logging\1.1.3\f6f66e966c70a83ffbdb6f17a0919eaf7c8aca7f\commons-logging-1.1.3.jar;C:\Users\domin\.gradle\caches\modules-2\files-2.1\commons-codec\commons-codec\1.10\4b95f4897fa13f2cd904aee711aeafc0c5295cd8\commons-codec-1.10.jar;C:\Users\domin\.gradle\caches\modules-2\files-2.1\org.elasticsearch\securemock\1.2\98201d4ad5ac93f6b415ae9172d52b5e7cda490e\securemock-1.2.jar;C:\Users\domin\.gradle\caches\modules-2\files-2.1\org.apache.httpcomponents\httpasyncclient\4.1.2\95aa3e6fb520191a0970a73cf09f62948ee614be\httpasyncclient-4.1.2.jar;C:\Users\domin\.gradle\caches\modules-2\files-2.1\org.apache.httpcomponents\httpcore-nio\4.4.5\f4be009e7505f6ceddf21e7960c759f413f15056\httpcore-nio-4.4.5.jar;C:\Users\domin\.gradle\caches\modules-2\files-2.1\com.carrotsearch.randomizedtesting\junit4-ant\2.3.2\dc8f03f6111974092491f35b8269eb0fc57f52f7\junit4-ant-2.3.2.jar"/>
      <property name="java.class.version" value="52.0"/>
      <property name="java.endorsed.dirs" value="C:\Program Files\Java\jdk1.8.0_65\jre\lib\endorsed"/>
      <property name="java.ext.dirs" value="C:\Program Files\Java\jdk1.8.0_65\jre\lib\ext;C:\WINDOWS\Sun\Java\lib\ext"/>
      <property name="java.home" value="C:\Program Files\Java\jdk1.8.0_65\jre"/>
      <property name="java.io.tmpdir" value="./temp"/>
      <property name="java.library.path" value="C:\Program Files\Java\jdk1.8.0_65\bin;C:\WINDOWS\Sun\Java\bin;C:\WINDOWS\system32;C:\WINDOWS;C:\Ruby22-x64\bin;C:\Imagick;C:\ProgramData\Oracle\Java\javapath;C:\Program Files (x86)\Intel\iCLS Client\;C:\Program Files\Intel\iCLS Client\;C:\Windows\system32;C:\Windows;C:\Windows\System32\Wbem;C:\Windows\System32\WindowsPowerShell\v1.0\;C:\Program Files (x86)\Intel\Intel(R) Management Engine Components\DAL;C:\Program Files\Intel\Intel(R) Management Engine Components\DAL;C:\Program Files (x86)\Intel\Intel(R) Management Engine Components\IPT;C:\Program Files\Intel\Intel(R) Management Engine Components\IPT;C:\Program Files (x86)\NVIDIA Corporation\PhysX\Common;C:\Program Files (x86)\Skype\Phone\;C:\xampp\php;C:\ProgramData\ComposerSetup\bin;C:\Program Files\Git\cmd;C:\Program Files\OpenVPN\bin;C:\Program Files\nodejs\;C:\WINDOWS\system32;C:\WINDOWS;C:\WINDOWS\System32\Wbem;C:\WINDOWS\System32\WindowsPowerShell\v1.0\;C:\Program Files\cURL\bin;C:\Program Files\gradle\2.13\bin;C:\Program Files\CMake\bin;C:\Program Files\flex_bison;C:\Program Files\doxygen\bin;C:\SonarQube\SonarQubeScanner\bin;C:\Users\domin\AppData\Local\Programs\Python\Python35-32\Scripts\;C:\Users\domin\AppData\Local\Programs\Python\Python35-32\;C:\Users\domin\AppData\Roaming\npm;C:\Users\domin\AppData\Local\Microsoft\WindowsApps;;."/>
      <property name="java.runtime.name" value="Java(TM) SE Runtime Environment"/>
      <property name="java.runtime.version" value="1.8.0_65-b17"/>
      <property name="java.specification.name" value="Java Platform API Specification"/>
      <property name="java.specification.vendor" value="Oracle Corporation"/>
      <property name="java.specification.version" value="1.8"/>
      <property name="java.vendor" value="Oracle Corporation"/>
      <property name="java.vendor.url" value="http://java.oracle.com/"/>
      <property name="java.vendor.url.bug" value="http://bugreport.sun.com/bugreport/"/>
      <property name="java.version" value="1.8.0_65"/>
      <property name="java.vm.info" value="mixed mode"/>
      <property name="java.vm.name" value="Java HotSpot(TM) 64-Bit Server VM"/>
      <property name="java.vm.specification.name" value="Java Virtual Machine Specification"/>
      <property name="java.vm.specification.vendor" value="Oracle Corporation"/>
      <property name="java.vm.specification.version" value="1.8"/>
      <property name="java.vm.vendor" value="Oracle Corporation"/>
      <property name="java.vm.version" value="25.65-b01"/>
      <property name="jna.nosys" value="true"/>
      <property name="junit4.childvm.count" value="3"/>
      <property name="junit4.childvm.cwd" value="C:\projects\team3\core\build\testrun\test\J0"/>
      <property name="junit4.childvm.id" value="0"/>
      <property name="junit4.memory.total" value="514850816"/>
      <property name="junit4.pidString" value="15428@LAPTOP-LKSM26S6"/>
      <property name="junit4.processors" value="4"/>
      <property name="line.separator" value="
"/>
      <property name="os.arch" value="amd64"/>
      <property name="os.name" value="Windows 10"/>
      <property name="os.version" value="10.0"/>
      <property name="path.separator" value=";"/>
      <property name="sun.arch.data.model" value="64"/>
      <property name="sun.boot.class.path" value="C:\Program Files\Java\jdk1.8.0_65\jre\lib\resources.jar;C:\Program Files\Java\jdk1.8.0_65\jre\lib\rt.jar;C:\Program Files\Java\jdk1.8.0_65\jre\lib\sunrsasign.jar;C:\Program Files\Java\jdk1.8.0_65\jre\lib\jsse.jar;C:\Program Files\Java\jdk1.8.0_65\jre\lib\jce.jar;C:\Program Files\Java\jdk1.8.0_65\jre\lib\charsets.jar;C:\Program Files\Java\jdk1.8.0_65\jre\lib\jfr.jar;C:\Program Files\Java\jdk1.8.0_65\jre\classes"/>
      <property name="sun.boot.library.path" value="C:\Program Files\Java\jdk1.8.0_65\jre\bin"/>
      <property name="sun.cpu.endian" value="little"/>
      <property name="sun.cpu.isalist" value="amd64"/>
      <property name="sun.desktop" value="windows"/>
      <property name="sun.io.unicode.encoding" value="UnicodeLittle"/>
      <property name="sun.java.command" value="com.carrotsearch.ant.tasks.junit4.slave.SlaveMainSafe -eventsfile C:\projects\team3\core\build\testrun\test\temp\junit4-J0-20160915_123537_460.events @C:\projects\team3\core\build\testrun\test\temp\junit4-J0-20160915_123537_460.suites -stdin"/>
      <property name="sun.java.launcher" value="SUN_STANDARD"/>
      <property name="sun.jnu.encoding" value="Cp1252"/>
      <property name="sun.management.compiler" value="HotSpot 64-Bit Tiered Compilers"/>
      <property name="sun.os.patch.level" value=""/>
      <property name="tests.artifact" value="core"/>
      <property name="tests.gradle" value="true"/>
      <property name="tests.ifNoTests" value="fail"/>
      <property name="tests.logger.level" value="WARN"/>
      <property name="tests.prefix" value="tests"/>
      <property name="tests.security.manager" value="true"/>
      <property name="tests.seed" value="9CF13790D965C5A7"/>
      <property name="tests.task" value=":core:test"/>
      <property name="user.country" value="AT"/>
      <property name="user.dir" value="C:\projects\team3\core\build\testrun\test\J0"/>
      <property name="user.home" value="C:\Users\domin"/>
      <property name="user.language" value="de"/>
      <property name="user.name" value="domin"/>
      <property name="user.script" value=""/>
      <property name="user.timezone" value=""/>
      <property name="user.variant" value=""/>
   </properties>
   <testcase classname="org.elasticsearch.action.admin.cluster.node.tasks.TransportTasksActionTests" name="testCancellingTasksThatDontSupportCancellation" time="0.347"/>
   <testcase classname="org.elasticsearch.action.admin.cluster.node.tasks.TransportTasksActionTests" name="testTasksToXContentGrouping" time="0.068"/>
   <testcase classname="org.elasticsearch.action.admin.cluster.node.tasks.TransportTasksActionTests" name="testFindChildTasks" time="0.049"/>
   <testcase classname="org.elasticsearch.action.admin.cluster.node.tasks.TransportTasksActionTests" name="testTaskNodeFiltering" time="0.113"/>
   <testcase classname="org.elasticsearch.action.admin.cluster.node.tasks.TransportTasksActionTests" name="testTaskManagementOptOut" time="0.079"/>
   <testcase classname="org.elasticsearch.action.admin.cluster.node.tasks.TransportTasksActionTests" name="testTaskLevelActionFailures" time="0.143"/>
   <testcase classname="org.elasticsearch.action.admin.cluster.node.tasks.TransportTasksActionTests" name="testFailedTasksCount" time="0.072"/>
   <testcase classname="org.elasticsearch.action.admin.cluster.node.tasks.TransportTasksActionTests" name="testTasksDescriptions" time="0.076"/>
   <testcase classname="org.elasticsearch.action.admin.cluster.node.tasks.TransportTasksActionTests" name="testRunningTasksCount" time="0.071"/>
   <system-out><![CDATA[[2016-09-15T21:39:35,993][INFO ][org.elasticsearch.cluster.service] [node_s_0] new_master {node}{eyqriOg-T7m7r5AV_Ws3Ig}{local}{local[322]}, reason: test setting state
[2016-09-15T21:39:35,996][INFO ][org.elasticsearch.action.admin.cluster.node.tasks] publish_address {local[71]}, bound_addresses {local[71]}
[2016-09-15T21:39:36,000][INFO ][org.elasticsearch.cluster.service] [node_s_0] new_master {node}{apLvmuKPQH2NAkufFDfuMA}{local}{local[323]}, reason: test setting state
[2016-09-15T21:39:36,002][INFO ][org.elasticsearch.action.admin.cluster.node.tasks] publish_address {local[72]}, bound_addresses {local[72]}
[2016-09-15T21:39:36,007][INFO ][org.elasticsearch.cluster.service] [node_s_0] new_master {node}{7BAVV6YgQrq5FAWy3EF9xw}{local}{local[324]}, reason: test setting state
[2016-09-15T21:39:36,009][INFO ][org.elasticsearch.action.admin.cluster.node.tasks] publish_address {local[73]}, bound_addresses {local[73]}
[2016-09-15T21:39:36,012][INFO ][org.elasticsearch.cluster.service] [node_s_0] new_master {node}{uLMVoSd_RGu15shUm52rRA}{local}{local[325]}, reason: test setting state
[2016-09-15T21:39:36,013][INFO ][org.elasticsearch.action.admin.cluster.node.tasks] publish_address {local[74]}, bound_addresses {local[74]}
[2016-09-15T21:39:36,016][INFO ][org.elasticsearch.cluster.service] [node_s_0] new_master {node}{xZoVH-YdSO-21SruGQjFDg}{local}{local[326]}, reason: test setting state
[2016-09-15T21:39:36,017][INFO ][org.elasticsearch.action.admin.cluster.node.tasks] publish_address {local[75]}, bound_addresses {local[75]}
[2016-09-15T21:39:36,021][INFO ][org.elasticsearch.cluster.service] [node_s_0] new_master {node}{8xmbTB8cT2Ozz3OKggk9Nw}{local}{local[327]}, reason: test setting state
[2016-09-15T21:39:36,023][INFO ][org.elasticsearch.action.admin.cluster.node.tasks] publish_address {local[76]}, bound_addresses {local[76]}
[2016-09-15T21:39:36,026][INFO ][org.elasticsearch.cluster.service] [node_s_0] new_master {node}{G3euZPPuSP2WatNL774QMw}{local}{local[328]}, reason: test setting state
[2016-09-15T21:39:36,028][INFO ][org.elasticsearch.action.admin.cluster.node.tasks] publish_address {local[77]}, bound_addresses {local[77]}
[2016-09-15T21:39:36,031][INFO ][org.elasticsearch.cluster.service] [node_s_0] new_master {node}{70t3CoO_TvaQJpj-nPEezg}{local}{local[329]}, reason: test setting state
[2016-09-15T21:39:36,032][INFO ][org.elasticsearch.action.admin.cluster.node.tasks] publish_address {local[78]}, bound_addresses {local[78]}
[2016-09-15T21:39:36,036][INFO ][org.elasticsearch.cluster.service] [node_s_0] new_master {node}{qOllORqPTuin6Nj9NgWOgw}{local}{local[330]}, reason: test setting state
[2016-09-15T21:39:36,037][INFO ][org.elasticsearch.action.admin.cluster.node.tasks] publish_address {local[79]}, bound_addresses {local[79]}
[2016-09-15T21:39:36,038][INFO ][org.elasticsearch.cluster.service] [node_s_0] master {new {node0}{8hhiEXP7Qnus3f8t8xt_Cw}{local}{local[71]}, previous {node}{eyqriOg-T7m7r5AV_Ws3Ig}{local}{local[322]}}, removed {{node}{eyqriOg-T7m7r5AV_Ws3Ig}{local}{local[322]},}, added {{node1}{G-2eQiiJTuOdL6Y_PBHouQ}{local}{local[72]},{node6}{WT5-9e01SWG86WR1IrpiZQ}{local}{local[77]},{node3}{hby0jlVdQw67RsjJC95a1A}{local}{local[74]},{node7}{2AT0SN-2SayaN1BLufHjuw}{local}{local[78]},{node8}{YIgNl3YyT-CnBRrEza9lvA}{local}{local[79]},{node4}{ZyipqTTmQQu0DkThSggowQ}{local}{local[75]},{node2}{zqEPJTNARDu-ucLrXUgpsw}{local}{local[73]},{node5}{WXIg1T8ORFWsDo_WzUTypQ}{local}{local[76]},}, reason: test setting state
[2016-09-15T21:39:36,039][INFO ][org.elasticsearch.cluster.service] [node_s_0] master {new {node0}{8hhiEXP7Qnus3f8t8xt_Cw}{local}{local[71]}, previous {node}{apLvmuKPQH2NAkufFDfuMA}{local}{local[323]}}, removed {{node}{apLvmuKPQH2NAkufFDfuMA}{local}{local[323]},}, added {{node4}{ZyipqTTmQQu0DkThSggowQ}{local}{local[75]},{node6}{WT5-9e01SWG86WR1IrpiZQ}{local}{local[77]},{node7}{2AT0SN-2SayaN1BLufHjuw}{local}{local[78]},{node8}{YIgNl3YyT-CnBRrEza9lvA}{local}{local[79]},{node5}{WXIg1T8ORFWsDo_WzUTypQ}{local}{local[76]},{node3}{hby0jlVdQw67RsjJC95a1A}{local}{local[74]},{node0}{8hhiEXP7Qnus3f8t8xt_Cw}{local}{local[71]},{node2}{zqEPJTNARDu-ucLrXUgpsw}{local}{local[73]},}, reason: test setting state
[2016-09-15T21:39:36,040][INFO ][org.elasticsearch.cluster.service] [node_s_0] master {new {node0}{8hhiEXP7Qnus3f8t8xt_Cw}{local}{local[71]}, previous {node}{7BAVV6YgQrq5FAWy3EF9xw}{local}{local[324]}}, removed {{node}{7BAVV6YgQrq5FAWy3EF9xw}{local}{local[324]},}, added {{node4}{ZyipqTTmQQu0DkThSggowQ}{local}{local[75]},{node3}{hby0jlVdQw67RsjJC95a1A}{local}{local[74]},{node1}{G-2eQiiJTuOdL6Y_PBHouQ}{local}{local[72]},{node0}{8hhiEXP7Qnus3f8t8xt_Cw}{local}{local[71]},{node8}{YIgNl3YyT-CnBRrEza9lvA}{local}{local[79]},{node6}{WT5-9e01SWG86WR1IrpiZQ}{local}{local[77]},{node7}{2AT0SN-2SayaN1BLufHjuw}{local}{local[78]},{node5}{WXIg1T8ORFWsDo_WzUTypQ}{local}{local[76]},}, reason: test setting state
[2016-09-15T21:39:36,040][INFO ][org.elasticsearch.cluster.service] [node_s_0] master {new {node0}{8hhiEXP7Qnus3f8t8xt_Cw}{local}{local[71]}, previous {node}{uLMVoSd_RGu15shUm52rRA}{local}{local[325]}}, removed {{node}{uLMVoSd_RGu15shUm52rRA}{local}{local[325]},}, added {{node6}{WT5-9e01SWG86WR1IrpiZQ}{local}{local[77]},{node1}{G-2eQiiJTuOdL6Y_PBHouQ}{local}{local[72]},{node8}{YIgNl3YyT-CnBRrEza9lvA}{local}{local[79]},{node7}{2AT0SN-2SayaN1BLufHjuw}{local}{local[78]},{node5}{WXIg1T8ORFWsDo_WzUTypQ}{local}{local[76]},{node4}{ZyipqTTmQQu0DkThSggowQ}{local}{local[75]},{node0}{8hhiEXP7Qnus3f8t8xt_Cw}{local}{local[71]},{node2}{zqEPJTNARDu-ucLrXUgpsw}{local}{local[73]},}, reason: test setting state
[2016-09-15T21:39:36,041][INFO ][org.elasticsearch.cluster.service] [node_s_0] master {new {node0}{8hhiEXP7Qnus3f8t8xt_Cw}{local}{local[71]}, previous {node}{xZoVH-YdSO-21SruGQjFDg}{local}{local[326]}}, removed {{node}{xZoVH-YdSO-21SruGQjFDg}{local}{local[326]},}, added {{node7}{2AT0SN-2SayaN1BLufHjuw}{local}{local[78]},{node3}{hby0jlVdQw67RsjJC95a1A}{local}{local[74]},{node8}{YIgNl3YyT-CnBRrEza9lvA}{local}{local[79]},{node6}{WT5-9e01SWG86WR1IrpiZQ}{local}{local[77]},{node2}{zqEPJTNARDu-ucLrXUgpsw}{local}{local[73]},{node0}{8hhiEXP7Qnus3f8t8xt_Cw}{local}{local[71]},{node1}{G-2eQiiJTuOdL6Y_PBHouQ}{local}{local[72]},{node5}{WXIg1T8ORFWsDo_WzUTypQ}{local}{local[76]},}, reason: test setting state
[2016-09-15T21:39:36,041][INFO ][org.elasticsearch.cluster.service] [node_s_0] master {new {node0}{8hhiEXP7Qnus3f8t8xt_Cw}{local}{local[71]}, previous {node}{8xmbTB8cT2Ozz3OKggk9Nw}{local}{local[327]}}, removed {{node}{8xmbTB8cT2Ozz3OKggk9Nw}{local}{local[327]},}, added {{node8}{YIgNl3YyT-CnBRrEza9lvA}{local}{local[79]},{node2}{zqEPJTNARDu-ucLrXUgpsw}{local}{local[73]},{node3}{hby0jlVdQw67RsjJC95a1A}{local}{local[74]},{node4}{ZyipqTTmQQu0DkThSggowQ}{local}{local[75]},{node0}{8hhiEXP7Qnus3f8t8xt_Cw}{local}{local[71]},{node6}{WT5-9e01SWG86WR1IrpiZQ}{local}{local[77]},{node1}{G-2eQiiJTuOdL6Y_PBHouQ}{local}{local[72]},{node7}{2AT0SN-2SayaN1BLufHjuw}{local}{local[78]},}, reason: test setting state
[2016-09-15T21:39:36,042][INFO ][org.elasticsearch.cluster.service] [node_s_0] master {new {node0}{8hhiEXP7Qnus3f8t8xt_Cw}{local}{local[71]}, previous {node}{G3euZPPuSP2WatNL774QMw}{local}{local[328]}}, removed {{node}{G3euZPPuSP2WatNL774QMw}{local}{local[328]},}, added {{node8}{YIgNl3YyT-CnBRrEza9lvA}{local}{local[79]},{node4}{ZyipqTTmQQu0DkThSggowQ}{local}{local[75]},{node5}{WXIg1T8ORFWsDo_WzUTypQ}{local}{local[76]},{node7}{2AT0SN-2SayaN1BLufHjuw}{local}{local[78]},{node3}{hby0jlVdQw67RsjJC95a1A}{local}{local[74]},{node2}{zqEPJTNARDu-ucLrXUgpsw}{local}{local[73]},{node0}{8hhiEXP7Qnus3f8t8xt_Cw}{local}{local[71]},{node1}{G-2eQiiJTuOdL6Y_PBHouQ}{local}{local[72]},}, reason: test setting state
[2016-09-15T21:39:36,042][INFO ][org.elasticsearch.cluster.service] [node_s_0] master {new {node0}{8hhiEXP7Qnus3f8t8xt_Cw}{local}{local[71]}, previous {node}{70t3CoO_TvaQJpj-nPEezg}{local}{local[329]}}, removed {{node}{70t3CoO_TvaQJpj-nPEezg}{local}{local[329]},}, added {{node5}{WXIg1T8ORFWsDo_WzUTypQ}{local}{local[76]},{node4}{ZyipqTTmQQu0DkThSggowQ}{local}{local[75]},{node2}{zqEPJTNARDu-ucLrXUgpsw}{local}{local[73]},{node1}{G-2eQiiJTuOdL6Y_PBHouQ}{local}{local[72]},{node3}{hby0jlVdQw67RsjJC95a1A}{local}{local[74]},{node6}{WT5-9e01SWG86WR1IrpiZQ}{local}{local[77]},{node0}{8hhiEXP7Qnus3f8t8xt_Cw}{local}{local[71]},{node8}{YIgNl3YyT-CnBRrEza9lvA}{local}{local[79]},}, reason: test setting state
[2016-09-15T21:39:36,043][INFO ][org.elasticsearch.cluster.service] [node_s_0] master {new {node0}{8hhiEXP7Qnus3f8t8xt_Cw}{local}{local[71]}, previous {node}{qOllORqPTuin6Nj9NgWOgw}{local}{local[330]}}, removed {{node}{qOllORqPTuin6Nj9NgWOgw}{local}{local[330]},}, added {{node4}{ZyipqTTmQQu0DkThSggowQ}{local}{local[75]},{node2}{zqEPJTNARDu-ucLrXUgpsw}{local}{local[73]},{node3}{hby0jlVdQw67RsjJC95a1A}{local}{local[74]},{node5}{WXIg1T8ORFWsDo_WzUTypQ}{local}{local[76]},{node6}{WT5-9e01SWG86WR1IrpiZQ}{local}{local[77]},{node0}{8hhiEXP7Qnus3f8t8xt_Cw}{local}{local[71]},{node1}{G-2eQiiJTuOdL6Y_PBHouQ}{local}{local[72]},{node7}{2AT0SN-2SayaN1BLufHjuw}{local}{local[78]},}, reason: test setting state
[2016-09-15T21:39:36,195][INFO ][org.elasticsearch.action.admin.cluster.node.tasks] Awaiting for all actions to start
[2016-09-15T21:39:36,214][INFO ][org.elasticsearch.action.admin.cluster.node.tasks] Action on node 7
[2016-09-15T21:39:36,214][INFO ][org.elasticsearch.action.admin.cluster.node.tasks] Action on node 4
[2016-09-15T21:39:36,214][INFO ][org.elasticsearch.action.admin.cluster.node.tasks] Action on node 6
[2016-09-15T21:39:36,214][INFO ][org.elasticsearch.action.admin.cluster.node.tasks] Action on node 5
[2016-09-15T21:39:36,214][INFO ][org.elasticsearch.action.admin.cluster.node.tasks] Action on node 2
[2016-09-15T21:39:36,214][INFO ][org.elasticsearch.action.admin.cluster.node.tasks] Action on node 8
[2016-09-15T21:39:36,214][INFO ][org.elasticsearch.action.admin.cluster.node.tasks] Action on node 0
[2016-09-15T21:39:36,214][INFO ][org.elasticsearch.action.admin.cluster.node.tasks] Action on node 3
[2016-09-15T21:39:36,215][INFO ][org.elasticsearch.action.admin.cluster.node.tasks] Action on node 1
[2016-09-15T21:39:36,215][INFO ][org.elasticsearch.action.admin.cluster.node.tasks] Done waiting for all actions to start
[2016-09-15T21:39:36,324][INFO ][org.elasticsearch.action.admin.cluster.node.tasks] Action on node 4 finished
[2016-09-15T21:39:36,324][INFO ][org.elasticsearch.action.admin.cluster.node.tasks] Action on node 6 finished
[2016-09-15T21:39:36,324][INFO ][org.elasticsearch.action.admin.cluster.node.tasks] Action on node 7 finished
[2016-09-15T21:39:36,324][INFO ][org.elasticsearch.action.admin.cluster.node.tasks] Action on node 2 finished
[2016-09-15T21:39:36,324][INFO ][org.elasticsearch.action.admin.cluster.node.tasks] Action on node 0 finished
[2016-09-15T21:39:36,324][INFO ][org.elasticsearch.action.admin.cluster.node.tasks] Action on node 5 finished
[2016-09-15T21:39:36,324][INFO ][org.elasticsearch.action.admin.cluster.node.tasks] Action on node 3 finished
[2016-09-15T21:39:36,324][INFO ][org.elasticsearch.action.admin.cluster.node.tasks] Action on node 1 finished
[2016-09-15T21:39:36,324][INFO ][org.elasticsearch.action.admin.cluster.node.tasks] Action on node 8 finished
[2016-09-15T21:39:36,346][INFO ][org.elasticsearch.cluster.service] [node_s_0] new_master {node}{kpXt0R8eQ5G8UauxAoTC1w}{local}{local[331]}, reason: test setting state
[2016-09-15T21:39:36,347][INFO ][org.elasticsearch.action.admin.cluster.node.tasks] publish_address {local[80]}, bound_addresses {local[80]}
[2016-09-15T21:39:36,350][INFO ][org.elasticsearch.cluster.service] [node_s_0] new_master {node}{OAsUPdxlQoeyePuZ3FXyKQ}{local}{local[332]}, reason: test setting state
[2016-09-15T21:39:36,352][INFO ][org.elasticsearch.action.admin.cluster.node.tasks] publish_address {local[81]}, bound_addresses {local[81]}
[2016-09-15T21:39:36,355][INFO ][org.elasticsearch.cluster.service] [node_s_0] new_master {node}{ulPfnQ9tQCuHMNmR6EV66w}{local}{local[333]}, reason: test setting state
[2016-09-15T21:39:36,357][INFO ][org.elasticsearch.action.admin.cluster.node.tasks] publish_address {local[82]}, bound_addresses {local[82]}
[2016-09-15T21:39:36,358][INFO ][org.elasticsearch.cluster.service] [node_s_0] master {new {node0}{tbqGiHsjStSLUGqmY4CaBw}{local}{local[80]}, previous {node}{kpXt0R8eQ5G8UauxAoTC1w}{local}{local[331]}}, removed {{node}{kpXt0R8eQ5G8UauxAoTC1w}{local}{local[331]},}, added {{node1}{oSgF0IEUT6OCxNjVMQSewg}{local}{local[81]},{node2}{Os8WQ5fbTjqmoq9xAnlXjQ}{local}{local[82]},}, reason: test setting state
[2016-09-15T21:39:36,359][INFO ][org.elasticsearch.cluster.service] [node_s_0] master {new {node0}{tbqGiHsjStSLUGqmY4CaBw}{local}{local[80]}, previous {node}{OAsUPdxlQoeyePuZ3FXyKQ}{local}{local[332]}}, removed {{node}{OAsUPdxlQoeyePuZ3FXyKQ}{local}{local[332]},}, added {{node2}{Os8WQ5fbTjqmoq9xAnlXjQ}{local}{local[82]},{node0}{tbqGiHsjStSLUGqmY4CaBw}{local}{local[80]},}, reason: test setting state
[2016-09-15T21:39:36,359][INFO ][org.elasticsearch.cluster.service] [node_s_0] master {new {node0}{tbqGiHsjStSLUGqmY4CaBw}{local}{local[80]}, previous {node}{ulPfnQ9tQCuHMNmR6EV66w}{local}{local[333]}}, removed {{node}{ulPfnQ9tQCuHMNmR6EV66w}{local}{local[333]},}, added {{node1}{oSgF0IEUT6OCxNjVMQSewg}{local}{local[81]},{node0}{tbqGiHsjStSLUGqmY4CaBw}{local}{local[80]},}, reason: test setting state
[2016-09-15T21:39:36,362][INFO ][org.elasticsearch.action.admin.cluster.node.tasks] {"nodes":{"node2":{"name":"","transport_address":"local[82]","host":"local","ip":"local[82]","roles":[],"tasks":{"node2:1":{"node":"node2","id":1,"type":"local","action":"cluster:monitor/tasks/lists[n]","start_time_in_millis":1473935976361,"running_time_in_nanos":28225,"cancellable":false,"parent_task_id":"node0:1"}}},"node0":{"name":"","transport_address":"local[80]","host":"local","ip":"local[80]","roles":[],"tasks":{"node0:1":{"node":"node0","id":1,"type":"transport","action":"cluster:monitor/tasks/lists","start_time_in_millis":1473935976360,"running_time_in_nanos":1120283,"cancellable":false},"node0:2":{"node":"node0","id":2,"type":"local","action":"cluster:monitor/tasks/lists[n]","start_time_in_millis":1473935976361,"running_time_in_nanos":28738,"cancellable":false,"parent_task_id":"node0:1"}}},"node1":{"name":"","transport_address":"local[81]","host":"local","ip":"local[81]","roles":[],"tasks":{"node1:1":{"node":"node1","id":1,"type":"local","action":"cluster:monitor/tasks/lists[n]","start_time_in_millis":1473935976360,"running_time_in_nanos":38489,"cancellable":false,"parent_task_id":"node0:1"}}}}}
[2016-09-15T21:39:36,394][INFO ][org.elasticsearch.action.admin.cluster.node.tasks] {"tasks":{"node0:1":{"node":"node0","id":1,"type":"transport","action":"cluster:monitor/tasks/lists","start_time_in_millis":1473935976360,"running_time_in_nanos":1120283,"cancellable":false,"children":[{"node":"node2","id":1,"type":"local","action":"cluster:monitor/tasks/lists[n]","start_time_in_millis":1473935976361,"running_time_in_nanos":28225,"cancellable":false,"parent_task_id":"node0:1"},{"node":"node1","id":1,"type":"local","action":"cluster:monitor/tasks/lists[n]","start_time_in_millis":1473935976360,"running_time_in_nanos":38489,"cancellable":false,"parent_task_id":"node0:1"},{"node":"node0","id":2,"type":"local","action":"cluster:monitor/tasks/lists[n]","start_time_in_millis":1473935976361,"running_time_in_nanos":28738,"cancellable":false,"parent_task_id":"node0:1"}]}}}
[2016-09-15T21:39:36,414][INFO ][org.elasticsearch.cluster.service] [node_s_0] new_master {node}{HRZc-NLfSguxEz3_aOI6vQ}{local}{local[334]}, reason: test setting state
[2016-09-15T21:39:36,415][INFO ][org.elasticsearch.action.admin.cluster.node.tasks] publish_address {local[83]}, bound_addresses {local[83]}
[2016-09-15T21:39:36,420][INFO ][org.elasticsearch.cluster.service] [node_s_0] new_master {node}{FlHzVOm7SgigQBQ4P_ehMQ}{local}{local[335]}, reason: test setting state
[2016-09-15T21:39:36,422][INFO ][org.elasticsearch.action.admin.cluster.node.tasks] publish_address {local[84]}, bound_addresses {local[84]}
[2016-09-15T21:39:36,425][INFO ][org.elasticsearch.cluster.service] [node_s_0] new_master {node}{qHFYFccsRJK9XysGhJt3dw}{local}{local[336]}, reason: test setting state
[2016-09-15T21:39:36,427][INFO ][org.elasticsearch.action.admin.cluster.node.tasks] publish_address {local[85]}, bound_addresses {local[85]}
[2016-09-15T21:39:36,428][INFO ][org.elasticsearch.cluster.service] [node_s_0] master {new {node0}{d6MI24IuRD2pxC07trgKpw}{local}{local[83]}, previous {node}{HRZc-NLfSguxEz3_aOI6vQ}{local}{local[334]}}, removed {{node}{HRZc-NLfSguxEz3_aOI6vQ}{local}{local[334]},}, added {{node1}{xwKmltNORwWD63ximfW8_A}{local}{local[84]},{node2}{orqQdls5RH-lsKZ8LXEqPw}{local}{local[85]},}, reason: test setting state
[2016-09-15T21:39:36,429][INFO ][org.elasticsearch.cluster.service] [node_s_0] master {new {node0}{d6MI24IuRD2pxC07trgKpw}{local}{local[83]}, previous {node}{FlHzVOm7SgigQBQ4P_ehMQ}{local}{local[335]}}, removed {{node}{FlHzVOm7SgigQBQ4P_ehMQ}{local}{local[335]},}, added {{node2}{orqQdls5RH-lsKZ8LXEqPw}{local}{local[85]},{node0}{d6MI24IuRD2pxC07trgKpw}{local}{local[83]},}, reason: test setting state
[2016-09-15T21:39:36,429][INFO ][org.elasticsearch.cluster.service] [node_s_0] master {new {node0}{d6MI24IuRD2pxC07trgKpw}{local}{local[83]}, previous {node}{qHFYFccsRJK9XysGhJt3dw}{local}{local[336]}}, removed {{node}{qHFYFccsRJK9XysGhJt3dw}{local}{local[336]},}, added {{node1}{xwKmltNORwWD63ximfW8_A}{local}{local[84]},{node0}{d6MI24IuRD2pxC07trgKpw}{local}{local[83]},}, reason: test setting state
[2016-09-15T21:39:36,433][INFO ][org.elasticsearch.action.admin.cluster.node.tasks] Awaiting for all actions to start
[2016-09-15T21:39:36,433][INFO ][org.elasticsearch.action.admin.cluster.node.tasks] Action on node 1
[2016-09-15T21:39:36,433][INFO ][org.elasticsearch.action.admin.cluster.node.tasks] Action on node 2
[2016-09-15T21:39:36,433][INFO ][org.elasticsearch.action.admin.cluster.node.tasks] Action on node 0
[2016-09-15T21:39:36,433][INFO ][org.elasticsearch.action.admin.cluster.node.tasks] Done waiting for all actions to start
[2016-09-15T21:39:36,444][INFO ][org.elasticsearch.action.admin.cluster.node.tasks] Action on node 0 finished
[2016-09-15T21:39:36,444][INFO ][org.elasticsearch.action.admin.cluster.node.tasks] Action on node 2 finished
[2016-09-15T21:39:36,444][INFO ][org.elasticsearch.action.admin.cluster.node.tasks] Action on node 1 finished
[2016-09-15T21:39:36,467][INFO ][org.elasticsearch.cluster.service] [node_s_0] new_master {node}{uppe2TeSTCqfN3c8Q4kIaw}{local}{local[337]}, reason: test setting state
[2016-09-15T21:39:36,468][INFO ][org.elasticsearch.action.admin.cluster.node.tasks] publish_address {local[86]}, bound_addresses {local[86]}
[2016-09-15T21:39:36,475][INFO ][org.elasticsearch.cluster.service] [node_s_0] new_master {node}{SA-5qCEzS6SKfMzf3IZOHA}{local}{local[338]}, reason: test setting state
[2016-09-15T21:39:36,476][INFO ][org.elasticsearch.action.admin.cluster.node.tasks] publish_address {local[87]}, bound_addresses {local[87]}
[2016-09-15T21:39:36,477][INFO ][org.elasticsearch.cluster.service] [node_s_0] master {new {node0}{42IufkR_TY2ZuynIK6H1ow}{local}{local[86]}, previous {node}{uppe2TeSTCqfN3c8Q4kIaw}{local}{local[337]}}, removed {{node}{uppe2TeSTCqfN3c8Q4kIaw}{local}{local[337]},}, added {{node1}{jUUxo-c5SkGzCbQgINBdbg}{local}{local[87]},}, reason: test setting state
[2016-09-15T21:39:36,478][INFO ][org.elasticsearch.cluster.service] [node_s_0] master {new {node0}{42IufkR_TY2ZuynIK6H1ow}{local}{local[86]}, previous {node}{SA-5qCEzS6SKfMzf3IZOHA}{local}{local[338]}}, removed {{node}{SA-5qCEzS6SKfMzf3IZOHA}{local}{local[338]},}, added {{node0}{42IufkR_TY2ZuynIK6H1ow}{local}{local[86]},}, reason: test setting state
[2016-09-15T21:39:36,480][INFO ][org.elasticsearch.action.admin.cluster.node.tasks] Awaiting for all actions to start
[2016-09-15T21:39:36,480][INFO ][org.elasticsearch.action.admin.cluster.node.tasks] Action on node 1
[2016-09-15T21:39:36,481][INFO ][org.elasticsearch.action.admin.cluster.node.tasks] Action on node 0
[2016-09-15T21:39:36,481][INFO ][org.elasticsearch.action.admin.cluster.node.tasks] Done waiting for all actions to start
[2016-09-15T21:39:36,481][INFO ][org.elasticsearch.action.admin.cluster.node.tasks] Filtering out nodes [] size: 0
[2016-09-15T21:39:36,556][INFO ][org.elasticsearch.action.admin.cluster.node.tasks] Action on node 0 finished
[2016-09-15T21:39:36,556][INFO ][org.elasticsearch.action.admin.cluster.node.tasks] Action on node 1 finished
[2016-09-15T21:39:36,578][INFO ][org.elasticsearch.cluster.service] [node_s_0] new_master {node}{8odSZZGuSBabe5Zup6IpRw}{local}{local[339]}, reason: test setting state
[2016-09-15T21:39:36,580][INFO ][org.elasticsearch.action.admin.cluster.node.tasks] publish_address {local[88]}, bound_addresses {local[88]}
[2016-09-15T21:39:36,583][INFO ][org.elasticsearch.cluster.service] [node_s_0] new_master {node}{4PAwTV8nR7GnVEgAnKt5Zg}{local}{local[340]}, reason: test setting state
[2016-09-15T21:39:36,585][INFO ][org.elasticsearch.action.admin.cluster.node.tasks] publish_address {local[89]}, bound_addresses {local[89]}
[2016-09-15T21:39:36,588][INFO ][org.elasticsearch.cluster.service] [node_s_0] new_master {node}{D83q9SemSmKl3KTySzgbyw}{local}{local[341]}, reason: test setting state
[2016-09-15T21:39:36,597][INFO ][org.elasticsearch.action.admin.cluster.node.tasks] publish_address {local[90]}, bound_addresses {local[90]}
[2016-09-15T21:39:36,610][INFO ][org.elasticsearch.cluster.service] [node_s_0] new_master {node}{YF8ywLf0Rh2D1I7z6Khkew}{local}{local[342]}, reason: test setting state
[2016-09-15T21:39:36,612][INFO ][org.elasticsearch.action.admin.cluster.node.tasks] publish_address {local[91]}, bound_addresses {local[91]}
[2016-09-15T21:39:36,613][INFO ][org.elasticsearch.cluster.service] [node_s_0] master {new {node0}{UYBnWt0TRzKRfOZGJOIycw}{local}{local[88]}, previous {node}{8odSZZGuSBabe5Zup6IpRw}{local}{local[339]}}, removed {{node}{8odSZZGuSBabe5Zup6IpRw}{local}{local[339]},}, added {{node1}{YuObXF9cQBa-Fg29CXFNBw}{local}{local[89]},{node2}{yQ_VvyBITVixz8UrXLoZNg}{local}{local[90]},{node3}{-4WJS6Z-QB2S0FUwoOnvGg}{local}{local[91]},}, reason: test setting state
[2016-09-15T21:39:36,613][INFO ][org.elasticsearch.cluster.service] [node_s_0] master {new {node0}{UYBnWt0TRzKRfOZGJOIycw}{local}{local[88]}, previous {node}{4PAwTV8nR7GnVEgAnKt5Zg}{local}{local[340]}}, removed {{node}{4PAwTV8nR7GnVEgAnKt5Zg}{local}{local[340]},}, added {{node2}{yQ_VvyBITVixz8UrXLoZNg}{local}{local[90]},{node0}{UYBnWt0TRzKRfOZGJOIycw}{local}{local[88]},{node3}{-4WJS6Z-QB2S0FUwoOnvGg}{local}{local[91]},}, reason: test setting state
[2016-09-15T21:39:36,614][INFO ][org.elasticsearch.cluster.service] [node_s_0] master {new {node0}{UYBnWt0TRzKRfOZGJOIycw}{local}{local[88]}, previous {node}{D83q9SemSmKl3KTySzgbyw}{local}{local[341]}}, removed {{node}{D83q9SemSmKl3KTySzgbyw}{local}{local[341]},}, added {{node1}{YuObXF9cQBa-Fg29CXFNBw}{local}{local[89]},{node0}{UYBnWt0TRzKRfOZGJOIycw}{local}{local[88]},{node3}{-4WJS6Z-QB2S0FUwoOnvGg}{local}{local[91]},}, reason: test setting state
[2016-09-15T21:39:36,615][INFO ][org.elasticsearch.cluster.service] [node_s_0] master {new {node0}{UYBnWt0TRzKRfOZGJOIycw}{local}{local[88]}, previous {node}{YF8ywLf0Rh2D1I7z6Khkew}{local}{local[342]}}, removed {{node}{YF8ywLf0Rh2D1I7z6Khkew}{local}{local[342]},}, added {{node1}{YuObXF9cQBa-Fg29CXFNBw}{local}{local[89]},{node2}{yQ_VvyBITVixz8UrXLoZNg}{local}{local[90]},{node0}{UYBnWt0TRzKRfOZGJOIycw}{local}{local[88]},}, reason: test setting state
[2016-09-15T21:39:36,618][INFO ][org.elasticsearch.action.admin.cluster.node.tasks] Awaiting for all actions to start
[2016-09-15T21:39:36,619][INFO ][org.elasticsearch.action.admin.cluster.node.tasks] Action on node 1
[2016-09-15T21:39:36,619][INFO ][org.elasticsearch.action.admin.cluster.node.tasks] Action on node 2
[2016-09-15T21:39:36,620][INFO ][org.elasticsearch.action.admin.cluster.node.tasks] Action on node 0
[2016-09-15T21:39:36,620][INFO ][org.elasticsearch.action.admin.cluster.node.tasks] Action on node 3
[2016-09-15T21:39:36,620][INFO ][org.elasticsearch.action.admin.cluster.node.tasks] Done waiting for all actions to start
[2016-09-15T21:39:36,635][INFO ][org.elasticsearch.action.admin.cluster.node.tasks] Action on node 2 finished
[2016-09-15T21:39:36,635][INFO ][org.elasticsearch.action.admin.cluster.node.tasks] Action on node 3 finished
[2016-09-15T21:39:36,635][INFO ][org.elasticsearch.action.admin.cluster.node.tasks] Action on node 1 finished
[2016-09-15T21:39:36,635][INFO ][org.elasticsearch.action.admin.cluster.node.tasks] Action on node 0 finished
[2016-09-15T21:39:36,658][INFO ][org.elasticsearch.cluster.service] [node_s_0] new_master {node}{o_t99bw0QIa7Z1Y4bPymkg}{local}{local[343]}, reason: test setting state
[2016-09-15T21:39:36,660][INFO ][org.elasticsearch.action.admin.cluster.node.tasks] publish_address {local[92]}, bound_addresses {local[92]}
[2016-09-15T21:39:36,663][INFO ][org.elasticsearch.cluster.service] [node_s_0] new_master {node}{8hFSvKMSQo6MSiEx2wiH1g}{local}{local[344]}, reason: test setting state
[2016-09-15T21:39:36,665][INFO ][org.elasticsearch.action.admin.cluster.node.tasks] publish_address {local[93]}, bound_addresses {local[93]}
[2016-09-15T21:39:36,668][INFO ][org.elasticsearch.cluster.service] [node_s_0] new_master {node}{MecsqHMzRYK1wi9P56Wciw}{local}{local[345]}, reason: test setting state
[2016-09-15T21:39:36,670][INFO ][org.elasticsearch.action.admin.cluster.node.tasks] publish_address {local[94]}, bound_addresses {local[94]}
[2016-09-15T21:39:36,673][INFO ][org.elasticsearch.cluster.service] [node_s_0] new_master {node}{s-OrU6-YT86upXPV0SGqCw}{local}{local[346]}, reason: test setting state
[2016-09-15T21:39:36,674][INFO ][org.elasticsearch.action.admin.cluster.node.tasks] publish_address {local[95]}, bound_addresses {local[95]}
[2016-09-15T21:39:36,678][INFO ][org.elasticsearch.cluster.service] [node_s_0] new_master {node}{326IO6N9TuiBncLF0suI6g}{local}{local[347]}, reason: test setting state
[2016-09-15T21:39:36,680][INFO ][org.elasticsearch.action.admin.cluster.node.tasks] publish_address {local[96]}, bound_addresses {local[96]}
[2016-09-15T21:39:36,683][INFO ][org.elasticsearch.cluster.service] [node_s_0] new_master {node}{u8JPFX-bRimwTT4Nyj-0uA}{local}{local[348]}, reason: test setting state
[2016-09-15T21:39:36,685][INFO ][org.elasticsearch.action.admin.cluster.node.tasks] publish_address {local[97]}, bound_addresses {local[97]}
[2016-09-15T21:39:36,688][INFO ][org.elasticsearch.cluster.service] [node_s_0] new_master {node}{y4s4_5JNRwOuodNzYxD2cQ}{local}{local[349]}, reason: test setting state
[2016-09-15T21:39:36,690][INFO ][org.elasticsearch.action.admin.cluster.node.tasks] publish_address {local[98]}, bound_addresses {local[98]}
[2016-09-15T21:39:36,694][INFO ][org.elasticsearch.cluster.service] [node_s_0] new_master {node}{H9B9E_tMRJW8ymA7zAVOfw}{local}{local[350]}, reason: test setting state
[2016-09-15T21:39:36,695][INFO ][org.elasticsearch.action.admin.cluster.node.tasks] publish_address {local[99]}, bound_addresses {local[99]}
[2016-09-15T21:39:36,698][INFO ][org.elasticsearch.cluster.service] [node_s_0] new_master {node}{kBGuIuNtSVyDkFSFr1ULUA}{local}{local[351]}, reason: test setting state
[2016-09-15T21:39:36,700][INFO ][org.elasticsearch.action.admin.cluster.node.tasks] publish_address {local[100]}, bound_addresses {local[100]}
[2016-09-15T21:39:36,701][INFO ][org.elasticsearch.cluster.service] [node_s_0] master {new {node0}{qDJu1_KvRqugmTfGfKsP_Q}{local}{local[92]}, previous {node}{o_t99bw0QIa7Z1Y4bPymkg}{local}{local[343]}}, removed {{node}{o_t99bw0QIa7Z1Y4bPymkg}{local}{local[343]},}, added {{node7}{MGcb3mPkTQehoYJcpj8vZg}{local}{local[99]},{node5}{jJSXbu8tRoWDbgmC4bAVfg}{local}{local[97]},{node3}{HOPPqu_VRj2-xN8LVRYEqA}{local}{local[95]},{node6}{3g65ZyrbR4i0X0kesx61xw}{local}{local[98]},{node4}{vgvKNYGmQSeoABo-t0f5yA}{local}{local[96]},{node8}{naNfzQFRSB-1Il0_N030bg}{local}{local[100]},{node2}{RW8k3Qp5RFm_P_WYzPA3wg}{local}{local[94]},{node1}{m62gOSwbRM2qiqrYDjHPNw}{local}{local[93]},}, reason: test setting state
[2016-09-15T21:39:36,702][INFO ][org.elasticsearch.cluster.service] [node_s_0] master {new {node0}{qDJu1_KvRqugmTfGfKsP_Q}{local}{local[92]}, previous {node}{8hFSvKMSQo6MSiEx2wiH1g}{local}{local[344]}}, removed {{node}{8hFSvKMSQo6MSiEx2wiH1g}{local}{local[344]},}, added {{node3}{HOPPqu_VRj2-xN8LVRYEqA}{local}{local[95]},{node0}{qDJu1_KvRqugmTfGfKsP_Q}{local}{local[92]},{node6}{3g65ZyrbR4i0X0kesx61xw}{local}{local[98]},{node7}{MGcb3mPkTQehoYJcpj8vZg}{local}{local[99]},{node2}{RW8k3Qp5RFm_P_WYzPA3wg}{local}{local[94]},{node8}{naNfzQFRSB-1Il0_N030bg}{local}{local[100]},{node4}{vgvKNYGmQSeoABo-t0f5yA}{local}{local[96]},{node5}{jJSXbu8tRoWDbgmC4bAVfg}{local}{local[97]},}, reason: test setting state
[2016-09-15T21:39:36,702][INFO ][org.elasticsearch.cluster.service] [node_s_0] master {new {node0}{qDJu1_KvRqugmTfGfKsP_Q}{local}{local[92]}, previous {node}{MecsqHMzRYK1wi9P56Wciw}{local}{local[345]}}, removed {{node}{MecsqHMzRYK1wi9P56Wciw}{local}{local[345]},}, added {{node4}{vgvKNYGmQSeoABo-t0f5yA}{local}{local[96]},{node3}{HOPPqu_VRj2-xN8LVRYEqA}{local}{local[95]},{node1}{m62gOSwbRM2qiqrYDjHPNw}{local}{local[93]},{node8}{naNfzQFRSB-1Il0_N030bg}{local}{local[100]},{node0}{qDJu1_KvRqugmTfGfKsP_Q}{local}{local[92]},{node5}{jJSXbu8tRoWDbgmC4bAVfg}{local}{local[97]},{node6}{3g65ZyrbR4i0X0kesx61xw}{local}{local[98]},{node7}{MGcb3mPkTQehoYJcpj8vZg}{local}{local[99]},}, reason: test setting state
[2016-09-15T21:39:36,703][INFO ][org.elasticsearch.cluster.service] [node_s_0] master {new {node0}{qDJu1_KvRqugmTfGfKsP_Q}{local}{local[92]}, previous {node}{s-OrU6-YT86upXPV0SGqCw}{local}{local[346]}}, removed {{node}{s-OrU6-YT86upXPV0SGqCw}{local}{local[346]},}, added {{node5}{jJSXbu8tRoWDbgmC4bAVfg}{local}{local[97]},{node8}{naNfzQFRSB-1Il0_N030bg}{local}{local[100]},{node0}{qDJu1_KvRqugmTfGfKsP_Q}{local}{local[92]},{node2}{RW8k3Qp5RFm_P_WYzPA3wg}{local}{local[94]},{node7}{MGcb3mPkTQehoYJcpj8vZg}{local}{local[99]},{node1}{m62gOSwbRM2qiqrYDjHPNw}{local}{local[93]},{node4}{vgvKNYGmQSeoABo-t0f5yA}{local}{local[96]},{node6}{3g65ZyrbR4i0X0kesx61xw}{local}{local[98]},}, reason: test setting state
[2016-09-15T21:39:36,704][INFO ][org.elasticsearch.cluster.service] [node_s_0] master {new {node0}{qDJu1_KvRqugmTfGfKsP_Q}{local}{local[92]}, previous {node}{326IO6N9TuiBncLF0suI6g}{local}{local[347]}}, removed {{node}{326IO6N9TuiBncLF0suI6g}{local}{local[347]},}, added {{node0}{qDJu1_KvRqugmTfGfKsP_Q}{local}{local[92]},{node8}{naNfzQFRSB-1Il0_N030bg}{local}{local[100]},{node5}{jJSXbu8tRoWDbgmC4bAVfg}{local}{local[97]},{node1}{m62gOSwbRM2qiqrYDjHPNw}{local}{local[93]},{node7}{MGcb3mPkTQehoYJcpj8vZg}{local}{local[99]},{node3}{HOPPqu_VRj2-xN8LVRYEqA}{local}{local[95]},{node6}{3g65ZyrbR4i0X0kesx61xw}{local}{local[98]},{node2}{RW8k3Qp5RFm_P_WYzPA3wg}{local}{local[94]},}, reason: test setting state
[2016-09-15T21:39:36,704][INFO ][org.elasticsearch.cluster.service] [node_s_0] master {new {node0}{qDJu1_KvRqugmTfGfKsP_Q}{local}{local[92]}, previous {node}{u8JPFX-bRimwTT4Nyj-0uA}{local}{local[348]}}, removed {{node}{u8JPFX-bRimwTT4Nyj-0uA}{local}{local[348]},}, added {{node0}{qDJu1_KvRqugmTfGfKsP_Q}{local}{local[92]},{node2}{RW8k3Qp5RFm_P_WYzPA3wg}{local}{local[94]},{node7}{MGcb3mPkTQehoYJcpj8vZg}{local}{local[99]},{node8}{naNfzQFRSB-1Il0_N030bg}{local}{local[100]},{node3}{HOPPqu_VRj2-xN8LVRYEqA}{local}{local[95]},{node4}{vgvKNYGmQSeoABo-t0f5yA}{local}{local[96]},{node6}{3g65ZyrbR4i0X0kesx61xw}{local}{local[98]},{node1}{m62gOSwbRM2qiqrYDjHPNw}{local}{local[93]},}, reason: test setting state
[2016-09-15T21:39:36,705][INFO ][org.elasticsearch.cluster.service] [node_s_0] master {new {node0}{qDJu1_KvRqugmTfGfKsP_Q}{local}{local[92]}, previous {node}{y4s4_5JNRwOuodNzYxD2cQ}{local}{local[349]}}, removed {{node}{y4s4_5JNRwOuodNzYxD2cQ}{local}{local[349]},}, added {{node4}{vgvKNYGmQSeoABo-t0f5yA}{local}{local[96]},{node5}{jJSXbu8tRoWDbgmC4bAVfg}{local}{local[97]},{node7}{MGcb3mPkTQehoYJcpj8vZg}{local}{local[99]},{node2}{RW8k3Qp5RFm_P_WYzPA3wg}{local}{local[94]},{node1}{m62gOSwbRM2qiqrYDjHPNw}{local}{local[93]},{node8}{naNfzQFRSB-1Il0_N030bg}{local}{local[100]},{node0}{qDJu1_KvRqugmTfGfKsP_Q}{local}{local[92]},{node3}{HOPPqu_VRj2-xN8LVRYEqA}{local}{local[95]},}, reason: test setting state
[2016-09-15T21:39:36,706][INFO ][org.elasticsearch.cluster.service] [node_s_0] master {new {node0}{qDJu1_KvRqugmTfGfKsP_Q}{local}{local[92]}, previous {node}{H9B9E_tMRJW8ymA7zAVOfw}{local}{local[350]}}, removed {{node}{H9B9E_tMRJW8ymA7zAVOfw}{local}{local[350]},}, added {{node4}{vgvKNYGmQSeoABo-t0f5yA}{local}{local[96]},{node2}{RW8k3Qp5RFm_P_WYzPA3wg}{local}{local[94]},{node5}{jJSXbu8tRoWDbgmC4bAVfg}{local}{local[97]},{node6}{3g65ZyrbR4i0X0kesx61xw}{local}{local[98]},{node1}{m62gOSwbRM2qiqrYDjHPNw}{local}{local[93]},{node3}{HOPPqu_VRj2-xN8LVRYEqA}{local}{local[95]},{node0}{qDJu1_KvRqugmTfGfKsP_Q}{local}{local[92]},{node8}{naNfzQFRSB-1Il0_N030bg}{local}{local[100]},}, reason: test setting state
[2016-09-15T21:39:36,707][INFO ][org.elasticsearch.cluster.service] [node_s_0] master {new {node0}{qDJu1_KvRqugmTfGfKsP_Q}{local}{local[92]}, previous {node}{kBGuIuNtSVyDkFSFr1ULUA}{local}{local[351]}}, removed {{node}{kBGuIuNtSVyDkFSFr1ULUA}{local}{local[351]},}, added {{node5}{jJSXbu8tRoWDbgmC4bAVfg}{local}{local[97]},{node3}{HOPPqu_VRj2-xN8LVRYEqA}{local}{local[95]},{node1}{m62gOSwbRM2qiqrYDjHPNw}{local}{local[93]},{node6}{3g65ZyrbR4i0X0kesx61xw}{local}{local[98]},{node4}{vgvKNYGmQSeoABo-t0f5yA}{local}{local[96]},{node0}{qDJu1_KvRqugmTfGfKsP_Q}{local}{local[92]},{node7}{MGcb3mPkTQehoYJcpj8vZg}{local}{local[99]},{node2}{RW8k3Qp5RFm_P_WYzPA3wg}{local}{local[94]},}, reason: test setting state
[2016-09-15T21:39:36,714][INFO ][org.elasticsearch.action.admin.cluster.node.tasks] Awaiting for all actions to start
[2016-09-15T21:39:36,715][INFO ][org.elasticsearch.action.admin.cluster.node.tasks] Action on node 7
[2016-09-15T21:39:36,715][INFO ][org.elasticsearch.action.admin.cluster.node.tasks] Action on node 5
[2016-09-15T21:39:36,715][INFO ][org.elasticsearch.action.admin.cluster.node.tasks] Action on node 3
[2016-09-15T21:39:36,716][INFO ][org.elasticsearch.action.admin.cluster.node.tasks] Action on node 6
[2016-09-15T21:39:36,716][INFO ][org.elasticsearch.action.admin.cluster.node.tasks] Action on node 4
[2016-09-15T21:39:36,717][INFO ][org.elasticsearch.action.admin.cluster.node.tasks] Action on node 8
[2016-09-15T21:39:36,717][INFO ][org.elasticsearch.action.admin.cluster.node.tasks] Action on node 0
[2016-09-15T21:39:36,717][INFO ][org.elasticsearch.action.admin.cluster.node.tasks] Action on node 2
[2016-09-15T21:39:36,718][INFO ][org.elasticsearch.action.admin.cluster.node.tasks] Action on node 1
[2016-09-15T21:39:36,718][INFO ][org.elasticsearch.action.admin.cluster.node.tasks] Done waiting for all actions to start
[2016-09-15T21:39:36,731][INFO ][org.elasticsearch.action.admin.cluster.node.tasks] Task action on node 5
[2016-09-15T21:39:36,731][INFO ][org.elasticsearch.action.admin.cluster.node.tasks] Task action on node 7
[2016-09-15T21:39:36,732][INFO ][org.elasticsearch.action.admin.cluster.node.tasks] Task action on node 3
[2016-09-15T21:39:36,732][INFO ][org.elasticsearch.action.admin.cluster.node.tasks] Task action on node 6
[2016-09-15T21:39:36,732][INFO ][org.elasticsearch.action.admin.cluster.node.tasks] Task action on node 4
[2016-09-15T21:39:36,732][INFO ][org.elasticsearch.action.admin.cluster.node.tasks] Failing on node 4
[2016-09-15T21:39:36,733][INFO ][org.elasticsearch.action.admin.cluster.node.tasks] Task action on node 8
[2016-09-15T21:39:36,733][INFO ][org.elasticsearch.action.admin.cluster.node.tasks] Task action on node 0
[2016-09-15T21:39:36,736][INFO ][org.elasticsearch.action.admin.cluster.node.tasks] Task action on node 2
[2016-09-15T21:39:36,736][INFO ][org.elasticsearch.action.admin.cluster.node.tasks] Task action on node 1
[2016-09-15T21:39:36,776][INFO ][org.elasticsearch.action.admin.cluster.node.tasks] Action on node 3 finished
[2016-09-15T21:39:36,776][INFO ][org.elasticsearch.action.admin.cluster.node.tasks] Action on node 7 finished
[2016-09-15T21:39:36,776][INFO ][org.elasticsearch.action.admin.cluster.node.tasks] Action on node 6 finished
[2016-09-15T21:39:36,776][INFO ][org.elasticsearch.action.admin.cluster.node.tasks] Action on node 8 finished
[2016-09-15T21:39:36,777][INFO ][org.elasticsearch.action.admin.cluster.node.tasks] Action on node 0 finished
[2016-09-15T21:39:36,776][INFO ][org.elasticsearch.action.admin.cluster.node.tasks] Action on node 5 finished
[2016-09-15T21:39:36,777][INFO ][org.elasticsearch.action.admin.cluster.node.tasks] Action on node 2 finished
[2016-09-15T21:39:36,777][INFO ][org.elasticsearch.action.admin.cluster.node.tasks] Action on node 1 finished
[2016-09-15T21:39:36,776][INFO ][org.elasticsearch.action.admin.cluster.node.tasks] Action on node 4 finished
[2016-09-15T21:39:36,799][INFO ][org.elasticsearch.cluster.service] [node_s_0] new_master {node}{0inV32SNQSmLi7ZqUdnTKg}{local}{local[352]}, reason: test setting state
[2016-09-15T21:39:36,800][INFO ][org.elasticsearch.action.admin.cluster.node.tasks] publish_address {local[101]}, bound_addresses {local[101]}
[2016-09-15T21:39:36,804][INFO ][org.elasticsearch.cluster.service] [node_s_0] new_master {node}{DYN4OnBgR72u5NA1QoD4_w}{local}{local[353]}, reason: test setting state
[2016-09-15T21:39:36,805][INFO ][org.elasticsearch.action.admin.cluster.node.tasks] publish_address {local[102]}, bound_addresses {local[102]}
[2016-09-15T21:39:36,809][INFO ][org.elasticsearch.cluster.service] [node_s_0] new_master {node}{yXuOmamiTtCF1jf1EepcZg}{local}{local[354]}, reason: test setting state
[2016-09-15T21:39:36,810][INFO ][org.elasticsearch.action.admin.cluster.node.tasks] publish_address {local[103]}, bound_addresses {local[103]}
[2016-09-15T21:39:36,814][INFO ][org.elasticsearch.cluster.service] [node_s_0] new_master {node}{dgZ7vKZ9RUKxLHUsPyOPdw}{local}{local[355]}, reason: test setting state
[2016-09-15T21:39:36,815][INFO ][org.elasticsearch.action.admin.cluster.node.tasks] publish_address {local[104]}, bound_addresses {local[104]}
[2016-09-15T21:39:36,818][INFO ][org.elasticsearch.cluster.service] [node_s_0] new_master {node}{ZyaRzeUDTF-VO3rbGQJbIg}{local}{local[356]}, reason: test setting state
[2016-09-15T21:39:36,820][INFO ][org.elasticsearch.action.admin.cluster.node.tasks] publish_address {local[105]}, bound_addresses {local[105]}
[2016-09-15T21:39:36,823][INFO ][org.elasticsearch.cluster.service] [node_s_0] new_master {node}{z0oitL9-T4Suw0L_eb2dtQ}{local}{local[357]}, reason: test setting state
[2016-09-15T21:39:36,825][INFO ][org.elasticsearch.action.admin.cluster.node.tasks] publish_address {local[106]}, bound_addresses {local[106]}
[2016-09-15T21:39:36,826][INFO ][org.elasticsearch.cluster.service] [node_s_0] master {new {node0}{EW0_G-dwREa_6yOCUgl_xw}{local}{local[101]}, previous {node}{0inV32SNQSmLi7ZqUdnTKg}{local}{local[352]}}, removed {{node}{0inV32SNQSmLi7ZqUdnTKg}{local}{local[352]},}, added {{node1}{LoK1l82TTKGsdVjmwvVGwA}{local}{local[102]},{node2}{YTI_2g_qTW6p-kFjU3orDw}{local}{local[103]},{node5}{xANUrco8SQOoUOow62nzGQ}{local}{local[106]},{node3}{9zbVoTfdS5C8sslF3WJm4w}{local}{local[104]},{node4}{aEDBGdEsQymO5WQJkZcppw}{local}{local[105]},}, reason: test setting state
[2016-09-15T21:39:36,826][INFO ][org.elasticsearch.cluster.service] [node_s_0] master {new {node0}{EW0_G-dwREa_6yOCUgl_xw}{local}{local[101]}, previous {node}{DYN4OnBgR72u5NA1QoD4_w}{local}{local[353]}}, removed {{node}{DYN4OnBgR72u5NA1QoD4_w}{local}{local[353]},}, added {{node2}{YTI_2g_qTW6p-kFjU3orDw}{local}{local[103]},{node5}{xANUrco8SQOoUOow62nzGQ}{local}{local[106]},{node0}{EW0_G-dwREa_6yOCUgl_xw}{local}{local[101]},{node3}{9zbVoTfdS5C8sslF3WJm4w}{local}{local[104]},{node4}{aEDBGdEsQymO5WQJkZcppw}{local}{local[105]},}, reason: test setting state
[2016-09-15T21:39:36,827][INFO ][org.elasticsearch.cluster.service] [node_s_0] master {new {node0}{EW0_G-dwREa_6yOCUgl_xw}{local}{local[101]}, previous {node}{yXuOmamiTtCF1jf1EepcZg}{local}{local[354]}}, removed {{node}{yXuOmamiTtCF1jf1EepcZg}{local}{local[354]},}, added {{node1}{LoK1l82TTKGsdVjmwvVGwA}{local}{local[102]},{node5}{xANUrco8SQOoUOow62nzGQ}{local}{local[106]},{node0}{EW0_G-dwREa_6yOCUgl_xw}{local}{local[101]},{node3}{9zbVoTfdS5C8sslF3WJm4w}{local}{local[104]},{node4}{aEDBGdEsQymO5WQJkZcppw}{local}{local[105]},}, reason: test setting state
[2016-09-15T21:39:36,827][INFO ][org.elasticsearch.cluster.service] [node_s_0] master {new {node0}{EW0_G-dwREa_6yOCUgl_xw}{local}{local[101]}, previous {node}{dgZ7vKZ9RUKxLHUsPyOPdw}{local}{local[355]}}, removed {{node}{dgZ7vKZ9RUKxLHUsPyOPdw}{local}{local[355]},}, added {{node1}{LoK1l82TTKGsdVjmwvVGwA}{local}{local[102]},{node2}{YTI_2g_qTW6p-kFjU3orDw}{local}{local[103]},{node5}{xANUrco8SQOoUOow62nzGQ}{local}{local[106]},{node0}{EW0_G-dwREa_6yOCUgl_xw}{local}{local[101]},{node4}{aEDBGdEsQymO5WQJkZcppw}{local}{local[105]},}, reason: test setting state
[2016-09-15T21:39:36,828][INFO ][org.elasticsearch.cluster.service] [node_s_0] master {new {node0}{EW0_G-dwREa_6yOCUgl_xw}{local}{local[101]}, previous {node}{ZyaRzeUDTF-VO3rbGQJbIg}{local}{local[356]}}, removed {{node}{ZyaRzeUDTF-VO3rbGQJbIg}{local}{local[356]},}, added {{node1}{LoK1l82TTKGsdVjmwvVGwA}{local}{local[102]},{node2}{YTI_2g_qTW6p-kFjU3orDw}{local}{local[103]},{node5}{xANUrco8SQOoUOow62nzGQ}{local}{local[106]},{node0}{EW0_G-dwREa_6yOCUgl_xw}{local}{local[101]},{node3}{9zbVoTfdS5C8sslF3WJm4w}{local}{local[104]},}, reason: test setting state
[2016-09-15T21:39:36,829][INFO ][org.elasticsearch.cluster.service] [node_s_0] master {new {node0}{EW0_G-dwREa_6yOCUgl_xw}{local}{local[101]}, previous {node}{z0oitL9-T4Suw0L_eb2dtQ}{local}{local[357]}}, removed {{node}{z0oitL9-T4Suw0L_eb2dtQ}{local}{local[357]},}, added {{node1}{LoK1l82TTKGsdVjmwvVGwA}{local}{local[102]},{node2}{YTI_2g_qTW6p-kFjU3orDw}{local}{local[103]},{node0}{EW0_G-dwREa_6yOCUgl_xw}{local}{local[101]},{node3}{9zbVoTfdS5C8sslF3WJm4w}{local}{local[104]},{node4}{aEDBGdEsQymO5WQJkZcppw}{local}{local[105]},}, reason: test setting state
[2016-09-15T21:39:36,843][INFO ][org.elasticsearch.action.admin.cluster.node.tasks] Action on node 1
[2016-09-15T21:39:36,843][INFO ][org.elasticsearch.action.admin.cluster.node.tasks] Action on node 2
[2016-09-15T21:39:36,844][INFO ][org.elasticsearch.action.admin.cluster.node.tasks] Action on node 0
[2016-09-15T21:39:36,843][INFO ][org.elasticsearch.action.admin.cluster.node.tasks] Action on node 5
[2016-09-15T21:39:36,845][INFO ][org.elasticsearch.action.admin.cluster.node.tasks] Action on node 4
[2016-09-15T21:39:36,845][INFO ][org.elasticsearch.action.admin.cluster.node.tasks] Action on node 3
[2016-09-15T21:39:36,872][INFO ][org.elasticsearch.cluster.service] [node_s_0] new_master {node}{PHDparQ6TgKqrCYutRkSCA}{local}{local[358]}, reason: test setting state
[2016-09-15T21:39:36,873][INFO ][org.elasticsearch.action.admin.cluster.node.tasks] publish_address {local[107]}, bound_addresses {local[107]}
[2016-09-15T21:39:36,879][INFO ][org.elasticsearch.cluster.service] [node_s_0] new_master {node}{Cugv1QesQuiEaLKdmT-YHA}{local}{local[359]}, reason: test setting state
[2016-09-15T21:39:36,880][INFO ][org.elasticsearch.action.admin.cluster.node.tasks] publish_address {local[108]}, bound_addresses {local[108]}
[2016-09-15T21:39:36,883][INFO ][org.elasticsearch.cluster.service] [node_s_0] new_master {node}{zp1rVO4DQSa-6thiolSvkw}{local}{local[360]}, reason: test setting state
[2016-09-15T21:39:36,885][INFO ][org.elasticsearch.action.admin.cluster.node.tasks] publish_address {local[109]}, bound_addresses {local[109]}
[2016-09-15T21:39:36,888][INFO ][org.elasticsearch.cluster.service] [node_s_0] new_master {node}{zU0Ym1BUQgG_uZU_V47tew}{local}{local[361]}, reason: test setting state
[2016-09-15T21:39:36,890][INFO ][org.elasticsearch.action.admin.cluster.node.tasks] publish_address {local[110]}, bound_addresses {local[110]}
[2016-09-15T21:39:36,893][INFO ][org.elasticsearch.cluster.service] [node_s_0] new_master {node}{3qBxH1aeS-Kh2jd5XthgTA}{local}{local[362]}, reason: test setting state
[2016-09-15T21:39:36,895][INFO ][org.elasticsearch.action.admin.cluster.node.tasks] publish_address {local[111]}, bound_addresses {local[111]}
[2016-09-15T21:39:36,898][INFO ][org.elasticsearch.cluster.service] [node_s_0] new_master {node}{kB-cSJt7RSaEyorFk54wlA}{local}{local[363]}, reason: test setting state
[2016-09-15T21:39:36,899][INFO ][org.elasticsearch.action.admin.cluster.node.tasks] publish_address {local[112]}, bound_addresses {local[112]}
[2016-09-15T21:39:36,901][INFO ][org.elasticsearch.cluster.service] [node_s_0] master {new {node0}{uv1pnMzWSGyRSh_SMYqVag}{local}{local[107]}, previous {node}{PHDparQ6TgKqrCYutRkSCA}{local}{local[358]}}, removed {{node}{PHDparQ6TgKqrCYutRkSCA}{local}{local[358]},}, added {{node1}{aDoJCAQjTKeZeJ6XnkNq0A}{local}{local[108]},{node2}{m6ztsVKTQNmFkTT7ddNKzA}{local}{local[109]},{node5}{uW8POslCRVKLVHlp230j6g}{local}{local[112]},{node3}{7uoDN5KFT1OIr7wfkf5qYA}{local}{local[110]},{node4}{o253ONiaR0C77NwxGCWshw}{local}{local[111]},}, reason: test setting state
[2016-09-15T21:39:36,901][INFO ][org.elasticsearch.cluster.service] [node_s_0] master {new {node0}{uv1pnMzWSGyRSh_SMYqVag}{local}{local[107]}, previous {node}{Cugv1QesQuiEaLKdmT-YHA}{local}{local[359]}}, removed {{node}{Cugv1QesQuiEaLKdmT-YHA}{local}{local[359]},}, added {{node2}{m6ztsVKTQNmFkTT7ddNKzA}{local}{local[109]},{node5}{uW8POslCRVKLVHlp230j6g}{local}{local[112]},{node0}{uv1pnMzWSGyRSh_SMYqVag}{local}{local[107]},{node3}{7uoDN5KFT1OIr7wfkf5qYA}{local}{local[110]},{node4}{o253ONiaR0C77NwxGCWshw}{local}{local[111]},}, reason: test setting state
[2016-09-15T21:39:36,901][INFO ][org.elasticsearch.cluster.service] [node_s_0] master {new {node0}{uv1pnMzWSGyRSh_SMYqVag}{local}{local[107]}, previous {node}{zp1rVO4DQSa-6thiolSvkw}{local}{local[360]}}, removed {{node}{zp1rVO4DQSa-6thiolSvkw}{local}{local[360]},}, added {{node1}{aDoJCAQjTKeZeJ6XnkNq0A}{local}{local[108]},{node5}{uW8POslCRVKLVHlp230j6g}{local}{local[112]},{node0}{uv1pnMzWSGyRSh_SMYqVag}{local}{local[107]},{node3}{7uoDN5KFT1OIr7wfkf5qYA}{local}{local[110]},{node4}{o253ONiaR0C77NwxGCWshw}{local}{local[111]},}, reason: test setting state
[2016-09-15T21:39:36,901][INFO ][org.elasticsearch.cluster.service] [node_s_0] master {new {node0}{uv1pnMzWSGyRSh_SMYqVag}{local}{local[107]}, previous {node}{zU0Ym1BUQgG_uZU_V47tew}{local}{local[361]}}, removed {{node}{zU0Ym1BUQgG_uZU_V47tew}{local}{local[361]},}, added {{node1}{aDoJCAQjTKeZeJ6XnkNq0A}{local}{local[108]},{node2}{m6ztsVKTQNmFkTT7ddNKzA}{local}{local[109]},{node5}{uW8POslCRVKLVHlp230j6g}{local}{local[112]},{node0}{uv1pnMzWSGyRSh_SMYqVag}{local}{local[107]},{node4}{o253ONiaR0C77NwxGCWshw}{local}{local[111]},}, reason: test setting state
[2016-09-15T21:39:36,902][INFO ][org.elasticsearch.cluster.service] [node_s_0] master {new {node0}{uv1pnMzWSGyRSh_SMYqVag}{local}{local[107]}, previous {node}{3qBxH1aeS-Kh2jd5XthgTA}{local}{local[362]}}, removed {{node}{3qBxH1aeS-Kh2jd5XthgTA}{local}{local[362]},}, added {{node1}{aDoJCAQjTKeZeJ6XnkNq0A}{local}{local[108]},{node2}{m6ztsVKTQNmFkTT7ddNKzA}{local}{local[109]},{node5}{uW8POslCRVKLVHlp230j6g}{local}{local[112]},{node0}{uv1pnMzWSGyRSh_SMYqVag}{local}{local[107]},{node3}{7uoDN5KFT1OIr7wfkf5qYA}{local}{local[110]},}, reason: test setting state
[2016-09-15T21:39:36,902][INFO ][org.elasticsearch.cluster.service] [node_s_0] master {new {node0}{uv1pnMzWSGyRSh_SMYqVag}{local}{local[107]}, previous {node}{kB-cSJt7RSaEyorFk54wlA}{local}{local[363]}}, removed {{node}{kB-cSJt7RSaEyorFk54wlA}{local}{local[363]},}, added {{node1}{aDoJCAQjTKeZeJ6XnkNq0A}{local}{local[108]},{node2}{m6ztsVKTQNmFkTT7ddNKzA}{local}{local[109]},{node0}{uv1pnMzWSGyRSh_SMYqVag}{local}{local[107]},{node3}{7uoDN5KFT1OIr7wfkf5qYA}{local}{local[110]},{node4}{o253ONiaR0C77NwxGCWshw}{local}{local[111]},}, reason: test setting state
[2016-09-15T21:39:36,906][INFO ][org.elasticsearch.action.admin.cluster.node.tasks] Action on node 1
[2016-09-15T21:39:36,906][INFO ][org.elasticsearch.action.admin.cluster.node.tasks] Action on node 2
[2016-09-15T21:39:36,906][INFO ][org.elasticsearch.action.admin.cluster.node.tasks] Awaiting for all actions to start
[2016-09-15T21:39:36,907][INFO ][org.elasticsearch.action.admin.cluster.node.tasks] Action on node 0
[2016-09-15T21:39:36,907][INFO ][org.elasticsearch.action.admin.cluster.node.tasks] Action on node 5
[2016-09-15T21:39:36,907][INFO ][org.elasticsearch.action.admin.cluster.node.tasks] Action on node 3
[2016-09-15T21:39:36,907][INFO ][org.elasticsearch.action.admin.cluster.node.tasks] Action on node 4
[2016-09-15T21:39:36,907][INFO ][org.elasticsearch.action.admin.cluster.node.tasks] Done waiting for all actions to start
[2016-09-15T21:39:36,925][INFO ][org.elasticsearch.action.admin.cluster.node.tasks] Action on node 0 finished
[2016-09-15T21:39:36,925][INFO ][org.elasticsearch.action.admin.cluster.node.tasks] Action on node 3 finished
[2016-09-15T21:39:36,925][INFO ][org.elasticsearch.action.admin.cluster.node.tasks] Action on node 5 finished
[2016-09-15T21:39:36,925][INFO ][org.elasticsearch.action.admin.cluster.node.tasks] Action on node 4 finished
[2016-09-15T21:39:36,925][INFO ][org.elasticsearch.action.admin.cluster.node.tasks] Action on node 2 finished
[2016-09-15T21:39:36,925][INFO ][org.elasticsearch.action.admin.cluster.node.tasks] Action on node 1 finished
[2016-09-15T21:39:36,949][INFO ][org.elasticsearch.cluster.service] [node_s_0] new_master {node}{l4zVknMRTuathvvxzEAVxg}{local}{local[364]}, reason: test setting state
[2016-09-15T21:39:36,951][INFO ][org.elasticsearch.action.admin.cluster.node.tasks] publish_address {local[113]}, bound_addresses {local[113]}
[2016-09-15T21:39:36,954][INFO ][org.elasticsearch.cluster.service] [node_s_0] new_master {node}{ZAB4jvPzSweiyUBFBLj5Xw}{local}{local[365]}, reason: test setting state
[2016-09-15T21:39:36,955][INFO ][org.elasticsearch.action.admin.cluster.node.tasks] publish_address {local[114]}, bound_addresses {local[114]}
[2016-09-15T21:39:36,959][INFO ][org.elasticsearch.cluster.service] [node_s_0] new_master {node}{7-ugn77nQnaU3cEqIYQN6Q}{local}{local[366]}, reason: test setting state
[2016-09-15T21:39:36,961][INFO ][org.elasticsearch.action.admin.cluster.node.tasks] publish_address {local[115]}, bound_addresses {local[115]}
[2016-09-15T21:39:36,964][INFO ][org.elasticsearch.cluster.service] [node_s_0] new_master {node}{9_3NKxxUQNibxXJ3GWD3lw}{local}{local[367]}, reason: test setting state
[2016-09-15T21:39:36,965][INFO ][org.elasticsearch.action.admin.cluster.node.tasks] publish_address {local[116]}, bound_addresses {local[116]}
[2016-09-15T21:39:36,969][INFO ][org.elasticsearch.cluster.service] [node_s_0] new_master {node}{rA25JAuARzWG6u-pi4hKcg}{local}{local[368]}, reason: test setting state
[2016-09-15T21:39:36,970][INFO ][org.elasticsearch.action.admin.cluster.node.tasks] publish_address {local[117]}, bound_addresses {local[117]}
[2016-09-15T21:39:36,971][INFO ][org.elasticsearch.cluster.service] [node_s_0] master {new {node0}{qiDi9Gt7Smy9a2Sw2hbIDA}{local}{local[113]}, previous {node}{l4zVknMRTuathvvxzEAVxg}{local}{local[364]}}, removed {{node}{l4zVknMRTuathvvxzEAVxg}{local}{local[364]},}, added {{node1}{XEI5WWsqQ6egrLn0viRrNg}{local}{local[114]},{node2}{DVMl6G02Sby6EF_w0dacSg}{local}{local[115]},{node3}{BY4AT3WzS0KKoVN-D61Asg}{local}{local[116]},{node4}{ksr1eygEThGqTcZ4R2wKpA}{local}{local[117]},}, reason: test setting state
[2016-09-15T21:39:36,971][INFO ][org.elasticsearch.cluster.service] [node_s_0] master {new {node0}{qiDi9Gt7Smy9a2Sw2hbIDA}{local}{local[113]}, previous {node}{ZAB4jvPzSweiyUBFBLj5Xw}{local}{local[365]}}, removed {{node}{ZAB4jvPzSweiyUBFBLj5Xw}{local}{local[365]},}, added {{node2}{DVMl6G02Sby6EF_w0dacSg}{local}{local[115]},{node0}{qiDi9Gt7Smy9a2Sw2hbIDA}{local}{local[113]},{node3}{BY4AT3WzS0KKoVN-D61Asg}{local}{local[116]},{node4}{ksr1eygEThGqTcZ4R2wKpA}{local}{local[117]},}, reason: test setting state
[2016-09-15T21:39:36,972][INFO ][org.elasticsearch.cluster.service] [node_s_0] master {new {node0}{qiDi9Gt7Smy9a2Sw2hbIDA}{local}{local[113]}, previous {node}{7-ugn77nQnaU3cEqIYQN6Q}{local}{local[366]}}, removed {{node}{7-ugn77nQnaU3cEqIYQN6Q}{local}{local[366]},}, added {{node1}{XEI5WWsqQ6egrLn0viRrNg}{local}{local[114]},{node0}{qiDi9Gt7Smy9a2Sw2hbIDA}{local}{local[113]},{node3}{BY4AT3WzS0KKoVN-D61Asg}{local}{local[116]},{node4}{ksr1eygEThGqTcZ4R2wKpA}{local}{local[117]},}, reason: test setting state
[2016-09-15T21:39:36,972][INFO ][org.elasticsearch.cluster.service] [node_s_0] master {new {node0}{qiDi9Gt7Smy9a2Sw2hbIDA}{local}{local[113]}, previous {node}{9_3NKxxUQNibxXJ3GWD3lw}{local}{local[367]}}, removed {{node}{9_3NKxxUQNibxXJ3GWD3lw}{local}{local[367]},}, added {{node1}{XEI5WWsqQ6egrLn0viRrNg}{local}{local[114]},{node2}{DVMl6G02Sby6EF_w0dacSg}{local}{local[115]},{node0}{qiDi9Gt7Smy9a2Sw2hbIDA}{local}{local[113]},{node4}{ksr1eygEThGqTcZ4R2wKpA}{local}{local[117]},}, reason: test setting state
[2016-09-15T21:39:36,972][INFO ][org.elasticsearch.cluster.service] [node_s_0] master {new {node0}{qiDi9Gt7Smy9a2Sw2hbIDA}{local}{local[113]}, previous {node}{rA25JAuARzWG6u-pi4hKcg}{local}{local[368]}}, removed {{node}{rA25JAuARzWG6u-pi4hKcg}{local}{local[368]},}, added {{node1}{XEI5WWsqQ6egrLn0viRrNg}{local}{local[114]},{node2}{DVMl6G02Sby6EF_w0dacSg}{local}{local[115]},{node0}{qiDi9Gt7Smy9a2Sw2hbIDA}{local}{local[113]},{node3}{BY4AT3WzS0KKoVN-D61Asg}{local}{local[116]},}, reason: test setting state
[2016-09-15T21:39:36,985][INFO ][org.elasticsearch.action.admin.cluster.node.tasks] Awaiting for all actions to start
[2016-09-15T21:39:36,985][INFO ][org.elasticsearch.action.admin.cluster.node.tasks] Action on node 1
[2016-09-15T21:39:36,985][INFO ][org.elasticsearch.action.admin.cluster.node.tasks] Action on node 2
[2016-09-15T21:39:36,986][INFO ][org.elasticsearch.action.admin.cluster.node.tasks] Action on node 0
[2016-09-15T21:39:36,986][INFO ][org.elasticsearch.action.admin.cluster.node.tasks] Action on node 3
[2016-09-15T21:39:36,986][INFO ][org.elasticsearch.action.admin.cluster.node.tasks] Action on node 4
[2016-09-15T21:39:36,987][INFO ][org.elasticsearch.action.admin.cluster.node.tasks] Done waiting for all actions to start
[2016-09-15T21:39:36,987][INFO ][org.elasticsearch.action.admin.cluster.node.tasks] Listing currently running tasks using node [4]
[2016-09-15T21:39:36,990][INFO ][org.elasticsearch.action.admin.cluster.node.tasks] Checking currently running tasks
[2016-09-15T21:39:36,997][INFO ][org.elasticsearch.action.admin.cluster.node.tasks] Action on node 2 finished
[2016-09-15T21:39:36,997][INFO ][org.elasticsearch.action.admin.cluster.node.tasks] Action on node 1 finished
[2016-09-15T21:39:36,997][INFO ][org.elasticsearch.action.admin.cluster.node.tasks] Action on node 0 finished
[2016-09-15T21:39:36,997][INFO ][org.elasticsearch.action.admin.cluster.node.tasks] Action on node 3 finished
[2016-09-15T21:39:36,997][INFO ][org.elasticsearch.action.admin.cluster.node.tasks] Action on node 4 finished
]]></system-out>
   <system-err><![CDATA[Sep 15, 2016 12:39:37 PM com.carrotsearch.randomizedtesting.ThreadLeakControl checkThreadLeaks
WARNING: Will linger awaiting termination of 2 leaked thread(s).
]]></system-err>
</testsuite>