<testsuite errors="0" failures="0" tests="4" skipped="0" name="org.elasticsearch.test.test.InternalTestClusterTests" hostname="nohost.nodomain" time="17.441" timestamp="2016-09-18T13:13:46">
   <properties class="java.util.ArrayList">
      <property name="awt.toolkit" value="sun.awt.windows.WToolkit"/>
      <property name="file.encoding" value="Cp1252"/>
      <property name="file.encoding.pkg" value="sun.io"/>
      <property name="file.separator" value="\"/>
      <property name="java.awt.graphicsenv" value="sun.awt.Win32GraphicsEnvironment"/>
      <property name="java.awt.headless" value="true"/>
      <property name="java.awt.printerjob" value="sun.awt.windows.WPrinterJob"/>
      <property name="java.class.path" value="C:\Users\kmala\workspace\Team3\test\framework\build\classes\test;C:\Users\kmala\workspace\Team3\test\framework\build\resources\test;C:\Users\kmala\workspace\Team3\test\framework\build\classes\main;C:\Users\kmala\workspace\Team3\test\framework\build\resources\main;C:\Users\kmala\workspace\Team3\core\build\distributions\elasticsearch-5.0.0-alpha6-SNAPSHOT.jar;C:\Users\kmala\.gradle\caches\modules-2\files-2.1\com.carrotsearch.randomizedtesting\randomizedtesting-runner\2.3.2\307965917fe8a22b7ee72deba39ef4b8e6ebc069\randomizedtesting-runner-2.3.2.jar;C:\Users\kmala\.gradle\caches\modules-2\files-2.1\junit\junit\4.11\4e031bb61df09069aeb2bffb4019e7a5034a4ee0\junit-4.11.jar;C:\Users\kmala\.gradle\caches\modules-2\files-2.1\org.hamcrest\hamcrest-all\1.3\63a21ebc981131004ad02e0434e799fd7f3a8d5a\hamcrest-all-1.3.jar;C:\Users\kmala\.gradle\caches\modules-2\files-2.1\org.apache.lucene\lucene-test-framework\6.2.0\f5026be3983acfb40d4092dbfbc015ec6e6addab\lucene-test-framework-6.2.0.jar;C:\Users\kmala\.gradle\caches\modules-2\files-2.1\org.apache.lucene\lucene-codecs\6.2.0\99f887266b0ad9f2c286b3976c5bc48c8cd36624\lucene-codecs-6.2.0.jar;C:\Users\kmala\workspace\Team3\client\rest\build\distributions\rest-5.0.0-alpha6-SNAPSHOT.jar;C:\Users\kmala\.gradle\caches\modules-2\files-2.1\org.apache.httpcomponents\httpclient\4.5.2\733db77aa8d9b2d68015189df76ab06304406e50\httpclient-4.5.2.jar;C:\Users\kmala\.gradle\caches\modules-2\files-2.1\org.apache.httpcomponents\httpcore\4.4.5\e7501a1b34325abb00d17dde96150604a0658b54\httpcore-4.4.5.jar;C:\Users\kmala\.gradle\caches\modules-2\files-2.1\commons-logging\commons-logging\1.1.3\f6f66e966c70a83ffbdb6f17a0919eaf7c8aca7f\commons-logging-1.1.3.jar;C:\Users\kmala\.gradle\caches\modules-2\files-2.1\commons-codec\commons-codec\1.10\4b95f4897fa13f2cd904aee711aeafc0c5295cd8\commons-codec-1.10.jar;C:\Users\kmala\.gradle\caches\modules-2\files-2.1\org.elasticsearch\securemock\1.2\98201d4ad5ac93f6b415ae9172d52b5e7cda490e\securemock-1.2.jar;C:\Users\kmala\.gradle\caches\modules-2\files-2.1\org.apache.lucene\lucene-core\6.2.0\849ee62525a294416802be2cacc66c80352f6f13\lucene-core-6.2.0.jar;C:\Users\kmala\.gradle\caches\modules-2\files-2.1\org.apache.lucene\lucene-analyzers-common\6.2.0\d254d52dd394b5079129f3d5f3bf4f2d44a5936e\lucene-analyzers-common-6.2.0.jar;C:\Users\kmala\.gradle\caches\modules-2\files-2.1\org.apache.lucene\lucene-backward-codecs\6.2.0\b625bb21456b3c0d1e5e431bced125cb060c1abd\lucene-backward-codecs-6.2.0.jar;C:\Users\kmala\.gradle\caches\modules-2\files-2.1\org.apache.lucene\lucene-grouping\6.2.0\9527fedfd5acc624b2bb3f862bd99fb8f470b053\lucene-grouping-6.2.0.jar;C:\Users\kmala\.gradle\caches\modules-2\files-2.1\org.apache.lucene\lucene-highlighter\6.2.0\7ca342372a3f45e32bbd21cecaa757e38eccb8a5\lucene-highlighter-6.2.0.jar;C:\Users\kmala\.gradle\caches\modules-2\files-2.1\org.apache.lucene\lucene-join\6.2.0\da0b8de98511abd4fe9c7d48a353d17854c5ed46\lucene-join-6.2.0.jar;C:\Users\kmala\.gradle\caches\modules-2\files-2.1\org.apache.lucene\lucene-memory\6.2.0\bc9e075b1ee051c8e5246c237c38d8e71dab8a66\lucene-memory-6.2.0.jar;C:\Users\kmala\.gradle\caches\modules-2\files-2.1\org.apache.lucene\lucene-misc\6.2.0\94ddde6312566a4da4a50a88e453b6c82c759b41\lucene-misc-6.2.0.jar;C:\Users\kmala\.gradle\caches\modules-2\files-2.1\org.apache.lucene\lucene-queries\6.2.0\dce47238f78e3e97d91dc6fefa9f46f07866bc2b\lucene-queries-6.2.0.jar;C:\Users\kmala\.gradle\caches\modules-2\files-2.1\org.apache.lucene\lucene-queryparser\6.2.0\17ef728ac15e668bfa1105321611548424637645\lucene-queryparser-6.2.0.jar;C:\Users\kmala\.gradle\caches\modules-2\files-2.1\org.apache.lucene\lucene-sandbox\6.2.0\520183f7b9aba77a26e224760c420a3844b0631a\lucene-sandbox-6.2.0.jar;C:\Users\kmala\.gradle\caches\modules-2\files-2.1\org.apache.lucene\lucene-spatial\6.2.0\8dba929b66927b936fbc76103b109ad6c824daee\lucene-spatial-6.2.0.jar;C:\Users\kmala\.gradle\caches\modules-2\files-2.1\org.apache.lucene\lucene-spatial-extras\6.2.0\3b5a6ef5cd90c0218a72e9e2f7e60104be2447da\lucene-spatial-extras-6.2.0.jar;C:\Users\kmala\.gradle\caches\modules-2\files-2.1\org.apache.lucene\lucene-spatial3d\6.2.0\fcdb0567725722c5145149d1502848b6a96ec18d\lucene-spatial3d-6.2.0.jar;C:\Users\kmala\.gradle\caches\modules-2\files-2.1\org.apache.lucene\lucene-suggest\6.2.0\3d9d526c51f483d27f425c75d7e56bc0849242d6\lucene-suggest-6.2.0.jar;C:\Users\kmala\.gradle\caches\modules-2\files-2.1\org.elasticsearch\securesm\1.1\1e423447d020041534be94c0f31a49fbdc1f2950\securesm-1.1.jar;C:\Users\kmala\.gradle\caches\modules-2\files-2.1\net.sf.jopt-simple\jopt-simple\5.0.2\98cafc6081d5632b61be2c9e60650b64ddbc637c\jopt-simple-5.0.2.jar;C:\Users\kmala\.gradle\caches\modules-2\files-2.1\com.carrotsearch\hppc\0.7.1\8b5057f74ea378c0150a1860874a3ebdcb713767\hppc-0.7.1.jar;C:\Users\kmala\.gradle\caches\modules-2\files-2.1\joda-time\joda-time\2.9.4\1c295b462f16702ebe720bbb08f62e1ba80da41b\joda-time-2.9.4.jar;C:\Users\kmala\.gradle\caches\modules-2\files-2.1\org.joda\joda-convert\1.2\35ec554f0cd00c956cc69051514d9488b1374dec\joda-convert-1.2.jar;C:\Users\kmala\.gradle\caches\modules-2\files-2.1\org.yaml\snakeyaml\1.15\3b132bea69e8ee099f416044970997bde80f4ea6\snakeyaml-1.15.jar;C:\Users\kmala\.gradle\caches\modules-2\files-2.1\com.fasterxml.jackson.core\jackson-core\2.8.1\fd13b1c033741d48291315c6370f7d475a42dccf\jackson-core-2.8.1.jar;C:\Users\kmala\.gradle\caches\modules-2\files-2.1\com.fasterxml.jackson.dataformat\jackson-dataformat-smile\2.8.1\5b73867bc12224946fc67fc8d49d9f5e698d7f\jackson-dataformat-smile-2.8.1.jar;C:\Users\kmala\.gradle\caches\modules-2\files-2.1\com.fasterxml.jackson.dataformat\jackson-dataformat-yaml\2.8.1\eb63166c723b0b4b9fb5298fca232a2f6612ec34\jackson-dataformat-yaml-2.8.1.jar;C:\Users\kmala\.gradle\caches\modules-2\files-2.1\com.fasterxml.jackson.dataformat\jackson-dataformat-cbor\2.8.1\3a6fb7e75c9972559a78cf5cfc5a48a41a13ea40\jackson-dataformat-cbor-2.8.1.jar;C:\Users\kmala\.gradle\caches\modules-2\files-2.1\com.tdunning\t-digest\3.0\84ccf145ac2215e6bfa63baa3101c0af41017cfc\t-digest-3.0.jar;C:\Users\kmala\.gradle\caches\modules-2\files-2.1\org.hdrhistogram\HdrHistogram\2.1.6\7495feb7f71ee124bd2a7e7d83590e296d71d80e\HdrHistogram-2.1.6.jar;C:\Users\kmala\.gradle\caches\modules-2\files-2.1\org.locationtech.spatial4j\spatial4j\0.6\21b15310bddcfd8c72611c180f20cf23279809a3\spatial4j-0.6.jar;C:\Users\kmala\.gradle\caches\modules-2\files-2.1\com.vividsolutions\jts\1.13\3ccfb9b60f04d71add996a666ceb8902904fd805\jts-1.13.jar;C:\Users\kmala\.gradle\caches\modules-2\files-2.1\org.apache.logging.log4j\log4j-api\2.6.2\bd1b74a5d170686362091c7cf596bbc3adf5c09b\log4j-api-2.6.2.jar;C:\Users\kmala\.gradle\caches\modules-2\files-2.1\org.apache.logging.log4j\log4j-core\2.6.2\a91369f655eb1639c6aece5c5eb5108db18306\log4j-core-2.6.2.jar;C:\Users\kmala\.gradle\caches\modules-2\files-2.1\org.apache.logging.log4j\log4j-1.2-api\2.6.2\3b4c5a8b734b6a29b2f03380535a48da6284b210\log4j-1.2-api-2.6.2.jar;C:\Users\kmala\.gradle\caches\modules-2\files-2.1\net.java.dev.jna\jna\4.2.2\5012450aee579c3118ff09461d5ce210e0cdc2a9\jna-4.2.2.jar;C:\Users\kmala\.gradle\caches\modules-2\files-2.1\org.apache.httpcomponents\httpasyncclient\4.1.2\95aa3e6fb520191a0970a73cf09f62948ee614be\httpasyncclient-4.1.2.jar;C:\Users\kmala\.gradle\caches\modules-2\files-2.1\org.apache.httpcomponents\httpcore-nio\4.4.5\f4be009e7505f6ceddf21e7960c759f413f15056\httpcore-nio-4.4.5.jar;C:\Users\kmala\.gradle\caches\modules-2\files-2.1\com.carrotsearch.randomizedtesting\junit4-ant\2.3.2\dc8f03f6111974092491f35b8269eb0fc57f52f7\junit4-ant-2.3.2.jar"/>
      <property name="java.class.version" value="52.0"/>
      <property name="java.endorsed.dirs" value="C:\Program Files\Java\jdk1.8.0_102\jre\lib\endorsed"/>
      <property name="java.ext.dirs" value="C:\Program Files\Java\jdk1.8.0_102\jre\lib\ext;C:\Windows\Sun\Java\lib\ext"/>
      <property name="java.home" value="C:\Program Files\Java\jdk1.8.0_102\jre"/>
      <property name="java.io.tmpdir" value="./temp"/>
      <property name="java.library.path" value="C:\Program Files\Java\jdk1.8.0_102\bin;C:\Windows\Sun\Java\bin;C:\Windows\system32;C:\Windows;C:\ProgramData\Oracle\Java\javapath;C:\Windows\system32;C:\Windows;C:\Windows\System32\Wbem;C:\Windows\System32\WindowsPowerShell\v1.0\;C:\Program Files (x86)\Skype\Phone\;C:\Tools\curl-7.50.1\bin;C:\Program Files\Git\cmd;C:\Tools\gradle-2.13\bin;C:\Tools\apache-maven-3.3.9\bin;C:\Program Files\doxygen\bin;C:\Tools\sonar-scanner-2.7\bin;C:\Windows\system32\config\systemprofile\.dnx\bin;C:\Program Files\Microsoft DNX\Dnvm\;C:\Program Files\Microsoft SQL Server\120\Tools\Binn\;C:\Users\kmala\AppData\Local\Microsoft\WindowsApps;;."/>
      <property name="java.runtime.name" value="Java(TM) SE Runtime Environment"/>
      <property name="java.runtime.version" value="1.8.0_102-b14"/>
      <property name="java.specification.name" value="Java Platform API Specification"/>
      <property name="java.specification.vendor" value="Oracle Corporation"/>
      <property name="java.specification.version" value="1.8"/>
      <property name="java.vendor" value="Oracle Corporation"/>
      <property name="java.vendor.url" value="http://java.oracle.com/"/>
      <property name="java.vendor.url.bug" value="http://bugreport.sun.com/bugreport/"/>
      <property name="java.version" value="1.8.0_102"/>
      <property name="java.vm.info" value="mixed mode"/>
      <property name="java.vm.name" value="Java HotSpot(TM) 64-Bit Server VM"/>
      <property name="java.vm.specification.name" value="Java Virtual Machine Specification"/>
      <property name="java.vm.specification.vendor" value="Oracle Corporation"/>
      <property name="java.vm.specification.version" value="1.8"/>
      <property name="java.vm.vendor" value="Oracle Corporation"/>
      <property name="java.vm.version" value="25.102-b14"/>
      <property name="jna.nosys" value="true"/>
      <property name="junit4.childvm.count" value="3"/>
      <property name="junit4.childvm.cwd" value="C:\Users\kmala\workspace\Team3\test\framework\build\testrun\test\J2"/>
      <property name="junit4.childvm.id" value="2"/>
      <property name="junit4.memory.total" value="514850816"/>
      <property name="junit4.pidString" value="8120@DESKTOP-HP7QPF3"/>
      <property name="junit4.processors" value="4"/>
      <property name="line.separator" value="
"/>
      <property name="os.arch" value="amd64"/>
      <property name="os.name" value="Windows 10"/>
      <property name="os.version" value="10.0"/>
      <property name="path.separator" value=";"/>
      <property name="sun.arch.data.model" value="64"/>
      <property name="sun.boot.class.path" value="C:\Program Files\Java\jdk1.8.0_102\jre\lib\resources.jar;C:\Program Files\Java\jdk1.8.0_102\jre\lib\rt.jar;C:\Program Files\Java\jdk1.8.0_102\jre\lib\sunrsasign.jar;C:\Program Files\Java\jdk1.8.0_102\jre\lib\jsse.jar;C:\Program Files\Java\jdk1.8.0_102\jre\lib\jce.jar;C:\Program Files\Java\jdk1.8.0_102\jre\lib\charsets.jar;C:\Program Files\Java\jdk1.8.0_102\jre\lib\jfr.jar;C:\Program Files\Java\jdk1.8.0_102\jre\classes"/>
      <property name="sun.boot.library.path" value="C:\Program Files\Java\jdk1.8.0_102\jre\bin"/>
      <property name="sun.cpu.endian" value="little"/>
      <property name="sun.cpu.isalist" value="amd64"/>
      <property name="sun.desktop" value="windows"/>
      <property name="sun.io.unicode.encoding" value="UnicodeLittle"/>
      <property name="sun.java.command" value="com.carrotsearch.ant.tasks.junit4.slave.SlaveMainSafe -eventsfile C:\Users\kmala\workspace\Team3\test\framework\build\testrun\test\temp\junit4-J2-20160918_131335_209.events @C:\Users\kmala\workspace\Team3\test\framework\build\testrun\test\temp\junit4-J2-20160918_131335_209.suites -stdin"/>
      <property name="sun.java.launcher" value="SUN_STANDARD"/>
      <property name="sun.jnu.encoding" value="Cp1252"/>
      <property name="sun.management.compiler" value="HotSpot 64-Bit Tiered Compilers"/>
      <property name="sun.os.patch.level" value=""/>
      <property name="tests.artifact" value="framework"/>
      <property name="tests.gradle" value="true"/>
      <property name="tests.ifNoTests" value="fail"/>
      <property name="tests.logger.level" value="WARN"/>
      <property name="tests.prefix" value="tests"/>
      <property name="tests.security.manager" value="true"/>
      <property name="tests.seed" value="B32E11104D8D14B1"/>
      <property name="tests.task" value=":test:framework:test"/>
      <property name="user.country" value="US"/>
      <property name="user.dir" value="C:\Users\kmala\workspace\Team3\test\framework\build\testrun\test\J2"/>
      <property name="user.home" value="C:\Users\kmala"/>
      <property name="user.language" value="en"/>
      <property name="user.name" value="kmala"/>
      <property name="user.script" value=""/>
      <property name="user.timezone" value=""/>
      <property name="user.variant" value=""/>
   </properties>
   <testcase classname="org.elasticsearch.test.test.InternalTestClusterTests" name="testDataFolderAssignmentAndCleaning" time="15.493"/>
   <testcase classname="org.elasticsearch.test.test.InternalTestClusterTests" name="testInitializiationIsConsistent" time="0.027"/>
   <testcase classname="org.elasticsearch.test.test.InternalTestClusterTests" name="testDifferentRolesMaintainPathOnRestart" time="1.767"/>
   <testcase classname="org.elasticsearch.test.test.InternalTestClusterTests" name="testBeforeTest" time="0.039"/>
   <system-out><![CDATA[[2016-09-18T08:13:46,900][INFO ][org.elasticsearch.test   ] Setup InternalTestCluster [shared1] with seed [8E90A2677165609A] using [0] dedicated masters, [2] (data) nodes and [0] coord only nodes
[2016-09-18T08:13:47,480][INFO ][org.elasticsearch.node   ] [test0] initializing ...
[2016-09-18T08:13:47,811][INFO ][org.elasticsearch.env    ] [test0] using [1] data paths, mounts [[(C:)]], net usable_space [704.6gb], net total_space [780.6gb], spins? [unknown], types [NTFS]
[2016-09-18T08:13:47,813][INFO ][org.elasticsearch.env    ] [test0] heap size [491mb], compressed ordinary object pointers [true]
[2016-09-18T08:13:47,823][INFO ][org.elasticsearch.node   ] [test0] version[5.0.0-alpha6-SNAPSHOT], pid[8120], build[f9bf8d1/2016-09-18T10:42:33.213Z], OS[Windows 10/10.0/amd64], JVM[Oracle Corporation/Java HotSpot(TM) 64-Bit Server VM/1.8.0_102/25.102-b14]
[2016-09-18T08:13:47,839][INFO ][org.elasticsearch.plugins] [test0] no modules loaded
[2016-09-18T08:13:47,840][INFO ][org.elasticsearch.plugins] [test0] no plugins loaded
[2016-09-18T08:14:00,411][INFO ][org.elasticsearch.node   ] [test0] initialized
[2016-09-18T08:14:00,441][INFO ][org.elasticsearch.node   ] [test0] starting ...
[2016-09-18T08:14:00,490][INFO ][org.elasticsearch.transport] [test0] publish_address {local[1]}, bound_addresses {local[1]}
[2016-09-18T08:14:00,643][INFO ][org.elasticsearch.cluster.service] [test0] new_master {test0}{s7d8hBJ6SyWrFXu00DxRJA}{35mU16ksRjmXIMZkX0AmWQ}{local}{local[1]}, reason: local-disco-initial_connect(master)
[2016-09-18T08:14:00,685][INFO ][org.elasticsearch.node   ] [test0] started
[2016-09-18T08:14:00,694][INFO ][org.elasticsearch.node   ] [test1] initializing ...
[2016-09-18T08:14:00,765][INFO ][org.elasticsearch.env    ] [test1] using [1] data paths, mounts [[(C:)]], net usable_space [704.6gb], net total_space [780.6gb], spins? [unknown], types [NTFS]
[2016-09-18T08:14:00,765][INFO ][org.elasticsearch.env    ] [test1] heap size [491mb], compressed ordinary object pointers [true]
[2016-09-18T08:14:00,769][INFO ][org.elasticsearch.node   ] [test1] version[5.0.0-alpha6-SNAPSHOT], pid[8120], build[f9bf8d1/2016-09-18T10:42:33.213Z], OS[Windows 10/10.0/amd64], JVM[Oracle Corporation/Java HotSpot(TM) 64-Bit Server VM/1.8.0_102/25.102-b14]
[2016-09-18T08:14:00,772][INFO ][org.elasticsearch.plugins] [test1] no modules loaded
[2016-09-18T08:14:00,772][INFO ][org.elasticsearch.plugins] [test1] no plugins loaded
[2016-09-18T08:14:01,072][INFO ][org.elasticsearch.gateway] [test1] recovered [0] indices into cluster_state
[2016-09-18T08:14:01,103][INFO ][org.elasticsearch.node   ] [test1] initialized
[2016-09-18T08:14:01,105][INFO ][org.elasticsearch.node   ] [test1] starting ...
[2016-09-18T08:14:01,105][INFO ][org.elasticsearch.transport] [test1] publish_address {local[2]}, bound_addresses {local[2]}
[2016-09-18T08:14:01,111][INFO ][org.elasticsearch.cluster.service] [test1] added {{test1}{415A_UWLSYiRjRw0xaRa1w}{-5Rmuz9FSySDawzQxID4Ew}{local}{local[2]},}, reason: local-disco-receive(from node[{test1}{415A_UWLSYiRjRw0xaRa1w}{-5Rmuz9FSySDawzQxID4Ew}{local}{local[2]}])
[2016-09-18T08:14:01,174][INFO ][org.elasticsearch.cluster.service] [test1] detected_master {test0}{s7d8hBJ6SyWrFXu00DxRJA}{35mU16ksRjmXIMZkX0AmWQ}{local}{local[1]}, added {{test0}{s7d8hBJ6SyWrFXu00DxRJA}{35mU16ksRjmXIMZkX0AmWQ}{local}{local[1]},}, reason: local-disco-receive(from master)
[2016-09-18T08:14:01,211][INFO ][org.elasticsearch.node   ] [test1] started
[2016-09-18T08:14:01,277][INFO ][org.elasticsearch.test   ] Closing filtered random node [test1] 
[2016-09-18T08:14:01,278][INFO ][org.elasticsearch.node   ] [test1] stopping ...
[2016-09-18T08:14:01,282][INFO ][org.elasticsearch.cluster.service] [test1] removed {{test1}{415A_UWLSYiRjRw0xaRa1w}{-5Rmuz9FSySDawzQxID4Ew}{local}{local[2]},}, reason: local-disco-update
[2016-09-18T08:14:01,283][INFO ][org.elasticsearch.node   ] [test1] stopped
[2016-09-18T08:14:01,284][INFO ][org.elasticsearch.node   ] [test1] closing ...
[2016-09-18T08:14:01,326][INFO ][org.elasticsearch.node   ] [test1] closed
[2016-09-18T08:14:01,346][INFO ][org.elasticsearch.node   ] [test2] initializing ...
[2016-09-18T08:14:01,416][INFO ][org.elasticsearch.env    ] [test2] using [1] data paths, mounts [[(C:)]], net usable_space [704.6gb], net total_space [780.6gb], spins? [unknown], types [NTFS]
[2016-09-18T08:14:01,416][INFO ][org.elasticsearch.env    ] [test2] heap size [491mb], compressed ordinary object pointers [true]
[2016-09-18T08:14:01,419][INFO ][org.elasticsearch.node   ] [test2] version[5.0.0-alpha6-SNAPSHOT], pid[8120], build[f9bf8d1/2016-09-18T10:42:33.213Z], OS[Windows 10/10.0/amd64], JVM[Oracle Corporation/Java HotSpot(TM) 64-Bit Server VM/1.8.0_102/25.102-b14]
[2016-09-18T08:14:01,422][INFO ][org.elasticsearch.plugins] [test2] no modules loaded
[2016-09-18T08:14:01,422][INFO ][org.elasticsearch.plugins] [test2] no plugins loaded
[2016-09-18T08:14:01,620][INFO ][org.elasticsearch.node   ] [test2] initialized
[2016-09-18T08:14:01,621][INFO ][org.elasticsearch.node   ] [test2] starting ...
[2016-09-18T08:14:01,621][INFO ][org.elasticsearch.transport] [test2] publish_address {local[3]}, bound_addresses {local[3]}
[2016-09-18T08:14:01,623][INFO ][org.elasticsearch.cluster.service] [test2] added {{test2}{415A_UWLSYiRjRw0xaRa1w}{16Zp0FRUTwmVY03oM6xGgA}{local}{local[3]},}, reason: local-disco-receive(from node[{test2}{415A_UWLSYiRjRw0xaRa1w}{16Zp0FRUTwmVY03oM6xGgA}{local}{local[3]}])
[2016-09-18T08:14:01,627][INFO ][org.elasticsearch.cluster.service] [test2] detected_master {test0}{s7d8hBJ6SyWrFXu00DxRJA}{35mU16ksRjmXIMZkX0AmWQ}{local}{local[1]}, added {{test0}{s7d8hBJ6SyWrFXu00DxRJA}{35mU16ksRjmXIMZkX0AmWQ}{local}{local[1]},}, reason: local-disco-receive(from master)
[2016-09-18T08:14:01,638][INFO ][org.elasticsearch.node   ] [test2] started
[2016-09-18T08:14:01,643][INFO ][org.elasticsearch.node   ] [test3] initializing ...
[2016-09-18T08:14:01,672][INFO ][org.elasticsearch.env    ] [test3] using [1] data paths, mounts [[(C:)]], net usable_space [704.6gb], net total_space [780.6gb], spins? [unknown], types [NTFS]
[2016-09-18T08:14:01,673][INFO ][org.elasticsearch.env    ] [test3] heap size [491mb], compressed ordinary object pointers [true]
[2016-09-18T08:14:01,678][INFO ][org.elasticsearch.node   ] [test3] version[5.0.0-alpha6-SNAPSHOT], pid[8120], build[f9bf8d1/2016-09-18T10:42:33.213Z], OS[Windows 10/10.0/amd64], JVM[Oracle Corporation/Java HotSpot(TM) 64-Bit Server VM/1.8.0_102/25.102-b14]
[2016-09-18T08:14:01,679][INFO ][org.elasticsearch.plugins] [test3] no modules loaded
[2016-09-18T08:14:01,680][INFO ][org.elasticsearch.plugins] [test3] no plugins loaded
[2016-09-18T08:14:01,807][INFO ][org.elasticsearch.node   ] [test3] initialized
[2016-09-18T08:14:01,807][INFO ][org.elasticsearch.node   ] [test3] starting ...
[2016-09-18T08:14:01,808][INFO ][org.elasticsearch.transport] [test3] publish_address {local[4]}, bound_addresses {local[4]}
[2016-09-18T08:14:01,809][INFO ][org.elasticsearch.cluster.service] [test3] added {{test3}{-HZ9NGGiSzOeTrIzVXwoKg}{BLMI9fyBTOu5PHr_FwGqMQ}{local}{local[4]},}, reason: local-disco-receive(from node[{test3}{-HZ9NGGiSzOeTrIzVXwoKg}{BLMI9fyBTOu5PHr_FwGqMQ}{local}{local[4]}])
[2016-09-18T08:14:01,967][INFO ][org.elasticsearch.cluster.service] [test3] added {{test3}{-HZ9NGGiSzOeTrIzVXwoKg}{BLMI9fyBTOu5PHr_FwGqMQ}{local}{local[4]},}, reason: local-disco-receive(from master)
[2016-09-18T08:14:01,969][INFO ][org.elasticsearch.cluster.service] [test3] detected_master {test0}{s7d8hBJ6SyWrFXu00DxRJA}{35mU16ksRjmXIMZkX0AmWQ}{local}{local[1]}, added {{test0}{s7d8hBJ6SyWrFXu00DxRJA}{35mU16ksRjmXIMZkX0AmWQ}{local}{local[1]},{test2}{415A_UWLSYiRjRw0xaRa1w}{16Zp0FRUTwmVY03oM6xGgA}{local}{local[3]},}, reason: local-disco-receive(from master)
[2016-09-18T08:14:01,978][INFO ][org.elasticsearch.node   ] [test3] started
[2016-09-18T08:14:01,985][INFO ][org.elasticsearch.node   ] [test2] stopping ...
[2016-09-18T08:14:01,987][INFO ][org.elasticsearch.node   ] [test2] stopped
[2016-09-18T08:14:01,987][INFO ][org.elasticsearch.node   ] [test2] closing ...
[2016-09-18T08:14:01,988][INFO ][org.elasticsearch.cluster.service] [test3] removed {{test2}{415A_UWLSYiRjRw0xaRa1w}{16Zp0FRUTwmVY03oM6xGgA}{local}{local[3]},}, reason: local-disco-update
[2016-09-18T08:14:01,990][INFO ][org.elasticsearch.cluster.service] [test3] removed {{test2}{415A_UWLSYiRjRw0xaRa1w}{16Zp0FRUTwmVY03oM6xGgA}{local}{local[3]},}, reason: local-disco-receive(from master)
[2016-09-18T08:14:01,992][INFO ][org.elasticsearch.node   ] [test2] closed
[2016-09-18T08:14:01,992][INFO ][org.elasticsearch.node   ] [test3] stopping ...
[2016-09-18T08:14:01,994][INFO ][org.elasticsearch.node   ] [test3] stopped
[2016-09-18T08:14:01,994][INFO ][org.elasticsearch.node   ] [test3] closing ...
[2016-09-18T08:14:01,994][INFO ][org.elasticsearch.cluster.service] [test3] removed {{test3}{-HZ9NGGiSzOeTrIzVXwoKg}{BLMI9fyBTOu5PHr_FwGqMQ}{local}{local[4]},}, reason: local-disco-update
[2016-09-18T08:14:01,998][INFO ][org.elasticsearch.node   ] [test3] closed
[2016-09-18T08:14:02,002][INFO ][org.elasticsearch.test   ] Successfully wiped data directory for node location: C:\Users\kmala\workspace\Team3\test\framework\build\testrun\test\J2\temp\org.elasticsearch.test.test.InternalTestClusterTests_B32E11104D8D14B1-001\tempDir-001\data\nodes\2
[2016-09-18T08:14:02,006][INFO ][org.elasticsearch.test   ] Successfully wiped data directory for node location: C:\Users\kmala\workspace\Team3\test\framework\build\testrun\test\J2\temp\org.elasticsearch.test.test.InternalTestClusterTests_B32E11104D8D14B1-001\tempDir-001\data\nodes\1
[2016-09-18T08:14:02,011][INFO ][org.elasticsearch.node   ] [test1] initializing ...
[2016-09-18T08:14:02,026][INFO ][org.elasticsearch.env    ] [test1] using [1] data paths, mounts [[(C:)]], net usable_space [704.6gb], net total_space [780.6gb], spins? [unknown], types [NTFS]
[2016-09-18T08:14:02,026][INFO ][org.elasticsearch.env    ] [test1] heap size [491mb], compressed ordinary object pointers [true]
[2016-09-18T08:14:02,028][INFO ][org.elasticsearch.node   ] [test1] version[5.0.0-alpha6-SNAPSHOT], pid[8120], build[f9bf8d1/2016-09-18T10:42:33.213Z], OS[Windows 10/10.0/amd64], JVM[Oracle Corporation/Java HotSpot(TM) 64-Bit Server VM/1.8.0_102/25.102-b14]
[2016-09-18T08:14:02,030][INFO ][org.elasticsearch.plugins] [test1] no modules loaded
[2016-09-18T08:14:02,030][INFO ][org.elasticsearch.plugins] [test1] no plugins loaded
[2016-09-18T08:14:02,176][INFO ][org.elasticsearch.node   ] [test1] initialized
[2016-09-18T08:14:02,177][INFO ][org.elasticsearch.node   ] [test1] starting ...
[2016-09-18T08:14:02,178][INFO ][org.elasticsearch.transport] [test1] publish_address {local[5]}, bound_addresses {local[5]}
[2016-09-18T08:14:02,179][INFO ][org.elasticsearch.cluster.service] [test1] added {{test1}{415A_UWLSYiRjRw0xaRa1w}{Cbab3zBjS36CMjOgzmF9ig}{local}{local[5]},}, reason: local-disco-receive(from node[{test1}{415A_UWLSYiRjRw0xaRa1w}{Cbab3zBjS36CMjOgzmF9ig}{local}{local[5]}])
[2016-09-18T08:14:02,181][INFO ][org.elasticsearch.cluster.service] [test1] detected_master {test0}{s7d8hBJ6SyWrFXu00DxRJA}{35mU16ksRjmXIMZkX0AmWQ}{local}{local[1]}, added {{test0}{s7d8hBJ6SyWrFXu00DxRJA}{35mU16ksRjmXIMZkX0AmWQ}{local}{local[1]},}, reason: local-disco-receive(from master)
[2016-09-18T08:14:02,188][INFO ][org.elasticsearch.node   ] [test1] started
[2016-09-18T08:14:02,193][INFO ][org.elasticsearch.node   ] [test0] stopping ...
[2016-09-18T08:14:02,200][INFO ][org.elasticsearch.node   ] [test0] stopped
[2016-09-18T08:14:02,201][INFO ][org.elasticsearch.node   ] [test0] closing ...
[2016-09-18T08:14:02,203][INFO ][org.elasticsearch.cluster.service] [test1] master {new {test1}{415A_UWLSYiRjRw0xaRa1w}{Cbab3zBjS36CMjOgzmF9ig}{local}{local[5]}, previous {test0}{s7d8hBJ6SyWrFXu00DxRJA}{35mU16ksRjmXIMZkX0AmWQ}{local}{local[1]}}, removed {{test0}{s7d8hBJ6SyWrFXu00DxRJA}{35mU16ksRjmXIMZkX0AmWQ}{local}{local[1]},}, reason: local-disco-update
[2016-09-18T08:14:02,200][WARN ][org.elasticsearch.transport] [test1] Transport response handler not found of id [9]
[2016-09-18T08:14:02,204][WARN ][org.elasticsearch.action.admin.cluster.node.stats] [test1] ignoring unexpected response [null] of type [null], expected [NodeStats] or [FailedNodeException]
[2016-09-18T08:14:02,206][INFO ][org.elasticsearch.node   ] [test0] closed
[2016-09-18T08:14:02,207][INFO ][org.elasticsearch.node   ] [test1] stopping ...
[2016-09-18T08:14:02,208][INFO ][org.elasticsearch.node   ] [test1] stopped
[2016-09-18T08:14:02,208][INFO ][org.elasticsearch.node   ] [test1] closing ...
[2016-09-18T08:14:02,211][INFO ][org.elasticsearch.node   ] [test1] closed
[2016-09-18T08:14:02,218][INFO ][org.elasticsearch.test   ] Setup InternalTestCluster [????] with seed [B3A9DF0DC57F6EF] using [0] dedicated masters, [7] (data) nodes and [8] coord only nodes
[2016-09-18T08:14:02,220][INFO ][org.elasticsearch.test   ] Setup InternalTestCluster [????] with seed [B3A9DF0DC57F6EF] using [0] dedicated masters, [7] (data) nodes and [8] coord only nodes
[2016-09-18T08:14:02,245][INFO ][org.elasticsearch.test   ] Setup InternalTestCluster [test] with seed [430AA32901FF8083] using [0] dedicated masters, [0] (data) nodes and [0] coord only nodes
[2016-09-18T08:14:02,253][INFO ][org.elasticsearch.node   ] [m0] initializing ...
[2016-09-18T08:14:02,277][INFO ][org.elasticsearch.env    ] [m0] using [1] data paths, mounts [[(C:)]], net usable_space [704.6gb], net total_space [780.6gb], spins? [unknown], types [NTFS]
[2016-09-18T08:14:02,277][INFO ][org.elasticsearch.env    ] [m0] heap size [491mb], compressed ordinary object pointers [true]
[2016-09-18T08:14:02,283][INFO ][org.elasticsearch.node   ] [m0] version[5.0.0-alpha6-SNAPSHOT], pid[8120], build[f9bf8d1/2016-09-18T10:42:33.213Z], OS[Windows 10/10.0/amd64], JVM[Oracle Corporation/Java HotSpot(TM) 64-Bit Server VM/1.8.0_102/25.102-b14]
[2016-09-18T08:14:02,286][INFO ][org.elasticsearch.plugins] [m0] no modules loaded
[2016-09-18T08:14:02,286][INFO ][org.elasticsearch.plugins] [m0] no plugins loaded
[2016-09-18T08:14:02,415][INFO ][org.elasticsearch.node   ] [m0] initialized
[2016-09-18T08:14:02,416][INFO ][org.elasticsearch.node   ] [m0] starting ...
[2016-09-18T08:14:02,419][INFO ][org.elasticsearch.transport] [m0] publish_address {local[6]}, bound_addresses {local[6]}
[2016-09-18T08:14:02,421][INFO ][org.elasticsearch.node   ] [m0] started
[2016-09-18T08:14:02,428][INFO ][org.elasticsearch.node   ] [d1] initializing ...
[2016-09-18T08:14:02,434][INFO ][org.elasticsearch.cluster.service] [m0] new_master {m0}{5m9KVP6xSoW9vh7ZGTNvfg}{qtLwNlXxRtOPiHLO5L1OGQ}{local}{local[6]}, reason: local-disco-initial_connect(master)
[2016-09-18T08:14:02,478][INFO ][org.elasticsearch.env    ] [d1] using [1] data paths, mounts [[(C:)]], net usable_space [704.6gb], net total_space [780.6gb], spins? [unknown], types [NTFS]
[2016-09-18T08:14:02,479][INFO ][org.elasticsearch.env    ] [d1] heap size [491mb], compressed ordinary object pointers [true]
[2016-09-18T08:14:02,482][INFO ][org.elasticsearch.gateway] [m0] recovered [0] indices into cluster_state
[2016-09-18T08:14:02,483][INFO ][org.elasticsearch.node   ] [d1] version[5.0.0-alpha6-SNAPSHOT], pid[8120], build[f9bf8d1/2016-09-18T10:42:33.213Z], OS[Windows 10/10.0/amd64], JVM[Oracle Corporation/Java HotSpot(TM) 64-Bit Server VM/1.8.0_102/25.102-b14]
[2016-09-18T08:14:02,484][INFO ][org.elasticsearch.plugins] [d1] no modules loaded
[2016-09-18T08:14:02,484][INFO ][org.elasticsearch.plugins] [d1] no plugins loaded
[2016-09-18T08:14:02,616][INFO ][org.elasticsearch.node   ] [d1] initialized
[2016-09-18T08:14:02,617][INFO ][org.elasticsearch.node   ] [d1] starting ...
[2016-09-18T08:14:02,617][INFO ][org.elasticsearch.transport] [d1] publish_address {local[7]}, bound_addresses {local[7]}
[2016-09-18T08:14:02,618][INFO ][org.elasticsearch.node   ] [d1] started
[2016-09-18T08:14:02,621][INFO ][org.elasticsearch.cluster.service] [d1] added {{d1}{vg0q-iyqTWeFpcM9VOm98Q}{qntxd-pWQr28EItArx7Qag}{local}{local[7]},}, reason: local-disco-receive(from node[{d1}{vg0q-iyqTWeFpcM9VOm98Q}{qntxd-pWQr28EItArx7Qag}{local}{local[7]}])
[2016-09-18T08:14:02,625][INFO ][org.elasticsearch.node   ] [c2] initializing ...
[2016-09-18T08:14:02,639][INFO ][org.elasticsearch.cluster.service] [d1] detected_master {m0}{5m9KVP6xSoW9vh7ZGTNvfg}{qtLwNlXxRtOPiHLO5L1OGQ}{local}{local[6]}, added {{m0}{5m9KVP6xSoW9vh7ZGTNvfg}{qtLwNlXxRtOPiHLO5L1OGQ}{local}{local[6]},}, reason: local-disco-receive(from master)
[2016-09-18T08:14:02,662][INFO ][org.elasticsearch.env    ] [c2] using [1] data paths, mounts [[(C:)]], net usable_space [704.6gb], net total_space [780.6gb], spins? [unknown], types [NTFS]
[2016-09-18T08:14:02,662][INFO ][org.elasticsearch.env    ] [c2] heap size [491mb], compressed ordinary object pointers [true]
[2016-09-18T08:14:02,666][INFO ][org.elasticsearch.node   ] [c2] version[5.0.0-alpha6-SNAPSHOT], pid[8120], build[f9bf8d1/2016-09-18T10:42:33.213Z], OS[Windows 10/10.0/amd64], JVM[Oracle Corporation/Java HotSpot(TM) 64-Bit Server VM/1.8.0_102/25.102-b14]
[2016-09-18T08:14:02,667][INFO ][org.elasticsearch.plugins] [c2] no modules loaded
[2016-09-18T08:14:02,667][INFO ][org.elasticsearch.plugins] [c2] no plugins loaded
[2016-09-18T08:14:02,779][INFO ][org.elasticsearch.node   ] [c2] initialized
[2016-09-18T08:14:02,780][INFO ][org.elasticsearch.node   ] [c2] starting ...
[2016-09-18T08:14:02,782][INFO ][org.elasticsearch.transport] [c2] publish_address {local[8]}, bound_addresses {local[8]}
[2016-09-18T08:14:02,785][INFO ][org.elasticsearch.node   ] [c2] started
[2016-09-18T08:14:02,785][INFO ][org.elasticsearch.cluster.service] [c2] added {{c2}{LzFSeftbTwy_n12VLD0SbA}{qgMeieOMRAWMVpAi9zsX7w}{local}{local[8]},}, reason: local-disco-receive(from node[{c2}{LzFSeftbTwy_n12VLD0SbA}{qgMeieOMRAWMVpAi9zsX7w}{local}{local[8]}])
[2016-09-18T08:14:02,786][INFO ][org.elasticsearch.cluster.service] [c2] added {{c2}{LzFSeftbTwy_n12VLD0SbA}{qgMeieOMRAWMVpAi9zsX7w}{local}{local[8]},}, reason: local-disco-receive(from master)
[2016-09-18T08:14:02,793][INFO ][org.elasticsearch.node   ] [m3] initializing ...
[2016-09-18T08:14:02,796][INFO ][org.elasticsearch.cluster.service] [c2] detected_master {m0}{5m9KVP6xSoW9vh7ZGTNvfg}{qtLwNlXxRtOPiHLO5L1OGQ}{local}{local[6]}, added {{d1}{vg0q-iyqTWeFpcM9VOm98Q}{qntxd-pWQr28EItArx7Qag}{local}{local[7]},{m0}{5m9KVP6xSoW9vh7ZGTNvfg}{qtLwNlXxRtOPiHLO5L1OGQ}{local}{local[6]},}, reason: local-disco-receive(from master)
[2016-09-18T08:14:02,842][INFO ][org.elasticsearch.env    ] [m3] using [1] data paths, mounts [[(C:)]], net usable_space [704.6gb], net total_space [780.6gb], spins? [unknown], types [NTFS]
[2016-09-18T08:14:02,843][INFO ][org.elasticsearch.env    ] [m3] heap size [491mb], compressed ordinary object pointers [true]
[2016-09-18T08:14:02,850][INFO ][org.elasticsearch.node   ] [m3] version[5.0.0-alpha6-SNAPSHOT], pid[8120], build[f9bf8d1/2016-09-18T10:42:33.213Z], OS[Windows 10/10.0/amd64], JVM[Oracle Corporation/Java HotSpot(TM) 64-Bit Server VM/1.8.0_102/25.102-b14]
[2016-09-18T08:14:02,851][INFO ][org.elasticsearch.plugins] [m3] no modules loaded
[2016-09-18T08:14:02,851][INFO ][org.elasticsearch.plugins] [m3] no plugins loaded
[2016-09-18T08:14:02,967][INFO ][org.elasticsearch.node   ] [m3] initialized
[2016-09-18T08:14:02,968][INFO ][org.elasticsearch.node   ] [m3] starting ...
[2016-09-18T08:14:02,969][INFO ][org.elasticsearch.transport] [m3] publish_address {local[9]}, bound_addresses {local[9]}
[2016-09-18T08:14:02,970][INFO ][org.elasticsearch.cluster.service] [m3] added {{m3}{mLbVQJdcTaa0Uvv8_jyKjw}{FQgvi5VOQCSU8GKkeet3Yw}{local}{local[9]},}, reason: local-disco-receive(from node[{m3}{mLbVQJdcTaa0Uvv8_jyKjw}{FQgvi5VOQCSU8GKkeet3Yw}{local}{local[9]}])
[2016-09-18T08:14:02,970][INFO ][org.elasticsearch.node   ] [m3] started
[2016-09-18T08:14:02,972][INFO ][org.elasticsearch.cluster.service] [m3] added {{m3}{mLbVQJdcTaa0Uvv8_jyKjw}{FQgvi5VOQCSU8GKkeet3Yw}{local}{local[9]},}, reason: local-disco-receive(from master)
[2016-09-18T08:14:02,973][INFO ][org.elasticsearch.cluster.service] [m3] added {{m3}{mLbVQJdcTaa0Uvv8_jyKjw}{FQgvi5VOQCSU8GKkeet3Yw}{local}{local[9]},}, reason: local-disco-receive(from master)
[2016-09-18T08:14:02,977][INFO ][org.elasticsearch.node   ] [c4] initializing ...
[2016-09-18T08:14:02,978][INFO ][org.elasticsearch.cluster.service] [m3] detected_master {m0}{5m9KVP6xSoW9vh7ZGTNvfg}{qtLwNlXxRtOPiHLO5L1OGQ}{local}{local[6]}, added {{d1}{vg0q-iyqTWeFpcM9VOm98Q}{qntxd-pWQr28EItArx7Qag}{local}{local[7]},{m0}{5m9KVP6xSoW9vh7ZGTNvfg}{qtLwNlXxRtOPiHLO5L1OGQ}{local}{local[6]},{c2}{LzFSeftbTwy_n12VLD0SbA}{qgMeieOMRAWMVpAi9zsX7w}{local}{local[8]},}, reason: local-disco-receive(from master)
[2016-09-18T08:14:03,011][INFO ][org.elasticsearch.env    ] [c4] using [1] data paths, mounts [[(C:)]], net usable_space [704.6gb], net total_space [780.6gb], spins? [unknown], types [NTFS]
[2016-09-18T08:14:03,012][INFO ][org.elasticsearch.env    ] [c4] heap size [491mb], compressed ordinary object pointers [true]
[2016-09-18T08:14:03,016][INFO ][org.elasticsearch.node   ] [c4] version[5.0.0-alpha6-SNAPSHOT], pid[8120], build[f9bf8d1/2016-09-18T10:42:33.213Z], OS[Windows 10/10.0/amd64], JVM[Oracle Corporation/Java HotSpot(TM) 64-Bit Server VM/1.8.0_102/25.102-b14]
[2016-09-18T08:14:03,017][INFO ][org.elasticsearch.plugins] [c4] no modules loaded
[2016-09-18T08:14:03,017][INFO ][org.elasticsearch.plugins] [c4] no plugins loaded
[2016-09-18T08:14:03,116][INFO ][org.elasticsearch.node   ] [c4] initialized
[2016-09-18T08:14:03,116][INFO ][org.elasticsearch.node   ] [c4] starting ...
[2016-09-18T08:14:03,117][INFO ][org.elasticsearch.transport] [c4] publish_address {local[10]}, bound_addresses {local[10]}
[2016-09-18T08:14:03,117][INFO ][org.elasticsearch.node   ] [c4] started
[2016-09-18T08:14:03,118][INFO ][org.elasticsearch.test   ] Restarting remaining nodes rollingRestart [false]
[2016-09-18T08:14:03,118][INFO ][org.elasticsearch.cluster.service] [c4] added {{c4}{Y8Z0wwzXTxOqAjTct9qeiA}{K5MHprtCQPOOqskOxvyOHw}{local}{local[10]},}, reason: local-disco-receive(from node[{c4}{Y8Z0wwzXTxOqAjTct9qeiA}{K5MHprtCQPOOqskOxvyOHw}{local}{local[10]}])
[2016-09-18T08:14:03,118][INFO ][org.elasticsearch.test   ] Stopping node [c2] 
[2016-09-18T08:14:03,119][INFO ][org.elasticsearch.node   ] [c2] stopping ...
[2016-09-18T08:14:03,120][INFO ][org.elasticsearch.cluster.service] [c4] added {{c4}{Y8Z0wwzXTxOqAjTct9qeiA}{K5MHprtCQPOOqskOxvyOHw}{local}{local[10]},}, reason: local-disco-receive(from master)
[2016-09-18T08:14:03,120][INFO ][org.elasticsearch.cluster.service] [c4] added {{c4}{Y8Z0wwzXTxOqAjTct9qeiA}{K5MHprtCQPOOqskOxvyOHw}{local}{local[10]},}, reason: local-disco-receive(from master)
[2016-09-18T08:14:03,121][INFO ][org.elasticsearch.cluster.service] [c4] added {{c4}{Y8Z0wwzXTxOqAjTct9qeiA}{K5MHprtCQPOOqskOxvyOHw}{local}{local[10]},}, reason: local-disco-receive(from master)
[2016-09-18T08:14:03,124][INFO ][org.elasticsearch.node   ] [c2] stopped
[2016-09-18T08:14:03,124][INFO ][org.elasticsearch.cluster.service] [c4] detected_master {m0}{5m9KVP6xSoW9vh7ZGTNvfg}{qtLwNlXxRtOPiHLO5L1OGQ}{local}{local[6]}, added {{d1}{vg0q-iyqTWeFpcM9VOm98Q}{qntxd-pWQr28EItArx7Qag}{local}{local[7]},{m0}{5m9KVP6xSoW9vh7ZGTNvfg}{qtLwNlXxRtOPiHLO5L1OGQ}{local}{local[6]},{m3}{mLbVQJdcTaa0Uvv8_jyKjw}{FQgvi5VOQCSU8GKkeet3Yw}{local}{local[9]},{c2}{LzFSeftbTwy_n12VLD0SbA}{qgMeieOMRAWMVpAi9zsX7w}{local}{local[8]},}, reason: local-disco-receive(from master)
[2016-09-18T08:14:03,124][INFO ][org.elasticsearch.node   ] [c2] closing ...
[2016-09-18T08:14:03,131][INFO ][org.elasticsearch.node   ] [c2] closed
[2016-09-18T08:14:03,132][INFO ][org.elasticsearch.test   ] Stopping node [c4] 
[2016-09-18T08:14:03,132][INFO ][org.elasticsearch.node   ] [c4] stopping ...
[2016-09-18T08:14:03,132][WARN ][org.elasticsearch.cluster] failed to connect to node {c2}{LzFSeftbTwy_n12VLD0SbA}{qgMeieOMRAWMVpAi9zsX7w}{local}{local[8]} (tried [1] times)
org.elasticsearch.transport.ConnectTransportException: [c2][local[8]] Failed to connect
	at org.elasticsearch.transport.local.LocalTransport.connectToNode(LocalTransport.java:184) ~[elasticsearch-5.0.0-alpha6-SNAPSHOT.jar:5.0.0-alpha6-SNAPSHOT]
	at org.elasticsearch.transport.TransportService.connectToNode(TransportService.java:281) ~[elasticsearch-5.0.0-alpha6-SNAPSHOT.jar:5.0.0-alpha6-SNAPSHOT]
	at org.elasticsearch.cluster.NodeConnectionsService.validateNodeConnected(NodeConnectionsService.java:110) [elasticsearch-5.0.0-alpha6-SNAPSHOT.jar:5.0.0-alpha6-SNAPSHOT]
	at org.elasticsearch.cluster.NodeConnectionsService.connectToAddedNodes(NodeConnectionsService.java:83) [elasticsearch-5.0.0-alpha6-SNAPSHOT.jar:5.0.0-alpha6-SNAPSHOT]
	at org.elasticsearch.cluster.service.ClusterService.runTasksForExecutor(ClusterService.java:674) [elasticsearch-5.0.0-alpha6-SNAPSHOT.jar:5.0.0-alpha6-SNAPSHOT]
	at org.elasticsearch.cluster.service.ClusterService$UpdateTask.run(ClusterService.java:894) [elasticsearch-5.0.0-alpha6-SNAPSHOT.jar:5.0.0-alpha6-SNAPSHOT]
	at org.elasticsearch.common.util.concurrent.ThreadContext$ContextPreservingRunnable.run(ThreadContext.java:444) [elasticsearch-5.0.0-alpha6-SNAPSHOT.jar:5.0.0-alpha6-SNAPSHOT]
	at org.elasticsearch.common.util.concurrent.PrioritizedEsThreadPoolExecutor$TieBreakingPrioritizedRunnable.runAndClean(PrioritizedEsThreadPoolExecutor.java:237) [elasticsearch-5.0.0-alpha6-SNAPSHOT.jar:5.0.0-alpha6-SNAPSHOT]
	at org.elasticsearch.common.util.concurrent.PrioritizedEsThreadPoolExecutor$TieBreakingPrioritizedRunnable.run(PrioritizedEsThreadPoolExecutor.java:200) [elasticsearch-5.0.0-alpha6-SNAPSHOT.jar:5.0.0-alpha6-SNAPSHOT]
	at java.util.concurrent.ThreadPoolExecutor.runWorker(ThreadPoolExecutor.java:1142) [?:1.8.0_102]
	at java.util.concurrent.ThreadPoolExecutor$Worker.run(ThreadPoolExecutor.java:617) [?:1.8.0_102]
	at java.lang.Thread.run(Thread.java:745) [?:1.8.0_102]
[2016-09-18T08:14:03,151][INFO ][org.elasticsearch.node   ] [c4] stopped
[2016-09-18T08:14:03,151][INFO ][org.elasticsearch.node   ] [c4] closing ...
[2016-09-18T08:14:03,152][INFO ][org.elasticsearch.cluster.service] [c4] removed {{c2}{LzFSeftbTwy_n12VLD0SbA}{qgMeieOMRAWMVpAi9zsX7w}{local}{local[8]},}, reason: local-disco-update
[2016-09-18T08:14:03,154][INFO ][org.elasticsearch.cluster.service] [c4] removed {{c2}{LzFSeftbTwy_n12VLD0SbA}{qgMeieOMRAWMVpAi9zsX7w}{local}{local[8]},}, reason: local-disco-receive(from master)
[2016-09-18T08:14:03,154][INFO ][org.elasticsearch.cluster.service] [c4] removed {{c2}{LzFSeftbTwy_n12VLD0SbA}{qgMeieOMRAWMVpAi9zsX7w}{local}{local[8]},}, reason: local-disco-receive(from master)
[2016-09-18T08:14:03,157][INFO ][org.elasticsearch.cluster.service] [c4] removed {{c4}{Y8Z0wwzXTxOqAjTct9qeiA}{K5MHprtCQPOOqskOxvyOHw}{local}{local[10]},}, reason: local-disco-update
[2016-09-18T08:14:03,159][INFO ][org.elasticsearch.node   ] [c4] closed
[2016-09-18T08:14:03,159][INFO ][org.elasticsearch.cluster.service] [c4] removed {{c4}{Y8Z0wwzXTxOqAjTct9qeiA}{K5MHprtCQPOOqskOxvyOHw}{local}{local[10]},}, reason: local-disco-receive(from master)
[2016-09-18T08:14:03,159][INFO ][org.elasticsearch.test   ] Stopping node [d1] 
[2016-09-18T08:14:03,159][INFO ][org.elasticsearch.node   ] [d1] stopping ...
[2016-09-18T08:14:03,160][INFO ][org.elasticsearch.cluster.service] [c4] removed {{c4}{Y8Z0wwzXTxOqAjTct9qeiA}{K5MHprtCQPOOqskOxvyOHw}{local}{local[10]},}, reason: local-disco-receive(from master)
[2016-09-18T08:14:03,161][INFO ][org.elasticsearch.node   ] [d1] stopped
[2016-09-18T08:14:03,162][INFO ][org.elasticsearch.node   ] [d1] closing ...
[2016-09-18T08:14:03,162][INFO ][org.elasticsearch.cluster.service] [c4] removed {{d1}{vg0q-iyqTWeFpcM9VOm98Q}{qntxd-pWQr28EItArx7Qag}{local}{local[7]},}, reason: local-disco-update
[2016-09-18T08:14:03,163][INFO ][org.elasticsearch.cluster.service] [c4] removed {{d1}{vg0q-iyqTWeFpcM9VOm98Q}{qntxd-pWQr28EItArx7Qag}{local}{local[7]},}, reason: local-disco-receive(from master)
[2016-09-18T08:14:03,164][INFO ][org.elasticsearch.node   ] [d1] closed
[2016-09-18T08:14:03,164][INFO ][org.elasticsearch.test   ] Stopping node [m0] 
[2016-09-18T08:14:03,164][INFO ][org.elasticsearch.node   ] [m0] stopping ...
[2016-09-18T08:14:03,166][INFO ][org.elasticsearch.cluster.service] [c4] master {new {m3}{mLbVQJdcTaa0Uvv8_jyKjw}{FQgvi5VOQCSU8GKkeet3Yw}{local}{local[9]}, previous {m0}{5m9KVP6xSoW9vh7ZGTNvfg}{qtLwNlXxRtOPiHLO5L1OGQ}{local}{local[6]}}, removed {{m0}{5m9KVP6xSoW9vh7ZGTNvfg}{qtLwNlXxRtOPiHLO5L1OGQ}{local}{local[6]},}, reason: local-disco-update
[2016-09-18T08:14:03,167][INFO ][org.elasticsearch.node   ] [m0] stopped
[2016-09-18T08:14:03,167][INFO ][org.elasticsearch.node   ] [m0] closing ...
[2016-09-18T08:14:03,169][INFO ][org.elasticsearch.node   ] [m0] closed
[2016-09-18T08:14:03,170][INFO ][org.elasticsearch.test   ] Stopping node [m3] 
[2016-09-18T08:14:03,170][INFO ][org.elasticsearch.node   ] [m3] stopping ...
[2016-09-18T08:14:03,171][INFO ][org.elasticsearch.node   ] [m3] stopped
[2016-09-18T08:14:03,171][INFO ][org.elasticsearch.node   ] [m3] closing ...
[2016-09-18T08:14:03,174][INFO ][org.elasticsearch.node   ] [m3] closed
[2016-09-18T08:14:03,176][INFO ][org.elasticsearch.test   ] Starting node [m0] 
[2016-09-18T08:14:03,180][INFO ][org.elasticsearch.node   ] [m0] initializing ...
[2016-09-18T08:14:03,201][INFO ][org.elasticsearch.env    ] [m0] using [1] data paths, mounts [[(C:)]], net usable_space [704.6gb], net total_space [780.6gb], spins? [unknown], types [NTFS]
[2016-09-18T08:14:03,201][INFO ][org.elasticsearch.env    ] [m0] heap size [491mb], compressed ordinary object pointers [true]
[2016-09-18T08:14:03,203][INFO ][org.elasticsearch.node   ] [m0] version[5.0.0-alpha6-SNAPSHOT], pid[8120], build[f9bf8d1/2016-09-18T10:42:33.213Z], OS[Windows 10/10.0/amd64], JVM[Oracle Corporation/Java HotSpot(TM) 64-Bit Server VM/1.8.0_102/25.102-b14]
[2016-09-18T08:14:03,205][INFO ][org.elasticsearch.plugins] [m0] no modules loaded
[2016-09-18T08:14:03,206][INFO ][org.elasticsearch.plugins] [m0] no plugins loaded
[2016-09-18T08:14:03,310][INFO ][org.elasticsearch.node   ] [m0] initialized
[2016-09-18T08:14:03,311][INFO ][org.elasticsearch.node   ] [m0] starting ...
[2016-09-18T08:14:03,312][INFO ][org.elasticsearch.transport] [m0] publish_address {local[11]}, bound_addresses {local[11]}
[2016-09-18T08:14:03,313][INFO ][org.elasticsearch.node   ] [m0] started
[2016-09-18T08:14:03,313][INFO ][org.elasticsearch.test   ] Starting node [d1] 
[2016-09-18T08:14:03,314][INFO ][org.elasticsearch.cluster.service] [m0] new_master {m0}{5m9KVP6xSoW9vh7ZGTNvfg}{FUSZNK3SSw21uv4RcAEzVA}{local}{local[11]}, reason: local-disco-initial_connect(master)
[2016-09-18T08:14:03,319][INFO ][org.elasticsearch.node   ] [d1] initializing ...
[2016-09-18T08:14:03,331][INFO ][org.elasticsearch.gateway] [m0] recovered [0] indices into cluster_state
[2016-09-18T08:14:03,340][INFO ][org.elasticsearch.env    ] [d1] using [1] data paths, mounts [[(C:)]], net usable_space [704.6gb], net total_space [780.6gb], spins? [unknown], types [NTFS]
[2016-09-18T08:14:03,340][INFO ][org.elasticsearch.env    ] [d1] heap size [491mb], compressed ordinary object pointers [true]
[2016-09-18T08:14:03,342][INFO ][org.elasticsearch.node   ] [d1] version[5.0.0-alpha6-SNAPSHOT], pid[8120], build[f9bf8d1/2016-09-18T10:42:33.213Z], OS[Windows 10/10.0/amd64], JVM[Oracle Corporation/Java HotSpot(TM) 64-Bit Server VM/1.8.0_102/25.102-b14]
[2016-09-18T08:14:03,343][INFO ][org.elasticsearch.plugins] [d1] no modules loaded
[2016-09-18T08:14:03,343][INFO ][org.elasticsearch.plugins] [d1] no plugins loaded
[2016-09-18T08:14:03,436][INFO ][org.elasticsearch.node   ] [d1] initialized
[2016-09-18T08:14:03,438][INFO ][org.elasticsearch.node   ] [d1] starting ...
[2016-09-18T08:14:03,438][INFO ][org.elasticsearch.transport] [d1] publish_address {local[12]}, bound_addresses {local[12]}
[2016-09-18T08:14:03,439][INFO ][org.elasticsearch.node   ] [d1] started
[2016-09-18T08:14:03,439][INFO ][org.elasticsearch.test   ] Starting node [c4] 
[2016-09-18T08:14:03,439][INFO ][org.elasticsearch.cluster.service] [d1] added {{d1}{vg0q-iyqTWeFpcM9VOm98Q}{vfZ-PJtLSDeHUkk67B3mPQ}{local}{local[12]},}, reason: local-disco-receive(from node[{d1}{vg0q-iyqTWeFpcM9VOm98Q}{vfZ-PJtLSDeHUkk67B3mPQ}{local}{local[12]}])
[2016-09-18T08:14:03,442][INFO ][org.elasticsearch.node   ] [c4] initializing ...
[2016-09-18T08:14:03,444][INFO ][org.elasticsearch.cluster.service] [d1] detected_master {m0}{5m9KVP6xSoW9vh7ZGTNvfg}{FUSZNK3SSw21uv4RcAEzVA}{local}{local[11]}, added {{m0}{5m9KVP6xSoW9vh7ZGTNvfg}{FUSZNK3SSw21uv4RcAEzVA}{local}{local[11]},}, reason: local-disco-receive(from master)
[2016-09-18T08:14:03,470][INFO ][org.elasticsearch.env    ] [c4] using [1] data paths, mounts [[(C:)]], net usable_space [704.6gb], net total_space [780.6gb], spins? [unknown], types [NTFS]
[2016-09-18T08:14:03,471][INFO ][org.elasticsearch.env    ] [c4] heap size [491mb], compressed ordinary object pointers [true]
[2016-09-18T08:14:03,473][INFO ][org.elasticsearch.node   ] [c4] version[5.0.0-alpha6-SNAPSHOT], pid[8120], build[f9bf8d1/2016-09-18T10:42:33.213Z], OS[Windows 10/10.0/amd64], JVM[Oracle Corporation/Java HotSpot(TM) 64-Bit Server VM/1.8.0_102/25.102-b14]
[2016-09-18T08:14:03,474][INFO ][org.elasticsearch.plugins] [c4] no modules loaded
[2016-09-18T08:14:03,474][INFO ][org.elasticsearch.plugins] [c4] no plugins loaded
[2016-09-18T08:14:03,589][INFO ][org.elasticsearch.node   ] [c4] initialized
[2016-09-18T08:14:03,590][INFO ][org.elasticsearch.node   ] [c4] starting ...
[2016-09-18T08:14:03,591][INFO ][org.elasticsearch.transport] [c4] publish_address {local[13]}, bound_addresses {local[13]}
[2016-09-18T08:14:03,592][INFO ][org.elasticsearch.node   ] [c4] started
[2016-09-18T08:14:03,592][INFO ][org.elasticsearch.cluster.service] [c4] added {{c4}{LzFSeftbTwy_n12VLD0SbA}{UGQf5Rn1QBO2Q6ffRxpIGA}{local}{local[13]},}, reason: local-disco-receive(from node[{c4}{LzFSeftbTwy_n12VLD0SbA}{UGQf5Rn1QBO2Q6ffRxpIGA}{local}{local[13]}])
[2016-09-18T08:14:03,592][INFO ][org.elasticsearch.test   ] Starting node [m3] 
[2016-09-18T08:14:03,593][INFO ][org.elasticsearch.cluster.service] [c4] added {{c4}{LzFSeftbTwy_n12VLD0SbA}{UGQf5Rn1QBO2Q6ffRxpIGA}{local}{local[13]},}, reason: local-disco-receive(from master)
[2016-09-18T08:14:03,599][INFO ][org.elasticsearch.node   ] [m3] initializing ...
[2016-09-18T08:14:03,602][INFO ][org.elasticsearch.cluster.service] [c4] detected_master {m0}{5m9KVP6xSoW9vh7ZGTNvfg}{FUSZNK3SSw21uv4RcAEzVA}{local}{local[11]}, added {{d1}{vg0q-iyqTWeFpcM9VOm98Q}{vfZ-PJtLSDeHUkk67B3mPQ}{local}{local[12]},{m0}{5m9KVP6xSoW9vh7ZGTNvfg}{FUSZNK3SSw21uv4RcAEzVA}{local}{local[11]},}, reason: local-disco-receive(from master)
[2016-09-18T08:14:03,633][INFO ][org.elasticsearch.env    ] [m3] using [1] data paths, mounts [[(C:)]], net usable_space [704.6gb], net total_space [780.6gb], spins? [unknown], types [NTFS]
[2016-09-18T08:14:03,634][INFO ][org.elasticsearch.env    ] [m3] heap size [491mb], compressed ordinary object pointers [true]
[2016-09-18T08:14:03,638][INFO ][org.elasticsearch.node   ] [m3] version[5.0.0-alpha6-SNAPSHOT], pid[8120], build[f9bf8d1/2016-09-18T10:42:33.213Z], OS[Windows 10/10.0/amd64], JVM[Oracle Corporation/Java HotSpot(TM) 64-Bit Server VM/1.8.0_102/25.102-b14]
[2016-09-18T08:14:03,640][INFO ][org.elasticsearch.plugins] [m3] no modules loaded
[2016-09-18T08:14:03,640][INFO ][org.elasticsearch.plugins] [m3] no plugins loaded
[2016-09-18T08:14:03,773][INFO ][org.elasticsearch.node   ] [m3] initialized
[2016-09-18T08:14:03,773][INFO ][org.elasticsearch.node   ] [m3] starting ...
[2016-09-18T08:14:03,774][INFO ][org.elasticsearch.transport] [m3] publish_address {local[14]}, bound_addresses {local[14]}
[2016-09-18T08:14:03,775][INFO ][org.elasticsearch.cluster.service] [m3] added {{m3}{mLbVQJdcTaa0Uvv8_jyKjw}{QyOa9S8BSaeU34XWvilOoQ}{local}{local[14]},}, reason: local-disco-receive(from node[{m3}{mLbVQJdcTaa0Uvv8_jyKjw}{QyOa9S8BSaeU34XWvilOoQ}{local}{local[14]}])
[2016-09-18T08:14:03,776][INFO ][org.elasticsearch.cluster.service] [m3] added {{m3}{mLbVQJdcTaa0Uvv8_jyKjw}{QyOa9S8BSaeU34XWvilOoQ}{local}{local[14]},}, reason: local-disco-receive(from master)
[2016-09-18T08:14:03,776][INFO ][org.elasticsearch.cluster.service] [m3] added {{m3}{mLbVQJdcTaa0Uvv8_jyKjw}{QyOa9S8BSaeU34XWvilOoQ}{local}{local[14]},}, reason: local-disco-receive(from master)
[2016-09-18T08:14:03,777][INFO ][org.elasticsearch.node   ] [m3] started
[2016-09-18T08:14:03,777][INFO ][org.elasticsearch.test   ] Starting node [c2] 
[2016-09-18T08:14:03,778][INFO ][org.elasticsearch.cluster.service] [m3] detected_master {m0}{5m9KVP6xSoW9vh7ZGTNvfg}{FUSZNK3SSw21uv4RcAEzVA}{local}{local[11]}, added {{d1}{vg0q-iyqTWeFpcM9VOm98Q}{vfZ-PJtLSDeHUkk67B3mPQ}{local}{local[12]},{m0}{5m9KVP6xSoW9vh7ZGTNvfg}{FUSZNK3SSw21uv4RcAEzVA}{local}{local[11]},{c4}{LzFSeftbTwy_n12VLD0SbA}{UGQf5Rn1QBO2Q6ffRxpIGA}{local}{local[13]},}, reason: local-disco-receive(from master)
[2016-09-18T08:14:03,784][INFO ][org.elasticsearch.node   ] [c2] initializing ...
[2016-09-18T08:14:03,857][INFO ][org.elasticsearch.env    ] [c2] using [1] data paths, mounts [[(C:)]], net usable_space [704.6gb], net total_space [780.6gb], spins? [unknown], types [NTFS]
[2016-09-18T08:14:03,860][INFO ][org.elasticsearch.env    ] [c2] heap size [491mb], compressed ordinary object pointers [true]
[2016-09-18T08:14:03,865][INFO ][org.elasticsearch.node   ] [c2] version[5.0.0-alpha6-SNAPSHOT], pid[8120], build[f9bf8d1/2016-09-18T10:42:33.213Z], OS[Windows 10/10.0/amd64], JVM[Oracle Corporation/Java HotSpot(TM) 64-Bit Server VM/1.8.0_102/25.102-b14]
[2016-09-18T08:14:03,866][INFO ][org.elasticsearch.plugins] [c2] no modules loaded
[2016-09-18T08:14:03,867][INFO ][org.elasticsearch.plugins] [c2] no plugins loaded
[2016-09-18T08:14:03,966][INFO ][org.elasticsearch.node   ] [c2] initialized
[2016-09-18T08:14:03,967][INFO ][org.elasticsearch.node   ] [c2] starting ...
[2016-09-18T08:14:03,967][INFO ][org.elasticsearch.transport] [c2] publish_address {local[15]}, bound_addresses {local[15]}
[2016-09-18T08:14:03,968][INFO ][org.elasticsearch.node   ] [c2] started
[2016-09-18T08:14:03,968][INFO ][org.elasticsearch.cluster.service] [c2] added {{c2}{Y8Z0wwzXTxOqAjTct9qeiA}{euRa-kQpTECCe306G9WRYg}{local}{local[15]},}, reason: local-disco-receive(from node[{c2}{Y8Z0wwzXTxOqAjTct9qeiA}{euRa-kQpTECCe306G9WRYg}{local}{local[15]}])
[2016-09-18T08:14:03,970][INFO ][org.elasticsearch.cluster.service] [c2] added {{c2}{Y8Z0wwzXTxOqAjTct9qeiA}{euRa-kQpTECCe306G9WRYg}{local}{local[15]},}, reason: local-disco-receive(from master)
[2016-09-18T08:14:03,970][INFO ][org.elasticsearch.cluster.service] [c2] added {{c2}{Y8Z0wwzXTxOqAjTct9qeiA}{euRa-kQpTECCe306G9WRYg}{local}{local[15]},}, reason: local-disco-receive(from master)
[2016-09-18T08:14:03,971][INFO ][org.elasticsearch.cluster.service] [c2] added {{c2}{Y8Z0wwzXTxOqAjTct9qeiA}{euRa-kQpTECCe306G9WRYg}{local}{local[15]},}, reason: local-disco-receive(from master)
[2016-09-18T08:14:03,973][INFO ][org.elasticsearch.cluster.service] [c2] detected_master {m0}{5m9KVP6xSoW9vh7ZGTNvfg}{FUSZNK3SSw21uv4RcAEzVA}{local}{local[11]}, added {{d1}{vg0q-iyqTWeFpcM9VOm98Q}{vfZ-PJtLSDeHUkk67B3mPQ}{local}{local[12]},{m0}{5m9KVP6xSoW9vh7ZGTNvfg}{FUSZNK3SSw21uv4RcAEzVA}{local}{local[11]},{m3}{mLbVQJdcTaa0Uvv8_jyKjw}{QyOa9S8BSaeU34XWvilOoQ}{local}{local[14]},{c4}{LzFSeftbTwy_n12VLD0SbA}{UGQf5Rn1QBO2Q6ffRxpIGA}{local}{local[13]},}, reason: local-disco-receive(from master)
[2016-09-18T08:14:03,976][INFO ][org.elasticsearch.node   ] [c2] stopping ...
[2016-09-18T08:14:03,977][INFO ][org.elasticsearch.cluster.service] [c2] removed {{c2}{Y8Z0wwzXTxOqAjTct9qeiA}{euRa-kQpTECCe306G9WRYg}{local}{local[15]},}, reason: local-disco-update
[2016-09-18T08:14:03,979][INFO ][org.elasticsearch.cluster.service] [c2] removed {{c2}{Y8Z0wwzXTxOqAjTct9qeiA}{euRa-kQpTECCe306G9WRYg}{local}{local[15]},}, reason: local-disco-receive(from master)
[2016-09-18T08:14:03,979][INFO ][org.elasticsearch.node   ] [c2] stopped
[2016-09-18T08:14:03,980][INFO ][org.elasticsearch.node   ] [c2] closing ...
[2016-09-18T08:14:03,979][INFO ][org.elasticsearch.cluster.service] [c2] removed {{c2}{Y8Z0wwzXTxOqAjTct9qeiA}{euRa-kQpTECCe306G9WRYg}{local}{local[15]},}, reason: local-disco-receive(from master)
[2016-09-18T08:14:03,979][INFO ][org.elasticsearch.cluster.service] [c2] removed {{c2}{Y8Z0wwzXTxOqAjTct9qeiA}{euRa-kQpTECCe306G9WRYg}{local}{local[15]},}, reason: local-disco-receive(from master)
[2016-09-18T08:14:03,984][INFO ][org.elasticsearch.node   ] [c2] closed
[2016-09-18T08:14:03,984][INFO ][org.elasticsearch.node   ] [c4] stopping ...
[2016-09-18T08:14:03,986][INFO ][org.elasticsearch.node   ] [c4] stopped
[2016-09-18T08:14:03,986][INFO ][org.elasticsearch.cluster.service] [c2] removed {{c4}{LzFSeftbTwy_n12VLD0SbA}{UGQf5Rn1QBO2Q6ffRxpIGA}{local}{local[13]},}, reason: local-disco-update
[2016-09-18T08:14:03,987][INFO ][org.elasticsearch.node   ] [c4] closing ...
[2016-09-18T08:14:03,987][INFO ][org.elasticsearch.cluster.service] [c2] removed {{c4}{LzFSeftbTwy_n12VLD0SbA}{UGQf5Rn1QBO2Q6ffRxpIGA}{local}{local[13]},}, reason: local-disco-receive(from master)
[2016-09-18T08:14:03,988][INFO ][org.elasticsearch.cluster.service] [c2] removed {{c4}{LzFSeftbTwy_n12VLD0SbA}{UGQf5Rn1QBO2Q6ffRxpIGA}{local}{local[13]},}, reason: local-disco-receive(from master)
[2016-09-18T08:14:03,989][INFO ][org.elasticsearch.node   ] [c4] closed
[2016-09-18T08:14:03,990][INFO ][org.elasticsearch.node   ] [d1] stopping ...
[2016-09-18T08:14:03,991][INFO ][org.elasticsearch.node   ] [d1] stopped
[2016-09-18T08:14:03,991][INFO ][org.elasticsearch.cluster.service] [c2] removed {{d1}{vg0q-iyqTWeFpcM9VOm98Q}{vfZ-PJtLSDeHUkk67B3mPQ}{local}{local[12]},}, reason: local-disco-update
[2016-09-18T08:14:03,991][INFO ][org.elasticsearch.node   ] [d1] closing ...
[2016-09-18T08:14:03,992][INFO ][org.elasticsearch.cluster.service] [c2] removed {{d1}{vg0q-iyqTWeFpcM9VOm98Q}{vfZ-PJtLSDeHUkk67B3mPQ}{local}{local[12]},}, reason: local-disco-receive(from master)
[2016-09-18T08:14:03,993][INFO ][org.elasticsearch.node   ] [d1] closed
[2016-09-18T08:14:03,994][INFO ][org.elasticsearch.node   ] [m0] stopping ...
[2016-09-18T08:14:03,995][INFO ][org.elasticsearch.node   ] [m0] stopped
[2016-09-18T08:14:03,995][INFO ][org.elasticsearch.node   ] [m0] closing ...
[2016-09-18T08:14:03,997][INFO ][org.elasticsearch.cluster.service] [c2] master {new {m3}{mLbVQJdcTaa0Uvv8_jyKjw}{QyOa9S8BSaeU34XWvilOoQ}{local}{local[14]}, previous {m0}{5m9KVP6xSoW9vh7ZGTNvfg}{FUSZNK3SSw21uv4RcAEzVA}{local}{local[11]}}, removed {{m0}{5m9KVP6xSoW9vh7ZGTNvfg}{FUSZNK3SSw21uv4RcAEzVA}{local}{local[11]},}, reason: local-disco-update
[2016-09-18T08:14:04,003][INFO ][org.elasticsearch.node   ] [m0] closed
[2016-09-18T08:14:04,003][INFO ][org.elasticsearch.node   ] [m3] stopping ...
[2016-09-18T08:14:04,005][INFO ][org.elasticsearch.node   ] [m3] stopped
[2016-09-18T08:14:04,005][INFO ][org.elasticsearch.node   ] [m3] closing ...
[2016-09-18T08:14:04,007][INFO ][org.elasticsearch.node   ] [m3] closed
[2016-09-18T08:14:04,015][INFO ][org.elasticsearch.test   ] Setup InternalTestCluster [shared1] with seed [793822FC963D3649] using [0] dedicated masters, [0] (data) nodes and [0] coord only nodes
[2016-09-18T08:14:04,016][INFO ][org.elasticsearch.test   ] Setup InternalTestCluster [shared2] with seed [793822FC963D3649] using [0] dedicated masters, [0] (data) nodes and [0] coord only nodes
]]></system-out>
   <system-err><![CDATA[]]></system-err>
</testsuite>