<testsuite errors="0" failures="0" tests="4" skipped="0" name="org.elasticsearch.test.test.InternalTestClusterTests" hostname="nohost.nodomain" time="11.271" timestamp="2016-09-15T12:32:58">
   <properties class="java.util.ArrayList">
      <property name="awt.toolkit" value="sun.awt.windows.WToolkit"/>
      <property name="file.encoding" value="Cp1252"/>
      <property name="file.encoding.pkg" value="sun.io"/>
      <property name="file.separator" value="\"/>
      <property name="java.awt.graphicsenv" value="sun.awt.Win32GraphicsEnvironment"/>
      <property name="java.awt.headless" value="true"/>
      <property name="java.awt.printerjob" value="sun.awt.windows.WPrinterJob"/>
      <property name="java.class.path" value="C:\projects\team3\test\framework\build\classes\test;C:\projects\team3\test\framework\build\resources\test;C:\projects\team3\test\framework\build\classes\main;C:\projects\team3\test\framework\build\resources\main;C:\projects\team3\core\build\distributions\elasticsearch-5.0.0-alpha6-SNAPSHOT.jar;C:\Users\domin\.gradle\caches\modules-2\files-2.1\com.carrotsearch.randomizedtesting\randomizedtesting-runner\2.3.2\307965917fe8a22b7ee72deba39ef4b8e6ebc069\randomizedtesting-runner-2.3.2.jar;C:\Users\domin\.gradle\caches\modules-2\files-2.1\junit\junit\4.11\4e031bb61df09069aeb2bffb4019e7a5034a4ee0\junit-4.11.jar;C:\Users\domin\.gradle\caches\modules-2\files-2.1\org.hamcrest\hamcrest-all\1.3\63a21ebc981131004ad02e0434e799fd7f3a8d5a\hamcrest-all-1.3.jar;C:\Users\domin\.gradle\caches\modules-2\files-2.1\org.apache.lucene\lucene-test-framework\6.2.0\f5026be3983acfb40d4092dbfbc015ec6e6addab\lucene-test-framework-6.2.0.jar;C:\Users\domin\.gradle\caches\modules-2\files-2.1\org.apache.lucene\lucene-codecs\6.2.0\99f887266b0ad9f2c286b3976c5bc48c8cd36624\lucene-codecs-6.2.0.jar;C:\projects\team3\client\rest\build\distributions\rest-5.0.0-alpha6-SNAPSHOT.jar;C:\Users\domin\.gradle\caches\modules-2\files-2.1\org.apache.httpcomponents\httpclient\4.5.2\733db77aa8d9b2d68015189df76ab06304406e50\httpclient-4.5.2.jar;C:\Users\domin\.gradle\caches\modules-2\files-2.1\org.apache.httpcomponents\httpcore\4.4.5\e7501a1b34325abb00d17dde96150604a0658b54\httpcore-4.4.5.jar;C:\Users\domin\.gradle\caches\modules-2\files-2.1\commons-logging\commons-logging\1.1.3\f6f66e966c70a83ffbdb6f17a0919eaf7c8aca7f\commons-logging-1.1.3.jar;C:\Users\domin\.gradle\caches\modules-2\files-2.1\commons-codec\commons-codec\1.10\4b95f4897fa13f2cd904aee711aeafc0c5295cd8\commons-codec-1.10.jar;C:\Users\domin\.gradle\caches\modules-2\files-2.1\org.elasticsearch\securemock\1.2\98201d4ad5ac93f6b415ae9172d52b5e7cda490e\securemock-1.2.jar;C:\Users\domin\.gradle\caches\modules-2\files-2.1\org.apache.lucene\lucene-core\6.2.0\849ee62525a294416802be2cacc66c80352f6f13\lucene-core-6.2.0.jar;C:\Users\domin\.gradle\caches\modules-2\files-2.1\org.apache.lucene\lucene-analyzers-common\6.2.0\d254d52dd394b5079129f3d5f3bf4f2d44a5936e\lucene-analyzers-common-6.2.0.jar;C:\Users\domin\.gradle\caches\modules-2\files-2.1\org.apache.lucene\lucene-backward-codecs\6.2.0\b625bb21456b3c0d1e5e431bced125cb060c1abd\lucene-backward-codecs-6.2.0.jar;C:\Users\domin\.gradle\caches\modules-2\files-2.1\org.apache.lucene\lucene-grouping\6.2.0\9527fedfd5acc624b2bb3f862bd99fb8f470b053\lucene-grouping-6.2.0.jar;C:\Users\domin\.gradle\caches\modules-2\files-2.1\org.apache.lucene\lucene-highlighter\6.2.0\7ca342372a3f45e32bbd21cecaa757e38eccb8a5\lucene-highlighter-6.2.0.jar;C:\Users\domin\.gradle\caches\modules-2\files-2.1\org.apache.lucene\lucene-join\6.2.0\da0b8de98511abd4fe9c7d48a353d17854c5ed46\lucene-join-6.2.0.jar;C:\Users\domin\.gradle\caches\modules-2\files-2.1\org.apache.lucene\lucene-memory\6.2.0\bc9e075b1ee051c8e5246c237c38d8e71dab8a66\lucene-memory-6.2.0.jar;C:\Users\domin\.gradle\caches\modules-2\files-2.1\org.apache.lucene\lucene-misc\6.2.0\94ddde6312566a4da4a50a88e453b6c82c759b41\lucene-misc-6.2.0.jar;C:\Users\domin\.gradle\caches\modules-2\files-2.1\org.apache.lucene\lucene-queries\6.2.0\dce47238f78e3e97d91dc6fefa9f46f07866bc2b\lucene-queries-6.2.0.jar;C:\Users\domin\.gradle\caches\modules-2\files-2.1\org.apache.lucene\lucene-queryparser\6.2.0\17ef728ac15e668bfa1105321611548424637645\lucene-queryparser-6.2.0.jar;C:\Users\domin\.gradle\caches\modules-2\files-2.1\org.apache.lucene\lucene-sandbox\6.2.0\520183f7b9aba77a26e224760c420a3844b0631a\lucene-sandbox-6.2.0.jar;C:\Users\domin\.gradle\caches\modules-2\files-2.1\org.apache.lucene\lucene-spatial\6.2.0\8dba929b66927b936fbc76103b109ad6c824daee\lucene-spatial-6.2.0.jar;C:\Users\domin\.gradle\caches\modules-2\files-2.1\org.apache.lucene\lucene-spatial-extras\6.2.0\3b5a6ef5cd90c0218a72e9e2f7e60104be2447da\lucene-spatial-extras-6.2.0.jar;C:\Users\domin\.gradle\caches\modules-2\files-2.1\org.apache.lucene\lucene-spatial3d\6.2.0\fcdb0567725722c5145149d1502848b6a96ec18d\lucene-spatial3d-6.2.0.jar;C:\Users\domin\.gradle\caches\modules-2\files-2.1\org.apache.lucene\lucene-suggest\6.2.0\3d9d526c51f483d27f425c75d7e56bc0849242d6\lucene-suggest-6.2.0.jar;C:\Users\domin\.gradle\caches\modules-2\files-2.1\org.elasticsearch\securesm\1.1\1e423447d020041534be94c0f31a49fbdc1f2950\securesm-1.1.jar;C:\Users\domin\.gradle\caches\modules-2\files-2.1\net.sf.jopt-simple\jopt-simple\5.0.2\98cafc6081d5632b61be2c9e60650b64ddbc637c\jopt-simple-5.0.2.jar;C:\Users\domin\.gradle\caches\modules-2\files-2.1\com.carrotsearch\hppc\0.7.1\8b5057f74ea378c0150a1860874a3ebdcb713767\hppc-0.7.1.jar;C:\Users\domin\.gradle\caches\modules-2\files-2.1\joda-time\joda-time\2.9.4\1c295b462f16702ebe720bbb08f62e1ba80da41b\joda-time-2.9.4.jar;C:\Users\domin\.gradle\caches\modules-2\files-2.1\org.joda\joda-convert\1.2\35ec554f0cd00c956cc69051514d9488b1374dec\joda-convert-1.2.jar;C:\Users\domin\.gradle\caches\modules-2\files-2.1\org.yaml\snakeyaml\1.15\3b132bea69e8ee099f416044970997bde80f4ea6\snakeyaml-1.15.jar;C:\Users\domin\.gradle\caches\modules-2\files-2.1\com.fasterxml.jackson.core\jackson-core\2.8.1\fd13b1c033741d48291315c6370f7d475a42dccf\jackson-core-2.8.1.jar;C:\Users\domin\.gradle\caches\modules-2\files-2.1\com.fasterxml.jackson.dataformat\jackson-dataformat-smile\2.8.1\5b73867bc12224946fc67fc8d49d9f5e698d7f\jackson-dataformat-smile-2.8.1.jar;C:\Users\domin\.gradle\caches\modules-2\files-2.1\com.fasterxml.jackson.dataformat\jackson-dataformat-yaml\2.8.1\eb63166c723b0b4b9fb5298fca232a2f6612ec34\jackson-dataformat-yaml-2.8.1.jar;C:\Users\domin\.gradle\caches\modules-2\files-2.1\com.fasterxml.jackson.dataformat\jackson-dataformat-cbor\2.8.1\3a6fb7e75c9972559a78cf5cfc5a48a41a13ea40\jackson-dataformat-cbor-2.8.1.jar;C:\Users\domin\.gradle\caches\modules-2\files-2.1\com.tdunning\t-digest\3.0\84ccf145ac2215e6bfa63baa3101c0af41017cfc\t-digest-3.0.jar;C:\Users\domin\.gradle\caches\modules-2\files-2.1\org.hdrhistogram\HdrHistogram\2.1.6\7495feb7f71ee124bd2a7e7d83590e296d71d80e\HdrHistogram-2.1.6.jar;C:\Users\domin\.gradle\caches\modules-2\files-2.1\org.locationtech.spatial4j\spatial4j\0.6\21b15310bddcfd8c72611c180f20cf23279809a3\spatial4j-0.6.jar;C:\Users\domin\.gradle\caches\modules-2\files-2.1\com.vividsolutions\jts\1.13\3ccfb9b60f04d71add996a666ceb8902904fd805\jts-1.13.jar;C:\Users\domin\.gradle\caches\modules-2\files-2.1\org.apache.logging.log4j\log4j-api\2.6.2\bd1b74a5d170686362091c7cf596bbc3adf5c09b\log4j-api-2.6.2.jar;C:\Users\domin\.gradle\caches\modules-2\files-2.1\org.apache.logging.log4j\log4j-core\2.6.2\a91369f655eb1639c6aece5c5eb5108db18306\log4j-core-2.6.2.jar;C:\Users\domin\.gradle\caches\modules-2\files-2.1\org.apache.logging.log4j\log4j-1.2-api\2.6.2\3b4c5a8b734b6a29b2f03380535a48da6284b210\log4j-1.2-api-2.6.2.jar;C:\Users\domin\.gradle\caches\modules-2\files-2.1\net.java.dev.jna\jna\4.2.2\5012450aee579c3118ff09461d5ce210e0cdc2a9\jna-4.2.2.jar;C:\Users\domin\.gradle\caches\modules-2\files-2.1\org.apache.httpcomponents\httpasyncclient\4.1.2\95aa3e6fb520191a0970a73cf09f62948ee614be\httpasyncclient-4.1.2.jar;C:\Users\domin\.gradle\caches\modules-2\files-2.1\org.apache.httpcomponents\httpcore-nio\4.4.5\f4be009e7505f6ceddf21e7960c759f413f15056\httpcore-nio-4.4.5.jar;C:\Users\domin\.gradle\caches\modules-2\files-2.1\com.carrotsearch.randomizedtesting\junit4-ant\2.3.2\dc8f03f6111974092491f35b8269eb0fc57f52f7\junit4-ant-2.3.2.jar"/>
      <property name="java.class.version" value="52.0"/>
      <property name="java.endorsed.dirs" value="C:\Program Files\Java\jdk1.8.0_65\jre\lib\endorsed"/>
      <property name="java.ext.dirs" value="C:\Program Files\Java\jdk1.8.0_65\jre\lib\ext;C:\WINDOWS\Sun\Java\lib\ext"/>
      <property name="java.home" value="C:\Program Files\Java\jdk1.8.0_65\jre"/>
      <property name="java.io.tmpdir" value="./temp"/>
      <property name="java.library.path" value="C:\Program Files\Java\jdk1.8.0_65\bin;C:\WINDOWS\Sun\Java\bin;C:\WINDOWS\system32;C:\WINDOWS;C:\Ruby22-x64\bin;C:\Imagick;C:\ProgramData\Oracle\Java\javapath;C:\Program Files (x86)\Intel\iCLS Client\;C:\Program Files\Intel\iCLS Client\;C:\Windows\system32;C:\Windows;C:\Windows\System32\Wbem;C:\Windows\System32\WindowsPowerShell\v1.0\;C:\Program Files (x86)\Intel\Intel(R) Management Engine Components\DAL;C:\Program Files\Intel\Intel(R) Management Engine Components\DAL;C:\Program Files (x86)\Intel\Intel(R) Management Engine Components\IPT;C:\Program Files\Intel\Intel(R) Management Engine Components\IPT;C:\Program Files (x86)\NVIDIA Corporation\PhysX\Common;C:\Program Files (x86)\Skype\Phone\;C:\xampp\php;C:\ProgramData\ComposerSetup\bin;C:\Program Files\Git\cmd;C:\Program Files\OpenVPN\bin;C:\Program Files\nodejs\;C:\WINDOWS\system32;C:\WINDOWS;C:\WINDOWS\System32\Wbem;C:\WINDOWS\System32\WindowsPowerShell\v1.0\;C:\Program Files\cURL\bin;C:\Program Files\gradle\2.13\bin;C:\Program Files\CMake\bin;C:\Program Files\flex_bison;C:\Program Files\doxygen\bin;C:\SonarQube\SonarQubeScanner\bin;C:\Users\domin\AppData\Local\Programs\Python\Python35-32\Scripts\;C:\Users\domin\AppData\Local\Programs\Python\Python35-32\;C:\Users\domin\AppData\Roaming\npm;C:\Users\domin\AppData\Local\Microsoft\WindowsApps;;."/>
      <property name="java.runtime.name" value="Java(TM) SE Runtime Environment"/>
      <property name="java.runtime.version" value="1.8.0_65-b17"/>
      <property name="java.specification.name" value="Java Platform API Specification"/>
      <property name="java.specification.vendor" value="Oracle Corporation"/>
      <property name="java.specification.version" value="1.8"/>
      <property name="java.vendor" value="Oracle Corporation"/>
      <property name="java.vendor.url" value="http://java.oracle.com/"/>
      <property name="java.vendor.url.bug" value="http://bugreport.sun.com/bugreport/"/>
      <property name="java.version" value="1.8.0_65"/>
      <property name="java.vm.info" value="mixed mode"/>
      <property name="java.vm.name" value="Java HotSpot(TM) 64-Bit Server VM"/>
      <property name="java.vm.specification.name" value="Java Virtual Machine Specification"/>
      <property name="java.vm.specification.vendor" value="Oracle Corporation"/>
      <property name="java.vm.specification.version" value="1.8"/>
      <property name="java.vm.vendor" value="Oracle Corporation"/>
      <property name="java.vm.version" value="25.65-b01"/>
      <property name="jna.nosys" value="true"/>
      <property name="junit4.childvm.count" value="3"/>
      <property name="junit4.childvm.cwd" value="C:\projects\team3\test\framework\build\testrun\test\J1"/>
      <property name="junit4.childvm.id" value="1"/>
      <property name="junit4.memory.total" value="514850816"/>
      <property name="junit4.pidString" value="15436@LAPTOP-LKSM26S6"/>
      <property name="junit4.processors" value="4"/>
      <property name="line.separator" value="
"/>
      <property name="os.arch" value="amd64"/>
      <property name="os.name" value="Windows 10"/>
      <property name="os.version" value="10.0"/>
      <property name="path.separator" value=";"/>
      <property name="sun.arch.data.model" value="64"/>
      <property name="sun.boot.class.path" value="C:\Program Files\Java\jdk1.8.0_65\jre\lib\resources.jar;C:\Program Files\Java\jdk1.8.0_65\jre\lib\rt.jar;C:\Program Files\Java\jdk1.8.0_65\jre\lib\sunrsasign.jar;C:\Program Files\Java\jdk1.8.0_65\jre\lib\jsse.jar;C:\Program Files\Java\jdk1.8.0_65\jre\lib\jce.jar;C:\Program Files\Java\jdk1.8.0_65\jre\lib\charsets.jar;C:\Program Files\Java\jdk1.8.0_65\jre\lib\jfr.jar;C:\Program Files\Java\jdk1.8.0_65\jre\classes"/>
      <property name="sun.boot.library.path" value="C:\Program Files\Java\jdk1.8.0_65\jre\bin"/>
      <property name="sun.cpu.endian" value="little"/>
      <property name="sun.cpu.isalist" value="amd64"/>
      <property name="sun.desktop" value="windows"/>
      <property name="sun.io.unicode.encoding" value="UnicodeLittle"/>
      <property name="sun.java.command" value="com.carrotsearch.ant.tasks.junit4.slave.SlaveMainSafe -eventsfile C:\projects\team3\test\framework\build\testrun\test\temp\junit4-J1-20160915_123219_164.events @C:\projects\team3\test\framework\build\testrun\test\temp\junit4-J1-20160915_123219_164.suites -stdin"/>
      <property name="sun.java.launcher" value="SUN_STANDARD"/>
      <property name="sun.jnu.encoding" value="Cp1252"/>
      <property name="sun.management.compiler" value="HotSpot 64-Bit Tiered Compilers"/>
      <property name="sun.os.patch.level" value=""/>
      <property name="tests.artifact" value="framework"/>
      <property name="tests.gradle" value="true"/>
      <property name="tests.ifNoTests" value="fail"/>
      <property name="tests.logger.level" value="WARN"/>
      <property name="tests.prefix" value="tests"/>
      <property name="tests.security.manager" value="true"/>
      <property name="tests.seed" value="B765C8AE588EFA69"/>
      <property name="tests.task" value=":test:framework:test"/>
      <property name="user.country" value="AT"/>
      <property name="user.dir" value="C:\projects\team3\test\framework\build\testrun\test\J1"/>
      <property name="user.home" value="C:\Users\domin"/>
      <property name="user.language" value="de"/>
      <property name="user.name" value="domin"/>
      <property name="user.script" value=""/>
      <property name="user.timezone" value=""/>
      <property name="user.variant" value=""/>
   </properties>
   <testcase classname="org.elasticsearch.test.test.InternalTestClusterTests" name="testInitializiationIsConsistent" time="0.083"/>
   <testcase classname="org.elasticsearch.test.test.InternalTestClusterTests" name="testDataFolderAssignmentAndCleaning" time="8.091"/>
   <testcase classname="org.elasticsearch.test.test.InternalTestClusterTests" name="testDifferentRolesMaintainPathOnRestart" time="1.727"/>
   <testcase classname="org.elasticsearch.test.test.InternalTestClusterTests" name="testBeforeTest" time="1.271"/>
   <system-out><![CDATA[[2016-09-15T13:32:58,969][INFO ][org.elasticsearch.test   ] Setup InternalTestCluster [ÒýÊÌÝ] with seed [3DF49AEFE856E096] using [0] dedicated masters, [9] (data) nodes and [2] coord only nodes
[2016-09-15T13:32:58,985][INFO ][org.elasticsearch.test   ] Setup InternalTestCluster [ÒýÊÌÝ] with seed [3DF49AEFE856E096] using [0] dedicated masters, [9] (data) nodes and [2] coord only nodes
[2016-09-15T13:32:59,007][INFO ][org.elasticsearch.test   ] Setup InternalTestCluster [shared1] with seed [1559DD108186C0BC] using [0] dedicated masters, [2] (data) nodes and [2] coord only nodes
[2016-09-15T13:32:59,024][INFO ][org.elasticsearch.node   ] [test0] initializing ...
[2016-09-15T13:32:59,146][INFO ][org.elasticsearch.env    ] [test0] using [1] data paths, mounts [[Acer (C:)]], net usable_space [790.1gb], net total_space [930.9gb], spins? [unknown], types [NTFS]
[2016-09-15T13:32:59,146][INFO ][org.elasticsearch.env    ] [test0] heap size [491mb], compressed ordinary object pointers [true]
[2016-09-15T13:32:59,153][INFO ][org.elasticsearch.node   ] [test0] version[5.0.0-alpha6-SNAPSHOT], pid[15436], build[f9bf8d1/2016-09-15T10:31:54.064Z], OS[Windows 10/10.0/amd64], JVM[Oracle Corporation/Java HotSpot(TM) 64-Bit Server VM/1.8.0_65/25.65-b01]
[2016-09-15T13:32:59,162][INFO ][org.elasticsearch.plugins] [test0] no modules loaded
[2016-09-15T13:32:59,162][INFO ][org.elasticsearch.plugins] [test0] no plugins loaded
[2016-09-15T13:33:05,370][INFO ][org.elasticsearch.node   ] [test0] initialized
[2016-09-15T13:33:05,397][INFO ][org.elasticsearch.node   ] [test0] starting ...
[2016-09-15T13:33:05,406][INFO ][org.elasticsearch.transport] [test0] publish_address {local[1]}, bound_addresses {local[1]}
[2016-09-15T13:33:05,493][INFO ][org.elasticsearch.cluster.service] [test0] new_master {test0}{E6M-Hs0jQcSjJSZsRsF5Jg}{eK_tWddATcWvKI45JQ_OPQ}{local}{local[1]}, reason: local-disco-initial_connect(master)
[2016-09-15T13:33:05,527][INFO ][org.elasticsearch.node   ] [test0] started
[2016-09-15T13:33:05,534][INFO ][org.elasticsearch.node   ] [test1] initializing ...
[2016-09-15T13:33:05,553][INFO ][org.elasticsearch.env    ] [test1] using [1] data paths, mounts [[Acer (C:)]], net usable_space [790.1gb], net total_space [930.9gb], spins? [unknown], types [NTFS]
[2016-09-15T13:33:05,554][INFO ][org.elasticsearch.env    ] [test1] heap size [491mb], compressed ordinary object pointers [true]
[2016-09-15T13:33:05,557][INFO ][org.elasticsearch.node   ] [test1] version[5.0.0-alpha6-SNAPSHOT], pid[15436], build[f9bf8d1/2016-09-15T10:31:54.064Z], OS[Windows 10/10.0/amd64], JVM[Oracle Corporation/Java HotSpot(TM) 64-Bit Server VM/1.8.0_65/25.65-b01]
[2016-09-15T13:33:05,560][INFO ][org.elasticsearch.plugins] [test1] no modules loaded
[2016-09-15T13:33:05,560][INFO ][org.elasticsearch.plugins] [test1] no plugins loaded
[2016-09-15T13:33:05,733][INFO ][org.elasticsearch.gateway] [test1] recovered [0] indices into cluster_state
[2016-09-15T13:33:05,744][INFO ][org.elasticsearch.node   ] [test1] initialized
[2016-09-15T13:33:05,745][INFO ][org.elasticsearch.node   ] [test1] starting ...
[2016-09-15T13:33:05,745][INFO ][org.elasticsearch.transport] [test1] publish_address {local[2]}, bound_addresses {local[2]}
[2016-09-15T13:33:05,750][INFO ][org.elasticsearch.cluster.service] [test1] added {{test1}{1bWJvTcuRU2fxaHrwMPttQ}{MoKYAWsuQFCkF2UxDMBOdg}{local}{local[2]},}, reason: local-disco-receive(from node[{test1}{1bWJvTcuRU2fxaHrwMPttQ}{MoKYAWsuQFCkF2UxDMBOdg}{local}{local[2]}])
[2016-09-15T13:33:05,752][INFO ][org.elasticsearch.cluster.service] [test1] detected_master {test0}{E6M-Hs0jQcSjJSZsRsF5Jg}{eK_tWddATcWvKI45JQ_OPQ}{local}{local[1]}, added {{test0}{E6M-Hs0jQcSjJSZsRsF5Jg}{eK_tWddATcWvKI45JQ_OPQ}{local}{local[1]},}, reason: local-disco-receive(from master)
[2016-09-15T13:33:05,761][INFO ][org.elasticsearch.node   ] [test1] started
[2016-09-15T13:33:05,766][INFO ][org.elasticsearch.node   ] [testc2] initializing ...
[2016-09-15T13:33:05,809][INFO ][org.elasticsearch.env    ] [testc2] using [1] data paths, mounts [[Acer (C:)]], net usable_space [790.1gb], net total_space [930.9gb], spins? [unknown], types [NTFS]
[2016-09-15T13:33:05,810][INFO ][org.elasticsearch.env    ] [testc2] heap size [491mb], compressed ordinary object pointers [true]
[2016-09-15T13:33:05,814][INFO ][org.elasticsearch.node   ] [testc2] version[5.0.0-alpha6-SNAPSHOT], pid[15436], build[f9bf8d1/2016-09-15T10:31:54.064Z], OS[Windows 10/10.0/amd64], JVM[Oracle Corporation/Java HotSpot(TM) 64-Bit Server VM/1.8.0_65/25.65-b01]
[2016-09-15T13:33:05,816][INFO ][org.elasticsearch.plugins] [testc2] no modules loaded
[2016-09-15T13:33:05,816][INFO ][org.elasticsearch.plugins] [testc2] no plugins loaded
[2016-09-15T13:33:05,942][INFO ][org.elasticsearch.node   ] [testc2] initialized
[2016-09-15T13:33:05,943][INFO ][org.elasticsearch.node   ] [testc2] starting ...
[2016-09-15T13:33:05,944][INFO ][org.elasticsearch.transport] [testc2] publish_address {local[3]}, bound_addresses {local[3]}
[2016-09-15T13:33:05,945][INFO ][org.elasticsearch.cluster.service] [testc2] added {{testc2}{5HWbLSPFQ0KNCEmXDzf0Cg}{P0_vy4PnQ-204CimqyFNdA}{local}{local[3]},}, reason: local-disco-receive(from node[{testc2}{5HWbLSPFQ0KNCEmXDzf0Cg}{P0_vy4PnQ-204CimqyFNdA}{local}{local[3]}])
[2016-09-15T13:33:06,022][INFO ][org.elasticsearch.cluster.service] [testc2] added {{testc2}{5HWbLSPFQ0KNCEmXDzf0Cg}{P0_vy4PnQ-204CimqyFNdA}{local}{local[3]},}, reason: local-disco-receive(from master)
[2016-09-15T13:33:06,026][INFO ][org.elasticsearch.cluster.service] [testc2] detected_master {test0}{E6M-Hs0jQcSjJSZsRsF5Jg}{eK_tWddATcWvKI45JQ_OPQ}{local}{local[1]}, added {{test1}{1bWJvTcuRU2fxaHrwMPttQ}{MoKYAWsuQFCkF2UxDMBOdg}{local}{local[2]},{test0}{E6M-Hs0jQcSjJSZsRsF5Jg}{eK_tWddATcWvKI45JQ_OPQ}{local}{local[1]},}, reason: local-disco-receive(from master)
[2016-09-15T13:33:06,029][INFO ][org.elasticsearch.node   ] [testc2] started
[2016-09-15T13:33:06,036][INFO ][org.elasticsearch.node   ] [testc3] initializing ...
[2016-09-15T13:33:06,071][INFO ][org.elasticsearch.env    ] [testc3] using [1] data paths, mounts [[Acer (C:)]], net usable_space [790.1gb], net total_space [930.9gb], spins? [unknown], types [NTFS]
[2016-09-15T13:33:06,071][INFO ][org.elasticsearch.env    ] [testc3] heap size [491mb], compressed ordinary object pointers [true]
[2016-09-15T13:33:06,075][INFO ][org.elasticsearch.node   ] [testc3] version[5.0.0-alpha6-SNAPSHOT], pid[15436], build[f9bf8d1/2016-09-15T10:31:54.064Z], OS[Windows 10/10.0/amd64], JVM[Oracle Corporation/Java HotSpot(TM) 64-Bit Server VM/1.8.0_65/25.65-b01]
[2016-09-15T13:33:06,079][INFO ][org.elasticsearch.plugins] [testc3] no modules loaded
[2016-09-15T13:33:06,079][INFO ][org.elasticsearch.plugins] [testc3] no plugins loaded
[2016-09-15T13:33:06,235][INFO ][org.elasticsearch.node   ] [testc3] initialized
[2016-09-15T13:33:06,236][INFO ][org.elasticsearch.node   ] [testc3] starting ...
[2016-09-15T13:33:06,237][INFO ][org.elasticsearch.transport] [testc3] publish_address {local[4]}, bound_addresses {local[4]}
[2016-09-15T13:33:06,238][INFO ][org.elasticsearch.cluster.service] [testc3] added {{testc3}{GEVjqfRWRpKtmr4m1-bc-Q}{JbIOSaIQR8GnDfX1pjh5hQ}{local}{local[4]},}, reason: local-disco-receive(from node[{testc3}{GEVjqfRWRpKtmr4m1-bc-Q}{JbIOSaIQR8GnDfX1pjh5hQ}{local}{local[4]}])
[2016-09-15T13:33:06,240][INFO ][org.elasticsearch.cluster.service] [testc3] added {{testc3}{GEVjqfRWRpKtmr4m1-bc-Q}{JbIOSaIQR8GnDfX1pjh5hQ}{local}{local[4]},}, reason: local-disco-receive(from master)
[2016-09-15T13:33:06,241][INFO ][org.elasticsearch.cluster.service] [testc3] added {{testc3}{GEVjqfRWRpKtmr4m1-bc-Q}{JbIOSaIQR8GnDfX1pjh5hQ}{local}{local[4]},}, reason: local-disco-receive(from master)
[2016-09-15T13:33:06,243][INFO ][org.elasticsearch.cluster.service] [testc3] detected_master {test0}{E6M-Hs0jQcSjJSZsRsF5Jg}{eK_tWddATcWvKI45JQ_OPQ}{local}{local[1]}, added {{testc2}{5HWbLSPFQ0KNCEmXDzf0Cg}{P0_vy4PnQ-204CimqyFNdA}{local}{local[3]},{test1}{1bWJvTcuRU2fxaHrwMPttQ}{MoKYAWsuQFCkF2UxDMBOdg}{local}{local[2]},{test0}{E6M-Hs0jQcSjJSZsRsF5Jg}{eK_tWddATcWvKI45JQ_OPQ}{local}{local[1]},}, reason: local-disco-receive(from master)
[2016-09-15T13:33:06,246][INFO ][org.elasticsearch.node   ] [testc3] started
[2016-09-15T13:33:06,309][INFO ][org.elasticsearch.test   ] Closing filtered random node [test0] 
[2016-09-15T13:33:06,309][INFO ][org.elasticsearch.node   ] [test0] stopping ...
[2016-09-15T13:33:06,313][INFO ][org.elasticsearch.cluster.service] [testc3] master {new {test1}{1bWJvTcuRU2fxaHrwMPttQ}{MoKYAWsuQFCkF2UxDMBOdg}{local}{local[2]}, previous {test0}{E6M-Hs0jQcSjJSZsRsF5Jg}{eK_tWddATcWvKI45JQ_OPQ}{local}{local[1]}}, removed {{test0}{E6M-Hs0jQcSjJSZsRsF5Jg}{eK_tWddATcWvKI45JQ_OPQ}{local}{local[1]},}, reason: local-disco-update
[2016-09-15T13:33:06,314][INFO ][org.elasticsearch.cluster.service] [testc3] master {new {test1}{1bWJvTcuRU2fxaHrwMPttQ}{MoKYAWsuQFCkF2UxDMBOdg}{local}{local[2]}, previous {test0}{E6M-Hs0jQcSjJSZsRsF5Jg}{eK_tWddATcWvKI45JQ_OPQ}{local}{local[1]}}, removed {{test0}{E6M-Hs0jQcSjJSZsRsF5Jg}{eK_tWddATcWvKI45JQ_OPQ}{local}{local[1]},}, reason: local-disco-receive(from master)
[2016-09-15T13:33:06,315][INFO ][org.elasticsearch.cluster.service] [testc3] master {new {test1}{1bWJvTcuRU2fxaHrwMPttQ}{MoKYAWsuQFCkF2UxDMBOdg}{local}{local[2]}, previous {test0}{E6M-Hs0jQcSjJSZsRsF5Jg}{eK_tWddATcWvKI45JQ_OPQ}{local}{local[1]}}, removed {{test0}{E6M-Hs0jQcSjJSZsRsF5Jg}{eK_tWddATcWvKI45JQ_OPQ}{local}{local[1]},}, reason: local-disco-receive(from master)
[2016-09-15T13:33:06,333][INFO ][org.elasticsearch.node   ] [test0] stopped
[2016-09-15T13:33:06,334][INFO ][org.elasticsearch.node   ] [test0] closing ...
[2016-09-15T13:33:06,353][INFO ][org.elasticsearch.node   ] [test0] closed
[2016-09-15T13:33:06,393][INFO ][org.elasticsearch.node   ] [test4] initializing ...
[2016-09-15T13:33:06,447][INFO ][org.elasticsearch.env    ] [test4] using [1] data paths, mounts [[Acer (C:)]], net usable_space [790.1gb], net total_space [930.9gb], spins? [unknown], types [NTFS]
[2016-09-15T13:33:06,448][INFO ][org.elasticsearch.env    ] [test4] heap size [491mb], compressed ordinary object pointers [true]
[2016-09-15T13:33:06,451][INFO ][org.elasticsearch.node   ] [test4] version[5.0.0-alpha6-SNAPSHOT], pid[15436], build[f9bf8d1/2016-09-15T10:31:54.064Z], OS[Windows 10/10.0/amd64], JVM[Oracle Corporation/Java HotSpot(TM) 64-Bit Server VM/1.8.0_65/25.65-b01]
[2016-09-15T13:33:06,452][INFO ][org.elasticsearch.plugins] [test4] no modules loaded
[2016-09-15T13:33:06,452][INFO ][org.elasticsearch.plugins] [test4] no plugins loaded
[2016-09-15T13:33:06,639][INFO ][org.elasticsearch.node   ] [test4] initialized
[2016-09-15T13:33:06,640][INFO ][org.elasticsearch.node   ] [test4] starting ...
[2016-09-15T13:33:06,641][INFO ][org.elasticsearch.transport] [test4] publish_address {local[5]}, bound_addresses {local[5]}
[2016-09-15T13:33:06,642][INFO ][org.elasticsearch.cluster.service] [test4] added {{test4}{E6M-Hs0jQcSjJSZsRsF5Jg}{xCr8XXkTQYisyUuV7nKWsQ}{local}{local[5]},}, reason: local-disco-receive(from node[{test4}{E6M-Hs0jQcSjJSZsRsF5Jg}{xCr8XXkTQYisyUuV7nKWsQ}{local}{local[5]}])
[2016-09-15T13:33:06,644][INFO ][org.elasticsearch.cluster.service] [test4] added {{test4}{E6M-Hs0jQcSjJSZsRsF5Jg}{xCr8XXkTQYisyUuV7nKWsQ}{local}{local[5]},}, reason: local-disco-receive(from master)
[2016-09-15T13:33:06,645][INFO ][org.elasticsearch.cluster.service] [test4] added {{test4}{E6M-Hs0jQcSjJSZsRsF5Jg}{xCr8XXkTQYisyUuV7nKWsQ}{local}{local[5]},}, reason: local-disco-receive(from master)
[2016-09-15T13:33:06,647][INFO ][org.elasticsearch.cluster.service] [test4] detected_master {test1}{1bWJvTcuRU2fxaHrwMPttQ}{MoKYAWsuQFCkF2UxDMBOdg}{local}{local[2]}, added {{testc2}{5HWbLSPFQ0KNCEmXDzf0Cg}{P0_vy4PnQ-204CimqyFNdA}{local}{local[3]},{test1}{1bWJvTcuRU2fxaHrwMPttQ}{MoKYAWsuQFCkF2UxDMBOdg}{local}{local[2]},{testc3}{GEVjqfRWRpKtmr4m1-bc-Q}{JbIOSaIQR8GnDfX1pjh5hQ}{local}{local[4]},}, reason: local-disco-receive(from master)
[2016-09-15T13:33:06,656][INFO ][org.elasticsearch.node   ] [test4] started
[2016-09-15T13:33:06,661][INFO ][org.elasticsearch.node   ] [test5] initializing ...
[2016-09-15T13:33:06,700][INFO ][org.elasticsearch.env    ] [test5] using [1] data paths, mounts [[Acer (C:)]], net usable_space [790.1gb], net total_space [930.9gb], spins? [unknown], types [NTFS]
[2016-09-15T13:33:06,701][INFO ][org.elasticsearch.env    ] [test5] heap size [491mb], compressed ordinary object pointers [true]
[2016-09-15T13:33:06,706][INFO ][org.elasticsearch.node   ] [test5] version[5.0.0-alpha6-SNAPSHOT], pid[15436], build[f9bf8d1/2016-09-15T10:31:54.064Z], OS[Windows 10/10.0/amd64], JVM[Oracle Corporation/Java HotSpot(TM) 64-Bit Server VM/1.8.0_65/25.65-b01]
[2016-09-15T13:33:06,707][INFO ][org.elasticsearch.plugins] [test5] no modules loaded
[2016-09-15T13:33:06,707][INFO ][org.elasticsearch.plugins] [test5] no plugins loaded
[2016-09-15T13:33:06,832][INFO ][org.elasticsearch.node   ] [test5] initialized
[2016-09-15T13:33:06,833][INFO ][org.elasticsearch.node   ] [test5] starting ...
[2016-09-15T13:33:06,834][INFO ][org.elasticsearch.transport] [test5] publish_address {local[6]}, bound_addresses {local[6]}
[2016-09-15T13:33:06,836][INFO ][org.elasticsearch.cluster.service] [test5] added {{test5}{4Lm-jKsPSj2usly01RtGgw}{C1AP6RgrShyqJJno28Ailw}{local}{local[6]},}, reason: local-disco-receive(from node[{test5}{4Lm-jKsPSj2usly01RtGgw}{C1AP6RgrShyqJJno28Ailw}{local}{local[6]}])
[2016-09-15T13:33:06,838][INFO ][org.elasticsearch.cluster.service] [test5] added {{test5}{4Lm-jKsPSj2usly01RtGgw}{C1AP6RgrShyqJJno28Ailw}{local}{local[6]},}, reason: local-disco-receive(from master)
[2016-09-15T13:33:06,839][INFO ][org.elasticsearch.cluster.service] [test5] added {{test5}{4Lm-jKsPSj2usly01RtGgw}{C1AP6RgrShyqJJno28Ailw}{local}{local[6]},}, reason: local-disco-receive(from master)
[2016-09-15T13:33:06,840][INFO ][org.elasticsearch.cluster.service] [test5] added {{test5}{4Lm-jKsPSj2usly01RtGgw}{C1AP6RgrShyqJJno28Ailw}{local}{local[6]},}, reason: local-disco-receive(from master)
[2016-09-15T13:33:06,843][INFO ][org.elasticsearch.cluster.service] [test5] detected_master {test1}{1bWJvTcuRU2fxaHrwMPttQ}{MoKYAWsuQFCkF2UxDMBOdg}{local}{local[2]}, added {{testc2}{5HWbLSPFQ0KNCEmXDzf0Cg}{P0_vy4PnQ-204CimqyFNdA}{local}{local[3]},{testc3}{GEVjqfRWRpKtmr4m1-bc-Q}{JbIOSaIQR8GnDfX1pjh5hQ}{local}{local[4]},{test1}{1bWJvTcuRU2fxaHrwMPttQ}{MoKYAWsuQFCkF2UxDMBOdg}{local}{local[2]},{test4}{E6M-Hs0jQcSjJSZsRsF5Jg}{xCr8XXkTQYisyUuV7nKWsQ}{local}{local[5]},}, reason: local-disco-receive(from master)
[2016-09-15T13:33:06,853][INFO ][org.elasticsearch.node   ] [test5] started
[2016-09-15T13:33:06,856][INFO ][org.elasticsearch.node   ] [test4] stopping ...
[2016-09-15T13:33:06,860][INFO ][org.elasticsearch.cluster.service] [test5] removed {{test4}{E6M-Hs0jQcSjJSZsRsF5Jg}{xCr8XXkTQYisyUuV7nKWsQ}{local}{local[5]},}, reason: local-disco-update
[2016-09-15T13:33:06,862][INFO ][org.elasticsearch.node   ] [test4] stopped
[2016-09-15T13:33:06,862][INFO ][org.elasticsearch.node   ] [test4] closing ...
[2016-09-15T13:33:06,864][WARN ][org.elasticsearch.transport] [test5] Transport response handler not found of id [2]
[2016-09-15T13:33:06,866][INFO ][org.elasticsearch.cluster.service] [test5] removed {{test4}{E6M-Hs0jQcSjJSZsRsF5Jg}{xCr8XXkTQYisyUuV7nKWsQ}{local}{local[5]},}, reason: local-disco-receive(from master)
[2016-09-15T13:33:06,867][INFO ][org.elasticsearch.cluster.service] [test5] removed {{test4}{E6M-Hs0jQcSjJSZsRsF5Jg}{xCr8XXkTQYisyUuV7nKWsQ}{local}{local[5]},}, reason: local-disco-receive(from master)
[2016-09-15T13:33:06,868][INFO ][org.elasticsearch.cluster.service] [test5] removed {{test4}{E6M-Hs0jQcSjJSZsRsF5Jg}{xCr8XXkTQYisyUuV7nKWsQ}{local}{local[5]},}, reason: local-disco-receive(from master)
[2016-09-15T13:33:06,871][WARN ][org.elasticsearch.action.admin.cluster.node.stats] [test5] ignoring unexpected response [null] of type [null], expected [NodeStats] or [FailedNodeException]
[2016-09-15T13:33:06,872][INFO ][org.elasticsearch.node   ] [test4] closed
[2016-09-15T13:33:06,873][INFO ][org.elasticsearch.node   ] [test5] stopping ...
[2016-09-15T13:33:06,874][INFO ][org.elasticsearch.node   ] [test5] stopped
[2016-09-15T13:33:06,875][INFO ][org.elasticsearch.node   ] [test5] closing ...
[2016-09-15T13:33:06,877][INFO ][org.elasticsearch.cluster.service] [test5] removed {{test5}{4Lm-jKsPSj2usly01RtGgw}{C1AP6RgrShyqJJno28Ailw}{local}{local[6]},}, reason: local-disco-update
[2016-09-15T13:33:06,878][INFO ][org.elasticsearch.cluster.service] [test5] removed {{test5}{4Lm-jKsPSj2usly01RtGgw}{C1AP6RgrShyqJJno28Ailw}{local}{local[6]},}, reason: local-disco-receive(from master)
[2016-09-15T13:33:06,879][INFO ][org.elasticsearch.cluster.service] [test5] removed {{test5}{4Lm-jKsPSj2usly01RtGgw}{C1AP6RgrShyqJJno28Ailw}{local}{local[6]},}, reason: local-disco-receive(from master)
[2016-09-15T13:33:06,880][INFO ][org.elasticsearch.node   ] [test5] closed
[2016-09-15T13:33:06,885][INFO ][org.elasticsearch.test   ] Successfully wiped data directory for node location: C:\projects\team3\test\framework\build\testrun\test\J1\temp\org.elasticsearch.test.test.InternalTestClusterTests_B765C8AE588EFA69-001\tempDir-002\data\nodes\4
[2016-09-15T13:33:06,887][INFO ][org.elasticsearch.test   ] Successfully wiped data directory for node location: C:\projects\team3\test\framework\build\testrun\test\J1\temp\org.elasticsearch.test.test.InternalTestClusterTests_B765C8AE588EFA69-001\tempDir-002\data\nodes\0
[2016-09-15T13:33:06,891][INFO ][org.elasticsearch.node   ] [test0] initializing ...
[2016-09-15T13:33:06,902][INFO ][org.elasticsearch.env    ] [test0] using [1] data paths, mounts [[Acer (C:)]], net usable_space [790.1gb], net total_space [930.9gb], spins? [unknown], types [NTFS]
[2016-09-15T13:33:06,902][INFO ][org.elasticsearch.env    ] [test0] heap size [491mb], compressed ordinary object pointers [true]
[2016-09-15T13:33:06,905][INFO ][org.elasticsearch.node   ] [test0] version[5.0.0-alpha6-SNAPSHOT], pid[15436], build[f9bf8d1/2016-09-15T10:31:54.064Z], OS[Windows 10/10.0/amd64], JVM[Oracle Corporation/Java HotSpot(TM) 64-Bit Server VM/1.8.0_65/25.65-b01]
[2016-09-15T13:33:06,907][INFO ][org.elasticsearch.plugins] [test0] no modules loaded
[2016-09-15T13:33:06,907][INFO ][org.elasticsearch.plugins] [test0] no plugins loaded
[2016-09-15T13:33:07,052][INFO ][org.elasticsearch.node   ] [test0] initialized
[2016-09-15T13:33:07,053][INFO ][org.elasticsearch.node   ] [test0] starting ...
[2016-09-15T13:33:07,054][INFO ][org.elasticsearch.transport] [test0] publish_address {local[7]}, bound_addresses {local[7]}
[2016-09-15T13:33:07,055][INFO ][org.elasticsearch.cluster.service] [test0] added {{test0}{E6M-Hs0jQcSjJSZsRsF5Jg}{h0i7VEooSfGYUfdl9zfnSw}{local}{local[7]},}, reason: local-disco-receive(from node[{test0}{E6M-Hs0jQcSjJSZsRsF5Jg}{h0i7VEooSfGYUfdl9zfnSw}{local}{local[7]}])
[2016-09-15T13:33:07,057][INFO ][org.elasticsearch.cluster.service] [test0] added {{test0}{E6M-Hs0jQcSjJSZsRsF5Jg}{h0i7VEooSfGYUfdl9zfnSw}{local}{local[7]},}, reason: local-disco-receive(from master)
[2016-09-15T13:33:07,058][INFO ][org.elasticsearch.cluster.service] [test0] added {{test0}{E6M-Hs0jQcSjJSZsRsF5Jg}{h0i7VEooSfGYUfdl9zfnSw}{local}{local[7]},}, reason: local-disco-receive(from master)
[2016-09-15T13:33:07,059][INFO ][org.elasticsearch.cluster.service] [test0] detected_master {test1}{1bWJvTcuRU2fxaHrwMPttQ}{MoKYAWsuQFCkF2UxDMBOdg}{local}{local[2]}, added {{testc2}{5HWbLSPFQ0KNCEmXDzf0Cg}{P0_vy4PnQ-204CimqyFNdA}{local}{local[3]},{test1}{1bWJvTcuRU2fxaHrwMPttQ}{MoKYAWsuQFCkF2UxDMBOdg}{local}{local[2]},{testc3}{GEVjqfRWRpKtmr4m1-bc-Q}{JbIOSaIQR8GnDfX1pjh5hQ}{local}{local[4]},}, reason: local-disco-receive(from master)
[2016-09-15T13:33:07,069][INFO ][org.elasticsearch.node   ] [test0] started
[2016-09-15T13:33:07,074][INFO ][org.elasticsearch.node   ] [test0] stopping ...
[2016-09-15T13:33:07,075][INFO ][org.elasticsearch.cluster.service] [test0] removed {{test0}{E6M-Hs0jQcSjJSZsRsF5Jg}{h0i7VEooSfGYUfdl9zfnSw}{local}{local[7]},}, reason: local-disco-update
[2016-09-15T13:33:07,076][INFO ][org.elasticsearch.node   ] [test0] stopped
[2016-09-15T13:33:07,076][INFO ][org.elasticsearch.node   ] [test0] closing ...
[2016-09-15T13:33:07,077][INFO ][org.elasticsearch.cluster.service] [test0] removed {{test0}{E6M-Hs0jQcSjJSZsRsF5Jg}{h0i7VEooSfGYUfdl9zfnSw}{local}{local[7]},}, reason: local-disco-receive(from master)
[2016-09-15T13:33:07,078][INFO ][org.elasticsearch.cluster.service] [test0] removed {{test0}{E6M-Hs0jQcSjJSZsRsF5Jg}{h0i7VEooSfGYUfdl9zfnSw}{local}{local[7]},}, reason: local-disco-receive(from master)
[2016-09-15T13:33:07,080][INFO ][org.elasticsearch.node   ] [test0] closed
[2016-09-15T13:33:07,081][INFO ][org.elasticsearch.node   ] [test1] stopping ...
[2016-09-15T13:33:07,082][INFO ][org.elasticsearch.node   ] [test1] stopped
[2016-09-15T13:33:07,082][INFO ][org.elasticsearch.node   ] [test1] closing ...
[2016-09-15T13:33:07,085][INFO ][org.elasticsearch.node   ] [test1] closed
[2016-09-15T13:33:07,086][INFO ][org.elasticsearch.node   ] [testc2] stopping ...
[2016-09-15T13:33:07,086][INFO ][org.elasticsearch.node   ] [testc2] stopped
[2016-09-15T13:33:07,087][INFO ][org.elasticsearch.node   ] [testc2] closing ...
[2016-09-15T13:33:07,089][INFO ][org.elasticsearch.node   ] [testc2] closed
[2016-09-15T13:33:07,090][INFO ][org.elasticsearch.node   ] [testc3] stopping ...
[2016-09-15T13:33:07,091][INFO ][org.elasticsearch.node   ] [testc3] stopped
[2016-09-15T13:33:07,091][INFO ][org.elasticsearch.node   ] [testc3] closing ...
[2016-09-15T13:33:07,095][INFO ][org.elasticsearch.node   ] [testc3] closed
[2016-09-15T13:33:07,105][INFO ][org.elasticsearch.test   ] Setup InternalTestCluster [test] with seed [735D1508F91247D0] using [0] dedicated masters, [0] (data) nodes and [0] coord only nodes
[2016-09-15T13:33:07,115][INFO ][org.elasticsearch.node   ] [c0] initializing ...
[2016-09-15T13:33:07,149][INFO ][org.elasticsearch.env    ] [c0] using [1] data paths, mounts [[Acer (C:)]], net usable_space [790.1gb], net total_space [930.9gb], spins? [unknown], types [NTFS]
[2016-09-15T13:33:07,149][INFO ][org.elasticsearch.env    ] [c0] heap size [491mb], compressed ordinary object pointers [true]
[2016-09-15T13:33:07,153][INFO ][org.elasticsearch.node   ] [c0] version[5.0.0-alpha6-SNAPSHOT], pid[15436], build[f9bf8d1/2016-09-15T10:31:54.064Z], OS[Windows 10/10.0/amd64], JVM[Oracle Corporation/Java HotSpot(TM) 64-Bit Server VM/1.8.0_65/25.65-b01]
[2016-09-15T13:33:07,173][INFO ][org.elasticsearch.plugins] [c0] no modules loaded
[2016-09-15T13:33:07,173][INFO ][org.elasticsearch.plugins] [c0] no plugins loaded
[2016-09-15T13:33:07,288][INFO ][org.elasticsearch.node   ] [c0] initialized
[2016-09-15T13:33:07,288][INFO ][org.elasticsearch.node   ] [c0] starting ...
[2016-09-15T13:33:07,289][INFO ][org.elasticsearch.transport] [c0] publish_address {local[8]}, bound_addresses {local[8]}
[2016-09-15T13:33:07,290][INFO ][org.elasticsearch.node   ] [c0] started
[2016-09-15T13:33:07,294][INFO ][org.elasticsearch.node   ] [d1] initializing ...
[2016-09-15T13:33:07,330][INFO ][org.elasticsearch.env    ] [d1] using [1] data paths, mounts [[Acer (C:)]], net usable_space [790.1gb], net total_space [930.9gb], spins? [unknown], types [NTFS]
[2016-09-15T13:33:07,330][INFO ][org.elasticsearch.env    ] [d1] heap size [491mb], compressed ordinary object pointers [true]
[2016-09-15T13:33:07,335][INFO ][org.elasticsearch.node   ] [d1] version[5.0.0-alpha6-SNAPSHOT], pid[15436], build[f9bf8d1/2016-09-15T10:31:54.064Z], OS[Windows 10/10.0/amd64], JVM[Oracle Corporation/Java HotSpot(TM) 64-Bit Server VM/1.8.0_65/25.65-b01]
[2016-09-15T13:33:07,336][INFO ][org.elasticsearch.plugins] [d1] no modules loaded
[2016-09-15T13:33:07,336][INFO ][org.elasticsearch.plugins] [d1] no plugins loaded
[2016-09-15T13:33:07,439][INFO ][org.elasticsearch.node   ] [d1] initialized
[2016-09-15T13:33:07,440][INFO ][org.elasticsearch.node   ] [d1] starting ...
[2016-09-15T13:33:07,441][INFO ][org.elasticsearch.transport] [d1] publish_address {local[9]}, bound_addresses {local[9]}
[2016-09-15T13:33:07,442][INFO ][org.elasticsearch.node   ] [d1] started
[2016-09-15T13:33:07,446][INFO ][org.elasticsearch.node   ] [m2] initializing ...
[2016-09-15T13:33:07,468][INFO ][org.elasticsearch.env    ] [m2] using [1] data paths, mounts [[Acer (C:)]], net usable_space [790.1gb], net total_space [930.9gb], spins? [unknown], types [NTFS]
[2016-09-15T13:33:07,468][INFO ][org.elasticsearch.env    ] [m2] heap size [491mb], compressed ordinary object pointers [true]
[2016-09-15T13:33:07,472][INFO ][org.elasticsearch.node   ] [m2] version[5.0.0-alpha6-SNAPSHOT], pid[15436], build[f9bf8d1/2016-09-15T10:31:54.064Z], OS[Windows 10/10.0/amd64], JVM[Oracle Corporation/Java HotSpot(TM) 64-Bit Server VM/1.8.0_65/25.65-b01]
[2016-09-15T13:33:07,474][INFO ][org.elasticsearch.plugins] [m2] no modules loaded
[2016-09-15T13:33:07,474][INFO ][org.elasticsearch.plugins] [m2] no plugins loaded
[2016-09-15T13:33:07,576][INFO ][org.elasticsearch.node   ] [m2] initialized
[2016-09-15T13:33:07,577][INFO ][org.elasticsearch.node   ] [m2] starting ...
[2016-09-15T13:33:07,577][INFO ][org.elasticsearch.transport] [m2] publish_address {local[10]}, bound_addresses {local[10]}
[2016-09-15T13:33:07,579][INFO ][org.elasticsearch.node   ] [m2] started
[2016-09-15T13:33:07,580][INFO ][org.elasticsearch.cluster.service] [m2] new_master {m2}{cgffhp6gQb-apwgSPeOguA}{Adm_SB8zT-6mdx0xFn_eMg}{local}{local[10]}, added {{c0}{5ior5gaCRn-TNIDpCkURzw}{s20aqb5DRpSg48TppPrKEA}{local}{local[8]},{d1}{oYoMQVDsQP-umv6vf2Azng}{ASwVJFjGRyanhz07svCglw}{local}{local[9]},}, reason: local-disco-initial_connect(master)
[2016-09-15T13:33:07,584][INFO ][org.elasticsearch.node   ] [d3] initializing ...
[2016-09-15T13:33:07,585][INFO ][org.elasticsearch.cluster.service] [m2] detected_master {m2}{cgffhp6gQb-apwgSPeOguA}{Adm_SB8zT-6mdx0xFn_eMg}{local}{local[10]}, added {{m2}{cgffhp6gQb-apwgSPeOguA}{Adm_SB8zT-6mdx0xFn_eMg}{local}{local[10]},{d1}{oYoMQVDsQP-umv6vf2Azng}{ASwVJFjGRyanhz07svCglw}{local}{local[9]},}, reason: local-disco-receive(from master)
[2016-09-15T13:33:07,585][INFO ][org.elasticsearch.cluster.service] [m2] detected_master {m2}{cgffhp6gQb-apwgSPeOguA}{Adm_SB8zT-6mdx0xFn_eMg}{local}{local[10]}, added {{m2}{cgffhp6gQb-apwgSPeOguA}{Adm_SB8zT-6mdx0xFn_eMg}{local}{local[10]},{c0}{5ior5gaCRn-TNIDpCkURzw}{s20aqb5DRpSg48TppPrKEA}{local}{local[8]},}, reason: local-disco-receive(from master)
[2016-09-15T13:33:07,624][INFO ][org.elasticsearch.gateway] [m2] recovered [0] indices into cluster_state
[2016-09-15T13:33:07,629][INFO ][org.elasticsearch.env    ] [d3] using [1] data paths, mounts [[Acer (C:)]], net usable_space [790.1gb], net total_space [930.9gb], spins? [unknown], types [NTFS]
[2016-09-15T13:33:07,629][INFO ][org.elasticsearch.env    ] [d3] heap size [491mb], compressed ordinary object pointers [true]
[2016-09-15T13:33:07,634][INFO ][org.elasticsearch.node   ] [d3] version[5.0.0-alpha6-SNAPSHOT], pid[15436], build[f9bf8d1/2016-09-15T10:31:54.064Z], OS[Windows 10/10.0/amd64], JVM[Oracle Corporation/Java HotSpot(TM) 64-Bit Server VM/1.8.0_65/25.65-b01]
[2016-09-15T13:33:07,636][INFO ][org.elasticsearch.plugins] [d3] no modules loaded
[2016-09-15T13:33:07,636][INFO ][org.elasticsearch.plugins] [d3] no plugins loaded
[2016-09-15T13:33:07,738][INFO ][org.elasticsearch.node   ] [d3] initialized
[2016-09-15T13:33:07,739][INFO ][org.elasticsearch.node   ] [d3] starting ...
[2016-09-15T13:33:07,740][INFO ][org.elasticsearch.transport] [d3] publish_address {local[11]}, bound_addresses {local[11]}
[2016-09-15T13:33:07,740][INFO ][org.elasticsearch.node   ] [d3] started
[2016-09-15T13:33:07,740][INFO ][org.elasticsearch.cluster.service] [d3] added {{d3}{hX0GP_QHTfCeClCdOOEXBg}{adIgxDG4QxauUJ804cWt1w}{local}{local[11]},}, reason: local-disco-receive(from node[{d3}{hX0GP_QHTfCeClCdOOEXBg}{adIgxDG4QxauUJ804cWt1w}{local}{local[11]}])
[2016-09-15T13:33:07,741][INFO ][org.elasticsearch.cluster.service] [d3] added {{d3}{hX0GP_QHTfCeClCdOOEXBg}{adIgxDG4QxauUJ804cWt1w}{local}{local[11]},}, reason: local-disco-receive(from master)
[2016-09-15T13:33:07,742][INFO ][org.elasticsearch.cluster.service] [d3] added {{d3}{hX0GP_QHTfCeClCdOOEXBg}{adIgxDG4QxauUJ804cWt1w}{local}{local[11]},}, reason: local-disco-receive(from master)
[2016-09-15T13:33:07,745][INFO ][org.elasticsearch.cluster.service] [d3] detected_master {m2}{cgffhp6gQb-apwgSPeOguA}{Adm_SB8zT-6mdx0xFn_eMg}{local}{local[10]}, added {{m2}{cgffhp6gQb-apwgSPeOguA}{Adm_SB8zT-6mdx0xFn_eMg}{local}{local[10]},{c0}{5ior5gaCRn-TNIDpCkURzw}{s20aqb5DRpSg48TppPrKEA}{local}{local[8]},{d1}{oYoMQVDsQP-umv6vf2Azng}{ASwVJFjGRyanhz07svCglw}{local}{local[9]},}, reason: local-disco-receive(from master)
[2016-09-15T13:33:07,747][INFO ][org.elasticsearch.node   ] [m4] initializing ...
[2016-09-15T13:33:07,780][INFO ][org.elasticsearch.env    ] [m4] using [1] data paths, mounts [[Acer (C:)]], net usable_space [790.1gb], net total_space [930.9gb], spins? [unknown], types [NTFS]
[2016-09-15T13:33:07,780][INFO ][org.elasticsearch.env    ] [m4] heap size [491mb], compressed ordinary object pointers [true]
[2016-09-15T13:33:07,785][INFO ][org.elasticsearch.node   ] [m4] version[5.0.0-alpha6-SNAPSHOT], pid[15436], build[f9bf8d1/2016-09-15T10:31:54.064Z], OS[Windows 10/10.0/amd64], JVM[Oracle Corporation/Java HotSpot(TM) 64-Bit Server VM/1.8.0_65/25.65-b01]
[2016-09-15T13:33:07,786][INFO ][org.elasticsearch.plugins] [m4] no modules loaded
[2016-09-15T13:33:07,786][INFO ][org.elasticsearch.plugins] [m4] no plugins loaded
[2016-09-15T13:33:07,925][INFO ][org.elasticsearch.node   ] [m4] initialized
[2016-09-15T13:33:07,926][INFO ][org.elasticsearch.node   ] [m4] starting ...
[2016-09-15T13:33:07,926][INFO ][org.elasticsearch.transport] [m4] publish_address {local[12]}, bound_addresses {local[12]}
[2016-09-15T13:33:07,928][INFO ][org.elasticsearch.cluster.service] [m4] added {{m4}{k-2dHrQVSxeYuVrY_hvs3A}{AQkBJrU3TpqJg2PDL2IByw}{local}{local[12]},}, reason: local-disco-receive(from node[{m4}{k-2dHrQVSxeYuVrY_hvs3A}{AQkBJrU3TpqJg2PDL2IByw}{local}{local[12]}])
[2016-09-15T13:33:07,928][INFO ][org.elasticsearch.node   ] [m4] started
[2016-09-15T13:33:07,930][INFO ][org.elasticsearch.test   ] Restarting remaining nodes rollingRestart [false]
[2016-09-15T13:33:07,930][INFO ][org.elasticsearch.cluster.service] [m4] added {{m4}{k-2dHrQVSxeYuVrY_hvs3A}{AQkBJrU3TpqJg2PDL2IByw}{local}{local[12]},}, reason: local-disco-receive(from master)
[2016-09-15T13:33:07,930][INFO ][org.elasticsearch.test   ] Stopping node [c0] 
[2016-09-15T13:33:07,931][INFO ][org.elasticsearch.cluster.service] [m4] added {{m4}{k-2dHrQVSxeYuVrY_hvs3A}{AQkBJrU3TpqJg2PDL2IByw}{local}{local[12]},}, reason: local-disco-receive(from master)
[2016-09-15T13:33:07,932][INFO ][org.elasticsearch.cluster.service] [m4] added {{m4}{k-2dHrQVSxeYuVrY_hvs3A}{AQkBJrU3TpqJg2PDL2IByw}{local}{local[12]},}, reason: local-disco-receive(from master)
[2016-09-15T13:33:07,933][INFO ][org.elasticsearch.node   ] [c0] stopping ...
[2016-09-15T13:33:07,935][INFO ][org.elasticsearch.cluster.service] [m4] detected_master {m2}{cgffhp6gQb-apwgSPeOguA}{Adm_SB8zT-6mdx0xFn_eMg}{local}{local[10]}, added {{m2}{cgffhp6gQb-apwgSPeOguA}{Adm_SB8zT-6mdx0xFn_eMg}{local}{local[10]},{c0}{5ior5gaCRn-TNIDpCkURzw}{s20aqb5DRpSg48TppPrKEA}{local}{local[8]},{d3}{hX0GP_QHTfCeClCdOOEXBg}{adIgxDG4QxauUJ804cWt1w}{local}{local[11]},{d1}{oYoMQVDsQP-umv6vf2Azng}{ASwVJFjGRyanhz07svCglw}{local}{local[9]},}, reason: local-disco-receive(from master)
[2016-09-15T13:33:07,940][INFO ][org.elasticsearch.node   ] [c0] stopped
[2016-09-15T13:33:07,941][INFO ][org.elasticsearch.node   ] [c0] closing ...
[2016-09-15T13:33:07,937][WARN ][org.elasticsearch.cluster] failed to connect to node {c0}{5ior5gaCRn-TNIDpCkURzw}{s20aqb5DRpSg48TppPrKEA}{local}{local[8]} (tried [1] times)
org.elasticsearch.transport.ConnectTransportException: [c0][local[8]] Failed to connect
	at org.elasticsearch.transport.local.LocalTransport.connectToNode(LocalTransport.java:184) ~[elasticsearch-5.0.0-alpha6-SNAPSHOT.jar:5.0.0-alpha6-SNAPSHOT]
	at org.elasticsearch.transport.TransportService.connectToNode(TransportService.java:281) ~[elasticsearch-5.0.0-alpha6-SNAPSHOT.jar:5.0.0-alpha6-SNAPSHOT]
	at org.elasticsearch.cluster.NodeConnectionsService.validateNodeConnected(NodeConnectionsService.java:110) [elasticsearch-5.0.0-alpha6-SNAPSHOT.jar:5.0.0-alpha6-SNAPSHOT]
	at org.elasticsearch.cluster.NodeConnectionsService.connectToAddedNodes(NodeConnectionsService.java:83) [elasticsearch-5.0.0-alpha6-SNAPSHOT.jar:5.0.0-alpha6-SNAPSHOT]
	at org.elasticsearch.cluster.service.ClusterService.runTasksForExecutor(ClusterService.java:674) [elasticsearch-5.0.0-alpha6-SNAPSHOT.jar:5.0.0-alpha6-SNAPSHOT]
	at org.elasticsearch.cluster.service.ClusterService$UpdateTask.run(ClusterService.java:894) [elasticsearch-5.0.0-alpha6-SNAPSHOT.jar:5.0.0-alpha6-SNAPSHOT]
	at org.elasticsearch.common.util.concurrent.ThreadContext$ContextPreservingRunnable.run(ThreadContext.java:444) [elasticsearch-5.0.0-alpha6-SNAPSHOT.jar:5.0.0-alpha6-SNAPSHOT]
	at org.elasticsearch.common.util.concurrent.PrioritizedEsThreadPoolExecutor$TieBreakingPrioritizedRunnable.runAndClean(PrioritizedEsThreadPoolExecutor.java:237) [elasticsearch-5.0.0-alpha6-SNAPSHOT.jar:5.0.0-alpha6-SNAPSHOT]
	at org.elasticsearch.common.util.concurrent.PrioritizedEsThreadPoolExecutor$TieBreakingPrioritizedRunnable.run(PrioritizedEsThreadPoolExecutor.java:200) [elasticsearch-5.0.0-alpha6-SNAPSHOT.jar:5.0.0-alpha6-SNAPSHOT]
	at java.util.concurrent.ThreadPoolExecutor.runWorker(ThreadPoolExecutor.java:1142) [?:1.8.0_65]
	at java.util.concurrent.ThreadPoolExecutor$Worker.run(ThreadPoolExecutor.java:617) [?:1.8.0_65]
	at java.lang.Thread.run(Thread.java:745) [?:1.8.0_65]
[2016-09-15T13:33:07,944][INFO ][org.elasticsearch.node   ] [c0] closed
[2016-09-15T13:33:07,945][INFO ][org.elasticsearch.test   ] Stopping node [d1] 
[2016-09-15T13:33:07,946][INFO ][org.elasticsearch.node   ] [d1] stopping ...
[2016-09-15T13:33:07,948][INFO ][org.elasticsearch.node   ] [d1] stopped
[2016-09-15T13:33:07,949][INFO ][org.elasticsearch.node   ] [d1] closing ...
[2016-09-15T13:33:07,952][INFO ][org.elasticsearch.node   ] [d1] closed
[2016-09-15T13:33:07,953][INFO ][org.elasticsearch.test   ] Stopping node [d3] 
[2016-09-15T13:33:07,953][INFO ][org.elasticsearch.node   ] [d3] stopping ...
[2016-09-15T13:33:07,956][INFO ][org.elasticsearch.node   ] [d3] stopped
[2016-09-15T13:33:07,957][INFO ][org.elasticsearch.node   ] [d3] closing ...
[2016-09-15T13:33:07,959][INFO ][org.elasticsearch.node   ] [d3] closed
[2016-09-15T13:33:07,959][INFO ][org.elasticsearch.test   ] Stopping node [m2] 
[2016-09-15T13:33:07,960][INFO ][org.elasticsearch.node   ] [m2] stopping ...
[2016-09-15T13:33:07,964][INFO ][org.elasticsearch.cluster.service] [m4] master {new {m4}{k-2dHrQVSxeYuVrY_hvs3A}{AQkBJrU3TpqJg2PDL2IByw}{local}{local[12]}, previous {m2}{cgffhp6gQb-apwgSPeOguA}{Adm_SB8zT-6mdx0xFn_eMg}{local}{local[10]}}, removed {{m2}{cgffhp6gQb-apwgSPeOguA}{Adm_SB8zT-6mdx0xFn_eMg}{local}{local[10]},{c0}{5ior5gaCRn-TNIDpCkURzw}{s20aqb5DRpSg48TppPrKEA}{local}{local[8]},{d3}{hX0GP_QHTfCeClCdOOEXBg}{adIgxDG4QxauUJ804cWt1w}{local}{local[11]},{d1}{oYoMQVDsQP-umv6vf2Azng}{ASwVJFjGRyanhz07svCglw}{local}{local[9]},}, reason: local-disco-update
[2016-09-15T13:33:07,964][INFO ][org.elasticsearch.node   ] [m2] stopped
[2016-09-15T13:33:07,965][INFO ][org.elasticsearch.node   ] [m2] closing ...
[2016-09-15T13:33:07,968][INFO ][org.elasticsearch.node   ] [m2] closed
[2016-09-15T13:33:07,968][INFO ][org.elasticsearch.test   ] Stopping node [m4] 
[2016-09-15T13:33:07,969][INFO ][org.elasticsearch.node   ] [m4] stopping ...
[2016-09-15T13:33:07,970][INFO ][org.elasticsearch.node   ] [m4] stopped
[2016-09-15T13:33:07,970][INFO ][org.elasticsearch.node   ] [m4] closing ...
[2016-09-15T13:33:07,973][INFO ][org.elasticsearch.node   ] [m4] closed
[2016-09-15T13:33:07,975][INFO ][org.elasticsearch.test   ] Starting node [c0] 
[2016-09-15T13:33:07,979][INFO ][org.elasticsearch.node   ] [c0] initializing ...
[2016-09-15T13:33:07,995][INFO ][org.elasticsearch.env    ] [c0] using [1] data paths, mounts [[Acer (C:)]], net usable_space [790.1gb], net total_space [930.9gb], spins? [unknown], types [NTFS]
[2016-09-15T13:33:07,995][INFO ][org.elasticsearch.env    ] [c0] heap size [491mb], compressed ordinary object pointers [true]
[2016-09-15T13:33:07,998][INFO ][org.elasticsearch.node   ] [c0] version[5.0.0-alpha6-SNAPSHOT], pid[15436], build[f9bf8d1/2016-09-15T10:31:54.064Z], OS[Windows 10/10.0/amd64], JVM[Oracle Corporation/Java HotSpot(TM) 64-Bit Server VM/1.8.0_65/25.65-b01]
[2016-09-15T13:33:07,999][INFO ][org.elasticsearch.plugins] [c0] no modules loaded
[2016-09-15T13:33:07,999][INFO ][org.elasticsearch.plugins] [c0] no plugins loaded
[2016-09-15T13:33:08,089][INFO ][org.elasticsearch.node   ] [c0] initialized
[2016-09-15T13:33:08,090][INFO ][org.elasticsearch.node   ] [c0] starting ...
[2016-09-15T13:33:08,090][INFO ][org.elasticsearch.transport] [c0] publish_address {local[13]}, bound_addresses {local[13]}
[2016-09-15T13:33:08,091][INFO ][org.elasticsearch.node   ] [c0] started
[2016-09-15T13:33:08,091][INFO ][org.elasticsearch.test   ] Starting node [d3] 
[2016-09-15T13:33:08,093][INFO ][org.elasticsearch.node   ] [d3] initializing ...
[2016-09-15T13:33:08,110][INFO ][org.elasticsearch.env    ] [d3] using [1] data paths, mounts [[Acer (C:)]], net usable_space [790.1gb], net total_space [930.9gb], spins? [unknown], types [NTFS]
[2016-09-15T13:33:08,110][INFO ][org.elasticsearch.env    ] [d3] heap size [491mb], compressed ordinary object pointers [true]
[2016-09-15T13:33:08,112][INFO ][org.elasticsearch.node   ] [d3] version[5.0.0-alpha6-SNAPSHOT], pid[15436], build[f9bf8d1/2016-09-15T10:31:54.064Z], OS[Windows 10/10.0/amd64], JVM[Oracle Corporation/Java HotSpot(TM) 64-Bit Server VM/1.8.0_65/25.65-b01]
[2016-09-15T13:33:08,113][INFO ][org.elasticsearch.plugins] [d3] no modules loaded
[2016-09-15T13:33:08,113][INFO ][org.elasticsearch.plugins] [d3] no plugins loaded
[2016-09-15T13:33:08,215][INFO ][org.elasticsearch.node   ] [d3] initialized
[2016-09-15T13:33:08,215][INFO ][org.elasticsearch.node   ] [d3] starting ...
[2016-09-15T13:33:08,217][INFO ][org.elasticsearch.transport] [d3] publish_address {local[14]}, bound_addresses {local[14]}
[2016-09-15T13:33:08,217][INFO ][org.elasticsearch.node   ] [d3] started
[2016-09-15T13:33:08,217][INFO ][org.elasticsearch.test   ] Starting node [m2] 
[2016-09-15T13:33:08,220][INFO ][org.elasticsearch.node   ] [m2] initializing ...
[2016-09-15T13:33:08,239][INFO ][org.elasticsearch.env    ] [m2] using [1] data paths, mounts [[Acer (C:)]], net usable_space [790.1gb], net total_space [930.9gb], spins? [unknown], types [NTFS]
[2016-09-15T13:33:08,239][INFO ][org.elasticsearch.env    ] [m2] heap size [491mb], compressed ordinary object pointers [true]
[2016-09-15T13:33:08,242][INFO ][org.elasticsearch.node   ] [m2] version[5.0.0-alpha6-SNAPSHOT], pid[15436], build[f9bf8d1/2016-09-15T10:31:54.064Z], OS[Windows 10/10.0/amd64], JVM[Oracle Corporation/Java HotSpot(TM) 64-Bit Server VM/1.8.0_65/25.65-b01]
[2016-09-15T13:33:08,243][INFO ][org.elasticsearch.plugins] [m2] no modules loaded
[2016-09-15T13:33:08,243][INFO ][org.elasticsearch.plugins] [m2] no plugins loaded
[2016-09-15T13:33:08,343][INFO ][org.elasticsearch.node   ] [m2] initialized
[2016-09-15T13:33:08,343][INFO ][org.elasticsearch.node   ] [m2] starting ...
[2016-09-15T13:33:08,344][INFO ][org.elasticsearch.transport] [m2] publish_address {local[15]}, bound_addresses {local[15]}
[2016-09-15T13:33:08,345][INFO ][org.elasticsearch.node   ] [m2] started
[2016-09-15T13:33:08,345][INFO ][org.elasticsearch.test   ] Starting node [d1] 
[2016-09-15T13:33:08,347][INFO ][org.elasticsearch.cluster.service] [m2] new_master {m2}{cgffhp6gQb-apwgSPeOguA}{1kr_9-kvQMSQSO3gU1R0CQ}{local}{local[15]}, added {{c0}{5ior5gaCRn-TNIDpCkURzw}{dzwh-YbEQaCYqq3TDyl2Dg}{local}{local[13]},{d3}{oYoMQVDsQP-umv6vf2Azng}{DLLhmz3SRqW0cgIlVjn0JA}{local}{local[14]},}, reason: local-disco-initial_connect(master)
[2016-09-15T13:33:08,349][INFO ][org.elasticsearch.node   ] [d1] initializing ...
[2016-09-15T13:33:08,356][INFO ][org.elasticsearch.cluster.service] [m2] detected_master {m2}{cgffhp6gQb-apwgSPeOguA}{1kr_9-kvQMSQSO3gU1R0CQ}{local}{local[15]}, added {{m2}{cgffhp6gQb-apwgSPeOguA}{1kr_9-kvQMSQSO3gU1R0CQ}{local}{local[15]},{d3}{oYoMQVDsQP-umv6vf2Azng}{DLLhmz3SRqW0cgIlVjn0JA}{local}{local[14]},}, reason: local-disco-receive(from master)
[2016-09-15T13:33:08,356][INFO ][org.elasticsearch.cluster.service] [m2] detected_master {m2}{cgffhp6gQb-apwgSPeOguA}{1kr_9-kvQMSQSO3gU1R0CQ}{local}{local[15]}, added {{m2}{cgffhp6gQb-apwgSPeOguA}{1kr_9-kvQMSQSO3gU1R0CQ}{local}{local[15]},{c0}{5ior5gaCRn-TNIDpCkURzw}{dzwh-YbEQaCYqq3TDyl2Dg}{local}{local[13]},}, reason: local-disco-receive(from master)
[2016-09-15T13:33:08,385][INFO ][org.elasticsearch.env    ] [d1] using [1] data paths, mounts [[Acer (C:)]], net usable_space [790.1gb], net total_space [930.9gb], spins? [unknown], types [NTFS]
[2016-09-15T13:33:08,386][INFO ][org.elasticsearch.env    ] [d1] heap size [491mb], compressed ordinary object pointers [true]
[2016-09-15T13:33:08,388][INFO ][org.elasticsearch.node   ] [d1] version[5.0.0-alpha6-SNAPSHOT], pid[15436], build[f9bf8d1/2016-09-15T10:31:54.064Z], OS[Windows 10/10.0/amd64], JVM[Oracle Corporation/Java HotSpot(TM) 64-Bit Server VM/1.8.0_65/25.65-b01]
[2016-09-15T13:33:08,390][INFO ][org.elasticsearch.plugins] [d1] no modules loaded
[2016-09-15T13:33:08,390][INFO ][org.elasticsearch.plugins] [d1] no plugins loaded
[2016-09-15T13:33:08,393][INFO ][org.elasticsearch.gateway] [m2] recovered [0] indices into cluster_state
[2016-09-15T13:33:08,589][INFO ][org.elasticsearch.node   ] [d1] initialized
[2016-09-15T13:33:08,590][INFO ][org.elasticsearch.node   ] [d1] starting ...
[2016-09-15T13:33:08,591][INFO ][org.elasticsearch.transport] [d1] publish_address {local[16]}, bound_addresses {local[16]}
[2016-09-15T13:33:08,592][INFO ][org.elasticsearch.node   ] [d1] started
[2016-09-15T13:33:08,592][INFO ][org.elasticsearch.cluster.service] [d1] added {{d1}{hX0GP_QHTfCeClCdOOEXBg}{DhiPqyjtSievOb0jP_LSoA}{local}{local[16]},}, reason: local-disco-receive(from node[{d1}{hX0GP_QHTfCeClCdOOEXBg}{DhiPqyjtSievOb0jP_LSoA}{local}{local[16]}])
[2016-09-15T13:33:08,594][INFO ][org.elasticsearch.cluster.service] [d1] added {{d1}{hX0GP_QHTfCeClCdOOEXBg}{DhiPqyjtSievOb0jP_LSoA}{local}{local[16]},}, reason: local-disco-receive(from master)
[2016-09-15T13:33:08,595][INFO ][org.elasticsearch.cluster.service] [d1] added {{d1}{hX0GP_QHTfCeClCdOOEXBg}{DhiPqyjtSievOb0jP_LSoA}{local}{local[16]},}, reason: local-disco-receive(from master)
[2016-09-15T13:33:08,595][INFO ][org.elasticsearch.test   ] Starting node [m4] 
[2016-09-15T13:33:08,597][INFO ][org.elasticsearch.cluster.service] [d1] detected_master {m2}{cgffhp6gQb-apwgSPeOguA}{1kr_9-kvQMSQSO3gU1R0CQ}{local}{local[15]}, added {{m2}{cgffhp6gQb-apwgSPeOguA}{1kr_9-kvQMSQSO3gU1R0CQ}{local}{local[15]},{c0}{5ior5gaCRn-TNIDpCkURzw}{dzwh-YbEQaCYqq3TDyl2Dg}{local}{local[13]},{d3}{oYoMQVDsQP-umv6vf2Azng}{DLLhmz3SRqW0cgIlVjn0JA}{local}{local[14]},}, reason: local-disco-receive(from master)
[2016-09-15T13:33:08,602][INFO ][org.elasticsearch.node   ] [m4] initializing ...
[2016-09-15T13:33:08,631][INFO ][org.elasticsearch.env    ] [m4] using [1] data paths, mounts [[Acer (C:)]], net usable_space [790.1gb], net total_space [930.9gb], spins? [unknown], types [NTFS]
[2016-09-15T13:33:08,631][INFO ][org.elasticsearch.env    ] [m4] heap size [491mb], compressed ordinary object pointers [true]
[2016-09-15T13:33:08,634][INFO ][org.elasticsearch.node   ] [m4] version[5.0.0-alpha6-SNAPSHOT], pid[15436], build[f9bf8d1/2016-09-15T10:31:54.064Z], OS[Windows 10/10.0/amd64], JVM[Oracle Corporation/Java HotSpot(TM) 64-Bit Server VM/1.8.0_65/25.65-b01]
[2016-09-15T13:33:08,635][INFO ][org.elasticsearch.plugins] [m4] no modules loaded
[2016-09-15T13:33:08,635][INFO ][org.elasticsearch.plugins] [m4] no plugins loaded
[2016-09-15T13:33:08,773][INFO ][org.elasticsearch.node   ] [m4] initialized
[2016-09-15T13:33:08,774][INFO ][org.elasticsearch.node   ] [m4] starting ...
[2016-09-15T13:33:08,775][INFO ][org.elasticsearch.transport] [m4] publish_address {local[17]}, bound_addresses {local[17]}
[2016-09-15T13:33:08,776][INFO ][org.elasticsearch.cluster.service] [m4] added {{m4}{k-2dHrQVSxeYuVrY_hvs3A}{j6y7PJBORKqQlWl7TjqIiw}{local}{local[17]},}, reason: local-disco-receive(from node[{m4}{k-2dHrQVSxeYuVrY_hvs3A}{j6y7PJBORKqQlWl7TjqIiw}{local}{local[17]}])
[2016-09-15T13:33:08,778][INFO ][org.elasticsearch.cluster.service] [m4] added {{m4}{k-2dHrQVSxeYuVrY_hvs3A}{j6y7PJBORKqQlWl7TjqIiw}{local}{local[17]},}, reason: local-disco-receive(from master)
[2016-09-15T13:33:08,779][INFO ][org.elasticsearch.cluster.service] [m4] added {{m4}{k-2dHrQVSxeYuVrY_hvs3A}{j6y7PJBORKqQlWl7TjqIiw}{local}{local[17]},}, reason: local-disco-receive(from master)
[2016-09-15T13:33:08,780][INFO ][org.elasticsearch.cluster.service] [m4] added {{m4}{k-2dHrQVSxeYuVrY_hvs3A}{j6y7PJBORKqQlWl7TjqIiw}{local}{local[17]},}, reason: local-disco-receive(from master)
[2016-09-15T13:33:08,781][INFO ][org.elasticsearch.node   ] [m4] started
[2016-09-15T13:33:08,784][INFO ][org.elasticsearch.cluster.service] [m4] detected_master {m2}{cgffhp6gQb-apwgSPeOguA}{1kr_9-kvQMSQSO3gU1R0CQ}{local}{local[15]}, added {{m2}{cgffhp6gQb-apwgSPeOguA}{1kr_9-kvQMSQSO3gU1R0CQ}{local}{local[15]},{c0}{5ior5gaCRn-TNIDpCkURzw}{dzwh-YbEQaCYqq3TDyl2Dg}{local}{local[13]},{d1}{hX0GP_QHTfCeClCdOOEXBg}{DhiPqyjtSievOb0jP_LSoA}{local}{local[16]},{d3}{oYoMQVDsQP-umv6vf2Azng}{DLLhmz3SRqW0cgIlVjn0JA}{local}{local[14]},}, reason: local-disco-receive(from master)
[2016-09-15T13:33:08,786][INFO ][org.elasticsearch.node   ] [c0] stopping ...
[2016-09-15T13:33:08,790][INFO ][org.elasticsearch.node   ] [c0] stopped
[2016-09-15T13:33:08,791][INFO ][org.elasticsearch.node   ] [c0] closing ...
[2016-09-15T13:33:08,794][INFO ][org.elasticsearch.node   ] [c0] closed
[2016-09-15T13:33:08,794][INFO ][org.elasticsearch.node   ] [d1] stopping ...
[2016-09-15T13:33:08,796][INFO ][org.elasticsearch.cluster.service] [m4] removed {{c0}{5ior5gaCRn-TNIDpCkURzw}{dzwh-YbEQaCYqq3TDyl2Dg}{local}{local[13]},}, reason: local-disco-update
[2016-09-15T13:33:08,797][INFO ][org.elasticsearch.node   ] [d1] stopped
[2016-09-15T13:33:08,797][INFO ][org.elasticsearch.node   ] [d1] closing ...
[2016-09-15T13:33:08,798][INFO ][org.elasticsearch.cluster.service] [m4] removed {{c0}{5ior5gaCRn-TNIDpCkURzw}{dzwh-YbEQaCYqq3TDyl2Dg}{local}{local[13]},}, reason: local-disco-receive(from master)
[2016-09-15T13:33:08,798][INFO ][org.elasticsearch.cluster.service] [m4] removed {{c0}{5ior5gaCRn-TNIDpCkURzw}{dzwh-YbEQaCYqq3TDyl2Dg}{local}{local[13]},}, reason: local-disco-receive(from master)
[2016-09-15T13:33:08,801][INFO ][org.elasticsearch.cluster.service] [m4] removed {{d1}{hX0GP_QHTfCeClCdOOEXBg}{DhiPqyjtSievOb0jP_LSoA}{local}{local[16]},}, reason: local-disco-update
[2016-09-15T13:33:08,802][INFO ][org.elasticsearch.cluster.service] [m4] removed {{d1}{hX0GP_QHTfCeClCdOOEXBg}{DhiPqyjtSievOb0jP_LSoA}{local}{local[16]},}, reason: local-disco-receive(from master)
[2016-09-15T13:33:08,803][INFO ][org.elasticsearch.cluster.service] [m4] removed {{d1}{hX0GP_QHTfCeClCdOOEXBg}{DhiPqyjtSievOb0jP_LSoA}{local}{local[16]},}, reason: local-disco-receive(from master)
[2016-09-15T13:33:08,806][INFO ][org.elasticsearch.node   ] [d1] closed
[2016-09-15T13:33:08,807][INFO ][org.elasticsearch.node   ] [d3] stopping ...
[2016-09-15T13:33:08,808][INFO ][org.elasticsearch.cluster.service] [m4] removed {{d3}{oYoMQVDsQP-umv6vf2Azng}{DLLhmz3SRqW0cgIlVjn0JA}{local}{local[14]},}, reason: local-disco-update
[2016-09-15T13:33:08,809][INFO ][org.elasticsearch.cluster.service] [m4] removed {{d3}{oYoMQVDsQP-umv6vf2Azng}{DLLhmz3SRqW0cgIlVjn0JA}{local}{local[14]},}, reason: local-disco-receive(from master)
[2016-09-15T13:33:08,810][INFO ][org.elasticsearch.node   ] [d3] stopped
[2016-09-15T13:33:08,811][INFO ][org.elasticsearch.node   ] [d3] closing ...
[2016-09-15T13:33:08,813][INFO ][org.elasticsearch.node   ] [d3] closed
[2016-09-15T13:33:08,814][INFO ][org.elasticsearch.node   ] [m2] stopping ...
[2016-09-15T13:33:08,815][INFO ][org.elasticsearch.node   ] [m2] stopped
[2016-09-15T13:33:08,815][INFO ][org.elasticsearch.cluster.service] [m4] master {new {m4}{k-2dHrQVSxeYuVrY_hvs3A}{j6y7PJBORKqQlWl7TjqIiw}{local}{local[17]}, previous {m2}{cgffhp6gQb-apwgSPeOguA}{1kr_9-kvQMSQSO3gU1R0CQ}{local}{local[15]}}, removed {{m2}{cgffhp6gQb-apwgSPeOguA}{1kr_9-kvQMSQSO3gU1R0CQ}{local}{local[15]},}, reason: local-disco-update
[2016-09-15T13:33:08,815][INFO ][org.elasticsearch.node   ] [m2] closing ...
[2016-09-15T13:33:08,819][INFO ][org.elasticsearch.node   ] [m2] closed
[2016-09-15T13:33:08,820][INFO ][org.elasticsearch.node   ] [m4] stopping ...
[2016-09-15T13:33:08,820][INFO ][org.elasticsearch.node   ] [m4] stopped
[2016-09-15T13:33:08,821][INFO ][org.elasticsearch.node   ] [m4] closing ...
[2016-09-15T13:33:08,823][INFO ][org.elasticsearch.node   ] [m4] closed
[2016-09-15T13:33:08,828][INFO ][org.elasticsearch.test   ] Setup InternalTestCluster [shared1] with seed [6DBFE1F4D183D5BB] using [0] dedicated masters, [2] (data) nodes and [1] coord only nodes
[2016-09-15T13:33:08,829][INFO ][org.elasticsearch.test   ] Setup InternalTestCluster [shared2] with seed [6DBFE1F4D183D5BB] using [0] dedicated masters, [2] (data) nodes and [1] coord only nodes
[2016-09-15T13:33:08,836][INFO ][org.elasticsearch.node   ] [foobar0] initializing ...
[2016-09-15T13:33:08,860][INFO ][org.elasticsearch.env    ] [foobar0] using [1] data paths, mounts [[Acer (C:)]], net usable_space [790.1gb], net total_space [930.9gb], spins? [unknown], types [NTFS]
[2016-09-15T13:33:08,861][INFO ][org.elasticsearch.env    ] [foobar0] heap size [491mb], compressed ordinary object pointers [true]
[2016-09-15T13:33:08,864][INFO ][org.elasticsearch.node   ] [foobar0] version[5.0.0-alpha6-SNAPSHOT], pid[15436], build[f9bf8d1/2016-09-15T10:31:54.064Z], OS[Windows 10/10.0/amd64], JVM[Oracle Corporation/Java HotSpot(TM) 64-Bit Server VM/1.8.0_65/25.65-b01]
[2016-09-15T13:33:08,866][INFO ][org.elasticsearch.plugins] [foobar0] no modules loaded
[2016-09-15T13:33:08,866][INFO ][org.elasticsearch.plugins] [foobar0] no plugins loaded
[2016-09-15T13:33:08,983][INFO ][org.elasticsearch.node   ] [foobar0] initialized
[2016-09-15T13:33:08,984][INFO ][org.elasticsearch.node   ] [foobar0] starting ...
[2016-09-15T13:33:08,984][INFO ][org.elasticsearch.transport] [foobar0] publish_address {local[18]}, bound_addresses {local[18]}
[2016-09-15T13:33:08,990][INFO ][org.elasticsearch.cluster.service] [foobar0] new_master {foobar0}{0FRU8hEZQlWyWQkoK07b0Q}{M9Hsgwr3TruIrgTYtrh2Bw}{local}{local[18]}, reason: local-disco-initial_connect(master)
[2016-09-15T13:33:08,991][INFO ][org.elasticsearch.node   ] [foobar0] started
[2016-09-15T13:33:08,995][INFO ][org.elasticsearch.node   ] [foobar1] initializing ...
[2016-09-15T13:33:09,013][INFO ][org.elasticsearch.gateway] [foobar0] recovered [0] indices into cluster_state
[2016-09-15T13:33:09,039][INFO ][org.elasticsearch.env    ] [foobar1] using [1] data paths, mounts [[Acer (C:)]], net usable_space [790.1gb], net total_space [930.9gb], spins? [unknown], types [NTFS]
[2016-09-15T13:33:09,039][INFO ][org.elasticsearch.env    ] [foobar1] heap size [491mb], compressed ordinary object pointers [true]
[2016-09-15T13:33:09,043][INFO ][org.elasticsearch.node   ] [foobar1] version[5.0.0-alpha6-SNAPSHOT], pid[15436], build[f9bf8d1/2016-09-15T10:31:54.064Z], OS[Windows 10/10.0/amd64], JVM[Oracle Corporation/Java HotSpot(TM) 64-Bit Server VM/1.8.0_65/25.65-b01]
[2016-09-15T13:33:09,045][INFO ][org.elasticsearch.plugins] [foobar1] no modules loaded
[2016-09-15T13:33:09,045][INFO ][org.elasticsearch.plugins] [foobar1] no plugins loaded
[2016-09-15T13:33:09,166][INFO ][org.elasticsearch.node   ] [foobar1] initialized
[2016-09-15T13:33:09,167][INFO ][org.elasticsearch.node   ] [foobar1] starting ...
[2016-09-15T13:33:09,167][INFO ][org.elasticsearch.transport] [foobar1] publish_address {local[19]}, bound_addresses {local[19]}
[2016-09-15T13:33:09,169][INFO ][org.elasticsearch.cluster.service] [foobar1] added {{foobar1}{JuNiCmWYT5-cSaFaLGOieQ}{CE5jgPPvSPGMPKfSNTxnng}{local}{local[19]},}, reason: local-disco-receive(from node[{foobar1}{JuNiCmWYT5-cSaFaLGOieQ}{CE5jgPPvSPGMPKfSNTxnng}{local}{local[19]}])
[2016-09-15T13:33:09,170][INFO ][org.elasticsearch.cluster.service] [foobar1] detected_master {foobar0}{0FRU8hEZQlWyWQkoK07b0Q}{M9Hsgwr3TruIrgTYtrh2Bw}{local}{local[18]}, added {{foobar0}{0FRU8hEZQlWyWQkoK07b0Q}{M9Hsgwr3TruIrgTYtrh2Bw}{local}{local[18]},}, reason: local-disco-receive(from master)
[2016-09-15T13:33:09,180][INFO ][org.elasticsearch.node   ] [foobar1] started
[2016-09-15T13:33:09,183][INFO ][org.elasticsearch.node   ] [foobarc2] initializing ...
[2016-09-15T13:33:09,210][INFO ][org.elasticsearch.env    ] [foobarc2] using [1] data paths, mounts [[Acer (C:)]], net usable_space [790.1gb], net total_space [930.9gb], spins? [unknown], types [NTFS]
[2016-09-15T13:33:09,211][INFO ][org.elasticsearch.env    ] [foobarc2] heap size [491mb], compressed ordinary object pointers [true]
[2016-09-15T13:33:09,214][INFO ][org.elasticsearch.node   ] [foobarc2] version[5.0.0-alpha6-SNAPSHOT], pid[15436], build[f9bf8d1/2016-09-15T10:31:54.064Z], OS[Windows 10/10.0/amd64], JVM[Oracle Corporation/Java HotSpot(TM) 64-Bit Server VM/1.8.0_65/25.65-b01]
[2016-09-15T13:33:09,215][INFO ][org.elasticsearch.plugins] [foobarc2] no modules loaded
[2016-09-15T13:33:09,215][INFO ][org.elasticsearch.plugins] [foobarc2] no plugins loaded
[2016-09-15T13:33:09,324][INFO ][org.elasticsearch.node   ] [foobarc2] initialized
[2016-09-15T13:33:09,324][INFO ][org.elasticsearch.node   ] [foobarc2] starting ...
[2016-09-15T13:33:09,325][INFO ][org.elasticsearch.transport] [foobarc2] publish_address {local[20]}, bound_addresses {local[20]}
[2016-09-15T13:33:09,326][INFO ][org.elasticsearch.cluster.service] [foobarc2] added {{foobarc2}{mAMXi3_LR8qA-g6mXDscDw}{wcQ9SB0iTi2738hDO6YSlw}{local}{local[20]},}, reason: local-disco-receive(from node[{foobarc2}{mAMXi3_LR8qA-g6mXDscDw}{wcQ9SB0iTi2738hDO6YSlw}{local}{local[20]}])
[2016-09-15T13:33:09,327][INFO ][org.elasticsearch.cluster.service] [foobarc2] added {{foobarc2}{mAMXi3_LR8qA-g6mXDscDw}{wcQ9SB0iTi2738hDO6YSlw}{local}{local[20]},}, reason: local-disco-receive(from master)
[2016-09-15T13:33:09,329][INFO ][org.elasticsearch.cluster.service] [foobarc2] detected_master {foobar0}{0FRU8hEZQlWyWQkoK07b0Q}{M9Hsgwr3TruIrgTYtrh2Bw}{local}{local[18]}, added {{foobar0}{0FRU8hEZQlWyWQkoK07b0Q}{M9Hsgwr3TruIrgTYtrh2Bw}{local}{local[18]},{foobar1}{JuNiCmWYT5-cSaFaLGOieQ}{CE5jgPPvSPGMPKfSNTxnng}{local}{local[19]},}, reason: local-disco-receive(from master)
[2016-09-15T13:33:09,332][INFO ][org.elasticsearch.node   ] [foobarc2] started
[2016-09-15T13:33:09,373][INFO ][org.elasticsearch.plugins] [transport_client_foobarc2] no modules loaded
[2016-09-15T13:33:09,373][INFO ][org.elasticsearch.plugins] [transport_client_foobarc2] no plugins loaded
[2016-09-15T13:33:09,399][INFO ][org.elasticsearch.transport] [transport_client_foobarc2] publish_address {local[21]}, bound_addresses {local[21]}
[2016-09-15T13:33:09,423][INFO ][org.elasticsearch.node   ] [foobar0] initializing ...
[2016-09-15T13:33:09,513][INFO ][org.elasticsearch.env    ] [foobar0] using [1] data paths, mounts [[Acer (C:)]], net usable_space [790.1gb], net total_space [930.9gb], spins? [unknown], types [NTFS]
[2016-09-15T13:33:09,514][INFO ][org.elasticsearch.env    ] [foobar0] heap size [491mb], compressed ordinary object pointers [true]
[2016-09-15T13:33:09,517][INFO ][org.elasticsearch.node   ] [foobar0] version[5.0.0-alpha6-SNAPSHOT], pid[15436], build[f9bf8d1/2016-09-15T10:31:54.064Z], OS[Windows 10/10.0/amd64], JVM[Oracle Corporation/Java HotSpot(TM) 64-Bit Server VM/1.8.0_65/25.65-b01]
[2016-09-15T13:33:09,518][INFO ][org.elasticsearch.plugins] [foobar0] no modules loaded
[2016-09-15T13:33:09,518][INFO ][org.elasticsearch.plugins] [foobar0] no plugins loaded
[2016-09-15T13:33:09,611][INFO ][org.elasticsearch.node   ] [foobar0] initialized
[2016-09-15T13:33:09,612][INFO ][org.elasticsearch.node   ] [foobar0] starting ...
[2016-09-15T13:33:09,612][INFO ][org.elasticsearch.transport] [foobar0] publish_address {local[22]}, bound_addresses {local[22]}
[2016-09-15T13:33:09,614][INFO ][org.elasticsearch.cluster.service] [foobar0] new_master {foobar0}{0FRU8hEZQlWyWQkoK07b0Q}{tI89uy3xQ_eQ6KyPJkXMHw}{local}{local[22]}, reason: local-disco-initial_connect(master)
[2016-09-15T13:33:09,615][INFO ][org.elasticsearch.node   ] [foobar0] started
[2016-09-15T13:33:09,619][INFO ][org.elasticsearch.node   ] [foobar1] initializing ...
[2016-09-15T13:33:09,629][INFO ][org.elasticsearch.gateway] [foobar0] recovered [0] indices into cluster_state
[2016-09-15T13:33:09,642][INFO ][org.elasticsearch.env    ] [foobar1] using [1] data paths, mounts [[Acer (C:)]], net usable_space [790.1gb], net total_space [930.9gb], spins? [unknown], types [NTFS]
[2016-09-15T13:33:09,643][INFO ][org.elasticsearch.env    ] [foobar1] heap size [491mb], compressed ordinary object pointers [true]
[2016-09-15T13:33:09,645][INFO ][org.elasticsearch.node   ] [foobar1] version[5.0.0-alpha6-SNAPSHOT], pid[15436], build[f9bf8d1/2016-09-15T10:31:54.064Z], OS[Windows 10/10.0/amd64], JVM[Oracle Corporation/Java HotSpot(TM) 64-Bit Server VM/1.8.0_65/25.65-b01]
[2016-09-15T13:33:09,646][INFO ][org.elasticsearch.plugins] [foobar1] no modules loaded
[2016-09-15T13:33:09,646][INFO ][org.elasticsearch.plugins] [foobar1] no plugins loaded
[2016-09-15T13:33:09,725][INFO ][org.elasticsearch.node   ] [foobar1] initialized
[2016-09-15T13:33:09,725][INFO ][org.elasticsearch.node   ] [foobar1] starting ...
[2016-09-15T13:33:09,726][INFO ][org.elasticsearch.transport] [foobar1] publish_address {local[23]}, bound_addresses {local[23]}
[2016-09-15T13:33:09,727][INFO ][org.elasticsearch.cluster.service] [foobar1] added {{foobar1}{JuNiCmWYT5-cSaFaLGOieQ}{yEZxwCPrQrqRB49GdOFBuQ}{local}{local[23]},}, reason: local-disco-receive(from node[{foobar1}{JuNiCmWYT5-cSaFaLGOieQ}{yEZxwCPrQrqRB49GdOFBuQ}{local}{local[23]}])
[2016-09-15T13:33:09,728][INFO ][org.elasticsearch.cluster.service] [foobar1] detected_master {foobar0}{0FRU8hEZQlWyWQkoK07b0Q}{tI89uy3xQ_eQ6KyPJkXMHw}{local}{local[22]}, added {{foobar0}{0FRU8hEZQlWyWQkoK07b0Q}{tI89uy3xQ_eQ6KyPJkXMHw}{local}{local[22]},}, reason: local-disco-receive(from master)
[2016-09-15T13:33:09,735][INFO ][org.elasticsearch.node   ] [foobar1] started
[2016-09-15T13:33:09,739][INFO ][org.elasticsearch.node   ] [foobarc2] initializing ...
[2016-09-15T13:33:09,774][INFO ][org.elasticsearch.env    ] [foobarc2] using [1] data paths, mounts [[Acer (C:)]], net usable_space [790.1gb], net total_space [930.9gb], spins? [unknown], types [NTFS]
[2016-09-15T13:33:09,774][INFO ][org.elasticsearch.env    ] [foobarc2] heap size [491mb], compressed ordinary object pointers [true]
[2016-09-15T13:33:09,777][INFO ][org.elasticsearch.node   ] [foobarc2] version[5.0.0-alpha6-SNAPSHOT], pid[15436], build[f9bf8d1/2016-09-15T10:31:54.064Z], OS[Windows 10/10.0/amd64], JVM[Oracle Corporation/Java HotSpot(TM) 64-Bit Server VM/1.8.0_65/25.65-b01]
[2016-09-15T13:33:09,778][INFO ][org.elasticsearch.plugins] [foobarc2] no modules loaded
[2016-09-15T13:33:09,778][INFO ][org.elasticsearch.plugins] [foobarc2] no plugins loaded
[2016-09-15T13:33:09,871][INFO ][org.elasticsearch.node   ] [foobarc2] initialized
[2016-09-15T13:33:09,871][INFO ][org.elasticsearch.node   ] [foobarc2] starting ...
[2016-09-15T13:33:09,872][INFO ][org.elasticsearch.transport] [foobarc2] publish_address {local[24]}, bound_addresses {local[24]}
[2016-09-15T13:33:09,873][INFO ][org.elasticsearch.cluster.service] [foobarc2] added {{foobarc2}{mAMXi3_LR8qA-g6mXDscDw}{Fq2ZDGIcSlWFZSSaxVPD8A}{local}{local[24]},}, reason: local-disco-receive(from node[{foobarc2}{mAMXi3_LR8qA-g6mXDscDw}{Fq2ZDGIcSlWFZSSaxVPD8A}{local}{local[24]}])
[2016-09-15T13:33:09,874][INFO ][org.elasticsearch.cluster.service] [foobarc2] added {{foobarc2}{mAMXi3_LR8qA-g6mXDscDw}{Fq2ZDGIcSlWFZSSaxVPD8A}{local}{local[24]},}, reason: local-disco-receive(from master)
[2016-09-15T13:33:09,874][INFO ][org.elasticsearch.cluster.service] [foobarc2] detected_master {foobar0}{0FRU8hEZQlWyWQkoK07b0Q}{tI89uy3xQ_eQ6KyPJkXMHw}{local}{local[22]}, added {{foobar0}{0FRU8hEZQlWyWQkoK07b0Q}{tI89uy3xQ_eQ6KyPJkXMHw}{local}{local[22]},{foobar1}{JuNiCmWYT5-cSaFaLGOieQ}{yEZxwCPrQrqRB49GdOFBuQ}{local}{local[23]},}, reason: local-disco-receive(from master)
[2016-09-15T13:33:09,878][INFO ][org.elasticsearch.node   ] [foobarc2] started
[2016-09-15T13:33:09,879][INFO ][org.elasticsearch.plugins] [transport_client_foobarc2] no modules loaded
[2016-09-15T13:33:09,879][INFO ][org.elasticsearch.plugins] [transport_client_foobarc2] no plugins loaded
[2016-09-15T13:33:09,904][INFO ][org.elasticsearch.transport] [transport_client_foobarc2] publish_address {local[25]}, bound_addresses {local[25]}
[2016-09-15T13:33:09,928][INFO ][org.elasticsearch.plugins] [transport_client_foobar0] no modules loaded
[2016-09-15T13:33:09,929][INFO ][org.elasticsearch.plugins] [transport_client_foobar0] no plugins loaded
[2016-09-15T13:33:09,955][INFO ][org.elasticsearch.transport] [transport_client_foobar0] publish_address {local[26]}, bound_addresses {local[26]}
[2016-09-15T13:33:09,957][INFO ][org.elasticsearch.plugins] [transport_client_foobar0] no modules loaded
[2016-09-15T13:33:09,957][INFO ][org.elasticsearch.plugins] [transport_client_foobar0] no plugins loaded
[2016-09-15T13:33:09,976][INFO ][org.elasticsearch.transport] [transport_client_foobar0] publish_address {local[27]}, bound_addresses {local[27]}
[2016-09-15T13:33:09,978][INFO ][org.elasticsearch.plugins] [transport_client_foobar1] no modules loaded
[2016-09-15T13:33:09,978][INFO ][org.elasticsearch.plugins] [transport_client_foobar1] no plugins loaded
[2016-09-15T13:33:10,006][INFO ][org.elasticsearch.transport] [transport_client_foobar1] publish_address {local[28]}, bound_addresses {local[28]}
[2016-09-15T13:33:10,008][INFO ][org.elasticsearch.plugins] [transport_client_foobar1] no modules loaded
[2016-09-15T13:33:10,008][INFO ][org.elasticsearch.plugins] [transport_client_foobar1] no plugins loaded
[2016-09-15T13:33:10,039][INFO ][org.elasticsearch.transport] [transport_client_foobar1] publish_address {local[29]}, bound_addresses {local[29]}
[2016-09-15T13:33:10,052][INFO ][org.elasticsearch.node   ] [foobar0] stopping ...
[2016-09-15T13:33:10,054][INFO ][org.elasticsearch.cluster.service] [foobarc2] master {new {foobar1}{JuNiCmWYT5-cSaFaLGOieQ}{CE5jgPPvSPGMPKfSNTxnng}{local}{local[19]}, previous {foobar0}{0FRU8hEZQlWyWQkoK07b0Q}{M9Hsgwr3TruIrgTYtrh2Bw}{local}{local[18]}}, removed {{foobar0}{0FRU8hEZQlWyWQkoK07b0Q}{M9Hsgwr3TruIrgTYtrh2Bw}{local}{local[18]},}, reason: local-disco-update
[2016-09-15T13:33:10,055][INFO ][org.elasticsearch.node   ] [foobar0] stopped
[2016-09-15T13:33:10,056][INFO ][org.elasticsearch.cluster.service] [foobarc2] master {new {foobar1}{JuNiCmWYT5-cSaFaLGOieQ}{CE5jgPPvSPGMPKfSNTxnng}{local}{local[19]}, previous {foobar0}{0FRU8hEZQlWyWQkoK07b0Q}{M9Hsgwr3TruIrgTYtrh2Bw}{local}{local[18]}}, removed {{foobar0}{0FRU8hEZQlWyWQkoK07b0Q}{M9Hsgwr3TruIrgTYtrh2Bw}{local}{local[18]},}, reason: local-disco-receive(from master)
[2016-09-15T13:33:10,056][INFO ][org.elasticsearch.node   ] [foobar0] closing ...
[2016-09-15T13:33:10,060][INFO ][org.elasticsearch.node   ] [foobar0] closed
[2016-09-15T13:33:10,062][INFO ][org.elasticsearch.node   ] [foobar1] stopping ...
[2016-09-15T13:33:10,068][INFO ][org.elasticsearch.node   ] [foobar1] stopped
[2016-09-15T13:33:10,068][INFO ][org.elasticsearch.node   ] [foobar1] closing ...
[2016-09-15T13:33:10,071][INFO ][org.elasticsearch.node   ] [foobar1] closed
[2016-09-15T13:33:10,073][INFO ][org.elasticsearch.node   ] [foobarc2] stopping ...
[2016-09-15T13:33:10,075][INFO ][org.elasticsearch.node   ] [foobarc2] stopped
[2016-09-15T13:33:10,076][INFO ][org.elasticsearch.node   ] [foobarc2] closing ...
[2016-09-15T13:33:10,078][INFO ][org.elasticsearch.node   ] [foobarc2] closed
[2016-09-15T13:33:10,080][INFO ][org.elasticsearch.node   ] [foobar0] stopping ...
[2016-09-15T13:33:10,081][INFO ][org.elasticsearch.node   ] [foobar0] stopped
[2016-09-15T13:33:10,081][INFO ][org.elasticsearch.cluster.service] [foobarc2] master {new {foobar1}{JuNiCmWYT5-cSaFaLGOieQ}{yEZxwCPrQrqRB49GdOFBuQ}{local}{local[23]}, previous {foobar0}{0FRU8hEZQlWyWQkoK07b0Q}{tI89uy3xQ_eQ6KyPJkXMHw}{local}{local[22]}}, removed {{foobar0}{0FRU8hEZQlWyWQkoK07b0Q}{tI89uy3xQ_eQ6KyPJkXMHw}{local}{local[22]},}, reason: local-disco-update
[2016-09-15T13:33:10,081][INFO ][org.elasticsearch.node   ] [foobar0] closing ...
[2016-09-15T13:33:10,083][INFO ][org.elasticsearch.cluster.service] [foobarc2] master {new {foobar1}{JuNiCmWYT5-cSaFaLGOieQ}{yEZxwCPrQrqRB49GdOFBuQ}{local}{local[23]}, previous {foobar0}{0FRU8hEZQlWyWQkoK07b0Q}{tI89uy3xQ_eQ6KyPJkXMHw}{local}{local[22]}}, removed {{foobar0}{0FRU8hEZQlWyWQkoK07b0Q}{tI89uy3xQ_eQ6KyPJkXMHw}{local}{local[22]},}, reason: local-disco-receive(from master)
[2016-09-15T13:33:10,085][INFO ][org.elasticsearch.node   ] [foobar0] closed
[2016-09-15T13:33:10,087][INFO ][org.elasticsearch.node   ] [foobar1] stopping ...
[2016-09-15T13:33:10,087][INFO ][org.elasticsearch.node   ] [foobar1] stopped
[2016-09-15T13:33:10,088][INFO ][org.elasticsearch.node   ] [foobar1] closing ...
[2016-09-15T13:33:10,090][INFO ][org.elasticsearch.node   ] [foobar1] closed
[2016-09-15T13:33:10,091][INFO ][org.elasticsearch.node   ] [foobarc2] stopping ...
[2016-09-15T13:33:10,092][INFO ][org.elasticsearch.node   ] [foobarc2] stopped
[2016-09-15T13:33:10,092][INFO ][org.elasticsearch.node   ] [foobarc2] closing ...
[2016-09-15T13:33:10,094][INFO ][org.elasticsearch.node   ] [foobarc2] closed
]]></system-out>
   <system-err><![CDATA[]]></system-err>
</testsuite>